do run
loading script "jan_unknown120_60.py"
loading script "jan_pump_ms.py"
loading script "jan_co2.py"
loading script "jan_pump_extraction_line.py"
testing...
no interpolation path defined
executed snippet estimated_duration=213.652928, duration=0.000293970108032
script duration name:unknown120_60 seconds:214.0
loading script "jan_unknown120_60.py"
loading script "jan_pump_ms.py"
loading script "jan_co2.py"
loading script "jan_pump_extraction_line.py"
testing...
no interpolation path defined
executed snippet estimated_duration=0, duration=2.50339508057e-05
loading script "jan_unknown120_60.py"
loading script "jan_pump_ms.py"
loading script "jan_co2.py"
loading script "jan_pump_extraction_line.py"
testing...
no interpolation path defined
calculate duration
testing...
no interpolation path defined
executed snippet estimated_duration=0, duration=5.50746917725e-05
calculate duration
testing...
no interpolation path defined
executed snippet estimated_duration=0, duration=0.000102043151855
executed snippet estimated_duration=0.0, duration=0.00295209884644
script duration name:co2 seconds:0.0
loading script "jan_unknown120_60.py"
loading script "jan_pump_ms.py"
loading script "jan_co2.py"
loading script "jan_pump_extraction_line.py"
testing...
no interpolation path defined
calculate duration
testing...
no interpolation path defined
executed snippet estimated_duration=4.0, duration=0.00022292137146
executed snippet estimated_duration=4.0, duration=0.00521516799927
Script duration 214.0
Run total estimated duration= 215.000
run duration: 0:03:35
doing event level: 2
07:55:29 -- Setting default integration. t=1.048576
setting integration time = 1.048576
SetIntegrationTime 1.048576 ===>> OK
----------------- start -----------------
**************** Experiment Type: Ar/Ar, Ar/Ar
create new session 4419438256
close session 4419438256
$$$$$ Clearing conditionals
adding conditionals 
Add queue conditionals
add default conditionals
adding default conditionals from /Users/jan/PychronDev/setupfiles/spectrometer/default_conditionals.yaml
Start automated run 65447-08B
loading script "jan_unknown120_60.py"
loading script "jan_pump_ms.py"
loading script "jan_co2.py"
loading script "jan_pump_extraction_line.py"
%%%%%%%%%%%%%%%%%% setting automated run 65447-08B
No value "sensitivity_multiplier" in metadata
$$$$$$$$$$$$$$$ auto_save_detector_ic=False
============================= Pre Extraction Check =============================
loading queue conditionals pre_run_terminations
loading system conditionals pre_run_terminations
loading conditionals from /Users/jan/PychronDev/setupfiles/spectrometer/default_conditionals.yaml
07:55:29 -- ******* Pre Extraction Check *******
Get a measurement from the spectrometer
GetData ===>> H2,-0.150493038249754,H1,-0.00583549306687456,AX,0.0459155193273882,L1,0.00042366849316493,L2,0.0...
Pre Extraction Termination data. keys=H2,H1,AX,L1,L2,CDD, signals=-0.15049,-0.00584,0.04592,0.00042,0.07404,0.00179
07:55:29 -- testing system defined conditionals
Checking default pre extraction terminations n=2
testing CDD
evaluate ot="CDD.inactive" t="CDD", ctx="{'CDD': False}"
GetDeflection CDD ===>> 50
testing CDD==2000
evaluate ot="CDD.deflection==2000" t="CDD==2000", ctx="{'CDD': 50.0}"
07:55:29 -- ******* Pre Extraction Check Passed *******
=================================================================================
07:55:29 -- stopping status monitor
stop 5288834736
Alive clients [5025639504, 4992986192]
07:55:29 -- starting status monitor
start 5288834736
Monitor already running
start extraction
do extraction
Analysis started at 07:55:29.642998
Extraction Started jan_co2.py
07:55:29 -- ******* Extraction Started jan_co2.py *******
state changed from not run to extraction
DO EXTRACTION <pychron.extraction_line.pyscript_runner.RemotePyScriptRunner object at 0x12bfe48f0>
testing...
no interpolation path defined
calculate duration
testing...
no interpolation path defined
executed snippet estimated_duration=0, duration=4.91142272949e-05
calculate duration
testing...
no interpolation path defined
executed snippet estimated_duration=0, duration=0.000110149383545
executed snippet estimated_duration=100.0, duration=0.00313091278076
Jan CO2 laser analysis
doing GOSUB
testing...
no interpolation path defined
executed snippet estimated_duration=0, duration=4.29153442383e-05
Waiting for CO2 access
wait ('FelixCO2Flag', 0) {}
waiting for FelixCO2Flag = 0
Read FelixCO2Flag ===>> 0
finished waiting
CO2 free
wait ('CO2PumpTimeFlag', 0) {}
waiting for CO2PumpTimeFlag = 0
Read CO2PumpTimeFlag ===>> 0
finished waiting
acquire ('JanCO2Flag',) {'clear': True}
acquire JanCO2Flag
Set JanCO2Flag 1 ===>> OK
JanCO2Flag acquired
set extraction state False (0.75, 'red', 1.5)
CO2 acquired
executed snippet estimated_duration=0, duration=0.0229620933533
WaitForCO2Access.py completed successfully
gosub finished
doing GOSUB
testing...
no interpolation path defined
executed snippet estimated_duration=0, duration=0.000108957290649
Prepare for CO2 analysis
close () {'description': 'Jan Inlet'}
closing name=--- desc=Jan Inlet
checking ownership. requestor=129.138.12.150
check software interlocks R
interlocks []
actuate state mode=None-script, software_lock=False
doing actuation None-script close_channel False
Close R ===>> OK
GetIndicatorState R ===>> False
change switch state (True, True)
update switch state R False args=() kw={} ncanvase=6
07:55:30 -- CLOSE  VALVE-R (Jan Inlet)
---------------------------------------- close None (Jan Inlet) result=[(True, True)]
action=close, ok=True, locked=[False]
open () {'description': 'Jan Ion Pump'}
opening name=--- desc=Jan Ion Pump
checking ownership. requestor=129.138.12.150
check software interlocks O
interlocks []
actuate state mode=None-script, software_lock=False
doing actuation None-script open_channel False
Open O ===>> OK
GetIndicatorState O ===>> OK
change switch state (True, True)
update switch state O True args=() kw={} ncanvase=6
07:55:30 -- OPEN   VALVE-O (Jan Ion Pump)
---------------------------------------- open None (Jan Ion Pump) result=[(True, True)], time=0.09 sec
action=open, ok=True, locked=[False]
close () {'description': 'Microbone to Minibone'}
closing name=--- desc=Microbone to Minibone
checking ownership. requestor=129.138.12.150
check software interlocks L
interlocks []
actuate state mode=None-script, software_lock=False
doing actuation None-script close_channel False
Close L ===>> OK
GetIndicatorState L ===>> False
change switch state (True, True)
update switch state L False args=() kw={} ncanvase=6
07:55:31 -- CLOSE  VALVE-L (Microbone to Minibone)
---------------------------------------- close None (Microbone to Minibone) result=[(True, True)]
action=close, ok=True, locked=[False]
open () {'description': 'Microbone to Turbo'}
opening name=--- desc=Microbone to Turbo
checking ownership. requestor=129.138.12.150
check software interlocks U
interlocks []
actuate state mode=None-script, software_lock=False
doing actuation None-script open_channel False
Open U ===>> OK
GetIndicatorState U ===>> OK
change switch state (True, True)
update switch state U True args=() kw={} ncanvase=6
07:55:31 -- OPEN   VALVE-U (Microbone to Turbo)
---------------------------------------- open None (Microbone to Turbo) result=[(True, True)], time=0.14 sec
action=open, ok=True, locked=[False]
open () {'description': 'Microbone to Inlet Pipette'}
opening name=--- desc=Microbone to Inlet Pipette
checking ownership. requestor=129.138.12.150
check software interlocks S
interlocks []
actuate state mode=None-script, software_lock=False
doing actuation None-script open_channel False
Open S ===>> OK
GetIndicatorState S ===>> OK
change switch state (True, True)
update switch state S True args=() kw={} ncanvase=6
07:55:32 -- OPEN   VALVE-S (Microbone to Inlet Pipette)
---------------------------------------- open None (Microbone to Inlet Pipette) result=[(True, True)], time=0.43 sec
action=open, ok=True, locked=[False]
open () {'description': 'Microbone to Getter D-50'}
opening name=--- desc=Microbone to Getter D-50
checking ownership. requestor=129.138.12.150
check software interlocks K
interlocks []
actuate state mode=None-script, software_lock=False
doing actuation None-script open_channel False
Open K ===>> OK
GetIndicatorState K ===>> OK
change switch state (True, True)
update switch state K True args=() kw={} ncanvase=6
07:55:32 -- OPEN   VALVE-K (Microbone to Getter D-50)
---------------------------------------- open None (Microbone to Getter D-50) result=[(True, True)], time=0.43 sec
action=open, ok=True, locked=[False]
open () {'description': 'Microbone to Getter NP-10'}
opening name=--- desc=Microbone to Getter NP-10
checking ownership. requestor=129.138.12.150
check software interlocks M
interlocks []
actuate state mode=None-script, software_lock=False
doing actuation None-script open_channel False
Open M ===>> OK
GetIndicatorState M ===>> OK
change switch state (True, True)
update switch state M True args=() kw={} ncanvase=6
07:55:33 -- OPEN   VALVE-M (Microbone to Getter NP-10)
---------------------------------------- open None (Microbone to Getter NP-10) result=[(True, True)], time=0.18 sec
action=open, ok=True, locked=[False]
close () {'description': 'CO2 Laser to Felix'}
closing name=--- desc=CO2 Laser to Felix
checking ownership. requestor=129.138.12.150
check software interlocks F
interlocks []
actuate state mode=None-script, software_lock=True
VALVE-F(CO2 Laser to Felix) software locked
change switch state (True, False)
---------------------------------------- close None (CO2 Laser to Felix) result=[(True, False)]
action=close, ok=True, locked=[True]
open () {'description': 'CO2 Laser to Jan'}
opening name=--- desc=CO2 Laser to Jan
checking ownership. requestor=129.138.12.150
check software interlocks A
interlocks []
actuate state mode=None-script, software_lock=False
doing actuation None-script open_channel False
Open A ===>> OK
GetIndicatorState A ===>> OK
change switch state (True, True)
update switch state A True args=() kw={} ncanvase=6
07:55:33 -- OPEN   VALVE-A (CO2 Laser to Jan)
---------------------------------------- open None (CO2 Laser to Jan) result=[(True, True)], time=0.14 sec
action=open, ok=True, locked=[False]
open () {'description': 'Microbone to CO2 Laser'}
opening name=--- desc=Microbone to CO2 Laser
checking ownership. requestor=129.138.12.150
check software interlocks T
interlocks []
actuate state mode=None-script, software_lock=False
doing actuation None-script open_channel False
Open T ===>> OK
GetIndicatorState T ===>> OK
change switch state (True, True)
update switch state T True args=() kw={} ncanvase=6
07:55:34 -- OPEN   VALVE-T (Microbone to CO2 Laser)
---------------------------------------- open None (Microbone to CO2 Laser) result=[(True, True)], time=0.43 sec
action=open, ok=True, locked=[False]
executed snippet estimated_duration=0, duration=5.07394194603
PrepareForCO2Analysis.py completed successfully
gosub finished
set_motor ('beam', '1.25') {}
setting motor "beam" to 1.25
set motor beam to 1.25
SetMotor beam,1.25 ===>> OK
GetMotorMoving beam ===>> False
GetMotorMoving beam ===>> False
Block completed
move_to_position ('158',) {'autocenter': True}
FusionsCO2 move to position 158
sending GoToHole 158,True
GoToHole 158,True ===>> OK
GetDriveMoving ===>> False
GetDriveMoving ===>> OK
GetDriveMoving ===>> OK
GetDriveMoving ===>> OK
GetDriveMoving ===>> OK
GetDriveMoving ===>> OK
GetDriveMoving ===>> OK
GetDriveMoving ===>> False
Block completed
GetAutoCorrecting ===>> False
GetAutoCorrecting ===>> False
Block completed
update position
GetPosition ===>> -5.98170,-5.98170,1.00000
got position (-5.9817, -5.9817, 1.0)
move to position succeeded
sleep (5,) {}
SLEEP 5.0
block started
WaitControl setup for 5.0  
Join finished
block finished. duration 5.03892302513
close () {'description': 'Microbone to Turbo'}
closing name=--- desc=Microbone to Turbo
checking ownership. requestor=129.138.12.150
check software interlocks U
interlocks []
actuate state mode=None-script, software_lock=False
doing actuation None-script close_channel True
Close U ===>> OK
GetIndicatorState U ===>> False
change switch state (True, True)
update switch state U False args=() kw={} ncanvase=6
07:55:44 -- CLOSE  VALVE-U (Microbone to Turbo)
---------------------------------------- close None (Microbone to Turbo) result=[(True, True)]
action=close, ok=True, locked=[False]
enable laser
enable () {}
set extraction state FusionsCO2 Enabled (False, 'red', 1.5)
enabling laser
Enable ===>> OK
begin interval
BEGIN INTERVAL Interval 1 waiting for 30.0
block started
set extract to 5.0
WaitControl setup for 30.0  
extract (5.0,) {}
GetPosition ===>> -5.98170,-5.98170,1.00000
set extraction state FusionsCO2 ON! 5.0(watts) (0.75, 'red', 1.5)
extract sample to 5.0 (watts)
set laser output
SetLaserOutput 5.0,watts ===>> OK
executing pattern triangle.lp
execute_pattern ('triangle.lp',) {}
executing pattern triangle.lp
IsPatterning ===>> OK
IsPatterning ===>> OK
IsPatterning ===>> OK
IsPatterning ===>> OK
IsPatterning ===>> OK
IsPatterning ===>> OK
IsPatterning ===>> OK
IsPatterning ===>> OK
IsPatterning ===>> OK
IsPatterning ===>> OK
IsPatterning ===>> OK
IsPatterning ===>> OK
IsPatterning ===>> OK
IsPatterning ===>> OK
IsPatterning ===>> OK
IsPatterning ===>> OK
IsPatterning ===>> OK
IsPatterning ===>> OK
IsPatterning ===>> OK
IsPatterning ===>> OK
IsPatterning ===>> OK
IsPatterning ===>> OK
IsPatterning ===>> OK
IsPatterning ===>> OK
IsPatterning ===>> OK
IsPatterning ===>> OK
IsPatterning ===>> False
IsPatterning ===>> False
Block completed
COMPLETE INTERVAL waiting for Interval 1 to complete
Join finished
block finished. duration 30.1382031441
Interval 1 finished
end_extract () {}
ending extraction. set laser power to 0
set laser power 0
SetLaserPower 0 ===>> OK
disable () {}
%%%%%%%%%%%%%%%%%%%%%%%%%%%%%%%%%%% disable
set extraction state False (0.75, 'red', 1.5)
disabling laser
Disable ===>> OK
sleep (30.0,) {}
SLEEP 30.0
block started
WaitControl setup for 30.0  
Join finished
block finished. duration 30.1139881611
executed snippet estimated_duration=166.5, duration=76.4514698982
jan_co2.py completed successfully
GetAchievedOutput ===>> No Response
Requested Output= 0.000
Achieved Output=  0.000
GetResponseBlob ===>> No Response
GetOutputBlob ===>> No Response
persistence save...
persistence save - db
AutomatedRunPersister post_extraction_save deprecated
persistence save - dvc
no extraction position for 158
create new session 4992585168
close session 4992585168
Extraction Finished
07:56:46 -- ******* Extraction Finished *******
no overlap. not waiting for min ms pumptime
07:56:46 -- Sending spectrometer configuration
======== Sending configuration ========
SetDeflection CDD,50.0 ===>> OK
SetDeflection H2,0.0 ===>> OK
SetDeflection H1,0.0 ===>> OK
SetDeflection L2,825.0 ===>> OK
SetDeflection L1,400.0 ===>> OK
SetDeflection AX,190.0 ===>> OK
SetZFocus 74.64 ===>> OK
SetZSymmetry -50.72 ===>> OK
SetExtractionLens 26.13 ===>> OK
SetIonRepeller -3.81 ===>> OK
SetElectronEnergy 75.08 ===>> OK
SetYSymmetry -2.81 ===>> OK
SetIonCounterVoltage 1590.0 ===>> OK
send trap current 200.0
GetParameter Trap Current Readback ===>> 198.370811206739
SetParameter Trap Current Set,200.0 ===>> OK
updating mftable name mftable
Using mftable located at /Users/jan/PychronDev/setupfiles/spectrometer/mftables/mftable.csv
============ MFtable ===========
Isotope  H2     H1     AX     L1     L2     CDD    
Ar40     5.8237 5.8807 5.9939 6.1636 6.2323 6.3919
Ar39     5.7230 5.7730 5.8863 6.0497 6.1174 6.2784
Ar36     5.4005 5.4420 5.5497 5.7086 5.7724 5.9295
================================
get initial guess parabolic
get initial guess parabolic
get initial guess parabolic
get initial guess parabolic
get initial guess parabolic
get initial guess parabolic
======== Configuration Finished ========
GetYSymmetry ===>> -2.81
GetZSymmetry ===>> -50.72
GetParameter Trap Current Readback ===>> 198.258926936459
GetHighVoltage ===>> 4499.94659342336
start measurement
do measurement
L#=65447 analysis type=unknown
Measurement Started jan_unknown120_60.py
07:56:46 -- ******* Measurement Started jan_unknown120_60.py *******
state changed from extraction to measurement
setting spec, defl, and gains
GetExtractionLens ===>> 26.13
GetYSymmetry ===>> -2.81
GetZSymmetry ===>> -50.72
GetZFocus ===>> 74.64
GetDeflection H2 ===>> 0
GetDeflection H1 ===>> 0
GetDeflection AX ===>> 190
GetDeflection L1 ===>> 400
GetDeflection L2 ===>> 825
GetDeflection CDD ===>> 50
GetGain H2 ===>> 0.0113
GetGain H1 ===>> 0.1
GetGain AX ===>> 0.097049
GetGain L1 ===>> 0.010355
GetGain L2 ===>> 0.095649
GetGain CDD ===>> 0
pre measurement save
New frame /Users/jan/PychronDev/data/isotopes/8c/9e8b07-127c-4a5f-8d57-008a873344a9.h5
flush and close file /Users/jan/PychronDev/data/isotopes/8c/9e8b07-127c-4a5f-8d57-008a873344a9.h5
testing...
no interpolation path defined
executed snippet estimated_duration=226.132928, duration=0.000150918960571
unknown measurement script
activate_detectors ('H2', 'H1', 'AX', 'L1', 'L2', 'CDD') {}
activate detectors
*************** Set Analysis View Ar/Ar
create graphs
clearing graphs
clear isotope group
setting isotope det=H2, iso=PM41
setting isotope det=H1, iso=Ar40
setting isotope det=AX, iso=Ar39
setting isotope det=L1, iso=Ar38
setting isotope det=L2, iso=Ar37
setting isotope det=CDD, iso=Ar36
setting previous blanks
 - setting Ar40 blank 0.473+/-0.008
 - setting Ar36 blank 0.00491+/-0.00017
 - setting Ar37 blank 0.053+/-0.005
 - setting Ar38 blank 0.0082+/-0.0022
 - setting PM41 blank 0.02+/-0.06
 - setting Ar39 blank 0.033+/-0.009
load analysis view
position_magnet ('Ar40',) {'detector': 'H1'}
detector Detector(H1)
POSITION Ar40 H1
setting detector H2 to PM41 (40.9624)
setting detector H1 to Ar40 (39.9624)
setting detector AX to Ar39 (38.9624)
setting detector L1 to Ar38 (37.9624)
setting detector L2 to Ar37 (36.9624)
setting detector CDD to Ar36 (35.9624)
Mapping mass to dac mass func: "parabolic"
H1 map mass coeffs = [-0.00063987  0.15840543  0.57229999]
H1 map mass to dac 39.9624 >> 5.88069
GetDeflection H1 ===>> 0
GetHighVoltage ===>> 4499.94659342336
positioning Ar40 (5.88065536917) on H1
setting magnet DAC
current  : 5.880658
requested: 5.880655
Delta Dac: 0.000003
Checking detector protection. dv=0.00000
Checking detector "CDD". Protection Threshold: 0.1 (V)
SetMagnetDAC 5.88065536917 ===>> OK
Magnet settling time: 0.500
equilibrate () {'delay': 3, 'inlet': 'R', 'outlet': 'O', 'eqtime': 12.0}
Equilibration Started
07:56:48 -- ******* Equilibration Started *******
checking ownership. requestor=129.138.12.150
check software interlocks O
interlocks []
actuate state mode=None-script, software_lock=False
doing actuation None-script close_channel True
Close O ===>> OK
GetIndicatorState O ===>> False
change switch state (True, True)
update switch state O False args=() kw={} ncanvase=6
07:56:48 -- CLOSE  VALVE-O (Jan Ion Pump)
waiting 3s before opening inlet value ('R',)
update labels <pychron.experiment.plot_panel.PlotPanel object at 0x1cb2a3dd0>
update labels "<pychron.graph.stacked_regression_graph.StackedRegressionGraph object at 0x1d959ac50>"
setting label 0 H2 PM41
setting label 1 H1 Ar40
setting label 2 AX Ar39
setting label 3 L1 Ar38
setting label 4 L2 Ar37
setting label 5 CDD Ar36
update labels "<pychron.graph.stacked_graph.StackedGraph object at 0x1c37e4cb0>"
setting label 0 H2 PM41
setting label 1 H1 Ar40
setting label 2 AX Ar39
setting label 3 L1 Ar38
setting label 4 L2 Ar37
setting label 5 CDD Ar36
checking ownership. requestor=129.138.12.150
check software interlocks R
interlocks []
actuate state mode=None-script, software_lock=False
doing actuation None-script open_channel True
Open R ===>> OK
GetIndicatorState R ===>> OK
change switch state (True, True)
update switch state R True args=() kw={} ncanvase=6
07:56:51 -- OPEN   VALVE-R (Jan Inlet)
set_time_zero () {}
equilibrating for 12.0sec
sniff (12.0,) {}
py_sniff
build tables- sniff [Detector(H2), Detector(H1), Detector(AX), Detector(L1), Detector(L2), Detector(CDD)]
add group /sniff/PM41 (Group) '' table H2
add group /sniff/Ar40 (Group) '' table H1
add group /sniff/Ar39 (Group) '' table AX
add group /sniff/Ar38 (Group) '' table L1
add group /sniff/Ar37 (Group) '' table L2
add group /sniff/Ar36 (Group) '' table CDD
flush and close file /Users/jan/PychronDev/data/isotopes/8c/9e8b07-127c-4a5f-8d57-008a873344a9.h5
measuring sniff. ncounts=12.0
"sniff" increment series count="1" fit count="0" regressing="False"
starting measurement
check iteration duration=4.50611114502e-05
GetData ===>> H2,-0.0988166353678993,H1,0.139753156548417,AX,-0.0794441090090624,L1,-0.00361782946426955,L2,0.2...
check iteration duration=3.40938568115e-05
GetData ===>> H2,0.742723830470517,H1,10.6652188629281,AX,4.18410407981405,L1,0.144433577752754,L2,15.908515031...
check iteration duration=3.00407409668e-05
GetData ===>> H2,0.619862557417428,H1,21.6245534436778,AX,6.93030174565661,L1,0.206206727511278,L2,28.418991073...
check iteration duration=1.59740447998e-05
GetData ===>> H2,0.222515769872507,H1,25.128981564117,AX,7.32905675295135,L1,0.224364890568403,L2,30.9682769490...
check iteration duration=1.50203704834e-05
GetData ===>> H2,0.106153875139688,H1,26.2995271429143,AX,7.51903340922095,L1,0.234215005047148,L2,31.770517669...
check iteration duration=4.00543212891e-05
GetData ===>> H2,0.0517754000908395,H1,26.8576022831586,AX,7.67130206528636,L1,0.179234524874274,L2,32.06701022...
check iteration duration=4.79221343994e-05
GetData ===>> H2,0.0734744474913071,H1,27.1377859609739,AX,7.67490564244835,L1,0.126207357203856,L2,32.18090536...
check iteration duration=4.60147857666e-05
GetData ===>> H2,-0.136772944695138,H1,27.2522252615915,AX,7.76274484961776,L1,0.131110029131418,L2,32.21771143...
check iteration duration=4.10079956055e-05
GetData ===>> H2,0.019275553076902,H1,27.3193660543799,AX,7.69850682200249,L1,0.116025439508548,L2,32.320233152...
check iteration duration=3.40938568115e-05
GetData ===>> H2,-0.0646422694135683,H1,27.2189880915397,AX,7.63926339849006,L1,0.130590796209465,L2,32.2964890...
check iteration duration=3.31401824951e-05
GetData ===>> H2,0.0317080008734205,H1,27.3183084118661,AX,7.63685160929012,L1,0.126796373404806,L2,32.20273464...
Equilibration Finished
07:57:03 -- ******* Equilibration Finished *******
checking ownership. requestor=129.138.12.150
check software interlocks R
interlocks []
actuate state mode=None-script, software_lock=False
doing actuation None-script close_channel True
check iteration duration=1.4066696167e-05
GetData ===>> H2,0.0512874803274101,H1,27.3611257843408,AX,7.6335596098428,L1,0.103974194956864,L2,32.218483626...
Close R ===>> OK
GetIndicatorState R ===>> False
change switch state (True, True)
update switch state R False args=() kw={} ncanvase=6
07:57:04 -- CLOSE  VALVE-R (Jan Inlet)
Post Equilibration Started jan_pump_extraction_line.py
07:57:04 -- ******* Post Equilibration Started jan_pump_extraction_line.py *******
testing...
no interpolation path defined
calculate duration
testing...
no interpolation path defined
executed snippet estimated_duration=4.0, duration=0.000150918960571
executed snippet estimated_duration=4.0, duration=0.00137495994568
Pump after analysis
doing GOSUB
testing...
no interpolation path defined
executed snippet estimated_duration=4.0, duration=0.000143051147461
Pump Microbone
close () {'description': 'Jan Inlet'}
closing name=--- desc=Jan Inlet
checking ownership. requestor=129.138.12.150
check software interlocks R
interlocks []
actuate state mode=None-script, software_lock=False
doing actuation None-script close_channel False
Close R ===>> OK
check iteration duration=1.71661376953e-05
waiting for write to finish
measurement finished
estimated time: 12.583 actual time: :12.728
flush and close file /Users/jan/PychronDev/data/isotopes/8c/9e8b07-127c-4a5f-8d57-008a873344a9.h5
set_fits () {}
using default fits file=/Users/jan/PychronDev/scripts/measurement/fits/nominal_linear.yaml
GetIndicatorState R ===>> False
change switch state (True, True)
set "Ar40" to "('Linear', 'SEM')"
update switch state R False args=() kw={} ncanvase=6
No fit for "PM41". defaulting to linear. check the measurement script "jan_unknown120_60.py"
set "PM41" to "linear"
set "Ar36" to "('Linear', 'SEM')"
set "Ar37" to "('linear', 'SEM')"
set "Ar38" to "('linear', 'SEM')"
set "Ar39" to "('Linear', 'SEM')"
set_baseline_fits () {}
using default fits file=/Users/jan/PychronDev/scripts/measurement/fits/nominal_linear.yaml
07:57:04 -- CLOSE  VALVE-R (Jan Inlet)
---------------------------------------- close None (Jan Inlet) result=[(True, True)]
set "H1" to "('average', 'SEM')"
set "H2" to "('average', 'SEM')"
set "CDD" to "('average', 'SEM')"
set "L2" to "('average', 'SEM')"
set "L1" to "('average', 'SEM')"
set "AX" to "('average', 'SEM')"
multicollect () {'integration_time': 1, 'ncounts': 120}
build tables- signal [Detector(H2), Detector(H1), Detector(AX), Detector(L1), Detector(L2), Detector(CDD)]
add group /signal/PM41 (Group) '' table H2
add group /signal/Ar40 (Group) '' table H1
add group /signal/Ar39 (Group) '' table AX
add group /signal/Ar38 (Group) '' table L1
add group /signal/Ar37 (Group) '' table L2
add group /signal/Ar36 (Group) '' table CDD
flush and close file /Users/jan/PychronDev/data/isotopes/8c/9e8b07-127c-4a5f-8d57-008a873344a9.h5
measuring signal. ncounts=120
action=close, ok=True, locked=[False]
is_closed ('F',) {}
is F () closed?
is closed True
open () {'description': 'CO2 Laser to Jan'}
opening name=--- desc=CO2 Laser to Jan
checking ownership. requestor=129.138.12.150
check software interlocks A
interlocks []
actuate state mode=None-script, software_lock=False
doing actuation None-script open_channel False
Open A ===>> OK
GetIndicatorState A ===>> OK
change switch state (True, True)
update switch state A True args=() kw={} ncanvase=6
07:57:05 -- OPEN   VALVE-A (CO2 Laser to Jan)
---------------------------------------- open None (CO2 Laser to Jan) result=[(True, True)], time=0.15 sec
"signal" increment series count="2" fit count="1" regressing="True"
starting measurement
check iteration duration=6.29425048828e-05
GetData ===>> H2,0.014683704536555,H1,27.4734287804289,AX,7.7182188690632,L1,0.0974048788363278,L2,32.033110410...
action=open, ok=True, locked=[False]
sleep (1,) {}
SLEEP 1.0
check iteration duration=8.60691070557e-05
GetData ===>> H2,-0.0157170307694314,H1,27.4244775190743,AX,7.57917874434373,L1,0.12632322653831,L2,32.15384225...
close () {'description': 'CO2 Laser to Roughing'}
closing name=--- desc=CO2 Laser to Roughing
checking ownership. requestor=129.138.12.150
check software interlocks G
interlocks []
actuate state mode=None-script, software_lock=True
VALVE-G(CO2 Laser to Roughing) software locked
change switch state (True, False)
---------------------------------------- close None (CO2 Laser to Roughing) result=[(True, False)]
action=close, ok=True, locked=[True]
open () {'description': 'Microbone to Turbo'}
opening name=--- desc=Microbone to Turbo
checking ownership. requestor=129.138.12.150
check software interlocks U
interlocks []
actuate state mode=None-script, software_lock=False
doing actuation None-script open_channel True
Open U ===>> OK
GetIndicatorState U ===>> OK
change switch state (True, True)
update switch state U True args=() kw={} ncanvase=6
07:57:06 -- OPEN   VALVE-U (Microbone to Turbo)
---------------------------------------- open None (Microbone to Turbo) result=[(True, True)], time=0.18 sec
action=open, ok=True, locked=[False]
open () {'description': 'Microbone to Getter NP-10'}
opening name=--- desc=Microbone to Getter NP-10
checking ownership. requestor=129.138.12.150
check software interlocks M
interlocks []
actuate state mode=None-script, software_lock=False
doing actuation None-script open_channel False
Open M ===>> OK
GetIndicatorState M ===>> OK
change switch state (True, True)
update switch state M True args=() kw={} ncanvase=6
07:57:07 -- OPEN   VALVE-M (Microbone to Getter NP-10)
---------------------------------------- open None (Microbone to Getter NP-10) result=[(True, True)], time=0.17 sec
action=open, ok=True, locked=[False]
open () {'description': 'Microbone to Getter D-50'}
opening name=--- desc=Microbone to Getter D-50
checking ownership. requestor=129.138.12.150
check software interlocks K
interlocks []
actuate state mode=None-script, software_lock=False
doing actuation None-script open_channel False
check iteration duration=5.00679016113e-05
GetData ===>> H2,-0.158922580426035,H1,27.3846565722039,AX,7.65753975107246,L1,0.149138468891239,L2,32.12890258...
Open K ===>> OK
GetIndicatorState K ===>> OK
change switch state (True, True)
update switch state K True args=() kw={} ncanvase=6
07:57:07 -- OPEN   VALVE-K (Microbone to Getter D-50)
---------------------------------------- open None (Microbone to Getter D-50) result=[(True, True)], time=0.43 sec
action=open, ok=True, locked=[False]
open () {'description': 'Microbone to CO2 Laser'}
opening name=--- desc=Microbone to CO2 Laser
checking ownership. requestor=129.138.12.150
check software interlocks T
interlocks []
actuate state mode=None-script, software_lock=False
doing actuation None-script open_channel False
Open T ===>> OK
GetIndicatorState T ===>> OK
change switch state (True, True)
update switch state T True args=() kw={} ncanvase=6
07:57:08 -- OPEN   VALVE-T (Microbone to CO2 Laser)
---------------------------------------- open None (Microbone to CO2 Laser) result=[(True, True)], time=0.45 sec
check iteration duration=3.69548797607e-05
GetData ===>> H2,-0.101162830218207,H1,27.3269596739814,AX,7.59824669224914,L1,0.130599248625447,L2,32.24989501...
action=open, ok=True, locked=[False]
open () {'description': 'Microbone to Inlet Pipette'}
opening name=--- desc=Microbone to Inlet Pipette
checking ownership. requestor=129.138.12.150
check software interlocks S
interlocks []
actuate state mode=None-script, software_lock=False
doing actuation None-script open_channel False
Open S ===>> OK
GetIndicatorState S ===>> OK
change switch state (True, True)
update switch state S True args=() kw={} ncanvase=6
07:57:09 -- OPEN   VALVE-S (Microbone to Inlet Pipette)
---------------------------------------- open None (Microbone to Inlet Pipette) result=[(True, True)], time=0.42 sec
action=open, ok=True, locked=[False]
sleep (1,) {}
SLEEP 1.0
testing H1>-5.0
evaluate ot="H1.bs>-5.0" t="H1>-5.0", ctx="{'H1': None}"
check iteration duration=0.00084400177002
GetData ===>> H2,-0.0152509727800303,H1,27.3581983308349,AX,7.57010404956014,L1,0.0914519676782646,L2,32.103342...
set_resource () {'name': 'CO2PumpTimeFlag', 'value': 30}
Set CO2PumpTimeFlag 30 ===>> OK
release ('JanCO2Flag',) {}
release JanCO2Flag
Set JanCO2Flag 0 ===>> OK
executed snippet estimated_duration=6.0, duration=6.0569319725
PumpMicrobone.py completed successfully
gosub finished
get_resource_value () {'name': 'JanMiniboneFlag'}
Read JanMiniboneFlag ===>> 0
Get Resource Value JanMiniboneFlag=0.0
get resource value 0.0
get_resource_value () {'name': 'JanMiniboneFlag'}
Read JanMiniboneFlag ===>> 0
Get Resource Value JanMiniboneFlag=0.0
executed snippet estimated_duration=4.0, duration=6.07046604156
jan_pump_extraction_line.py completed successfully
Post Equilibration Finished
07:57:10 -- ******* Post Equilibration Finished *******
check iteration duration=6.79492950439e-05
GetData ===>> H2,-0.0193809690173479,H1,27.2649373547883,AX,7.57926310787646,L1,0.0903047049857667,L2,32.154255...
check iteration duration=7.41481781006e-05
GetData ===>> H2,-0.08767880488154,H1,27.2860008156508,AX,7.52771805532698,L1,0.0857579078910941,L2,32.17857437...
check iteration duration=6.41345977783e-05
GetData ===>> H2,-0.0930160843155047,H1,27.3599195559485,AX,7.4967530556177,L1,0.102698894885857,L2,32.32172565...
check iteration duration=7.20024108887e-05
GetData ===>> H2,-0.0909825498037696,H1,27.4147548786633,AX,7.58201098713572,L1,0.133822547889115,L2,32.1591025...
testing H1>-5.0
evaluate ot="H1.bs>-5.0" t="H1>-5.0", ctx="{'H1': None}"
check iteration duration=0.00126695632935
GetData ===>> H2,-0.154749615369741,H1,27.4239350904803,AX,7.56336785056943,L1,0.132900983035282,L2,32.18165128...
check iteration duration=7.82012939453e-05
GetData ===>> H2,-0.237759773778405,H1,27.5359879008104,AX,7.5208040046795,L1,0.0991825102225038,L2,32.15793060...
check iteration duration=6.29425048828e-05
GetData ===>> H2,-0.288182345256201,H1,27.4602563930686,AX,7.49627137247276,L1,0.0863806524980895,L2,32.1495543...
check iteration duration=7.00950622559e-05
GetData ===>> H2,-0.166613344646254,H1,27.4054804978774,AX,7.50495406334625,L1,0.0939783324436748,L2,32.2712182...
check iteration duration=7.79628753662e-05
GetData ===>> H2,-0.0960122090388095,H1,27.4135480816642,AX,7.53900559649505,L1,0.10582961784385,L2,32.01918360...
testing H1>-5.0
evaluate ot="H1.bs>-5.0" t="H1>-5.0", ctx="{'H1': None}"
check iteration duration=0.000590085983276
GetData ===>> H2,-0.151253278837451,H1,27.3646090100171,AX,7.51228856772666,L1,0.071242749140647,L2,32.23415493...
check iteration duration=4.10079956055e-05
GetData ===>> H2,-0.213895794457116,H1,27.3752084304321,AX,7.55293305082084,L1,0.0702772319004788,L2,32.2559679...
check iteration duration=4.19616699219e-05
GetData ===>> H2,-0.112666337303432,H1,27.478299286962,AX,7.56558508298534,L1,0.0542763027972273,L2,31.99730239...
check iteration duration=8.51154327393e-05
GetData ===>> H2,-0.0958930292880849,H1,27.6191623439709,AX,7.56936895057776,L1,0.0518535524511596,L2,31.967414...
check iteration duration=5.79357147217e-05
GetData ===>> H2,-0.0866393194179943,H1,27.4908088965083,AX,7.57949209496303,L1,0.0316441761815388,L2,32.080809...
testing H1>-5.0
evaluate ot="H1.bs>-5.0" t="H1>-5.0", ctx="{'H1': None}"
check iteration duration=0.000645160675049
GetData ===>> H2,-0.077970862475581,H1,27.3980235761244,AX,7.49939031152004,L1,0.0421454264735005,L2,31.9959315...
check iteration duration=7.79628753662e-05
GetData ===>> H2,-0.115852282241544,H1,27.4851102054213,AX,7.44815883426417,L1,0.0790931063301088,L2,32.0031319...
check iteration duration=3.19480895996e-05
GetData ===>> H2,-0.162209616611016,H1,27.4621962061067,AX,7.46331765396378,L1,0.0906493521637133,L2,32.1492214...
check iteration duration=5.31673431396e-05
GetData ===>> H2,-0.0371954000750035,H1,27.4694674078954,AX,7.42010447019483,L1,0.114498790547441,L2,31.8821187...
check iteration duration=6.50882720947e-05
GetData ===>> H2,-0.158688913376739,H1,27.4224705461897,AX,7.49191224438605,L1,0.0806222143839176,L2,32.0457085...
testing H1>-5.0
evaluate ot="H1.bs>-5.0" t="H1>-5.0", ctx="{'H1': None}"
check iteration duration=0.00304889678955
07:57:30 -- collecting point 25
GetData ===>> H2,-0.183784170259877,H1,27.5562572070948,AX,7.52190010312223,L1,0.0993791060038879,L2,32.0526534...
check iteration duration=6.103515625e-05
GetData ===>> H2,-0.207843544168846,H1,27.4075956410001,AX,7.45953775349894,L1,0.118030345474859,L2,31.91187762...
check iteration duration=7.08103179932e-05
GetData ===>> H2,-0.240699033244881,H1,27.6140863097258,AX,7.57276732177075,L1,0.121932660794158,L2,31.89603978...
check iteration duration=5.3882598877e-05
GetData ===>> H2,-0.18741505214138,H1,27.6328443327921,AX,7.55529464332563,L1,0.143972147147094,L2,32.011309807...
check iteration duration=6.103515625e-05
GetData ===>> H2,-0.165254068609179,H1,27.5183294481318,AX,7.53915016229219,L1,0.143967315524068,L2,31.88862031...
testing H1>-5.0
evaluate ot="H1.bs>-5.0" t="H1>-5.0", ctx="{'H1': None}"
check iteration duration=0.000591039657593
GetData ===>> H2,-0.155110369353596,H1,27.5022478445522,AX,7.49047931239354,L1,0.128984965063123,L2,31.82618597...
check iteration duration=6.91413879395e-05
GetData ===>> H2,-0.162676800733032,H1,27.5895372405514,AX,7.39666956873107,L1,0.135861641792547,L2,31.93709514...
check iteration duration=6.48498535156e-05
GetData ===>> H2,-0.143862065674792,H1,27.6040434860286,AX,7.64299615246134,L1,0.11382665523596,L2,31.804020805...
check iteration duration=4.98294830322e-05
GetData ===>> H2,-0.163222274582622,H1,27.6220533415788,AX,7.44547231281192,L1,0.0809439710607311,L2,31.9126755...
check iteration duration=4.10079956055e-05
GetData ===>> H2,-0.157706918836393,H1,27.6096212152714,AX,7.43106510235881,L1,0.0848738450475714,L2,31.8834748...
testing H1>-5.0
evaluate ot="H1.bs>-5.0" t="H1>-5.0", ctx="{'H1': None}"
check iteration duration=0.000588893890381
GetData ===>> H2,-0.247478411132156,H1,27.7033978048445,AX,7.50205172169972,L1,0.119743460315613,L2,31.75252053...
check iteration duration=8.10623168945e-05
GetData ===>> H2,-0.218407113852526,H1,27.665440690213,AX,7.59241262737279,L1,0.103099466289427,L2,31.848380255...
check iteration duration=8.29696655273e-05
GetData ===>> H2,-0.141602678221683,H1,27.4636476962254,AX,7.53551198592026,L1,0.114386563775537,L2,31.86769420...
check iteration duration=8.01086425781e-05
GetData ===>> H2,-0.196121825727171,H1,27.5539240351325,AX,7.44753237444652,L1,0.118019480977594,L2,31.74704488...
check iteration duration=0.000247001647949
GetData ===>> H2,-0.183685694018803,H1,27.5520521061437,AX,7.53906583221874,L1,0.0995346967836261,L2,31.9312025...
testing H1>-5.0
evaluate ot="H1.bs>-5.0" t="H1>-5.0", ctx="{'H1': None}"
check iteration duration=0.000943183898926
GetData ===>> H2,-0.209138321873897,H1,27.6277405416188,AX,7.47676513374766,L1,0.0858554726946881,L2,31.7796901...
check iteration duration=3.91006469727e-05
GetData ===>> H2,-0.134030719947821,H1,27.6216461543778,AX,7.40859106448789,L1,0.0732667822554154,L2,31.7155650...
check iteration duration=9.10758972168e-05
GetData ===>> H2,-0.191949321237432,H1,27.5518215083246,AX,7.50542374472399,L1,0.107609407279237,L2,31.75868761...
check iteration duration=5.79357147217e-05
GetData ===>> H2,-0.194950943578695,H1,27.6545923038417,AX,7.53112707314638,L1,0.0960097654680187,L2,31.7611066...
check iteration duration=4.6968460083e-05
GetData ===>> H2,-0.13581973166262,H1,27.6435413178235,AX,7.58542183586162,L1,0.0607630884330344,L2,31.76198395...
testing H1>-5.0
evaluate ot="H1.bs>-5.0" t="H1>-5.0", ctx="{'H1': None}"
check iteration duration=0.00125217437744
GetData ===>> H2,-0.135884633814243,H1,27.6463650550409,AX,7.64509261516663,L1,0.102225951468454,L2,31.82493684...
check iteration duration=4.00543212891e-05
GetData ===>> H2,-0.188798581041092,H1,27.7695774503588,AX,7.46345007342194,L1,0.118219872468532,L2,31.70513577...
check iteration duration=6.69956207275e-05
GetData ===>> H2,-0.155588654686889,H1,27.4859378547537,AX,7.48120789041808,L1,0.100842236300116,L2,31.78927552...
check iteration duration=3.88622283936e-05
GetData ===>> H2,-0.248557245852826,H1,27.5709898501936,AX,7.42124865643892,L1,0.102406922104683,L2,31.75451416...
check iteration duration=4.10079956055e-05
GetData ===>> H2,-0.314583501024733,H1,27.6637027065131,AX,7.43048692942297,L1,0.0974169376987266,L2,31.9046432...
testing H1>-5.0
evaluate ot="H1.bs>-5.0" t="H1>-5.0", ctx="{'H1': None}"
check iteration duration=0.00110602378845
07:57:57 -- collecting point 50
GetData ===>> H2,-0.285708338326775,H1,27.6366180275605,AX,7.53599385606414,L1,0.0647627909500964,L2,31.7419150...
check iteration duration=4.48226928711e-05
GetData ===>> H2,-0.187406960831719,H1,27.6295594196948,AX,7.47674105429779,L1,0.0673234664918885,L2,31.6296770...
check iteration duration=7.29560852051e-05
GetData ===>> H2,-0.20338546497016,H1,27.6770098198068,AX,7.52644120898379,L1,0.118662920739796,L2,31.719896508...
check iteration duration=8.58306884766e-05
GetData ===>> H2,-0.183572377832151,H1,27.6625078580984,AX,7.41709351566857,L1,0.102607200047383,L2,31.71952447...
check iteration duration=8.58306884766e-05
GetData ===>> H2,-0.120492904856689,H1,27.6609464273531,AX,7.39827106162648,L1,0.0926005658108402,L2,31.6976963...
testing H1>-5.0
evaluate ot="H1.bs>-5.0" t="H1>-5.0", ctx="{'H1': None}"
check iteration duration=0.000630140304565
GetData ===>> H2,-0.178378851320396,H1,27.6587197283524,AX,7.37558761921866,L1,0.0904553360490468,L2,31.7206007...
check iteration duration=6.98566436768e-05
GetData ===>> H2,-0.201321593345122,H1,27.5978825162206,AX,7.49949869337142,L1,0.0925053465277057,L2,31.7175979...
check iteration duration=8.89301300049e-05
GetData ===>> H2,-0.196943213512016,H1,27.6189316102342,AX,7.52203259934349,L1,0.121978550918587,L2,31.65839528...
check iteration duration=8.01086425781e-05
GetData ===>> H2,-0.112059904984711,H1,27.7151609653804,AX,7.54100544170268,L1,0.0719844060712927,L2,31.6273385...
check iteration duration=8.10623168945e-05
GetData ===>> H2,-0.221212105519252,H1,27.6835417369243,AX,7.43237804901894,L1,0.0545073004141521,L2,31.6330918...
testing H1>-5.0
evaluate ot="H1.bs>-5.0" t="H1>-5.0", ctx="{'H1': None}"
check iteration duration=0.00106501579285
GetData ===>> H2,-0.226896747066633,H1,27.6519720099583,AX,7.37027869543458,L1,0.0830519113083907,L2,31.5823190...
check iteration duration=4.10079956055e-05
GetData ===>> H2,-0.246460014941133,H1,27.737575883404,AX,7.45313450879342,L1,0.100736082880121,L2,31.701774695...
check iteration duration=8.98838043213e-05
GetData ===>> H2,-0.217873520790689,H1,27.7309920340286,AX,7.50166635480156,L1,0.115861298619104,L2,31.56482888...
check iteration duration=8.01086425781e-05
GetData ===>> H2,-0.214530062690127,H1,27.7937916489887,AX,7.37437171861944,L1,0.115399063202196,L2,31.60489959...
check iteration duration=3.09944152832e-05
GetData ===>> H2,-0.142895935333833,H1,27.6906444335028,AX,7.45587836670743,L1,0.0803426438625108,L2,31.4762251...
testing H1>-5.0
evaluate ot="H1.bs>-5.0" t="H1>-5.0", ctx="{'H1': None}"
check iteration duration=0.00260615348816
GetData ===>> H2,-0.195973457043508,H1,27.7094014833302,AX,7.43151077958789,L1,0.09692133029611,L2,31.467176228...
check iteration duration=0.000131130218506
GetData ===>> H2,-0.216888463391703,H1,27.7940361259028,AX,7.43306464259702,L1,0.118945419400398,L2,31.39002992...
check iteration duration=7.89165496826e-05
GetData ===>> H2,-0.155134689433804,H1,27.7202007509685,AX,7.48101524651242,L1,0.126635838956061,L2,31.45504187...
check iteration duration=8.20159912109e-05
GetData ===>> H2,-0.195192170978715,H1,27.7397208071944,AX,7.29439520147082,L1,0.1254168257475,L2,31.6093896917...
check iteration duration=8.48770141602e-05
GetData ===>> H2,-0.228058642298374,H1,27.7028273360145,AX,7.38281109279093,L1,0.0881997199635508,L2,31.4262742...
testing H1>-5.0
evaluate ot="H1.bs>-5.0" t="H1>-5.0", ctx="{'H1': None}"
check iteration duration=0.000632047653198
GetData ===>> H2,-0.241771786282358,H1,27.7415399514123,AX,7.54581246035996,L1,0.0641260622604315,L2,31.5052608...
check iteration duration=7.60555267334e-05
GetData ===>> H2,-0.125183011840116,H1,27.843743737988,AX,7.44081022311181,L1,0.0959229540530046,L2,31.56267767...
check iteration duration=8.39233398438e-05
GetData ===>> H2,-0.275197956201925,H1,27.757112470973,AX,7.41611798564499,L1,0.0850268040704106,L2,31.50434502...
check iteration duration=8.10623168945e-05
GetData ===>> H2,-0.105764459681214,H1,27.7307748413546,AX,7.47180488818858,L1,0.065809605248639,L2,31.61477007...
check iteration duration=4.00543212891e-05
GetData ===>> H2,-0.169968317080762,H1,27.8081759328052,AX,7.47733100247159,L1,0.0532765771654793,L2,31.4585924...
testing H1>-5.0
evaluate ot="H1.bs>-5.0" t="H1>-5.0", ctx="{'H1': None}"
check iteration duration=0.000586032867432
07:58:23 -- collecting point 75
GetData ===>> H2,-0.0855288688752126,H1,27.7080703237052,AX,7.38842168027925,L1,0.0796714651608178,L2,31.411966...
check iteration duration=4.6968460083e-05
GetData ===>> H2,-0.190977363583676,H1,27.6447631186061,AX,7.39827106162648,L1,0.108499419343892,L2,31.40328673...
check iteration duration=8.10623168945e-05
GetData ===>> H2,-0.264889364297787,H1,27.7579678671706,AX,7.39972808097454,L1,0.127927428777299,L2,31.29136341...
check iteration duration=7.89165496826e-05
GetData ===>> H2,-0.134691997505393,H1,27.8902241299933,AX,7.40761561654562,L1,0.139889090602751,L2,31.37006143...
check iteration duration=4.19616699219e-05
GetData ===>> H2,-0.148533462033499,H1,27.7799795549518,AX,7.3417164181367,L1,0.0912386537380965,L2,31.48741118...
testing H1>-5.0
evaluate ot="H1.bs>-5.0" t="H1>-5.0", ctx="{'H1': None}"
check iteration duration=0.000836133956909
GetData ===>> H2,-0.198708523381505,H1,27.7979885754373,AX,7.45459231940051,L1,0.0528086289012986,L2,31.4141693...
check iteration duration=8.9168548584e-05
GetData ===>> H2,-0.292636068814663,H1,27.8238119013273,AX,7.57109222382504,L1,0.0799931915815931,L2,31.2593150...
check iteration duration=6.103515625e-05
GetData ===>> H2,-0.251202779339858,H1,27.8539759523184,AX,7.43234191264401,L1,0.0898010110015608,L2,31.3449765...
check iteration duration=0.000181913375854
GetData ===>> H2,-0.142255406355371,H1,27.8459314251011,AX,7.46225830454433,L1,0.0620236209096342,L2,31.4061134...
check iteration duration=6.79492950439e-05
GetData ===>> H2,-0.100142098685508,H1,27.8384717203874,AX,7.50409900797896,L1,0.12051862227088,L2,31.348411939...
testing H1>-5.0
evaluate ot="H1.bs>-5.0" t="H1>-5.0", ctx="{'H1': None}"
check iteration duration=0.000890016555786
GetData ===>> H2,-0.156949090471578,H1,27.8514619765957,AX,7.51069877776525,L1,0.127158490522019,L2,31.37520911...
check iteration duration=3.88622283936e-05
GetData ===>> H2,-0.073713462819408,H1,27.7154598143741,AX,7.49512738420222,L1,0.122100523049251,L2,31.43001746...
check iteration duration=5.98430633545e-05
GetData ===>> H2,-0.0170661816605014,H1,27.9201704469319,AX,7.40789259463365,L1,0.11593009263866,L2,31.27637015...
check iteration duration=4.6968460083e-05
GetData ===>> H2,-0.128539819342877,H1,27.8380505130022,AX,7.48368821349756,L1,0.0736328612733584,L2,31.3679520...
check iteration duration=8.70227813721e-05
GetData ===>> H2,-0.0823431699479169,H1,27.8045355459083,AX,7.3996919562739,L1,0.0728682047183959,L2,31.2530145...
testing H1>-5.0
evaluate ot="H1.bs>-5.0" t="H1>-5.0", ctx="{'H1': None}"
check iteration duration=0.000937938690186
GetData ===>> H2,-0.0968653912093108,H1,27.8389608664003,AX,7.3880123135735,L1,0.108793695286159,L2,31.12774192...
check iteration duration=3.88622283936e-05
GetData ===>> H2,-0.235538763035413,H1,27.8256188021994,AX,7.3257356586583,L1,0.0974398495768732,L2,31.26118537...
check iteration duration=4.50611114502e-05
GetData ===>> H2,-0.185719796436118,H1,27.8351428657568,AX,7.47610295096567,L1,0.108010988402019,L2,31.11915696...
check iteration duration=4.00543212891e-05
GetData ===>> H2,-0.135285626940178,H1,27.8152261170851,AX,7.38547186904458,L1,0.133491596216572,L2,31.21602788...
check iteration duration=5.22136688232e-05
GetData ===>> H2,-0.252847351101918,H1,27.8761692881541,AX,7.40922932564555,L1,0.11843958335804,L2,31.224368368...
testing H1>-5.0
evaluate ot="H1.bs>-5.0" t="H1>-5.0", ctx="{'H1': None}"
check iteration duration=0.000564813613892
GetData ===>> H2,-0.168199185529198,H1,27.8490024107459,AX,7.40442440203824,L1,0.118363529049289,L2,31.22724591...
check iteration duration=7.29560852051e-05
GetData ===>> H2,-0.0519818311323265,H1,27.865853538483,AX,7.41251703660935,L1,0.0805017089008926,L2,31.3534922...
check iteration duration=8.41617584229e-05
GetData ===>> H2,-0.120427976283698,H1,27.7687083879821,AX,7.41647929196306,L1,0.0783726139043522,L2,31.1932107...
check iteration duration=5.79357147217e-05
GetData ===>> H2,-0.19909013934429,H1,27.7968612305016,AX,7.45455617508164,L1,0.0927946230737109,L2,31.17349978...
check iteration duration=7.79628753662e-05
GetData ===>> H2,-0.12191853451046,H1,27.840781595002,AX,7.37623771069116,L1,0.0518631749371382,L2,31.293484637...
testing H1>-5.0
evaluate ot="H1.bs>-5.0" t="H1>-5.0", ctx="{'H1': None}"
check iteration duration=0.000571012496948
07:58:49 -- collecting point 100
GetData ===>> H2,-0.125865809866931,H1,27.8287299993744,AX,7.33648147825057,L1,0.0680491894706405,L2,31.2087354...
check iteration duration=4.50611114502e-05
GetData ===>> H2,-0.227137752538079,H1,27.9243141723957,AX,7.37062779976687,L1,0.0853809070636324,L2,30.9345843...
check iteration duration=4.6968460083e-05
GetData ===>> H2,-0.1334383772651,H1,27.7890108724881,AX,7.37206034396922,L1,0.116016991015478,L2,31.1461196664...
check iteration duration=6.50882720947e-05
GetData ===>> H2,-0.0676519508576526,H1,27.7733253577616,AX,7.4480383609207,L1,0.104539586696957,L2,31.19708178...
check iteration duration=7.70092010498e-05
GetData ===>> H2,-0.155726461970036,H1,27.8279963469763,AX,7.34748118305505,L1,0.0625726699056909,L2,31.1162159...
testing H1>-5.0
evaluate ot="H1.bs>-5.0" t="H1>-5.0", ctx="{'H1': None}"
check iteration duration=0.00109195709229
GetData ===>> H2,-0.245530328700074,H1,27.7495635384095,AX,7.41693694848713,L1,0.0774546026356597,L2,30.9997944...
check iteration duration=4.6968460083e-05
GetData ===>> H2,-0.320905008537858,H1,27.709075483617,AX,7.33346098119928,L1,0.100906170147114,L2,31.036169835...
check iteration duration=3.2901763916e-05
GetData ===>> H2,-0.226688051025134,H1,27.9016160753947,AX,7.35558129381697,L1,0.100691450524658,L2,31.06603676...
check iteration duration=4.50611114502e-05
GetData ===>> H2,-0.120794547315415,H1,27.9281319674551,AX,7.42786110229967,L1,0.09791618721519,L2,31.148796418...
check iteration duration=7.89165496826e-05
GetData ===>> H2,-0.169933234014358,H1,27.7978663326765,AX,7.26080875375534,L1,0.0980536660449722,L2,31.1276226...
testing H1>-5.0
evaluate ot="H1.bs>-5.0" t="H1>-5.0", ctx="{'H1': None}"
check iteration duration=0.000591039657593
GetData ===>> H2,-0.156672153026925,H1,27.934123853649,AX,7.30507753541223,L1,0.098659077499881,L2,31.043827936...
check iteration duration=4.29153442383e-05
GetData ===>> H2,-0.0852363419044773,H1,27.8368140745046,AX,7.43746136117594,L1,0.110658445759101,L2,31.0172785...
check iteration duration=4.6968460083e-05
GetData ===>> H2,-0.134167305996239,H1,27.9492612220292,AX,7.32340133164616,L1,0.114536199747773,L2,31.13855355...
check iteration duration=8.10623168945e-05
GetData ===>> H2,-0.202831451495416,H1,28.0092733372044,AX,7.31586928351551,L1,0.0776039846171388,L2,30.9685947...
check iteration duration=4.00543212891e-05
GetData ===>> H2,-0.208899856784578,H1,27.8361211313195,AX,7.36555988627004,L1,0.107326018776432,L2,31.00854940...
testing H1>-5.0
evaluate ot="H1.bs>-5.0" t="H1>-5.0", ctx="{'H1': None}"
check iteration duration=0.000622034072876
GetData ===>> H2,-0.133389690189816,H1,27.8783032290076,AX,7.43183600475234,L1,0.0681839895284582,L2,30.9785654...
check iteration duration=7.9870223999e-05
GetData ===>> H2,-0.151728572098075,H1,27.8515163322414,AX,7.34087399570046,L1,0.0816791090059263,L2,30.9283367...
check iteration duration=8.29696655273e-05
GetData ===>> H2,-0.162983295459683,H1,27.9136073950961,AX,7.37245760772381,L1,0.079635316764564,L2,31.03299015...
check iteration duration=7.00950622559e-05
GetData ===>> H2,-0.215830807236873,H1,27.946393936109,AX,7.28785162706911,L1,0.0849870585900301,L2,30.96519189...
check iteration duration=7.60555267334e-05
GetData ===>> H2,-0.189360844163677,H1,27.8690066066834,AX,7.41906869171483,L1,0.105295500894035,L2,30.91117097...
testing H1>-5.0
evaluate ot="H1.bs>-5.0" t="H1>-5.0", ctx="{'H1': None}"
check iteration duration=0.000642061233521
GetData ===>> H2,-0.240025986843928,H1,27.8910941191034,AX,7.35964964796553,L1,0.128409101140391,L2,30.97693674...
check iteration duration=3.88622283936e-05
waiting for write to finish
measurement finished
estimated time: 125.829 actual time: :126.472
flush and close file /Users/jan/PychronDev/data/isotopes/8c/9e8b07-127c-4a5f-8d57-008a873344a9.h5
baselines () {'settling_time': 15.0, 'detector': 'H1', 'mass': 34.2, 'ncounts': 60}
%%%%%%%%%%%%%%%%%%%%%%%%%%%%%%%% Baseline
build tables- baseline [Detector(H2), Detector(H1), Detector(AX), Detector(L1), Detector(L2), Detector(CDD)]
add group baseline table H2
add group baseline table H1
add group baseline table AX
add group baseline table L1
add group baseline table L2
add group baseline table CDD
flush and close file /Users/jan/PychronDev/data/isotopes/8c/9e8b07-127c-4a5f-8d57-008a873344a9.h5
detector Detector(H1)
POSITION 34.2 H1
Mapping mass to dac mass func: "parabolic"
H1 map mass coeffs = [-0.00063987  0.15840543  0.57229999]
H1 map mass to dac 34.2 >> 5.24134599104
GetDeflection H1 ===>> 0
GetHighVoltage ===>> 4499.94659342336
positioning 34.2 (5.24131512525) on H1
setting magnet DAC
current  : 5.880655
requested: 5.241315
Delta Dac: 0.639340
Checking detector protection. dv=0.63934
Checking detector "CDD". Protection Threshold: 0.1 (V)
ProtectDetector CDD,On ===>> OK
GetDeflection CDD ===>> 2000
Protected = 2000
SetMagnetDAC 5.24131512525 ===>> OK
Magnet settling time: 0.500
GetMagnetMoving ===>> True
GetMagnetMoving ===>> True
GetMagnetMoving ===>> True
GetMagnetMoving ===>> True
GetMagnetMoving ===>> True
GetMagnetMoving ===>> True
GetMagnetMoving ===>> True
GetMagnetMoving ===>> True
GetMagnetMoving ===>> False
ProtectDetector CDD,Off ===>> OK
GetDeflection CDD ===>> 50
Delaying 15.0s for detectors to settle
Join finished
measuring baseline. ncounts=60
"baseline" increment series count="2" fit count="1" regressing="True"
starting measurement
check iteration duration=5.69820404053e-05
GetData ===>> H2,-0.219378565838281,H1,-0.0891290484037242,AX,-0.18863807701027,L1,-0.0460541598389485,L2,0.018...
check iteration duration=5.10215759277e-05
GetData ===>> H2,-0.214690307419833,H1,-0.0435562939104404,AX,-0.163161401130605,L1,-0.00467833397079191,L2,0.0...
check iteration duration=3.57627868652e-05
GetData ===>> H2,-0.212845335682477,H1,-0.082252146575512,AX,-0.0360481443986727,L1,0.000883359620888351,L2,-0....
check iteration duration=3.69548797607e-05
GetData ===>> H2,-0.195760342257339,H1,-0.0497801117517181,AX,-0.088960112703617,L1,-0.00715520852475606,L2,-0....
testing H1>-5.0
evaluate ot="H1.bs>-5.0" t="H1>-5.0", ctx="{'H1': None}"
check iteration duration=0.00114989280701
GetData ===>> H2,-0.333040847041841,H1,-0.047932083637847,AX,-0.0700083216589775,L1,-0.0219154865884201,L2,-0.0...
check iteration duration=7.5101852417e-05
GetData ===>> H2,-0.213462155355781,H1,-0.0383098632829924,AX,-0.134637880277274,L1,-0.0284919379697331,L2,0.01...
check iteration duration=8.39233398438e-05
GetData ===>> H2,-0.189819263449272,H1,0.0105666966049302,AX,-0.133723938094038,L1,-0.016915561790714,L2,0.0066...
check iteration duration=4.00543212891e-05
GetData ===>> H2,-0.163116962369922,H1,-0.0792604871605594,AX,-0.0847991488572876,L1,-0.0270674849293504,L2,-0....
check iteration duration=8.20159912109e-05
GetData ===>> H2,-0.208444468801975,H1,-0.0606649009929459,AX,-0.0882299285791322,L1,-0.00300114991713307,L2,0....
testing H1>-5.0
evaluate ot="H1.bs>-5.0" t="H1>-5.0", ctx="{'H1': None}"
check iteration duration=0.000576019287109
GetData ===>> H2,-0.226039049026904,H1,0.0450021439922789,AX,-0.0761405283486515,L1,-0.0205344607996874,L2,0.01...
check iteration duration=9.3936920166e-05
GetData ===>> H2,-0.226039049026904,H1,0.0450021439922789,AX,-0.0761405283486515,L1,-0.0205344607996874,L2,0.01...
check iteration duration=3.79085540771e-05
GetData ===>> H2,-0.259588531573767,H1,-0.0238211320987556,AX,-0.0666000850764244,L1,-0.0459895202949103,L2,0.0...
check iteration duration=8.60691070557e-05
GetData ===>> H2,-0.284495312415258,H1,-0.0475743968352703,AX,0.024423111007147,L1,-0.044696642077088,L2,0.0395...
check iteration duration=5.10215759277e-05
GetData ===>> H2,-0.196893311521944,H1,-0.02555035015932,AX,-0.016146542151619,L1,-0.0213520701438843,L2,0.0880...
testing H1>-5.0
evaluate ot="H1.bs>-5.0" t="H1>-5.0", ctx="{'H1': None}"
check iteration duration=0.000590085983276
GetData ===>> H2,-0.262889984492283,H1,0.0682999182297419,AX,-0.0510064599213294,L1,-0.00114488451325115,L2,-0....
check iteration duration=9.29832458496e-05
GetData ===>> H2,-0.177712115513647,H1,-0.015770930616532,AX,-0.160529899210331,L1,-0.0185081336586192,L2,-0.17...
check iteration duration=6.98566436768e-05
GetData ===>> H2,-0.225803406297503,H1,-0.00168450199298213,AX,-0.208314762095891,L1,-0.043288652130736,L2,0.07...
check iteration duration=4.79221343994e-05
GetData ===>> H2,-0.183333600725869,H1,0.013071994892644,AX,-0.0465076114356595,L1,-0.0252186297875063,L2,-0.03...
check iteration duration=5.19752502441e-05
GetData ===>> H2,-0.250188753867365,H1,-0.0856251054918154,AX,-0.171136619633515,L1,-0.0215906269159963,L2,0.09...
testing H1>-5.0
evaluate ot="H1.bs>-5.0" t="H1>-5.0", ctx="{'H1': None}"
check iteration duration=0.000885963439941
GetData ===>> H2,-0.124709761384925,H1,-0.0645154246383449,AX,-0.142443642695314,L1,0.00392769256230493,L2,-0.0...
check iteration duration=3.69548797607e-05
GetData ===>> H2,-0.224740933196646,H1,-0.0729789032169802,AX,0.0120427597270115,L1,-0.0177778364377497,L2,-0.0...
check iteration duration=7.60555267334e-05
GetData ===>> H2,-0.214155700605079,H1,-0.0489335998836936,AX,0.00602139604949238,L1,-0.0531428328740916,L2,-0....
check iteration duration=4.50611114502e-05
GetData ===>> H2,-0.192688007146577,H1,-0.0897726164162059,AX,-0.0295422990850599,L1,-0.0339590532748842,L2,0.0...
check iteration duration=6.19888305664e-05
GetData ===>> H2,-0.161367016205908,H1,-0.046262867621638,AX,-0.106587180666027,L1,-0.0228408595860483,L2,0.029...
testing H1>-5.0
evaluate ot="H1.bs>-5.0" t="H1>-5.0", ctx="{'H1': None}"
check iteration duration=0.000607967376709
07:59:55 -- collecting point 25
GetData ===>> H2,-0.109103083639418,H1,-0.0774130034058239,AX,-0.100619135898153,L1,-0.011737918240227,L2,-0.09...
check iteration duration=3.19480895996e-05
GetData ===>> H2,-0.192697442603609,H1,-0.0653498839129572,AX,-0.147151030637952,L1,-0.0305378135069473,L2,-0.0...
check iteration duration=7.00950622559e-05
GetData ===>> H2,-0.294068351590104,H1,-0.0971733510439997,AX,-0.106019363039584,L1,-0.0125278710924083,L2,-0.0...
check iteration duration=9.17911529541e-05
GetData ===>> H2,-0.22736394294124,H1,-0.0829434336382161,AX,-0.10488371784441,L1,0.01814791565882,L2,-0.040715...
check iteration duration=7.10487365723e-05
GetData ===>> H2,-0.295964805754976,H1,-0.104001562654443,AX,-0.0358741969740628,L1,-0.00464714425614914,L2,-0....
testing H1>-5.0
evaluate ot="H1.bs>-5.0" t="H1>-5.0", ctx="{'H1': None}"
check iteration duration=0.000591039657593
GetData ===>> H2,-0.282484061534876,H1,-0.0592820142352178,AX,-0.0262370239079391,L1,-0.0305521858673243,L2,0.0...
check iteration duration=6.91413879395e-05
GetData ===>> H2,-0.166285351552923,H1,0.00436337068119315,AX,-0.130722159324877,L1,-0.060940544871077,L2,0.081...
check iteration duration=8.29696655273e-05
GetData ===>> H2,-0.0949517362061975,H1,-0.03677165307423,AX,-0.00859539391297501,L1,-0.0180488560421257,L2,-0....
check iteration duration=6.79492950439e-05
GetData ===>> H2,-0.0962343134212131,H1,-0.055598196770412,AX,-0.0875692810778777,L1,-0.0565139853733293,L2,0.0...
check iteration duration=8.60691070557e-05
GetData ===>> H2,-0.200625912310348,H1,-0.0618927930446265,AX,-0.035352352834718,L1,-0.0212369854570751,L2,-0.0...
testing H1>-5.0
evaluate ot="H1.bs>-5.0" t="H1>-5.0", ctx="{'H1': None}"
check iteration duration=0.000657081604004
GetData ===>> H2,-0.194917252191762,H1,-0.0516042608734278,AX,-0.0652321198145035,L1,-0.022657469887843,L2,-0.0...
check iteration duration=7.29560852051e-05
GetData ===>> H2,-0.152421327575735,H1,-0.0678412994867149,AX,-0.0383558174768575,L1,-0.0207334744714907,L2,-0....
check iteration duration=5.60283660889e-05
GetData ===>> H2,-0.237856621970951,H1,0.0110558213450187,AX,-0.0867695438903157,L1,-0.031401316363709,L2,0.072...
check iteration duration=9.10758972168e-05
GetData ===>> H2,-0.0957440528421509,H1,-0.0646346335321678,AX,-0.123608582496248,L1,-0.00460995639317698,L2,-0...
check iteration duration=7.89165496826e-05
GetData ===>> H2,-0.220107436846769,H1,-0.0600092243091986,AX,-0.0873027027457315,L1,0.000530487797576055,L2,-0...
testing H1>-5.0
evaluate ot="H1.bs>-5.0" t="H1>-5.0", ctx="{'H1': None}"
check iteration duration=0.00111413002014
GetData ===>> H2,-0.194266314904803,H1,-0.0289609961368729,AX,-0.106088891906608,L1,0.00790014323589537,L2,-0.0...
check iteration duration=7.89165496826e-05
GetData ===>> H2,-0.201486069817197,H1,0.000426843993417592,AX,-0.0964470813658757,L1,0.00736259101538095,L2,0....
check iteration duration=4.6968460083e-05
GetData ===>> H2,-0.272512528960688,H1,-0.0324907730820055,AX,-0.0885544555332064,L1,-0.00595343073220744,L2,0....
check iteration duration=8.98838043213e-05
GetData ===>> H2,-0.214426373713543,H1,-0.0789863465651351,AX,-0.0601426564565323,L1,-0.0215175020745695,L2,-1....
check iteration duration=3.48091125488e-05
GetData ===>> H2,-0.201755698204453,H1,-0.110972292731426,AX,-0.0715037347237927,L1,-0.0404325564150213,L2,-0.0...
testing H1>-5.0
evaluate ot="H1.bs>-5.0" t="H1>-5.0", ctx="{'H1': None}"
check iteration duration=0.00113821029663
GetData ===>> H2,-0.143632363820684,H1,-0.0250256250776236,AX,-0.185763881625923,L1,-0.0876539081592007,L2,-0.0...
check iteration duration=4.29153442383e-05
GetData ===>> H2,-0.13549927184648,H1,-0.126879854684714,AX,-0.261553949662433,L1,-0.067761450856167,L2,-0.0712...
check iteration duration=3.21865081787e-05
GetData ===>> H2,-0.187423143445255,H1,-0.0146975214974308,AX,-0.10548630674167,L1,-0.0183138725777626,L2,0.010...
check iteration duration=7.20024108887e-05
GetData ===>> H2,-0.235269683013169,H1,0.0920648026299765,AX,0.067883795860764,L1,0.000934971162132589,L2,0.025...
check iteration duration=6.69956207275e-05
GetData ===>> H2,-0.267337348818248,H1,0.00849092552035482,AX,-0.0851816404259905,L1,-0.0159824470062706,L2,0.0...
testing H1>-5.0
evaluate ot="H1.bs>-5.0" t="H1>-5.0", ctx="{'H1': None}"
check iteration duration=0.00056004524231
08:00:21 -- collecting point 50
GetData ===>> H2,-0.244044824510757,H1,-0.0167727687419681,AX,-0.0859929812003189,L1,-0.0303533663919209,L2,0.0...
check iteration duration=5.88893890381e-05
GetData ===>> H2,-0.22440426054866,H1,-0.0316560397729536,AX,-0.0657769896385382,L1,-0.0648305720612089,L2,-0.0...
check iteration duration=8.70227813721e-05
GetData ===>> H2,-0.268490580809607,H1,0.0424483119710885,AX,-0.0683274035699141,L1,-0.07685890163361,L2,-0.013...
check iteration duration=8.20159912109e-05
GetData ===>> H2,-0.30919099041615,H1,-0.00760080491641875,AX,-0.0468438727666528,L1,-0.0193366989896387,L2,0.0...
check iteration duration=3.88622283936e-05
GetData ===>> H2,-0.299802370245855,H1,-0.0383456353321375,AX,-0.035549494282888,L1,-0.00747301998127254,L2,-0....
testing H1>-5.0
evaluate ot="H1.bs>-5.0" t="H1>-5.0", ctx="{'H1': None}"
check iteration duration=0.000596046447754
GetData ===>> H2,-0.359147871256754,H1,-0.016927814222467,AX,-0.0933758713464335,L1,-0.0188930473136507,L2,0.06...
check iteration duration=6.50882720947e-05
GetData ===>> H2,-0.20015670792073,H1,-0.0853986559802731,AX,-0.151904565597806,L1,-0.0200045377281948,L2,-0.01...
check iteration duration=4.19616699219e-05
GetData ===>> H2,-0.14669107050099,H1,-0.0184424766676681,AX,-0.254894854686095,L1,-0.0109107387862603,L2,-0.00...
check iteration duration=6.60419464111e-05
GetData ===>> H2,-0.27346371890677,H1,0.0378062327354602,AX,-0.13309709764658,L1,-0.0161923454071752,L2,-0.0874...
check iteration duration=5.19752502441e-05
GetData ===>> H2,-0.245647384581281,H1,-0.0320257082401685,AX,-0.165850792080631,L1,0.000628906586552013,L2,-0....
testing H1>-5.0
evaluate ot="H1.bs>-5.0" t="H1>-5.0", ctx="{'H1': None}"
check iteration duration=0.0015549659729
GetData ===>> H2,-0.14169863026103,H1,-0.0276134471043353,AX,-0.152750902336918,L1,-0.0317486128285784,L2,0.010...
check iteration duration=1.59740447998e-05
waiting for write to finish
measurement finished
estimated time: 62.915 actual time: :63.217
flush and close file /Users/jan/PychronDev/data/isotopes/8c/9e8b07-127c-4a5f-8d57-008a873344a9.h5
activate_detectors ('H1', 'AX', 'CDD') {'peak_center': True}
peak_center () {'detector': 'H1', 'integration_time': 0.262144, 'isotope': 'Ar40'}
peak center: mean=27.8981391383 threshold=3
peak center started
setup peak center. detector=['H1', 'AX', 'CDD'], isotope=Ar40
VersionedUnpickler [<apptools.sweet_pickle.versioned_unpickler.VersionedUnpickler object at 0x1c14db4d0>] using Updater [<apptools.sweet_pickle.updater.Updater object at 0x12e273d10>]
VersionedUnpickler [<apptools.sweet_pickle.versioned_unpickler.VersionedUnpickler object at 0x1c14db4d0>] using Updater [<apptools.sweet_pickle.updater.Updater object at 0x12e273d10>]
VersionedUnpickler [<apptools.sweet_pickle.versioned_unpickler.VersionedUnpickler object at 0x1c9a35650>] using Updater [<apptools.sweet_pickle.updater.Updater object at 0x12e273d10>]
setting integration time = 0.524288
SetIntegrationTime 0.524288 ===>> OK
Mapping mass to dac mass func: "parabolic"
H1 map mass coeffs = [-0.00063987  0.15840543  0.57229999]
H1 map mass to dac 39.9624 >> 5.88069
GetDeflection H1 ===>> 0
GetHighVoltage ===>> 4499.94659342336
do peak center. <pychron.spectrometer.jobs.peak_center.PeakCenter object at 0x16275af50>
doing pc
starting peak center. center dac= 5.88065536917 step_width=0.001
width = 0.001
get scan parameters. half-width=0.015,window=0.015, i=0, scalar=1
Scan parameters center=5.88066 width=0.03000 (5.86566 - 5.89566)
GetData ===>> H2,-0.157093635621017,H1,-0.060331102490818,AX,-0.12368968483791,L1,-0.0195741045534563,L2,-0.003...
Moving to starting dac 5.86565536917
setting magnet DAC
current  : 5.241315
requested: 5.865655
Delta Dac: 0.624340
Checking detector protection. dv=0.62434
Checking detector "CDD". Protection Threshold: 0.1 (V)
ProtectDetector CDD,On ===>> OK
GetDeflection CDD ===>> 2000
Protected = 2000
SetMagnetDAC 5.86565536917 ===>> OK
Magnet settling time: 0.500
GetMagnetMoving ===>> True
GetMagnetMoving ===>> True
GetMagnetMoving ===>> True
GetMagnetMoving ===>> True
GetMagnetMoving ===>> True
GetMagnetMoving ===>> True
GetMagnetMoving ===>> True
GetMagnetMoving ===>> True
GetMagnetMoving ===>> True
GetMagnetMoving ===>> False
ProtectDetector CDD,Off ===>> OK
GetDeflection CDD ===>> 50
Wait until signal near baseline. tol= -0.0452483268681. timeout= 10
GetData ===>> H2,1.37322655528453,H1,1.60030622244582,AX,0.672794092960908,L1,0.444585121208774,L2,0.0998002815...
GetData ===>> H2,1.64213161808811,H1,1.57191692022252,AX,0.240316284270169,L1,0.842123764612864,L2,0.8279507438...
GetData ===>> H2,0.761028924335074,H1,0.671618927099682,AX,-0.0475163919428826,L1,0.751321144808298,L2,0.343296...
GetData ===>> H2,0.226930842875769,H1,0.33426560163019,AX,-0.0203800325659595,L1,0.56248106566242,L2,0.09911636...
GetData ===>> H2,-0.112516085884987,H1,0.139954240316764,AX,0.0348205735528033,L1,0.415397874011,L2,0.058340903...
GetData ===>> H2,-0.124959910512516,H1,0.0619139746339982,AX,-0.0445943783027104,L1,0.305937000887214,L2,0.0581...
GetData ===>> H2,-0.0946218906763943,H1,0.119759463954217,AX,-0.0486758968498019,L1,0.220202265986206,L2,0.0346...
GetData ===>> H2,-0.158887463142412,H1,0.1280562346752,AX,0.0725022254497003,L1,0.148716703684644,L2,-0.0783545...
GetData ===>> H2,-0.184680129290135,H1,-0.0393233997243002,AX,0.0470297260009153,L1,0.0953995441985353,L2,-0.13...
GetData ===>> H2,-0.146112031242878,H1,0.0870320691285677,AX,-0.0380311230652328,L1,0.0415849234195981,L2,0.194...
GetData ===>> H2,-0.170607889322549,H1,-0.0127534290108809,AX,-0.0538934979715779,L1,0.0100832952546306,L2,0.09...
GetData ===>> H2,-0.170607889322549,H1,-0.0127534290108809,AX,-0.0538934979715779,L1,0.0100832952546306,L2,0.09...
GetData ===>> H2,-0.181871393384373,H1,-0.00168450199298213,AX,-0.125103171933612,L1,0.0038856706633499,L2,0.00...
GetData ===>> H2,-0.179210268553898,H1,0.0552777993661604,AX,-0.0361988985819159,L1,0.0120282789109509,L2,0.039...
GetData ===>> H2,-0.179525753718211,H1,-0.0324549989401788,AX,-0.0448494782270021,L1,0.0032469593837112,L2,0.02...
GetData ===>> H2,-0.265478222209206,H1,-0.0429005051226337,AX,0.000290424754906101,L1,-0.00118448521427748,L2,0...
GetData ===>> H2,-0.3295745984156,H1,-0.0607841144738995,AX,-0.241587297559276,L1,0.00469732463470373,L2,-0.100...
Peak center baseline intensity achieved
_do_sweep sm= 5.86565536917, em= 5.89565536917, stm= 0.001
calculated step values: start=5.86565536917, end=5.89565536917, width=0.001, nsteps=31.0
setting magnet DAC
current  : 5.865655
requested: 5.865655
Delta Dac: 0.000000
Checking detector protection. dv=0.00000
Checking detector "CDD". Protection Threshold: 0.1 (V)
SetMagnetDAC 5.86565536917 ===>> OK
GetData ===>> H2,-0.3295745984156,H1,-0.0607841144738995,AX,-0.241587297559276,L1,0.00469732463470373,L2,-0.100...
setting magnet DAC
current  : 5.865655
requested: 5.866690
Delta Dac: 0.001034
Checking detector protection. dv=0.00103
Checking detector "CDD". Protection Threshold: 0.1 (V)
SetMagnetDAC 5.86668985193 ===>> OK
Magnet settling time: 1.049
GetData ===>> H2,-0.110236352025958,H1,0.116159642172886,AX,-0.0388196647571504,L1,-0.0108136306523446,L2,-0.05...
setting magnet DAC
current  : 5.866690
requested: 5.867724
Delta Dac: 0.001034
Checking detector protection. dv=0.00103
Checking detector "CDD". Protection Threshold: 0.1 (V)
SetMagnetDAC 5.86772433469 ===>> OK
Magnet settling time: 1.049
GetData ===>> H2,-0.230745003549256,H1,0.158149715341938,AX,-0.131521535282524,L1,-0.00469272919111156,L2,0.134...
setting magnet DAC
current  : 5.867724
requested: 5.868759
Delta Dac: 0.001034
Checking detector protection. dv=0.00103
Checking detector "CDD". Protection Threshold: 0.1 (V)
SetMagnetDAC 5.86875881744 ===>> OK
Magnet settling time: 1.049
GetData ===>> H2,-0.242705819478481,H1,0.633750645320119,AX,-0.0131655904804847,L1,-0.0208551633036834,L2,-0.09...
setting magnet DAC
current  : 5.868759
requested: 5.869793
Delta Dac: 0.001034
Checking detector protection. dv=0.00103
Checking detector "CDD". Protection Threshold: 0.1 (V)
SetMagnetDAC 5.8697933002 ===>> OK
Magnet settling time: 1.049
GetData ===>> H2,-0.180253762859119,H1,1.88685659733159,AX,0.387701968091356,L1,0.0084911343784384,L2,0.0251681...
setting magnet DAC
current  : 5.869793
requested: 5.870828
Delta Dac: 0.001034
Checking detector protection. dv=0.00103
Checking detector "CDD". Protection Threshold: 0.1 (V)
SetMagnetDAC 5.87082778296 ===>> OK
Magnet settling time: 1.049
GetData ===>> H2,-0.1145517559304,H1,5.81893751016735,AX,0.939980263273911,L1,0.0601520831678786,L2,0.525531745...
setting magnet DAC
current  : 5.870828
requested: 5.871862
Delta Dac: 0.001034
Checking detector protection. dv=0.00103
Checking detector "CDD". Protection Threshold: 0.1 (V)
SetMagnetDAC 5.87186226572 ===>> OK
Magnet settling time: 1.049
GetData ===>> H2,-0.0988592957287062,H1,12.2341685295179,AX,2.14242425997206,L1,0.0182086712778364,L2,2.2645174...
setting magnet DAC
current  : 5.871862
requested: 5.872897
Delta Dac: 0.001034
Checking detector protection. dv=0.00103
Checking detector "CDD". Protection Threshold: 0.1 (V)
SetMagnetDAC 5.87289674848 ===>> OK
Magnet settling time: 1.049
GetData ===>> H2,-0.104171407680192,H1,19.2695390758656,AX,4.12946022156519,L1,-0.0124703348902751,L2,6.4789243...
setting magnet DAC
current  : 5.872897
requested: 5.873931
Delta Dac: 0.001034
Checking detector protection. dv=0.00103
Checking detector "CDD". Protection Threshold: 0.1 (V)
SetMagnetDAC 5.87393123124 ===>> OK
Magnet settling time: 1.049
GetData ===>> H2,-0.224458251973612,H1,24.3866363087051,AX,5.59297587081688,L1,0.0480657376247921,L2,13.6431014...
setting magnet DAC
current  : 5.873931
requested: 5.874966
Delta Dac: 0.001034
Checking detector protection. dv=0.00103
Checking detector "CDD". Protection Threshold: 0.1 (V)
SetMagnetDAC 5.874965714 ===>> OK
Magnet settling time: 1.049
GetData ===>> H2,-0.311232171995162,H1,26.8165394023437,AX,6.67870598736612,L1,0.104487747759733,L2,21.29975115...
setting magnet DAC
current  : 5.874966
requested: 5.876000
Delta Dac: 0.001034
Checking detector protection. dv=0.00103
Checking detector "CDD". Protection Threshold: 0.1 (V)
SetMagnetDAC 5.87600019675 ===>> OK
Magnet settling time: 1.049
GetData ===>> H2,-0.152081196157634,H1,27.6516492394368,AX,6.80100195361206,L1,0.0814947169256186,L2,26.4022910...
setting magnet DAC
current  : 5.876000
requested: 5.877035
Delta Dac: 0.001034
Checking detector protection. dv=0.00103
Checking detector "CDD". Protection Threshold: 0.1 (V)
SetMagnetDAC 5.87703467951 ===>> OK
Magnet settling time: 1.049
GetData ===>> H2,-0.20410793326065,H1,27.952695190594,AX,6.9997901259864,L1,0.0758272048830714,L2,28.5384800684...
setting magnet DAC
current  : 5.877035
requested: 5.878069
Delta Dac: 0.001034
Checking detector protection. dv=0.00103
Checking detector "CDD". Protection Threshold: 0.1 (V)
SetMagnetDAC 5.87806916227 ===>> OK
Magnet settling time: 1.049
GetData ===>> H2,-0.17940441431062,H1,27.9847172428506,AX,6.9771786239933,L1,0.0842787517257755,L2,29.555669421...
setting magnet DAC
current  : 5.878069
requested: 5.879104
Delta Dac: 0.001034
Checking detector protection. dv=0.00103
Checking detector "CDD". Protection Threshold: 0.1 (V)
SetMagnetDAC 5.87910364503 ===>> OK
Magnet settling time: 1.049
GetData ===>> H2,-0.20736924926615,H1,27.9739335802916,AX,7.19140716456832,L1,0.0770919991050521,L2,29.69594777...
setting magnet DAC
current  : 5.879104
requested: 5.880138
Delta Dac: 0.001034
Checking detector protection. dv=0.00103
Checking detector "CDD". Protection Threshold: 0.1 (V)
SetMagnetDAC 5.88013812779 ===>> OK
Magnet settling time: 1.049
GetData ===>> H2,-0.246540736617582,H1,27.9612769794342,AX,7.15002994333508,L1,0.0531792749022265,L2,29.5268779...
setting magnet DAC
current  : 5.880138
requested: 5.881173
Delta Dac: 0.001034
Checking detector protection. dv=0.00103
Checking detector "CDD". Protection Threshold: 0.1 (V)
SetMagnetDAC 5.88117261055 ===>> OK
Magnet settling time: 1.049
GetData ===>> H2,-0.280889170116836,H1,27.985586499337,AX,7.15288879921101,L1,0.0567324011049327,L2,29.45578601...
setting magnet DAC
current  : 5.881173
requested: 5.882207
Delta Dac: 0.001034
Checking detector protection. dv=0.00103
Checking detector "CDD". Protection Threshold: 0.1 (V)
SetMagnetDAC 5.88220709331 ===>> OK
Magnet settling time: 1.049
GetData ===>> H2,-0.169523023944786,H1,28.0427274720153,AX,7.16497376540933,L1,0.0816706726935504,L2,29.4220512...
setting magnet DAC
current  : 5.882207
requested: 5.883242
Delta Dac: 0.001034
Checking detector protection. dv=0.00103
Checking detector "CDD". Protection Threshold: 0.1 (V)
SetMagnetDAC 5.88324157606 ===>> OK
Magnet settling time: 1.049
GetData ===>> H2,-0.115848222557658,H1,28.0538166245895,AX,6.94964797703144,L1,0.0941734665429182,L2,29.2584278...
setting magnet DAC
current  : 5.883242
requested: 5.884276
Delta Dac: 0.001034
Checking detector protection. dv=0.00103
Checking detector "CDD". Protection Threshold: 0.1 (V)
SetMagnetDAC 5.88427605882 ===>> OK
Magnet settling time: 1.049
GetData ===>> H2,-0.107791632908112,H1,27.9897427234461,AX,7.17713226920095,L1,0.117349526161958,L2,28.86665237...
setting magnet DAC
current  : 5.884276
requested: 5.885311
Delta Dac: 0.001034
Checking detector protection. dv=0.00103
Checking detector "CDD". Protection Threshold: 0.1 (V)
SetMagnetDAC 5.88531054158 ===>> OK
Magnet settling time: 1.049
GetData ===>> H2,-0.0946354225811815,H1,27.9083729338258,AX,7.11121517697647,L1,0.103569157603924,L2,28.2949585...
setting magnet DAC
current  : 5.885311
requested: 5.886345
Delta Dac: 0.001034
Checking detector protection. dv=0.00103
Checking detector "CDD". Protection Threshold: 0.1 (V)
SetMagnetDAC 5.88634502434 ===>> OK
Magnet settling time: 1.049
GetData ===>> H2,-0.151568597391747,H1,27.2084024690668,AX,6.799227111111,L1,0.0894463891584762,L2,26.137264767...
setting magnet DAC
current  : 5.886345
requested: 5.887380
Delta Dac: 0.001034
Checking detector protection. dv=0.00103
Checking detector "CDD". Protection Threshold: 0.1 (V)
SetMagnetDAC 5.8873795071 ===>> OK
Magnet settling time: 1.049
GetData ===>> H2,-0.107788929660274,H1,25.5503661412585,AX,5.99523449295884,L1,0.0849380983081068,L2,21.6263609...
setting magnet DAC
current  : 5.887380
requested: 5.888414
Delta Dac: 0.001034
Checking detector protection. dv=0.00103
Checking detector "CDD". Protection Threshold: 0.1 (V)
SetMagnetDAC 5.88841398986 ===>> OK
Magnet settling time: 1.049
GetData ===>> H2,-0.156945037777268,H1,21.6304033670959,AX,4.74191358170811,L1,0.0411230730547213,L2,14.6819255...
setting magnet DAC
current  : 5.888414
requested: 5.889448
Delta Dac: 0.001034
Checking detector protection. dv=0.00103
Checking detector "CDD". Protection Threshold: 0.1 (V)
SetMagnetDAC 5.88944847262 ===>> OK
Magnet settling time: 1.049
GetData ===>> H2,-0.244764726401615,H1,15.0672331957314,AX,2.77784542716926,L1,0.0308043079257158,L2,7.86951050...
setting magnet DAC
current  : 5.889448
requested: 5.890483
Delta Dac: 0.001034
Checking detector protection. dv=0.00103
Checking detector "CDD". Protection Threshold: 0.1 (V)
SetMagnetDAC 5.89048295537 ===>> OK
Magnet settling time: 1.049
GetData ===>> H2,-0.0736144976195304,H1,5.17355232066279,AX,0.744340393684135,L1,0.00529797977974292,L2,2.00315...
setting magnet DAC
current  : 5.890483
requested: 5.891517
Delta Dac: 0.001034
Checking detector protection. dv=0.00103
Checking detector "CDD". Protection Threshold: 0.1 (V)
SetMagnetDAC 5.89151743813 ===>> OK
Magnet settling time: 1.049
GetData ===>> H2,-0.186016864383954,H1,1.77244671875159,AX,0.0366309595524023,L1,0.000462075303620759,L2,0.5410...
setting magnet DAC
current  : 5.891517
requested: 5.892552
Delta Dac: 0.001034
Checking detector protection. dv=0.00103
Checking detector "CDD". Protection Threshold: 0.1 (V)
SetMagnetDAC 5.89255192089 ===>> OK
Magnet settling time: 1.049
GetData ===>> H2,-0.210896341485205,H1,0.496773880286017,AX,-0.0425535548349393,L1,-0.021839604670508,L2,0.0800...
setting magnet DAC
current  : 5.892552
requested: 5.893586
Delta Dac: 0.001034
Checking detector protection. dv=0.00103
Checking detector "CDD". Protection Threshold: 0.1 (V)
SetMagnetDAC 5.89358640365 ===>> OK
Magnet settling time: 1.049
GetData ===>> H2,-0.0581137384980076,H1,0.0887241922409966,AX,-0.0250656538360166,L1,-0.0108879604192077,L2,-0....
setting magnet DAC
current  : 5.893586
requested: 5.894621
Delta Dac: 0.001034
Checking detector protection. dv=0.00103
Checking detector "CDD". Protection Threshold: 0.1 (V)
SetMagnetDAC 5.89462088641 ===>> OK
Magnet settling time: 1.049
GetData ===>> H2,-0.212127466051498,H1,-0.0207680948620446,AX,-0.106749413664879,L1,-0.051896335607134,L2,-0.11...
setting magnet DAC
current  : 5.894621
requested: 5.895655
Delta Dac: 0.001034
Checking detector protection. dv=0.00103
Checking detector "CDD". Protection Threshold: 0.1 (V)
SetMagnetDAC 5.89565536917 ===>> OK
Magnet settling time: 1.049
GetData ===>> H2,-0.165098828100518,H1,-0.0541317850938359,AX,-0.0369874551193838,L1,-0.0208839074826851,L2,-0....
result of _do_sweep=True
result of _calculate_peak_center=([5.8732004593483929, 5.8808958501299555, 5.8885912409115182], [20.771853193325171, 28.053483283329758, 20.505852165391552], 5.883210479388473, 28.053483283329758)
Failed to find a valid peak. No peak greater than 1.0. max = 0.10893802087
new center pos Detector(H1) (Ar40) @ 5.88089585013
GetHighVoltage ===>> 4499.94659342336
GetDeflection H1 ===>> 0
dac uncorrected for HV and deflection 5.88093048238
update mftable H1 Ar40 5.88093048238 message=automated run peakcenter
get initial guess parabolic
get initial guess parabolic
get initial guess parabolic
get initial guess parabolic
get initial guess parabolic
get initial guess parabolic
dump mftable to /Users/jan/PychronDev/setupfiles/spectrometer/mftables/mftable.csv
add to repo msg=modified - automated run peakcenter
locally archiving mftable
setting magnet DAC
current  : 5.895655
requested: 5.880896
Delta Dac: 0.014760
Checking detector protection. dv=0.01476
Checking detector "CDD". Protection Threshold: 0.1 (V)
SetMagnetDAC 5.88089585013 ===>> OK
Magnet settling time: 0.500
sweep finished
setting integration time = 1.048576
SetIntegrationTime 1.048576 ===>> OK
Failed to find a valid peak. No peak greater than 1.0. max = 0.10893802087
flush and close file /Users/jan/PychronDev/data/isotopes/8c/9e8b07-127c-4a5f-8d57-008a873344a9.h5
finished measure script
executed snippet estimated_duration=226.132928, duration=271.650161982
jan_unknown120_60.py completed successfully
Measurement Finished
08:01:18 -- ******* Measurement Finished *******
Post Measurement Started jan_pump_ms.py
08:01:18 -- ******* Post Measurement Started jan_pump_ms.py *******
testing...
no interpolation path defined
executed snippet estimated_duration=0, duration=2.88486480713e-05
Pumping spectrometer
open () {'name': 'O'}
opening name=O desc=---
checking ownership. requestor=129.138.12.150
check software interlocks O
interlocks []
actuate state mode=None-script, software_lock=False
doing actuation None-script open_channel True
Open O ===>> OK
GetIndicatorState O ===>> OK
change switch state (True, True)
update switch state O True args=() kw={} ncanvase=6
08:01:18 -- OPEN   VALVE-O (Jan Ion Pump)
---------------------------------------- open O () result=[(True, True)], time=0.12 sec
action=open, ok=True, locked=[False]
executed snippet estimated_duration=0, duration=0.377128839493
jan_pump_ms.py completed successfully
setting _ms_pumptime
Post Measurement Finished
08:01:18 -- ******* Post Measurement Finished *******
$$$$$$$$$$$$$$$$$$$$ state at run end measurement
state changed from measurement to success
post measurement save measured=True aborted=False
Set filtering
setting fod for Ar40= {'filter_outliers': True, 'std_devs': 2, 'iterations': 1}
setting fod for H1= {'filter_outliers': True, 'std_devs': 2, 'iterations': 1}
setting fod for PM41= {'filter_outliers': False, 'std_devs': 2, 'iterations': 1}
setting fod for H2= {'filter_outliers': True, 'std_devs': 2, 'iterations': 1}
setting fod for Ar36= {'filter_outliers': True, 'std_devs': 2, 'iterations': 1}
setting fod for CDD= {'filter_outliers': True, 'std_devs': 10, 'iterations': 1}
setting fod for Ar37= {'filter_outliers': True, 'std_devs': 2, 'iterations': 1}
setting fod for L2= {'filter_outliers': True, 'std_devs': 2, 'iterations': 1}
setting fod for Ar38= {'filter_outliers': True, 'std_devs': 2, 'iterations': 1}
setting fod for L1= {'filter_outliers': True, 'std_devs': 2, 'iterations': 1}
setting fod for Ar39= {'filter_outliers': True, 'std_devs': 2, 'iterations': 1}
setting fod for AX= {'filter_outliers': True, 'std_devs': 2, 'iterations': 1}
persistence save...
persistence save - db
post measurement save
7394315824 connecting to database sqlite:////Users/jan/PychronDev/.appdata/local_lab.db
connected to db sqlite:////Users/jan/PychronDev/.appdata/local_lab.db
create new session 7394315824
close session 7394315824
No database instance. Not saving post measurement to isotopedb database
$$$$$$$$$$$$$$$ auto_save_detector_ic=False
massspec enabled True
create new session 4997822608
MassSpec Database Version: 16.0
close session 4997822608
saving post measurement to secondary database
saving to massspec database 129.138.12.160/massspecdata
setting labnumber to 65447
setting aliquot to 8
setting step to B
setting uuid to 8c9e8b07-127c-4a5f-8d57-008a873344a9
setting irradpos to 65447
setting extract_device to Fusions CO2
setting tray to 
setting position to 158
setting power_requested to 5.0
setting extract_value to 5.0
setting duration to 30.0
setting duration_at_request to 30.0
setting first_stage_delay to 30.0
setting cleanup to 30.0
setting comment to J:1 Plag, 5 crystals
setting irradiation to NM-288
setting level to J
setting irradiation_level to J
setting sample to MB.56.1
setting material to Plagioclase
setting project to IR973
setting mass_spectrometer to Jan
no attribute chron_dosages
no attribute production_ratios
no attribute interference_corrections
no attribute production_name
no attribute j
Reference Isotope=Ar40
Reference Detector=H1
%%%%%%%%%%%%%%%%%%%% Comment: J:1 Plag, 5 crystals %%%%%%%%%%%%%%%%%%%
adding isotope PM41 H2
add baseline dbdet= PM41. original det= H2
get baseline data PM41 H2
Get data baseline <pychron.processing.isotope.Baseline object at 0x1cf5bd8d0> len t=60
baseline PM41. v=-0.21471376109, e=0.00633999850011
get signal data PM41 H2
Get data signal PM41 0.08+/-0.07 len t=120
adding isotope Ar40 H1
add baseline dbdet= Ar40. original det= H1
get baseline data Ar40 H1
Get data baseline <pychron.processing.isotope.Baseline object at 0x1cf5bd350> len t=60
baseline Ar40. v=-0.0393960086844, e=0.00510897418582
get signal data Ar40 H1
Get data signal Ar40 27.386+/-0.014 len t=120
adding isotope Ar39 AX
add baseline dbdet= Ar39. original det= AX
get baseline data Ar39 AX
Get data baseline <pychron.processing.isotope.Baseline object at 0x1cf5bd6d0> len t=60
baseline Ar39. v=-0.0891183664161, e=0.00698779866635
get signal data Ar39 AX
Get data signal Ar39 7.668+/-0.011 len t=120
adding isotope Ar38 L1
add baseline dbdet= Ar38. original det= L1
get baseline data Ar38 L1
Get data baseline <pychron.processing.isotope.Baseline object at 0x1cf5bdc50> len t=60
baseline Ar38. v=-0.0202391261281, e=0.00233597230484
get signal data Ar38 L1
Get data signal Ar38 0.123+/-0.005 len t=120
adding isotope Ar37 L2
add baseline dbdet= Ar37. original det= L2
get baseline data Ar37 L2
Get data baseline <pychron.processing.isotope.Baseline object at 0x1cf5bd310> len t=60
baseline Ar37. v=-0.00212884360186, e=0.00587365777566
get signal data Ar37 L2
Get data signal Ar37 32.371+/-0.015 len t=120
adding isotope Ar36 CDD
add baseline dbdet= Ar36. original det= CDD
get baseline data Ar36 CDD
Get data baseline <pychron.processing.isotope.Baseline object at 0x1cf5bd950> len t=60
baseline Ar36. v=2.48109018669e-05, e=7.22273277694e-06
get signal data Ar36 CDD
Get data signal Ar36 0.1070+/-0.0007 len t=120
65447-08B added analysis time 0.564213991165s
analysis added to mass spec database
mass spec save time= 0.581
persistence save - dvc
================= post measurement started
create new session 4992585168
close session 4992585168
---------------- Experiment Queue saving disabled
DVC saving peakcenter
Failed to find a valid peak. No peak greater than 1.0. max = 0.10893802087
Smart pull ahead: 0 behind: 0
Up-to-date with origin
add to repo msg=modified - ad8224ebc6dbfeb9f5997218dfa5fe690569839d.json
add to repo msg=modified - 47-08B.json
add to repo msg=modified - 47-08B.dat.json
add to repo msg=modified - 47-08B.blan.json
add to repo msg=modified - 47-08B.inte.json
add to repo msg=modified - 47-08B.icfa.json
add to repo msg=modified - 47-08B.base.json
not at valid file /Users/jan/PychronDev/data/.dvc/repositories/Load1794/654/tags/47-08B.tags.json
add to repo msg=modified - 47-08B.peak.json
add to repo msg=modified - 47-08B.extr.json
not at valid file /Users/jan/PychronDev/data/.dvc/repositories/Load1794/654/monitor/47-08B.moni.json
commit message=<COLLECTION>
add to repo msg=modified - 47-08B.inte.json
add to repo msg=modified - 47-08B.base.json
commit message=<ISOEVO> default collection fits
add to repo msg=modified - 47-08B.blan.json
commit message=<BLANKS> preceding bu-FC-J-7808
add to repo msg=modified - 47-08B.icfa.json
commit message=<ICFactor> default
push repository <pychron.git_archive.repo_manager.GitRepoManager object at 0x1ce2b71d0>
pushing to remote=origin, url=https://github.com
no changes to meta repo
create new session 4992585168
add association Load1794
get identifier "65447"
setting analysis irradiation position=<pychron.dvc.dvc_orm.IrradiationPositionTbl object at 0x1d1ad4810>
close session 4992585168
================= post measurement finished
08:01:31 -- ******* Post Run Check *******
loading queue conditionals post_run_actions
loading system conditionals post_run_actions
loading conditionals from /Users/jan/PychronDev/setupfiles/spectrometer/default_conditionals.yaml
loading queue conditionals post_run_terminations
loading system conditionals post_run_terminations
loading conditionals from /Users/jan/PychronDev/setupfiles/spectrometer/default_conditionals.yaml
Checking default post run terminations n=1
GetDeflection CDD ===>> 50
testing CDD==2000
evaluate ot="CDD.deflection==2000" t="CDD==2000", ctx="{'CDD': 50.0}"
08:01:31 -- ******* Post Run Check Passed *******
08:01:31 -- Automated run 65447-08B success duration: 361.918 s
----------------- finish -----------------
----------------- stop -----------------
retroactive repository identifiers disabled
finish run. runs completed=112
update duration runid=65447-08B, duration=361.918404102, md5=301e91d8
loading script "jan_unknown400_120.py"
loading script "jan_pump_ms.py"
loading script "jan_sniffair_x2.py"
loading script "jan_pump_extraction_line.py"
testing...
no interpolation path defined
executed snippet estimated_duration=556.052928, duration=0.000200986862183
script duration name:unknown400_120 seconds:556.0
loading script "jan_unknown400_120.py"
loading script "jan_pump_ms.py"
loading script "jan_sniffair_x2.py"
loading script "jan_pump_extraction_line.py"
testing...
no interpolation path defined
executed snippet estimated_duration=0, duration=2.90870666504e-05
loading script "jan_unknown400_120.py"
loading script "jan_pump_ms.py"
loading script "jan_sniffair_x2.py"
loading script "jan_pump_extraction_line.py"
testing...
no interpolation path defined
calculate duration
testing...
no interpolation path defined
executed snippet estimated_duration=0, duration=6.41345977783e-05
calculate duration
testing...
no interpolation path defined
executed snippet estimated_duration=0, duration=0.000153064727783
calculate duration
testing...
no interpolation path defined
executed snippet estimated_duration=32.0, duration=0.0001060962677
calculate duration
testing...
no interpolation path defined
executed snippet estimated_duration=34.0, duration=0.000191926956177
calculate duration
testing...
no interpolation path defined
executed snippet estimated_duration=4.0, duration=6.91413879395e-05
calculate duration
testing...
no interpolation path defined
executed snippet estimated_duration=36.0, duration=9.98973846436e-05
calculate duration
testing...
no interpolation path defined
executed snippet estimated_duration=34.0, duration=0.000102043151855
calculate duration
testing...
no interpolation path defined
executed snippet estimated_duration=4.0, duration=7.00950622559e-05
calculate duration
testing...
no interpolation path defined
executed snippet estimated_duration=36.0, duration=9.20295715332e-05
calculate duration
testing...
no interpolation path defined
executed snippet estimated_duration=70.0, duration=0.000136852264404
executed snippet estimated_duration=250.0, duration=0.02973985672
script duration name:sniffair_x2 seconds:250.0
loading script "jan_unknown400_120.py"
loading script "jan_pump_ms.py"
loading script "jan_sniffair_x2.py"
loading script "jan_pump_extraction_line.py"
testing...
no interpolation path defined
calculate duration
testing...
no interpolation path defined
executed snippet estimated_duration=4.0, duration=0.000221014022827
executed snippet estimated_duration=4.0, duration=0.0028510093689
Script duration 806.0
Run total estimated duration= 807.000
unknown400_120 in script context. using previous estimated duration
script duration name:unknown400_120 seconds:556.0
pump_ms in script context. using previous estimated duration
sniffair_x2 in script context. using previous estimated duration
script duration name:sniffair_x2 seconds:250.0
pump_extraction_line in script context. using previous estimated duration
Script duration 806.0
Run total estimated duration= 807.000
loading script "jan_unknown120_60.py"
loading script "jan_pump_ms.py"
loading script "jan_co2.py"
loading script "jan_pump_extraction_line.py"
testing...
no interpolation path defined
executed snippet estimated_duration=213.652928, duration=0.000359058380127
script duration name:unknown120_60 seconds:214.0
loading script "jan_unknown120_60.py"
loading script "jan_pump_ms.py"
loading script "jan_co2.py"
loading script "jan_pump_extraction_line.py"
testing...
no interpolation path defined
calculate duration
testing...
no interpolation path defined
executed snippet estimated_duration=0, duration=4.60147857666e-05
calculate duration
testing...
no interpolation path defined
executed snippet estimated_duration=0, duration=9.51290130615e-05
executed snippet estimated_duration=0.0, duration=0.00274205207825
script duration name:co2 seconds:0.0
Script duration 214.0
Run total estimated duration= 215.000
unknown120_60 in script context. using previous estimated duration
script duration name:unknown120_60 seconds:214.0
co2 in script context. using previous estimated duration
script duration name:co2 seconds:0.0
Script duration 214.0
Run total estimated duration= 215.000
script duration name:unknown400_120 seconds:556.0
script duration name:co2 seconds:0.0
Script duration 556.0
Run total estimated duration= 557.000
script duration name:unknown400_120 seconds:556.0
loading script "jan_unknown400_120.py"
loading script "jan_pump_ms.py"
loading script "jan_cocktail_x1.py"
loading script "jan_pump_extraction_line.py"
testing...
no interpolation path defined
calculate duration
testing...
no interpolation path defined
executed snippet estimated_duration=0, duration=4.91142272949e-05
calculate duration
testing...
no interpolation path defined
executed snippet estimated_duration=0, duration=0.000111818313599
calculate duration
testing...
no interpolation path defined
executed snippet estimated_duration=32.0, duration=0.000121831893921
calculate duration
testing...
no interpolation path defined
executed snippet estimated_duration=34.0, duration=0.0001220703125
calculate duration
testing...
no interpolation path defined
executed snippet estimated_duration=4.0, duration=8.39233398438e-05
calculate duration
testing...
no interpolation path defined
executed snippet estimated_duration=38.0, duration=0.000204086303711
executed snippet estimated_duration=108.0, duration=0.00746393203735
script duration name:cocktail_x1 seconds:108.0
Script duration 664.0
Run total estimated duration= 665.000
loading script "jan_ic_peak_hop3.py"
loading script "jan_pump_ms.py"
loading script "jan_air_x1.py"
loading script "jan_pump_extraction_line.py"
testing...
no interpolation path defined
executed snippet estimated_duration=133.8, duration=0.00958490371704
script duration name:ic_peak_hop3 seconds:134.0
loading script "jan_ic_peak_hop3.py"
loading script "jan_pump_ms.py"
loading script "jan_air_x1.py"
loading script "jan_pump_extraction_line.py"
testing...
no interpolation path defined
calculate duration
testing...
no interpolation path defined
executed snippet estimated_duration=0, duration=3.88622283936e-05
calculate duration
testing...
no interpolation path defined
executed snippet estimated_duration=0, duration=8.10623168945e-05
calculate duration
testing...
no interpolation path defined
executed snippet estimated_duration=32.0, duration=7.48634338379e-05
calculate duration
testing...
no interpolation path defined
executed snippet estimated_duration=34.0, duration=0.000176906585693
calculate duration
testing...
no interpolation path defined
executed snippet estimated_duration=4.0, duration=6.89029693604e-05
calculate duration
testing...
no interpolation path defined
executed snippet estimated_duration=36.0, duration=6.79492950439e-05
executed snippet estimated_duration=106.0, duration=0.0170650482178
script duration name:air_x1 seconds:106.0
Script duration 240.0
Run total estimated duration= 241.000
script duration name:unknown120_60 seconds:214.0
script duration name:co2 seconds:0.0
Script duration 214.0
Run total estimated duration= 215.000
script duration name:unknown120_60 seconds:214.0
script duration name:co2 seconds:0.0
Script duration 214.0
Run total estimated duration= 215.000
script duration name:unknown120_60 seconds:214.0
script duration name:co2 seconds:0.0
Script duration 214.0
Run total estimated duration= 215.000
script duration name:unknown120_60 seconds:214.0
script duration name:co2 seconds:0.0
Script duration 214.0
Run total estimated duration= 215.000
script duration name:unknown120_60 seconds:214.0
script duration name:co2 seconds:0.0
Script duration 214.0
Run total estimated duration= 215.000
script duration name:unknown120_60 seconds:214.0
script duration name:co2 seconds:0.0
Script duration 214.0
Run total estimated duration= 215.000
script duration name:unknown120_60 seconds:214.0
script duration name:co2 seconds:0.0
Script duration 214.0
Run total estimated duration= 215.000
script duration name:unknown120_60 seconds:214.0
script duration name:co2 seconds:0.0
Script duration 214.0
Run total estimated duration= 215.000
script duration name:unknown120_60 seconds:214.0
script duration name:co2 seconds:0.0
Script duration 214.0
Run total estimated duration= 215.000
script duration name:unknown120_60 seconds:214.0
script duration name:co2 seconds:0.0
Script duration 214.0
Run total estimated duration= 215.000
script duration name:unknown120_60 seconds:214.0
script duration name:co2 seconds:0.0
Script duration 214.0
Run total estimated duration= 215.000
script duration name:unknown120_60 seconds:214.0
script duration name:co2 seconds:0.0
Script duration 214.0
Run total estimated duration= 215.000
script duration name:unknown120_60 seconds:214.0
script duration name:co2 seconds:0.0
Script duration 214.0
Run total estimated duration= 215.000
script duration name:unknown120_60 seconds:214.0
script duration name:co2 seconds:0.0
Script duration 214.0
Run total estimated duration= 215.000
script duration name:unknown120_60 seconds:214.0
script duration name:co2 seconds:0.0
Script duration 214.0
Run total estimated duration= 215.000
script duration name:unknown400_120 seconds:556.0
script duration name:co2 seconds:0.0
Script duration 556.0
Run total estimated duration= 557.000
script duration name:unknown120_60 seconds:214.0
script duration name:co2 seconds:0.0
Script duration 214.0
Run total estimated duration= 215.000
script duration name:unknown120_60 seconds:214.0
script duration name:co2 seconds:0.0
Script duration 214.0
Run total estimated duration= 215.000
script duration name:unknown120_60 seconds:214.0
script duration name:co2 seconds:0.0
Script duration 214.0
Run total estimated duration= 215.000
script duration name:unknown400_120 seconds:556.0
cocktail_x1 in script context. using previous estimated duration
script duration name:cocktail_x1 seconds:108.0
Script duration 664.0
Run total estimated duration= 665.000
script duration name:unknown400_120 seconds:556.0
script duration name:cocktail_x1 seconds:108.0
Script duration 664.0
Run total estimated duration= 665.000
ic_peak_hop3 in script context. using previous estimated duration
script duration name:ic_peak_hop3 seconds:134.0
air_x1 in script context. using previous estimated duration
script duration name:air_x1 seconds:106.0
Script duration 240.0
Run total estimated duration= 241.000
script duration name:unknown120_60 seconds:214.0
script duration name:co2 seconds:0.0
Script duration 214.0
Run total estimated duration= 215.000
script duration name:unknown120_60 seconds:214.0
script duration name:co2 seconds:0.0
Script duration 214.0
Run total estimated duration= 215.000
script duration name:unknown120_60 seconds:214.0
script duration name:co2 seconds:0.0
Script duration 214.0
Run total estimated duration= 215.000
script duration name:unknown400_120 seconds:556.0
script duration name:sniffair_x2 seconds:250.0
Script duration 806.0
Run total estimated duration= 807.000
script duration name:unknown400_120 seconds:556.0
script duration name:sniffair_x2 seconds:250.0
Script duration 806.0
Run total estimated duration= 807.000
nruns=34 before=0.0, run_dur=11764.0, btw=0.0
write rem/ex queues
/Users/jan/PychronDev/experiments/rem/CurrentExperiment.rem.txt
/Users/jan/PychronDev/experiments/rem/CurrentExperiment.ex.txt
doing event level: 3
