do run
loading script "jan_unknown120_60.py"
loading script "jan_pump_ms.py"
loading script "jan_co2.py"
loading script "jan_pump_extraction_line.py"
testing...
no interpolation path defined
executed snippet estimated_duration=213.652928, duration=0.000207901000977
script duration name:unknown120_60 seconds:214.0
loading script "jan_unknown120_60.py"
loading script "jan_pump_ms.py"
loading script "jan_co2.py"
loading script "jan_pump_extraction_line.py"
testing...
no interpolation path defined
executed snippet estimated_duration=0, duration=2.78949737549e-05
loading script "jan_unknown120_60.py"
loading script "jan_pump_ms.py"
loading script "jan_co2.py"
loading script "jan_pump_extraction_line.py"
testing...
no interpolation path defined
calculate duration
testing...
no interpolation path defined
executed snippet estimated_duration=0, duration=5.50746917725e-05
calculate duration
testing...
no interpolation path defined
executed snippet estimated_duration=0, duration=0.000100135803223
executed snippet estimated_duration=0.0, duration=0.00293803215027
script duration name:co2 seconds:0.0
loading script "jan_unknown120_60.py"
loading script "jan_pump_ms.py"
loading script "jan_co2.py"
loading script "jan_pump_extraction_line.py"
testing...
no interpolation path defined
calculate duration
testing...
no interpolation path defined
executed snippet estimated_duration=4.0, duration=0.000184059143066
executed snippet estimated_duration=4.0, duration=0.00156903266907
Script duration 214.0
Run total estimated duration= 215.000
run duration: 0:03:35
doing event level: 2
08:30:46 -- Setting default integration. t=1.048576
setting integration time = 1.048576
SetIntegrationTime 1.048576 ===>> OK
----------------- start -----------------
**************** Experiment Type: Ar/Ar, Ar/Ar
create new session 4419438256
close session 4419438256
$$$$$ Clearing conditionals
adding conditionals 
Add queue conditionals
add default conditionals
adding default conditionals from /Users/jan/PychronDev/setupfiles/spectrometer/default_conditionals.yaml
Start automated run 65447-09A
loading script "jan_unknown120_60.py"
loading script "jan_pump_ms.py"
loading script "jan_co2.py"
loading script "jan_pump_extraction_line.py"
%%%%%%%%%%%%%%%%%% setting automated run 65447-09A
No value "sensitivity_multiplier" in metadata
$$$$$$$$$$$$$$$ auto_save_detector_ic=False
============================= Pre Extraction Check =============================
loading queue conditionals pre_run_terminations
loading system conditionals pre_run_terminations
loading conditionals from /Users/jan/PychronDev/setupfiles/spectrometer/default_conditionals.yaml
08:30:46 -- ******* Pre Extraction Check *******
Get a measurement from the spectrometer
GetData ===>> H2,-0.204188803704903,H1,-0.00907982601023856,AX,-0.0041177851127392,L1,0.000144023320562087,L2,0...
Pre Extraction Termination data. keys=H2,H1,AX,L1,L2,CDD, signals=-0.20419,-0.00908,-0.00412,0.00014,0.07514,0.00268
08:30:46 -- testing system defined conditionals
Checking default pre extraction terminations n=2
testing CDD
evaluate ot="CDD.inactive" t="CDD", ctx="{'CDD': False}"
GetDeflection CDD ===>> 50
testing CDD==2000
evaluate ot="CDD.deflection==2000" t="CDD==2000", ctx="{'CDD': 50.0}"
08:30:47 -- ******* Pre Extraction Check Passed *******
=================================================================================
08:30:47 -- stopping status monitor
stop 5288834736
Alive clients [5025639504, 4992986192]
08:30:47 -- starting status monitor
start 5288834736
Monitor already running
start extraction
do extraction
Analysis started at 08:30:47.025569
Extraction Started jan_co2.py
08:30:47 -- ******* Extraction Started jan_co2.py *******
state changed from not run to extraction
DO EXTRACTION <pychron.extraction_line.pyscript_runner.RemotePyScriptRunner object at 0x12bfe48f0>
testing...
no interpolation path defined
calculate duration
testing...
no interpolation path defined
executed snippet estimated_duration=0, duration=6.00814819336e-05
calculate duration
testing...
no interpolation path defined
executed snippet estimated_duration=0, duration=0.0001220703125
executed snippet estimated_duration=100.0, duration=0.00840997695923
Jan CO2 laser analysis
doing GOSUB
testing...
no interpolation path defined
executed snippet estimated_duration=0, duration=4.31537628174e-05
Waiting for CO2 access
wait ('FelixCO2Flag', 0) {}
waiting for FelixCO2Flag = 0
Read FelixCO2Flag ===>> 0
finished waiting
CO2 free
wait ('CO2PumpTimeFlag', 0) {}
waiting for CO2PumpTimeFlag = 0
Read CO2PumpTimeFlag ===>> 0
finished waiting
acquire ('JanCO2Flag',) {'clear': True}
acquire JanCO2Flag
Set JanCO2Flag 1 ===>> OK
JanCO2Flag acquired
set extraction state False (0.75, 'red', 1.5)
CO2 acquired
executed snippet estimated_duration=0, duration=0.0252430438995
WaitForCO2Access.py completed successfully
gosub finished
doing GOSUB
testing...
no interpolation path defined
executed snippet estimated_duration=0, duration=9.48905944824e-05
Prepare for CO2 analysis
close () {'description': 'Jan Inlet'}
closing name=--- desc=Jan Inlet
checking ownership. requestor=129.138.12.150
check software interlocks R
interlocks []
actuate state mode=None-script, software_lock=False
doing actuation None-script close_channel False
Close R ===>> OK
GetIndicatorState R ===>> False
change switch state (True, True)
update switch state R False args=() kw={} ncanvase=6
08:30:47 -- CLOSE  VALVE-R (Jan Inlet)
---------------------------------------- close None (Jan Inlet) result=[(True, True)]
action=close, ok=True, locked=[False]
open () {'description': 'Jan Ion Pump'}
opening name=--- desc=Jan Ion Pump
checking ownership. requestor=129.138.12.150
check software interlocks O
interlocks []
actuate state mode=None-script, software_lock=False
doing actuation None-script open_channel False
Open O ===>> OK
GetIndicatorState O ===>> OK
change switch state (True, True)
update switch state O True args=() kw={} ncanvase=6
08:30:47 -- OPEN   VALVE-O (Jan Ion Pump)
---------------------------------------- open None (Jan Ion Pump) result=[(True, True)], time=0.10 sec
action=open, ok=True, locked=[False]
close () {'description': 'Microbone to Minibone'}
closing name=--- desc=Microbone to Minibone
checking ownership. requestor=129.138.12.150
check software interlocks L
interlocks []
actuate state mode=None-script, software_lock=False
doing actuation None-script close_channel False
Close L ===>> OK
GetIndicatorState L ===>> False
change switch state (True, True)
update switch state L False args=() kw={} ncanvase=6
08:30:48 -- CLOSE  VALVE-L (Microbone to Minibone)
---------------------------------------- close None (Microbone to Minibone) result=[(True, True)]
action=close, ok=True, locked=[False]
open () {'description': 'Microbone to Turbo'}
opening name=--- desc=Microbone to Turbo
checking ownership. requestor=129.138.12.150
check software interlocks U
interlocks []
actuate state mode=None-script, software_lock=False
doing actuation None-script open_channel False
Open U ===>> OK
GetIndicatorState U ===>> OK
change switch state (True, True)
update switch state U True args=() kw={} ncanvase=6
08:30:48 -- OPEN   VALVE-U (Microbone to Turbo)
---------------------------------------- open None (Microbone to Turbo) result=[(True, True)], time=0.13 sec
action=open, ok=True, locked=[False]
open () {'description': 'Microbone to Inlet Pipette'}
opening name=--- desc=Microbone to Inlet Pipette
checking ownership. requestor=129.138.12.150
check software interlocks S
interlocks []
actuate state mode=None-script, software_lock=False
doing actuation None-script open_channel False
Open S ===>> OK
GetIndicatorState S ===>> OK
change switch state (True, True)
update switch state S True args=() kw={} ncanvase=6
08:30:49 -- OPEN   VALVE-S (Microbone to Inlet Pipette)
---------------------------------------- open None (Microbone to Inlet Pipette) result=[(True, True)], time=0.42 sec
action=open, ok=True, locked=[False]
open () {'description': 'Microbone to Getter D-50'}
opening name=--- desc=Microbone to Getter D-50
checking ownership. requestor=129.138.12.150
check software interlocks K
interlocks []
actuate state mode=None-script, software_lock=False
doing actuation None-script open_channel False
Open K ===>> OK
GetIndicatorState K ===>> OK
change switch state (True, True)
update switch state K True args=() kw={} ncanvase=6
08:30:50 -- OPEN   VALVE-K (Microbone to Getter D-50)
---------------------------------------- open None (Microbone to Getter D-50) result=[(True, True)], time=0.44 sec
action=open, ok=True, locked=[False]
open () {'description': 'Microbone to Getter NP-10'}
opening name=--- desc=Microbone to Getter NP-10
checking ownership. requestor=129.138.12.150
check software interlocks M
interlocks []
actuate state mode=None-script, software_lock=False
doing actuation None-script open_channel False
Open M ===>> OK
GetIndicatorState M ===>> OK
change switch state (True, True)
update switch state M True args=() kw={} ncanvase=6
08:30:50 -- OPEN   VALVE-M (Microbone to Getter NP-10)
---------------------------------------- open None (Microbone to Getter NP-10) result=[(True, True)], time=0.17 sec
action=open, ok=True, locked=[False]
close () {'description': 'CO2 Laser to Felix'}
closing name=--- desc=CO2 Laser to Felix
checking ownership. requestor=129.138.12.150
check software interlocks F
interlocks []
actuate state mode=None-script, software_lock=True
VALVE-F(CO2 Laser to Felix) software locked
change switch state (True, False)
---------------------------------------- close None (CO2 Laser to Felix) result=[(True, False)]
action=close, ok=True, locked=[True]
open () {'description': 'CO2 Laser to Jan'}
opening name=--- desc=CO2 Laser to Jan
checking ownership. requestor=129.138.12.150
check software interlocks A
interlocks []
actuate state mode=None-script, software_lock=False
doing actuation None-script open_channel False
Open A ===>> OK
GetIndicatorState A ===>> OK
change switch state (True, True)
update switch state A True args=() kw={} ncanvase=6
08:30:51 -- OPEN   VALVE-A (CO2 Laser to Jan)
---------------------------------------- open None (CO2 Laser to Jan) result=[(True, True)], time=0.14 sec
action=open, ok=True, locked=[False]
open () {'description': 'Microbone to CO2 Laser'}
opening name=--- desc=Microbone to CO2 Laser
checking ownership. requestor=129.138.12.150
check software interlocks T
interlocks []
actuate state mode=None-script, software_lock=False
doing actuation None-script open_channel False
Open T ===>> OK
GetIndicatorState T ===>> OK
change switch state (True, True)
update switch state T True args=() kw={} ncanvase=6
08:30:51 -- OPEN   VALVE-T (Microbone to CO2 Laser)
---------------------------------------- open None (Microbone to CO2 Laser) result=[(True, True)], time=0.42 sec
action=open, ok=True, locked=[False]
executed snippet estimated_duration=0, duration=5.02494096756
PrepareForCO2Analysis.py completed successfully
gosub finished
set_motor ('beam', '1.25') {}
setting motor "beam" to 1.25
set motor beam to 1.25
SetMotor beam,1.25 ===>> OK
GetMotorMoving beam ===>> False
GetMotorMoving beam ===>> False
Block completed
move_to_position ('160',) {'autocenter': True}
FusionsCO2 move to position 160
sending GoToHole 160,True
GoToHole 160,True ===>> OK
GetDriveMoving ===>> OK
GetDriveMoving ===>> OK
GetDriveMoving ===>> OK
GetDriveMoving ===>> OK
GetDriveMoving ===>> OK
GetDriveMoving ===>> OK
GetDriveMoving ===>> OK
GetDriveMoving ===>> OK
GetDriveMoving ===>> OK
GetDriveMoving ===>> False
GetDriveMoving ===>> OK
GetDriveMoving ===>> OK
GetDriveMoving ===>> OK
GetDriveMoving ===>> OK
GetDriveMoving ===>> OK
GetDriveMoving ===>> False
Block completed
GetAutoCorrecting ===>> False
GetAutoCorrecting ===>> False
Block completed
update position
GetPosition ===>> -1.99390,-5.98170,1.00000
got position (-1.9939, -5.9817, 1.0)
move to position succeeded
sleep (5,) {}
SLEEP 5.0
block started
WaitControl setup for 5.0  
Join finished
block finished. duration 5.01192092896
close () {'description': 'Microbone to Turbo'}
closing name=--- desc=Microbone to Turbo
checking ownership. requestor=129.138.12.150
check software interlocks U
interlocks []
actuate state mode=None-script, software_lock=False
doing actuation None-script close_channel True
Close U ===>> OK
GetIndicatorState U ===>> False
change switch state (True, True)
update switch state U False args=() kw={} ncanvase=6
08:31:04 -- CLOSE  VALVE-U (Microbone to Turbo)
---------------------------------------- close None (Microbone to Turbo) result=[(True, True)]
action=close, ok=True, locked=[False]
enable laser
enable () {}
set extraction state FusionsCO2 Enabled (False, 'red', 1.5)
enabling laser
Enable ===>> OK
begin interval
BEGIN INTERVAL Interval 1 waiting for 30.0
block started
WaitControl setup for 30.0  
set extract to 0.4
extract (0.4,) {}
GetPosition ===>> -1.99390,-5.98170,1.00000
set extraction state FusionsCO2 ON! 0.4(watts) (0.75, 'red', 1.5)
extract sample to 0.4 (watts)
set laser output
SetLaserOutput 0.4,watts ===>> OK
executing pattern triangle.lp
execute_pattern ('triangle.lp',) {}
executing pattern triangle.lp
IsPatterning ===>> OK
IsPatterning ===>> OK
IsPatterning ===>> OK
IsPatterning ===>> OK
IsPatterning ===>> OK
IsPatterning ===>> OK
IsPatterning ===>> OK
IsPatterning ===>> OK
IsPatterning ===>> OK
IsPatterning ===>> OK
IsPatterning ===>> OK
IsPatterning ===>> OK
IsPatterning ===>> OK
IsPatterning ===>> OK
IsPatterning ===>> OK
IsPatterning ===>> OK
IsPatterning ===>> OK
IsPatterning ===>> OK
IsPatterning ===>> OK
IsPatterning ===>> OK
IsPatterning ===>> OK
IsPatterning ===>> OK
IsPatterning ===>> OK
IsPatterning ===>> OK
IsPatterning ===>> OK
IsPatterning ===>> OK
IsPatterning ===>> OK
IsPatterning ===>> False
Join finished
block finished. duration 30.0656540394
Interval 1 finished
IsPatterning ===>> False
Block completed
COMPLETE INTERVAL waiting for Interval 1 to complete
end_extract () {}
ending extraction. set laser power to 0
set laser power 0
SetLaserPower 0 ===>> OK
disable () {}
%%%%%%%%%%%%%%%%%%%%%%%%%%%%%%%%%%% disable
set extraction state False (0.75, 'red', 1.5)
disabling laser
Disable ===>> OK
sleep (30.0,) {}
SLEEP 30.0
block started
WaitControl setup for 30.0  
Join finished
block finished. duration 30.0788710117
executed snippet estimated_duration=165.0, duration=78.1206960678
jan_co2.py completed successfully
GetAchievedOutput ===>> No Response
Requested Output= 0.000
Achieved Output=  0.000
GetResponseBlob ===>> No Response
GetOutputBlob ===>> No Response
persistence save...
persistence save - db
AutomatedRunPersister post_extraction_save deprecated
persistence save - dvc
no extraction position for 160
create new session 4992585168
close session 4992585168
Extraction Finished
08:32:05 -- ******* Extraction Finished *******
no overlap. not waiting for min ms pumptime
08:32:05 -- Sending spectrometer configuration
======== Sending configuration ========
SetDeflection CDD,50.0 ===>> OK
SetDeflection H2,0.0 ===>> OK
SetDeflection H1,0.0 ===>> OK
SetDeflection L2,825.0 ===>> OK
SetDeflection L1,400.0 ===>> OK
SetDeflection AX,190.0 ===>> OK
SetZFocus 74.64 ===>> OK
SetZSymmetry -50.72 ===>> OK
SetExtractionLens 26.13 ===>> OK
SetIonRepeller -3.81 ===>> OK
SetElectronEnergy 75.08 ===>> OK
SetYSymmetry -2.81 ===>> OK
SetIonCounterVoltage 1590.0 ===>> OK
send trap current 200.0
GetParameter Trap Current Readback ===>> 197.923274125618
SetParameter Trap Current Set,200.0 ===>> OK
updating mftable name mftable
Using mftable located at /Users/jan/PychronDev/setupfiles/spectrometer/mftables/mftable.csv
============ MFtable ===========
Isotope  H2     H1     AX     L1     L2     CDD    
Ar40     5.8239 5.8809 5.9941 6.1638 6.2325 6.3921
Ar39     5.7232 5.7732 5.8865 6.0499 6.1176 6.2786
Ar36     5.4007 5.4422 5.5499 5.7088 5.7725 5.9296
================================
get initial guess parabolic
get initial guess parabolic
get initial guess parabolic
get initial guess parabolic
get initial guess parabolic
get initial guess parabolic
======== Configuration Finished ========
GetYSymmetry ===>> -2.81
GetZSymmetry ===>> -50.72
GetParameter Trap Current Readback ===>> 197.811389855338
GetHighVoltage ===>> 4499.94659342336
start measurement
do measurement
L#=65447 analysis type=unknown
Measurement Started jan_unknown120_60.py
08:32:05 -- ******* Measurement Started jan_unknown120_60.py *******
state changed from extraction to measurement
setting spec, defl, and gains
GetExtractionLens ===>> 26.13
GetYSymmetry ===>> -2.81
GetZSymmetry ===>> -50.72
GetZFocus ===>> 74.64
GetDeflection H2 ===>> 0
GetDeflection H1 ===>> 0
GetDeflection AX ===>> 190
GetDeflection L1 ===>> 400
GetDeflection L2 ===>> 825
GetDeflection CDD ===>> 50
GetGain H2 ===>> 0.0113
GetGain H1 ===>> 0.1
GetGain AX ===>> 0.097049
GetGain L1 ===>> 0.010355
GetGain L2 ===>> 0.095649
GetGain CDD ===>> 0
pre measurement save
New frame /Users/jan/PychronDev/data/isotopes/4d/9683c4-8536-439f-bde6-933c6149cd87.h5
flush and close file /Users/jan/PychronDev/data/isotopes/4d/9683c4-8536-439f-bde6-933c6149cd87.h5
testing...
no interpolation path defined
executed snippet estimated_duration=226.132928, duration=0.000149965286255
unknown measurement script
activate_detectors ('H2', 'H1', 'AX', 'L1', 'L2', 'CDD') {}
activate detectors
*************** Set Analysis View Ar/Ar
create graphs
clearing graphs
clear isotope group
setting isotope det=H2, iso=PM41
setting isotope det=H1, iso=Ar40
setting isotope det=AX, iso=Ar39
setting isotope det=L1, iso=Ar38
setting isotope det=L2, iso=Ar37
setting isotope det=CDD, iso=Ar36
setting previous blanks
 - setting Ar40 blank 0.062+/-0.007
 - setting Ar36 blank 0.00359+/-0.00016
 - setting Ar37 blank 0.047+/-0.005
 - setting Ar38 blank 0.0098+/-0.0022
 - setting PM41 blank 0.03+/-0.07
 - setting Ar39 blank 0.023+/-0.009
load analysis view
position_magnet ('Ar40',) {'detector': 'H1'}
detector Detector(H1)
POSITION Ar40 H1
setting detector H2 to PM41 (40.9624)
setting detector H1 to Ar40 (39.9624)
setting detector AX to Ar39 (38.9624)
setting detector L1 to Ar38 (37.9624)
setting detector L2 to Ar37 (36.9624)
setting detector CDD to Ar36 (35.9624)
Mapping mass to dac mass func: "parabolic"
H1 map mass coeffs = [-0.00063987  0.15840543  0.57248999]
H1 map mass to dac 39.9624 >> 5.88088
GetDeflection H1 ===>> 0
GetHighVoltage ===>> 4499.94659342336
positioning Ar40 (5.88084536805) on H1
setting magnet DAC
current  : 5.880845
requested: 5.880845
Delta Dac: 0.000000
Checking detector protection. dv=0.00000
Checking detector "CDD". Protection Threshold: 0.1 (V)
SetMagnetDAC 5.88084536805 ===>> OK
equilibrate () {'delay': 3, 'inlet': 'R', 'outlet': 'O', 'eqtime': 12.0}
Equilibration Started
08:32:09 -- ******* Equilibration Started *******
update labels <pychron.experiment.plot_panel.PlotPanel object at 0x1d37d6230>
update labels "<pychron.graph.stacked_regression_graph.StackedRegressionGraph object at 0x1dd73b410>"
setting label 0 H2 PM41
setting label 1 H1 Ar40
setting label 2 AX Ar39
setting label 3 L1 Ar38
setting label 4 L2 Ar37
setting label 5 CDD Ar36
update labels "<pychron.graph.stacked_graph.StackedGraph object at 0x1974213b0>"
setting label 0 H2 PM41
setting label 1 H1 Ar40
setting label 2 AX Ar39
setting label 3 L1 Ar38
setting label 4 L2 Ar37
setting label 5 CDD Ar36
checking ownership. requestor=129.138.12.150
check software interlocks O
interlocks []
actuate state mode=None-script, software_lock=False
doing actuation None-script close_channel True
Close O ===>> OK
GetIndicatorState O ===>> False
change switch state (True, True)
update switch state O False args=() kw={} ncanvase=6
08:32:10 -- CLOSE  VALVE-O (Jan Ion Pump)
waiting 3s before opening inlet value ('R',)
checking ownership. requestor=129.138.12.150
check software interlocks R
interlocks []
actuate state mode=None-script, software_lock=False
doing actuation None-script open_channel True
Open R ===>> OK
GetIndicatorState R ===>> OK
change switch state (True, True)
update switch state R True args=() kw={} ncanvase=6
08:32:13 -- OPEN   VALVE-R (Jan Inlet)
equilibrating for 12.0sec
set_time_zero () {}
sniff (12.0,) {}
py_sniff
build tables- sniff [Detector(H2), Detector(H1), Detector(AX), Detector(L1), Detector(L2), Detector(CDD)]
add group /sniff/PM41 (Group) '' table H2
add group /sniff/Ar40 (Group) '' table H1
add group /sniff/Ar39 (Group) '' table AX
add group /sniff/Ar38 (Group) '' table L1
add group /sniff/Ar37 (Group) '' table L2
add group /sniff/Ar36 (Group) '' table CDD
flush and close file /Users/jan/PychronDev/data/isotopes/4d/9683c4-8536-439f-bde6-933c6149cd87.h5
measuring sniff. ncounts=12.0
"sniff" increment series count="1" fit count="0" regressing="False"
starting measurement
check iteration duration=2.00271606445e-05
GetData ===>> H2,-0.237572800612935,H1,0.010614415986532,AX,-0.0653132708327203,L1,-0.00113768436905918,L2,0.04...
check iteration duration=3.00407409668e-05
GetData ===>> H2,0.417111475746566,H1,2.67287245059327,AX,1.42038417587111,L1,0.0754634552762407,L2,3.215627463...
check iteration duration=1.50203704834e-05
GetData ===>> H2,0.780656431708576,H1,8.05975445803056,AX,2.72740706877408,L1,0.158764072203225,L2,8.0936262678...
check iteration duration=4.60147857666e-05
GetData ===>> H2,0.402722933552552,H1,9.95460821368164,AX,2.69696404475398,L1,0.172771418605599,L2,9.2399334063...
check iteration duration=1.69277191162e-05
GetData ===>> H2,0.229888445615926,H1,10.5990308914806,AX,2.83526378646811,L1,0.179559059667828,L2,9.6317388810...
check iteration duration=1.78813934326e-05
GetData ===>> H2,0.0796861319701624,H1,10.8340471718049,AX,2.70850988787269,L1,0.159354407529357,L2,9.567674548...
check iteration duration=3.19480895996e-05
GetData ===>> H2,-0.0562772439315266,H1,10.8926116394121,AX,2.72573710369433,L1,0.108616405067168,L2,9.68546043...
check iteration duration=5.00679016113e-05
GetData ===>> H2,-0.0138119155423151,H1,11.0006515196994,AX,2.80640987296452,L1,0.140800412553109,L2,9.62982377...
check iteration duration=1.97887420654e-05
GetData ===>> H2,0.00217134135875521,H1,11.0485818354103,AX,2.77008308526668,L1,0.118339384943703,L2,9.59297711...
check iteration duration=1.90734863281e-05
GetData ===>> H2,-0.0547022664999056,H1,11.0759605723877,AX,2.65906743141207,L1,0.115228898296131,L2,9.77708217...
check iteration duration=2.69412994385e-05
GetData ===>> H2,0.00409668316272372,H1,11.0975286842236,AX,2.67261873590666,L1,0.0702543591692248,L2,9.8097699...
check iteration duration=2.8133392334e-05
GetData ===>> H2,-0.0474146517317717,H1,11.1059027805714,AX,2.77546006623253,L1,0.027773433811415,L2,9.73676636...
Equilibration Finished
08:32:25 -- ******* Equilibration Finished *******
checking ownership. requestor=129.138.12.150
check software interlocks R
interlocks []
actuate state mode=None-script, software_lock=False
doing actuation None-script close_channel True
Close R ===>> OK
set states for children of R. state=False
handle state [('R', False)]
update switch state R False args=() kw={'refresh': False} ncanvase=6
refresh_canvas_needed fired
GetIndicatorState R ===>> False
change switch state (True, True)
update switch state R False args=() kw={} ncanvase=6
08:32:26 -- CLOSE  VALVE-R (Jan Inlet)
Post Equilibration Started jan_pump_extraction_line.py
08:32:26 -- ******* Post Equilibration Started jan_pump_extraction_line.py *******
testing...
no interpolation path defined
calculate duration
testing...
no interpolation path defined
executed snippet estimated_duration=4.0, duration=0.000150918960571
executed snippet estimated_duration=4.0, duration=0.00172519683838
Pump after analysis
doing GOSUB
testing...
no interpolation path defined
executed snippet estimated_duration=4.0, duration=0.000141859054565
Pump Microbone
close () {'description': 'Jan Inlet'}
closing name=--- desc=Jan Inlet
checking ownership. requestor=129.138.12.150
check software interlocks R
interlocks []
actuate state mode=None-script, software_lock=False
doing actuation None-script close_channel False
check iteration duration=6.89029693604e-05
waiting for write to finish
measurement finished
estimated time: 12.583 actual time: :12.679
flush and close file /Users/jan/PychronDev/data/isotopes/4d/9683c4-8536-439f-bde6-933c6149cd87.h5
set_fits () {}
using default fits file=/Users/jan/PychronDev/scripts/measurement/fits/nominal_linear.yaml
set "Ar40" to "('Linear', 'SEM')"
No fit for "PM41". defaulting to linear. check the measurement script "jan_unknown120_60.py"
set "PM41" to "linear"
set "Ar36" to "('Linear', 'SEM')"
set "Ar37" to "('linear', 'SEM')"
set "Ar38" to "('linear', 'SEM')"
set "Ar39" to "('Linear', 'SEM')"
set_baseline_fits () {}
using default fits file=/Users/jan/PychronDev/scripts/measurement/fits/nominal_linear.yaml
Close R ===>> OK
set "H1" to "('average', 'SEM')"
set "H2" to "('average', 'SEM')"
set "CDD" to "('average', 'SEM')"
set "L2" to "('average', 'SEM')"
set "L1" to "('average', 'SEM')"
set "AX" to "('average', 'SEM')"
multicollect () {'integration_time': 1, 'ncounts': 120}
build tables- signal [Detector(H2), Detector(H1), Detector(AX), Detector(L1), Detector(L2), Detector(CDD)]
add group /signal/PM41 (Group) '' table H2
add group /signal/Ar40 (Group) '' table H1
add group /signal/Ar39 (Group) '' table AX
add group /signal/Ar38 (Group) '' table L1
add group /signal/Ar37 (Group) '' table L2
add group /signal/Ar36 (Group) '' table CDD
flush and close file /Users/jan/PychronDev/data/isotopes/4d/9683c4-8536-439f-bde6-933c6149cd87.h5
measuring signal. ncounts=120
GetIndicatorState R ===>> False
change switch state (True, True)
update switch state R False args=() kw={} ncanvase=6
08:32:26 -- CLOSE  VALVE-R (Jan Inlet)
---------------------------------------- close None (Jan Inlet) result=[(True, True)]
action=close, ok=True, locked=[False]
is_closed ('F',) {}
is F () closed?
is closed True
open () {'description': 'CO2 Laser to Jan'}
opening name=--- desc=CO2 Laser to Jan
checking ownership. requestor=129.138.12.150
check software interlocks A
interlocks []
actuate state mode=None-script, software_lock=False
doing actuation None-script open_channel False
Open A ===>> OK
GetIndicatorState A ===>> OK
change switch state (True, True)
update switch state A True args=() kw={} ncanvase=6
08:32:27 -- OPEN   VALVE-A (CO2 Laser to Jan)
---------------------------------------- open None (CO2 Laser to Jan) result=[(True, True)], time=0.14 sec
"signal" increment series count="2" fit count="1" regressing="True"
starting measurement
check iteration duration=3.69548797607e-05
GetData ===>> H2,0.0414314860859848,H1,11.0896463067576,AX,2.68933418300445,L1,0.0596110487760707,L2,9.68047858...
action=open, ok=True, locked=[False]
sleep (1,) {}
SLEEP 1.0
check iteration duration=6.19888305664e-05
GetData ===>> H2,-0.0992702076323332,H1,11.1069102353871,AX,2.63639986236332,L1,0.0988942570557357,L2,9.6954608...
close () {'description': 'CO2 Laser to Roughing'}
closing name=--- desc=CO2 Laser to Roughing
checking ownership. requestor=129.138.12.150
check software interlocks G
interlocks []
actuate state mode=None-script, software_lock=True
VALVE-G(CO2 Laser to Roughing) software locked
change switch state (True, False)
---------------------------------------- close None (CO2 Laser to Roughing) result=[(True, False)]
action=close, ok=True, locked=[True]
open () {'description': 'Microbone to Turbo'}
opening name=--- desc=Microbone to Turbo
checking ownership. requestor=129.138.12.150
check software interlocks U
interlocks []
actuate state mode=None-script, software_lock=False
doing actuation None-script open_channel True
Open U ===>> OK
GetIndicatorState U ===>> OK
change switch state (True, True)
update switch state U True args=() kw={} ncanvase=6
08:32:28 -- OPEN   VALVE-U (Microbone to Turbo)
---------------------------------------- open None (Microbone to Turbo) result=[(True, True)], time=0.16 sec
action=open, ok=True, locked=[False]
open () {'description': 'Microbone to Getter NP-10'}
opening name=--- desc=Microbone to Getter NP-10
checking ownership. requestor=129.138.12.150
check software interlocks M
interlocks []
actuate state mode=None-script, software_lock=False
doing actuation None-script open_channel False
Open M ===>> OK
GetIndicatorState M ===>> OK
change switch state (True, True)
update switch state M True args=() kw={} ncanvase=6
08:32:29 -- OPEN   VALVE-M (Microbone to Getter NP-10)
---------------------------------------- open None (Microbone to Getter NP-10) result=[(True, True)], time=0.16 sec
action=open, ok=True, locked=[False]
open () {'description': 'Microbone to Getter D-50'}
opening name=--- desc=Microbone to Getter D-50
checking ownership. requestor=129.138.12.150
check software interlocks K
interlocks []
actuate state mode=None-script, software_lock=False
doing actuation None-script open_channel False
check iteration duration=3.88622283936e-05
GetData ===>> H2,-0.172125716867899,H1,11.1428231549265,AX,2.70307776491347,L1,0.113335554048591,L2,9.666983304...
Open K ===>> OK
GetIndicatorState K ===>> OK
change switch state (True, True)
update switch state K True args=() kw={} ncanvase=6
08:32:29 -- OPEN   VALVE-K (Microbone to Getter D-50)
---------------------------------------- open None (Microbone to Getter D-50) result=[(True, True)], time=0.45 sec
action=open, ok=True, locked=[False]
open () {'description': 'Microbone to CO2 Laser'}
opening name=--- desc=Microbone to CO2 Laser
checking ownership. requestor=129.138.12.150
check software interlocks T
interlocks []
actuate state mode=None-script, software_lock=False
doing actuation None-script open_channel False
Open T ===>> OK
GetIndicatorState T ===>> OK
change switch state (True, True)
update switch state T True args=() kw={} ncanvase=6
08:32:30 -- OPEN   VALVE-T (Microbone to CO2 Laser)
---------------------------------------- open None (Microbone to CO2 Laser) result=[(True, True)], time=0.43 sec
check iteration duration=8.70227813721e-05
GetData ===>> H2,-0.214472158573702,H1,11.1346550483423,AX,2.67156089148524,L1,0.0369697752173149,L2,9.67233569...
action=open, ok=True, locked=[False]
open () {'description': 'Microbone to Inlet Pipette'}
opening name=--- desc=Microbone to Inlet Pipette
checking ownership. requestor=129.138.12.150
check software interlocks S
interlocks []
actuate state mode=None-script, software_lock=False
doing actuation None-script open_channel False
Open S ===>> OK
GetIndicatorState S ===>> OK
change switch state (True, True)
update switch state S True args=() kw={} ncanvase=6
08:32:31 -- OPEN   VALVE-S (Microbone to Inlet Pipette)
---------------------------------------- open None (Microbone to Inlet Pipette) result=[(True, True)], time=0.43 sec
action=open, ok=True, locked=[False]
sleep (1,) {}
SLEEP 1.0
testing H1>-5.0
evaluate ot="H1.bs>-5.0" t="H1>-5.0", ctx="{'H1': None}"
check iteration duration=0.00147700309753
GetData ===>> H2,-0.148194452048086,H1,11.2324620800217,AX,2.50877412917978,L1,0.059437712489198,L2,9.758868383...
set_resource () {'name': 'CO2PumpTimeFlag', 'value': 30}
Set CO2PumpTimeFlag 30 ===>> OK
release ('JanCO2Flag',) {}
release JanCO2Flag
Set JanCO2Flag 0 ===>> OK
executed snippet estimated_duration=6.0, duration=5.99937415123
PumpMicrobone.py completed successfully
gosub finished
get_resource_value () {'name': 'JanMiniboneFlag'}
Read JanMiniboneFlag ===>> 0
Get Resource Value JanMiniboneFlag=0.0
get resource value 0.0
get_resource_value () {'name': 'JanMiniboneFlag'}
Read JanMiniboneFlag ===>> 0
Get Resource Value JanMiniboneFlag=0.0
executed snippet estimated_duration=4.0, duration=6.01763916016
jan_pump_extraction_line.py completed successfully
Post Equilibration Finished
08:32:32 -- ******* Post Equilibration Finished *******
check iteration duration=0.000107049942017
GetData ===>> H2,-0.176629598473595,H1,11.1865565464697,AX,2.50993692959203,L1,0.0492678417304157,L2,9.62218766...
check iteration duration=0.0001060962677
GetData ===>> H2,-0.135556062853568,H1,11.2086819102366,AX,2.51694925914913,L1,0.0311815791483214,L2,9.70328217...
check iteration duration=6.60419464111e-05
GetData ===>> H2,-0.103057844542909,H1,11.1678474172866,AX,2.64773888791559,L1,-0.0329784248849272,L2,9.6378195...
check iteration duration=4.79221343994e-05
GetData ===>> H2,-0.122362147442617,H1,11.1521876779792,AX,2.76263580322273,L1,0.0339514703788539,L2,9.69390381...
testing H1>-5.0
evaluate ot="H1.bs>-5.0" t="H1>-5.0", ctx="{'H1': None}"
check iteration duration=0.000865936279297
GetData ===>> H2,-0.153798358806267,H1,11.1986953302679,AX,2.62073598913711,L1,0.0488589992806514,L2,9.69052637...
check iteration duration=5.31673431396e-05
GetData ===>> H2,-0.256977222044047,H1,11.3218492807881,AX,2.59606925563474,L1,0.0343120327769331,L2,9.58210161...
check iteration duration=8.01086425781e-05
GetData ===>> H2,-0.267052382886081,H1,11.3521153454556,AX,2.61697326696122,L1,0.0580788109357426,L2,9.58107274...
check iteration duration=9.20295715332e-05
GetData ===>> H2,-0.206950182388728,H1,11.2424518506368,AX,2.61831372027941,L1,0.0527965996688624,L2,9.66046981...
check iteration duration=7.08103179932e-05
GetData ===>> H2,-0.248332609216578,H1,11.2103191445126,AX,2.73253474375245,L1,0.0762258991240914,L2,9.73905496...
testing H1>-5.0
evaluate ot="H1.bs>-5.0" t="H1>-5.0", ctx="{'H1': None}"
check iteration duration=0.000593900680542
GetData ===>> H2,-0.261152508654584,H1,11.2981246288219,AX,2.65467217816107,L1,0.0707948917680057,L2,9.50579590...
check iteration duration=3.88622283936e-05
GetData ===>> H2,-0.189784208512478,H1,11.2484360871362,AX,2.52676970795108,L1,0.0240076088345532,L2,9.55732003...
check iteration duration=6.41345977783e-05
GetData ===>> H2,-0.191095998116506,H1,11.2842603995305,AX,2.5807644031267,L1,0.0314495223767853,L2,9.601652034...
check iteration duration=4.79221343994e-05
GetData ===>> H2,-0.200125696600178,H1,11.2793327340783,AX,2.67203104316137,L1,0.0231855805909793,L2,9.59515474...
check iteration duration=6.69956207275e-05
GetData ===>> H2,-0.183813847863189,H1,11.3211684780293,AX,2.50359454848901,L1,0.044107432358089,L2,9.613714413...
testing H1>-5.0
evaluate ot="H1.bs>-5.0" t="H1>-5.0", ctx="{'H1': None}"
check iteration duration=0.00121116638184
GetData ===>> H2,-0.241420494439358,H1,11.3773682503499,AX,2.63828157601895,L1,0.0391760769762874,L2,9.71999292...
check iteration duration=6.8187713623e-05
GetData ===>> H2,-0.223546373301484,H1,11.4917496358866,AX,2.62773268221992,L1,0.0218325046273009,L2,9.60350677...
check iteration duration=7.48634338379e-05
GetData ===>> H2,-0.133984740116048,H1,11.3811869537801,AX,2.52928371213131,L1,0.0476986983953751,L2,9.65914082...
check iteration duration=6.38961791992e-05
GetData ===>> H2,-0.0028642469640779,H1,11.4485977833504,AX,2.58083492695448,L1,0.0854555834276182,L2,9.7865196...
check iteration duration=7.70092010498e-05
GetData ===>> H2,-0.0249512679053233,H1,11.3153692247879,AX,2.5882402095009,L1,0.0395211934195765,L2,9.57844081...
testing H1>-5.0
evaluate ot="H1.bs>-5.0" t="H1>-5.0", ctx="{'H1': None}"
check iteration duration=0.000632047653198
08:32:52 -- collecting point 25
GetData ===>> H2,-0.0967394492994611,H1,11.2930450683765,AX,2.4655605682442,L1,0.0375276173911359,L2,9.56292286...
check iteration duration=5.98430633545e-05
GetData ===>> H2,-0.271631128807454,H1,11.3746082831936,AX,2.43395894081924,L1,0.0120095256411259,L2,9.59706918...
check iteration duration=9.20295715332e-05
GetData ===>> H2,-0.211437837293084,H1,11.41986066691,AX,2.57078578987278,L1,0.0236350438698804,L2,9.5079377298...
check iteration duration=9.79900360107e-05
GetData ===>> H2,-0.0308895830259792,H1,11.3745074638387,AX,2.60344041204058,L1,0.00151591931289818,L2,9.614875...
check iteration duration=5.41210174561e-05
GetData ===>> H2,-0.112830122621167,H1,11.390715408939,AX,2.64399041356362,L1,0.0273638611626979,L2,9.538670156...
testing H1>-5.0
evaluate ot="H1.bs>-5.0" t="H1>-5.0", ctx="{'H1': None}"
check iteration duration=0.000669956207275
GetData ===>> H2,-0.205512301141317,H1,11.4634170293707,AX,2.71872826263567,L1,0.0617250278436271,L2,9.54228494...
check iteration duration=5.19752502441e-05
GetData ===>> H2,-0.181871149705458,H1,11.5085686122617,AX,2.59825585700809,L1,0.0255876374191148,L2,9.58710252...
check iteration duration=4.10079956055e-05
GetData ===>> H2,-0.224211679284439,H1,11.5622392284306,AX,2.59398850256355,L1,0.0715377198101078,L2,9.61702942...
check iteration duration=5.48362731934e-05
GetData ===>> H2,-0.1782425380828,H1,11.5367631766708,AX,2.61801975965925,L1,0.0568283978864477,L2,9.5386940948...
check iteration duration=8.29696655273e-05
GetData ===>> H2,-0.191957409300428,H1,11.5350481775849,AX,2.53687310420745,L1,0.0407791044860628,L2,9.58510452...
testing H1>-5.0
evaluate ot="H1.bs>-5.0" t="H1>-5.0", ctx="{'H1': None}"
check iteration duration=0.00057578086853
GetData ===>> H2,-0.14362560781337,H1,11.505729512792,AX,2.51016009487604,L1,0.0500988049111226,L2,9.4560681837...
check iteration duration=4.00543212891e-05
GetData ===>> H2,-0.127263727585433,H1,11.5556300003979,AX,2.56488607180706,L1,0.0537962777758057,L2,9.50796166...
check iteration duration=7.00950622559e-05
GetData ===>> H2,-0.236401121314016,H1,11.5981683557141,AX,2.5508315917168,L1,0.0545903164735551,L2,9.554734224...
check iteration duration=3.50475311279e-05
GetData ===>> H2,-0.278084178047175,H1,11.5264231622227,AX,2.67000940684725,L1,0.0174993175398558,L2,9.52974146...
check iteration duration=7.79628753662e-05
GetData ===>> H2,-0.25258111616539,H1,11.6018906440483,AX,2.62473403870775,L1,0.0285025383109396,L2,9.559319299...
testing H1>-5.0
evaluate ot="H1.bs>-5.0" t="H1>-5.0", ctx="{'H1': None}"
check iteration duration=0.00112891197205
GetData ===>> H2,-0.212930184052806,H1,11.5787514882503,AX,2.54976231109458,L1,0.0149125469415157,L2,9.54157873...
check iteration duration=0.000125885009766
GetData ===>> H2,-0.182248922677607,H1,11.5385664777327,AX,2.56252393303781,L1,0.0427504679288121,L2,9.44125152...
check iteration duration=8.9168548584e-05
GetData ===>> H2,-0.092440336979752,H1,11.658876911971,AX,2.63389488674987,L1,0.0397280284434593,L2,9.484487844...
check iteration duration=3.79085540771e-05
GetData ===>> H2,-0.0265397408066554,H1,11.6070263549376,AX,2.68954578909043,L1,0.0531442502642304,L2,9.4987006...
check iteration duration=8.29696655273e-05
GetData ===>> H2,-0.249880762578369,H1,11.6174373438456,AX,2.56764784808108,L1,0.0756212390941856,L2,9.53221891...
testing H1>-5.0
evaluate ot="H1.bs>-5.0" t="H1>-5.0", ctx="{'H1': None}"
check iteration duration=0.000592947006226
GetData ===>> H2,-0.29130027083921,H1,11.6776266058512,AX,2.54912779840443,L1,0.0522408647561376,L2,9.553573024...
check iteration duration=8.39233398438e-05
GetData ===>> H2,-0.298174919514251,H1,11.6014616278746,AX,2.54205443337553,L1,0.013202808682096,L2,9.601963149...
check iteration duration=6.29425048828e-05
GetData ===>> H2,-0.322321665293157,H1,11.7810518106139,AX,2.67285381398485,L1,0.0357171472204056,L2,9.47176020...
check iteration duration=4.79221343994e-05
GetData ===>> H2,-0.218370733307524,H1,11.661073674164,AX,2.63603528449293,L1,0.0457871981778731,L2,9.520646027...
check iteration duration=5.79357147217e-05
GetData ===>> H2,-0.0627417286240511,H1,11.6212486526573,AX,2.60317000901091,L1,0.0151707138091069,L2,9.5249183...
testing H1>-5.0
evaluate ot="H1.bs>-5.0" t="H1>-5.0", ctx="{'H1': None}"
check iteration duration=0.00129985809326
08:33:18 -- collecting point 50
GetData ===>> H2,-0.171965174061797,H1,11.6802152081268,AX,2.63325983261604,L1,0.00744898140203842,L2,9.5703660...
check iteration duration=6.41345977783e-05
GetData ===>> H2,-0.131057875664328,H1,11.7283298220395,AX,2.64048087434014,L1,0.0296221226290997,L2,9.53992693...
check iteration duration=4.10079956055e-05
GetData ===>> H2,-0.170799484104211,H1,11.761480003879,AX,2.44280520433893,L1,0.0112616949248068,L2,9.414290583...
check iteration duration=8.51154327393e-05
GetData ===>> H2,-0.206638904014265,H1,11.76743955199,AX,2.64238618845501,L1,0.0554999284403384,L2,9.4571445394...
check iteration duration=4.00543212891e-05
GetData ===>> H2,-0.264861130734994,H1,11.8449062772121,AX,2.62852057622388,L1,0.0323026625794326,L2,9.57339248...
testing H1>-5.0
evaluate ot="H1.bs>-5.0" t="H1>-5.0", ctx="{'H1': None}"
check iteration duration=0.000581979751587
GetData ===>> H2,-0.240729992414295,H1,11.622195191007,AX,2.50130434446664,L1,0.0558897872246125,L2,9.490780490...
check iteration duration=5.41210174561e-05
GetData ===>> H2,-0.32680190296849,H1,11.7070262686344,AX,2.55724751893619,L1,0.0287187573576023,L2,9.484870655...
check iteration duration=5.79357147217e-05
GetData ===>> H2,-0.270298148931482,H1,11.7871387479176,AX,2.59300104188787,L1,0.00957177794425705,L2,9.5284489...
check iteration duration=3.91006469727e-05
GetData ===>> H2,-0.197183279469106,H1,11.8575554145176,AX,2.70012667193572,L1,-0.00416009233088397,L2,9.564600...
check iteration duration=6.29425048828e-05
GetData ===>> H2,-0.223363205264295,H1,11.7147495738658,AX,2.60007806184711,L1,0.0196410510650429,L2,9.51296341...
testing H1>-5.0
evaluate ot="H1.bs>-5.0" t="H1>-5.0", ctx="{'H1': None}"
check iteration duration=0.00150489807129
GetData ===>> H2,-0.180158870596757,H1,11.8873582488298,AX,2.54716553499504,L1,0.0368098821783907,L2,9.38354840...
check iteration duration=9.01222229004e-05
GetData ===>> H2,-0.0776713649744211,H1,11.8248931429455,AX,2.61873702511141,L1,0.0184133724810252,L2,9.4700258...
check iteration duration=4.57763671875e-05
GetData ===>> H2,-0.15159894863946,H1,11.8466373886895,AX,2.50763483298579,L1,0.0203186206953907,L2,9.567100379...
check iteration duration=4.50611114502e-05
GetData ===>> H2,-0.222078251898803,H1,11.888167263562,AX,2.63396544857261,L1,0.0196626749241459,L2,9.493556079...
check iteration duration=4.29153442383e-05
GetData ===>> H2,-0.219538894547017,H1,11.7940217018633,AX,2.54835228843858,L1,0.0535376271377129,L2,9.48959610...
testing H1>-5.0
evaluate ot="H1.bs>-5.0" t="H1>-5.0", ctx="{'H1': None}"
check iteration duration=0.00113701820374
GetData ===>> H2,-0.10736511906309,H1,11.8501755146644,AX,2.49155689167415,L1,0.066715728645462,L2,9.5267015822...
check iteration duration=4.2200088501e-05
GetData ===>> H2,-0.183986516012077,H1,11.9265056821684,AX,2.52342171779268,L1,0.0564132324107444,L2,9.34957266...
check iteration duration=8.10623168945e-05
GetData ===>> H2,-0.0991889721397486,H1,11.8898232348383,AX,2.5105476989383,L1,0.0330164719396573,L2,9.42059078...
check iteration duration=5.98430633545e-05
GetData ===>> H2,-0.0995585889408634,H1,11.8352151021701,AX,2.57943621378899,L1,0.0320250836922178,L2,9.3325345...
check iteration duration=4.72068786621e-05
GetData ===>> H2,-0.198610083253157,H1,11.9289946314973,AX,2.69831608486413,L1,0.0136002008982417,L2,9.50351054...
testing H1>-5.0
evaluate ot="H1.bs>-5.0" t="H1>-5.0", ctx="{'H1': None}"
check iteration duration=0.000602960586548
GetData ===>> H2,-0.294978367315595,H1,11.9114468893865,AX,2.56966928228765,L1,0.00614360565297531,L2,9.4324510...
check iteration duration=8.29696655273e-05
GetData ===>> H2,-0.201165203661946,H1,11.940732646747,AX,2.5650388488993,L1,0.0402944414034437,L2,9.5709043078...
check iteration duration=6.69956207275e-05
GetData ===>> H2,-0.148995363708043,H1,11.9110426559619,AX,2.48057748161247,L1,0.0667650683745159,L2,9.38807786...
check iteration duration=3.91006469727e-05
GetData ===>> H2,-0.177170869928542,H1,11.9070383018287,AX,2.5194160263109,L1,0.0682610189403542,L2,9.382664048...
check iteration duration=8.39233398438e-05
GetData ===>> H2,-0.164375244277629,H1,11.8923641265411,AX,2.53574523189929,L1,0.0602069149516285,L2,9.40042436...
testing H1>-5.0
evaluate ot="H1.bs>-5.0" t="H1>-5.0", ctx="{'H1': None}"
check iteration duration=0.000563144683838
08:33:45 -- collecting point 75
GetData ===>> H2,-0.0702830708075086,H1,12.0498863393992,AX,2.57136167767358,L1,0.0663884077638402,L2,9.4140873...
check iteration duration=6.00814819336e-05
GetData ===>> H2,-0.222945678789291,H1,12.0396792377678,AX,2.57814330329488,L1,0.0403461537246786,L2,9.42864892...
check iteration duration=6.89029693604e-05
GetData ===>> H2,-0.211638534376387,H1,11.9747536944566,AX,2.59301279731397,L1,0.020399115149761,L2,9.503091768...
check iteration duration=5.69820404053e-05
GetData ===>> H2,-0.0814138396231246,H1,11.9324186115464,AX,2.59435292507213,L1,0.0136566294624044,L2,9.4258033...
check iteration duration=7.41481781006e-05
GetData ===>> H2,-0.0839103961326558,H1,12.0019455181515,AX,2.58858110097223,L1,0.0641959103189719,L2,9.4104652...
testing H1>-5.0
evaluate ot="H1.bs>-5.0" t="H1>-5.0", ctx="{'H1': None}"
check iteration duration=0.00108814239502
GetData ===>> H2,-0.128222161609015,H1,12.0183701765025,AX,2.60968340113871,L1,0.0681370500185326,L2,9.38563981...
check iteration duration=3.60012054443e-05
GetData ===>> H2,-0.230824899163572,H1,12.1046151955027,AX,2.67931868060303,L1,0.0669251233004508,L2,9.40362776...
check iteration duration=6.103515625e-05
GetData ===>> H2,-0.176880665258163,H1,12.0773378147438,AX,2.73553385143212,L1,0.0441964594519274,L2,9.40196628...
check iteration duration=3.60012054443e-05
GetData ===>> H2,-0.129968493349321,H1,12.1838845863266,AX,2.58903954308431,L1,0.0526979605034872,L2,9.42795546...
check iteration duration=7.58171081543e-05
GetData ===>> H2,-0.0981355659967354,H1,12.2090172537638,AX,2.56677817401838,L1,0.0591403995355995,L2,9.4179367...
testing H1>-5.0
evaluate ot="H1.bs>-5.0" t="H1>-5.0", ctx="{'H1': None}"
check iteration duration=0.000866174697876
GetData ===>> H2,-0.136653966450032,H1,12.182631905057,AX,2.58251575977156,L1,0.0566888041117269,L2,9.414720945...
check iteration duration=3.88622283936e-05
GetData ===>> H2,-0.140168706673679,H1,12.0287016913941,AX,2.60151233707302,L1,0.0450178914558373,L2,9.44236359...
check iteration duration=9.41753387451e-05
GetData ===>> H2,-0.213129507878233,H1,11.9211363203487,AX,2.71141419748031,L1,0.0730030690741424,L2,9.40470355...
check iteration duration=8.60691070557e-05
GetData ===>> H2,-0.188464176298035,H1,11.9741217033288,AX,2.53375973803452,L1,0.0908349362772467,L2,9.47875781...
check iteration duration=8.29696655273e-05
GetData ===>> H2,-0.194984634865309,H1,12.089418222898,AX,2.59630437173616,L1,0.0802353968778919,L2,9.488746702...
testing H1>-5.0
evaluate ot="H1.bs>-5.0" t="H1>-5.0", ctx="{'H1': None}"
check iteration duration=0.000702857971191
GetData ===>> H2,-0.193461688497924,H1,12.1776719384562,AX,2.67039727571978,L1,0.0533872519055954,L2,9.36139944...
check iteration duration=7.91549682617e-05
GetData ===>> H2,-0.196011223802108,H1,12.0533774693541,AX,2.56595551642267,L1,0.0165000776817235,L2,9.43096844...
check iteration duration=8.79764556885e-05
GetData ===>> H2,-0.178251985587832,H1,12.0680262881936,AX,2.60693220470704,L1,0.0104179012292952,L2,9.28399460...
check iteration duration=4.10079956055e-05
GetData ===>> H2,-0.179678468399085,H1,12.1154895727889,AX,2.59798546819046,L1,0.043704414122836,L2,9.443655048...
check iteration duration=6.103515625e-05
GetData ===>> H2,-0.227246809190577,H1,12.1565440640425,AX,2.699562329545,L1,0.0403918532058944,L2,9.2364576010...
testing H1>-5.0
evaluate ot="H1.bs>-5.0" t="H1>-5.0", ctx="{'H1': None}"
check iteration duration=0.000581979751587
GetData ===>> H2,-0.226588414136262,H1,12.2448409509362,AX,2.53761327742062,L1,0.0545458005307486,L2,9.27297748...
check iteration duration=8.39233398438e-05
GetData ===>> H2,-0.175341781342442,H1,12.192767659245,AX,2.62579237306908,L1,0.0775895281998724,L2,9.442853868...
check iteration duration=3.81469726562e-05
GetData ===>> H2,-0.110741344408185,H1,12.1214203712183,AX,2.5722784039668,L1,0.0551979185556471,L2,9.493568043...
check iteration duration=6.00814819336e-05
GetData ===>> H2,-0.177404378054505,H1,12.2014742978904,AX,2.52292833938001,L1,0.0511944339914861,L2,9.37155317...
check iteration duration=7.70092010498e-05
GetData ===>> H2,-0.235250847171552,H1,12.1613638856173,AX,2.51303779773764,L1,0.0209962358727004,L2,9.35870870...
testing H1>-5.0
evaluate ot="H1.bs>-5.0" t="H1>-5.0", ctx="{'H1': None}"
check iteration duration=0.000967979431152
08:34:11 -- collecting point 100
GetData ===>> H2,-0.257276955278698,H1,12.138430575495,AX,2.6100949114753,L1,0.00361673466150971,L2,9.420961397...
check iteration duration=7.29560852051e-05
GetData ===>> H2,-0.293704593177477,H1,12.187997027712,AX,2.53137484855121,L1,0.0568993989087352,L2,9.270074047...
check iteration duration=6.103515625e-05
GetData ===>> H2,-0.218005573944311,H1,12.1889966913717,AX,2.57911886146186,L1,0.0647002261743086,L2,9.40563592...
check iteration duration=3.48091125488e-05
GetData ===>> H2,-0.17681452454849,H1,12.2161177403092,AX,2.58493714970822,L1,0.05837127829112,L2,9.26622681875...
check iteration duration=6.29425048828e-05
GetData ===>> H2,-0.128474936783638,H1,12.1950328351949,AX,2.59695094390486,L1,0.056924670579499,L2,9.374842294...
testing H1>-5.0
evaluate ot="H1.bs>-5.0" t="H1>-5.0", ctx="{'H1': None}"
check iteration duration=0.00121808052063
GetData ===>> H2,-0.239250587665143,H1,12.2922958142889,AX,2.61227006605814,L1,0.0346413576950976,L2,9.25424400...
check iteration duration=0.000340938568115
GetData ===>> H2,-0.324544800060737,H1,12.2526908657799,AX,2.49377640763107,L1,0.059085030478588,L2,9.322838988...
check iteration duration=3.69548797607e-05
GetData ===>> H2,-0.263472221099841,H1,12.2977502515371,AX,2.4873293804645,L1,0.0507145554679035,L2,9.353961205...
check iteration duration=4.10079956055e-05
GetData ===>> H2,-0.133971216600656,H1,12.3136215990078,AX,2.57518142677755,L1,0.0199125539944617,L2,9.41931158...
check iteration duration=8.51154327393e-05
GetData ===>> H2,-0.114508447600988,H1,12.1780009086595,AX,2.54906904743598,L1,0.017906488149157,L2,9.364006548...
testing H1>-5.0
evaluate ot="H1.bs>-5.0" t="H1>-5.0", ctx="{'H1': None}"
check iteration duration=0.000596046447754
GetData ===>> H2,-0.100443995677539,H1,12.2642009026391,AX,2.54223067384908,L1,0.0458016232389641,L2,9.38904592...
check iteration duration=3.79085540771e-05
GetData ===>> H2,-0.124297341326924,H1,12.2291808378486,AX,2.64572949994244,L1,0.0691565289478963,L2,9.28037387...
check iteration duration=7.5101852417e-05
GetData ===>> H2,-0.22114744496212,H1,12.2531466851069,AX,2.57286605350834,L1,0.0475219596031399,L2,9.390372546...
check iteration duration=5.00679016113e-05
GetData ===>> H2,-0.220785069577534,H1,12.3108876093764,AX,2.60028967491323,L1,0.0281878277609493,L2,9.34245813...
check iteration duration=0.00010085105896
GetData ===>> H2,-0.282854900305511,H1,12.4781600933183,AX,2.57996513660338,L1,0.0320298901880418,L2,9.31767480...
testing H1>-5.0
evaluate ot="H1.bs>-5.0" t="H1>-5.0", ctx="{'H1': None}"
check iteration duration=0.000575065612793
GetData ===>> H2,-0.183691089999405,H1,12.3508665558241,AX,2.60995382202367,L1,0.0676833126643684,L2,9.26394483...
check iteration duration=3.91006469727e-05
GetData ===>> H2,-0.182016863630875,H1,12.3469287594283,AX,2.59557551364587,L1,0.0395993573197516,L2,9.25429178...
check iteration duration=8.39233398438e-05
GetData ===>> H2,-0.0867029639068579,H1,12.3495497202126,AX,2.6200187091507,L1,0.0441976625261417,L2,9.28974262...
check iteration duration=9.41753387451e-05
GetData ===>> H2,-0.12049561020584,H1,12.4190984270895,AX,2.63830509766674,L1,0.0567381430702465,L2,9.279549375...
check iteration duration=8.10623168945e-05
GetData ===>> H2,-0.19685959383649,H1,12.4051242363526,AX,2.64878472591881,L1,0.0400455044028915,L2,9.313598637...
testing H1>-5.0
evaluate ot="H1.bs>-5.0" t="H1>-5.0", ctx="{'H1': None}"
check iteration duration=0.00100207328796
GetData ===>> H2,-0.227590128816599,H1,12.3901385464471,AX,2.57371227499945,L1,0.0330837697039241,L2,9.25462628...
check iteration duration=1.59740447998e-05
waiting for write to finish
measurement finished
estimated time: 125.829 actual time: :126.190
flush and close file /Users/jan/PychronDev/data/isotopes/4d/9683c4-8536-439f-bde6-933c6149cd87.h5
baselines () {'settling_time': 15.0, 'detector': 'H1', 'mass': 34.2, 'ncounts': 60}
%%%%%%%%%%%%%%%%%%%%%%%%%%%%%%%% Baseline
build tables- baseline [Detector(H2), Detector(H1), Detector(AX), Detector(L1), Detector(L2), Detector(CDD)]
add group baseline table H2
add group baseline table H1
add group baseline table AX
add group baseline table L1
add group baseline table L2
add group baseline table CDD
flush and close file /Users/jan/PychronDev/data/isotopes/4d/9683c4-8536-439f-bde6-933c6149cd87.h5
detector Detector(H1)
POSITION 34.2 H1
Mapping mass to dac mass func: "parabolic"
H1 map mass coeffs = [-0.00063987  0.15840543  0.57248999]
H1 map mass to dac 34.2 >> 5.24153599104
GetDeflection H1 ===>> 0
GetHighVoltage ===>> 4499.94659342336
positioning 34.2 (5.24150512413) on H1
setting magnet DAC
current  : 5.880845
requested: 5.241505
Delta Dac: 0.639340
Checking detector protection. dv=0.63934
Checking detector "CDD". Protection Threshold: 0.1 (V)
ProtectDetector CDD,On ===>> OK
GetDeflection CDD ===>> 2000
Protected = 2000
SetMagnetDAC 5.24150512413 ===>> OK
Magnet settling time: 0.500
GetMagnetMoving ===>> True
GetMagnetMoving ===>> True
GetMagnetMoving ===>> True
GetMagnetMoving ===>> True
GetMagnetMoving ===>> True
GetMagnetMoving ===>> True
GetMagnetMoving ===>> True
GetMagnetMoving ===>> True
GetMagnetMoving ===>> False
ProtectDetector CDD,Off ===>> OK
GetDeflection CDD ===>> 50
Delaying 15.0s for detectors to settle
Join finished
measuring baseline. ncounts=60
"baseline" increment series count="2" fit count="1" regressing="True"
starting measurement
check iteration duration=3.2901763916e-05
GetData ===>> H2,-0.126970368412901,H1,-0.00107615263191794,AX,-0.129424607553108,L1,-0.062328304397169,L2,0.06...
check iteration duration=6.29425048828e-05
GetData ===>> H2,-0.19388489946902,H1,-0.0280666072108414,AX,-0.010056952195172,L1,-0.0411188119866402,L2,0.013...
check iteration duration=9.20295715332e-05
GetData ===>> H2,-0.202292239576051,H1,-0.0383814073685372,AX,-0.0750045343462066,L1,-0.0595442173425568,L2,0.0...
check iteration duration=4.29153442383e-05
GetData ===>> H2,-0.152093130129826,H1,-0.0872102377226679,AX,-0.169061734736145,L1,-0.0481415541307629,L2,0.08...
testing H1>-5.0
evaluate ot="H1.bs>-5.0" t="H1>-5.0", ctx="{'H1': None}"
check iteration duration=0.000907897949219
GetData ===>> H2,-0.118599002266235,H1,-0.0191461309509087,AX,-0.121013271862032,L1,-0.0398396801036981,L2,-0.0...
check iteration duration=4.91142272949e-05
GetData ===>> H2,-0.183496833077601,H1,-0.0632518016327797,AX,0.00432759208099713,L1,-0.0477561848471035,L2,-0....
check iteration duration=3.19480895996e-05
GetData ===>> H2,-0.176570205516905,H1,-0.0547159679302521,AX,-0.0645481299718424,L1,-0.00535848564219578,L2,-0...
check iteration duration=7.9870223999e-05
GetData ===>> H2,-0.219421679664171,H1,-0.113534062934328,AX,-0.053221022864683,L1,-0.0110366183061423,L2,-0.03...
check iteration duration=6.50882720947e-05
GetData ===>> H2,-0.238015343601781,H1,-0.0671499080818315,AX,-0.030075771575347,L1,-0.0190801028381259,L2,0.00...
testing H1>-5.0
evaluate ot="H1.bs>-5.0" t="H1>-5.0", ctx="{'H1': None}"
check iteration duration=0.000774145126343
GetData ===>> H2,-0.232970132784344,H1,-0.0731815411122881,AX,0.0464726210703078,L1,-0.0170774687849868,L2,0.02...
check iteration duration=6.69956207275e-05
GetData ===>> H2,-0.248839716715486,H1,-0.0519261660903545,AX,-0.0779720009552732,L1,-0.0414744966974895,L2,-0....
check iteration duration=7.48634338379e-05
GetData ===>> H2,-0.204368064461642,H1,-0.0411000447200437,AX,-0.0159609602766928,L1,-0.054894375101584,L2,-0.0...
check iteration duration=6.38961791992e-05
GetData ===>> H2,-0.231278473731203,H1,-0.0892839818220413,AX,-0.12309879480051,L1,-0.0428611875722581,L2,-0.00...
check iteration duration=6.69956207275e-05
GetData ===>> H2,-0.259970164903238,H1,-0.103596411271023,AX,-0.138443343346018,L1,-0.00810861279466162,L2,-0.0...
testing H1>-5.0
evaluate ot="H1.bs>-5.0" t="H1>-5.0", ctx="{'H1': None}"
check iteration duration=0.001051902771
GetData ===>> H2,-0.314796733792832,H1,-0.122670302803507,AX,-0.111975489112845,L1,0.0189022637461626,L2,0.0222...
check iteration duration=0.000113964080811
GetData ===>> H2,-0.341581272918958,H1,-0.0681393115499638,AX,-0.02519322947846,L1,0.0145763395403684,L2,0.0245...
check iteration duration=7.58171081543e-05
GetData ===>> H2,-0.248561281200629,H1,-0.0522242255531989,AX,-0.105799187966229,L1,-0.0176171399504027,L2,-0.0...
check iteration duration=5.98430633545e-05
GetData ===>> H2,-0.207796385054899,H1,-0.00980740094800299,AX,-0.15872142489397,L1,-0.00252001766040086,L2,0.0...
check iteration duration=5.98430633545e-05
GetData ===>> H2,-0.185034609123285,H1,-0.0622623498385931,AX,-0.0190114174508997,L1,-0.00704846959612094,L2,-0...
testing H1>-5.0
evaluate ot="H1.bs>-5.0" t="H1>-5.0", ctx="{'H1': None}"
check iteration duration=0.0018208026886
GetData ===>> H2,-0.282727257902763,H1,-0.0283528125367248,AX,-0.0296350771195044,L1,0.00175839105672543,L2,-0....
check iteration duration=8.01086425781e-05
GetData ===>> H2,-0.323893583649459,H1,-0.0178700085166515,AX,-0.10476783493625,L1,-0.0222211567739296,L2,-0.03...
check iteration duration=6.29425048828e-05
GetData ===>> H2,-0.273598061302802,H1,-0.0882709512811218,AX,-0.143846607267793,L1,-0.0515410196669096,L2,0.03...
check iteration duration=4.60147857666e-05
GetData ===>> H2,-0.246427726108951,H1,-0.0663035431347712,AX,-0.0440957719743969,L1,-0.0272328228823924,L2,-0....
check iteration duration=4.10079956055e-05
GetData ===>> H2,-0.244451204678235,H1,0.0608516796015259,AX,-0.188278807232831,L1,0.00392529130621424,L2,0.009...
testing H1>-5.0
evaluate ot="H1.bs>-5.0" t="H1>-5.0", ctx="{'H1': None}"
check iteration duration=0.000582933425903
08:35:16 -- collecting point 25
GetData ===>> H2,-0.192644873528533,H1,-0.113033629259562,AX,-0.137237423733972,L1,-0.0157053744125809,L2,-0.00...
check iteration duration=9.20295715332e-05
GetData ===>> H2,-0.199822320502595,H1,-0.0198736327205794,AX,0.0923467285730057,L1,-0.0116971602653211,L2,-0.0...
check iteration duration=7.60555267334e-05
GetData ===>> H2,-0.249249959428704,H1,0.0569487373203394,AX,0.0425497641033156,L1,-0.030704292088757,L2,-0.025...
check iteration duration=9.08374786377e-05
GetData ===>> H2,-0.205447612402125,H1,-0.0610463836320239,AX,-0.112798193817496,L1,-0.0246709775045271,L2,0.05...
check iteration duration=4.10079956055e-05
GetData ===>> H2,-0.111121766199929,H1,-0.0856489422526917,AX,-0.146304645170997,L1,-0.0115593011857208,L2,0.01...
testing H1>-5.0
evaluate ot="H1.bs>-5.0" t="H1>-5.0", ctx="{'H1': None}"
check iteration duration=0.00075101852417
GetData ===>> H2,-0.178022543951188,H1,0.0239528749090614,AX,-0.105671717959204,L1,-0.0111672915708405,L2,-0.02...
check iteration duration=7.91549682617e-05
GetData ===>> H2,-0.173966058093005,H1,-0.121942855208279,AX,-0.102276319024174,L1,-0.0490893560609366,L2,-0.06...
check iteration duration=7.82012939453e-05
GetData ===>> H2,-0.116566763998834,H1,-0.0447247796460324,AX,-0.0781110987321013,L1,-0.0119512955324586,L2,-0....
check iteration duration=3.81469726562e-05
GetData ===>> H2,-0.115677714523788,H1,-0.0796180607215423,AX,-0.0317225595127096,L1,-0.0218016070856761,L2,0.0...
check iteration duration=4.79221343994e-05
GetData ===>> H2,-0.0753998059479277,H1,-0.061463628603353,AX,-0.0370686296943315,L1,-0.031373771647876,L2,-0.0...
testing H1>-5.0
evaluate ot="H1.bs>-5.0" t="H1>-5.0", ctx="{'H1': None}"
check iteration duration=0.00131106376648
GetData ===>> H2,-0.0386165784699674,H1,-0.0200167472003574,AX,-0.0783892936891459,L1,-0.00561997793571077,L2,-...
check iteration duration=4.10079956055e-05
GetData ===>> H2,-0.209621972912049,H1,0.00427986699287359,AX,-0.0864913728929292,L1,-0.0242707051142346,L2,-0....
check iteration duration=6.41345977783e-05
GetData ===>> H2,-0.218644258239643,H1,-0.066041287754781,AX,-0.0865029633670462,L1,0.00891053105726647,L2,-0.0...
check iteration duration=4.72068786621e-05
GetData ===>> H2,-0.151301889290203,H1,-0.0755535659585192,AX,-0.0848107395329328,L1,0.00372718965042621,L2,-0....
check iteration duration=8.70227813721e-05
GetData ===>> H2,-0.282782345853877,H1,-0.0648015257449284,AX,-0.0787138534670581,L1,-0.0377194119825402,L2,0.0...
testing H1>-5.0
evaluate ot="H1.bs>-5.0" t="H1>-5.0", ctx="{'H1': None}"
check iteration duration=0.00130486488342
GetData ===>> H2,-0.257885805902455,H1,-0.00594284400088334,AX,-0.0518180856986149,L1,-0.0388406942384881,L2,-0...
check iteration duration=3.19480895996e-05
GetData ===>> H2,-0.10773446996917,H1,0.0213041307383534,AX,-0.0581833160002222,L1,-0.0225711676964656,L2,-0.05...
check iteration duration=5.69820404053e-05
GetData ===>> H2,-0.174337344324859,H1,-0.0589362895597965,AX,-0.0666116779202214,L1,-0.0482504601622339,L2,-0....
check iteration duration=6.103515625e-05
GetData ===>> H2,-0.166340692617278,H1,-0.0851245322016634,AX,-0.061835309348715,L1,-0.0662429056870654,L2,-0.0...
check iteration duration=8.51154327393e-05
GetData ===>> H2,-0.104959309058515,H1,-0.0778778573686577,AX,-0.0382862401941096,L1,-0.0480170886491376,L2,-0....
testing H1>-5.0
evaluate ot="H1.bs>-5.0" t="H1>-5.0", ctx="{'H1': None}"
check iteration duration=0.000714063644409
GetData ===>> H2,0.00346846391393301,H1,-0.0592343281440975,AX,-0.0591108193584882,L1,-0.0306515941308077,L2,-0...
check iteration duration=8.32080841064e-05
GetData ===>> H2,-0.102969868731204,H1,-0.123397745109011,AX,-0.135057454187214,L1,0.00188803180981205,L2,-0.04...
check iteration duration=8.20159912109e-05
GetData ===>> H2,-0.199757599215515,H1,-0.0489693681356983,AX,-0.142814676616539,L1,0.00842092430386492,L2,-0.0...
check iteration duration=4.10079956055e-05
GetData ===>> H2,-0.254076253195795,H1,-0.0868050183386203,AX,-0.0777633539172515,L1,-0.00956552789948719,L2,-0...
check iteration duration=7.89165496826e-05
GetData ===>> H2,-0.209538446912432,H1,0.0342263700371383,AX,-0.0248336976941281,L1,0.00164075552123322,L2,-0.0...
testing H1>-5.0
evaluate ot="H1.bs>-5.0" t="H1>-5.0", ctx="{'H1': None}"
check iteration duration=0.000634908676147
08:35:43 -- collecting point 50
GetData ===>> H2,-0.145094269140614,H1,0.0596103603594635,AX,0.003828737626496,L1,0.00801533672932919,L2,-0.042...
check iteration duration=7.70092010498e-05
GetData ===>> H2,-0.187792640159391,H1,0.0392978799723888,AX,-0.0675854718662595,L1,0.00754737135586415,L2,-0.0...
check iteration duration=7.10487365723e-05
GetData ===>> H2,-0.195688853486972,H1,-0.0241550523966126,AX,-0.0652553058265855,L1,-0.0467986816425258,L2,-0....
check iteration duration=4.00543212891e-05
GetData ===>> H2,-0.23950905997361,H1,-0.0115010794986102,AX,-0.152391499963806,L1,-0.0189134317383712,L2,0.029...
check iteration duration=3.50475311279e-05
GetData ===>> H2,-0.156580289355667,H1,0.0245375170727204,AX,-0.0575340583893607,L1,-0.0539562025741251,L2,0.02...
testing H1>-5.0
evaluate ot="H1.bs>-5.0" t="H1>-5.0", ctx="{'H1': None}"
check iteration duration=0.00100612640381
GetData ===>> H2,-0.0737785353583951,H1,-0.0115249339214028,AX,-0.123817131238123,L1,-0.0372354010773087,L2,0.0...
check iteration duration=3.2901763916e-05
GetData ===>> H2,-0.192985894207835,H1,-0.0388106708074652,AX,-0.0804293657373665,L1,-0.0376954515949725,L2,0.0...
check iteration duration=6.50882720947e-05
GetData ===>> H2,-0.294872336818415,H1,-0.152395726199406,AX,-0.0988692125855081,L1,-0.0369370758158855,L2,-0.0...
check iteration duration=0.000103950500488
GetData ===>> H2,-0.346368673087182,H1,-0.0982816264935014,AX,-0.11849899865525,L1,-0.0168795821048452,L2,-0.05...
check iteration duration=7.5101852417e-05
GetData ===>> H2,-0.272880654360902,H1,-0.0915364482677149,AX,-0.123156725355066,L1,-0.0226370930483192,L2,0.03...
testing H1>-5.0
evaluate ot="H1.bs>-5.0" t="H1>-5.0", ctx="{'H1': None}"
check iteration duration=0.000928163528442
GetData ===>> H2,-0.281732941281511,H1,-0.0261108489124194,AX,-0.0182691096779428,L1,-0.00626168482388713,L2,0....
check iteration duration=3.09944152832e-05
waiting for write to finish
measurement finished
estimated time: 62.915 actual time: :63.131
flush and close file /Users/jan/PychronDev/data/isotopes/4d/9683c4-8536-439f-bde6-933c6149cd87.h5
activate_detectors ('H1', 'AX', 'CDD') {'peak_center': True}
peak_center () {'detector': 'H1', 'integration_time': 0.262144, 'isotope': 'Ar40'}
peak center: mean=12.3533081471 threshold=3
peak center started
setup peak center. detector=['H1', 'AX', 'CDD'], isotope=Ar40
VersionedUnpickler [<apptools.sweet_pickle.versioned_unpickler.VersionedUnpickler object at 0x1c65add10>] using Updater [<apptools.sweet_pickle.updater.Updater object at 0x12e273d10>]
VersionedUnpickler [<apptools.sweet_pickle.versioned_unpickler.VersionedUnpickler object at 0x1c65add10>] using Updater [<apptools.sweet_pickle.updater.Updater object at 0x12e273d10>]
VersionedUnpickler [<apptools.sweet_pickle.versioned_unpickler.VersionedUnpickler object at 0x1dd415f50>] using Updater [<apptools.sweet_pickle.updater.Updater object at 0x12e273d10>]
setting integration time = 0.524288
SetIntegrationTime 0.524288 ===>> OK
Mapping mass to dac mass func: "parabolic"
H1 map mass coeffs = [-0.00063987  0.15840543  0.57248999]
H1 map mass to dac 39.9624 >> 5.88088
GetDeflection H1 ===>> 0
GetHighVoltage ===>> 4499.94659342336
do peak center. <pychron.spectrometer.jobs.peak_center.PeakCenter object at 0x16275af50>
doing pc
starting peak center. center dac= 5.88084536805 step_width=0.001
width = 0.001
get scan parameters. half-width=0.015,window=0.015, i=0, scalar=1
Scan parameters center=5.88085 width=0.03000 (5.86585 - 5.89585)
GetData ===>> H2,-0.214003528300463,H1,-0.118621663203844,AX,-0.16864443410285,L1,-0.0553827994985308,L2,-0.018...
Moving to starting dac 5.86584536805
setting magnet DAC
current  : 5.241505
requested: 5.865845
Delta Dac: 0.624340
Checking detector protection. dv=0.62434
Checking detector "CDD". Protection Threshold: 0.1 (V)
ProtectDetector CDD,On ===>> OK
GetDeflection CDD ===>> 2000
Protected = 2000
SetMagnetDAC 5.86584536805 ===>> OK
Magnet settling time: 0.500
GetMagnetMoving ===>> True
GetMagnetMoving ===>> True
GetMagnetMoving ===>> True
GetMagnetMoving ===>> True
GetMagnetMoving ===>> True
GetMagnetMoving ===>> True
GetMagnetMoving ===>> True
GetMagnetMoving ===>> True
GetMagnetMoving ===>> False
ProtectDetector CDD,Off ===>> OK
GetDeflection CDD ===>> 50
Wait until signal near baseline. tol= -0.0889662474029. timeout= 10
GetData ===>> H2,0.149384045017891,H1,0.493836102493339,AX,0.344327371680914,L1,0.0457261008535958,L2,-0.092893...
GetData ===>> H2,0.743168967635813,H1,0.596422623127135,AX,0.0906265952063047,L1,0.159835894958887,L2,0.0130273...
GetData ===>> H2,0.674100102435383,H1,0.457897085248926,AX,0.0323371500871306,L1,0.203835041333103,L2,0.0839802...
GetData ===>> H2,0.258425704377294,H1,0.236669002633483,AX,-0.0329750274575915,L1,0.154057134640064,L2,-0.00931...
GetData ===>> H2,-0.0190864282156062,H1,0.0667839657830129,AX,-0.0893889484447377,L1,0.0800992309972431,L2,-0.0...
GetData ===>> H2,-0.149563843876975,H1,0.0251579573887774,AX,0.0908583864856414,L1,0.0427997870221491,L2,-0.063...
GetData ===>> H2,-0.203916537572389,H1,-0.00514367317518953,AX,-0.214435579603968,L1,0.0541287362850855,L2,0.04...
GetData ===>> H2,-0.164026935589659,H1,-0.129904012798776,AX,-0.0973394525150568,L1,0.0459734906001183,L2,0.048...
Peak center baseline intensity achieved
_do_sweep sm= 5.86584536805, em= 5.89584536805, stm= 0.001
calculated step values: start=5.86584536805, end=5.89584536805, width=0.001, nsteps=31.0
setting magnet DAC
current  : 5.865845
requested: 5.865845
Delta Dac: 0.000000
Checking detector protection. dv=0.00000
Checking detector "CDD". Protection Threshold: 0.1 (V)
SetMagnetDAC 5.86584536805 ===>> OK
GetData ===>> H2,-0.164026935589659,H1,-0.129904012798776,AX,-0.0973394525150568,L1,0.0459734906001183,L2,0.048...
setting magnet DAC
current  : 5.865845
requested: 5.866880
Delta Dac: 0.001034
Checking detector protection. dv=0.00103
Checking detector "CDD". Protection Threshold: 0.1 (V)
SetMagnetDAC 5.86687985081 ===>> OK
Magnet settling time: 1.049
GetData ===>> H2,-0.138303118541585,H1,-0.0825739532160917,AX,-0.0696605478849676,L1,0.0370731660502102,L2,0.10...
setting magnet DAC
current  : 5.866880
requested: 5.867914
Delta Dac: 0.001034
Checking detector protection. dv=0.00103
Checking detector "CDD". Protection Threshold: 0.1 (V)
SetMagnetDAC 5.86791433357 ===>> OK
Magnet settling time: 1.049
GetData ===>> H2,-0.189821383249297,H1,0.0394052794311374,AX,0.0389520164910713,L1,0.014405457992315,L2,0.06367...
setting magnet DAC
current  : 5.867914
requested: 5.868949
Delta Dac: 0.001034
Checking detector protection. dv=0.00103
Checking detector "CDD". Protection Threshold: 0.1 (V)
SetMagnetDAC 5.86894881633 ===>> OK
Magnet settling time: 1.049
GetData ===>> H2,-0.264331155894016,H1,0.18944507648182,AX,0.0391609143297095,L1,-0.022792816179801,L2,-0.00300...
setting magnet DAC
current  : 5.868949
requested: 5.869983
Delta Dac: 0.001034
Checking detector protection. dv=0.00103
Checking detector "CDD". Protection Threshold: 0.1 (V)
SetMagnetDAC 5.86998329908 ===>> OK
Magnet settling time: 1.049
GetData ===>> H2,-0.146179512239711,H1,1.22511121931208,AX,0.0350526724406894,L1,0.0167088101080371,L2,0.015213...
setting magnet DAC
current  : 5.869983
requested: 5.871018
Delta Dac: 0.001034
Checking detector protection. dv=0.00103
Checking detector "CDD". Protection Threshold: 0.1 (V)
SetMagnetDAC 5.87101778184 ===>> OK
Magnet settling time: 1.049
GetData ===>> H2,-0.180372396950457,H1,3.36556620783008,AX,0.38258713248992,L1,-0.00631925652648171,L2,0.237983...
setting magnet DAC
current  : 5.871018
requested: 5.872052
Delta Dac: 0.001034
Checking detector protection. dv=0.00103
Checking detector "CDD". Protection Threshold: 0.1 (V)
SetMagnetDAC 5.8720522646 ===>> OK
Magnet settling time: 1.049
GetData ===>> H2,-0.219960958141671,H1,6.64167897923822,AX,0.93688230349498,L1,0.0427372360179444,L2,0.95992154...
setting magnet DAC
current  : 5.872052
requested: 5.873087
Delta Dac: 0.001034
Checking detector protection. dv=0.00103
Checking detector "CDD". Protection Threshold: 0.1 (V)
SetMagnetDAC 5.87308674736 ===>> OK
Magnet settling time: 1.049
GetData ===>> H2,-0.147305036059065,H1,9.82284975230716,AX,1.77074830438098,L1,0.0149428597339736,L2,2.51157814...
setting magnet DAC
current  : 5.873087
requested: 5.874121
Delta Dac: 0.001034
Checking detector protection. dv=0.00103
Checking detector "CDD". Protection Threshold: 0.1 (V)
SetMagnetDAC 5.87412123012 ===>> OK
Magnet settling time: 1.049
GetData ===>> H2,-0.126731079048852,H1,11.757768081843,AX,2.18705509698353,L1,0.0363855167017255,L2,4.698356906...
setting magnet DAC
current  : 5.874121
requested: 5.875156
Delta Dac: 0.001034
Checking detector protection. dv=0.00103
Checking detector "CDD". Protection Threshold: 0.1 (V)
SetMagnetDAC 5.87515571288 ===>> OK
Magnet settling time: 1.049
GetData ===>> H2,-0.132513169051254,H1,12.5195218766589,AX,2.40880110374139,L1,0.0630171384965994,L2,7.03895671...
setting magnet DAC
current  : 5.875156
requested: 5.876190
Delta Dac: 0.001034
Checking detector protection. dv=0.00103
Checking detector "CDD". Protection Threshold: 0.1 (V)
SetMagnetDAC 5.87619019564 ===>> OK
Magnet settling time: 1.049
GetData ===>> H2,-0.186227062395138,H1,12.8435077766001,AX,2.44431302033558,L1,0.021273881652262,L2,8.343431651...
setting magnet DAC
current  : 5.876190
requested: 5.877225
Delta Dac: 0.001034
Checking detector protection. dv=0.00103
Checking detector "CDD". Protection Threshold: 0.1 (V)
SetMagnetDAC 5.87722467839 ===>> OK
Magnet settling time: 1.049
GetData ===>> H2,-0.265644765466409,H1,13.0929854102599,AX,2.50898554641652,L1,0.0252550055533962,L2,8.67465629...
setting magnet DAC
current  : 5.877225
requested: 5.878259
Delta Dac: 0.001034
Checking detector protection. dv=0.00103
Checking detector "CDD". Protection Threshold: 0.1 (V)
SetMagnetDAC 5.87825916115 ===>> OK
Magnet settling time: 1.049
GetData ===>> H2,-0.0891103597439991,H1,12.9569608831715,AX,2.46734510119029,L1,-0.00455117529736201,L2,8.96013...
setting magnet DAC
current  : 5.878259
requested: 5.879294
Delta Dac: 0.001034
Checking detector protection. dv=0.00103
Checking detector "CDD". Protection Threshold: 0.1 (V)
SetMagnetDAC 5.87929364391 ===>> OK
Magnet settling time: 1.049
GetData ===>> H2,-0.118067299958221,H1,13.1347047707212,AX,2.52108406574714,L1,0.0170783551783797,L2,8.86224048...
setting magnet DAC
current  : 5.879294
requested: 5.880328
Delta Dac: 0.001034
Checking detector protection. dv=0.00103
Checking detector "CDD". Protection Threshold: 0.1 (V)
SetMagnetDAC 5.88032812667 ===>> OK
Magnet settling time: 1.049
GetData ===>> H2,-0.254687965296016,H1,12.9748949379543,AX,2.54067976849165,L1,0.00522847040386604,L2,8.8243379...
setting magnet DAC
current  : 5.880328
requested: 5.881363
Delta Dac: 0.001034
Checking detector protection. dv=0.00103
Checking detector "CDD". Protection Threshold: 0.1 (V)
SetMagnetDAC 5.88136260943 ===>> OK
Magnet settling time: 1.049
GetData ===>> H2,-0.154883379422141,H1,13.090065919961,AX,2.53729605964897,L1,0.0458245756573161,L2,8.758579063...
setting magnet DAC
current  : 5.881363
requested: 5.882397
Delta Dac: 0.001034
Checking detector protection. dv=0.00103
Checking detector "CDD". Protection Threshold: 0.1 (V)
SetMagnetDAC 5.88239709219 ===>> OK
Magnet settling time: 1.049
GetData ===>> H2,-0.152978106174889,H1,12.979798115585,AX,2.4565209963622,L1,0.0346497712462616,L2,8.8785262766...
setting magnet DAC
current  : 5.882397
requested: 5.883432
Delta Dac: 0.001034
Checking detector protection. dv=0.00103
Checking detector "CDD". Protection Threshold: 0.1 (V)
SetMagnetDAC 5.88343157495 ===>> OK
Magnet settling time: 1.049
GetData ===>> H2,-0.11610533300553,H1,13.0412466840497,AX,2.54056227665549,L1,0.0355392433817127,L2,8.865983835...
setting magnet DAC
current  : 5.883432
requested: 5.884466
Delta Dac: 0.001034
Checking detector protection. dv=0.00103
Checking detector "CDD". Protection Threshold: 0.1 (V)
SetMagnetDAC 5.8844660577 ===>> OK
Magnet settling time: 1.049
GetData ===>> H2,-0.275710692626295,H1,12.9384711365852,AX,2.66160586760366,L1,0.0237997200728821,L2,8.72785872...
setting magnet DAC
current  : 5.884466
requested: 5.885501
Delta Dac: 0.001034
Checking detector protection. dv=0.00103
Checking detector "CDD". Protection Threshold: 0.1 (V)
SetMagnetDAC 5.88550054046 ===>> OK
Magnet settling time: 1.049
GetData ===>> H2,-0.274709603743533,H1,13.0335191934604,AX,2.57421766074186,L1,0.0818659148692063,L2,8.51033562...
setting magnet DAC
current  : 5.885501
requested: 5.886535
Delta Dac: 0.001034
Checking detector protection. dv=0.00103
Checking detector "CDD". Protection Threshold: 0.1 (V)
SetMagnetDAC 5.88653502322 ===>> OK
Magnet settling time: 1.049
GetData ===>> H2,-0.234297071849203,H1,12.6975091538907,AX,2.40455367448325,L1,0.0375973498316724,L2,7.67473080...
setting magnet DAC
current  : 5.886535
requested: 5.887570
Delta Dac: 0.001034
Checking detector protection. dv=0.00103
Checking detector "CDD". Protection Threshold: 0.1 (V)
SetMagnetDAC 5.88756950598 ===>> OK
Magnet settling time: 1.049
GetData ===>> H2,-0.35551201515975,H1,11.5840592976321,AX,2.02268009037972,L1,0.0176182992851093,L2,5.920332107...
setting magnet DAC
current  : 5.887570
requested: 5.888604
Delta Dac: 0.001034
Checking detector protection. dv=0.00103
Checking detector "CDD". Protection Threshold: 0.1 (V)
SetMagnetDAC 5.88860398874 ===>> OK
Magnet settling time: 1.049
GetData ===>> H2,-0.254833158024518,H1,9.195976994095,AX,1.40618008638978,L1,0.0541143134190634,L2,3.5987131646...
setting magnet DAC
current  : 5.888604
requested: 5.889638
Delta Dac: 0.001034
Checking detector protection. dv=0.00103
Checking detector "CDD". Protection Threshold: 0.1 (V)
SetMagnetDAC 5.8896384715 ===>> OK
Magnet settling time: 1.049
GetData ===>> H2,-0.172790798539151,H1,5.60131026834208,AX,0.683873006622468,L1,-0.00892403159403281,L2,1.69719...
setting magnet DAC
current  : 5.889638
requested: 5.890673
Delta Dac: 0.001034
Checking detector protection. dv=0.00103
Checking detector "CDD". Protection Threshold: 0.1 (V)
SetMagnetDAC 5.89067295426 ===>> OK
Magnet settling time: 1.049
GetData ===>> H2,-0.13213211215317,H1,2.63968408767716,AX,0.170975310449809,L1,0.00105259845378779,L2,0.5819553...
setting magnet DAC
current  : 5.890673
requested: 5.891707
Delta Dac: 0.001034
Checking detector protection. dv=0.00103
Checking detector "CDD". Protection Threshold: 0.1 (V)
SetMagnetDAC 5.89170743701 ===>> OK
Magnet settling time: 1.049
GetData ===>> H2,-0.245838438699968,H1,0.920685981521552,AX,0.0177628200806872,L1,-0.027145784699486,L2,0.16871...
setting magnet DAC
current  : 5.891707
requested: 5.892742
Delta Dac: 0.001034
Checking detector protection. dv=0.00103
Checking detector "CDD". Protection Threshold: 0.1 (V)
SetMagnetDAC 5.89274191977 ===>> OK
Magnet settling time: 1.049
GetData ===>> H2,-0.322291561228328,H1,0.258701720262455,AX,-0.0868854482378677,L1,-0.0174316233159419,L2,-0.08...
setting magnet DAC
current  : 5.892742
requested: 5.893776
Delta Dac: 0.001034
Checking detector protection. dv=0.00103
Checking detector "CDD". Protection Threshold: 0.1 (V)
SetMagnetDAC 5.89377640253 ===>> OK
Magnet settling time: 1.049
GetData ===>> H2,-0.210069230671176,H1,0.0446083245259522,AX,-0.0957169534285772,L1,-0.030049110499432,L2,0.026...
setting magnet DAC
current  : 5.893776
requested: 5.894811
Delta Dac: 0.001034
Checking detector protection. dv=0.00103
Checking detector "CDD". Protection Threshold: 0.1 (V)
SetMagnetDAC 5.89481088529 ===>> OK
Magnet settling time: 1.049
GetData ===>> H2,-0.115271732709131,H1,0.0603145684253239,AX,0.00599819305629051,L1,-0.00470232599322753,L2,0.0...
setting magnet DAC
current  : 5.894811
requested: 5.895845
Delta Dac: 0.001034
Checking detector protection. dv=0.00103
Checking detector "CDD". Protection Threshold: 0.1 (V)
SetMagnetDAC 5.89584536805 ===>> OK
Magnet settling time: 1.049
GetData ===>> H2,-0.10575049766234,H1,0.0177606501547746,AX,-0.0151374364379022,L1,0.0127862286987764,L2,-0.110...
result of _do_sweep=True
result of _calculate_peak_center=([5.8730141884485594, 5.8807054330066411, 5.8883966775647227], [9.599721541770915, 13.13182242904802, 9.6745506020185736], 5.879312301916876, 13.13182242904802)
Failed to find a valid peak. No peak greater than 1.0. max = 0.0446358843772
new center pos Detector(H1) (Ar40) @ 5.88070543301
GetHighVoltage ===>> 4499.94659342336
GetDeflection H1 ===>> 0
dac uncorrected for HV and deflection 5.88074006413
update mftable H1 Ar40 5.88074006413 message=automated run peakcenter
get initial guess parabolic
get initial guess parabolic
get initial guess parabolic
get initial guess parabolic
get initial guess parabolic
get initial guess parabolic
dump mftable to /Users/jan/PychronDev/setupfiles/spectrometer/mftables/mftable.csv
add to repo msg=modified - automated run peakcenter
locally archiving mftable
setting magnet DAC
current  : 5.895845
requested: 5.880705
Delta Dac: 0.015140
Checking detector protection. dv=0.01514
Checking detector "CDD". Protection Threshold: 0.1 (V)
SetMagnetDAC 5.88070543301 ===>> OK
Magnet settling time: 0.500
sweep finished
setting integration time = 1.048576
SetIntegrationTime 1.048576 ===>> OK
Failed to find a valid peak. No peak greater than 1.0. max = 0.0446060514647
flush and close file /Users/jan/PychronDev/data/isotopes/4d/9683c4-8536-439f-bde6-933c6149cd87.h5
finished measure script
executed snippet estimated_duration=226.132928, duration=268.473910093
jan_unknown120_60.py completed successfully
Measurement Finished
08:36:34 -- ******* Measurement Finished *******
Post Measurement Started jan_pump_ms.py
08:36:34 -- ******* Post Measurement Started jan_pump_ms.py *******
testing...
no interpolation path defined
executed snippet estimated_duration=0, duration=2.78949737549e-05
Pumping spectrometer
open () {'name': 'O'}
opening name=O desc=---
checking ownership. requestor=129.138.12.150
check software interlocks O
interlocks []
actuate state mode=None-script, software_lock=False
doing actuation None-script open_channel True
Open O ===>> OK
GetIndicatorState O ===>> OK
change switch state (True, True)
update switch state O True args=() kw={} ncanvase=6
08:36:34 -- OPEN   VALVE-O (Jan Ion Pump)
---------------------------------------- open O () result=[(True, True)], time=0.09 sec
action=open, ok=True, locked=[False]
executed snippet estimated_duration=0, duration=0.345581054688
jan_pump_ms.py completed successfully
setting _ms_pumptime
Post Measurement Finished
08:36:34 -- ******* Post Measurement Finished *******
$$$$$$$$$$$$$$$$$$$$ state at run end measurement
state changed from measurement to success
post measurement save measured=True aborted=False
Set filtering
setting fod for Ar40= {'filter_outliers': True, 'std_devs': 2, 'iterations': 1}
setting fod for H1= {'filter_outliers': True, 'std_devs': 2, 'iterations': 1}
setting fod for PM41= {'filter_outliers': False, 'std_devs': 2, 'iterations': 1}
setting fod for H2= {'filter_outliers': True, 'std_devs': 2, 'iterations': 1}
setting fod for Ar36= {'filter_outliers': True, 'std_devs': 2, 'iterations': 1}
setting fod for CDD= {'filter_outliers': True, 'std_devs': 10, 'iterations': 1}
setting fod for Ar37= {'filter_outliers': True, 'std_devs': 2, 'iterations': 1}
setting fod for L2= {'filter_outliers': True, 'std_devs': 2, 'iterations': 1}
setting fod for Ar38= {'filter_outliers': True, 'std_devs': 2, 'iterations': 1}
setting fod for L1= {'filter_outliers': True, 'std_devs': 2, 'iterations': 1}
setting fod for Ar39= {'filter_outliers': True, 'std_devs': 2, 'iterations': 1}
setting fod for AX= {'filter_outliers': True, 'std_devs': 2, 'iterations': 1}
persistence save...
persistence save - db
post measurement save
7447958928 connecting to database sqlite:////Users/jan/PychronDev/.appdata/local_lab.db
connected to db sqlite:////Users/jan/PychronDev/.appdata/local_lab.db
create new session 7447958928
close session 7447958928
No database instance. Not saving post measurement to isotopedb database
$$$$$$$$$$$$$$$ auto_save_detector_ic=False
massspec enabled True
create new session 4997822608
MassSpec Database Version: 16.0
close session 4997822608
saving post measurement to secondary database
saving to massspec database 129.138.12.160/massspecdata
setting labnumber to 65447
setting aliquot to 9
setting step to A
setting uuid to 4d9683c4-8536-439f-bde6-933c6149cd87
setting irradpos to 65447
setting extract_device to Fusions CO2
setting tray to 
setting position to 160
setting power_requested to 0.4
setting extract_value to 0.4
setting duration to 30.0
setting duration_at_request to 30.0
setting first_stage_delay to 30.0
setting cleanup to 30.0
setting comment to J:1 Plag, 5 crystals
setting irradiation to NM-288
setting level to J
setting irradiation_level to J
setting sample to MB.56.1
setting material to Plagioclase
setting project to IR973
setting mass_spectrometer to Jan
no attribute chron_dosages
no attribute production_ratios
no attribute interference_corrections
no attribute production_name
no attribute j
Reference Isotope=Ar40
Reference Detector=H1
%%%%%%%%%%%%%%%%%%%% Comment: J:1 Plag, 5 crystals %%%%%%%%%%%%%%%%%%%
adding isotope PM41 H2
add baseline dbdet= PM41. original det= H2
get baseline data PM41 H2
Get data baseline <pychron.processing.isotope.Baseline object at 0x12d862a50> len t=60
baseline PM41. v=-0.202744272263, e=0.00833464941677
get signal data PM41 H2
Get data signal PM41 0.04+/-0.07 len t=120
adding isotope Ar40 H1
add baseline dbdet= Ar40. original det= H1
get baseline data Ar40 H1
Get data baseline <pychron.processing.isotope.Baseline object at 0x1979d4910> len t=60
baseline Ar40. v=-0.0511052923175, e=0.00550487648653
get signal data Ar40 H1
Get data signal Ar40 11.061+/-0.012 len t=120
adding isotope Ar39 AX
add baseline dbdet= Ar39. original det= AX
get baseline data Ar39 AX
Get data baseline <pychron.processing.isotope.Baseline object at 0x1979d4050> len t=60
baseline Ar39. v=-0.0809105563536, e=0.00599617009421
get signal data Ar39 AX
Get data signal Ar39 2.688+/-0.012 len t=120
adding isotope Ar38 L1
add baseline dbdet= Ar38. original det= L1
get baseline data Ar38 L1
Get data baseline <pychron.processing.isotope.Baseline object at 0x1979d4850> len t=60
baseline Ar38. v=-0.022203897637, e=0.00271361864067
get signal data Ar38 L1
Get data signal Ar38 0.061+/-0.004 len t=120
adding isotope Ar37 L2
add baseline dbdet= Ar37. original det= L2
get baseline data Ar37 L2
Get data baseline <pychron.processing.isotope.Baseline object at 0x1979d4450> len t=60
baseline Ar37. v=-0.0156079397209, e=0.00533996585001
get signal data Ar37 L2
Get data signal Ar37 9.729+/-0.011 len t=120
adding isotope Ar36 CDD
add baseline dbdet= Ar36. original det= CDD
get baseline data Ar36 CDD
Get data baseline <pychron.processing.isotope.Baseline object at 0x1979d4e50> len t=60
baseline Ar36. v=2.9773082335e-05, e=9.22702350097e-06
get signal data Ar36 CDD
Get data signal Ar36 0.0430+/-0.0006 len t=120
65447-09A added analysis time 0.562612056732s
analysis added to mass spec database
mass spec save time= 0.575
persistence save - dvc
================= post measurement started
create new session 4992585168
close session 4992585168
---------------- Experiment Queue saving disabled
DVC saving peakcenter
Failed to find a valid peak. No peak greater than 1.0. max = 0.0446060514647
Smart pull ahead: 0 behind: 0
Up-to-date with origin
add to repo msg=modified - ad8224ebc6dbfeb9f5997218dfa5fe690569839d.json
add to repo msg=modified - 47-09A.json
add to repo msg=modified - 47-09A.dat.json
add to repo msg=modified - 47-09A.blan.json
add to repo msg=modified - 47-09A.inte.json
add to repo msg=modified - 47-09A.icfa.json
add to repo msg=modified - 47-09A.base.json
not at valid file /Users/jan/PychronDev/data/.dvc/repositories/Load1794/654/tags/47-09A.tags.json
add to repo msg=modified - 47-09A.peak.json
add to repo msg=modified - 47-09A.extr.json
not at valid file /Users/jan/PychronDev/data/.dvc/repositories/Load1794/654/monitor/47-09A.moni.json
commit message=<COLLECTION>
add to repo msg=modified - 47-09A.inte.json
add to repo msg=modified - 47-09A.base.json
commit message=<ISOEVO> default collection fits
add to repo msg=modified - 47-09A.blan.json
commit message=<BLANKS> preceding ba-01-J-2332
add to repo msg=modified - 47-09A.icfa.json
commit message=<ICFactor> default
push repository <pychron.git_archive.repo_manager.GitRepoManager object at 0x1c5579b30>
pushing to remote=origin, url=https://github.com
no changes to meta repo
create new session 4992585168
add association Load1794
get identifier "65447"
setting analysis irradiation position=<pychron.dvc.dvc_orm.IrradiationPositionTbl object at 0x1b0780810>
close session 4992585168
================= post measurement finished
08:36:47 -- ******* Post Run Check *******
loading queue conditionals post_run_actions
loading system conditionals post_run_actions
loading conditionals from /Users/jan/PychronDev/setupfiles/spectrometer/default_conditionals.yaml
loading queue conditionals post_run_terminations
loading system conditionals post_run_terminations
loading conditionals from /Users/jan/PychronDev/setupfiles/spectrometer/default_conditionals.yaml
Checking default post run terminations n=1
GetDeflection CDD ===>> 50
testing CDD==2000
evaluate ot="CDD.deflection==2000" t="CDD==2000", ctx="{'CDD': 50.0}"
08:36:47 -- ******* Post Run Check Passed *******
08:36:47 -- Automated run 65447-09A success duration: 360.496 s
----------------- finish -----------------
----------------- stop -----------------
retroactive repository identifiers disabled
finish run. runs completed=115
update duration runid=65447-09A, duration=360.495850086, md5=301e91d8
loading script "jan_unknown120_60.py"
loading script "jan_pump_ms.py"
loading script "jan_co2.py"
loading script "jan_pump_extraction_line.py"
testing...
no interpolation path defined
executed snippet estimated_duration=213.652928, duration=0.000208854675293
script duration name:unknown120_60 seconds:214.0
loading script "jan_unknown120_60.py"
loading script "jan_pump_ms.py"
loading script "jan_co2.py"
loading script "jan_pump_extraction_line.py"
testing...
no interpolation path defined
executed snippet estimated_duration=0, duration=2.47955322266e-05
loading script "jan_unknown120_60.py"
loading script "jan_pump_ms.py"
loading script "jan_co2.py"
loading script "jan_pump_extraction_line.py"
testing...
no interpolation path defined
calculate duration
testing...
no interpolation path defined
executed snippet estimated_duration=0, duration=5.19752502441e-05
calculate duration
testing...
no interpolation path defined
executed snippet estimated_duration=0, duration=9.58442687988e-05
executed snippet estimated_duration=0.0, duration=0.00276494026184
script duration name:co2 seconds:0.0
loading script "jan_unknown120_60.py"
loading script "jan_pump_ms.py"
loading script "jan_co2.py"
loading script "jan_pump_extraction_line.py"
testing...
no interpolation path defined
calculate duration
testing...
no interpolation path defined
executed snippet estimated_duration=4.0, duration=0.000153064727783
executed snippet estimated_duration=4.0, duration=0.00133895874023
Script duration 214.0
Run total estimated duration= 215.000
loading script "jan_unknown400_120.py"
loading script "jan_pump_ms.py"
loading script "jan_co2.py"
loading script "jan_pump_extraction_line.py"
testing...
no interpolation path defined
executed snippet estimated_duration=556.052928, duration=0.000202178955078
script duration name:unknown400_120 seconds:556.0
pump_ms in script context. using previous estimated duration
co2 in script context. using previous estimated duration
script duration name:co2 seconds:0.0
pump_extraction_line in script context. using previous estimated duration
Script duration 556.0
Run total estimated duration= 557.000
unknown400_120 in script context. using previous estimated duration
script duration name:unknown400_120 seconds:556.0
loading script "jan_unknown400_120.py"
loading script "jan_pump_ms.py"
loading script "jan_cocktail_x1.py"
loading script "jan_pump_extraction_line.py"
testing...
no interpolation path defined
calculate duration
testing...
no interpolation path defined
executed snippet estimated_duration=0, duration=6.60419464111e-05
calculate duration
testing...
no interpolation path defined
executed snippet estimated_duration=0, duration=0.000137090682983
calculate duration
testing...
no interpolation path defined
executed snippet estimated_duration=32.0, duration=9.29832458496e-05
calculate duration
testing...
no interpolation path defined
executed snippet estimated_duration=34.0, duration=9.48905944824e-05
calculate duration
testing...
no interpolation path defined
executed snippet estimated_duration=4.0, duration=6.91413879395e-05
calculate duration
testing...
no interpolation path defined
executed snippet estimated_duration=38.0, duration=9.89437103271e-05
executed snippet estimated_duration=108.0, duration=0.00872921943665
script duration name:cocktail_x1 seconds:108.0
Script duration 664.0
Run total estimated duration= 665.000
loading script "jan_ic_peak_hop3.py"
loading script "jan_pump_ms.py"
loading script "jan_air_x1.py"
loading script "jan_pump_extraction_line.py"
testing...
no interpolation path defined
executed snippet estimated_duration=133.8, duration=0.00775408744812
script duration name:ic_peak_hop3 seconds:134.0
loading script "jan_ic_peak_hop3.py"
loading script "jan_pump_ms.py"
loading script "jan_air_x1.py"
loading script "jan_pump_extraction_line.py"
testing...
no interpolation path defined
calculate duration
testing...
no interpolation path defined
executed snippet estimated_duration=0, duration=6.79492950439e-05
calculate duration
testing...
no interpolation path defined
executed snippet estimated_duration=0, duration=0.000134944915771
calculate duration
testing...
no interpolation path defined
executed snippet estimated_duration=32.0, duration=0.000133037567139
calculate duration
testing...
no interpolation path defined
executed snippet estimated_duration=34.0, duration=0.000163078308105
calculate duration
testing...
no interpolation path defined
executed snippet estimated_duration=4.0, duration=6.5803527832e-05
calculate duration
testing...
no interpolation path defined
executed snippet estimated_duration=36.0, duration=8.98838043213e-05
executed snippet estimated_duration=106.0, duration=0.00928282737732
script duration name:air_x1 seconds:106.0
Script duration 240.0
Run total estimated duration= 241.000
unknown120_60 in script context. using previous estimated duration
script duration name:unknown120_60 seconds:214.0
script duration name:co2 seconds:0.0
Script duration 214.0
Run total estimated duration= 215.000
script duration name:unknown120_60 seconds:214.0
script duration name:co2 seconds:0.0
Script duration 214.0
Run total estimated duration= 215.000
script duration name:unknown120_60 seconds:214.0
script duration name:co2 seconds:0.0
Script duration 214.0
Run total estimated duration= 215.000
script duration name:unknown120_60 seconds:214.0
script duration name:co2 seconds:0.0
Script duration 214.0
Run total estimated duration= 215.000
script duration name:unknown120_60 seconds:214.0
script duration name:co2 seconds:0.0
Script duration 214.0
Run total estimated duration= 215.000
script duration name:unknown120_60 seconds:214.0
script duration name:co2 seconds:0.0
Script duration 214.0
Run total estimated duration= 215.000
script duration name:unknown120_60 seconds:214.0
script duration name:co2 seconds:0.0
Script duration 214.0
Run total estimated duration= 215.000
script duration name:unknown120_60 seconds:214.0
script duration name:co2 seconds:0.0
Script duration 214.0
Run total estimated duration= 215.000
script duration name:unknown120_60 seconds:214.0
script duration name:co2 seconds:0.0
Script duration 214.0
Run total estimated duration= 215.000
script duration name:unknown120_60 seconds:214.0
script duration name:co2 seconds:0.0
Script duration 214.0
Run total estimated duration= 215.000
script duration name:unknown120_60 seconds:214.0
script duration name:co2 seconds:0.0
Script duration 214.0
Run total estimated duration= 215.000
script duration name:unknown120_60 seconds:214.0
script duration name:co2 seconds:0.0
Script duration 214.0
Run total estimated duration= 215.000
script duration name:unknown120_60 seconds:214.0
script duration name:co2 seconds:0.0
Script duration 214.0
Run total estimated duration= 215.000
script duration name:unknown120_60 seconds:214.0
script duration name:co2 seconds:0.0
Script duration 214.0
Run total estimated duration= 215.000
script duration name:unknown120_60 seconds:214.0
script duration name:co2 seconds:0.0
Script duration 214.0
Run total estimated duration= 215.000
script duration name:unknown400_120 seconds:556.0
script duration name:co2 seconds:0.0
Script duration 556.0
Run total estimated duration= 557.000
script duration name:unknown120_60 seconds:214.0
script duration name:co2 seconds:0.0
Script duration 214.0
Run total estimated duration= 215.000
script duration name:unknown120_60 seconds:214.0
script duration name:co2 seconds:0.0
Script duration 214.0
Run total estimated duration= 215.000
script duration name:unknown120_60 seconds:214.0
script duration name:co2 seconds:0.0
Script duration 214.0
Run total estimated duration= 215.000
script duration name:unknown400_120 seconds:556.0
cocktail_x1 in script context. using previous estimated duration
script duration name:cocktail_x1 seconds:108.0
Script duration 664.0
Run total estimated duration= 665.000
script duration name:unknown400_120 seconds:556.0
script duration name:cocktail_x1 seconds:108.0
Script duration 664.0
Run total estimated duration= 665.000
ic_peak_hop3 in script context. using previous estimated duration
script duration name:ic_peak_hop3 seconds:134.0
air_x1 in script context. using previous estimated duration
script duration name:air_x1 seconds:106.0
Script duration 240.0
Run total estimated duration= 241.000
script duration name:unknown120_60 seconds:214.0
script duration name:co2 seconds:0.0
Script duration 214.0
Run total estimated duration= 215.000
script duration name:unknown120_60 seconds:214.0
script duration name:co2 seconds:0.0
Script duration 214.0
Run total estimated duration= 215.000
script duration name:unknown120_60 seconds:214.0
script duration name:co2 seconds:0.0
Script duration 214.0
Run total estimated duration= 215.000
script duration name:unknown400_120 seconds:556.0
loading script "jan_unknown400_120.py"
loading script "jan_pump_ms.py"
loading script "jan_sniffair_x2.py"
loading script "jan_pump_extraction_line.py"
testing...
no interpolation path defined
calculate duration
testing...
no interpolation path defined
executed snippet estimated_duration=0, duration=4.6968460083e-05
calculate duration
testing...
no interpolation path defined
executed snippet estimated_duration=0, duration=0.000116109848022
calculate duration
testing...
no interpolation path defined
executed snippet estimated_duration=32.0, duration=0.000102043151855
calculate duration
testing...
no interpolation path defined
executed snippet estimated_duration=34.0, duration=0.000102996826172
calculate duration
testing...
no interpolation path defined
executed snippet estimated_duration=4.0, duration=7.9870223999e-05
calculate duration
testing...
no interpolation path defined
executed snippet estimated_duration=36.0, duration=9.70363616943e-05
calculate duration
testing...
no interpolation path defined
executed snippet estimated_duration=34.0, duration=0.0001060962677
calculate duration
testing...
no interpolation path defined
executed snippet estimated_duration=4.0, duration=6.5803527832e-05
calculate duration
testing...
no interpolation path defined
executed snippet estimated_duration=36.0, duration=8.89301300049e-05
calculate duration
testing...
no interpolation path defined
executed snippet estimated_duration=70.0, duration=0.000113010406494
executed snippet estimated_duration=250.0, duration=0.0140900611877
script duration name:sniffair_x2 seconds:250.0
Script duration 806.0
Run total estimated duration= 807.000
script duration name:unknown400_120 seconds:556.0
sniffair_x2 in script context. using previous estimated duration
script duration name:sniffair_x2 seconds:250.0
Script duration 806.0
Run total estimated duration= 807.000
nruns=31 before=0.0, run_dur=9935.0, btw=0.0
write rem/ex queues
/Users/jan/PychronDev/experiments/rem/CurrentExperiment.rem.txt
/Users/jan/PychronDev/experiments/rem/CurrentExperiment.ex.txt
doing event level: 3
