do run
loading script "jan_unknown120_60.py"
loading script "jan_pump_ms.py"
loading script "jan_co2.py"
loading script "jan_pump_extraction_line.py"
testing...
no interpolation path defined
executed snippet estimated_duration=213.652928, duration=0.000179052352905
script duration name:unknown120_60 seconds:214.0
loading script "jan_unknown120_60.py"
loading script "jan_pump_ms.py"
loading script "jan_co2.py"
loading script "jan_pump_extraction_line.py"
testing...
no interpolation path defined
executed snippet estimated_duration=0, duration=1.69277191162e-05
loading script "jan_unknown120_60.py"
loading script "jan_pump_ms.py"
loading script "jan_co2.py"
loading script "jan_pump_extraction_line.py"
testing...
no interpolation path defined
calculate duration
testing...
no interpolation path defined
executed snippet estimated_duration=0, duration=4.00543212891e-05
calculate duration
testing...
no interpolation path defined
executed snippet estimated_duration=0, duration=6.79492950439e-05
executed snippet estimated_duration=0.0, duration=0.00193500518799
script duration name:co2 seconds:0.0
loading script "jan_unknown120_60.py"
loading script "jan_pump_ms.py"
loading script "jan_co2.py"
loading script "jan_pump_extraction_line.py"
testing...
no interpolation path defined
calculate duration
testing...
no interpolation path defined
executed snippet estimated_duration=4.0, duration=0.000108957290649
executed snippet estimated_duration=4.0, duration=0.00107288360596
Script duration 214.0
Run total estimated duration= 215.000
run duration: 0:03:35
doing event level: 2
07:48:50 -- Setting default integration. t=1.048576
setting integration time = 1.048576
SetIntegrationTime 1.048576 ===>> OK
----------------- start -----------------
**************** Experiment Type: Ar/Ar, Ar/Ar
create new session 4419438256
close session 4419438256
$$$$$ Clearing conditionals
adding conditionals 
Add queue conditionals
add default conditionals
adding default conditionals from /Users/jan/PychronDev/setupfiles/spectrometer/default_conditionals.yaml
Start automated run 65447-08A
loading script "jan_unknown120_60.py"
loading script "jan_pump_ms.py"
loading script "jan_co2.py"
loading script "jan_pump_extraction_line.py"
%%%%%%%%%%%%%%%%%% setting automated run 65447-08A
No value "sensitivity_multiplier" in metadata
$$$$$$$$$$$$$$$ auto_save_detector_ic=False
============================= Pre Extraction Check =============================
loading queue conditionals pre_run_terminations
loading system conditionals pre_run_terminations
loading conditionals from /Users/jan/PychronDev/setupfiles/spectrometer/default_conditionals.yaml
07:48:50 -- ******* Pre Extraction Check *******
Get a measurement from the spectrometer
GetData ===>> H2,-0.251360119955887,H1,-0.0646346335321678,AX,-0.0922748479206615,L1,-0.0449061475274083,L2,-0....
Pre Extraction Termination data. keys=H2,H1,AX,L1,L2,CDD, signals=-0.25136,-0.06463,-0.09227,-0.04491,-0.02859,0.00298
07:48:50 -- testing system defined conditionals
Checking default pre extraction terminations n=2
testing CDD
evaluate ot="CDD.inactive" t="CDD", ctx="{'CDD': False}"
GetDeflection CDD ===>> 50
testing CDD==2000
evaluate ot="CDD.deflection==2000" t="CDD==2000", ctx="{'CDD': 50.0}"
07:48:50 -- ******* Pre Extraction Check Passed *******
=================================================================================
07:48:50 -- stopping status monitor
stop 5288834736
Alive clients [5025639504, 4992986192]
07:48:50 -- starting status monitor
start 5288834736
Monitor already running
start extraction
do extraction
Analysis started at 07:48:50.624160
Extraction Started jan_co2.py
07:48:50 -- ******* Extraction Started jan_co2.py *******
state changed from not run to extraction
DO EXTRACTION <pychron.extraction_line.pyscript_runner.RemotePyScriptRunner object at 0x12bfe48f0>
testing...
no interpolation path defined
calculate duration
testing...
no interpolation path defined
executed snippet estimated_duration=0, duration=6.38961791992e-05
calculate duration
testing...
no interpolation path defined
executed snippet estimated_duration=0, duration=9.70363616943e-05
executed snippet estimated_duration=100.0, duration=0.00277519226074
Jan CO2 laser analysis
doing GOSUB
testing...
no interpolation path defined
executed snippet estimated_duration=0, duration=4.19616699219e-05
Waiting for CO2 access
wait ('FelixCO2Flag', 0) {}
waiting for FelixCO2Flag = 0
Read FelixCO2Flag ===>> 0
finished waiting
CO2 free
wait ('CO2PumpTimeFlag', 0) {}
waiting for CO2PumpTimeFlag = 0
Read CO2PumpTimeFlag ===>> 0
finished waiting
acquire ('JanCO2Flag',) {'clear': True}
acquire JanCO2Flag
Set JanCO2Flag 1 ===>> OK
JanCO2Flag acquired
set extraction state False (0.75, 'red', 1.5)
CO2 acquired
executed snippet estimated_duration=0, duration=0.0140688419342
WaitForCO2Access.py completed successfully
gosub finished
doing GOSUB
testing...
no interpolation path defined
executed snippet estimated_duration=0, duration=7.70092010498e-05
Prepare for CO2 analysis
close () {'description': 'Jan Inlet'}
closing name=--- desc=Jan Inlet
checking ownership. requestor=129.138.12.150
check software interlocks R
interlocks []
actuate state mode=None-script, software_lock=False
doing actuation None-script close_channel False
Close R ===>> OK
GetIndicatorState R ===>> False
change switch state (True, True)
update switch state R False args=() kw={} ncanvase=6
07:48:51 -- CLOSE  VALVE-R (Jan Inlet)
---------------------------------------- close None (Jan Inlet) result=[(True, True)]
action=close, ok=True, locked=[False]
open () {'description': 'Jan Ion Pump'}
opening name=--- desc=Jan Ion Pump
checking ownership. requestor=129.138.12.150
check software interlocks O
interlocks []
actuate state mode=None-script, software_lock=False
doing actuation None-script open_channel False
Open O ===>> OK
GetIndicatorState O ===>> OK
change switch state (True, True)
update switch state O True args=() kw={} ncanvase=6
07:48:51 -- OPEN   VALVE-O (Jan Ion Pump)
---------------------------------------- open None (Jan Ion Pump) result=[(True, True)], time=0.10 sec
action=open, ok=True, locked=[False]
close () {'description': 'Microbone to Minibone'}
closing name=--- desc=Microbone to Minibone
checking ownership. requestor=129.138.12.150
check software interlocks L
interlocks []
actuate state mode=None-script, software_lock=False
doing actuation None-script close_channel False
Close L ===>> OK
GetIndicatorState L ===>> False
change switch state (True, True)
update switch state L False args=() kw={} ncanvase=6
07:48:52 -- CLOSE  VALVE-L (Microbone to Minibone)
---------------------------------------- close None (Microbone to Minibone) result=[(True, True)]
action=close, ok=True, locked=[False]
open () {'description': 'Microbone to Turbo'}
opening name=--- desc=Microbone to Turbo
checking ownership. requestor=129.138.12.150
check software interlocks U
interlocks []
actuate state mode=None-script, software_lock=False
doing actuation None-script open_channel False
Open U ===>> OK
GetIndicatorState U ===>> OK
change switch state (True, True)
update switch state U True args=() kw={} ncanvase=6
07:48:52 -- OPEN   VALVE-U (Microbone to Turbo)
---------------------------------------- open None (Microbone to Turbo) result=[(True, True)], time=0.15 sec
action=open, ok=True, locked=[False]
open () {'description': 'Microbone to Inlet Pipette'}
opening name=--- desc=Microbone to Inlet Pipette
checking ownership. requestor=129.138.12.150
check software interlocks S
interlocks []
actuate state mode=None-script, software_lock=False
doing actuation None-script open_channel False
Open S ===>> OK
GetIndicatorState S ===>> OK
change switch state (True, True)
update switch state S True args=() kw={} ncanvase=6
07:48:53 -- OPEN   VALVE-S (Microbone to Inlet Pipette)
---------------------------------------- open None (Microbone to Inlet Pipette) result=[(True, True)], time=0.44 sec
action=open, ok=True, locked=[False]
open () {'description': 'Microbone to Getter D-50'}
opening name=--- desc=Microbone to Getter D-50
checking ownership. requestor=129.138.12.150
check software interlocks K
interlocks []
actuate state mode=None-script, software_lock=False
doing actuation None-script open_channel False
Open K ===>> OK
GetIndicatorState K ===>> OK
change switch state (True, True)
update switch state K True args=() kw={} ncanvase=6
07:48:53 -- OPEN   VALVE-K (Microbone to Getter D-50)
---------------------------------------- open None (Microbone to Getter D-50) result=[(True, True)], time=0.44 sec
action=open, ok=True, locked=[False]
open () {'description': 'Microbone to Getter NP-10'}
opening name=--- desc=Microbone to Getter NP-10
checking ownership. requestor=129.138.12.150
check software interlocks M
interlocks []
actuate state mode=None-script, software_lock=False
doing actuation None-script open_channel False
Open M ===>> OK
GetIndicatorState M ===>> OK
change switch state (True, True)
update switch state M True args=() kw={} ncanvase=6
07:48:54 -- OPEN   VALVE-M (Microbone to Getter NP-10)
---------------------------------------- open None (Microbone to Getter NP-10) result=[(True, True)], time=0.16 sec
action=open, ok=True, locked=[False]
close () {'description': 'CO2 Laser to Felix'}
closing name=--- desc=CO2 Laser to Felix
checking ownership. requestor=129.138.12.150
check software interlocks F
interlocks []
actuate state mode=None-script, software_lock=True
VALVE-F(CO2 Laser to Felix) software locked
change switch state (True, False)
---------------------------------------- close None (CO2 Laser to Felix) result=[(True, False)]
action=close, ok=True, locked=[True]
open () {'description': 'CO2 Laser to Jan'}
opening name=--- desc=CO2 Laser to Jan
checking ownership. requestor=129.138.12.150
check software interlocks A
interlocks []
actuate state mode=None-script, software_lock=False
doing actuation None-script open_channel False
Open A ===>> OK
GetIndicatorState A ===>> OK
change switch state (True, True)
update switch state A True args=() kw={} ncanvase=6
07:48:54 -- OPEN   VALVE-A (CO2 Laser to Jan)
---------------------------------------- open None (CO2 Laser to Jan) result=[(True, True)], time=0.16 sec
action=open, ok=True, locked=[False]
open () {'description': 'Microbone to CO2 Laser'}
opening name=--- desc=Microbone to CO2 Laser
checking ownership. requestor=129.138.12.150
check software interlocks T
interlocks []
actuate state mode=None-script, software_lock=False
doing actuation None-script open_channel False
Open T ===>> OK
GetIndicatorState T ===>> OK
change switch state (True, True)
update switch state T True args=() kw={} ncanvase=6
07:48:55 -- OPEN   VALVE-T (Microbone to CO2 Laser)
---------------------------------------- open None (Microbone to CO2 Laser) result=[(True, True)], time=0.45 sec
action=open, ok=True, locked=[False]
executed snippet estimated_duration=0, duration=5.1037209034
PrepareForCO2Analysis.py completed successfully
gosub finished
set_motor ('beam', '1.25') {}
setting motor "beam" to 1.25
set motor beam to 1.25
SetMotor beam,1.25 ===>> OK
GetMotorMoving beam ===>> False
GetMotorMoving beam ===>> False
Block completed
move_to_position ('158',) {'autocenter': True}
FusionsCO2 move to position 158
sending GoToHole 158,True
GoToHole 158,True ===>> OK
GetDriveMoving ===>> OK
GetDriveMoving ===>> OK
GetDriveMoving ===>> OK
GetDriveMoving ===>> OK
GetDriveMoving ===>> OK
GetDriveMoving ===>> OK
GetDriveMoving ===>> False
GetDriveMoving ===>> OK
GetDriveMoving ===>> OK
GetDriveMoving ===>> OK
GetDriveMoving ===>> OK
GetDriveMoving ===>> OK
GetDriveMoving ===>> False
Block completed
GetAutoCorrecting ===>> False
GetAutoCorrecting ===>> False
Block completed
update position
GetPosition ===>> -5.98170,-5.98170,1.00000
got position (-5.9817, -5.9817, 1.0)
move to position succeeded
sleep (5,) {}
SLEEP 5.0
block started
WaitControl setup for 5.0  
Join finished
block finished. duration 5.03623390198
close () {'description': 'Microbone to Turbo'}
closing name=--- desc=Microbone to Turbo
checking ownership. requestor=129.138.12.150
check software interlocks U
interlocks []
actuate state mode=None-script, software_lock=False
doing actuation None-script close_channel True
Close U ===>> OK
GetIndicatorState U ===>> False
change switch state (True, True)
update switch state U False args=() kw={} ncanvase=6
07:49:07 -- CLOSE  VALVE-U (Microbone to Turbo)
---------------------------------------- close None (Microbone to Turbo) result=[(True, True)]
action=close, ok=True, locked=[False]
enable laser
enable () {}
set extraction state FusionsCO2 Enabled (False, 'red', 1.5)
enabling laser
Enable ===>> OK
begin interval
BEGIN INTERVAL Interval 1 waiting for 30.0
block started
WaitControl setup for 30.0  
set extract to 0.4
extract (0.4,) {}
GetPosition ===>> -5.98170,-5.98170,1.00000
set extraction state FusionsCO2 ON! 0.4(watts) (0.75, 'red', 1.5)
extract sample to 0.4 (watts)
set laser output
SetLaserOutput 0.4,watts ===>> OK
executing pattern triangle.lp
execute_pattern ('triangle.lp',) {}
executing pattern triangle.lp
IsPatterning ===>> OK
IsPatterning ===>> OK
IsPatterning ===>> OK
IsPatterning ===>> OK
IsPatterning ===>> OK
IsPatterning ===>> OK
IsPatterning ===>> OK
IsPatterning ===>> OK
IsPatterning ===>> OK
IsPatterning ===>> OK
IsPatterning ===>> OK
IsPatterning ===>> OK
IsPatterning ===>> OK
IsPatterning ===>> OK
IsPatterning ===>> OK
IsPatterning ===>> OK
IsPatterning ===>> OK
IsPatterning ===>> OK
IsPatterning ===>> OK
IsPatterning ===>> OK
IsPatterning ===>> OK
IsPatterning ===>> OK
IsPatterning ===>> OK
IsPatterning ===>> OK
IsPatterning ===>> OK
IsPatterning ===>> OK
IsPatterning ===>> False
IsPatterning ===>> False
Block completed
COMPLETE INTERVAL waiting for Interval 1 to complete
Join finished
block finished. duration 30.1299920082
Interval 1 finished
end_extract () {}
ending extraction. set laser power to 0
set laser power 0
SetLaserPower 0 ===>> OK
disable () {}
%%%%%%%%%%%%%%%%%%%%%%%%%%%%%%%%%%% disable
set extraction state False (0.75, 'red', 1.5)
disabling laser
Disable ===>> OK
sleep (30.0,) {}
SLEEP 30.0
block started
WaitControl setup for 30.0  
Join finished
block finished. duration 30.1840081215
executed snippet estimated_duration=166.5, duration=78.0427370071
jan_co2.py completed successfully
GetAchievedOutput ===>> No Response
Requested Output= 0.000
Achieved Output=  0.000
GetResponseBlob ===>> No Response
GetOutputBlob ===>> No Response
persistence save...
persistence save - db
AutomatedRunPersister post_extraction_save deprecated
persistence save - dvc
no extraction position for 158
create new session 4992585168
close session 4992585168
Extraction Finished
07:50:08 -- ******* Extraction Finished *******
no overlap. not waiting for min ms pumptime
07:50:08 -- Sending spectrometer configuration
======== Sending configuration ========
SetDeflection CDD,50.0 ===>> OK
SetDeflection H2,0.0 ===>> OK
SetDeflection H1,0.0 ===>> OK
SetDeflection L2,825.0 ===>> OK
SetDeflection L1,400.0 ===>> OK
SetDeflection AX,190.0 ===>> OK
SetZFocus 74.64 ===>> OK
SetZSymmetry -50.72 ===>> OK
SetExtractionLens 26.13 ===>> OK
SetIonRepeller -3.81 ===>> OK
SetElectronEnergy 75.08 ===>> OK
SetYSymmetry -2.81 ===>> OK
SetIonCounterVoltage 1590.0 ===>> OK
send trap current 200.0
GetParameter Trap Current Readback ===>> 198.370811206739
SetParameter Trap Current Set,200.0 ===>> OK
updating mftable name mftable
Using mftable located at /Users/jan/PychronDev/setupfiles/spectrometer/mftables/mftable.csv
============ MFtable ===========
Isotope  H2     H1     AX     L1     L2     CDD    
Ar40     5.8239 5.8809 5.9941 6.1639 6.2325 6.3921
Ar39     5.7232 5.7732 5.8865 6.0499 6.1176 6.2786
Ar36     5.4007 5.4422 5.5499 5.7088 5.7726 5.9297
================================
get initial guess parabolic
get initial guess parabolic
get initial guess parabolic
get initial guess parabolic
get initial guess parabolic
get initial guess parabolic
======== Configuration Finished ========
GetYSymmetry ===>> -2.81
GetZSymmetry ===>> -50.72
GetParameter Trap Current Readback ===>> 198.035158395898
GetHighVoltage ===>> 4499.94659342336
start measurement
do measurement
L#=65447 analysis type=unknown
Measurement Started jan_unknown120_60.py
07:50:08 -- ******* Measurement Started jan_unknown120_60.py *******
state changed from extraction to measurement
setting spec, defl, and gains
GetExtractionLens ===>> 26.13
GetYSymmetry ===>> -2.81
GetZSymmetry ===>> -50.72
GetZFocus ===>> 74.64
GetDeflection H2 ===>> 0
GetDeflection H1 ===>> 0
GetDeflection AX ===>> 190
GetDeflection L1 ===>> 400
GetDeflection L2 ===>> 825
GetDeflection CDD ===>> 50
GetGain H2 ===>> 0.0113
GetGain H1 ===>> 0.1
GetGain AX ===>> 0.097049
GetGain L1 ===>> 0.010355
GetGain L2 ===>> 0.095649
GetGain CDD ===>> 0
pre measurement save
New frame /Users/jan/PychronDev/data/isotopes/89/d09c8e-6fe7-474c-bc35-1b4d2e2dd88c.h5
flush and close file /Users/jan/PychronDev/data/isotopes/89/d09c8e-6fe7-474c-bc35-1b4d2e2dd88c.h5
testing...
no interpolation path defined
executed snippet estimated_duration=226.132928, duration=0.000231981277466
unknown measurement script
activate_detectors ('H2', 'H1', 'AX', 'L1', 'L2', 'CDD') {}
activate detectors
*************** Set Analysis View Ar/Ar
create graphs
clearing graphs
clear isotope group
setting isotope det=H2, iso=PM41
setting isotope det=H1, iso=Ar40
setting isotope det=AX, iso=Ar39
setting isotope det=L1, iso=Ar38
setting isotope det=L2, iso=Ar37
setting isotope det=CDD, iso=Ar36
setting previous blanks
 - setting Ar40 blank 0.473+/-0.008
 - setting Ar36 blank 0.00491+/-0.00017
 - setting Ar37 blank 0.053+/-0.005
 - setting Ar38 blank 0.0082+/-0.0022
 - setting PM41 blank 0.02+/-0.06
 - setting Ar39 blank 0.033+/-0.009
load analysis view
position_magnet ('Ar40',) {'detector': 'H1'}
detector Detector(H1)
POSITION Ar40 H1
setting detector H2 to PM41 (40.9624)
setting detector H1 to Ar40 (39.9624)
setting detector AX to Ar39 (38.9624)
setting detector L1 to Ar38 (37.9624)
setting detector L2 to Ar37 (36.9624)
setting detector CDD to Ar36 (35.9624)
Mapping mass to dac mass func: "parabolic"
H1 map mass coeffs = [-0.00063987  0.15840543  0.57252999]
H1 map mass to dac 39.9624 >> 5.88092
GetDeflection H1 ===>> 0
GetHighVoltage ===>> 4499.94659342336
positioning Ar40 (5.88088536781) on H1
setting magnet DAC
current  : 5.880885
requested: 5.880885
Delta Dac: 0.000000
Checking detector protection. dv=0.00000
Checking detector "CDD". Protection Threshold: 0.1 (V)
SetMagnetDAC 5.88088536781 ===>> OK
Magnet settling time: 0.500
equilibrate () {'delay': 3, 'inlet': 'R', 'outlet': 'O', 'eqtime': 12.0}
Equilibration Started
07:50:13 -- ******* Equilibration Started *******
checking ownership. requestor=129.138.12.150
check software interlocks O
interlocks []
actuate state mode=None-script, software_lock=False
doing actuation None-script close_channel True
Close O ===>> OK
GetIndicatorState O ===>> False
change switch state (True, True)
update switch state O False args=() kw={} ncanvase=6
07:50:13 -- CLOSE  VALVE-O (Jan Ion Pump)
waiting 3s before opening inlet value ('R',)
update labels <pychron.experiment.plot_panel.PlotPanel object at 0x1d0d49110>
update labels "<pychron.graph.stacked_regression_graph.StackedRegressionGraph object at 0x1d81153b0>"
setting label 0 H2 PM41
setting label 1 H1 Ar40
setting label 2 AX Ar39
setting label 3 L1 Ar38
setting label 4 L2 Ar37
setting label 5 CDD Ar36
update labels "<pychron.graph.stacked_graph.StackedGraph object at 0x1c305c890>"
setting label 0 H2 PM41
setting label 1 H1 Ar40
setting label 2 AX Ar39
setting label 3 L1 Ar38
setting label 4 L2 Ar37
setting label 5 CDD Ar36
checking ownership. requestor=129.138.12.150
check software interlocks R
interlocks []
actuate state mode=None-script, software_lock=False
doing actuation None-script open_channel True
Open R ===>> OK
GetIndicatorState R ===>> OK
change switch state (True, True)
update switch state R True args=() kw={} ncanvase=6
07:50:16 -- OPEN   VALVE-R (Jan Inlet)
equilibrating for 12.0sec
set_time_zero () {}
sniff (12.0,) {}
py_sniff
build tables- sniff [Detector(H2), Detector(H1), Detector(AX), Detector(L1), Detector(L2), Detector(CDD)]
add group /sniff/PM41 (Group) '' table H2
add group /sniff/Ar40 (Group) '' table H1
add group /sniff/Ar39 (Group) '' table AX
add group /sniff/Ar38 (Group) '' table L1
add group /sniff/Ar37 (Group) '' table L2
add group /sniff/Ar36 (Group) '' table CDD
flush and close file /Users/jan/PychronDev/data/isotopes/89/d09c8e-6fe7-474c-bc35-1b4d2e2dd88c.h5
measuring sniff. ncounts=12.0
"sniff" increment series count="1" fit count="0" regressing="False"
starting measurement
check iteration duration=3.48091125488e-05
GetData ===>> H2,-0.167093844132101,H1,0.0178322343797667,AX,0.0932863947714587,L1,-0.0299066070844662,L2,0.208...
check iteration duration=2.90870666504e-05
GetData ===>> H2,0.755999131171954,H1,4.45340941398531,AX,2.23435819430421,L1,0.0971082353463117,L2,5.582168013...
check iteration duration=1.59740447998e-05
GetData ===>> H2,0.691612217929001,H1,8.1060860682441,AX,2.52982411392302,L1,0.218859650923914,L2,9.09428128018...
check iteration duration=1.8835067749e-05
GetData ===>> H2,0.205667362889032,H1,9.15810968026831,AX,2.59512879683318,L1,0.182549384748738,L2,9.7674539626...
check iteration duration=2.69412994385e-05
GetData ===>> H2,0.120222680440139,H1,9.62033240728994,AX,2.62967302953315,L1,0.168268197226946,L2,9.9080167983...
check iteration duration=3.00407409668e-05
GetData ===>> H2,0.0972796446312064,H1,9.69944701218572,AX,2.50980772886899,L1,0.116201652541774,L2,10.02277483...
check iteration duration=3.69548797607e-05
GetData ===>> H2,0.124509774932396,H1,9.87574855867808,AX,2.4471052685957,L1,0.091770139201379,L2,9.96394761464...
check iteration duration=3.69548797607e-05
GetData ===>> H2,0.114928586244663,H1,9.96298716553998,AX,2.58761720399413,L1,0.073832765281609,L2,10.029755803...
check iteration duration=5.00679016113e-05
GetData ===>> H2,-0.0268277891728724,H1,9.90899284840563,AX,2.58611260314883,L1,0.0715690233252488,L2,10.035705...
check iteration duration=1.90734863281e-05
GetData ===>> H2,0.0364454126352794,H1,10.012669398947,AX,2.65196931215505,L1,0.0674462219399236,L2,10.09482684...
check iteration duration=3.40938568115e-05
GetData ===>> H2,0.0462949949701314,H1,10.123313698152,AX,2.55273517492364,L1,0.0735618120059157,L2,9.957330804...
check iteration duration=4.00543212891e-05
GetData ===>> H2,0.11797652696506,H1,10.0607433374938,AX,2.45290947796234,L1,0.0827939693514182,L2,9.9749526206...
Equilibration Finished
07:50:28 -- ******* Equilibration Finished *******
checking ownership. requestor=129.138.12.150
check software interlocks R
interlocks []
actuate state mode=None-script, software_lock=False
doing actuation None-script close_channel True
check iteration duration=3.00407409668e-05
waiting for write to finish
measurement finished
estimated time: 12.583 actual time: :12.729
flush and close file /Users/jan/PychronDev/data/isotopes/89/d09c8e-6fe7-474c-bc35-1b4d2e2dd88c.h5
set_fits () {}
using default fits file=/Users/jan/PychronDev/scripts/measurement/fits/nominal_linear.yaml
set "Ar40" to "('Linear', 'SEM')"
No fit for "PM41". defaulting to linear. check the measurement script "jan_unknown120_60.py"
set "PM41" to "linear"
set "Ar36" to "('Linear', 'SEM')"
set "Ar37" to "('linear', 'SEM')"
set "Ar38" to "('linear', 'SEM')"
set "Ar39" to "('Linear', 'SEM')"
set_baseline_fits () {}
using default fits file=/Users/jan/PychronDev/scripts/measurement/fits/nominal_linear.yaml
Close R ===>> OK
set "H1" to "('average', 'SEM')"
set "H2" to "('average', 'SEM')"
set "CDD" to "('average', 'SEM')"
set "L2" to "('average', 'SEM')"
set "L1" to "('average', 'SEM')"
set "AX" to "('average', 'SEM')"
multicollect () {'integration_time': 1, 'ncounts': 120}
build tables- signal [Detector(H2), Detector(H1), Detector(AX), Detector(L1), Detector(L2), Detector(CDD)]
add group /signal/PM41 (Group) '' table H2
add group /signal/Ar40 (Group) '' table H1
add group /signal/Ar39 (Group) '' table AX
add group /signal/Ar38 (Group) '' table L1
add group /signal/Ar37 (Group) '' table L2
add group /signal/Ar36 (Group) '' table CDD
flush and close file /Users/jan/PychronDev/data/isotopes/89/d09c8e-6fe7-474c-bc35-1b4d2e2dd88c.h5
measuring signal. ncounts=120
GetIndicatorState R ===>> False
change switch state (True, True)
update switch state R False args=() kw={} ncanvase=6
07:50:30 -- CLOSE  VALVE-R (Jan Inlet)
Post Equilibration Started jan_pump_extraction_line.py
07:50:30 -- ******* Post Equilibration Started jan_pump_extraction_line.py *******
testing...
no interpolation path defined
calculate duration
testing...
no interpolation path defined
executed snippet estimated_duration=4.0, duration=0.000117063522339
executed snippet estimated_duration=4.0, duration=0.00109601020813
Pump after analysis
doing GOSUB
testing...
no interpolation path defined
executed snippet estimated_duration=4.0, duration=0.00011682510376
Pump Microbone
close () {'description': 'Jan Inlet'}
closing name=--- desc=Jan Inlet
checking ownership. requestor=129.138.12.150
check software interlocks R
interlocks []
actuate state mode=None-script, software_lock=False
doing actuation None-script close_channel False
"signal" increment series count="2" fit count="1" regressing="True"
Close R ===>> OK
GetIndicatorState R ===>> False
change switch state (True, True)
update switch state R False args=() kw={} ncanvase=6
07:50:30 -- CLOSE  VALVE-R (Jan Inlet)
---------------------------------------- close None (Jan Inlet) result=[(True, True)]
starting measurement
check iteration duration=4.79221343994e-05
GetData ===>> H2,0.108159041827818,H1,10.0120434181731,AX,2.61183503130456,L1,0.103950085136956,L2,10.072239801...
action=close, ok=True, locked=[False]
is_closed ('F',) {}
is F () closed?
is closed True
open () {'description': 'CO2 Laser to Jan'}
opening name=--- desc=CO2 Laser to Jan
checking ownership. requestor=129.138.12.150
check software interlocks A
interlocks []
actuate state mode=None-script, software_lock=False
doing actuation None-script open_channel False
Open A ===>> OK
GetIndicatorState A ===>> OK
change switch state (True, True)
update switch state A True args=() kw={} ncanvase=6
07:50:30 -- OPEN   VALVE-A (CO2 Laser to Jan)
---------------------------------------- open None (CO2 Laser to Jan) result=[(True, True)], time=0.14 sec
action=open, ok=True, locked=[False]
sleep (1,) {}
SLEEP 1.0
check iteration duration=7.20024108887e-05
GetData ===>> H2,0.148467932677793,H1,10.1300189789233,AX,2.48600244904954,L1,0.103335955644562,L2,10.158813030...
close () {'description': 'CO2 Laser to Roughing'}
closing name=--- desc=CO2 Laser to Roughing
checking ownership. requestor=129.138.12.150
check software interlocks G
interlocks []
actuate state mode=None-script, software_lock=True
VALVE-G(CO2 Laser to Roughing) software locked
change switch state (True, False)
---------------------------------------- close None (CO2 Laser to Roughing) result=[(True, False)]
action=close, ok=True, locked=[True]
open () {'description': 'Microbone to Turbo'}
opening name=--- desc=Microbone to Turbo
checking ownership. requestor=129.138.12.150
check software interlocks U
interlocks []
actuate state mode=None-script, software_lock=False
doing actuation None-script open_channel True
Open U ===>> OK
GetIndicatorState U ===>> OK
change switch state (True, True)
update switch state U True args=() kw={} ncanvase=6
07:50:32 -- OPEN   VALVE-U (Microbone to Turbo)
---------------------------------------- open None (Microbone to Turbo) result=[(True, True)], time=0.16 sec
action=open, ok=True, locked=[False]
open () {'description': 'Microbone to Getter NP-10'}
opening name=--- desc=Microbone to Getter NP-10
checking ownership. requestor=129.138.12.150
check software interlocks M
interlocks []
actuate state mode=None-script, software_lock=False
doing actuation None-script open_channel False
Open M ===>> OK
check iteration duration=6.48498535156e-05
GetData ===>> H2,0.0518653540512215,H1,10.1478809250777,AX,2.47615083543794,L1,0.0925897179991747,L2,10.1168827...
GetIndicatorState M ===>> OK
change switch state (True, True)
update switch state M True args=() kw={} ncanvase=6
07:50:32 -- OPEN   VALVE-M (Microbone to Getter NP-10)
---------------------------------------- open None (Microbone to Getter NP-10) result=[(True, True)], time=0.17 sec
action=open, ok=True, locked=[False]
open () {'description': 'Microbone to Getter D-50'}
opening name=--- desc=Microbone to Getter D-50
checking ownership. requestor=129.138.12.150
check software interlocks K
interlocks []
actuate state mode=None-script, software_lock=False
doing actuation None-script open_channel False
Open K ===>> OK
GetIndicatorState K ===>> OK
change switch state (True, True)
update switch state K True args=() kw={} ncanvase=6
07:50:33 -- OPEN   VALVE-K (Microbone to Getter D-50)
---------------------------------------- open None (Microbone to Getter D-50) result=[(True, True)], time=0.44 sec
check iteration duration=5.98430633545e-05
GetData ===>> H2,-0.00927477526888995,H1,10.1344058425482,AX,2.45421370968719,L1,0.0834388365814873,L2,9.899623...
action=open, ok=True, locked=[False]
open () {'description': 'Microbone to CO2 Laser'}
opening name=--- desc=Microbone to CO2 Laser
checking ownership. requestor=129.138.12.150
check software interlocks T
interlocks []
actuate state mode=None-script, software_lock=False
doing actuation None-script open_channel False
Open T ===>> OK
GetIndicatorState T ===>> OK
change switch state (True, True)
update switch state T True args=() kw={} ncanvase=6
07:50:34 -- OPEN   VALVE-T (Microbone to CO2 Laser)
---------------------------------------- open None (Microbone to CO2 Laser) result=[(True, True)], time=0.43 sec
action=open, ok=True, locked=[False]
open () {'description': 'Microbone to Inlet Pipette'}
opening name=--- desc=Microbone to Inlet Pipette
checking ownership. requestor=129.138.12.150
check software interlocks S
interlocks []
actuate state mode=None-script, software_lock=False
doing actuation None-script open_channel False
Open S ===>> OK
testing H1>-5.0
evaluate ot="H1.bs>-5.0" t="H1>-5.0", ctx="{'H1': None}"
check iteration duration=0.00112700462341
GetData ===>> H2,-0.0218134345623578,H1,10.1703599511003,AX,2.36575307721944,L1,0.05029242554988,L2,9.998776946...
GetIndicatorState S ===>> OK
change switch state (True, True)
update switch state S True args=() kw={} ncanvase=6
07:50:34 -- OPEN   VALVE-S (Microbone to Inlet Pipette)
---------------------------------------- open None (Microbone to Inlet Pipette) result=[(True, True)], time=0.43 sec
action=open, ok=True, locked=[False]
sleep (1,) {}
SLEEP 1.0
check iteration duration=6.79492950439e-05
GetData ===>> H2,-0.0972689376054378,H1,10.1424029390726,AX,2.43614399980062,L1,0.0409438711835201,L2,10.034206...
set_resource () {'name': 'CO2PumpTimeFlag', 'value': 30}
Set CO2PumpTimeFlag 30 ===>> OK
release ('JanCO2Flag',) {}
release JanCO2Flag
Set JanCO2Flag 0 ===>> OK
executed snippet estimated_duration=6.0, duration=6.07775902748
PumpMicrobone.py completed successfully
gosub finished
get_resource_value () {'name': 'JanMiniboneFlag'}
Read JanMiniboneFlag ===>> 0
Get Resource Value JanMiniboneFlag=0.0
get resource value 0.0
get_resource_value () {'name': 'JanMiniboneFlag'}
Read JanMiniboneFlag ===>> 0
Get Resource Value JanMiniboneFlag=0.0
executed snippet estimated_duration=4.0, duration=6.09136295319
jan_pump_extraction_line.py completed successfully
Post Equilibration Finished
07:50:36 -- ******* Post Equilibration Finished *******
check iteration duration=6.38961791992e-05
GetData ===>> H2,-0.150927853494062,H1,10.1667614795192,AX,2.4860376770864,L1,0.00528104667032629,L2,10.0810363...
check iteration duration=4.38690185547e-05
GetData ===>> H2,-0.127544912670303,H1,10.1558288994676,AX,2.46988107200479,L1,0.0356810853779587,L2,9.93549362...
check iteration duration=6.79492950439e-05
GetData ===>> H2,-0.118283772096334,H1,10.2479094959615,AX,2.37722310966174,L1,0.026932686818339,L2,10.03102730...
testing H1>-5.0
evaluate ot="H1.bs>-5.0" t="H1>-5.0", ctx="{'H1': None}"
check iteration duration=0.00127911567688
GetData ===>> H2,-0.104771206824657,H1,10.3178728947096,AX,2.41878234108429,L1,0.0123024311282514,L2,9.91823413...
check iteration duration=3.88622283936e-05
GetData ===>> H2,-0.213790752971437,H1,10.2164605614167,AX,2.38946945943503,L1,0.0252850260294108,L2,9.92840453...
check iteration duration=6.103515625e-05
GetData ===>> H2,-0.189437698104078,H1,10.2777501758747,AX,2.28649726109954,L1,0.0392734779824081,L2,9.92438662...
check iteration duration=8.10623168945e-05
GetData ===>> H2,-0.221788645799295,H1,10.3475828418739,AX,2.38186080994672,L1,0.0118894848684778,L2,10.0647519...
check iteration duration=4.41074371338e-05
GetData ===>> H2,-0.240471548049126,H1,10.2940031135571,AX,2.30985431840999,L1,0.0254687532900284,L2,9.93093981...
testing H1>-5.0
evaluate ot="H1.bs>-5.0" t="H1>-5.0", ctx="{'H1': None}"
check iteration duration=0.00116300582886
GetData ===>> H2,-0.182046545867251,H1,10.2537891958119,AX,2.29250316767665,L1,0.0300822453534313,L2,9.95953635...
check iteration duration=3.60012054443e-05
GetData ===>> H2,-0.185927502508599,H1,10.2823147906962,AX,2.32313664248248,L1,0.0180145893041825,L2,10.0091501...
check iteration duration=7.39097595215e-05
GetData ===>> H2,-0.187286939059201,H1,10.4228742636241,AX,2.40333796928116,L1,0.00387726630459444,L2,9.8070624...
check iteration duration=7.39097595215e-05
GetData ===>> H2,-0.195551270054068,H1,10.46624152122,AX,2.40794166567599,L1,0.0225895318551814,L2,9.9444101007...
check iteration duration=6.50882720947e-05
GetData ===>> H2,-0.155019844152031,H1,10.4367132047119,AX,2.44683504045422,L1,0.0089945346073328,L2,9.97585177...
testing H1>-5.0
evaluate ot="H1.bs>-5.0" t="H1>-5.0", ctx="{'H1': None}"
check iteration duration=0.000591039657593
GetData ===>> H2,-0.0786253929116406,H1,10.3555261527987,AX,2.38938726409458,L1,0.0378594519356921,L2,9.8365484...
check iteration duration=0.000123023986816
GetData ===>> H2,-0.0430839236161815,H1,10.4714754099142,AX,2.26063577867595,L1,0.0242059151556963,L2,9.8528946...
check iteration duration=6.79492950439e-05
GetData ===>> H2,-0.0294402728488129,H1,10.5171982717138,AX,2.43842309142802,L1,0.000223235327944442,L2,10.0230...
check iteration duration=0.000103950500488
GetData ===>> H2,-0.0401773628972921,H1,10.4712494812906,AX,2.53977508496411,L1,0.0545265504540976,L2,9.9275889...
check iteration duration=8.98838043213e-05
GetData ===>> H2,-0.0672830029307718,H1,10.4428867368552,AX,2.1970136072204,L1,0.0611362956008762,L2,9.96074703...
testing H1>-5.0
evaluate ot="H1.bs>-5.0" t="H1>-5.0", ctx="{'H1': None}"
check iteration duration=0.000586986541748
07:50:55 -- collecting point 25
GetData ===>> H2,-0.199780521380372,H1,10.4400383345807,AX,2.27958857547879,L1,0.0304498780735349,L2,9.94920423...
check iteration duration=8.39233398438e-05
GetData ===>> H2,-0.199854681007288,H1,10.5242053400112,AX,2.2765976989263,L1,0.0203702812414718,L2,9.983452953...
check iteration duration=8.10623168945e-05
GetData ===>> H2,-0.152902429136134,H1,10.4565777099366,AX,2.33926088065456,L1,0.0197035201178977,L2,9.89457514...
check iteration duration=8.70227813721e-05
GetData ===>> H2,-0.114857616304459,H1,10.518215397876,AX,2.41635101328663,L1,0.0372246475560092,L2,9.905870330...
check iteration duration=8.20159912109e-05
GetData ===>> H2,-0.134487803436148,H1,10.722711772851,AX,2.30396467371488,L1,0.0315925084473727,L2,10.00279418...
testing H1>-5.0
evaluate ot="H1.bs>-5.0" t="H1>-5.0", ctx="{'H1': None}"
check iteration duration=0.000602960586548
GetData ===>> H2,-0.0631199642474845,H1,10.6741015119993,AX,2.41754905137173,L1,0.040781509819956,L2,9.93829791...
check iteration duration=8.89301300049e-05
GetData ===>> H2,-0.121058308816451,H1,10.6825828158938,AX,2.3578410593227,L1,0.0330813662046154,L2,9.937183380...
check iteration duration=8.79764556885e-05
GetData ===>> H2,-0.257540391368599,H1,10.5270309026185,AX,2.38494881752727,L1,0.0234571790001233,L2,9.95507735...
check iteration duration=3.48091125488e-05
GetData ===>> H2,-0.196673470404619,H1,10.5141469521415,AX,2.41039627538401,L1,-0.00495423877699974,L2,9.861332...
check iteration duration=3.38554382324e-05
GetData ===>> H2,-0.269468988219513,H1,10.6333881882191,AX,2.39827650029699,L1,0.0150950642279834,L2,9.79404157...
testing H1>-5.0
evaluate ot="H1.bs>-5.0" t="H1>-5.0", ctx="{'H1': None}"
check iteration duration=0.00148797035217
GetData ===>> H2,-0.244344901345052,H1,10.7729016790284,AX,2.43629672078799,L1,0.0375252128328193,L2,9.73526862...
check iteration duration=6.19888305664e-05
GetData ===>> H2,-0.153445670961304,H1,10.7522558396916,AX,2.36599960430478,L1,-0.0101782086287654,L2,9.8486161...
check iteration duration=3.60012054443e-05
GetData ===>> H2,-0.118051064381483,H1,10.7031795179833,AX,2.27606990661089,L1,0.00975899910231223,L2,9.9027046...
check iteration duration=4.19616699219e-05
GetData ===>> H2,-0.250683674231669,H1,10.7592320569419,AX,2.40773026674253,L1,0.0167234568404934,L2,9.86829657...
check iteration duration=5.10215759277e-05
GetData ===>> H2,-0.307862587588281,H1,10.678448880328,AX,2.44726975565323,L1,0.0228923586639211,L2,9.987037935...
testing H1>-5.0
evaluate ot="H1.bs>-5.0" t="H1>-5.0", ctx="{'H1': None}"
check iteration duration=0.000581979751587
GetData ===>> H2,-0.204244064842602,H1,10.7951562959843,AX,2.35563425964946,L1,0.0122904266376821,L2,9.89211723...
check iteration duration=7.70092010498e-05
GetData ===>> H2,-0.221612184491008,H1,10.7858693548147,AX,2.32499067822148,L1,0.0408729129328813,L2,9.80790106...
check iteration duration=5.50746917725e-05
GetData ===>> H2,-0.208847312953231,H1,10.8632436018625,AX,2.28964093214181,L1,0.034614915151413,L2,9.891062148...
check iteration duration=5.69820404053e-05
GetData ===>> H2,-0.19371912126091,H1,10.8277864570846,AX,2.42200071264204,L1,0.0139759970782722,L2,9.900030730...
check iteration duration=8.58306884766e-05
GetData ===>> H2,-0.21368975062257,H1,11.0058474283174,AX,2.32611719799234,L1,0.0433555456614789,L2,9.831383897...
testing H1>-5.0
evaluate ot="H1.bs>-5.0" t="H1>-5.0", ctx="{'H1': None}"
check iteration duration=0.000591039657593
GetData ===>> H2,-0.226348743426799,H1,10.8687769969353,AX,2.29780556148146,L1,0.0666712027553478,L2,9.74028914...
check iteration duration=4.29153442383e-05
GetData ===>> H2,-0.324889578440343,H1,10.943443311824,AX,2.42870794878338,L1,0.0467729581168317,L2,9.799491710...
check iteration duration=3.69548797607e-05
GetData ===>> H2,-0.24991169658091,H1,10.9045372696289,AX,2.51615050967623,L1,-0.00165728155466671,L2,9.9024168...
check iteration duration=4.19616699219e-05
GetData ===>> H2,-0.245052674306054,H1,10.8338585906342,AX,2.45248648759555,L1,-0.037556480220707,L2,9.87886951...
check iteration duration=8.70227813721e-05
GetData ===>> H2,-0.276773449467885,H1,10.9045246891402,AX,2.36872318268094,L1,0.0104299034891362,L2,9.88169874...
testing H1>-5.0
evaluate ot="H1.bs>-5.0" t="H1>-5.0", ctx="{'H1': None}"
check iteration duration=0.000581979751587
07:51:22 -- collecting point 50
GetData ===>> H2,-0.287719013957357,H1,10.9851156425535,AX,2.4384583355268,L1,0.0445970910929028,L2,9.765645781...
check iteration duration=4.00543212891e-05
GetData ===>> H2,-0.308393967527908,H1,10.8801339414996,AX,2.32266727188166,L1,0.0636275056616367,L2,9.80006668...
check iteration duration=7.79628753662e-05
GetData ===>> H2,-0.284405304182288,H1,10.9286568232539,AX,2.36079918748829,L1,0.0179485273494547,L2,9.73204556...
check iteration duration=8.51154327393e-05
GetData ===>> H2,-0.178064383655032,H1,10.9009141508647,AX,2.38018181982468,L1,0.00212571085811189,L2,9.8262795...
check iteration duration=5.3882598877e-05
GetData ===>> H2,-0.186133856066364,H1,11.003847036138,AX,2.45040681136124,L1,0.0160821557780445,L2,9.808679744...
testing H1>-5.0
evaluate ot="H1.bs>-5.0" t="H1>-5.0", ctx="{'H1': None}"
check iteration duration=0.00172114372253
GetData ===>> H2,-0.156932879685651,H1,11.0959798639508,AX,2.37523894507656,L1,0.0342952062449993,L2,9.78328592...
check iteration duration=7.48634338379e-05
GetData ===>> H2,-0.129267019316075,H1,11.0368520609237,AX,2.35381486092631,L1,0.0363133883672532,L2,9.75395924...
check iteration duration=5.91278076172e-05
GetData ===>> H2,-0.203894971658018,H1,11.0494125340683,AX,2.54979756191929,L1,0.037281153144589,L2,9.856765899...
check iteration duration=6.50882720947e-05
GetData ===>> H2,-0.112974955603609,H1,10.9950407287277,AX,2.36401566573014,L1,0.0599998625174532,L2,9.79876101...
check iteration duration=8.98838043213e-05
GetData ===>> H2,-0.107218998905771,H1,10.9785245925659,AX,2.38128548843103,L1,0.0460059804859186,L2,9.82347580...
testing H1>-5.0
evaluate ot="H1.bs>-5.0" t="H1>-5.0", ctx="{'H1': None}"
check iteration duration=0.000586032867432
GetData ===>> H2,-0.223173299973584,H1,10.9965125889943,AX,2.44412105107646,L1,0.0244727334513033,L2,9.85738914...
check iteration duration=6.29425048828e-05
GetData ===>> H2,-0.22226548165995,H1,11.1014449083152,AX,2.49459846325892,L1,0.0316922394276881,L2,9.784076386...
check iteration duration=4.10079956055e-05
GetData ===>> H2,-0.178450381372781,H1,11.1211541558496,AX,2.47446007344574,L1,0.0126613720030368,L2,9.80435515...
check iteration duration=7.79628753662e-05
GetData ===>> H2,-0.136940593740817,H1,11.1703023295761,AX,2.29920159316415,L1,0.0306144761507592,L2,9.83313334...
check iteration duration=8.39233398438e-05
GetData ===>> H2,-0.0589356262546255,H1,11.1293411860239,AX,2.46114633607,L1,0.0280100566766438,L2,9.7991083945...
testing H1>-5.0
evaluate ot="H1.bs>-5.0" t="H1>-5.0", ctx="{'H1': None}"
check iteration duration=0.000566959381104
GetData ===>> H2,-0.0844928019793565,H1,11.0882612852042,AX,2.46032455935316,L1,0.0257737719516817,L2,9.7639693...
check iteration duration=4.00543212891e-05
GetData ===>> H2,-0.164363094154791,H1,11.1550072668173,AX,2.33394451921733,L1,0.0279439938967096,L2,9.78254336...
check iteration duration=6.89029693604e-05
GetData ===>> H2,-0.198637053236518,H1,11.1098948766648,AX,2.33919046339636,L1,0.0251085069128096,L2,9.77390859...
check iteration duration=6.69956207275e-05
GetData ===>> H2,-0.0857496134123623,H1,11.191379153622,AX,2.52392684586808,L1,0.034404579204279,L2,9.744423176...
check iteration duration=9.79900360107e-05
GetData ===>> H2,-0.126683761345519,H1,11.2605441784087,AX,2.40706083977845,L1,0.028467703453702,L2,9.786902951...
testing H1>-5.0
evaluate ot="H1.bs>-5.0" t="H1>-5.0", ctx="{'H1': None}"
check iteration duration=0.00056004524231
GetData ===>> H2,-0.207331520408454,H1,11.2522913746794,AX,2.59213114424482,L1,0.0886659839689929,L2,9.78202837...
check iteration duration=4.19616699219e-05
GetData ===>> H2,-0.212403575149557,H1,11.2600905724659,AX,2.35131470975012,L1,0.0664497796214103,L2,9.66918649...
check iteration duration=6.79492950439e-05
GetData ===>> H2,-0.231213870750627,H1,11.2314921273524,AX,2.37012021976898,L1,0.0417930035378727,L2,9.71088851...
check iteration duration=5.00679016113e-05
GetData ===>> H2,-0.191663539301112,H1,11.2969019827954,AX,2.48671875494009,L1,0.0229380238132162,L2,9.67082693...
check iteration duration=6.19888305664e-05
GetData ===>> H2,-0.15536167433294,H1,11.3940934271321,AX,2.43935119023242,L1,0.0262253125794623,L2,9.799707325...
testing H1>-5.0
evaluate ot="H1.bs>-5.0" t="H1>-5.0", ctx="{'H1': None}"
check iteration duration=0.00075101852417
07:51:48 -- collecting point 75
GetData ===>> H2,-0.166277252837907,H1,11.3403226406807,AX,2.40605083577251,L1,0.0359587648900669,L2,9.75358807...
check iteration duration=3.69548797607e-05
GetData ===>> H2,-0.155741323439708,H1,11.2678525424081,AX,2.40363156594673,L1,0.0221581395311773,L2,9.72533616...
check iteration duration=3.21865081787e-05
GetData ===>> H2,-0.247321016401853,H1,11.3651568864042,AX,2.31180196764865,L1,0.0471492552871421,L2,9.72055599...
check iteration duration=8.89301300049e-05
GetData ===>> H2,-0.146004824709658,H1,11.366101988084,AX,2.45179325730856,L1,0.0468270574855376,L2,9.684562249...
check iteration duration=6.8187713623e-05
GetData ===>> H2,-0.119102270061815,H1,11.3719240006488,AX,2.53784825420573,L1,0.027187305650598,L2,9.682622188...
testing H1>-5.0
evaluate ot="H1.bs>-5.0" t="H1>-5.0", ctx="{'H1': None}"
check iteration duration=0.000929832458496
GetData ===>> H2,-0.182408123226286,H1,11.3631280966496,AX,2.4150942634971,L1,-0.0169839228394105,L2,9.67273085...
check iteration duration=8.20159912109e-05
GetData ===>> H2,-0.111481869038743,H1,11.3663666180676,AX,2.40495863378816,L1,-0.000296432082898693,L2,9.70694...
check iteration duration=9.08374786377e-05
GetData ===>> H2,0.0225901302596969,H1,11.3836446080988,AX,2.42669925400059,L1,0.0050371341074363,L2,9.79303543...
check iteration duration=7.89165496826e-05
GetData ===>> H2,-0.0659407445941836,H1,11.4238195954601,AX,2.46979888674252,L1,0.0272221360850917,L2,9.6769459...
check iteration duration=8.79764556885e-05
GetData ===>> H2,-0.111261205871807,H1,11.4486986733285,AX,2.45773013781995,L1,0.0159548611701525,L2,9.78048341...
testing H1>-5.0
evaluate ot="H1.bs>-5.0" t="H1>-5.0", ctx="{'H1': None}"
check iteration duration=0.000571012496948
GetData ===>> H2,-0.151164159132748,H1,11.3584910090321,AX,2.37244474554791,L1,0.0504391467679426,L2,9.83573361...
check iteration duration=4.00543212891e-05
GetData ===>> H2,-0.21885579761383,H1,11.4961149948554,AX,2.42640558860293,L1,0.0234583807792566,L2,9.722688471...
check iteration duration=7.79628753662e-05
GetData ===>> H2,-0.142867558233513,H1,11.5075591459484,AX,2.37523894507656,L1,0.0337567720426259,L2,9.71304475...
check iteration duration=7.9870223999e-05
GetData ===>> H2,-0.0991876182099484,H1,11.5304077311138,AX,2.35336881991619,L1,0.0331522696750877,L2,9.7418109...
check iteration duration=8.01086425781e-05
GetData ===>> H2,-0.145531993406092,H1,11.5744371122788,AX,2.45082979280334,L1,0.0437465197527381,L2,9.72152638...
testing H1>-5.0
evaluate ot="H1.bs>-5.0" t="H1>-5.0", ctx="{'H1': None}"
check iteration duration=0.000594139099121
GetData ===>> H2,-0.137212342173067,H1,11.6090075188266,AX,2.39844090587718,L1,0.039988983330748,L2,9.673760653...
check iteration duration=8.98838043213e-05
GetData ===>> H2,-0.147151696448907,H1,11.5532588512052,AX,2.44435602555671,L1,0.0735220728029475,L2,9.62775311...
check iteration duration=5.3882598877e-05
GetData ===>> H2,-0.169266635107918,H1,11.5288945860245,AX,2.44675279725384,L1,0.0702037985785755,L2,9.66563028...
check iteration duration=4.2200088501e-05
GetData ===>> H2,-0.147042282595569,H1,11.5513544028075,AX,2.42500775330597,L1,0.0456153011198544,L2,9.74321290...
check iteration duration=8.60691070557e-05
GetData ===>> H2,-0.227665523102232,H1,11.5589471758753,AX,2.37157597696991,L1,0.0363326225393554,L2,9.67596398...
testing H1>-5.0
evaluate ot="H1.bs>-5.0" t="H1>-5.0", ctx="{'H1': None}"
check iteration duration=0.0014328956604
GetData ===>> H2,-0.164008034811953,H1,11.5293989653179,AX,2.35308711084503,L1,0.0137971019413079,L2,9.65720125...
check iteration duration=5.00679016113e-05
GetData ===>> H2,-0.211821717866324,H1,11.5723935218568,AX,2.36239567451199,L1,-0.0110641917050563,L2,9.6123022...
check iteration duration=6.50882720947e-05
GetData ===>> H2,-0.163461248665589,H1,11.5573201072367,AX,2.3982412705655,L1,0.00749457662701508,L2,9.69501767...
check iteration duration=8.6784362793e-05
GetData ===>> H2,-0.168169495228405,H1,11.710345201738,AX,2.45207524870143,L1,0.0287944351191722,L2,9.677377023...
check iteration duration=5.91278076172e-05
GetData ===>> H2,-0.261221098299999,H1,11.6142697710199,AX,2.46706333068256,L1,0.0113961323098227,L2,9.73845584...
testing H1>-5.0
evaluate ot="H1.bs>-5.0" t="H1>-5.0", ctx="{'H1': None}"
check iteration duration=0.00128889083862
07:52:14 -- collecting point 100
GetData ===>> H2,-0.24627166211823,H1,11.5492608103233,AX,2.4810354218724,L1,-0.00899597714037492,L2,9.70910367...
check iteration duration=3.81469726562e-05
GetData ===>> H2,-0.293987815684497,H1,11.6580057947503,AX,2.38324629187234,L1,0.0390774744463285,L2,9.55623063...
check iteration duration=8.89301300049e-05
GetData ===>> H2,-0.225698375383467,H1,11.6856199084753,AX,2.36881710051952,L1,0.0379364006353182,L2,9.65428000...
check iteration duration=3.81469726562e-05
GetData ===>> H2,-0.138761589480916,H1,11.7594220174399,AX,2.37164641738006,L1,0.0439221622751433,L2,9.69797604...
check iteration duration=6.48498535156e-05
GetData ===>> H2,-0.0968166396678328,H1,11.7294531732928,AX,2.51195718110072,L1,0.0502346997535235,L2,9.6742396...
testing H1>-5.0
evaluate ot="H1.bs>-5.0" t="H1>-5.0", ctx="{'H1': None}"
check iteration duration=0.000571966171265
GetData ===>> H2,-0.119203732641016,H1,11.7535007947065,AX,2.47072641010784,L1,0.0201384115607237,L2,9.64350560...
check iteration duration=3.79085540771e-05
GetData ===>> H2,-0.19129686511515,H1,11.738175328095,AX,2.51565716764607,L1,0.0193719580322796,L2,9.6088797146...
check iteration duration=5.41210174561e-05
GetData ===>> H2,-0.231304045642286,H1,11.860209271198,AX,2.41517648028315,L1,0.0116266005716403,L2,9.589698784...
check iteration duration=3.91006469727e-05
GetData ===>> H2,-0.215395895849008,H1,11.7354614113851,AX,2.45346171811761,L1,0.0155009368842162,L2,9.66470832...
check iteration duration=8.51154327393e-05
GetData ===>> H2,-0.114331152405358,H1,11.7442219319981,AX,2.44347487414404,L1,0.0105331235139633,L2,9.73290822...
testing H1>-5.0
evaluate ot="H1.bs>-5.0" t="H1>-5.0", ctx="{'H1': None}"
check iteration duration=0.000584840774536
GetData ===>> H2,-0.146832907464017,H1,11.7538037916763,AX,2.45973758017848,L1,0.0525836846265776,L2,9.77218412...
check iteration duration=9.58442687988e-05
GetData ===>> H2,-0.14241081227922,H1,11.6894210427913,AX,2.40738968052589,L1,0.0545674569108452,L2,9.578129775...
check iteration duration=9.01222229004e-05
GetData ===>> H2,-0.244971941989574,H1,11.7321416915025,AX,2.3436503224449,L1,0.0435744892865112,L2,9.590033790...
check iteration duration=8.70227813721e-05
GetData ===>> H2,-0.225142233889591,H1,11.8042269772638,AX,2.42204769694679,L1,0.00462888383106453,L2,9.5519210...
check iteration duration=7.70092010498e-05
GetData ===>> H2,-0.173175259988704,H1,11.8219875095073,AX,2.31223608748678,L1,0.00203207904827105,L2,9.5072796...
testing H1>-5.0
evaluate ot="H1.bs>-5.0" t="H1>-5.0", ctx="{'H1': None}"
check iteration duration=0.000761032104492
GetData ===>> H2,-0.259382927986119,H1,11.8318922565278,AX,2.43320710376962,L1,0.00902333598573963,L2,9.5414590...
check iteration duration=3.50475311279e-05
GetData ===>> H2,-0.215180453670657,H1,11.986003766516,AX,2.61739656604135,L1,0.00927775173763518,L2,9.60131698...
check iteration duration=7.70092010498e-05
GetData ===>> H2,-0.0498959499827118,H1,11.8804186728751,AX,2.50086979893897,L1,0.0335632792711879,L2,9.5765745...
check iteration duration=7.39097595215e-05
GetData ===>> H2,-0.0720377167356664,H1,11.8445524768853,AX,2.40259810956336,L1,0.0303946121682592,L2,9.7242818...
check iteration duration=3.31401824951e-05
GetData ===>> H2,-0.19879078091405,H1,11.8344064913609,AX,2.44597736473872,L1,0.0228370800757213,L2,9.711499447...
testing H1>-5.0
evaluate ot="H1.bs>-5.0" t="H1>-5.0", ctx="{'H1': None}"
check iteration duration=0.00084400177002
GetData ===>> H2,-0.275874921459231,H1,11.8032038793536,AX,2.37928950105352,L1,0.0235797612094218,L2,9.63949542...
check iteration duration=2.69412994385e-05
waiting for write to finish
measurement finished
estimated time: 125.829 actual time: :126.399
flush and close file /Users/jan/PychronDev/data/isotopes/89/d09c8e-6fe7-474c-bc35-1b4d2e2dd88c.h5
baselines () {'settling_time': 15.0, 'detector': 'H1', 'mass': 34.2, 'ncounts': 60}
%%%%%%%%%%%%%%%%%%%%%%%%%%%%%%%% Baseline
build tables- baseline [Detector(H2), Detector(H1), Detector(AX), Detector(L1), Detector(L2), Detector(CDD)]
add group baseline table H2
add group baseline table H1
add group baseline table AX
add group baseline table L1
add group baseline table L2
add group baseline table CDD
flush and close file /Users/jan/PychronDev/data/isotopes/89/d09c8e-6fe7-474c-bc35-1b4d2e2dd88c.h5
detector Detector(H1)
POSITION 34.2 H1
Mapping mass to dac mass func: "parabolic"
H1 map mass coeffs = [-0.00063987  0.15840543  0.57252999]
H1 map mass to dac 34.2 >> 5.24157599104
GetDeflection H1 ===>> 0
GetHighVoltage ===>> 4499.94659342336
positioning 34.2 (5.24154512389) on H1
setting magnet DAC
current  : 5.880885
requested: 5.241545
Delta Dac: 0.639340
Checking detector protection. dv=0.63934
Checking detector "CDD". Protection Threshold: 0.1 (V)
ProtectDetector CDD,On ===>> OK
GetDeflection CDD ===>> 2000
Protected = 2000
SetMagnetDAC 5.24154512389 ===>> OK
Magnet settling time: 0.500
GetMagnetMoving ===>> True
GetMagnetMoving ===>> True
GetMagnetMoving ===>> True
GetMagnetMoving ===>> True
GetMagnetMoving ===>> True
GetMagnetMoving ===>> True
GetMagnetMoving ===>> True
GetMagnetMoving ===>> True
GetMagnetMoving ===>> False
ProtectDetector CDD,Off ===>> OK
GetDeflection CDD ===>> 50
Delaying 15.0s for detectors to settle
Join finished
measuring baseline. ncounts=60
"baseline" increment series count="2" fit count="1" regressing="True"
starting measurement
check iteration duration=6.00814819336e-05
GetData ===>> H2,-0.320115516929204,H1,-0.0192653938984709,AX,-0.109901315384426,L1,0.000752531550226353,L2,0.1...
check iteration duration=6.41345977783e-05
GetData ===>> H2,-0.159697834278071,H1,-0.0584236611183673,AX,-0.196333085177812,L1,0.0199269702836604,L2,0.065...
check iteration duration=3.40938568115e-05
GetData ===>> H2,-0.137571959444262,H1,-0.0260273705736445,AX,-0.176155571560533,L1,0.00158914036284811,L2,-0.0...
check iteration duration=4.98294830322e-05
GetData ===>> H2,-0.187417749243312,H1,0.0211370951667568,AX,0.00364311801701249,L1,-0.0396085087517642,L2,-0.0...
testing H1>-5.0
evaluate ot="H1.bs>-5.0" t="H1>-5.0", ctx="{'H1': None}"
check iteration duration=0.000575065612793
GetData ===>> H2,-0.230515327430398,H1,-0.129073998468221,AX,-0.092889104631625,L1,-0.00375219820611681,L2,-0.0...
check iteration duration=7.00950622559e-05
GetData ===>> H2,-0.176275935818425,H1,-0.090165905941597,AX,-0.059887596618851,L1,-0.0227186001587436,L2,0.001...
check iteration duration=8.32080841064e-05
GetData ===>> H2,-0.192577476921199,H1,-0.0895580942052775,AX,-0.00595061361510969,L1,-0.032989201540874,L2,0.0...
check iteration duration=5.48362731934e-05
GetData ===>> H2,-0.26666390357972,H1,-0.0626199841462281,AX,-0.110527048429908,L1,-0.0441962056653888,L2,-0.00...
check iteration duration=8.70227813721e-05
GetData ===>> H2,-0.200988588575415,H1,-0.020171787655898,AX,-0.0162045364148964,L1,-0.045450841254991,L2,0.017...
testing H1>-5.0
evaluate ot="H1.bs>-5.0" t="H1>-5.0", ctx="{'H1': None}"
check iteration duration=0.00103902816772
GetData ===>> H2,-0.141202644071758,H1,-0.0721683475319644,AX,-0.123330516811602,L1,-0.0129366083929516,L2,0.01...
check iteration duration=6.38961791992e-05
GetData ===>> H2,-0.0580513761397932,H1,-0.0524626724842879,AX,-0.13832739018684,L1,-0.0160772016836841,L2,-0.0...
check iteration duration=6.79492950439e-05
GetData ===>> H2,-0.171161076693728,H1,-0.0961365661223955,AX,-0.00502260349673048,L1,-0.062219443988982,L2,-0....
check iteration duration=8.01086425781e-05
GetData ===>> H2,-0.246773480886829,H1,-0.0508769897190174,AX,-0.0900264034857841,L1,0.0126937853536039,L2,-0.0...
check iteration duration=5.88893890381e-05
GetData ===>> H2,-0.193843118198325,H1,-0.0915006952281193,AX,-0.133723938094038,L1,0.0166994373385513,L2,0.038...
testing H1>-5.0
evaluate ot="H1.bs>-5.0" t="H1>-5.0", ctx="{'H1': None}"
check iteration duration=0.00118589401245
GetData ===>> H2,-0.190115877799138,H1,-0.0067420084459922,AX,0.010221228916106,L1,-0.0233454636553227,L2,-0.02...
check iteration duration=3.60012054443e-05
GetData ===>> H2,-0.127438117232597,H1,-0.00711176894070391,AX,-0.0638061694519417,L1,-0.0523545190896831,L2,0....
check iteration duration=3.48091125488e-05
GetData ===>> H2,-0.172136509579956,H1,-0.0796776561907685,AX,-0.0493136186598581,L1,-0.00716960020382919,L2,-0...
check iteration duration=8.20159912109e-05
GetData ===>> H2,-0.200225471850017,H1,-0.109554354510011,AX,0.0188534985443905,L1,-0.00768288997071835,L2,-0.0...
check iteration duration=3.09944152832e-05
GetData ===>> H2,-0.240346361933385,H1,0.0357656953106524,AX,-0.000324416496395,L1,0.0283283652280207,L2,0.0071...
testing H1>-5.0
evaluate ot="H1.bs>-5.0" t="H1>-5.0", ctx="{'H1': None}"
check iteration duration=0.000589847564697
GetData ===>> H2,-0.250231791282232,H1,-0.0104634066038887,AX,-0.0654871656439072,L1,0.0172242764956742,L2,-0.0...
check iteration duration=4.79221343994e-05
GetData ===>> H2,-0.38215782440778,H1,0.004780890167644,AX,-0.0681071431857921,L1,-0.0289459474585047,L2,0.0321...
check iteration duration=4.29153442383e-05
GetData ===>> H2,-0.261876041167826,H1,-0.0154846893103631,AX,-0.17110184539102,L1,-0.0553301274219813,L2,-0.00...
check iteration duration=4.29153442383e-05
GetData ===>> H2,-0.219470182521739,H1,0.0602429538195228,AX,-0.0978725534519798,L1,0.00736859032385163,L2,-0.0...
check iteration duration=7.9870223999e-05
GetData ===>> H2,-0.150190548244329,H1,0.00523419901046225,AX,-0.0433652511127395,L1,0.0155669827977081,L2,0.07...
testing H1>-5.0
evaluate ot="H1.bs>-5.0" t="H1>-5.0", ctx="{'H1': None}"
check iteration duration=0.000629186630249
07:53:20 -- collecting point 25
GetData ===>> H2,-0.218455621063725,H1,-0.0343271618562511,AX,0.00454801695667993,L1,0.0166081637532289,L2,-0.1...
check iteration duration=4.79221343994e-05
GetData ===>> H2,-0.249262064724939,H1,0.0197053731281873,AX,-0.0818898455907991,L1,0.00890813096613171,L2,-0.0...
check iteration duration=7.00950622559e-05
GetData ===>> H2,-0.250301726731423,H1,-0.0604980018810817,AX,-0.148553927314138,L1,-0.0295041473893922,L2,-0.0...
check iteration duration=9.20295715332e-05
GetData ===>> H2,-0.201333726937055,H1,-0.0721564275464324,AX,-0.0175035988575231,L1,-0.0356202653612468,L2,0.0...
check iteration duration=6.60419464111e-05
GetData ===>> H2,-0.107324530319039,H1,-0.0642889273487988,AX,-0.0857263985492806,L1,-0.0157809404220439,L2,0.0...
testing H1>-5.0
evaluate ot="H1.bs>-5.0" t="H1>-5.0", ctx="{'H1': None}"
check iteration duration=0.000542163848877
GetData ===>> H2,-0.0368451684331154,H1,0.0109126626371526,AX,-0.0632612885922563,L1,-0.0168903760241138,L2,-0....
check iteration duration=4.6968460083e-05
GetData ===>> H2,-0.0686678522622345,H1,-0.0436636043938286,AX,-0.0782849706734168,L1,-0.00437123103396007,L2,-...
check iteration duration=6.98566436768e-05
GetData ===>> H2,-0.20395697355101,H1,-0.00131472144941898,AX,-0.0444320416390286,L1,0.0201924739628492,L2,-0.0...
check iteration duration=8.70227813721e-05
GetData ===>> H2,-0.27152497993395,H1,-0.0362112140213753,AX,-0.134953092717528,L1,-0.00811221037561259,L2,0.07...
check iteration duration=8.41617584229e-05
GetData ===>> H2,-0.199785914824169,H1,-0.0606649009929459,AX,-0.0540094414858909,L1,-0.02100801096663,L2,-0.05...
testing H1>-5.0
evaluate ot="H1.bs>-5.0" t="H1>-5.0", ctx="{'H1': None}"
check iteration duration=0.00115990638733
GetData ===>> H2,-0.19746649680168,H1,0.0489762271090878,AX,-0.0652321198145035,L1,-0.0109359148161867,L2,-0.00...
check iteration duration=5.3882598877e-05
GetData ===>> H2,-0.174168579364695,H1,-0.00154136129946174,AX,-0.142524806486522,L1,-0.0691387041484197,L2,0.0...
check iteration duration=7.39097595215e-05
GetData ===>> H2,-0.0875208315890637,H1,-0.0258246371753533,AX,-0.0742046938779076,L1,-0.0735991333701556,L2,-0...
check iteration duration=6.31809234619e-05
GetData ===>> H2,-0.238782091527523,H1,-0.0419823936003592,AX,-0.0174688027680537,L1,-0.0330574534269564,L2,-0....
check iteration duration=7.70092010498e-05
GetData ===>> H2,-0.165827765077703,H1,-0.0725855461310097,AX,-0.0963891349043419,L1,-0.0167488548298963,L2,9.1...
testing H1>-5.0
evaluate ot="H1.bs>-5.0" t="H1>-5.0", ctx="{'H1': None}"
check iteration duration=0.00122594833374
GetData ===>> H2,-0.0995599428264582,H1,-0.0214478807435857,AX,-0.0592847252539838,L1,-0.0103784308403453,L2,-0...
check iteration duration=7.39097595215e-05
GetData ===>> H2,-0.134844802583596,H1,-0.0571122740842476,AX,-0.0715153269833045,L1,-0.0127843826579669,L2,-0....
check iteration duration=6.07967376709e-05
GetData ===>> H2,-0.257061900849961,H1,-0.054823266447923,AX,0.00307466016466749,L1,-0.0270459189089903,L2,-0.0...
check iteration duration=5.29289245605e-05
GetData ===>> H2,-0.196479251385316,H1,-0.0763521747365157,AX,-0.0620323971553063,L1,-0.0338273505047596,L2,0.0...
check iteration duration=8.60691070557e-05
GetData ===>> H2,-0.16841511264876,H1,-0.12023750650354,AX,-0.0792006911040128,L1,-0.00523373463207213,L2,-0.05...
testing H1>-5.0
evaluate ot="H1.bs>-5.0" t="H1>-5.0", ctx="{'H1': None}"
check iteration duration=0.000643968582153
GetData ===>> H2,-0.20221944399771,H1,-0.0216148449907248,AX,-0.135509685928559,L1,-0.0289136044527237,L2,-0.00...
check iteration duration=7.89165496826e-05
GetData ===>> H2,-0.224066231119393,H1,-0.103715573612928,AX,-0.138930345105223,L1,-0.0190573206204987,L2,-0.02...
check iteration duration=7.60555267334e-05
GetData ===>> H2,-0.192492556624472,H1,-0.0595323658407974,AX,-0.166720191352069,L1,-0.0525794161281004,L2,0.03...
check iteration duration=3.60012054443e-05
GetData ===>> H2,-0.127060945556456,H1,-0.0623577191123158,AX,-0.0730918614194549,L1,-0.0609154198703746,L2,-0....
check iteration duration=7.89165496826e-05
GetData ===>> H2,-0.161406176907819,H1,-0.0931453218262711,AX,-0.129633143826612,L1,-0.0442644484619046,L2,0.06...
testing H1>-5.0
evaluate ot="H1.bs>-5.0" t="H1>-5.0", ctx="{'H1': None}"
check iteration duration=0.000664949417114
07:53:46 -- collecting point 50
GetData ===>> H2,-0.264738784479653,H1,-0.0220799582104857,AX,-0.104130476474138,L1,-0.0342679493667004,L2,-0.0...
check iteration duration=6.8187713623e-05
GetData ===>> H2,-0.193965766006332,H1,-0.0683658001244812,AX,-0.0380311230652328,L1,0.00625757933227,L2,0.0655...
check iteration duration=3.88622283936e-05
GetData ===>> H2,-0.212567890534503,H1,-0.0194204355178805,AX,-0.0818898455907991,L1,0.0119218957361602,L2,-0.0...
check iteration duration=7.41481781006e-05
GetData ===>> H2,-0.312036465313916,H1,-0.0343271618562511,AX,-0.109634798235477,L1,-0.0014736856122653,L2,-0.0...
check iteration duration=4.29153442383e-05
GetData ===>> H2,-0.265381423615723,H1,-0.0629776171757744,AX,-0.0937235603659905,L1,-0.0063528398676195,L2,-0....
testing H1>-5.0
evaluate ot="H1.bs>-5.0" t="H1>-5.0", ctx="{'H1': None}"
check iteration duration=0.000977993011475
GetData ===>> H2,-0.22331875963122,H1,-0.115118753056742,AX,-0.105579012394613,L1,-0.00888446132434796,L2,-0.09...
check iteration duration=6.89029693604e-05
GetData ===>> H2,-0.193727208059112,H1,-0.0537621982728219,AX,-0.109055410610068,L1,-0.0432204027068242,L2,-0.0...
check iteration duration=9.10758972168e-05
GetData ===>> H2,-0.209080390139478,H1,-0.0105826798975748,AX,-0.11984304218629,L1,-0.0369766134076813,L2,-0.00...
check iteration duration=3.2901763916e-05
GetData ===>> H2,-0.1675999662152,H1,0.00209686671206479,AX,-0.0336128521612315,L1,-0.0245283673119062,L2,0.003...
check iteration duration=3.91006469727e-05
GetData ===>> H2,-0.218272370507003,H1,0.00966003267588462,AX,-0.0544616198716586,L1,-0.0165749489416636,L2,-0....
testing H1>-5.0
evaluate ot="H1.bs>-5.0" t="H1>-5.0", ctx="{'H1': None}"
check iteration duration=0.000946998596191
GetData ===>> H2,-0.0966094432834143,H1,-0.031906460496711,AX,-0.0777981284546697,L1,-0.0141051938421429,L2,-0....
check iteration duration=2.59876251221e-05
waiting for write to finish
measurement finished
estimated time: 62.915 actual time: :63.287
flush and close file /Users/jan/PychronDev/data/isotopes/89/d09c8e-6fe7-474c-bc35-1b4d2e2dd88c.h5
activate_detectors ('H1', 'AX', 'CDD') {'peak_center': True}
peak_center () {'detector': 'H1', 'integration_time': 0.262144, 'isotope': 'Ar40'}
peak center: mean=11.8228254765 threshold=3
peak center started
setup peak center. detector=['H1', 'AX', 'CDD'], isotope=Ar40
VersionedUnpickler [<apptools.sweet_pickle.versioned_unpickler.VersionedUnpickler object at 0x1c9a35650>] using Updater [<apptools.sweet_pickle.updater.Updater object at 0x12e273d10>]
VersionedUnpickler [<apptools.sweet_pickle.versioned_unpickler.VersionedUnpickler object at 0x1c9a35650>] using Updater [<apptools.sweet_pickle.updater.Updater object at 0x12e273d10>]
VersionedUnpickler [<apptools.sweet_pickle.versioned_unpickler.VersionedUnpickler object at 0x1d1580650>] using Updater [<apptools.sweet_pickle.updater.Updater object at 0x12e273d10>]
setting integration time = 0.524288
SetIntegrationTime 0.524288 ===>> OK
Mapping mass to dac mass func: "parabolic"
H1 map mass coeffs = [-0.00063987  0.15840543  0.57252999]
H1 map mass to dac 39.9624 >> 5.88092
GetDeflection H1 ===>> 0
GetHighVoltage ===>> 4499.94659342336
do peak center. <pychron.spectrometer.jobs.peak_center.PeakCenter object at 0x16275af50>
doing pc
starting peak center. center dac= 5.88088536781 step_width=0.001
width = 0.001
get scan parameters. half-width=0.015,window=0.015, i=0, scalar=1
Scan parameters center=5.88089 width=0.03000 (5.86589 - 5.89589)
GetData ===>> H2,-0.23839599740633,H1,0.00703552548719806,AX,-0.128127038473189,L1,-0.0140944075200364,L2,-0.05...
Moving to starting dac 5.86588536781
setting magnet DAC
current  : 5.241545
requested: 5.865885
Delta Dac: 0.624340
Checking detector protection. dv=0.62434
Checking detector "CDD". Protection Threshold: 0.1 (V)
ProtectDetector CDD,On ===>> OK
GetDeflection CDD ===>> 2000
Protected = 2000
SetMagnetDAC 5.86588536781 ===>> OK
Magnet settling time: 0.500
GetMagnetMoving ===>> True
GetMagnetMoving ===>> True
GetMagnetMoving ===>> True
GetMagnetMoving ===>> True
GetMagnetMoving ===>> True
GetMagnetMoving ===>> True
GetMagnetMoving ===>> True
GetMagnetMoving ===>> True
GetMagnetMoving ===>> False
ProtectDetector CDD,Off ===>> OK
GetDeflection CDD ===>> 50
Wait until signal near baseline. tol= 0.0052766441154. timeout= 10
GetData ===>> H2,-0.00377395650191678,H1,0.776566875953688,AX,0.235743087339527,L1,0.0278322887261402,L2,-0.048...
GetData ===>> H2,0.525046338173832,H1,0.557124830361189,AX,0.291193060626478,L1,0.122976108675877,L2,-0.0469931...
GetData ===>> H2,0.601758365512548,H1,0.488247396818564,AX,0.0906497743094524,L1,0.21471936641449,L2,0.01159245...
GetData ===>> H2,0.223552439113894,H1,0.241657568673159,AX,-0.0568847964466345,L1,0.194257869681066,L2,0.010203...
GetData ===>> H2,-0.0205519578142981,H1,0.155430915347732,AX,-0.178638353907478,L1,0.139198418261095,L2,0.11945...
GetData ===>> H2,-0.137841219844278,H1,0.0220557942594237,AX,-0.187484689846162,L1,0.0986690078981239,L2,0.1267...
GetData ===>> H2,-0.12757735665489,H1,0.00692816074898697,AX,-0.187160492786784,L1,0.0656760401462727,L2,0.0773...
GetData ===>> H2,-0.133237412134895,H1,0.114467055458278,AX,-0.242860209928266,L1,0.025293431778713,L2,0.006103...
GetData ===>> H2,-0.158533582903772,H1,0.0397394118172524,AX,0.00938588860632233,L1,-0.00544605033173579,L2,0.0...
GetData ===>> H2,-0.0952984661805365,H1,0.142028786788129,AX,-0.114559453738138,L1,-0.0191231749599908,L2,0.138...
GetData ===>> H2,-0.084146070928933,H1,-0.0469544033491197,AX,-0.109020647242854,L1,0.0105581148226559,L2,-0.10...
Peak center baseline intensity achieved
_do_sweep sm= 5.86588536781, em= 5.89588536781, stm= 0.001
calculated step values: start=5.86588536781, end=5.89588536781, width=0.001, nsteps=31.0
setting magnet DAC
current  : 5.865885
requested: 5.865885
Delta Dac: 0.000000
Checking detector protection. dv=0.00000
Checking detector "CDD". Protection Threshold: 0.1 (V)
SetMagnetDAC 5.86588536781 ===>> OK
GetData ===>> H2,-0.084146070928933,H1,-0.0469544033491197,AX,-0.109020647242854,L1,0.0105581148226559,L2,-0.10...
setting magnet DAC
current  : 5.865885
requested: 5.866920
Delta Dac: 0.001034
Checking detector protection. dv=0.00103
Checking detector "CDD". Protection Threshold: 0.1 (V)
SetMagnetDAC 5.86691985057 ===>> OK
Magnet settling time: 1.049
GetData ===>> H2,-0.197274988714837,H1,-0.103405751228691,AX,-0.13033984676216,L1,0.00163355339022894,L2,-0.019...
setting magnet DAC
current  : 5.866920
requested: 5.867954
Delta Dac: 0.001034
Checking detector protection. dv=0.00103
Checking detector "CDD". Protection Threshold: 0.1 (V)
SetMagnetDAC 5.86795433333 ===>> OK
Magnet settling time: 1.049
GetData ===>> H2,-0.199025413868392,H1,-0.0351499484932958,AX,-0.0901307139130699,L1,-0.00988566123033038,L2,0....
setting magnet DAC
current  : 5.867954
requested: 5.868989
Delta Dac: 0.001034
Checking detector protection. dv=0.00103
Checking detector "CDD". Protection Threshold: 0.1 (V)
SetMagnetDAC 5.86898881609 ===>> OK
Magnet settling time: 1.049
GetData ===>> H2,-0.16735568077932,H1,0.282864503741798,AX,-0.0391211643038048,L1,-0.00817816579848438,L2,0.097...
setting magnet DAC
current  : 5.868989
requested: 5.870023
Delta Dac: 0.001034
Checking detector protection. dv=0.00103
Checking detector "CDD". Protection Threshold: 0.1 (V)
SetMagnetDAC 5.87002329885 ===>> OK
Magnet settling time: 1.049
GetData ===>> H2,-0.275396687718278,H1,1.22988085198841,AX,0.045265571322865,L1,0.00786297144831489,L2,-0.00230...
setting magnet DAC
current  : 5.870023
requested: 5.871058
Delta Dac: 0.001034
Checking detector protection. dv=0.00103
Checking detector "CDD". Protection Threshold: 0.1 (V)
SetMagnetDAC 5.87105778161 ===>> OK
Magnet settling time: 1.049
GetData ===>> H2,-0.159081957499527,H1,3.58773792992133,AX,0.318465211490463,L1,-0.0257189464789168,L2,0.153845...
setting magnet DAC
current  : 5.871058
requested: 5.872092
Delta Dac: 0.001034
Checking detector protection. dv=0.00103
Checking detector "CDD". Protection Threshold: 0.1 (V)
SetMagnetDAC 5.87209226437 ===>> OK
Magnet settling time: 1.049
GetData ===>> H2,-0.181750079111341,H1,6.82606626883413,AX,0.935438175325345,L1,0.0332195683453826,L2,0.9894869...
setting magnet DAC
current  : 5.872092
requested: 5.873127
Delta Dac: 0.001034
Checking detector protection. dv=0.00103
Checking detector "CDD". Protection Threshold: 0.1 (V)
SetMagnetDAC 5.87312674712 ===>> OK
Magnet settling time: 1.049
GetData ===>> H2,-0.168232924412913,H1,9.848820387411,AX,1.50095187378399,L1,0.0250772861661979,L2,2.6988397286...
setting magnet DAC
current  : 5.873127
requested: 5.874161
Delta Dac: 0.001034
Checking detector protection. dv=0.00103
Checking detector "CDD". Protection Threshold: 0.1 (V)
SetMagnetDAC 5.87416122988 ===>> OK
Magnet settling time: 1.049
GetData ===>> H2,-0.281109135660041,H1,11.5916223747755,AX,2.03382818748448,L1,0.0056742974872785,L2,5.30204609...
setting magnet DAC
current  : 5.874161
requested: 5.875196
Delta Dac: 0.001034
Checking detector protection. dv=0.00103
Checking detector "CDD". Protection Threshold: 0.1 (V)
SetMagnetDAC 5.87519571264 ===>> OK
Magnet settling time: 1.049
GetData ===>> H2,-0.412594296401413,H1,12.4396504592843,AX,2.33371196564278,L1,-0.0175154888087709,L2,7.5179563...
setting magnet DAC
current  : 5.875196
requested: 5.876230
Delta Dac: 0.001034
Checking detector protection. dv=0.00103
Checking detector "CDD". Protection Threshold: 0.1 (V)
SetMagnetDAC 5.8762301954 ===>> OK
Magnet settling time: 1.049
GetData ===>> H2,-0.19155885773909,H1,12.7756561490887,AX,2.28830155191908,L1,0.0359864130520917,L2,8.563166565...
setting magnet DAC
current  : 5.876230
requested: 5.877265
Delta Dac: 0.001034
Checking detector protection. dv=0.00103
Checking detector "CDD". Protection Threshold: 0.1 (V)
SetMagnetDAC 5.87726467816 ===>> OK
Magnet settling time: 1.049
GetData ===>> H2,-0.256513493505618,H1,12.8033242474302,AX,2.42722439382525,L1,0.0223662531174582,L2,8.98045013...
setting magnet DAC
current  : 5.877265
requested: 5.878299
Delta Dac: 0.001034
Checking detector protection. dv=0.00103
Checking detector "CDD". Protection Threshold: 0.1 (V)
SetMagnetDAC 5.87829916092 ===>> OK
Magnet settling time: 1.049
GetData ===>> H2,-0.0258848113022207,H1,12.9911550460325,AX,2.29981041945908,L1,0.0242103486630673,L2,9.1974556...
setting magnet DAC
current  : 5.878299
requested: 5.879334
Delta Dac: 0.001034
Checking detector protection. dv=0.00103
Checking detector "CDD". Protection Threshold: 0.1 (V)
SetMagnetDAC 5.87933364368 ===>> OK
Magnet settling time: 1.049
GetData ===>> H2,-0.0960778312399262,H1,12.7834156786655,AX,2.3483687357772,L1,0.012248941953479,L2,9.169783693...
setting magnet DAC
current  : 5.879334
requested: 5.880368
Delta Dac: 0.001034
Checking detector protection. dv=0.00103
Checking detector "CDD". Protection Threshold: 0.1 (V)
SetMagnetDAC 5.88036812643 ===>> OK
Magnet settling time: 1.049
GetData ===>> H2,-0.139861550212476,H1,12.8382049149324,AX,2.4726519295157,L1,0.0271885066980615,L2,9.169377863...
setting magnet DAC
current  : 5.880368
requested: 5.881403
Delta Dac: 0.001034
Checking detector protection. dv=0.00103
Checking detector "CDD". Protection Threshold: 0.1 (V)
SetMagnetDAC 5.88140260919 ===>> OK
Magnet settling time: 1.049
GetData ===>> H2,-0.0955555543120964,H1,12.8345767932604,AX,2.43173099666872,L1,0.0166272240613213,L2,8.9689928...
setting magnet DAC
current  : 5.881403
requested: 5.882437
Delta Dac: 0.001034
Checking detector protection. dv=0.00103
Checking detector "CDD". Protection Threshold: 0.1 (V)
SetMagnetDAC 5.88243709195 ===>> OK
Magnet settling time: 1.049
GetData ===>> H2,-0.154094283819357,H1,12.8036032474476,AX,2.54810553654656,L1,0.0257377456449531,L2,9.13109400...
setting magnet DAC
current  : 5.882437
requested: 5.883472
Delta Dac: 0.001034
Checking detector protection. dv=0.00103
Checking detector "CDD". Protection Threshold: 0.1 (V)
SetMagnetDAC 5.88347157471 ===>> OK
Magnet settling time: 1.049
GetData ===>> H2,-0.181709640731472,H1,12.7549414820345,AX,2.44065092236061,L1,0.0151012067845367,L2,9.15632056...
setting magnet DAC
current  : 5.883472
requested: 5.884506
Delta Dac: 0.001034
Checking detector protection. dv=0.00103
Checking detector "CDD". Protection Threshold: 0.1 (V)
SetMagnetDAC 5.88450605747 ===>> OK
Magnet settling time: 1.049
GetData ===>> H2,-0.262531074331704,H1,12.7398580607283,AX,2.3737476925097,L1,0.0388454015629095,L2,8.920910371...
setting magnet DAC
current  : 5.884506
requested: 5.885541
Delta Dac: 0.001034
Checking detector protection. dv=0.00103
Checking detector "CDD". Protection Threshold: 0.1 (V)
SetMagnetDAC 5.88554054023 ===>> OK
Magnet settling time: 1.049
GetData ===>> H2,-0.337084793682546,H1,12.743888547302,AX,2.40788589632815,L1,0.0535734708145864,L2,8.689269265...
setting magnet DAC
current  : 5.885541
requested: 5.886575
Delta Dac: 0.001034
Checking detector protection. dv=0.00103
Checking detector "CDD". Protection Threshold: 0.1 (V)
SetMagnetDAC 5.88657502299 ===>> OK
Magnet settling time: 1.049
GetData ===>> H2,-0.280588722439701,H1,12.5068519338265,AX,2.30419398743691,L1,0.00327817365526748,L2,7.9346117...
setting magnet DAC
current  : 5.886575
requested: 5.887610
Delta Dac: 0.001034
Checking detector protection. dv=0.00103
Checking detector "CDD". Protection Threshold: 0.1 (V)
SetMagnetDAC 5.88760950574 ===>> OK
Magnet settling time: 1.049
GetData ===>> H2,-0.217960688878292,H1,11.165639825571,AX,1.81100986033178,L1,0.01761109984008,L2,5.85620415924...
setting magnet DAC
current  : 5.887610
requested: 5.888644
Delta Dac: 0.001034
Checking detector protection. dv=0.00103
Checking detector "CDD". Protection Threshold: 0.1 (V)
SetMagnetDAC 5.8886439885 ===>> OK
Magnet settling time: 1.049
GetData ===>> H2,-0.187609421299999,H1,8.7252644210378,AX,1.32580690113095,L1,-0.0541762795228689,L2,3.47472350...
setting magnet DAC
current  : 5.888644
requested: 5.889678
Delta Dac: 0.001034
Checking detector protection. dv=0.00103
Checking detector "CDD". Protection Threshold: 0.1 (V)
SetMagnetDAC 5.88967847126 ===>> OK
Magnet settling time: 1.049
GetData ===>> H2,-0.161013213385477,H1,5.29153735381753,AX,0.627537216309249,L1,-0.0351097901642121,L2,1.772675...
setting magnet DAC
current  : 5.889678
requested: 5.890713
Delta Dac: 0.001034
Checking detector protection. dv=0.00103
Checking detector "CDD". Protection Threshold: 0.1 (V)
SetMagnetDAC 5.89071295402 ===>> OK
Magnet settling time: 1.049
GetData ===>> H2,-0.119052214855403,H1,2.46285467487637,AX,0.116544277739739,L1,0.0351906571185794,L2,0.6107971...
setting magnet DAC
current  : 5.890713
requested: 5.891747
Delta Dac: 0.001034
Checking detector protection. dv=0.00103
Checking detector "CDD". Protection Threshold: 0.1 (V)
SetMagnetDAC 5.89174743678 ===>> OK
Magnet settling time: 1.049
GetData ===>> H2,-0.179175214104161,H1,0.857670922522247,AX,-0.0320008871155953,L1,-0.0630303750257555,L2,0.119...
setting magnet DAC
current  : 5.891747
requested: 5.892782
Delta Dac: 0.001034
Checking detector protection. dv=0.00103
Checking detector "CDD". Protection Threshold: 0.1 (V)
SetMagnetDAC 5.89278191954 ===>> OK
Magnet settling time: 1.049
GetData ===>> H2,-0.051079244618967,H1,0.201923010753169,AX,0.014351628017129,L1,-0.0338343817390264,L2,-0.0570...
setting magnet DAC
current  : 5.892782
requested: 5.893816
Delta Dac: 0.001034
Checking detector protection. dv=0.00103
Checking detector "CDD". Protection Threshold: 0.1 (V)
SetMagnetDAC 5.8938164023 ===>> OK
Magnet settling time: 1.049
GetData ===>> H2,-0.278501463077025,H1,-0.0471690169135951,AX,-0.165575800244586,L1,-0.032611861441105,L2,0.060...
setting magnet DAC
current  : 5.893816
requested: 5.894851
Delta Dac: 0.001034
Checking detector protection. dv=0.00103
Checking detector "CDD". Protection Threshold: 0.1 (V)
SetMagnetDAC 5.89485088505 ===>> OK
Magnet settling time: 1.049
GetData ===>> H2,-0.201875680770554,H1,-0.158157914697132,AX,-0.0760593863597248,L1,-0.0487877924191489,L2,-0.0...
setting magnet DAC
current  : 5.894851
requested: 5.895885
Delta Dac: 0.001034
Checking detector protection. dv=0.00103
Checking detector "CDD". Protection Threshold: 0.1 (V)
SetMagnetDAC 5.89588536781 ===>> OK
Magnet settling time: 1.049
GetData ===>> H2,-0.148327897257204,H1,-0.123994936647942,AX,-0.0906406743921583,L1,-0.0152340982931371,L2,-0.0...
result of _do_sweep=True
result of _calculate_peak_center=([5.8730541882130023, 5.8806583620779733, 5.8882625359429444], [9.6368035654663995, 12.989489800602707, 9.6251222856349088], 5.8783074533639939, 12.989489800602707)
Failed to find a valid peak. No peak greater than 1.0. max = 0.046381706955
new center pos Detector(H1) (Ar40) @ 5.88065836208
GetHighVoltage ===>> 4499.94659342336
GetDeflection H1 ===>> 0
dac uncorrected for HV and deflection 5.88069299293
update mftable H1 Ar40 5.88069299293 message=automated run peakcenter
get initial guess parabolic
get initial guess parabolic
get initial guess parabolic
get initial guess parabolic
get initial guess parabolic
get initial guess parabolic
dump mftable to /Users/jan/PychronDev/setupfiles/spectrometer/mftables/mftable.csv
add to repo msg=modified - automated run peakcenter
locally archiving mftable
setting magnet DAC
current  : 5.895885
requested: 5.880658
Delta Dac: 0.015227
Checking detector protection. dv=0.01523
Checking detector "CDD". Protection Threshold: 0.1 (V)
SetMagnetDAC 5.88065836208 ===>> OK
Magnet settling time: 0.500
sweep finished
setting integration time = 1.048576
SetIntegrationTime 1.048576 ===>> OK
Failed to find a valid peak. No peak greater than 1.0. max = 0.0463602272563
flush and close file /Users/jan/PychronDev/data/isotopes/89/d09c8e-6fe7-474c-bc35-1b4d2e2dd88c.h5
finished measure script
executed snippet estimated_duration=226.132928, duration=270.990619898
jan_unknown120_60.py completed successfully
Measurement Finished
07:54:40 -- ******* Measurement Finished *******
Post Measurement Started jan_pump_ms.py
07:54:40 -- ******* Post Measurement Started jan_pump_ms.py *******
testing...
no interpolation path defined
executed snippet estimated_duration=0, duration=2.90870666504e-05
Pumping spectrometer
open () {'name': 'O'}
opening name=O desc=---
checking ownership. requestor=129.138.12.150
check software interlocks O
interlocks []
actuate state mode=None-script, software_lock=False
doing actuation None-script open_channel True
Open O ===>> OK
GetIndicatorState O ===>> OK
change switch state (True, True)
update switch state O True args=() kw={} ncanvase=6
07:54:40 -- OPEN   VALVE-O (Jan Ion Pump)
---------------------------------------- open O () result=[(True, True)], time=0.12 sec
action=open, ok=True, locked=[False]
executed snippet estimated_duration=0, duration=0.375455141068
jan_pump_ms.py completed successfully
setting _ms_pumptime
Post Measurement Finished
07:54:40 -- ******* Post Measurement Finished *******
$$$$$$$$$$$$$$$$$$$$ state at run end measurement
state changed from measurement to success
post measurement save measured=True aborted=False
Set filtering
setting fod for Ar40= {'filter_outliers': True, 'std_devs': 2, 'iterations': 1}
setting fod for H1= {'filter_outliers': True, 'std_devs': 2, 'iterations': 1}
setting fod for PM41= {'filter_outliers': False, 'std_devs': 2, 'iterations': 1}
setting fod for H2= {'filter_outliers': True, 'std_devs': 2, 'iterations': 1}
setting fod for Ar36= {'filter_outliers': True, 'std_devs': 2, 'iterations': 1}
setting fod for CDD= {'filter_outliers': True, 'std_devs': 10, 'iterations': 1}
setting fod for Ar37= {'filter_outliers': True, 'std_devs': 2, 'iterations': 1}
setting fod for L2= {'filter_outliers': True, 'std_devs': 2, 'iterations': 1}
setting fod for Ar38= {'filter_outliers': True, 'std_devs': 2, 'iterations': 1}
setting fod for L1= {'filter_outliers': True, 'std_devs': 2, 'iterations': 1}
setting fod for Ar39= {'filter_outliers': True, 'std_devs': 2, 'iterations': 1}
setting fod for AX= {'filter_outliers': True, 'std_devs': 2, 'iterations': 1}
persistence save...
persistence save - db
post measurement save
7096506608 connecting to database sqlite:////Users/jan/PychronDev/.appdata/local_lab.db
connected to db sqlite:////Users/jan/PychronDev/.appdata/local_lab.db
create new session 7096506608
close session 7096506608
No database instance. Not saving post measurement to isotopedb database
$$$$$$$$$$$$$$$ auto_save_detector_ic=False
massspec enabled True
create new session 4997822608
MassSpec Database Version: 16.0
close session 4997822608
saving post measurement to secondary database
saving to massspec database 129.138.12.160/massspecdata
setting labnumber to 65447
setting aliquot to 8
setting step to A
setting uuid to 89d09c8e-6fe7-474c-bc35-1b4d2e2dd88c
setting irradpos to 65447
setting extract_device to Fusions CO2
setting tray to 
setting position to 158
setting power_requested to 0.4
setting extract_value to 0.4
setting duration to 30.0
setting duration_at_request to 30.0
setting first_stage_delay to 30.0
setting cleanup to 30.0
setting comment to J:1 Plag, 5 crystals
setting irradiation to NM-288
setting level to J
setting irradiation_level to J
setting sample to MB.56.1
setting material to Plagioclase
setting project to IR973
setting mass_spectrometer to Jan
no attribute chron_dosages
no attribute production_ratios
no attribute interference_corrections
no attribute production_name
no attribute j
Reference Isotope=Ar40
Reference Detector=H1
%%%%%%%%%%%%%%%%%%%% Comment: J:1 Plag, 5 crystals %%%%%%%%%%%%%%%%%%%
adding isotope PM41 H2
add baseline dbdet= PM41. original det= H2
get baseline data PM41 H2
Get data baseline <pychron.processing.isotope.Baseline object at 0x1cda85950> len t=60
baseline PM41. v=-0.196352973696, e=0.00710427948296
get signal data PM41 H2
Get data signal PM41 0.07+/-0.08 len t=120
adding isotope Ar40 H1
add baseline dbdet= Ar40. original det= H1
get baseline data Ar40 H1
Get data baseline <pychron.processing.isotope.Baseline object at 0x1cda85a90> len t=60
baseline Ar40. v=-0.0430360952285, e=0.00499976330135
get signal data Ar40 H1
Get data signal Ar40 9.980+/-0.013 len t=120
adding isotope Ar39 AX
add baseline dbdet= Ar39. original det= AX
get baseline data Ar39 AX
Get data baseline <pychron.processing.isotope.Baseline object at 0x1cda85d90> len t=60
baseline Ar39. v=-0.0767643505142, e=0.0064015510254
get signal data Ar39 AX
Get data signal Ar39 2.449+/-0.014 len t=120
adding isotope Ar38 L1
add baseline dbdet= Ar38. original det= L1
get baseline data Ar38 L1
Get data baseline <pychron.processing.isotope.Baseline object at 0x1cda85910> len t=60
baseline Ar38. v=-0.0162784987597, e=0.00294727282297
get signal data Ar38 L1
Get data signal Ar38 0.044+/-0.004 len t=120
adding isotope Ar37 L2
add baseline dbdet= Ar37. original det= L2
get baseline data Ar37 L2
Get data baseline <pychron.processing.isotope.Baseline object at 0x1cda85850> len t=60
baseline Ar37. v=-0.0141547260412, e=0.00629159621703
get signal data Ar37 L2
Get data signal Ar37 10.077+/-0.012 len t=120
adding isotope Ar36 CDD
add baseline dbdet= Ar36. original det= CDD
get baseline data Ar36 CDD
Get data baseline <pychron.processing.isotope.Baseline object at 0x1cda85b90> len t=60
baseline Ar36. v=2.48109019616e-05, e=8.78683371021e-06
get signal data Ar36 CDD
Get data signal Ar36 0.0408+/-0.0004 len t=120
65447-08A added analysis time 0.581653118134s
analysis added to mass spec database
mass spec save time= 0.590
persistence save - dvc
================= post measurement started
create new session 4992585168
close session 4992585168
---------------- Experiment Queue saving disabled
DVC saving peakcenter
Failed to find a valid peak. No peak greater than 1.0. max = 0.0463602272563
Smart pull ahead: 0 behind: 0
Up-to-date with origin
add to repo msg=modified - ad8224ebc6dbfeb9f5997218dfa5fe690569839d.json
add to repo msg=modified - 47-08A.json
add to repo msg=modified - 47-08A.dat.json
add to repo msg=modified - 47-08A.blan.json
add to repo msg=modified - 47-08A.inte.json
add to repo msg=modified - 47-08A.icfa.json
add to repo msg=modified - 47-08A.base.json
not at valid file /Users/jan/PychronDev/data/.dvc/repositories/Load1794/654/tags/47-08A.tags.json
add to repo msg=modified - 47-08A.peak.json
add to repo msg=modified - 47-08A.extr.json
not at valid file /Users/jan/PychronDev/data/.dvc/repositories/Load1794/654/monitor/47-08A.moni.json
commit message=<COLLECTION>
add to repo msg=modified - 47-08A.inte.json
add to repo msg=modified - 47-08A.base.json
commit message=<ISOEVO> default collection fits
add to repo msg=modified - 47-08A.blan.json
commit message=<BLANKS> preceding bu-FC-J-7808
add to repo msg=modified - 47-08A.icfa.json
commit message=<ICFactor> default
push repository <pychron.git_archive.repo_manager.GitRepoManager object at 0x1d0d49950>
pushing to remote=origin, url=https://github.com
no changes to meta repo
create new session 4992585168
add association Load1794
get identifier "65447"
setting analysis irradiation position=<pychron.dvc.dvc_orm.IrradiationPositionTbl object at 0x1cc46a290>
close session 4992585168
================= post measurement finished
07:54:52 -- ******* Post Run Check *******
loading queue conditionals post_run_actions
loading system conditionals post_run_actions
loading conditionals from /Users/jan/PychronDev/setupfiles/spectrometer/default_conditionals.yaml
loading queue conditionals post_run_terminations
loading system conditionals post_run_terminations
loading conditionals from /Users/jan/PychronDev/setupfiles/spectrometer/default_conditionals.yaml
Checking default post run terminations n=1
GetDeflection CDD ===>> 50
testing CDD==2000
evaluate ot="CDD.deflection==2000" t="CDD==2000", ctx="{'CDD': 50.0}"
07:54:52 -- ******* Post Run Check Passed *******
07:54:52 -- Automated run 65447-08A success duration: 362.237 s
----------------- finish -----------------
----------------- stop -----------------
retroactive repository identifiers disabled
finish run. runs completed=111
update duration runid=65447-08A, duration=362.237390995, md5=301e91d8
loading script "jan_unknown120_60.py"
loading script "jan_pump_ms.py"
loading script "jan_co2.py"
loading script "jan_pump_extraction_line.py"
testing...
no interpolation path defined
executed snippet estimated_duration=213.652928, duration=0.000204086303711
script duration name:unknown120_60 seconds:214.0
loading script "jan_unknown120_60.py"
loading script "jan_pump_ms.py"
loading script "jan_co2.py"
loading script "jan_pump_extraction_line.py"
testing...
no interpolation path defined
executed snippet estimated_duration=0, duration=2.40802764893e-05
loading script "jan_unknown120_60.py"
loading script "jan_pump_ms.py"
loading script "jan_co2.py"
loading script "jan_pump_extraction_line.py"
testing...
no interpolation path defined
calculate duration
testing...
no interpolation path defined
executed snippet estimated_duration=0, duration=4.91142272949e-05
calculate duration
testing...
no interpolation path defined
executed snippet estimated_duration=0, duration=9.79900360107e-05
executed snippet estimated_duration=0.0, duration=0.00299000740051
script duration name:co2 seconds:0.0
loading script "jan_unknown120_60.py"
loading script "jan_pump_ms.py"
loading script "jan_co2.py"
loading script "jan_pump_extraction_line.py"
testing...
no interpolation path defined
calculate duration
testing...
no interpolation path defined
executed snippet estimated_duration=4.0, duration=0.000149011611938
executed snippet estimated_duration=4.0, duration=0.00165510177612
Script duration 214.0
Run total estimated duration= 215.000
loading script "jan_unknown400_120.py"
loading script "jan_pump_ms.py"
loading script "jan_sniffair_x2.py"
loading script "jan_pump_extraction_line.py"
testing...
no interpolation path defined
executed snippet estimated_duration=556.052928, duration=0.000249862670898
script duration name:unknown400_120 seconds:556.0
pump_ms in script context. using previous estimated duration
loading script "jan_unknown400_120.py"
loading script "jan_pump_ms.py"
loading script "jan_sniffair_x2.py"
loading script "jan_pump_extraction_line.py"
testing...
no interpolation path defined
calculate duration
testing...
no interpolation path defined
executed snippet estimated_duration=0, duration=4.88758087158e-05
calculate duration
testing...
no interpolation path defined
executed snippet estimated_duration=0, duration=0.000102996826172
calculate duration
testing...
no interpolation path defined
executed snippet estimated_duration=32.0, duration=9.20295715332e-05
calculate duration
testing...
no interpolation path defined
executed snippet estimated_duration=34.0, duration=0.000104904174805
calculate duration
testing...
no interpolation path defined
executed snippet estimated_duration=4.0, duration=6.38961791992e-05
calculate duration
testing...
no interpolation path defined
executed snippet estimated_duration=36.0, duration=8.79764556885e-05
calculate duration
testing...
no interpolation path defined
executed snippet estimated_duration=34.0, duration=9.70363616943e-05
calculate duration
testing...
no interpolation path defined
executed snippet estimated_duration=4.0, duration=6.48498535156e-05
calculate duration
testing...
no interpolation path defined
executed snippet estimated_duration=36.0, duration=8.79764556885e-05
calculate duration
testing...
no interpolation path defined
executed snippet estimated_duration=70.0, duration=9.48905944824e-05
executed snippet estimated_duration=250.0, duration=0.0134539604187
script duration name:sniffair_x2 seconds:250.0
pump_extraction_line in script context. using previous estimated duration
Script duration 806.0
Run total estimated duration= 807.000
unknown400_120 in script context. using previous estimated duration
script duration name:unknown400_120 seconds:556.0
sniffair_x2 in script context. using previous estimated duration
script duration name:sniffair_x2 seconds:250.0
Script duration 806.0
Run total estimated duration= 807.000
unknown120_60 in script context. using previous estimated duration
script duration name:unknown120_60 seconds:214.0
co2 in script context. using previous estimated duration
script duration name:co2 seconds:0.0
Script duration 214.0
Run total estimated duration= 215.000
script duration name:unknown120_60 seconds:214.0
script duration name:co2 seconds:0.0
Script duration 214.0
Run total estimated duration= 215.000
script duration name:unknown400_120 seconds:556.0
script duration name:co2 seconds:0.0
Script duration 556.0
Run total estimated duration= 557.000
script duration name:unknown400_120 seconds:556.0
loading script "jan_unknown400_120.py"
loading script "jan_pump_ms.py"
loading script "jan_cocktail_x1.py"
loading script "jan_pump_extraction_line.py"
testing...
no interpolation path defined
calculate duration
testing...
no interpolation path defined
executed snippet estimated_duration=0, duration=4.48226928711e-05
calculate duration
testing...
no interpolation path defined
executed snippet estimated_duration=0, duration=0.000149011611938
calculate duration
testing...
no interpolation path defined
executed snippet estimated_duration=32.0, duration=0.000116109848022
calculate duration
testing...
no interpolation path defined
executed snippet estimated_duration=34.0, duration=0.000109910964966
calculate duration
testing...
no interpolation path defined
executed snippet estimated_duration=4.0, duration=6.41345977783e-05
calculate duration
testing...
no interpolation path defined
executed snippet estimated_duration=38.0, duration=9.48905944824e-05
executed snippet estimated_duration=108.0, duration=0.00834608078003
script duration name:cocktail_x1 seconds:108.0
Script duration 664.0
Run total estimated duration= 665.000
loading script "jan_ic_peak_hop3.py"
loading script "jan_pump_ms.py"
loading script "jan_air_x1.py"
loading script "jan_pump_extraction_line.py"
testing...
no interpolation path defined
executed snippet estimated_duration=133.8, duration=0.0102479457855
script duration name:ic_peak_hop3 seconds:134.0
loading script "jan_ic_peak_hop3.py"
loading script "jan_pump_ms.py"
loading script "jan_air_x1.py"
loading script "jan_pump_extraction_line.py"
testing...
no interpolation path defined
calculate duration
testing...
no interpolation path defined
executed snippet estimated_duration=0, duration=4.19616699219e-05
calculate duration
testing...
no interpolation path defined
executed snippet estimated_duration=0, duration=0.000108003616333
calculate duration
testing...
no interpolation path defined
executed snippet estimated_duration=32.0, duration=0.000123023986816
calculate duration
testing...
no interpolation path defined
executed snippet estimated_duration=34.0, duration=0.000150918960571
calculate duration
testing...
no interpolation path defined
executed snippet estimated_duration=4.0, duration=6.29425048828e-05
calculate duration
testing...
no interpolation path defined
executed snippet estimated_duration=36.0, duration=8.70227813721e-05
executed snippet estimated_duration=106.0, duration=0.00769090652466
script duration name:air_x1 seconds:106.0
Script duration 240.0
Run total estimated duration= 241.000
script duration name:unknown120_60 seconds:214.0
script duration name:co2 seconds:0.0
Script duration 214.0
Run total estimated duration= 215.000
script duration name:unknown120_60 seconds:214.0
script duration name:co2 seconds:0.0
Script duration 214.0
Run total estimated duration= 215.000
script duration name:unknown120_60 seconds:214.0
script duration name:co2 seconds:0.0
Script duration 214.0
Run total estimated duration= 215.000
script duration name:unknown120_60 seconds:214.0
script duration name:co2 seconds:0.0
Script duration 214.0
Run total estimated duration= 215.000
script duration name:unknown120_60 seconds:214.0
script duration name:co2 seconds:0.0
Script duration 214.0
Run total estimated duration= 215.000
script duration name:unknown120_60 seconds:214.0
script duration name:co2 seconds:0.0
Script duration 214.0
Run total estimated duration= 215.000
script duration name:unknown120_60 seconds:214.0
script duration name:co2 seconds:0.0
Script duration 214.0
Run total estimated duration= 215.000
script duration name:unknown120_60 seconds:214.0
script duration name:co2 seconds:0.0
Script duration 214.0
Run total estimated duration= 215.000
script duration name:unknown120_60 seconds:214.0
script duration name:co2 seconds:0.0
Script duration 214.0
Run total estimated duration= 215.000
script duration name:unknown120_60 seconds:214.0
script duration name:co2 seconds:0.0
Script duration 214.0
Run total estimated duration= 215.000
script duration name:unknown120_60 seconds:214.0
script duration name:co2 seconds:0.0
Script duration 214.0
Run total estimated duration= 215.000
script duration name:unknown120_60 seconds:214.0
script duration name:co2 seconds:0.0
Script duration 214.0
Run total estimated duration= 215.000
script duration name:unknown120_60 seconds:214.0
script duration name:co2 seconds:0.0
Script duration 214.0
Run total estimated duration= 215.000
script duration name:unknown120_60 seconds:214.0
script duration name:co2 seconds:0.0
Script duration 214.0
Run total estimated duration= 215.000
script duration name:unknown120_60 seconds:214.0
script duration name:co2 seconds:0.0
Script duration 214.0
Run total estimated duration= 215.000
script duration name:unknown400_120 seconds:556.0
script duration name:co2 seconds:0.0
Script duration 556.0
Run total estimated duration= 557.000
script duration name:unknown120_60 seconds:214.0
script duration name:co2 seconds:0.0
Script duration 214.0
Run total estimated duration= 215.000
script duration name:unknown120_60 seconds:214.0
script duration name:co2 seconds:0.0
Script duration 214.0
Run total estimated duration= 215.000
script duration name:unknown120_60 seconds:214.0
script duration name:co2 seconds:0.0
Script duration 214.0
Run total estimated duration= 215.000
script duration name:unknown400_120 seconds:556.0
cocktail_x1 in script context. using previous estimated duration
script duration name:cocktail_x1 seconds:108.0
Script duration 664.0
Run total estimated duration= 665.000
script duration name:unknown400_120 seconds:556.0
script duration name:cocktail_x1 seconds:108.0
Script duration 664.0
Run total estimated duration= 665.000
ic_peak_hop3 in script context. using previous estimated duration
script duration name:ic_peak_hop3 seconds:134.0
air_x1 in script context. using previous estimated duration
script duration name:air_x1 seconds:106.0
Script duration 240.0
Run total estimated duration= 241.000
script duration name:unknown120_60 seconds:214.0
script duration name:co2 seconds:0.0
Script duration 214.0
Run total estimated duration= 215.000
script duration name:unknown120_60 seconds:214.0
script duration name:co2 seconds:0.0
Script duration 214.0
Run total estimated duration= 215.000
script duration name:unknown120_60 seconds:214.0
script duration name:co2 seconds:0.0
Script duration 214.0
Run total estimated duration= 215.000
script duration name:unknown400_120 seconds:556.0
script duration name:sniffair_x2 seconds:250.0
Script duration 806.0
Run total estimated duration= 807.000
script duration name:unknown400_120 seconds:556.0
script duration name:sniffair_x2 seconds:250.0
Script duration 806.0
Run total estimated duration= 807.000
nruns=35 before=0.0, run_dur=11979.0, btw=0.0
write rem/ex queues
/Users/jan/PychronDev/experiments/rem/CurrentExperiment.rem.txt
/Users/jan/PychronDev/experiments/rem/CurrentExperiment.ex.txt
doing event level: 3
