do run
loading script "jan_unknown120_60.py"
loading script "jan_pump_ms.py"
loading script "jan_co2.py"
loading script "jan_pump_extraction_line.py"
testing...
no interpolation path defined
executed snippet estimated_duration=213.652928, duration=0.000308036804199
script duration name:unknown120_60 seconds:214.0
loading script "jan_unknown120_60.py"
loading script "jan_pump_ms.py"
loading script "jan_co2.py"
loading script "jan_pump_extraction_line.py"
testing...
no interpolation path defined
executed snippet estimated_duration=0, duration=2.40802764893e-05
loading script "jan_unknown120_60.py"
loading script "jan_pump_ms.py"
loading script "jan_co2.py"
loading script "jan_pump_extraction_line.py"
testing...
no interpolation path defined
calculate duration
testing...
no interpolation path defined
executed snippet estimated_duration=0, duration=9.29832458496e-05
calculate duration
testing...
no interpolation path defined
executed snippet estimated_duration=0, duration=9.48905944824e-05
executed snippet estimated_duration=0.0, duration=0.00287199020386
script duration name:co2 seconds:0.0
loading script "jan_unknown120_60.py"
loading script "jan_pump_ms.py"
loading script "jan_co2.py"
loading script "jan_pump_extraction_line.py"
testing...
no interpolation path defined
calculate duration
testing...
no interpolation path defined
executed snippet estimated_duration=4.0, duration=0.000149011611938
executed snippet estimated_duration=4.0, duration=0.00159907341003
Script duration 214.0
Run total estimated duration= 215.000
run duration: 0:03:35
doing event level: 2
07:08:50 -- Setting default integration. t=1.048576
setting integration time = 1.048576
SetIntegrationTime 1.048576 ===>> OK
----------------- start -----------------
**************** Experiment Type: Ar/Ar, Ar/Ar
create new session 4419438256
close session 4419438256
$$$$$ Clearing conditionals
adding conditionals 
Add queue conditionals
add default conditionals
adding default conditionals from /Users/jan/PychronDev/setupfiles/spectrometer/default_conditionals.yaml
Start automated run 65447-05B
loading script "jan_unknown120_60.py"
loading script "jan_pump_ms.py"
loading script "jan_co2.py"
loading script "jan_pump_extraction_line.py"
%%%%%%%%%%%%%%%%%% setting automated run 65447-05B
No value "sensitivity_multiplier" in metadata
$$$$$$$$$$$$$$$ auto_save_detector_ic=False
============================= Pre Extraction Check =============================
loading queue conditionals pre_run_terminations
loading system conditionals pre_run_terminations
loading conditionals from /Users/jan/PychronDev/setupfiles/spectrometer/default_conditionals.yaml
07:08:50 -- ******* Pre Extraction Check *******
Get a measurement from the spectrometer
GetData ===>> H2,-0.204275064874805,H1,-0.0927282089434154,AX,-0.0547746652155799,L1,-0.00493264649966066,L2,0....
Pre Extraction Termination data. keys=H2,H1,AX,L1,L2,CDD, signals=-0.20428,-0.09273,-0.05477,-0.00493,0.02341,0.00342
07:08:50 -- testing system defined conditionals
Checking default pre extraction terminations n=2
testing CDD
evaluate ot="CDD.inactive" t="CDD", ctx="{'CDD': False}"
GetDeflection CDD ===>> 50
testing CDD==2000
evaluate ot="CDD.deflection==2000" t="CDD==2000", ctx="{'CDD': 50.0}"
07:08:50 -- ******* Pre Extraction Check Passed *******
=================================================================================
07:08:50 -- stopping status monitor
stop 5288834736
Alive clients [5025639504, 4992986192]
07:08:50 -- starting status monitor
start 5288834736
Monitor already running
start extraction
do extraction
Analysis started at 07:08:50.472551
Extraction Started jan_co2.py
07:08:50 -- ******* Extraction Started jan_co2.py *******
state changed from not run to extraction
DO EXTRACTION <pychron.extraction_line.pyscript_runner.RemotePyScriptRunner object at 0x12bfe48f0>
testing...
no interpolation path defined
calculate duration
testing...
no interpolation path defined
executed snippet estimated_duration=0, duration=6.41345977783e-05
calculate duration
testing...
no interpolation path defined
executed snippet estimated_duration=0, duration=9.29832458496e-05
executed snippet estimated_duration=100.0, duration=0.00362706184387
Jan CO2 laser analysis
doing GOSUB
testing...
no interpolation path defined
executed snippet estimated_duration=0, duration=8.08238983154e-05
Waiting for CO2 access
wait ('FelixCO2Flag', 0) {}
waiting for FelixCO2Flag = 0
Read FelixCO2Flag ===>> 0
finished waiting
CO2 free
wait ('CO2PumpTimeFlag', 0) {}
waiting for CO2PumpTimeFlag = 0
Read CO2PumpTimeFlag ===>> 0
finished waiting
acquire ('JanCO2Flag',) {'clear': True}
acquire JanCO2Flag
Set JanCO2Flag 1 ===>> OK
JanCO2Flag acquired
set extraction state False (0.75, 'red', 1.5)
CO2 acquired
executed snippet estimated_duration=0, duration=0.0168790817261
WaitForCO2Access.py completed successfully
gosub finished
doing GOSUB
testing...
no interpolation path defined
executed snippet estimated_duration=0, duration=9.67979431152e-05
Prepare for CO2 analysis
close () {'description': 'Jan Inlet'}
closing name=--- desc=Jan Inlet
checking ownership. requestor=129.138.12.150
check software interlocks R
interlocks []
actuate state mode=None-script, software_lock=False
doing actuation None-script close_channel False
Close R ===>> OK
GetIndicatorState R ===>> False
change switch state (True, True)
update switch state R False args=() kw={} ncanvase=6
07:08:50 -- CLOSE  VALVE-R (Jan Inlet)
---------------------------------------- close None (Jan Inlet) result=[(True, True)]
action=close, ok=True, locked=[False]
open () {'description': 'Jan Ion Pump'}
opening name=--- desc=Jan Ion Pump
checking ownership. requestor=129.138.12.150
check software interlocks O
interlocks []
actuate state mode=None-script, software_lock=False
doing actuation None-script open_channel False
Open O ===>> OK
GetIndicatorState O ===>> OK
change switch state (True, True)
update switch state O True args=() kw={} ncanvase=6
07:08:51 -- OPEN   VALVE-O (Jan Ion Pump)
---------------------------------------- open None (Jan Ion Pump) result=[(True, True)], time=0.10 sec
action=open, ok=True, locked=[False]
close () {'description': 'Microbone to Minibone'}
closing name=--- desc=Microbone to Minibone
checking ownership. requestor=129.138.12.150
check software interlocks L
interlocks []
actuate state mode=None-script, software_lock=False
doing actuation None-script close_channel False
Close L ===>> OK
GetIndicatorState L ===>> False
change switch state (True, True)
update switch state L False args=() kw={} ncanvase=6
07:08:51 -- CLOSE  VALVE-L (Microbone to Minibone)
---------------------------------------- close None (Microbone to Minibone) result=[(True, True)]
action=close, ok=True, locked=[False]
open () {'description': 'Microbone to Turbo'}
opening name=--- desc=Microbone to Turbo
checking ownership. requestor=129.138.12.150
check software interlocks U
interlocks []
actuate state mode=None-script, software_lock=False
doing actuation None-script open_channel False
Open U ===>> OK
GetIndicatorState U ===>> OK
change switch state (True, True)
update switch state U True args=() kw={} ncanvase=6
07:08:52 -- OPEN   VALVE-U (Microbone to Turbo)
---------------------------------------- open None (Microbone to Turbo) result=[(True, True)], time=0.15 sec
action=open, ok=True, locked=[False]
open () {'description': 'Microbone to Inlet Pipette'}
opening name=--- desc=Microbone to Inlet Pipette
checking ownership. requestor=129.138.12.150
check software interlocks S
interlocks []
actuate state mode=None-script, software_lock=False
doing actuation None-script open_channel False
Open S ===>> OK
GetIndicatorState S ===>> OK
change switch state (True, True)
update switch state S True args=() kw={} ncanvase=6
07:08:53 -- OPEN   VALVE-S (Microbone to Inlet Pipette)
---------------------------------------- open None (Microbone to Inlet Pipette) result=[(True, True)], time=0.43 sec
action=open, ok=True, locked=[False]
open () {'description': 'Microbone to Getter D-50'}
opening name=--- desc=Microbone to Getter D-50
checking ownership. requestor=129.138.12.150
check software interlocks K
interlocks []
actuate state mode=None-script, software_lock=False
doing actuation None-script open_channel False
Open K ===>> OK
GetIndicatorState K ===>> OK
change switch state (True, True)
update switch state K True args=() kw={} ncanvase=6
07:08:53 -- OPEN   VALVE-K (Microbone to Getter D-50)
---------------------------------------- open None (Microbone to Getter D-50) result=[(True, True)], time=0.44 sec
action=open, ok=True, locked=[False]
open () {'description': 'Microbone to Getter NP-10'}
opening name=--- desc=Microbone to Getter NP-10
checking ownership. requestor=129.138.12.150
check software interlocks M
interlocks []
actuate state mode=None-script, software_lock=False
doing actuation None-script open_channel False
Open M ===>> OK
GetIndicatorState M ===>> OK
change switch state (True, True)
update switch state M True args=() kw={} ncanvase=6
07:08:54 -- OPEN   VALVE-M (Microbone to Getter NP-10)
---------------------------------------- open None (Microbone to Getter NP-10) result=[(True, True)], time=0.16 sec
action=open, ok=True, locked=[False]
close () {'description': 'CO2 Laser to Felix'}
closing name=--- desc=CO2 Laser to Felix
checking ownership. requestor=129.138.12.150
check software interlocks F
interlocks []
actuate state mode=None-script, software_lock=True
VALVE-F(CO2 Laser to Felix) software locked
change switch state (True, False)
---------------------------------------- close None (CO2 Laser to Felix) result=[(True, False)]
action=close, ok=True, locked=[True]
open () {'description': 'CO2 Laser to Jan'}
opening name=--- desc=CO2 Laser to Jan
checking ownership. requestor=129.138.12.150
check software interlocks A
interlocks []
actuate state mode=None-script, software_lock=False
doing actuation None-script open_channel False
Open A ===>> OK
GetIndicatorState A ===>> OK
change switch state (True, True)
update switch state A True args=() kw={} ncanvase=6
07:08:54 -- OPEN   VALVE-A (CO2 Laser to Jan)
---------------------------------------- open None (CO2 Laser to Jan) result=[(True, True)], time=0.14 sec
action=open, ok=True, locked=[False]
open () {'description': 'Microbone to CO2 Laser'}
opening name=--- desc=Microbone to CO2 Laser
checking ownership. requestor=129.138.12.150
check software interlocks T
interlocks []
actuate state mode=None-script, software_lock=False
doing actuation None-script open_channel False
Open T ===>> OK
GetIndicatorState T ===>> OK
change switch state (True, True)
update switch state T True args=() kw={} ncanvase=6
07:08:55 -- OPEN   VALVE-T (Microbone to CO2 Laser)
---------------------------------------- open None (Microbone to CO2 Laser) result=[(True, True)], time=0.43 sec
action=open, ok=True, locked=[False]
executed snippet estimated_duration=0, duration=5.04536414146
PrepareForCO2Analysis.py completed successfully
gosub finished
set_motor ('beam', '1.25') {}
setting motor "beam" to 1.25
set motor beam to 1.25
SetMotor beam,1.25 ===>> OK
GetMotorMoving beam ===>> False
GetMotorMoving beam ===>> False
Block completed
move_to_position ('135',) {'autocenter': True}
FusionsCO2 move to position 135
sending GoToHole 135,True
GoToHole 135,True ===>> OK
GetDriveMoving ===>> False
GetDriveMoving ===>> OK
GetDriveMoving ===>> OK
GetDriveMoving ===>> OK
GetDriveMoving ===>> OK
GetDriveMoving ===>> OK
GetDriveMoving ===>> False
Block completed
GetAutoCorrecting ===>> False
GetAutoCorrecting ===>> False
Block completed
update position
GetPosition ===>> 13.95730,-1.99390,1.00000
got position (13.9573, -1.9939, 1.0)
move to position succeeded
sleep (5,) {}
SLEEP 5.0
block started
WaitControl setup for 5.0  
Join finished
block finished. duration 5.03078508377
close () {'description': 'Microbone to Turbo'}
closing name=--- desc=Microbone to Turbo
checking ownership. requestor=129.138.12.150
check software interlocks U
interlocks []
actuate state mode=None-script, software_lock=False
doing actuation None-script close_channel True
Close U ===>> OK
GetIndicatorState U ===>> False
change switch state (True, True)
update switch state U False args=() kw={} ncanvase=6
07:09:05 -- CLOSE  VALVE-U (Microbone to Turbo)
---------------------------------------- close None (Microbone to Turbo) result=[(True, True)]
action=close, ok=True, locked=[False]
enable laser
enable () {}
set extraction state FusionsCO2 Enabled (False, 'red', 1.5)
enabling laser
Enable ===>> OK
begin interval
BEGIN INTERVAL Interval 1 waiting for 30.0
block started
set extract to 0.4
WaitControl setup for 30.0  
extract (0.4,) {}
GetPosition ===>> 13.95730,-1.99390,1.00000
set extraction state FusionsCO2 ON! 0.4(watts) (0.75, 'red', 1.5)
extract sample to 0.4 (watts)
set laser output
SetLaserOutput 0.4,watts ===>> OK
executing pattern triangle.lp
execute_pattern ('triangle.lp',) {}
executing pattern triangle.lp
IsPatterning ===>> OK
IsPatterning ===>> OK
IsPatterning ===>> OK
IsPatterning ===>> OK
IsPatterning ===>> OK
IsPatterning ===>> OK
IsPatterning ===>> OK
IsPatterning ===>> OK
IsPatterning ===>> OK
IsPatterning ===>> OK
IsPatterning ===>> OK
IsPatterning ===>> OK
IsPatterning ===>> OK
IsPatterning ===>> OK
IsPatterning ===>> OK
IsPatterning ===>> OK
IsPatterning ===>> OK
IsPatterning ===>> OK
IsPatterning ===>> OK
IsPatterning ===>> OK
IsPatterning ===>> OK
IsPatterning ===>> OK
IsPatterning ===>> OK
IsPatterning ===>> OK
IsPatterning ===>> OK
IsPatterning ===>> OK
IsPatterning ===>> False
IsPatterning ===>> False
Block completed
COMPLETE INTERVAL waiting for Interval 1 to complete
Join finished
block finished. duration 30.123552084
Interval 1 finished
end_extract () {}
ending extraction. set laser power to 0
set laser power 0
SetLaserPower 0 ===>> OK
disable () {}
%%%%%%%%%%%%%%%%%%%%%%%%%%%%%%%%%%% disable
set extraction state False (0.75, 'red', 1.5)
disabling laser
Disable ===>> OK
sleep (30.0,) {}
SLEEP 30.0
block started
WaitControl setup for 30.0  
Join finished
block finished. duration 30.1256139278
executed snippet estimated_duration=166.0, duration=75.7518260479
jan_co2.py completed successfully
GetAchievedOutput ===>> No Response
Requested Output= 0.000
Achieved Output=  0.000
GetResponseBlob ===>> No Response
GetOutputBlob ===>> No Response
persistence save...
persistence save - db
AutomatedRunPersister post_extraction_save deprecated
persistence save - dvc
no extraction position for 135
create new session 4992585168
close session 4992585168
Extraction Finished
07:10:06 -- ******* Extraction Finished *******
no overlap. not waiting for min ms pumptime
07:10:06 -- Sending spectrometer configuration
======== Sending configuration ========
SetDeflection CDD,50.0 ===>> OK
SetDeflection H2,0.0 ===>> OK
SetDeflection H1,0.0 ===>> OK
SetDeflection L2,825.0 ===>> OK
SetDeflection L1,400.0 ===>> OK
SetDeflection AX,190.0 ===>> OK
SetZFocus 74.64 ===>> OK
SetZSymmetry -50.72 ===>> OK
SetExtractionLens 26.13 ===>> OK
SetIonRepeller -3.81 ===>> OK
SetElectronEnergy 75.08 ===>> OK
SetYSymmetry -2.81 ===>> OK
SetIonCounterVoltage 1590.0 ===>> OK
send trap current 200.0
GetParameter Trap Current Readback ===>> 198.258926936459
SetParameter Trap Current Set,200.0 ===>> OK
updating mftable name mftable
Using mftable located at /Users/jan/PychronDev/setupfiles/spectrometer/mftables/mftable.csv
============ MFtable ===========
Isotope  H2     H1     AX     L1     L2     CDD    
Ar40     5.8239 5.8808 5.9940 6.1638 6.2324 6.3920
Ar39     5.7231 5.7731 5.8864 6.0498 6.1175 6.2785
Ar36     5.4006 5.4421 5.5498 5.7087 5.7725 5.9296
================================
get initial guess parabolic
get initial guess parabolic
get initial guess parabolic
get initial guess parabolic
get initial guess parabolic
get initial guess parabolic
======== Configuration Finished ========
GetYSymmetry ===>> -2.81
GetZSymmetry ===>> -50.72
GetParameter Trap Current Readback ===>> 198.258926936459
GetHighVoltage ===>> 4499.94659342336
start measurement
do measurement
L#=65447 analysis type=unknown
Measurement Started jan_unknown120_60.py
07:10:06 -- ******* Measurement Started jan_unknown120_60.py *******
state changed from extraction to measurement
setting spec, defl, and gains
GetExtractionLens ===>> 26.13
GetYSymmetry ===>> -2.81
GetZSymmetry ===>> -50.72
GetZFocus ===>> 74.64
GetDeflection H2 ===>> 0
GetDeflection H1 ===>> 0
GetDeflection AX ===>> 190
GetDeflection L1 ===>> 400
GetDeflection L2 ===>> 825
GetDeflection CDD ===>> 50
GetGain H2 ===>> 0.0113
GetGain H1 ===>> 0.1
GetGain AX ===>> 0.097049
GetGain L1 ===>> 0.010355
GetGain L2 ===>> 0.095649
GetGain CDD ===>> 0
pre measurement save
New frame /Users/jan/PychronDev/data/isotopes/23/bf85b0-af0e-4440-afb5-6e9eb52e86bb.h5
flush and close file /Users/jan/PychronDev/data/isotopes/23/bf85b0-af0e-4440-afb5-6e9eb52e86bb.h5
testing...
no interpolation path defined
executed snippet estimated_duration=226.132928, duration=0.000173091888428
unknown measurement script
activate_detectors ('H2', 'H1', 'AX', 'L1', 'L2', 'CDD') {}
activate detectors
*************** Set Analysis View Ar/Ar
create graphs
clearing graphs
clear isotope group
setting isotope det=H2, iso=PM41
setting isotope det=H1, iso=Ar40
setting isotope det=AX, iso=Ar39
setting isotope det=L1, iso=Ar38
setting isotope det=L2, iso=Ar37
setting isotope det=CDD, iso=Ar36
setting previous blanks
 - setting Ar40 blank 0.473+/-0.008
 - setting Ar36 blank 0.00491+/-0.00017
 - setting Ar37 blank 0.053+/-0.005
 - setting Ar38 blank 0.0082+/-0.0022
 - setting PM41 blank 0.02+/-0.06
 - setting Ar39 blank 0.033+/-0.009
load analysis view
position_magnet ('Ar40',) {'detector': 'H1'}
detector Detector(H1)
POSITION Ar40 H1
setting detector H2 to PM41 (40.9624)
setting detector H1 to Ar40 (39.9624)
setting detector AX to Ar39 (38.9624)
setting detector L1 to Ar38 (37.9624)
setting detector L2 to Ar37 (36.9624)
setting detector CDD to Ar36 (35.9624)
Mapping mass to dac mass func: "parabolic"
H1 map mass coeffs = [-0.00063987  0.15840543  0.57243999]
H1 map mass to dac 39.9624 >> 5.88083
GetDeflection H1 ===>> 0
GetHighVoltage ===>> 4499.94659342336
positioning Ar40 (5.88079536834) on H1
setting magnet DAC
current  : 5.880796
requested: 5.880795
Delta Dac: 0.000000
Checking detector protection. dv=0.00000
Checking detector "CDD". Protection Threshold: 0.1 (V)
SetMagnetDAC 5.88079536834 ===>> OK
Magnet settling time: 0.500
equilibrate () {'delay': 3, 'inlet': 'R', 'outlet': 'O', 'eqtime': 12.0}
Equilibration Started
07:10:08 -- ******* Equilibration Started *******
checking ownership. requestor=129.138.12.150
check software interlocks O
interlocks []
actuate state mode=None-script, software_lock=False
doing actuation None-script close_channel True
update labels <pychron.experiment.plot_panel.PlotPanel object at 0x1c11c8950>
update labels "<pychron.graph.stacked_regression_graph.StackedRegressionGraph object at 0x1d81da530>"
setting label 0 H2 PM41
setting label 1 H1 Ar40
setting label 2 AX Ar39
setting label 3 L1 Ar38
setting label 4 L2 Ar37
setting label 5 CDD Ar36
Close O ===>> OK
update labels "<pychron.graph.stacked_graph.StackedGraph object at 0x1c7673470>"
setting label 0 H2 PM41
setting label 1 H1 Ar40
setting label 2 AX Ar39
setting label 3 L1 Ar38
setting label 4 L2 Ar37
setting label 5 CDD Ar36
GetIndicatorState O ===>> False
change switch state (True, True)
update switch state O False args=() kw={} ncanvase=6
07:10:08 -- CLOSE  VALVE-O (Jan Ion Pump)
waiting 3s before opening inlet value ('R',)
checking ownership. requestor=129.138.12.150
check software interlocks R
interlocks []
actuate state mode=None-script, software_lock=False
doing actuation None-script open_channel True
Open R ===>> OK
GetIndicatorState R ===>> OK
change switch state (True, True)
update switch state R True args=() kw={} ncanvase=6
07:10:11 -- OPEN   VALVE-R (Jan Inlet)
equilibrating for 12.0sec
set_time_zero () {}
sniff (12.0,) {}
py_sniff
build tables- sniff [Detector(H2), Detector(H1), Detector(AX), Detector(L1), Detector(L2), Detector(CDD)]
add group /sniff/PM41 (Group) '' table H2
add group /sniff/Ar40 (Group) '' table H1
add group /sniff/Ar39 (Group) '' table AX
add group /sniff/Ar38 (Group) '' table L1
add group /sniff/Ar37 (Group) '' table L2
add group /sniff/Ar36 (Group) '' table CDD
flush and close file /Users/jan/PychronDev/data/isotopes/23/bf85b0-af0e-4440-afb5-6e9eb52e86bb.h5
measuring sniff. ncounts=12.0
"sniff" increment series count="1" fit count="0" regressing="False"
starting measurement
check iteration duration=4.50611114502e-05
GetData ===>> H2,0.289971701289375,H1,0.691132766178781,AX,0.601788728038942,L1,0.0172879316156684,L2,1.1746917...
check iteration duration=1.69277191162e-05
GetData ===>> H2,0.931438778304319,H1,3.53693611642785,AX,2.02728509179318,L1,0.204045118484957,L2,4.9280012861...
check iteration duration=2.69412994385e-05
GetData ===>> H2,0.419796613936108,H1,4.70425223379884,AX,1.89609324195095,L1,0.185868957977157,L2,5.6521032405...
check iteration duration=2.88486480713e-05
GetData ===>> H2,0.143653039689623,H1,5.14482844912461,AX,1.75368893691719,L1,0.082355242071315,L2,6.0962815726...
check iteration duration=4.50611114502e-05
GetData ===>> H2,0.125892653247591,H1,5.291427184307,AX,1.73030439991006,L1,0.0799847566758266,L2,6.01406301877...
check iteration duration=1.81198120117e-05
GetData ===>> H2,0.0909673430189513,H1,5.38156083103913,AX,1.75426221459664,L1,0.0561845978426427,L2,6.14118119...
check iteration duration=3.91006469727e-05
GetData ===>> H2,-0.0441842066368255,H1,5.3989721005008,AX,1.77641201423997,L1,0.0284592950579126,L2,6.13832355...
check iteration duration=1.4066696167e-05
GetData ===>> H2,-0.112438928978704,H1,5.41172916686661,AX,1.68462423431459,L1,0.0495408134077483,L2,5.99589033...
check iteration duration=1.50203704834e-05
GetData ===>> H2,-0.0520198267249989,H1,5.46177429740073,AX,1.57061640556244,L1,0.0502767914474423,L2,6.0977169...
check iteration duration=4.38690185547e-05
GetData ===>> H2,-0.0654663710464471,H1,5.47291014122682,AX,1.78138558247668,L1,0.0414610396065461,L2,6.1887736...
check iteration duration=3.91006469727e-05
GetData ===>> H2,0.00707643620388023,H1,5.45441231696489,AX,1.78580934417557,L1,0.0427624969537413,L2,6.1059192...
Equilibration Finished
07:10:24 -- ******* Equilibration Finished *******
checking ownership. requestor=129.138.12.150
check software interlocks R
interlocks []
actuate state mode=None-script, software_lock=False
doing actuation None-script close_channel True
check iteration duration=1.59740447998e-05
GetData ===>> H2,-0.0878184000769098,H1,5.45255046864754,AX,1.65975998713292,L1,0.0436959930179385,L2,6.1079765...
Close R ===>> OK
set states for children of R. state=False
handle state [('R', False)]
update switch state R False args=() kw={'refresh': False} ncanvase=6
refresh_canvas_needed fired
GetIndicatorState R ===>> False
change switch state (True, True)
update switch state R False args=() kw={} ncanvase=6
07:10:24 -- CLOSE  VALVE-R (Jan Inlet)
Post Equilibration Started jan_pump_extraction_line.py
07:10:24 -- ******* Post Equilibration Started jan_pump_extraction_line.py *******
testing...
no interpolation path defined
calculate duration
testing...
no interpolation path defined
executed snippet estimated_duration=4.0, duration=0.000117063522339
executed snippet estimated_duration=4.0, duration=0.00113606452942
Pump after analysis
doing GOSUB
testing...
no interpolation path defined
executed snippet estimated_duration=4.0, duration=0.000102043151855
Pump Microbone
close () {'description': 'Jan Inlet'}
closing name=--- desc=Jan Inlet
checking ownership. requestor=129.138.12.150
check software interlocks R
interlocks []
actuate state mode=None-script, software_lock=False
doing actuation None-script close_channel False
Close R ===>> OK
check iteration duration=2.78949737549e-05
waiting for write to finish
GetIndicatorState R ===>> False
change switch state (True, True)
update switch state R False args=() kw={} ncanvase=6
measurement finished
estimated time: 12.583 actual time: :12.771
flush and close file /Users/jan/PychronDev/data/isotopes/23/bf85b0-af0e-4440-afb5-6e9eb52e86bb.h5
set_fits () {}
using default fits file=/Users/jan/PychronDev/scripts/measurement/fits/nominal_linear.yaml
set "Ar40" to "('Linear', 'SEM')"
No fit for "PM41". defaulting to linear. check the measurement script "jan_unknown120_60.py"
07:10:25 -- CLOSE  VALVE-R (Jan Inlet)
set "PM41" to "linear"
---------------------------------------- close None (Jan Inlet) result=[(True, True)]
set "Ar36" to "('Linear', 'SEM')"
set "Ar37" to "('linear', 'SEM')"
set "Ar38" to "('linear', 'SEM')"
set "Ar39" to "('Linear', 'SEM')"
set_baseline_fits () {}
using default fits file=/Users/jan/PychronDev/scripts/measurement/fits/nominal_linear.yaml
set "H1" to "('average', 'SEM')"
set "H2" to "('average', 'SEM')"
set "CDD" to "('average', 'SEM')"
set "L2" to "('average', 'SEM')"
set "L1" to "('average', 'SEM')"
set "AX" to "('average', 'SEM')"
multicollect () {'integration_time': 1, 'ncounts': 120}
build tables- signal [Detector(H2), Detector(H1), Detector(AX), Detector(L1), Detector(L2), Detector(CDD)]
add group /signal/PM41 (Group) '' table H2
add group /signal/Ar40 (Group) '' table H1
add group /signal/Ar39 (Group) '' table AX
add group /signal/Ar38 (Group) '' table L1
add group /signal/Ar37 (Group) '' table L2
add group /signal/Ar36 (Group) '' table CDD
flush and close file /Users/jan/PychronDev/data/isotopes/23/bf85b0-af0e-4440-afb5-6e9eb52e86bb.h5
measuring signal. ncounts=120
action=close, ok=True, locked=[False]
is_closed ('F',) {}
is F () closed?
is closed True
open () {'description': 'CO2 Laser to Jan'}
opening name=--- desc=CO2 Laser to Jan
checking ownership. requestor=129.138.12.150
check software interlocks A
interlocks []
actuate state mode=None-script, software_lock=False
doing actuation None-script open_channel False
Open A ===>> OK
GetIndicatorState A ===>> OK
change switch state (True, True)
update switch state A True args=() kw={} ncanvase=6
07:10:25 -- OPEN   VALVE-A (CO2 Laser to Jan)
---------------------------------------- open None (CO2 Laser to Jan) result=[(True, True)], time=0.13 sec
"signal" increment series count="2" fit count="1" regressing="True"
starting measurement
check iteration duration=0.000109910964966
GetData ===>> H2,-0.0596896257761868,H1,5.59016078905941,AX,1.68450721134456,L1,0.00229857187094791,L2,5.952987...
action=open, ok=True, locked=[False]
sleep (1,) {}
SLEEP 1.0
check iteration duration=3.79085540771e-05
close () {'description': 'CO2 Laser to Roughing'}
closing name=--- desc=CO2 Laser to Roughing
GetData ===>> H2,0.0471914106883515,H1,5.60341819468955,AX,1.71685766974744,L1,0.0311623547957471,L2,6.14135759...
checking ownership. requestor=129.138.12.150
check software interlocks G
interlocks []
actuate state mode=None-script, software_lock=True
VALVE-G(CO2 Laser to Roughing) software locked
change switch state (True, False)
---------------------------------------- close None (CO2 Laser to Roughing) result=[(True, False)]
action=close, ok=True, locked=[True]
open () {'description': 'Microbone to Turbo'}
opening name=--- desc=Microbone to Turbo
checking ownership. requestor=129.138.12.150
check software interlocks U
interlocks []
actuate state mode=None-script, software_lock=False
doing actuation None-script open_channel True
Open U ===>> OK
GetIndicatorState U ===>> OK
change switch state (True, True)
update switch state U True args=() kw={} ncanvase=6
07:10:27 -- OPEN   VALVE-U (Microbone to Turbo)
---------------------------------------- open None (Microbone to Turbo) result=[(True, True)], time=0.26 sec
action=open, ok=True, locked=[False]
open () {'description': 'Microbone to Getter NP-10'}
opening name=--- desc=Microbone to Getter NP-10
checking ownership. requestor=129.138.12.150
check software interlocks M
interlocks []
actuate state mode=None-script, software_lock=False
doing actuation None-script open_channel False
Open M ===>> OK
GetIndicatorState M ===>> OK
change switch state (True, True)
update switch state M True args=() kw={} ncanvase=6
07:10:27 -- OPEN   VALVE-M (Microbone to Getter NP-10)
---------------------------------------- open None (Microbone to Getter NP-10) result=[(True, True)], time=0.16 sec
action=open, ok=True, locked=[False]
open () {'description': 'Microbone to Getter D-50'}
opening name=--- desc=Microbone to Getter D-50
checking ownership. requestor=129.138.12.150
check software interlocks K
interlocks []
actuate state mode=None-script, software_lock=False
doing actuation None-script open_channel False
check iteration duration=6.29425048828e-05
GetData ===>> H2,-0.14706794766829,H1,5.55315080368752,AX,1.69768487418884,L1,0.0421863227647279,L2,6.212719750...
Open K ===>> OK
GetIndicatorState K ===>> OK
change switch state (True, True)
update switch state K True args=() kw={} ncanvase=6
07:10:28 -- OPEN   VALVE-K (Microbone to Getter D-50)
---------------------------------------- open None (Microbone to Getter D-50) result=[(True, True)], time=0.44 sec
action=open, ok=True, locked=[False]
open () {'description': 'Microbone to CO2 Laser'}
opening name=--- desc=Microbone to CO2 Laser
checking ownership. requestor=129.138.12.150
check software interlocks T
interlocks []
actuate state mode=None-script, software_lock=False
doing actuation None-script open_channel False
Open T ===>> OK
GetIndicatorState T ===>> OK
change switch state (True, True)
update switch state T True args=() kw={} ncanvase=6
07:10:29 -- OPEN   VALVE-T (Microbone to CO2 Laser)
---------------------------------------- open None (Microbone to CO2 Laser) result=[(True, True)], time=0.44 sec
check iteration duration=8.39233398438e-05
GetData ===>> H2,-0.147731167032852,H1,5.55438915980428,AX,1.54412165606362,L1,0.0182235881581613,L2,6.18585583...
action=open, ok=True, locked=[False]
open () {'description': 'Microbone to Inlet Pipette'}
opening name=--- desc=Microbone to Inlet Pipette
checking ownership. requestor=129.138.12.150
check software interlocks S
interlocks []
actuate state mode=None-script, software_lock=False
doing actuation None-script open_channel False
Open S ===>> OK
GetIndicatorState S ===>> OK
change switch state (True, True)
update switch state S True args=() kw={} ncanvase=6
07:10:29 -- OPEN   VALVE-S (Microbone to Inlet Pipette)
---------------------------------------- open None (Microbone to Inlet Pipette) result=[(True, True)], time=0.43 sec
action=open, ok=True, locked=[False]
sleep (1,) {}
SLEEP 1.0
testing H1>-5.0
evaluate ot="H1.bs>-5.0" t="H1>-5.0", ctx="{'H1': None}"
check iteration duration=0.000884056091309
GetData ===>> H2,-0.106763037812965,H1,5.63767805093158,AX,1.66568003197933,L1,0.0064459386604259,L2,6.14722603...
set_resource () {'name': 'CO2PumpTimeFlag', 'value': 30}
Set CO2PumpTimeFlag 30 ===>> OK
release ('JanCO2Flag',) {}
release JanCO2Flag
Set JanCO2Flag 0 ===>> OK
executed snippet estimated_duration=6.0, duration=6.15916705132
PumpMicrobone.py completed successfully
gosub finished
get_resource_value () {'name': 'JanMiniboneFlag'}
Read JanMiniboneFlag ===>> 0
Get Resource Value JanMiniboneFlag=0.0
get resource value 0.0
get_resource_value () {'name': 'JanMiniboneFlag'}
Read JanMiniboneFlag ===>> 0
Get Resource Value JanMiniboneFlag=0.0
executed snippet estimated_duration=4.0, duration=6.17458105087
jan_pump_extraction_line.py completed successfully
Post Equilibration Finished
07:10:30 -- ******* Post Equilibration Finished *******
check iteration duration=7.00950622559e-05
GetData ===>> H2,-0.256852218835866,H1,5.69584172615067,AX,1.64002518332847,L1,0.00459166183484715,L2,6.1456148...
check iteration duration=6.8187713623e-05
GetData ===>> H2,-0.281007252183708,H1,5.69673718610055,AX,1.55071253528131,L1,0.021026273060729,L2,6.175467590...
check iteration duration=5.29289245605e-05
GetData ===>> H2,-0.164448144741045,H1,5.72597271123352,AX,1.63675008108764,L1,0.000106817895785934,L2,6.089340...
check iteration duration=6.19888305664e-05
GetData ===>> H2,-0.153047025895644,H1,5.72637762571777,AX,1.50203918388785,L1,-0.025189869796812,L2,6.09490501...
testing H1>-5.0
evaluate ot="H1.bs>-5.0" t="H1>-5.0", ctx="{'H1': None}"
check iteration duration=0.00092887878418
GetData ===>> H2,-0.209491294866008,H1,5.69703158559365,AX,1.6766318860102,L1,-0.0175367907442515,L2,6.02226885...
check iteration duration=8.20159912109e-05
GetData ===>> H2,-0.195123441908165,H1,5.71224337158898,AX,1.62927623913311,L1,-0.0102945058472919,L2,6.0770232...
check iteration duration=7.00950622559e-05
GetData ===>> H2,-0.177629783065473,H1,5.6808899225296,AX,1.58516994039975,L1,0.0246734527688767,L2,6.027677093...
check iteration duration=4.19616699219e-05
GetData ===>> H2,-0.192283623023114,H1,5.68450808436258,AX,1.51096025843636,L1,-0.00531170419455017,L2,6.056921...
check iteration duration=7.70092010498e-05
GetData ===>> H2,-0.170865597044421,H1,5.76903753755909,AX,1.54907646012198,L1,-0.0293448359766589,L2,6.0647432...
testing H1>-5.0
evaluate ot="H1.bs>-5.0" t="H1>-5.0", ctx="{'H1': None}"
check iteration duration=0.000584840774536
GetData ===>> H2,-0.238087978180406,H1,5.7863102547209,AX,1.51133442345803,L1,0.0363230054487196,L2,6.016755117...
check iteration duration=6.79492950439e-05
GetData ===>> H2,-0.230507251532519,H1,5.7442077118955,AX,1.55254730916243,L1,0.0399036010349264,L2,6.047913571...
check iteration duration=4.10079956055e-05
GetData ===>> H2,-0.267209652710588,H1,5.68563648627094,AX,1.61045964870602,L1,0.0523840056725442,L2,6.04210441...
check iteration duration=7.00950622559e-05
GetData ===>> H2,-0.21448966450064,H1,5.6979270558932,AX,1.57466078582233,L1,0.0153196130561893,L2,6.0905872208...
check iteration duration=5.41210174561e-05
GetData ===>> H2,-0.221237700220919,H1,5.80040494991725,AX,1.58794061689487,L1,-0.0393533756469041,L2,6.1515658...
testing H1>-5.0
evaluate ot="H1.bs>-5.0" t="H1>-5.0", ctx="{'H1': None}"
check iteration duration=0.00104904174805
GetData ===>> H2,-0.128258658907129,H1,5.89490899341658,AX,1.60454293325046,L1,0.0229440324008929,L2,6.15819940...
check iteration duration=5.00679016113e-05
GetData ===>> H2,-0.22343728093098,H1,5.92402633777873,AX,1.59999455458636,L1,0.0249968331493055,L2,5.988509371...
check iteration duration=7.41481781006e-05
GetData ===>> H2,-0.239188661129468,H1,5.85784571263928,AX,1.62237601395202,L1,0.0635082892506552,L2,6.04881907...
check iteration duration=4.79221343994e-05
GetData ===>> H2,-0.230880082799084,H1,5.85841033966223,AX,1.51157997002908,L1,0.0359731900086282,L2,6.05613398...
check iteration duration=6.41345977783e-05
GetData ===>> H2,-0.172498059491385,H1,5.87954925579444,AX,1.49458024500672,L1,-0.00284637421819989,L2,5.949145...
testing H1>-5.0
evaluate ot="H1.bs>-5.0" t="H1>-5.0", ctx="{'H1': None}"
check iteration duration=0.000745058059692
07:10:51 -- collecting point 25
GetData ===>> H2,-0.199963897027217,H1,5.89579307677333,AX,1.5466574561257,L1,0.0176194251537285,L2,5.953786299...
check iteration duration=3.40938568115e-05
GetData ===>> H2,-0.174310342100225,H1,5.93294371155977,AX,1.51567250336982,L1,0.0337111026066557,L2,6.09648158...
check iteration duration=6.60419464111e-05
GetData ===>> H2,-0.187033405738325,H1,6.01965728846887,AX,1.62460976256351,L1,0.03245527413985,L2,6.0776937872...
check iteration duration=6.60419464111e-05
GetData ===>> H2,-0.182208447604932,H1,6.04620294986156,AX,1.66954112313194,L1,0.0269591092283734,L2,6.02041131...
check iteration duration=2.90870666504e-05
GetData ===>> H2,-0.220038728277607,H1,5.96907556842818,AX,1.63754545301388,L1,0.0151298869805064,L2,6.00565802...
testing H1>-5.0
evaluate ot="H1.bs>-5.0" t="H1>-5.0", ctx="{'H1': None}"
check iteration duration=0.00122499465942
GetData ===>> H2,-0.212597520923562,H1,5.97206152810379,AX,1.55078265339782,L1,-0.0366075898362502,L2,6.0706007...
check iteration duration=7.89165496826e-05
GetData ===>> H2,-0.225499083273296,H1,6.05587213279677,AX,1.59219615423228,L1,-0.0122353919843189,L2,6.1246127...
check iteration duration=4.2200088501e-05
GetData ===>> H2,-0.181626939754924,H1,6.00315107763543,AX,1.6141314657201,L1,-0.00146528571782675,L2,5.9844782...
check iteration duration=6.5803527832e-05
GetData ===>> H2,-0.13502735462505,H1,6.0233297884728,AX,1.58114850693722,L1,0.0342471305941378,L2,6.1024042918...
check iteration duration=8.41617584229e-05
GetData ===>> H2,-0.0826804736857397,H1,5.97504757427238,AX,1.64482106591264,L1,-0.0187539524896015,L2,6.093504...
testing H1>-5.0
evaluate ot="H1.bs>-5.0" t="H1>-5.0", ctx="{'H1': None}"
check iteration duration=0.00056791305542
GetData ===>> H2,-0.125035630242572,H1,6.0179377682102,AX,1.62941658772964,L1,-0.0361199307653985,L2,5.97606406...
check iteration duration=8.58306884766e-05
GetData ===>> H2,-0.0839943727696465,H1,6.04557638859851,AX,1.4827616772838,L1,0.000961377169234989,L2,6.062238...
check iteration duration=6.91413879395e-05
GetData ===>> H2,-0.185745422716088,H1,6.17397809148062,AX,1.61201489200904,L1,0.0121727833869486,L2,6.03971735...
check iteration duration=4.00543212891e-05
GetData ===>> H2,-0.256330685134851,H1,6.14277573226836,AX,1.61593234338097,L1,0.0138427259027341,L2,5.98845060...
check iteration duration=6.60419464111e-05
GetData ===>> H2,-0.169531120339854,H1,6.18890874008435,AX,1.580271762802,L1,0.012870259869175,L2,6.02905271316...
testing H1>-5.0
evaluate ot="H1.bs>-5.0" t="H1>-5.0", ctx="{'H1': None}"
check iteration duration=0.000579833984375
GetData ===>> H2,-0.170584951701903,H1,6.2582912967071,AX,1.59040740314466,L1,0.0105115192352159,L2,6.011606101...
check iteration duration=3.81469726562e-05
GetData ===>> H2,-0.226022890825239,H1,6.22469462624513,AX,1.57904433417249,L1,-0.0114358257983026,L2,6.0698714...
check iteration duration=7.20024108887e-05
GetData ===>> H2,-0.266459576914466,H1,6.15116266817586,AX,1.61969792163365,L1,0.033602938977824,L2,5.963091588...
check iteration duration=3.79085540771e-05
GetData ===>> H2,-0.179492239593366,H1,6.09315673215531,AX,1.60316319714071,L1,0.0297903112689912,L2,5.92646296...
check iteration duration=3.79085540771e-05
GetData ===>> H2,-0.184714930775591,H1,6.13634457025352,AX,1.63245752326724,L1,0.0184698280008421,L2,6.05754528...
testing H1>-5.0
evaluate ot="H1.bs>-5.0" t="H1>-5.0", ctx="{'H1': None}"
check iteration duration=0.000933885574341
GetData ===>> H2,-0.144289028524829,H1,6.26139080842896,AX,1.66680324283436,L1,0.0200074616106325,L2,6.03844741...
check iteration duration=4.00543212891e-05
GetData ===>> H2,-0.150533549691255,H1,6.2779354112996,AX,1.56185025759296,L1,0.0153388260225139,L2,6.016919702...
check iteration duration=4.10079956055e-05
GetData ===>> H2,-0.209923739124559,H1,6.21259660030307,AX,1.68457742510986,L1,0.0110144308466608,L2,5.94630275...
check iteration duration=4.60147857666e-05
GetData ===>> H2,-0.218594404434912,H1,6.25276898461766,AX,1.59292101689732,L1,0.0276040777078411,L2,5.94398849...
check iteration duration=3.38554382324e-05
GetData ===>> H2,-0.246030835002943,H1,6.31156172163758,AX,1.516327324549,L1,0.0117526401320543,L2,6.0237502158...
testing H1>-5.0
evaluate ot="H1.bs>-5.0" t="H1>-5.0", ctx="{'H1': None}"
check iteration duration=0.000847816467285
07:11:17 -- collecting point 50
GetData ===>> H2,-0.209607153828105,H1,6.25531486907784,AX,1.67160043383896,L1,-0.0111936657854715,L2,6.0380946...
check iteration duration=5.79357147217e-05
GetData ===>> H2,-0.156809947137844,H1,6.29247716969934,AX,1.62280872568162,L1,0.0212942087377748,L2,5.86742697...
check iteration duration=8.60691070557e-05
GetData ===>> H2,-0.186964627102929,H1,6.32010230897173,AX,1.47851856271293,L1,0.0319782204779665,L2,6.01770736...
check iteration duration=7.00950622559e-05
GetData ===>> H2,-0.223057469647947,H1,6.46377475602706,AX,1.58355667113444,L1,-0.0032495059505094,L2,5.9550668...
check iteration duration=7.41481781006e-05
GetData ===>> H2,-0.371592696110276,H1,6.37293546763449,AX,1.64093755269893,L1,7.56134519684023E-05,L2,5.934344...
testing H1>-5.0
evaluate ot="H1.bs>-5.0" t="H1>-5.0", ctx="{'H1': None}"
check iteration duration=0.000566959381104
GetData ===>> H2,-0.291909790263908,H1,6.3850042084667,AX,1.54232209577929,L1,0.0382069280659171,L2,6.065096082...
check iteration duration=7.10487365723e-05
GetData ===>> H2,-0.270542719541077,H1,6.31009734028873,AX,1.62589623771282,L1,0.0391736720250667,L2,6.05132396...
check iteration duration=5.69820404053e-05
GetData ===>> H2,-0.267477140794315,H1,6.3718898225291,AX,1.63067973412931,L1,0.0271008306092356,L2,6.032615304...
check iteration duration=8.89301300049e-05
GetData ===>> H2,-0.263429193094784,H1,6.37606016432468,AX,1.61247094547011,L1,-0.0250616471709703,L2,5.9671100...
check iteration duration=4.10079956055e-05
GetData ===>> H2,-0.125691396059233,H1,6.45242317064085,AX,1.5974690677351,L1,-0.0329137647066552,L2,5.99537317...
testing H1>-5.0
evaluate ot="H1.bs>-5.0" t="H1>-5.0", ctx="{'H1': None}"
check iteration duration=0.000596046447754
GetData ===>> H2,-0.131655753142813,H1,6.42968681496734,AX,1.59925794754139,L1,0.00542979983345923,L2,5.9566529...
check iteration duration=7.31945037842e-05
GetData ===>> H2,-0.153669987105963,H1,6.44114669156435,AX,1.5132988132364,L1,-0.0158541069698209,L2,5.99795898...
check iteration duration=4.00543212891e-05
GetData ===>> H2,-0.240725954266579,H1,6.51109056130397,AX,1.5483285491355,L1,-0.0202563146138196,L2,5.91637426...
check iteration duration=6.48498535156e-05
GetData ===>> H2,-0.0855207432276496,H1,6.50148278877054,AX,1.60167824859335,L1,0.0137910988038667,L2,5.9439532...
check iteration duration=8.41617584229e-05
GetData ===>> H2,-0.0734057188945459,H1,6.56448596038175,AX,1.64346415829083,L1,0.0644174863465756,L2,5.8461633...
testing H1>-5.0
evaluate ot="H1.bs>-5.0" t="H1>-5.0", ctx="{'H1': None}"
check iteration duration=0.000847101211548
GetData ===>> H2,-0.151413962595383,H1,6.49070590167271,AX,1.59967886517579,L1,0.0289902389473225,L2,5.95491416...
check iteration duration=6.91413879395e-05
GetData ===>> H2,-0.20251197153616,H1,6.54765753437807,AX,1.56160481672069,L1,0.0213374635954178,L2,5.892303002...
check iteration duration=6.69956207275e-05
GetData ===>> H2,-0.235907392259625,H1,6.55036853932664,AX,1.57343342737457,L1,0.0136758392584655,L2,6.00966647...
check iteration duration=7.29560852051e-05
GetData ===>> H2,-0.181671464613677,H1,6.5095631121159,AX,1.68252954424718,L1,0.00488944165604091,L2,5.99725375...
check iteration duration=6.50882720947e-05
GetData ===>> H2,-0.235046341726478,H1,6.57841316744927,AX,1.64602592202259,L1,-0.0156945792220449,L2,5.9463967...
testing H1>-5.0
evaluate ot="H1.bs>-5.0" t="H1>-5.0", ctx="{'H1': None}"
check iteration duration=0.0147979259491
GetData ===>> H2,-0.210834377624896,H1,6.53226776739519,AX,1.60910321602114,L1,0.00141749185503711,L2,5.9070529...
check iteration duration=4.88758087158e-05
GetData ===>> H2,-0.195918155490973,H1,6.62498626925137,AX,1.61932369621162,L1,-0.00680620400801362,L2,5.898802...
check iteration duration=8.89301300049e-05
GetData ===>> H2,-0.204874831382712,H1,6.61805009297576,AX,1.69949898935898,L1,-0.0139457947939861,L2,5.9136235...
check iteration duration=3.79085540771e-05
GetData ===>> H2,-0.164946285354949,H1,6.64224864928495,AX,1.48855972840964,L1,0.00634755946366319,L2,5.9134002...
check iteration duration=7.60555267334e-05
GetData ===>> H2,-0.174222584425558,H1,6.60805936725553,AX,1.59904748940114,L1,-0.0131247897803276,L2,5.9566294...
testing H1>-5.0
evaluate ot="H1.bs>-5.0" t="H1>-5.0", ctx="{'H1': None}"
check iteration duration=0.000577926635742
07:11:43 -- collecting point 75
GetData ===>> H2,-0.118995395164478,H1,6.64344393857561,AX,1.57585309158597,L1,0.00711662244425059,L2,5.9679090...
check iteration duration=3.60012054443e-05
GetData ===>> H2,-0.117911708059632,H1,6.67944463832775,AX,1.62600149551676,L1,-0.0150804337565904,L2,5.9500620...
check iteration duration=8.01086425781e-05
GetData ===>> H2,-0.16560233957702,H1,6.64759675204001,AX,1.59531777834406,L1,-0.0230709909474716,L2,5.99415082...
check iteration duration=5.48362731934e-05
GetData ===>> H2,-0.261087953313282,H1,6.76011783482033,AX,1.59045416746386,L1,-0.0111768822023386,L2,5.9014700...
check iteration duration=7.60555267334e-05
GetData ===>> H2,-0.194343135539613,H1,6.73797713597601,AX,1.56580077133724,L1,0.00207049199315667,L2,6.0084792...
testing H1>-5.0
evaluate ot="H1.bs>-5.0" t="H1>-5.0", ctx="{'H1': None}"
check iteration duration=0.000596046447754
GetData ===>> H2,-0.1235454812855,H1,6.72612492985996,AX,1.69492280190798,L1,-0.0110593963367564,L2,5.951789066...
check iteration duration=7.79628753662e-05
GetData ===>> H2,-0.181945356105511,H1,6.81521375964935,AX,1.67144832418427,L1,0.0168903939604432,L2,5.93489644...
check iteration duration=7.60555267334e-05
GetData ===>> H2,-0.254377407911724,H1,6.71741855502155,AX,1.72948563257624,L1,0.0145403179840735,L2,6.02810035...
check iteration duration=5.69820404053e-05
GetData ===>> H2,-0.238543797242369,H1,6.81092239949674,AX,1.60374782871729,L1,0.0254687532900284,L2,5.93400372...
check iteration duration=5.50746917725e-05
GetData ===>> H2,-0.151527385053376,H1,6.848514841575,AX,1.60842500670874,L1,0.0299176559621733,L2,5.8857808097...
testing H1>-5.0
evaluate ot="H1.bs>-5.0" t="H1>-5.0", ctx="{'H1': None}"
check iteration duration=0.00141096115112
GetData ===>> H2,-0.1481917507326,H1,6.78505469272739,AX,1.64347585569017,L1,0.0346437615661433,L2,5.9615171472...
check iteration duration=5.31673431396e-05
GetData ===>> H2,-0.169879259853868,H1,6.76947307473188,AX,1.58511148815174,L1,0.0056289405713617,L2,5.93322848...
check iteration duration=3.79085540771e-05
GetData ===>> H2,-0.202245057310179,H1,6.83499577732494,AX,1.66868698988737,L1,-0.0024540251589396,L2,5.9125774...
check iteration duration=8.29696655273e-05
GetData ===>> H2,-0.237083158376472,H1,6.90760745599308,AX,1.6777318192029,L1,0.0175161325196359,L2,5.898625828...
check iteration duration=8.20159912109e-05
GetData ===>> H2,-0.121822506257955,H1,6.84935367380339,AX,1.58630392090124,L1,0.0356522359968181,L2,5.89250278...
testing H1>-5.0
evaluate ot="H1.bs>-5.0" t="H1>-5.0", ctx="{'H1': None}"
check iteration duration=0.000895977020264
GetData ===>> H2,-0.252484301904137,H1,6.83468742510323,AX,1.70415732248679,L1,0.0115821870069701,L2,5.86969457...
check iteration duration=7.89165496826e-05
GetData ===>> H2,-0.209891407415543,H1,6.8778039789781,AX,1.71678743289549,L1,0.0384618316600811,L2,5.926462960...
check iteration duration=7.00950622559e-05
GetData ===>> H2,-0.134712281483791,H1,6.89910364323267,AX,1.60304627124331,L1,0.0440605129895138,L2,5.92784891...
check iteration duration=7.79628753662e-05
GetData ===>> H2,-0.115725078123356,H1,6.97013305189709,AX,1.57006703728824,L1,0.0302143993636024,L2,5.92591093...
check iteration duration=6.41345977783e-05
GetData ===>> H2,-0.20542200634065,H1,6.8877375181996,AX,1.54776761963705,L1,0.00587487281937438,L2,5.900670843...
testing H1>-5.0
evaluate ot="H1.bs>-5.0" t="H1>-5.0", ctx="{'H1': None}"
check iteration duration=0.000574827194214
GetData ===>> H2,-0.227637250304075,H1,6.92285188713522,AX,1.64360452717495,L1,-0.0244792322393641,L2,5.8813624...
check iteration duration=8.29696655273e-05
GetData ===>> H2,-0.14499564374855,H1,6.96803546823499,AX,1.66247427167818,L1,-0.0258740956121916,L2,5.87285521...
check iteration duration=6.41345977783e-05
GetData ===>> H2,-0.137040641184434,H1,6.92653063657198,AX,1.68996062994695,L1,0.0140636448481413,L2,6.02155170...
check iteration duration=7.20024108887e-05
GetData ===>> H2,-0.205779138279683,H1,7.01746336133844,AX,1.58010810476431,L1,0.0126517680673354,L2,5.93459103...
check iteration duration=7.70092010498e-05
GetData ===>> H2,-0.197390972872845,H1,6.97063894607897,AX,1.64996812740236,L1,-0.00511258072917806,L2,5.992094...
testing H1>-5.0
evaluate ot="H1.bs>-5.0" t="H1>-5.0", ctx="{'H1': None}"
check iteration duration=0.00056004524231
07:12:10 -- collecting point 100
GetData ===>> H2,-0.150444424328879,H1,6.98685354622246,AX,1.64437655962592,L1,-0.0199026262449465,L2,5.8582630...
check iteration duration=8.79764556885e-05
GetData ===>> H2,-0.0586223491778342,H1,6.99515926728063,AX,1.67602341762311,L1,0.00679627238313359,L2,5.828110...
check iteration duration=7.00950622559e-05
GetData ===>> H2,-0.129317029497624,H1,6.9579676578911,AX,1.69608145836198,L1,-0.00168968049113524,L2,5.8495581...
check iteration duration=3.88622283936e-05
GetData ===>> H2,-0.206486630520003,H1,7.03903143159075,AX,1.62794293747471,L1,0.0273578558223818,L2,5.87249097...
check iteration duration=6.41345977783e-05
GetData ===>> H2,-0.0646883556196507,H1,7.08808556545149,AX,1.71457499777397,L1,0.0240857290409013,L2,5.8167190...
testing H1>-5.0
evaluate ot="H1.bs>-5.0" t="H1>-5.0", ctx="{'H1': None}"
check iteration duration=0.000882863998413
GetData ===>> H2,-0.0956113267272296,H1,7.06412369683072,AX,1.67754459566155,L1,-0.0154378901687826,L2,5.874934...
check iteration duration=5.88893890381e-05
GetData ===>> H2,-0.261034156913375,H1,7.07956241034242,AX,1.6770063299689,L1,-0.0280846296924131,L2,5.91953348...
check iteration duration=7.70092010498e-05
GetData ===>> H2,-0.144283624032237,H1,7.07585690934327,AX,1.63839931534316,L1,0.00388687128660007,L2,5.8073485...
check iteration duration=5.50746917725e-05
GetData ===>> H2,-0.103329888511864,H1,7.15895588666917,AX,1.64912586250898,L1,0.00967138876833267,L2,5.8401962...
check iteration duration=6.103515625e-05
GetData ===>> H2,-0.222902578403858,H1,7.09780775893571,AX,1.59257027622958,L1,0.00744058230415734,L2,5.9342386...
testing H1>-5.0
evaluate ot="H1.bs>-5.0" t="H1>-5.0", ctx="{'H1': None}"
check iteration duration=0.00123405456543
GetData ===>> H2,-0.198925628034209,H1,7.07312727501985,AX,1.66126921367312,L1,0.0267249130067883,L2,5.89158612...
check iteration duration=7.48634338379e-05
GetData ===>> H2,-0.230204401194887,H1,7.22523477878225,AX,1.62345194934566,L1,0.0204471718468529,L2,5.85886223...
check iteration duration=6.98566436768e-05
GetData ===>> H2,-0.180490822005162,H1,7.28957754630943,AX,1.6833135850169,L1,0.0295548479585011,L2,6.015908685...
check iteration duration=9.67979431152e-05
GetData ===>> H2,-0.0975004963488445,H1,7.20770041597112,AX,1.63820047002769,L1,0.0312368493660931,L2,5.7944801...
check iteration duration=7.89165496826e-05
GetData ===>> H2,-0.15159894863946,H1,7.19150322682143,AX,1.64064512569526,L1,0.0111740715233501,L2,5.797016138...
testing H1>-5.0
evaluate ot="H1.bs>-5.0" t="H1>-5.0", ctx="{'H1': None}"
check iteration duration=0.000614881515503
GetData ===>> H2,-0.220207130890726,H1,7.16158646860825,AX,1.50762791416929,L1,0.00732659523959156,L2,5.8871557...
check iteration duration=7.20024108887e-05
GetData ===>> H2,-0.147317841392621,H1,7.21594206222658,AX,1.64899718378664,L1,0.00887212966766373,L2,5.8333016...
check iteration duration=7.29560852051e-05
GetData ===>> H2,-0.187768367022778,H1,7.2008431735451,AX,1.693296024507,L1,0.00687785869774448,L2,5.8212050151...
check iteration duration=4.00543212891e-05
GetData ===>> H2,-0.219588744186264,H1,7.22369005410079,AX,1.64220084736572,L1,0.0172026578671295,L2,5.90796977...
check iteration duration=7.20024108887e-05
GetData ===>> H2,-0.232998392240155,H1,7.17981712383324,AX,1.62078552236576,L1,0.0171846423787661,L2,5.82038296...
testing H1>-5.0
evaluate ot="H1.bs>-5.0" t="H1>-5.0", ctx="{'H1': None}"
check iteration duration=0.00058388710022
GetData ===>> H2,-0.202932550868831,H1,7.23795182668254,AX,1.64746475015001,L1,0.00726540271593465,L2,5.8905049...
check iteration duration=4.07695770264e-05
waiting for write to finish
measurement finished
estimated time: 125.829 actual time: :126.446
flush and close file /Users/jan/PychronDev/data/isotopes/23/bf85b0-af0e-4440-afb5-6e9eb52e86bb.h5
baselines () {'settling_time': 15.0, 'detector': 'H1', 'mass': 34.2, 'ncounts': 60}
%%%%%%%%%%%%%%%%%%%%%%%%%%%%%%%% Baseline
build tables- baseline [Detector(H2), Detector(H1), Detector(AX), Detector(L1), Detector(L2), Detector(CDD)]
add group baseline table H2
add group baseline table H1
add group baseline table AX
add group baseline table L1
add group baseline table L2
add group baseline table CDD
flush and close file /Users/jan/PychronDev/data/isotopes/23/bf85b0-af0e-4440-afb5-6e9eb52e86bb.h5
detector Detector(H1)
POSITION 34.2 H1
Mapping mass to dac mass func: "parabolic"
H1 map mass coeffs = [-0.00063987  0.15840543  0.57243999]
H1 map mass to dac 34.2 >> 5.24148599104
GetDeflection H1 ===>> 0
GetHighVoltage ===>> 4499.94659342336
positioning 34.2 (5.24145512442) on H1
setting magnet DAC
current  : 5.880795
requested: 5.241455
Delta Dac: 0.639340
Checking detector protection. dv=0.63934
Checking detector "CDD". Protection Threshold: 0.1 (V)
ProtectDetector CDD,On ===>> OK
GetDeflection CDD ===>> 2000
Protected = 2000
SetMagnetDAC 5.24145512442 ===>> OK
Magnet settling time: 0.500
GetMagnetMoving ===>> True
GetMagnetMoving ===>> True
GetMagnetMoving ===>> True
GetMagnetMoving ===>> True
GetMagnetMoving ===>> True
GetMagnetMoving ===>> True
GetMagnetMoving ===>> True
GetMagnetMoving ===>> True
GetMagnetMoving ===>> False
ProtectDetector CDD,Off ===>> OK
GetDeflection CDD ===>> 50
Delaying 15.0s for detectors to settle
Join finished
measuring baseline. ncounts=60
"baseline" increment series count="2" fit count="1" regressing="True"
starting measurement
check iteration duration=3.2901763916e-05
GetData ===>> H2,-0.189363540802002,H1,0.0318875955392485,AX,0.000638449825983006,L1,0.0206910631163034,L2,-0.1...
check iteration duration=4.79221343994e-05
GetData ===>> H2,-0.329069182145566,H1,0.00735762039256755,AX,-0.125219030620851,L1,-0.00954634355629925,L2,0.0...
check iteration duration=5.10215759277e-05
GetData ===>> H2,-0.306689705725479,H1,-0.0369862884760817,AX,-0.135892341913745,L1,-0.043326967393624,L2,-0.08...
check iteration duration=9.01222229004e-05
GetData ===>> H2,-0.266114095119904,H1,-0.00909175351087019,AX,0.0110913826947512,L1,-0.0467903030867375,L2,-0....
testing H1>-5.0
evaluate ot="H1.bs>-5.0" t="H1>-5.0", ctx="{'H1': None}"
check iteration duration=0.00313091278076
GetData ===>> H2,-0.230888158430451,H1,0.0218768262425285,AX,0.023390387965698,L1,-0.0387197071950492,L2,-0.094...
check iteration duration=6.19888305664e-05
GetData ===>> H2,-0.330092056797533,H1,0.0332717616022606,AX,-0.0601774372917061,L1,-0.033549571732576,L2,0.028...
check iteration duration=6.60419464111e-05
GetData ===>> H2,-0.254384130023514,H1,-0.0755178072074479,AX,-0.0611281086390303,L1,-0.0355172137712946,L2,0.0...
check iteration duration=7.48634338379e-05
GetData ===>> H2,-0.175630675494178,H1,-0.136168862265129,AX,-0.199496669431196,L1,-0.0374522504290752,L2,-0.05...
check iteration duration=8.98838043213e-05
GetData ===>> H2,-0.218452926224117,H1,-0.0586263284904519,AX,-0.0762332619673792,L1,-0.0529777586296416,L2,0.0...
testing H1>-5.0
evaluate ot="H1.bs>-5.0" t="H1>-5.0", ctx="{'H1': None}"
check iteration duration=0.000569105148315
GetData ===>> H2,-0.131617879485983,H1,-0.0623338768023672,AX,-0.0598064410757318,L1,-0.0116599984384669,L2,-0....
check iteration duration=7.60555267334e-05
GetData ===>> H2,-0.110098253684775,H1,-0.039919592836246,AX,-0.037265767665968,L1,-0.038505281035294,L2,-0.025...
check iteration duration=8.20159912109e-05
GetData ===>> H2,-0.132327989516556,H1,-0.0115487883385555,AX,-0.080081629207756,L1,-0.0420852390557655,L2,-0.0...
check iteration duration=4.10079956055e-05
GetData ===>> H2,-0.198993050991577,H1,-0.00910368101008068,AX,-0.137631668328924,L1,-0.0438705494464503,L2,-0....
check iteration duration=5.50746917725e-05
GetData ===>> H2,-0.216947757920231,H1,-0.0353884361090849,AX,-0.214362978271458,L1,-0.0372641548515466,L2,0.02...
testing H1>-5.0
evaluate ot="H1.bs>-5.0" t="H1>-5.0", ctx="{'H1': None}"
check iteration duration=0.000542879104614
GetData ===>> H2,-0.222330135821029,H1,0.0209700598738262,AX,-0.0628555242678975,L1,0.00246783448757318,L2,-0.0...
check iteration duration=7.70092010498e-05
GetData ===>> H2,-0.167454205373448,H1,0.00424407971919574,AX,-0.0115764855521984,L1,0.0157735291750337,L2,0.06...
check iteration duration=7.70092010498e-05
GetData ===>> H2,-0.117626225204989,H1,-0.0578752649946999,AX,-0.133758725702644,L1,-0.0251191678034301,L2,0.06...
check iteration duration=8.20159912109e-05
GetData ===>> H2,-0.281672473252445,H1,-0.0509485248210815,AX,-0.0576384036546889,L1,-0.0172981378263314,L2,-0....
check iteration duration=7.29560852051e-05
GetData ===>> H2,-0.203847796076982,H1,0.0471025406410643,AX,-0.0664030065210368,L1,-0.0195273432945536,L2,-0.0...
testing H1>-5.0
evaluate ot="H1.bs>-5.0" t="H1>-5.0", ctx="{'H1': None}"
check iteration duration=0.00128293037415
GetData ===>> H2,-0.153491615593354,H1,-0.0526772742364788,AX,-0.0439218389332792,L1,-0.0424983672517454,L2,-0....
check iteration duration=6.38961791992e-05
GetData ===>> H2,-0.153911865204007,H1,-0.0801305805971484,AX,0.00257581213105432,L1,-0.0617325483760071,L2,-0....
check iteration duration=3.09944152832e-05
GetData ===>> H2,-0.230717223001106,H1,-0.0887953448416077,AX,-0.0543804598032489,L1,-0.021909492962524,L2,-0.1...
check iteration duration=3.91006469727e-05
GetData ===>> H2,-0.187940974863243,H1,-0.038369483357825,AX,-0.157179558055316,L1,0.00808613338402201,L2,0.018...
check iteration duration=5.79357147217e-05
GetData ===>> H2,-0.268282255085383,H1,-0.024608228161793,AX,-0.114837544494984,L1,-0.0348964853374013,L2,-0.01...
testing H1>-5.0
evaluate ot="H1.bs>-5.0" t="H1>-5.0", ctx="{'H1': None}"
check iteration duration=0.00116515159607
07:13:15 -- collecting point 25
GetData ===>> H2,-0.303358269694259,H1,-0.0469782493234703,AX,-0.146351022647541,L1,-0.0171566223673257,L2,-0.0...
check iteration duration=8.10623168945e-05
GetData ===>> H2,-0.303751596894475,H1,-0.00859079726047691,AX,-0.0576384036546889,L1,-0.0271645314486841,L2,-0...
check iteration duration=3.60012054443e-05
GetData ===>> H2,-0.283133021376986,H1,-0.025848488184743,AX,-0.0856336739777719,L1,-0.050051427168238,L2,-0.04...
check iteration duration=3.50475311279e-05
GetData ===>> H2,-0.264991542315358,H1,-0.0522599926290777,AX,-0.0585427246006248,L1,-0.00153248467714073,L2,-0...
check iteration duration=5.00679016113e-05
GetData ===>> H2,-0.0710953400814491,H1,-0.0676744123435878,AX,-0.0590644444005288,L1,0.0079397408506919,L2,-0....
testing H1>-5.0
evaluate ot="H1.bs>-5.0" t="H1>-5.0", ctx="{'H1': None}"
check iteration duration=0.00114107131958
GetData ===>> H2,-0.146153424761975,H1,-0.0367835772752787,AX,-0.0566645101604952,L1,0.0268366059109286,L2,-0.0...
check iteration duration=6.00814819336e-05
GetData ===>> H2,-0.202777531460115,H1,-0.0300819523048499,AX,-0.0571978339955612,L1,0.00587727218795143,L2,0.0...
check iteration duration=3.88622283936e-05
GetData ===>> H2,-0.210935405483497,H1,-0.0523792161230439,AX,-0.136947536982965,L1,0.00794334064157431,L2,-0.0...
check iteration duration=6.98566436768e-05
GetData ===>> H2,-0.162312236739415,H1,-0.0460244059179658,AX,-0.0994023051403498,L1,-0.0120064372431637,L2,-0....
check iteration duration=8.41617584229e-05
GetData ===>> H2,-0.251864402022206,H1,-0.060617215560854,AX,-0.140414525904336,L1,-0.0287686585935339,L2,0.076...
testing H1>-5.0
evaluate ot="H1.bs>-5.0" t="H1>-5.0", ctx="{'H1': None}"
check iteration duration=0.000584125518799
GetData ===>> H2,-0.308942765431807,H1,-0.00453534483699762,AX,-0.037555675722331,L1,-0.0123804339159172,L2,-0....
check iteration duration=8.20159912109e-05
GetData ===>> H2,-0.125915835038103,H1,0.00164357207637096,AX,-0.0534413169459893,L1,-0.0360360558135143,L2,0.0...
check iteration duration=8.98838043213e-05
GetData ===>> H2,-0.171770900732671,H1,-0.046501328757098,AX,-0.0927268485188354,L1,-0.0511474058538181,L2,-0.0...
check iteration duration=5.60283660889e-05
GetData ===>> H2,-0.147583938385241,H1,0.00639133878548321,AX,-0.123006105841609,L1,-0.0410984525482085,L2,-0.0...
check iteration duration=4.10079956055e-05
GetData ===>> H2,-0.27215245307477,H1,-0.00676586400303307,AX,-0.125589777492849,L1,-0.0179864981957122,L2,-0.0...
testing H1>-5.0
evaluate ot="H1.bs>-5.0" t="H1>-5.0", ctx="{'H1': None}"
check iteration duration=0.000583171844482
GetData ===>> H2,-0.346053197700711,H1,-0.0606529796370435,AX,-0.174393751888124,L1,-0.035786823255603,L2,0.025...
check iteration duration=7.10487365723e-05
GetData ===>> H2,-0.258438178376952,H1,-0.0214359547153318,AX,-0.0330214148497018,L1,-0.0367633481908022,L2,-0....
check iteration duration=3.2901763916e-05
GetData ===>> H2,-0.258805067776297,H1,-0.00837610095711912,AX,-0.0345173963916448,L1,-0.0223302368266531,L2,-0...
check iteration duration=8.20159912109e-05
GetData ===>> H2,-0.200160752869316,H1,-0.0989728028162549,AX,-0.102589210572268,L1,-0.00425726467033922,L2,-0....
check iteration duration=8.89301300049e-05
GetData ===>> H2,-0.194835044786634,H1,-0.0212093599074368,AX,-0.0385529528411261,L1,-0.00601820085768775,L2,-0...
testing H1>-5.0
evaluate ot="H1.bs>-5.0" t="H1>-5.0", ctx="{'H1': None}"
check iteration duration=0.00115203857422
GetData ===>> H2,-0.16056756816017,H1,0.0319830546533729,AX,-0.050484696918498,L1,0.00624558204214191,L2,-0.028...
check iteration duration=7.48634338379e-05
GetData ===>> H2,-0.306652128542976,H1,-0.00764851561541029,AX,-0.112914067160609,L1,-0.013134378546608,L2,0.01...
check iteration duration=7.29560852051e-05
GetData ===>> H2,-0.217277914948722,H1,-0.0638716941576909,AX,0.00661307424460722,L1,-0.056299728201026,L2,-0.0...
check iteration duration=3.79085540771e-05
GetData ===>> H2,-0.127561134674188,H1,-0.0903208377543983,AX,-0.019324576844731,L1,-0.00767569450066101,L2,0.0...
check iteration duration=9.3936920166e-05
GetData ===>> H2,-0.156993670013313,H1,-0.0650757052045979,AX,-0.0632149156122125,L1,-0.0125110897340969,L2,0.0...
testing H1>-5.0
evaluate ot="H1.bs>-5.0" t="H1>-5.0", ctx="{'H1': None}"
check iteration duration=0.00113391876221
07:13:42 -- collecting point 50
GetData ===>> H2,-0.172313238777021,H1,0.0240841208118738,AX,-0.0419273845091584,L1,-0.0462576519844749,L2,-0.0...
check iteration duration=3.2901763916e-05
GetData ===>> H2,-0.250722675185803,H1,-0.00527488076349485,AX,-0.0370686296943315,L1,-0.0261604740346322,L2,-0...
check iteration duration=8.20159912109e-05
GetData ===>> H2,-0.213215700876602,H1,-0.0817157998745486,AX,-0.128439846888322,L1,0.0228659210404484,L2,0.008...
check iteration duration=8.01086425781e-05
GetData ===>> H2,-0.181363834742517,H1,-0.0610106196963887,AX,-0.131289832782515,L1,-0.00341027422269293,L2,0.0...
check iteration duration=6.29425048828e-05
GetData ===>> H2,-0.0718967041881797,H1,-0.0791055382206583,AX,-0.101893894654345,L1,-0.0398360868073046,L2,-0....
testing H1>-5.0
evaluate ot="H1.bs>-5.0" t="H1>-5.0", ctx="{'H1': None}"
check iteration duration=0.00057315826416
GetData ===>> H2,-0.141295896536748,H1,-0.0680320273094502,AX,-0.058855756816209,L1,-0.0186124575058488,L2,0.03...
check iteration duration=6.89029693604e-05
GetData ===>> H2,-0.159940934319987,H1,-0.0144947651490089,AX,-0.0509484863925263,L1,0.0035567052842796,L2,0.03...
check iteration duration=6.38961791992e-05
GetData ===>> H2,-0.212518057432339,H1,-0.141450929871722,AX,-0.106309066324307,L1,-0.0248339581058591,L2,0.035...
check iteration duration=4.29153442383e-05
GetData ===>> H2,-0.251739342170625,H1,-0.0530230205359803,AX,-0.13401230230247,L1,-0.0187239749049496,L2,-0.09...
check iteration duration=6.69956207275e-05
GetData ===>> H2,-0.317337781947991,H1,-0.0189791625855971,AX,-0.148901749806034,L1,-0.0229451385115477,L2,-0.0...
testing H1>-5.0
evaluate ot="H1.bs>-5.0" t="H1>-5.0", ctx="{'H1': None}"
check iteration duration=0.000566005706787
GetData ===>> H2,-0.219610300718934,H1,0.0142292252710564,AX,-0.0480729560223163,L1,-0.0249585885484445,L2,-0.0...
check iteration duration=4.19616699219e-05
waiting for write to finish
measurement finished
estimated time: 62.915 actual time: :63.233
flush and close file /Users/jan/PychronDev/data/isotopes/23/bf85b0-af0e-4440-afb5-6e9eb52e86bb.h5
activate_detectors ('H1', 'AX', 'CDD') {'peak_center': True}
peak_center () {'detector': 'H1', 'integration_time': 0.262144, 'isotope': 'Ar40'}
peak center: mean=7.21338466769 threshold=3
peak center started
setup peak center. detector=['H1', 'AX', 'CDD'], isotope=Ar40
VersionedUnpickler [<apptools.sweet_pickle.versioned_unpickler.VersionedUnpickler object at 0x1d958fe90>] using Updater [<apptools.sweet_pickle.updater.Updater object at 0x12e273d10>]
VersionedUnpickler [<apptools.sweet_pickle.versioned_unpickler.VersionedUnpickler object at 0x1d958fe90>] using Updater [<apptools.sweet_pickle.updater.Updater object at 0x12e273d10>]
VersionedUnpickler [<apptools.sweet_pickle.versioned_unpickler.VersionedUnpickler object at 0x1d129e530>] using Updater [<apptools.sweet_pickle.updater.Updater object at 0x12e273d10>]
setting integration time = 0.524288
SetIntegrationTime 0.524288 ===>> OK
Mapping mass to dac mass func: "parabolic"
H1 map mass coeffs = [-0.00063987  0.15840543  0.57243999]
H1 map mass to dac 39.9624 >> 5.88083
GetDeflection H1 ===>> 0
GetHighVoltage ===>> 4499.94659342336
do peak center. <pychron.spectrometer.jobs.peak_center.PeakCenter object at 0x16275af50>
doing pc
starting peak center. center dac= 5.88079536834 step_width=0.001
width = 0.001
get scan parameters. half-width=0.015,window=0.015, i=0, scalar=1
Scan parameters center=5.88080 width=0.03000 (5.86580 - 5.89580)
GetData ===>> H2,-0.19223240000305,H1,-0.00705213024365641,AX,-0.102415382058681,L1,-0.00481508773284445,L2,-0....
Moving to starting dac 5.86579536834
setting magnet DAC
current  : 5.241455
requested: 5.865795
Delta Dac: 0.624340
Checking detector protection. dv=0.62434
Checking detector "CDD". Protection Threshold: 0.1 (V)
ProtectDetector CDD,On ===>> OK
GetDeflection CDD ===>> 2000
Protected = 2000
SetMagnetDAC 5.86579536834 ===>> OK
Magnet settling time: 0.500
GetMagnetMoving ===>> True
GetMagnetMoving ===>> True
GetMagnetMoving ===>> True
GetMagnetMoving ===>> True
GetMagnetMoving ===>> True
GetMagnetMoving ===>> True
GetMagnetMoving ===>> True
GetMagnetMoving ===>> True
GetMagnetMoving ===>> True
GetMagnetMoving ===>> False
ProtectDetector CDD,Off ===>> OK
GetDeflection CDD ===>> 50
Wait until signal near baseline. tol= -0.00528909768274. timeout= 10
GetData ===>> H2,0.31493277005781,H1,0.256051808933644,AX,0.13214921412601,L1,0.0579250700994703,L2,0.155236666...
GetData ===>> H2,0.348964184618438,H1,0.22948494909365,AX,-0.121928590212614,L1,0.0977196222029082,L2,0.1519291...
GetData ===>> H2,0.137530896896763,H1,0.174201678681541,AX,-0.0801395853823361,L1,0.0846854239167761,L2,0.15929...
GetData ===>> H2,0.00381656381527152,H1,0.0995925940558752,AX,-0.0465887780702417,L1,0.0558884805257899,L2,-0.0...
GetData ===>> H2,-0.0300882065492201,H1,-0.0265878666554141,AX,-0.0543572711998317,L1,0.0630676631361922,L2,-0....
Peak center baseline intensity achieved
_do_sweep sm= 5.86579536834, em= 5.89579536834, stm= 0.001
calculated step values: start=5.86579536834, end=5.89579536834, width=0.001, nsteps=31.0
setting magnet DAC
current  : 5.865795
requested: 5.865795
Delta Dac: 0.000000
Checking detector protection. dv=0.00000
Checking detector "CDD". Protection Threshold: 0.1 (V)
SetMagnetDAC 5.86579536834 ===>> OK
GetData ===>> H2,-0.0300882065492201,H1,-0.0265878666554141,AX,-0.0543572711998317,L1,0.0630676631361922,L2,-0....
setting magnet DAC
current  : 5.865795
requested: 5.866830
Delta Dac: 0.001034
Checking detector protection. dv=0.00103
Checking detector "CDD". Protection Threshold: 0.1 (V)
SetMagnetDAC 5.8668298511 ===>> OK
Magnet settling time: 1.049
GetData ===>> H2,-0.160265059597747,H1,-0.0373917096460506,AX,-0.149407302510578,L1,0.0213675088541873,L2,0.053...
setting magnet DAC
current  : 5.866830
requested: 5.867864
Delta Dac: 0.001034
Checking detector protection. dv=0.00103
Checking detector "CDD". Protection Threshold: 0.1 (V)
SetMagnetDAC 5.86786433386 ===>> OK
Magnet settling time: 1.049
GetData ===>> H2,-0.216950997292011,H1,0.0166630317808504,AX,-0.0156477900604621,L1,-0.00477430171749708,L2,0.0...
setting magnet DAC
current  : 5.867864
requested: 5.868899
Delta Dac: 0.001034
Checking detector protection. dv=0.00103
Checking detector "CDD". Protection Threshold: 0.1 (V)
SetMagnetDAC 5.86889881662 ===>> OK
Magnet settling time: 1.049
GetData ===>> H2,-0.215025602069002,H1,0.17878161081828,AX,-0.0680839578531996,L1,0.0171167502484245,L2,-0.0004...
setting magnet DAC
current  : 5.868899
requested: 5.869933
Delta Dac: 0.001034
Checking detector protection. dv=0.00103
Checking detector "CDD". Protection Threshold: 0.1 (V)
SetMagnetDAC 5.86993329938 ===>> OK
Magnet settling time: 1.049
GetData ===>> H2,-0.17037581243016,H1,0.566852230763337,AX,-0.0472612990093691,L1,-0.0266741843961457,L2,-0.005...
setting magnet DAC
current  : 5.869933
requested: 5.870968
Delta Dac: 0.001034
Checking detector protection. dv=0.00103
Checking detector "CDD". Protection Threshold: 0.1 (V)
SetMagnetDAC 5.87096778214 ===>> OK
Magnet settling time: 1.049
GetData ===>> H2,-0.19442982011503,H1,2.1607804990518,AX,0.274006697418105,L1,-0.00501661620696258,L2,-0.011203...
setting magnet DAC
current  : 5.870968
requested: 5.872002
Delta Dac: 0.001034
Checking detector protection. dv=0.00103
Checking detector "CDD". Protection Threshold: 0.1 (V)
SetMagnetDAC 5.8720022649 ===>> OK
Magnet settling time: 1.049
GetData ===>> H2,-0.25240227806075,H1,4.22415246571142,AX,0.736817767954491,L1,-0.0370293299548323,L2,0.5339657...
setting magnet DAC
current  : 5.872002
requested: 5.873037
Delta Dac: 0.001034
Checking detector protection. dv=0.00103
Checking detector "CDD". Protection Threshold: 0.1 (V)
SetMagnetDAC 5.87303674765 ===>> OK
Magnet settling time: 1.049
GetData ===>> H2,-0.2630657554092,H1,6.24107091781647,AX,1.006575176562,L1,-0.0628152721721205,L2,1.61319249689...
setting magnet DAC
current  : 5.873037
requested: 5.874071
Delta Dac: 0.001034
Checking detector protection. dv=0.00103
Checking detector "CDD". Protection Threshold: 0.1 (V)
SetMagnetDAC 5.87407123041 ===>> OK
Magnet settling time: 1.049
GetData ===>> H2,-0.180917019327327,H1,7.39836192512724,AX,1.3551978165849,L1,-0.0536332548427296,L2,3.04650045...
setting magnet DAC
current  : 5.874071
requested: 5.875106
Delta Dac: 0.001034
Checking detector protection. dv=0.00103
Checking detector "CDD". Protection Threshold: 0.1 (V)
SetMagnetDAC 5.87510571317 ===>> OK
Magnet settling time: 1.049
GetData ===>> H2,-0.253561313791831,H1,7.93129615932717,AX,1.52232615771295,L1,0.00596193833576737,L2,4.3878777...
setting magnet DAC
current  : 5.875106
requested: 5.876140
Delta Dac: 0.001034
Checking detector protection. dv=0.00103
Checking detector "CDD". Protection Threshold: 0.1 (V)
SetMagnetDAC 5.87614019593 ===>> OK
Magnet settling time: 1.049
GetData ===>> H2,-0.372018221953707,H1,8.14917913113493,AX,1.57538659764411,L1,-0.0122809425681547,L2,5.0801225...
setting magnet DAC
current  : 5.876140
requested: 5.877175
Delta Dac: 0.001034
Checking detector protection. dv=0.00103
Checking detector "CDD". Protection Threshold: 0.1 (V)
SetMagnetDAC 5.87717467869 ===>> OK
Magnet settling time: 1.049
GetData ===>> H2,-0.187641755160241,H1,8.17053385425968,AX,1.56634802461509,L1,0.0244889132507968,L2,5.55892983...
setting magnet DAC
current  : 5.877175
requested: 5.878209
Delta Dac: 0.001034
Checking detector protection. dv=0.00103
Checking detector "CDD". Protection Threshold: 0.1 (V)
SetMagnetDAC 5.87820916145 ===>> OK
Magnet settling time: 1.049
GetData ===>> H2,-0.113490654309757,H1,8.21591166899307,AX,1.62010124186081,L1,0.014093586194622,L2,5.604449929...
setting magnet DAC
current  : 5.878209
requested: 5.879244
Delta Dac: 0.001034
Checking detector protection. dv=0.00103
Checking detector "CDD". Protection Threshold: 0.1 (V)
SetMagnetDAC 5.87924364421 ===>> OK
Magnet settling time: 1.049
GetData ===>> H2,-0.114879269823987,H1,8.1454344449851,AX,1.66027768982829,L1,0.0110785235861024,L2,5.685152655...
setting magnet DAC
current  : 5.879244
requested: 5.880278
Delta Dac: 0.001034
Checking detector protection. dv=0.00103
Checking detector "CDD". Protection Threshold: 0.1 (V)
SetMagnetDAC 5.88027812696 ===>> OK
Magnet settling time: 1.049
GetData ===>> H2,-0.216315518480415,H1,8.24661306406755,AX,1.7176610541618,L1,-0.0134340228892399,L2,5.56779299...
setting magnet DAC
current  : 5.880278
requested: 5.881313
Delta Dac: 0.001034
Checking detector protection. dv=0.00103
Checking detector "CDD". Protection Threshold: 0.1 (V)
SetMagnetDAC 5.88131260972 ===>> OK
Magnet settling time: 1.049
GetData ===>> H2,-0.201072177738685,H1,8.2172517189601,AX,1.76129391305072,L1,0.03408487696405,L2,5.54230769600...
setting magnet DAC
current  : 5.881313
requested: 5.882347
Delta Dac: 0.001034
Checking detector protection. dv=0.00103
Checking detector "CDD". Protection Threshold: 0.1 (V)
SetMagnetDAC 5.88234709248 ===>> OK
Magnet settling time: 1.049
GetData ===>> H2,-0.119728617905241,H1,8.25559933842979,AX,1.53545500381391,L1,0.0131124524859643,L2,5.64853606...
setting magnet DAC
current  : 5.882347
requested: 5.883382
Delta Dac: 0.001034
Checking detector protection. dv=0.00103
Checking detector "CDD". Protection Threshold: 0.1 (V)
SetMagnetDAC 5.88338157524 ===>> OK
Magnet settling time: 1.049
GetData ===>> H2,-0.237146523530946,H1,8.31298578230666,AX,1.77758224293462,L1,0.0272821888408814,L2,5.52580556...
setting magnet DAC
current  : 5.883382
requested: 5.884416
Delta Dac: 0.001034
Checking detector protection. dv=0.00103
Checking detector "CDD". Protection Threshold: 0.1 (V)
SetMagnetDAC 5.884416058 ===>> OK
Magnet settling time: 1.049
GetData ===>> H2,-0.248114693956726,H1,8.26225265948961,AX,1.61811504946268,L1,0.0124504211257242,L2,5.35983823...
setting magnet DAC
current  : 5.884416
requested: 5.885451
Delta Dac: 0.001034
Checking detector protection. dv=0.00103
Checking detector "CDD". Protection Threshold: 0.1 (V)
SetMagnetDAC 5.88545054076 ===>> OK
Magnet settling time: 1.049
GetData ===>> H2,-0.0868085858893825,H1,8.24110252768182,AX,1.67131214624916,L1,0.00599549696979181,L2,5.182304...
setting magnet DAC
current  : 5.885451
requested: 5.886485
Delta Dac: 0.001034
Checking detector protection. dv=0.00103
Checking detector "CDD". Protection Threshold: 0.1 (V)
SetMagnetDAC 5.88648502352 ===>> OK
Magnet settling time: 1.049
GetData ===>> H2,-0.156020985644729,H1,8.04103900264559,AX,1.50530118651598,L1,0.0306937725336137,L2,4.98578602...
setting magnet DAC
current  : 5.886485
requested: 5.887520
Delta Dac: 0.001034
Checking detector protection. dv=0.00103
Checking detector "CDD". Protection Threshold: 0.1 (V)
SetMagnetDAC 5.88751950627 ===>> OK
Magnet settling time: 1.049
GetData ===>> H2,-0.182324288518953,H1,7.58530059586964,AX,1.29465141768733,L1,0.0127502487806628,L2,3.87670314...
setting magnet DAC
current  : 5.887520
requested: 5.888554
Delta Dac: 0.001034
Checking detector protection. dv=0.00103
Checking detector "CDD". Protection Threshold: 0.1 (V)
SetMagnetDAC 5.88855398903 ===>> OK
Magnet settling time: 1.049
GetData ===>> H2,-0.173308806701518,H1,6.27520726091786,AX,0.990656314198774,L1,0.0119611215528115,L2,2.6062258...
setting magnet DAC
current  : 5.888554
requested: 5.889588
Delta Dac: 0.001034
Checking detector protection. dv=0.00103
Checking detector "CDD". Protection Threshold: 0.1 (V)
SetMagnetDAC 5.88958847179 ===>> OK
Magnet settling time: 1.049
GetData ===>> H2,-0.210284770262379,H1,4.2193772216842,AX,0.63781997118864,L1,-0.00169328036652962,L2,1.5842138...
setting magnet DAC
current  : 5.889588
requested: 5.890623
Delta Dac: 0.001034
Checking detector protection. dv=0.00103
Checking detector "CDD". Protection Threshold: 0.1 (V)
SetMagnetDAC 5.89062295455 ===>> OK
Magnet settling time: 1.049
GetData ===>> H2,-0.206399038643127,H1,1.34624354020356,AX,0.0262333036678223,L1,-0.035790417999878,L2,0.345920...
setting magnet DAC
current  : 5.890623
requested: 5.891657
Delta Dac: 0.001034
Checking detector protection. dv=0.00103
Checking detector "CDD". Protection Threshold: 0.1 (V)
SetMagnetDAC 5.89165743731 ===>> OK
Magnet settling time: 1.049
GetData ===>> H2,-0.2369180562728,H1,0.398267170386979,AX,-0.0250656538360166,L1,-0.00739626643528837,L2,0.0813...
setting magnet DAC
current  : 5.891657
requested: 5.892692
Delta Dac: 0.001034
Checking detector protection. dv=0.00103
Checking detector "CDD". Protection Threshold: 0.1 (V)
SetMagnetDAC 5.89269192007 ===>> OK
Magnet settling time: 1.049
GetData ===>> H2,-0.239117310569516,H1,0.0680492473437823,AX,0.00627662933967039,L1,-0.00774405125855974,L2,0.0...
setting magnet DAC
current  : 5.892692
requested: 5.893726
Delta Dac: 0.001034
Checking detector protection. dv=0.00103
Checking detector "CDD". Protection Threshold: 0.1 (V)
SetMagnetDAC 5.89372640283 ===>> OK
Magnet settling time: 1.049
GetData ===>> H2,-0.187924672497527,H1,-0.0321688053447343,AX,-0.147299177094524,L1,-0.0442704346500101,L2,-0.1...
setting magnet DAC
current  : 5.893726
requested: 5.894761
Delta Dac: 0.001034
Checking detector protection. dv=0.00103
Checking detector "CDD". Protection Threshold: 0.1 (V)
SetMagnetDAC 5.89476088558 ===>> OK
Magnet settling time: 1.049
GetData ===>> H2,-0.237452931186435,H1,-0.0359369554688403,AX,-0.138912555431517,L1,-0.011767887234114,L2,-0.03...
setting magnet DAC
current  : 5.894761
requested: 5.895795
Delta Dac: 0.001034
Checking detector protection. dv=0.00103
Checking detector "CDD". Protection Threshold: 0.1 (V)
SetMagnetDAC 5.89579536834 ===>> OK
Magnet settling time: 1.049
GetData ===>> H2,-0.143787740622496,H1,-0.0291398729629798,AX,-0.11636702944809,L1,-0.0144239843640848,L2,-0.12...
result of _do_sweep=True
result of _calculate_peak_center=([5.8729797370810584, 5.8807953683435841, 5.8886109996061098], [6.1299180973091953, 8.3115624081193893, 6.1619100142662147], 5.883410598804506, 8.3115624081193893)
Failed to find a valid peak. No peak greater than 1.0. max = 0.02909712616
new center pos Detector(H1) (Ar40) @ 5.88079536834
GetHighVoltage ===>> 4499.94659342336
GetDeflection H1 ===>> 0
dac uncorrected for HV and deflection 5.88083
update mftable H1 Ar40 5.88083 message=automated run peakcenter
get initial guess parabolic
get initial guess parabolic
get initial guess parabolic
get initial guess parabolic
get initial guess parabolic
get initial guess parabolic
dump mftable to /Users/jan/PychronDev/setupfiles/spectrometer/mftables/mftable.csv
add to repo msg=modified - automated run peakcenter
locally archiving mftable
setting magnet DAC
current  : 5.895795
requested: 5.880795
Delta Dac: 0.015000
Checking detector protection. dv=0.01500
Checking detector "CDD". Protection Threshold: 0.1 (V)
SetMagnetDAC 5.88079536834 ===>> OK
Magnet settling time: 0.500
sweep finished
setting integration time = 1.048576
SetIntegrationTime 1.048576 ===>> OK
Failed to find a valid peak. No peak greater than 1.0. max = 0.02909712616
flush and close file /Users/jan/PychronDev/data/isotopes/23/bf85b0-af0e-4440-afb5-6e9eb52e86bb.h5
finished measure script
executed snippet estimated_duration=226.132928, duration=265.750272989
jan_unknown120_60.py completed successfully
Measurement Finished
07:14:32 -- ******* Measurement Finished *******
Post Measurement Started jan_pump_ms.py
07:14:32 -- ******* Post Measurement Started jan_pump_ms.py *******
testing...
no interpolation path defined
executed snippet estimated_duration=0, duration=3.00407409668e-05
Pumping spectrometer
open () {'name': 'O'}
opening name=O desc=---
checking ownership. requestor=129.138.12.150
check software interlocks O
interlocks []
actuate state mode=None-script, software_lock=False
doing actuation None-script open_channel True
Open O ===>> OK
GetIndicatorState O ===>> OK
change switch state (True, True)
update switch state O True args=() kw={} ncanvase=6
07:14:32 -- OPEN   VALVE-O (Jan Ion Pump)
---------------------------------------- open O () result=[(True, True)], time=0.11 sec
action=open, ok=True, locked=[False]
executed snippet estimated_duration=0, duration=0.365608930588
jan_pump_ms.py completed successfully
setting _ms_pumptime
Post Measurement Finished
07:14:32 -- ******* Post Measurement Finished *******
$$$$$$$$$$$$$$$$$$$$ state at run end measurement
state changed from measurement to success
post measurement save measured=True aborted=False
Set filtering
setting fod for Ar40= {'filter_outliers': True, 'std_devs': 2, 'iterations': 1}
setting fod for H1= {'filter_outliers': True, 'std_devs': 2, 'iterations': 1}
setting fod for PM41= {'filter_outliers': False, 'std_devs': 2, 'iterations': 1}
setting fod for H2= {'filter_outliers': True, 'std_devs': 2, 'iterations': 1}
setting fod for Ar36= {'filter_outliers': True, 'std_devs': 2, 'iterations': 1}
setting fod for CDD= {'filter_outliers': True, 'std_devs': 10, 'iterations': 1}
setting fod for Ar37= {'filter_outliers': True, 'std_devs': 2, 'iterations': 1}
setting fod for L2= {'filter_outliers': True, 'std_devs': 2, 'iterations': 1}
setting fod for Ar38= {'filter_outliers': True, 'std_devs': 2, 'iterations': 1}
setting fod for L1= {'filter_outliers': True, 'std_devs': 2, 'iterations': 1}
setting fod for Ar39= {'filter_outliers': True, 'std_devs': 2, 'iterations': 1}
setting fod for AX= {'filter_outliers': True, 'std_devs': 2, 'iterations': 1}
persistence save...
persistence save - db
post measurement save
7948755312 connecting to database sqlite:////Users/jan/PychronDev/.appdata/local_lab.db
connected to db sqlite:////Users/jan/PychronDev/.appdata/local_lab.db
create new session 7948755312
close session 7948755312
No database instance. Not saving post measurement to isotopedb database
$$$$$$$$$$$$$$$ auto_save_detector_ic=False
massspec enabled True
create new session 4997822608
MassSpec Database Version: 16.0
close session 4997822608
saving post measurement to secondary database
saving to massspec database 129.138.12.160/massspecdata
setting labnumber to 65447
setting aliquot to 5
setting step to B
setting uuid to 23bf85b0-af0e-4440-afb5-6e9eb52e86bb
setting irradpos to 65447
setting extract_device to Fusions CO2
setting tray to 
setting position to 135
setting power_requested to 0.4
setting extract_value to 0.4
setting duration to 30.0
setting duration_at_request to 30.0
setting first_stage_delay to 30.0
setting cleanup to 30.0
setting comment to J:1 Plag, 10 crystals
setting irradiation to NM-288
setting level to J
setting irradiation_level to J
setting sample to MB.56.1
setting material to Plagioclase
setting project to IR973
setting mass_spectrometer to Jan
no attribute chron_dosages
no attribute production_ratios
no attribute interference_corrections
no attribute production_name
no attribute j
Reference Isotope=Ar40
Reference Detector=H1
%%%%%%%%%%%%%%%%%%%% Comment: J:1 Plag, 10 crystals %%%%%%%%%%%%%%%%%%%
adding isotope PM41 H2
add baseline dbdet= PM41. original det= H2
get baseline data PM41 H2
Get data baseline <pychron.processing.isotope.Baseline object at 0x1c22c97d0> len t=60
baseline PM41. v=-0.214648012598, e=0.00798865375574
get signal data PM41 H2
Get data signal PM41 0.03+/-0.06 len t=120
adding isotope Ar40 H1
add baseline dbdet= Ar40. original det= H1
get baseline data Ar40 H1
Get data baseline <pychron.processing.isotope.Baseline object at 0x1c22c99d0> len t=60
baseline Ar40. v=-0.0322495194429, e=0.00459125544217
get signal data Ar40 H1
Get data signal Ar40 5.424+/-0.009 len t=120
adding isotope Ar39 AX
add baseline dbdet= Ar39. original det= AX
get baseline data Ar39 AX
Get data baseline <pychron.processing.isotope.Baseline object at 0x1c22c9b90> len t=60
baseline Ar39. v=-0.0754928917602, e=0.00625410268772
get signal data Ar39 AX
Get data signal Ar39 1.643+/-0.011 len t=120
adding isotope Ar38 L1
add baseline dbdet= Ar38. original det= L1
get baseline data Ar38 L1
Get data baseline <pychron.processing.isotope.Baseline object at 0x1c22c9d50> len t=60
baseline Ar38. v=-0.0229570699576, e=0.00259114093947
get signal data Ar38 L1
Get data signal Ar38 0.036+/-0.004 len t=120
adding isotope Ar37 L2
add baseline dbdet= Ar37. original det= L2
get baseline data Ar37 L2
Get data baseline <pychron.processing.isotope.Baseline object at 0x1c22c9f10> len t=60
baseline Ar37. v=-0.014934132139, e=0.00601519150577
get signal data Ar37 L2
Get data signal Ar37 6.155+/-0.010 len t=120
adding isotope Ar36 CDD
add baseline dbdet= Ar36. original det= CDD
get baseline data Ar36 CDD
Get data baseline <pychron.processing.isotope.Baseline object at 0x1c22cd110> len t=60
baseline Ar36. v=2.23298116802e-05, e=6.92026759079e-06
get signal data Ar36 CDD
Get data signal Ar36 0.0229+/-0.0004 len t=120
65447-05B added analysis time 0.516172170639s
analysis added to mass spec database
mass spec save time= 0.523
persistence save - dvc
================= post measurement started
create new session 4992585168
close session 4992585168
---------------- Experiment Queue saving disabled
DVC saving peakcenter
Failed to find a valid peak. No peak greater than 1.0. max = 0.02909712616
Smart pull ahead: 0 behind: 0
Up-to-date with origin
add to repo msg=modified - ad8224ebc6dbfeb9f5997218dfa5fe690569839d.json
add to repo msg=modified - 47-05B.json
add to repo msg=modified - 47-05B.dat.json
add to repo msg=modified - 47-05B.blan.json
add to repo msg=modified - 47-05B.inte.json
add to repo msg=modified - 47-05B.icfa.json
add to repo msg=modified - 47-05B.base.json
not at valid file /Users/jan/PychronDev/data/.dvc/repositories/Load1794/654/tags/47-05B.tags.json
add to repo msg=modified - 47-05B.peak.json
add to repo msg=modified - 47-05B.extr.json
not at valid file /Users/jan/PychronDev/data/.dvc/repositories/Load1794/654/monitor/47-05B.moni.json
commit message=<COLLECTION>
add to repo msg=modified - 47-05B.inte.json
add to repo msg=modified - 47-05B.base.json
commit message=<ISOEVO> default collection fits
add to repo msg=modified - 47-05B.blan.json
commit message=<BLANKS> preceding bu-FC-J-7808
add to repo msg=modified - 47-05B.icfa.json
commit message=<ICFactor> default
push repository <pychron.git_archive.repo_manager.GitRepoManager object at 0x1bcdcabf0>
pushing to remote=origin, url=https://github.com
no changes to meta repo
create new session 4992585168
add association Load1794
get identifier "65447"
setting analysis irradiation position=<pychron.dvc.dvc_orm.IrradiationPositionTbl object at 0x1d9d18b50>
close session 4992585168
================= post measurement finished
07:14:45 -- ******* Post Run Check *******
loading queue conditionals post_run_actions
loading system conditionals post_run_actions
loading conditionals from /Users/jan/PychronDev/setupfiles/spectrometer/default_conditionals.yaml
loading queue conditionals post_run_terminations
loading system conditionals post_run_terminations
loading conditionals from /Users/jan/PychronDev/setupfiles/spectrometer/default_conditionals.yaml
Checking default post run terminations n=1
GetDeflection CDD ===>> 50
testing CDD==2000
evaluate ot="CDD.deflection==2000" t="CDD==2000", ctx="{'CDD': 50.0}"
07:14:45 -- ******* Post Run Check Passed *******
07:14:45 -- Automated run 65447-05B success duration: 354.801 s
----------------- finish -----------------
----------------- stop -----------------
retroactive repository identifiers disabled
finish run. runs completed=105
update duration runid=65447-05B, duration=354.800726891, md5=301e91d8
loading script "jan_unknown120_60.py"
loading script "jan_pump_ms.py"
loading script "jan_co2.py"
loading script "jan_pump_extraction_line.py"
testing...
no interpolation path defined
executed snippet estimated_duration=213.652928, duration=0.000346183776855
script duration name:unknown120_60 seconds:214.0
loading script "jan_unknown120_60.py"
loading script "jan_pump_ms.py"
loading script "jan_co2.py"
loading script "jan_pump_extraction_line.py"
testing...
no interpolation path defined
executed snippet estimated_duration=0, duration=2.71797180176e-05
loading script "jan_unknown120_60.py"
loading script "jan_pump_ms.py"
loading script "jan_co2.py"
loading script "jan_pump_extraction_line.py"
testing...
no interpolation path defined
calculate duration
testing...
no interpolation path defined
executed snippet estimated_duration=0, duration=4.88758087158e-05
calculate duration
testing...
no interpolation path defined
executed snippet estimated_duration=0, duration=9.20295715332e-05
executed snippet estimated_duration=0.0, duration=0.00302600860596
script duration name:co2 seconds:0.0
loading script "jan_unknown120_60.py"
loading script "jan_pump_ms.py"
loading script "jan_co2.py"
loading script "jan_pump_extraction_line.py"
testing...
no interpolation path defined
calculate duration
testing...
no interpolation path defined
executed snippet estimated_duration=4.0, duration=0.00014591217041
executed snippet estimated_duration=4.0, duration=0.00138211250305
Script duration 214.0
Run total estimated duration= 215.000
unknown120_60 in script context. using previous estimated duration
script duration name:unknown120_60 seconds:214.0
pump_ms in script context. using previous estimated duration
co2 in script context. using previous estimated duration
script duration name:co2 seconds:0.0
pump_extraction_line in script context. using previous estimated duration
Script duration 214.0
Run total estimated duration= 215.000
script duration name:unknown120_60 seconds:214.0
script duration name:co2 seconds:0.0
Script duration 214.0
Run total estimated duration= 215.000
script duration name:unknown120_60 seconds:214.0
script duration name:co2 seconds:0.0
Script duration 214.0
Run total estimated duration= 215.000
script duration name:unknown120_60 seconds:214.0
script duration name:co2 seconds:0.0
Script duration 214.0
Run total estimated duration= 215.000
script duration name:unknown120_60 seconds:214.0
script duration name:co2 seconds:0.0
Script duration 214.0
Run total estimated duration= 215.000
script duration name:unknown120_60 seconds:214.0
script duration name:co2 seconds:0.0
Script duration 214.0
Run total estimated duration= 215.000
loading script "jan_unknown400_120.py"
loading script "jan_pump_ms.py"
loading script "jan_sniffair_x2.py"
loading script "jan_pump_extraction_line.py"
testing...
no interpolation path defined
executed snippet estimated_duration=556.052928, duration=0.000192165374756
script duration name:unknown400_120 seconds:556.0
loading script "jan_unknown400_120.py"
loading script "jan_pump_ms.py"
loading script "jan_sniffair_x2.py"
loading script "jan_pump_extraction_line.py"
testing...
no interpolation path defined
calculate duration
testing...
no interpolation path defined
executed snippet estimated_duration=0, duration=4.79221343994e-05
calculate duration
testing...
no interpolation path defined
executed snippet estimated_duration=0, duration=0.000101804733276
calculate duration
testing...
no interpolation path defined
executed snippet estimated_duration=32.0, duration=9.20295715332e-05
calculate duration
testing...
no interpolation path defined
executed snippet estimated_duration=34.0, duration=0.000100135803223
calculate duration
testing...
no interpolation path defined
executed snippet estimated_duration=4.0, duration=6.50882720947e-05
calculate duration
testing...
no interpolation path defined
executed snippet estimated_duration=36.0, duration=0.000102043151855
calculate duration
testing...
no interpolation path defined
executed snippet estimated_duration=34.0, duration=0.000111103057861
calculate duration
testing...
no interpolation path defined
executed snippet estimated_duration=4.0, duration=8.10623168945e-05
calculate duration
testing...
no interpolation path defined
executed snippet estimated_duration=36.0, duration=0.000111103057861
calculate duration
testing...
no interpolation path defined
executed snippet estimated_duration=70.0, duration=0.000125169754028
executed snippet estimated_duration=250.0, duration=0.0157859325409
script duration name:sniffair_x2 seconds:250.0
Script duration 806.0
Run total estimated duration= 807.000
unknown400_120 in script context. using previous estimated duration
script duration name:unknown400_120 seconds:556.0
sniffair_x2 in script context. using previous estimated duration
script duration name:sniffair_x2 seconds:250.0
Script duration 806.0
Run total estimated duration= 807.000
script duration name:unknown120_60 seconds:214.0
script duration name:co2 seconds:0.0
Script duration 214.0
Run total estimated duration= 215.000
script duration name:unknown120_60 seconds:214.0
script duration name:co2 seconds:0.0
Script duration 214.0
Run total estimated duration= 215.000
script duration name:unknown400_120 seconds:556.0
script duration name:co2 seconds:0.0
Script duration 556.0
Run total estimated duration= 557.000
script duration name:unknown400_120 seconds:556.0
loading script "jan_unknown400_120.py"
loading script "jan_pump_ms.py"
loading script "jan_cocktail_x1.py"
loading script "jan_pump_extraction_line.py"
testing...
no interpolation path defined
calculate duration
testing...
no interpolation path defined
executed snippet estimated_duration=0, duration=4.81605529785e-05
calculate duration
testing...
no interpolation path defined
executed snippet estimated_duration=0, duration=0.000120878219604
calculate duration
testing...
no interpolation path defined
executed snippet estimated_duration=32.0, duration=0.00010085105896
calculate duration
testing...
no interpolation path defined
executed snippet estimated_duration=34.0, duration=0.000112056732178
calculate duration
testing...
no interpolation path defined
executed snippet estimated_duration=4.0, duration=7.10487365723e-05
calculate duration
testing...
no interpolation path defined
executed snippet estimated_duration=38.0, duration=9.60826873779e-05
executed snippet estimated_duration=108.0, duration=0.00993704795837
script duration name:cocktail_x1 seconds:108.0
Script duration 664.0
Run total estimated duration= 665.000
loading script "jan_ic_peak_hop3.py"
loading script "jan_pump_ms.py"
loading script "jan_air_x1.py"
loading script "jan_pump_extraction_line.py"
testing...
no interpolation path defined
executed snippet estimated_duration=133.8, duration=0.00772905349731
script duration name:ic_peak_hop3 seconds:134.0
loading script "jan_ic_peak_hop3.py"
loading script "jan_pump_ms.py"
loading script "jan_air_x1.py"
loading script "jan_pump_extraction_line.py"
testing...
no interpolation path defined
calculate duration
testing...
no interpolation path defined
executed snippet estimated_duration=0, duration=4.41074371338e-05
calculate duration
testing...
no interpolation path defined
executed snippet estimated_duration=0, duration=9.91821289062e-05
calculate duration
testing...
no interpolation path defined
executed snippet estimated_duration=32.0, duration=8.79764556885e-05
calculate duration
testing...
no interpolation path defined
executed snippet estimated_duration=34.0, duration=9.98973846436e-05
calculate duration
testing...
no interpolation path defined
executed snippet estimated_duration=4.0, duration=6.89029693604e-05
calculate duration
testing...
no interpolation path defined
executed snippet estimated_duration=36.0, duration=9.20295715332e-05
executed snippet estimated_duration=106.0, duration=0.014358997345
script duration name:air_x1 seconds:106.0
Script duration 240.0
Run total estimated duration= 241.000
script duration name:unknown120_60 seconds:214.0
script duration name:co2 seconds:0.0
Script duration 214.0
Run total estimated duration= 215.000
script duration name:unknown120_60 seconds:214.0
script duration name:co2 seconds:0.0
Script duration 214.0
Run total estimated duration= 215.000
script duration name:unknown120_60 seconds:214.0
script duration name:co2 seconds:0.0
Script duration 214.0
Run total estimated duration= 215.000
script duration name:unknown120_60 seconds:214.0
script duration name:co2 seconds:0.0
Script duration 214.0
Run total estimated duration= 215.000
script duration name:unknown120_60 seconds:214.0
script duration name:co2 seconds:0.0
Script duration 214.0
Run total estimated duration= 215.000
script duration name:unknown120_60 seconds:214.0
script duration name:co2 seconds:0.0
Script duration 214.0
Run total estimated duration= 215.000
script duration name:unknown120_60 seconds:214.0
script duration name:co2 seconds:0.0
Script duration 214.0
Run total estimated duration= 215.000
script duration name:unknown120_60 seconds:214.0
script duration name:co2 seconds:0.0
Script duration 214.0
Run total estimated duration= 215.000
script duration name:unknown120_60 seconds:214.0
script duration name:co2 seconds:0.0
Script duration 214.0
Run total estimated duration= 215.000
script duration name:unknown120_60 seconds:214.0
script duration name:co2 seconds:0.0
Script duration 214.0
Run total estimated duration= 215.000
script duration name:unknown120_60 seconds:214.0
script duration name:co2 seconds:0.0
Script duration 214.0
Run total estimated duration= 215.000
script duration name:unknown120_60 seconds:214.0
script duration name:co2 seconds:0.0
Script duration 214.0
Run total estimated duration= 215.000
script duration name:unknown120_60 seconds:214.0
script duration name:co2 seconds:0.0
Script duration 214.0
Run total estimated duration= 215.000
script duration name:unknown120_60 seconds:214.0
script duration name:co2 seconds:0.0
Script duration 214.0
Run total estimated duration= 215.000
script duration name:unknown120_60 seconds:214.0
script duration name:co2 seconds:0.0
Script duration 214.0
Run total estimated duration= 215.000
script duration name:unknown400_120 seconds:556.0
script duration name:co2 seconds:0.0
Script duration 556.0
Run total estimated duration= 557.000
script duration name:unknown120_60 seconds:214.0
script duration name:co2 seconds:0.0
Script duration 214.0
Run total estimated duration= 215.000
script duration name:unknown120_60 seconds:214.0
script duration name:co2 seconds:0.0
Script duration 214.0
Run total estimated duration= 215.000
script duration name:unknown120_60 seconds:214.0
script duration name:co2 seconds:0.0
Script duration 214.0
Run total estimated duration= 215.000
script duration name:unknown400_120 seconds:556.0
cocktail_x1 in script context. using previous estimated duration
script duration name:cocktail_x1 seconds:108.0
Script duration 664.0
Run total estimated duration= 665.000
script duration name:unknown400_120 seconds:556.0
script duration name:cocktail_x1 seconds:108.0
Script duration 664.0
Run total estimated duration= 665.000
ic_peak_hop3 in script context. using previous estimated duration
script duration name:ic_peak_hop3 seconds:134.0
air_x1 in script context. using previous estimated duration
script duration name:air_x1 seconds:106.0
Script duration 240.0
Run total estimated duration= 241.000
script duration name:unknown120_60 seconds:214.0
script duration name:co2 seconds:0.0
Script duration 214.0
Run total estimated duration= 215.000
script duration name:unknown120_60 seconds:214.0
script duration name:co2 seconds:0.0
Script duration 214.0
Run total estimated duration= 215.000
script duration name:unknown120_60 seconds:214.0
script duration name:co2 seconds:0.0
Script duration 214.0
Run total estimated duration= 215.000
script duration name:unknown400_120 seconds:556.0
script duration name:sniffair_x2 seconds:250.0
Script duration 806.0
Run total estimated duration= 807.000
script duration name:unknown400_120 seconds:556.0
script duration name:sniffair_x2 seconds:250.0
Script duration 806.0
Run total estimated duration= 807.000
nruns=41 before=0.0, run_dur=13269.0, btw=0.0
write rem/ex queues
/Users/jan/PychronDev/experiments/rem/CurrentExperiment.rem.txt
/Users/jan/PychronDev/experiments/rem/CurrentExperiment.ex.txt
doing event level: 3
