do run
loading script "jan_unknown120_60.py"
loading script "jan_pump_ms.py"
loading script "jan_co2.py"
loading script "jan_pump_extraction_line.py"
testing...
no interpolation path defined
executed snippet estimated_duration=213.652928, duration=0.000533103942871
script duration name:unknown120_60 seconds:214.0
loading script "jan_unknown120_60.py"
loading script "jan_pump_ms.py"
loading script "jan_co2.py"
loading script "jan_pump_extraction_line.py"
testing...
no interpolation path defined
executed snippet estimated_duration=0, duration=3.38554382324e-05
loading script "jan_unknown120_60.py"
loading script "jan_pump_ms.py"
loading script "jan_co2.py"
loading script "jan_pump_extraction_line.py"
testing...
no interpolation path defined
calculate duration
testing...
no interpolation path defined
executed snippet estimated_duration=0, duration=6.103515625e-05
calculate duration
testing...
no interpolation path defined
executed snippet estimated_duration=0, duration=0.000110149383545
executed snippet estimated_duration=0.0, duration=0.00479006767273
script duration name:co2 seconds:0.0
loading script "jan_unknown120_60.py"
loading script "jan_pump_ms.py"
loading script "jan_co2.py"
loading script "jan_pump_extraction_line.py"
testing...
no interpolation path defined
calculate duration
testing...
no interpolation path defined
executed snippet estimated_duration=4.0, duration=0.000227928161621
executed snippet estimated_duration=4.0, duration=0.00211501121521
Script duration 214.0
Run total estimated duration= 215.000
run duration: 0:03:35
doing event level: 2
09:27:37 -- Setting default integration. t=1.048576
setting integration time = 1.048576
SetIntegrationTime 1.048576 ===>> OK
----------------- start -----------------
**************** Experiment Type: Ar/Ar, Ar/Ar
create new session 4419438256
close session 4419438256
$$$$$ Clearing conditionals
adding conditionals 
Add queue conditionals
add default conditionals
adding default conditionals from /Users/jan/PychronDev/setupfiles/spectrometer/default_conditionals.yaml
Start automated run 65448-03B
loading script "jan_unknown120_60.py"
loading script "jan_pump_ms.py"
loading script "jan_co2.py"
loading script "jan_pump_extraction_line.py"
%%%%%%%%%%%%%%%%%% setting automated run 65448-03B
No value "sensitivity_multiplier" in metadata
$$$$$$$$$$$$$$$ auto_save_detector_ic=False
============================= Pre Extraction Check =============================
loading queue conditionals pre_run_terminations
loading system conditionals pre_run_terminations
loading conditionals from /Users/jan/PychronDev/setupfiles/spectrometer/default_conditionals.yaml
09:27:37 -- ******* Pre Extraction Check *******
Get a measurement from the spectrometer
GetData ===>> H2,-0.0725732773132296,H1,-0.0827646529591551,AX,-0.0436899277282533,L1,0.0495696742808612,L2,0.0...
Pre Extraction Termination data. keys=H2,H1,AX,L1,L2,CDD, signals=-0.07257,-0.08276,-0.04369,0.04957,0.00449,0.00223
09:27:37 -- testing system defined conditionals
Checking default pre extraction terminations n=2
testing CDD
evaluate ot="CDD.inactive" t="CDD", ctx="{'CDD': False}"
GetDeflection CDD ===>> 50
testing CDD==2000
evaluate ot="CDD.deflection==2000" t="CDD==2000", ctx="{'CDD': 50.0}"
09:27:37 -- ******* Pre Extraction Check Passed *******
=================================================================================
09:27:37 -- stopping status monitor
stop 5288834736
Alive clients [5025639504, 4992986192]
09:27:37 -- starting status monitor
start 5288834736
Monitor already running
start extraction
do extraction
Analysis started at 09:27:37.509024
Extraction Started jan_co2.py
09:27:37 -- ******* Extraction Started jan_co2.py *******
state changed from not run to extraction
DO EXTRACTION <pychron.extraction_line.pyscript_runner.RemotePyScriptRunner object at 0x12bfe48f0>
testing...
no interpolation path defined
calculate duration
testing...
no interpolation path defined
executed snippet estimated_duration=0, duration=5.00679016113e-05
calculate duration
testing...
no interpolation path defined
executed snippet estimated_duration=0, duration=9.58442687988e-05
executed snippet estimated_duration=100.0, duration=0.00802803039551
Jan CO2 laser analysis
doing GOSUB
testing...
no interpolation path defined
executed snippet estimated_duration=0, duration=4.50611114502e-05
Waiting for CO2 access
wait ('FelixCO2Flag', 0) {}
waiting for FelixCO2Flag = 0
Read FelixCO2Flag ===>> 0
finished waiting
CO2 free
wait ('CO2PumpTimeFlag', 0) {}
waiting for CO2PumpTimeFlag = 0
Read CO2PumpTimeFlag ===>> 0
finished waiting
acquire ('JanCO2Flag',) {'clear': True}
acquire JanCO2Flag
Set JanCO2Flag 1 ===>> OK
JanCO2Flag acquired
set extraction state False (0.75, 'red', 1.5)
CO2 acquired
executed snippet estimated_duration=0, duration=0.0250699520111
WaitForCO2Access.py completed successfully
gosub finished
doing GOSUB
testing...
no interpolation path defined
executed snippet estimated_duration=0, duration=9.79900360107e-05
Prepare for CO2 analysis
close () {'description': 'Jan Inlet'}
closing name=--- desc=Jan Inlet
checking ownership. requestor=129.138.12.150
check software interlocks R
interlocks []
actuate state mode=None-script, software_lock=False
doing actuation None-script close_channel False
Close R ===>> OK
GetIndicatorState R ===>> False
change switch state (True, True)
update switch state R False args=() kw={} ncanvase=6
09:27:37 -- CLOSE  VALVE-R (Jan Inlet)
---------------------------------------- close None (Jan Inlet) result=[(True, True)]
action=close, ok=True, locked=[False]
open () {'description': 'Jan Ion Pump'}
opening name=--- desc=Jan Ion Pump
checking ownership. requestor=129.138.12.150
check software interlocks O
interlocks []
actuate state mode=None-script, software_lock=False
doing actuation None-script open_channel False
Open O ===>> OK
GetIndicatorState O ===>> OK
change switch state (True, True)
update switch state O True args=() kw={} ncanvase=6
09:27:38 -- OPEN   VALVE-O (Jan Ion Pump)
---------------------------------------- open None (Jan Ion Pump) result=[(True, True)], time=0.09 sec
action=open, ok=True, locked=[False]
close () {'description': 'Microbone to Minibone'}
closing name=--- desc=Microbone to Minibone
checking ownership. requestor=129.138.12.150
check software interlocks L
interlocks []
actuate state mode=None-script, software_lock=False
doing actuation None-script close_channel False
Close L ===>> OK
GetIndicatorState L ===>> False
change switch state (True, True)
update switch state L False args=() kw={} ncanvase=6
09:27:39 -- CLOSE  VALVE-L (Microbone to Minibone)
---------------------------------------- close None (Microbone to Minibone) result=[(True, True)]
action=close, ok=True, locked=[False]
open () {'description': 'Microbone to Turbo'}
opening name=--- desc=Microbone to Turbo
checking ownership. requestor=129.138.12.150
check software interlocks U
interlocks []
actuate state mode=None-script, software_lock=False
doing actuation None-script open_channel False
Open U ===>> OK
GetIndicatorState U ===>> OK
change switch state (True, True)
update switch state U True args=() kw={} ncanvase=6
09:27:39 -- OPEN   VALVE-U (Microbone to Turbo)
---------------------------------------- open None (Microbone to Turbo) result=[(True, True)], time=0.13 sec
action=open, ok=True, locked=[False]
open () {'description': 'Microbone to Inlet Pipette'}
opening name=--- desc=Microbone to Inlet Pipette
checking ownership. requestor=129.138.12.150
check software interlocks S
interlocks []
actuate state mode=None-script, software_lock=False
doing actuation None-script open_channel False
Open S ===>> OK
GetIndicatorState S ===>> OK
change switch state (True, True)
update switch state S True args=() kw={} ncanvase=6
09:27:40 -- OPEN   VALVE-S (Microbone to Inlet Pipette)
---------------------------------------- open None (Microbone to Inlet Pipette) result=[(True, True)], time=0.42 sec
action=open, ok=True, locked=[False]
open () {'description': 'Microbone to Getter D-50'}
opening name=--- desc=Microbone to Getter D-50
checking ownership. requestor=129.138.12.150
check software interlocks K
interlocks []
actuate state mode=None-script, software_lock=False
doing actuation None-script open_channel False
Open K ===>> OK
GetIndicatorState K ===>> OK
change switch state (True, True)
update switch state K True args=() kw={} ncanvase=6
09:27:40 -- OPEN   VALVE-K (Microbone to Getter D-50)
---------------------------------------- open None (Microbone to Getter D-50) result=[(True, True)], time=0.43 sec
action=open, ok=True, locked=[False]
open () {'description': 'Microbone to Getter NP-10'}
opening name=--- desc=Microbone to Getter NP-10
checking ownership. requestor=129.138.12.150
check software interlocks M
interlocks []
actuate state mode=None-script, software_lock=False
doing actuation None-script open_channel False
Open M ===>> OK
GetIndicatorState M ===>> OK
change switch state (True, True)
update switch state M True args=() kw={} ncanvase=6
09:27:41 -- OPEN   VALVE-M (Microbone to Getter NP-10)
---------------------------------------- open None (Microbone to Getter NP-10) result=[(True, True)], time=0.16 sec
action=open, ok=True, locked=[False]
close () {'description': 'CO2 Laser to Felix'}
closing name=--- desc=CO2 Laser to Felix
checking ownership. requestor=129.138.12.150
check software interlocks F
interlocks []
actuate state mode=None-script, software_lock=True
VALVE-F(CO2 Laser to Felix) software locked
change switch state (True, False)
---------------------------------------- close None (CO2 Laser to Felix) result=[(True, False)]
action=close, ok=True, locked=[True]
open () {'description': 'CO2 Laser to Jan'}
opening name=--- desc=CO2 Laser to Jan
checking ownership. requestor=129.138.12.150
check software interlocks A
interlocks []
actuate state mode=None-script, software_lock=False
doing actuation None-script open_channel False
Open A ===>> OK
GetIndicatorState A ===>> OK
change switch state (True, True)
update switch state A True args=() kw={} ncanvase=6
09:27:41 -- OPEN   VALVE-A (CO2 Laser to Jan)
---------------------------------------- open None (CO2 Laser to Jan) result=[(True, True)], time=0.15 sec
action=open, ok=True, locked=[False]
open () {'description': 'Microbone to CO2 Laser'}
opening name=--- desc=Microbone to CO2 Laser
checking ownership. requestor=129.138.12.150
check software interlocks T
interlocks []
actuate state mode=None-script, software_lock=False
doing actuation None-script open_channel False
Open T ===>> OK
GetIndicatorState T ===>> OK
change switch state (True, True)
update switch state T True args=() kw={} ncanvase=6
09:27:42 -- OPEN   VALVE-T (Microbone to CO2 Laser)
---------------------------------------- open None (Microbone to CO2 Laser) result=[(True, True)], time=0.42 sec
action=open, ok=True, locked=[False]
executed snippet estimated_duration=0, duration=5.031427145
PrepareForCO2Analysis.py completed successfully
gosub finished
set_motor ('beam', '1.25') {}
setting motor "beam" to 1.25
set motor beam to 1.25
SetMotor beam,1.25 ===>> OK
GetMotorMoving beam ===>> False
GetMotorMoving beam ===>> False
Block completed
move_to_position ('164',) {'autocenter': True}
FusionsCO2 move to position 164
sending GoToHole 164,True
GoToHole 164,True ===>> OK
GetDriveMoving ===>> False
GetDriveMoving ===>> OK
GetDriveMoving ===>> OK
GetDriveMoving ===>> OK
GetDriveMoving ===>> OK
GetDriveMoving ===>> OK
GetDriveMoving ===>> OK
GetDriveMoving ===>> OK
GetDriveMoving ===>> OK
GetDriveMoving ===>> OK
GetDriveMoving ===>> OK
GetDriveMoving ===>> False
Block completed
GetAutoCorrecting ===>> False
GetAutoCorrecting ===>> False
Block completed
update position
GetPosition ===>> 5.98170,-5.98170,1.00000
got position (5.9817, -5.9817, 1.0)
move to position succeeded
sleep (5,) {}
SLEEP 5.0
block started
WaitControl setup for 5.0  
Join finished
block finished. duration 5.02809691429
close () {'description': 'Microbone to Turbo'}
closing name=--- desc=Microbone to Turbo
checking ownership. requestor=129.138.12.150
check software interlocks U
interlocks []
actuate state mode=None-script, software_lock=False
doing actuation None-script close_channel True
Close U ===>> OK
GetIndicatorState U ===>> False
change switch state (True, True)
update switch state U False args=() kw={} ncanvase=6
09:27:53 -- CLOSE  VALVE-U (Microbone to Turbo)
---------------------------------------- close None (Microbone to Turbo) result=[(True, True)]
action=close, ok=True, locked=[False]
enable laser
enable () {}
set extraction state FusionsCO2 Enabled (False, 'red', 1.5)
enabling laser
Enable ===>> OK
begin interval
BEGIN INTERVAL Interval 1 waiting for 30.0
block started
set extract to 0.4
WaitControl setup for 30.0  
extract (0.4,) {}
GetPosition ===>> 5.98170,-5.98170,1.00000
set extraction state FusionsCO2 ON! 0.4(watts) (0.75, 'red', 1.5)
extract sample to 0.4 (watts)
set laser output
SetLaserOutput 0.4,watts ===>> OK
executing pattern triangle.lp
execute_pattern ('triangle.lp',) {}
executing pattern triangle.lp
IsPatterning ===>> OK
IsPatterning ===>> OK
IsPatterning ===>> OK
IsPatterning ===>> OK
IsPatterning ===>> OK
IsPatterning ===>> OK
IsPatterning ===>> OK
IsPatterning ===>> OK
IsPatterning ===>> OK
IsPatterning ===>> OK
IsPatterning ===>> OK
IsPatterning ===>> OK
IsPatterning ===>> OK
IsPatterning ===>> OK
IsPatterning ===>> OK
IsPatterning ===>> OK
IsPatterning ===>> OK
IsPatterning ===>> OK
IsPatterning ===>> OK
IsPatterning ===>> OK
IsPatterning ===>> OK
IsPatterning ===>> OK
IsPatterning ===>> OK
IsPatterning ===>> OK
IsPatterning ===>> OK
IsPatterning ===>> OK
IsPatterning ===>> OK
IsPatterning ===>> OK
Join finished
block finished. duration 30.0924880505
Interval 1 finished
IsPatterning ===>> False
IsPatterning ===>> False
Block completed
COMPLETE INTERVAL waiting for Interval 1 to complete
end_extract () {}
ending extraction. set laser power to 0
set laser power 0
SetLaserPower 0 ===>> OK
disable () {}
%%%%%%%%%%%%%%%%%%%%%%%%%%%%%%%%%%% disable
set extraction state False (0.75, 'red', 1.5)
disabling laser
Disable ===>> OK
sleep (30.0,) {}
SLEEP 30.0
block started
WaitControl setup for 30.0  
Join finished
block finished. duration 30.0622611046
executed snippet estimated_duration=165.0, duration=77.9522228241
jan_co2.py completed successfully
GetAchievedOutput ===>> No Response
Requested Output= 0.000
Achieved Output=  0.000
GetResponseBlob ===>> No Response
GetOutputBlob ===>> No Response
persistence save...
persistence save - db
AutomatedRunPersister post_extraction_save deprecated
persistence save - dvc
no extraction position for 164
create new session 4992585168
close session 4992585168
Extraction Finished
09:28:55 -- ******* Extraction Finished *******
no overlap. not waiting for min ms pumptime
09:28:55 -- Sending spectrometer configuration
======== Sending configuration ========
SetDeflection CDD,50.0 ===>> OK
SetDeflection H2,0.0 ===>> OK
SetDeflection H1,0.0 ===>> OK
SetDeflection L2,825.0 ===>> OK
SetDeflection L1,400.0 ===>> OK
SetDeflection AX,190.0 ===>> OK
SetZFocus 74.64 ===>> OK
SetZSymmetry -50.72 ===>> OK
SetExtractionLens 26.13 ===>> OK
SetIonRepeller -3.81 ===>> OK
SetElectronEnergy 75.08 ===>> OK
SetYSymmetry -2.81 ===>> OK
SetIonCounterVoltage 1590.0 ===>> OK
send trap current 200.0
GetParameter Trap Current Readback ===>> 198.258926936459
SetParameter Trap Current Set,200.0 ===>> OK
updating mftable name mftable
Using mftable located at /Users/jan/PychronDev/setupfiles/spectrometer/mftables/mftable.csv
============ MFtable ===========
Isotope  H2     H1     AX     L1     L2     CDD    
Ar40     5.8247 5.8812 5.9945 6.1646 6.2328 6.3928
Ar39     5.7239 5.7735 5.8869 6.0506 6.1179 6.2793
Ar36     5.4014 5.4425 5.5503 5.7095 5.7729 5.9304
================================
get initial guess parabolic
get initial guess parabolic
get initial guess parabolic
get initial guess parabolic
get initial guess parabolic
get initial guess parabolic
======== Configuration Finished ========
GetYSymmetry ===>> -2.81
GetZSymmetry ===>> -50.72
GetParameter Trap Current Readback ===>> 198.035158395898
GetHighVoltage ===>> 4499.94659342336
start measurement
do measurement
L#=65448 analysis type=unknown
Measurement Started jan_unknown120_60.py
09:28:55 -- ******* Measurement Started jan_unknown120_60.py *******
state changed from extraction to measurement
setting spec, defl, and gains
GetExtractionLens ===>> 26.13
GetYSymmetry ===>> -2.81
GetZSymmetry ===>> -50.72
GetZFocus ===>> 74.64
GetDeflection H2 ===>> 0
GetDeflection H1 ===>> 0
GetDeflection AX ===>> 190
GetDeflection L1 ===>> 400
GetDeflection L2 ===>> 825
GetDeflection CDD ===>> 50
GetGain H2 ===>> 0.0113
GetGain H1 ===>> 0.1
GetGain AX ===>> 0.097049
GetGain L1 ===>> 0.010355
GetGain L2 ===>> 0.095649
GetGain CDD ===>> 0
pre measurement save
New frame /Users/jan/PychronDev/data/isotopes/82/fc3b98-a8cb-422d-a4ab-f832d7d0e0eb.h5
flush and close file /Users/jan/PychronDev/data/isotopes/82/fc3b98-a8cb-422d-a4ab-f832d7d0e0eb.h5
testing...
no interpolation path defined
executed snippet estimated_duration=226.132928, duration=0.000186920166016
unknown measurement script
activate_detectors ('H2', 'H1', 'AX', 'L1', 'L2', 'CDD') {}
activate detectors
*************** Set Analysis View Ar/Ar
create graphs
clearing graphs
clear isotope group
setting isotope det=H2, iso=PM41
setting isotope det=H1, iso=Ar40
setting isotope det=AX, iso=Ar39
setting isotope det=L1, iso=Ar38
setting isotope det=L2, iso=Ar37
setting isotope det=CDD, iso=Ar36
setting previous blanks
 - setting Ar40 blank 0.438+/-0.007
 - setting Ar36 blank 0.00468+/-0.00018
 - setting Ar37 blank 0.048+/-0.005
 - setting Ar38 blank 0.0111+/-0.0022
 - setting PM41 blank 0.02+/-0.06
 - setting Ar39 blank 0.013+/-0.008
load analysis view
position_magnet ('Ar40',) {'detector': 'H1'}
detector Detector(H1)
POSITION Ar40 H1
setting detector H2 to PM41 (40.9624)
setting detector H1 to Ar40 (39.9624)
setting detector AX to Ar39 (38.9624)
setting detector L1 to Ar38 (37.9624)
setting detector L2 to Ar37 (36.9624)
setting detector CDD to Ar36 (35.9624)
Mapping mass to dac mass func: "parabolic"
H1 map mass coeffs = [-0.00063987  0.15840543  0.57279999]
H1 map mass to dac 39.9624 >> 5.88119
GetDeflection H1 ===>> 0
GetHighVoltage ===>> 4499.94659342336
positioning Ar40 (5.88115536622) on H1
setting magnet DAC
current  : 5.881156
requested: 5.881155
Delta Dac: 0.000001
Checking detector protection. dv=0.00000
Checking detector "CDD". Protection Threshold: 0.1 (V)
SetMagnetDAC 5.88115536622 ===>> OK
Magnet settling time: 0.500
equilibrate () {'delay': 3, 'inlet': 'R', 'outlet': 'O', 'eqtime': 12.0}
Equilibration Started
09:28:57 -- ******* Equilibration Started *******
checking ownership. requestor=129.138.12.150
check software interlocks O
interlocks []
actuate state mode=None-script, software_lock=False
doing actuation None-script close_channel True
Close O ===>> OK
GetIndicatorState O ===>> False
change switch state (True, True)
update switch state O False args=() kw={} ncanvase=6
09:28:57 -- CLOSE  VALVE-O (Jan Ion Pump)
waiting 3s before opening inlet value ('R',)
update labels <pychron.experiment.plot_panel.PlotPanel object at 0x1dfd2d110>
update labels "<pychron.graph.stacked_regression_graph.StackedRegressionGraph object at 0x1d958f650>"
setting label 0 H2 PM41
setting label 1 H1 Ar40
setting label 2 AX Ar39
setting label 3 L1 Ar38
setting label 4 L2 Ar37
setting label 5 CDD Ar36
update labels "<pychron.graph.stacked_graph.StackedGraph object at 0x1a5a9be30>"
setting label 0 H2 PM41
setting label 1 H1 Ar40
setting label 2 AX Ar39
setting label 3 L1 Ar38
setting label 4 L2 Ar37
setting label 5 CDD Ar36
checking ownership. requestor=129.138.12.150
check software interlocks R
interlocks []
actuate state mode=None-script, software_lock=False
doing actuation None-script open_channel True
Open R ===>> OK
GetIndicatorState R ===>> OK
change switch state (True, True)
update switch state R True args=() kw={} ncanvase=6
09:29:00 -- OPEN   VALVE-R (Jan Inlet)
equilibrating for 12.0sec
set_time_zero () {}
sniff (12.0,) {}
py_sniff
build tables- sniff [Detector(H2), Detector(H1), Detector(AX), Detector(L1), Detector(L2), Detector(CDD)]
add group /sniff/PM41 (Group) '' table H2
add group /sniff/Ar40 (Group) '' table H1
add group /sniff/Ar39 (Group) '' table AX
add group /sniff/Ar38 (Group) '' table L1
add group /sniff/Ar37 (Group) '' table L2
add group /sniff/Ar36 (Group) '' table CDD
flush and close file /Users/jan/PychronDev/data/isotopes/82/fc3b98-a8cb-422d-a4ab-f832d7d0e0eb.h5
measuring sniff. ncounts=12.0
"sniff" increment series count="1" fit count="0" regressing="False"
starting measurement
check iteration duration=4.50611114502e-05
GetData ===>> H2,0.197544922996431,H1,1.30787753773387,AX,0.906347943648693,L1,0.055215966701367,L2,1.037701243...
check iteration duration=4.48226928711e-05
GetData ===>> H2,0.757180366552067,H1,5.57719719514143,AX,2.26695095525705,L1,0.174942679822604,L2,3.6852448876...
check iteration duration=1.90734863281e-05
GetData ===>> H2,0.326594550432446,H1,7.29649012320641,AX,2.01303328297645,L1,0.136744812698916,L2,4.3313882607...
check iteration duration=1.81198120117e-05
GetData ===>> H2,0.0988763626121489,H1,7.8782047914608,AX,2.03830353047224,L1,0.10406460729297,L2,4.46897590830...
check iteration duration=1.69277191162e-05
GetData ===>> H2,0.0635416664359173,H1,8.10900153247911,AX,2.0664647657805,L1,0.109112101841188,L2,4.5150846332...
check iteration duration=4.19616699219e-05
GetData ===>> H2,0.00408308497739916,H1,8.16385227922687,AX,2.06669928118684,L1,0.0564902473254966,L2,4.2960976...
check iteration duration=1.81198120117e-05
GetData ===>> H2,-0.0155743619790011,H1,8.27136653886751,AX,1.94343303359548,L1,0.0504475652631689,L2,4.4253449...
check iteration duration=4.48226928711e-05
GetData ===>> H2,-0.0150091042763539,H1,8.27491500335749,AX,2.04035497184075,L1,0.0277410036990683,L2,4.5258744...
check iteration duration=1.50203704834e-05
GetData ===>> H2,-0.0753144103356908,H1,8.26450774935343,AX,2.05423556209714,L1,0.0602261758589606,L2,4.5038528...
check iteration duration=3.00407409668e-05
GetData ===>> H2,-0.0583456817333654,H1,8.36805530723426,AX,2.04264091405218,L1,0.0892696289868384,L2,4.3957107...
check iteration duration=4.41074371338e-05
GetData ===>> H2,0.0175654761645818,H1,8.40049198206756,AX,2.04922941393983,L1,0.0901106954813321,L2,4.35982573...
check iteration duration=1.4066696167e-05
Equilibration Finished
09:29:13 -- ******* Equilibration Finished *******
GetData ===>> H2,-0.062307894511302,H1,8.33801377906826,AX,1.96893139576979,L1,0.0538359782277262,L2,4.46571157...
checking ownership. requestor=129.138.12.150
check software interlocks R
interlocks []
actuate state mode=None-script, software_lock=False
doing actuation None-script close_channel True
Close R ===>> OK
GetIndicatorState R ===>> False
change switch state (True, True)
update switch state R False args=() kw={} ncanvase=6
09:29:13 -- CLOSE  VALVE-R (Jan Inlet)
Post Equilibration Started jan_pump_extraction_line.py
09:29:13 -- ******* Post Equilibration Started jan_pump_extraction_line.py *******
testing...
no interpolation path defined
calculate duration
testing...
no interpolation path defined
executed snippet estimated_duration=4.0, duration=0.000151872634888
executed snippet estimated_duration=4.0, duration=0.0012309551239
Pump after analysis
doing GOSUB
testing...
no interpolation path defined
executed snippet estimated_duration=4.0, duration=0.000144004821777
Pump Microbone
close () {'description': 'Jan Inlet'}
closing name=--- desc=Jan Inlet
checking ownership. requestor=129.138.12.150
check software interlocks R
interlocks []
actuate state mode=None-script, software_lock=False
doing actuation None-script close_channel False
check iteration duration=3.69548797607e-05
waiting for write to finish
Close R ===>> OK
measurement finished
estimated time: 12.583 actual time: :12.690
flush and close file /Users/jan/PychronDev/data/isotopes/82/fc3b98-a8cb-422d-a4ab-f832d7d0e0eb.h5
set_fits () {}
using default fits file=/Users/jan/PychronDev/scripts/measurement/fits/nominal_linear.yaml
set "Ar40" to "('Linear', 'SEM')"
No fit for "PM41". defaulting to linear. check the measurement script "jan_unknown120_60.py"
set "PM41" to "linear"
set "Ar36" to "('Linear', 'SEM')"
set "Ar37" to "('linear', 'SEM')"
set "Ar38" to "('linear', 'SEM')"
set "Ar39" to "('Linear', 'SEM')"
set_baseline_fits () {}
using default fits file=/Users/jan/PychronDev/scripts/measurement/fits/nominal_linear.yaml
GetIndicatorState R ===>> False
change switch state (True, True)
update switch state R False args=() kw={} ncanvase=6
set "H1" to "('average', 'SEM')"
set "H2" to "('average', 'SEM')"
set "CDD" to "('average', 'SEM')"
set "L2" to "('average', 'SEM')"
set "L1" to "('average', 'SEM')"
set "AX" to "('average', 'SEM')"
multicollect () {'integration_time': 1, 'ncounts': 120}
build tables- signal [Detector(H2), Detector(H1), Detector(AX), Detector(L1), Detector(L2), Detector(CDD)]
add group /signal/PM41 (Group) '' table H2
09:29:14 -- CLOSE  VALVE-R (Jan Inlet)
add group /signal/Ar40 (Group) '' table H1
---------------------------------------- close None (Jan Inlet) result=[(True, True)]
add group /signal/Ar39 (Group) '' table AX
add group /signal/Ar38 (Group) '' table L1
add group /signal/Ar37 (Group) '' table L2
add group /signal/Ar36 (Group) '' table CDD
flush and close file /Users/jan/PychronDev/data/isotopes/82/fc3b98-a8cb-422d-a4ab-f832d7d0e0eb.h5
measuring signal. ncounts=120
action=close, ok=True, locked=[False]
is_closed ('F',) {}
is F () closed?
is closed True
open () {'description': 'CO2 Laser to Jan'}
opening name=--- desc=CO2 Laser to Jan
checking ownership. requestor=129.138.12.150
check software interlocks A
interlocks []
actuate state mode=None-script, software_lock=False
doing actuation None-script open_channel False
Open A ===>> OK
GetIndicatorState A ===>> OK
change switch state (True, True)
update switch state A True args=() kw={} ncanvase=6
09:29:14 -- OPEN   VALVE-A (CO2 Laser to Jan)
---------------------------------------- open None (CO2 Laser to Jan) result=[(True, True)], time=0.14 sec
"signal" increment series count="2" fit count="1" regressing="True"
starting measurement
check iteration duration=5.98430633545e-05
GetData ===>> H2,-0.0138241462555073,H1,8.34437420752632,AX,1.99817422113583,L1,0.0172843284849326,L2,4.5405388...
action=open, ok=True, locked=[False]
sleep (1,) {}
SLEEP 1.0
check iteration duration=5.69820404053e-05
GetData ===>> H2,-0.0760314424734388,H1,8.38669584147558,AX,2.03227840148801,L1,0.0493207519634201,L2,4.4997359...
close () {'description': 'CO2 Laser to Roughing'}
closing name=--- desc=CO2 Laser to Roughing
checking ownership. requestor=129.138.12.150
check software interlocks G
interlocks []
actuate state mode=None-script, software_lock=True
VALVE-G(CO2 Laser to Roughing) software locked
change switch state (True, False)
---------------------------------------- close None (CO2 Laser to Roughing) result=[(True, False)]
action=close, ok=True, locked=[True]
open () {'description': 'Microbone to Turbo'}
opening name=--- desc=Microbone to Turbo
checking ownership. requestor=129.138.12.150
check software interlocks U
interlocks []
actuate state mode=None-script, software_lock=False
doing actuation None-script open_channel True
Open U ===>> OK
GetIndicatorState U ===>> OK
change switch state (True, True)
update switch state U True args=() kw={} ncanvase=6
09:29:16 -- OPEN   VALVE-U (Microbone to Turbo)
---------------------------------------- open None (Microbone to Turbo) result=[(True, True)], time=0.19 sec
action=open, ok=True, locked=[False]
open () {'description': 'Microbone to Getter NP-10'}
opening name=--- desc=Microbone to Getter NP-10
checking ownership. requestor=129.138.12.150
check software interlocks M
interlocks []
actuate state mode=None-script, software_lock=False
doing actuation None-script open_channel False
Open M ===>> OK
GetIndicatorState M ===>> OK
change switch state (True, True)
update switch state M True args=() kw={} ncanvase=6
09:29:16 -- OPEN   VALVE-M (Microbone to Getter NP-10)
---------------------------------------- open None (Microbone to Getter NP-10) result=[(True, True)], time=0.15 sec
action=open, ok=True, locked=[False]
open () {'description': 'Microbone to Getter D-50'}
opening name=--- desc=Microbone to Getter D-50
checking ownership. requestor=129.138.12.150
check software interlocks K
interlocks []
actuate state mode=None-script, software_lock=False
doing actuation None-script open_channel False
check iteration duration=3.69548797607e-05
GetData ===>> H2,-0.0917914009069257,H1,8.50889070688521,AX,1.94442848179348,L1,0.0652127874833871,L2,4.5061503...
Open K ===>> OK
GetIndicatorState K ===>> OK
change switch state (True, True)
update switch state K True args=() kw={} ncanvase=6
09:29:17 -- OPEN   VALVE-K (Microbone to Getter D-50)
---------------------------------------- open None (Microbone to Getter D-50) result=[(True, True)], time=0.43 sec
action=open, ok=True, locked=[False]
open () {'description': 'Microbone to CO2 Laser'}
opening name=--- desc=Microbone to CO2 Laser
checking ownership. requestor=129.138.12.150
check software interlocks T
interlocks []
actuate state mode=None-script, software_lock=False
doing actuation None-script open_channel False
Open T ===>> OK
GetIndicatorState T ===>> OK
change switch state (True, True)
update switch state T True args=() kw={} ncanvase=6
09:29:17 -- OPEN   VALVE-T (Microbone to CO2 Laser)
---------------------------------------- open None (Microbone to CO2 Laser) result=[(True, True)], time=0.43 sec
check iteration duration=5.88893890381e-05
GetData ===>> H2,-0.137435414379274,H1,8.44073493412811,AX,1.94476810760236,L1,0.0502960334231123,L2,4.43880637...
action=open, ok=True, locked=[False]
open () {'description': 'Microbone to Inlet Pipette'}
opening name=--- desc=Microbone to Inlet Pipette
checking ownership. requestor=129.138.12.150
check software interlocks S
interlocks []
actuate state mode=None-script, software_lock=False
doing actuation None-script open_channel False
Open S ===>> OK
GetIndicatorState S ===>> OK
change switch state (True, True)
update switch state S True args=() kw={} ncanvase=6
09:29:18 -- OPEN   VALVE-S (Microbone to Inlet Pipette)
---------------------------------------- open None (Microbone to Inlet Pipette) result=[(True, True)], time=0.44 sec
action=open, ok=True, locked=[False]
sleep (1,) {}
SLEEP 1.0
testing H1>-5.0
evaluate ot="H1.bs>-5.0" t="H1>-5.0", ctx="{'H1': None}"
check iteration duration=0.00102996826172
GetData ===>> H2,-0.0902224211855727,H1,8.46293301000751,AX,1.89899897182819,L1,0.0270912223170832,L2,4.5648327...
set_resource () {'name': 'CO2PumpTimeFlag', 'value': 30}
Set CO2PumpTimeFlag 30 ===>> OK
release ('JanCO2Flag',) {}
release JanCO2Flag
Set JanCO2Flag 0 ===>> OK
executed snippet estimated_duration=6.0, duration=6.0029129982
PumpMicrobone.py completed successfully
gosub finished
get_resource_value () {'name': 'JanMiniboneFlag'}
Read JanMiniboneFlag ===>> 0
Get Resource Value JanMiniboneFlag=0.0
get resource value 0.0
get_resource_value () {'name': 'JanMiniboneFlag'}
Read JanMiniboneFlag ===>> 0
Get Resource Value JanMiniboneFlag=0.0
executed snippet estimated_duration=4.0, duration=6.01437997818
jan_pump_extraction_line.py completed successfully
Post Equilibration Finished
09:29:19 -- ******* Post Equilibration Finished *******
check iteration duration=7.5101852417e-05
GetData ===>> H2,-0.0970590411004591,H1,8.48252717399076,AX,1.94263668229416,L1,0.0124957053951043,L2,4.5541085...
check iteration duration=8.29696655273e-05
GetData ===>> H2,-0.0765668150688675,H1,8.63137391019111,AX,1.94441677057963,L1,0.0189995643456576,L2,4.2750854...
check iteration duration=3.09944152832e-05
GetData ===>> H2,-0.167359729752122,H1,8.50352050795011,AX,1.9917531762393,L1,0.0259587090192254,L2,4.411115664...
check iteration duration=6.50882720947e-05
GetData ===>> H2,-0.22948021947287,H1,8.51672274240911,AX,1.94009542789643,L1,0.0158563890858799,L2,4.459206539...
testing H1>-5.0
evaluate ot="H1.bs>-5.0" t="H1>-5.0", ctx="{'H1': None}"
check iteration duration=0.00150895118713
GetData ===>> H2,-0.172693669371224,H1,8.68843146896598,AX,1.97524551650608,L1,0.02684261094082,L2,4.4519896289...
check iteration duration=6.38961791992e-05
GetData ===>> H2,-0.20001783047533,H1,8.63022889080394,AX,1.89418347433951,L1,0.0245688859192032,L2,4.492750558...
check iteration duration=6.38961791992e-05
GetData ===>> H2,-0.165804817776687,H1,8.70028876867301,AX,1.86715779731946,L1,0.0401308878994964,L2,4.53078567...
check iteration duration=4.38690185547e-05
GetData ===>> H2,-0.167845595983368,H1,8.65918590057573,AX,1.94564645565241,L1,0.0416606977636124,L2,4.46790332...
check iteration duration=3.79085540771e-05
GetData ===>> H2,-0.302400705565591,H1,8.71181142182678,AX,1.86816512310813,L1,0.0867251659892479,L2,4.33537367...
testing H1>-5.0
evaluate ot="H1.bs>-5.0" t="H1>-5.0", ctx="{'H1': None}"
check iteration duration=0.000635147094727
GetData ===>> H2,-0.166995316404066,H1,8.79296639034133,AX,1.94487350895406,L1,0.0420612287487371,L2,4.36753091...
check iteration duration=8.20159912109e-05
GetData ===>> H2,-0.0577231553976914,H1,8.81832545760008,AX,2.00610736833663,L1,-0.00329629698112946,L2,4.50569...
check iteration duration=5.79357147217e-05
GetData ===>> H2,-0.189379720618434,H1,8.7658454763351,AX,1.96001734419675,L1,0.0249932307904329,L2,4.426184785...
check iteration duration=6.103515625e-05
GetData ===>> H2,-0.146762664618354,H1,8.76589527872447,AX,1.89901068865483,L1,0.0034018311432807,L2,4.48346854...
check iteration duration=8.20159912109e-05
GetData ===>> H2,-0.200434457697048,H1,8.88080385803642,AX,1.94749686789069,L1,-0.0336992379729257,L2,4.5422422...
testing H1>-5.0
evaluate ot="H1.bs>-5.0" t="H1>-5.0", ctx="{'H1': None}"
check iteration duration=0.000724077224731
GetData ===>> H2,-0.158973905490974,H1,8.81695521320662,AX,2.16273194760726,L1,-0.00383137894642275,L2,4.564797...
check iteration duration=3.81469726562e-05
GetData ===>> H2,-0.183515719313494,H1,8.88031819470487,AX,1.96296908255208,L1,0.000166826713368244,L2,4.394602...
check iteration duration=3.81469726562e-05
GetData ===>> H2,-0.291903077674479,H1,8.91565297738717,AX,2.03558397130192,L1,0.0345283764021449,L2,4.45522154...
check iteration duration=7.79628753662e-05
GetData ===>> H2,-0.227431260639297,H1,8.95058848328827,AX,1.89817879743559,L1,0.0238645903329246,L2,4.40095814...
check iteration duration=8.10623168945e-05
GetData ===>> H2,-0.222052659100557,H1,8.91722258206278,AX,1.94407714598441,L1,0.0628363685185611,L2,4.41115065...
testing H1>-5.0
evaluate ot="H1.bs>-5.0" t="H1>-5.0", ctx="{'H1': None}"
check iteration duration=0.000865936279297
09:29:40 -- collecting point 25
GetData ===>> H2,-0.0515991541661354,H1,9.02272660411441,AX,1.83112341000407,L1,0.0664196953309233,L2,4.4578659...
check iteration duration=6.19888305664e-05
GetData ===>> H2,-0.0859392065261756,H1,8.98180857171089,AX,1.99438950342992,L1,0.0508107698850191,L2,4.4875030...
check iteration duration=7.10487365723e-05
GetData ===>> H2,-0.160651296781892,H1,9.00893586289568,AX,2.00704485784957,L1,0.0272293423969012,L2,4.44911949...
check iteration duration=4.2200088501e-05
GetData ===>> H2,-0.14550092094436,H1,9.044564947462,AX,1.94383121166512,L1,0.0507674732838468,L2,4.47225201290...
check iteration duration=3.48091125488e-05
GetData ===>> H2,-0.260695233695419,H1,9.05090783484927,AX,1.91250889349226,L1,0.0764728324461781,L2,4.50710675...
testing H1>-5.0
evaluate ot="H1.bs>-5.0" t="H1>-5.0", ctx="{'H1': None}"
check iteration duration=0.000546932220459
GetData ===>> H2,-0.211802860879384,H1,9.05708909309959,AX,1.98971446500742,L1,0.0483491718953582,L2,4.39930225...
check iteration duration=6.29425048828e-05
GetData ===>> H2,-0.211253300589756,H1,9.12001912809422,AX,1.96084897579877,L1,0.0213290529141176,L2,4.43401184...
check iteration duration=3.40938568115e-05
GetData ===>> H2,-0.166062634780518,H1,9.1714958013078,AX,1.94978065253104,L1,0.0205685160265872,L2,4.360117144...
check iteration duration=7.67707824707e-05
GetData ===>> H2,-0.109488976251894,H1,9.20438826634549,AX,1.98976133145767,L1,-0.0350906168817658,L2,4.3930054...
check iteration duration=8.79764556885e-05
GetData ===>> H2,-0.216497279838864,H1,9.22813696319082,AX,1.88782175545453,L1,0.0372691306524316,L2,4.50097217...
testing H1>-5.0
evaluate ot="H1.bs>-5.0" t="H1>-5.0", ctx="{'H1': None}"
check iteration duration=0.000588893890381
GetData ===>> H2,-0.260712718078743,H1,9.14709517201604,AX,1.90458329474262,L1,0.0705529125758178,L2,4.42387528...
check iteration duration=3.88622283936e-05
GetData ===>> H2,-0.189360844163677,H1,9.16870116681816,AX,1.96758427963517,L1,0.0474053377410489,L2,4.44818613...
check iteration duration=8.01086425781e-05
GetData ===>> H2,-0.189532079422194,H1,9.25505414843164,AX,1.97958011981028,L1,0.00896453325904609,L2,4.3991040...
check iteration duration=8.01086425781e-05
GetData ===>> H2,-0.194081673702039,H1,9.28331341033928,AX,1.91504943484152,L1,0.0190716394693567,L2,4.30485795...
check iteration duration=7.82012939453e-05
GetData ===>> H2,-0.241396267012866,H1,9.37855271492369,AX,1.92747210550716,L1,0.0275067893175833,L2,4.34621201...
testing H1>-5.0
evaluate ot="H1.bs>-5.0" t="H1>-5.0", ctx="{'H1': None}"
check iteration duration=0.000746011734009
GetData ===>> H2,-0.175042079621441,H1,9.34905660321148,AX,1.97626471685722,L1,0.0140504376011608,L2,4.46442918...
check iteration duration=5.19752502441e-05
GetData ===>> H2,-0.160594577460578,H1,9.33383725998762,AX,1.8643818482894,L1,0.0125005072874388,L2,4.407710271...
check iteration duration=6.60419464111e-05
GetData ===>> H2,-0.172271417613027,H1,9.28088019376985,AX,1.87512298086349,L1,-0.00452598329409499,L2,4.351433...
check iteration duration=7.67707824707e-05
GetData ===>> H2,-0.231011984055252,H1,9.46334796986015,AX,1.96312135717245,L1,0.0160269145243202,L2,4.47205381...
check iteration duration=3.50475311279e-05
GetData ===>> H2,-0.23761180965838,H1,9.51390019477183,AX,2.00669329823496,L1,0.0251085069128096,L2,4.420399461...
testing H1>-5.0
evaluate ot="H1.bs>-5.0" t="H1>-5.0", ctx="{'H1': None}"
check iteration duration=0.00107789039612
GetData ===>> H2,-0.193968461547622,H1,9.49236224164946,AX,1.96943510480448,L1,0.0511643657449872,L2,4.35972082...
check iteration duration=3.60012054443e-05
GetData ===>> H2,-0.104168988078973,H1,9.43157013331379,AX,1.97323057678512,L1,0.0452534854103351,L2,4.42142586...
check iteration duration=8.10623168945e-05
GetData ===>> H2,-0.198124612558421,H1,9.45019864356322,AX,2.0209910696161,L1,0.0648361847386225,L2,4.387979982...
check iteration duration=3.71932983398e-05
GetData ===>> H2,-0.220201742045966,H1,9.51616168663272,AX,2.04650955267088,L1,0.0254975735562432,L2,4.35161997...
check iteration duration=3.38554382324e-05
GetData ===>> H2,-0.0359356018744222,H1,9.40821954124604,AX,1.919217469788,L1,0.0083573251727597,L2,4.478244886...
testing H1>-5.0
evaluate ot="H1.bs>-5.0" t="H1>-5.0", ctx="{'H1': None}"
check iteration duration=0.000767946243286
09:30:06 -- collecting point 50
GetData ===>> H2,-0.190323503218919,H1,9.51315053972539,AX,2.07970403551053,L1,0.0259202802584762,L2,4.41027596...
check iteration duration=5.19752502441e-05
GetData ===>> H2,-0.236082285128818,H1,9.51471232712013,AX,2.00023654348682,L1,0.0196110180043568,L2,4.32444331...
check iteration duration=3.19480895996e-05
GetData ===>> H2,-0.184183462404368,H1,9.5412537748212,AX,1.9080952980586,L1,0.0165505177041769,L2,4.2677038391...
check iteration duration=5.41210174561e-05
GetData ===>> H2,-0.0713706034908256,H1,9.66460123492026,AX,1.8923674720737,L1,0.0414875000990805,L2,4.42204404...
check iteration duration=7.89165496826e-05
GetData ===>> H2,-0.26448736548213,H1,9.59863324534706,AX,2.03373190077106,L1,0.0313678169608405,L2,4.480005508...
testing H1>-5.0
evaluate ot="H1.bs>-5.0" t="H1>-5.0", ctx="{'H1': None}"
check iteration duration=0.00076699256897
GetData ===>> H2,-0.342731557646763,H1,9.68261656998004,AX,1.87682152262793,L1,-0.0151644011689683,L2,4.4316671...
check iteration duration=4.00543212891e-05
GetData ===>> H2,-0.286224137025848,H1,9.71584240796923,AX,2.04578270592844,L1,-0.0388418921227261,L2,4.4694189...
check iteration duration=5.50746917725e-05
GetData ===>> H2,-0.26476029600531,H1,9.72506047143054,AX,1.93537612971604,L1,0.0126253572913523,L2,4.364336863...
check iteration duration=6.29425048828e-05
GetData ===>> H2,-0.186605892544109,H1,9.672452090233,AX,2.04121072860102,L1,0.0480149122550257,L2,4.4336618903...
check iteration duration=6.60419464111e-05
GetData ===>> H2,-0.29675255237808,H1,9.69810898079968,AX,2.03159854629322,L1,0.0550054070084692,L2,4.383339511...
testing H1>-5.0
evaluate ot="H1.bs>-5.0" t="H1>-5.0", ctx="{'H1': None}"
check iteration duration=0.000667095184326
GetData ===>> H2,-0.232800574564899,H1,9.7125531186242,AX,1.96039216320297,L1,0.0140276251244189,L2,4.420306152...
check iteration duration=9.89437103271e-05
GetData ===>> H2,-0.173012034090196,H1,9.71965711216047,AX,2.02010032806332,L1,0.0123180369873738,L2,4.40379188...
check iteration duration=5.22136688232e-05
GetData ===>> H2,-0.110616790732385,H1,9.72127058614636,AX,1.96612004390044,L1,-0.00317871910625333,L2,4.315122...
check iteration duration=3.981590271e-05
GetData ===>> H2,-0.123779428685862,H1,9.78222553385535,AX,2.05668597104747,L1,0.0372114228894943,L2,4.46300691...
check iteration duration=6.31809234619e-05
GetData ===>> H2,-0.21953619996566,H1,9.76633279961725,AX,2.06383823142464,L1,0.0560041005242621,L2,4.464242655...
testing H1>-5.0
evaluate ot="H1.bs>-5.0" t="H1>-5.0", ctx="{'H1': None}"
check iteration duration=0.000771045684814
GetData ===>> H2,-0.195989642812634,H1,9.89974196887122,AX,1.97832657975598,L1,0.0442758626576545,L2,4.30722290...
check iteration duration=3.69548797607e-05
GetData ===>> H2,-0.212456102458508,H1,9.83495857491661,AX,1.89635100483887,L1,-0.0130013335983572,L2,4.3634159...
check iteration duration=5.19752502441e-05
GetData ===>> H2,-0.131007825668226,H1,9.84077580952574,AX,1.95621066961392,L1,0.011015631143058,L2,4.330992059...
check iteration duration=5.79357147217e-05
GetData ===>> H2,-0.105573664440607,H1,9.93608671355244,AX,2.00634173987701,L1,0.0452847380827484,L2,4.30730445...
check iteration duration=5.29289245605e-05
GetData ===>> H2,-0.282740694013225,H1,9.92093632520506,AX,2.03857314603855,L1,0.0251181133158367,L2,4.34661992...
testing H1>-5.0
evaluate ot="H1.bs>-5.0" t="H1>-5.0", ctx="{'H1': None}"
check iteration duration=0.00321817398071
GetData ===>> H2,-0.32401150217292,H1,9.97463614588925,AX,1.89605809251862,L1,0.0295188081410004,L2,4.419571348...
check iteration duration=5.31673431396e-05
GetData ===>> H2,-0.263020418861457,H1,10.01829087336,AX,1.96036873697326,L1,0.0372751418967192,L2,4.3468763349...
check iteration duration=6.31809234619e-05
GetData ===>> H2,-0.317184932999296,H1,10.0531532313972,AX,1.99457697827734,L1,0.0294491315256839,L2,4.43064065...
check iteration duration=4.00543212891e-05
GetData ===>> H2,-0.361216779444624,H1,10.108074874346,AX,2.01379504617016,L1,0.0124116726496561,L2,4.320866160...
check iteration duration=4.60147857666e-05
GetData ===>> H2,-0.278465549955984,H1,10.097474166228,AX,2.05085902202174,L1,0.00774775386737543,L2,4.29460663...
testing H1>-5.0
evaluate ot="H1.bs>-5.0" t="H1>-5.0", ctx="{'H1': None}"
check iteration duration=0.000643968582153
09:30:32 -- collecting point 75
GetData ===>> H2,-0.239955987715365,H1,10.0518131210689,AX,1.91218108648816,L1,0.0357135410303599,L2,4.39589727...
check iteration duration=4.79221343994e-05
GetData ===>> H2,-0.330719409644756,H1,10.080886077518,AX,2.0911343536469,L1,0.0249115776678127,L2,4.3803314847...
check iteration duration=3.88622283936e-05
GetData ===>> H2,-0.201448321330133,H1,10.1594646084624,AX,2.05830397788061,L1,-0.019034538351285,L2,4.32884793...
check iteration duration=7.10487365723e-05
GetData ===>> H2,-0.128551984781437,H1,10.0878392251284,AX,2.04944044080287,L1,-0.0304467880808324,L2,4.3601288...
check iteration duration=3.69548797607e-05
GetData ===>> H2,-0.190717172128674,H1,10.1196291090566,AX,1.99253820850204,L1,-0.00794791953426883,L2,4.335898...
testing H1>-5.0
evaluate ot="H1.bs>-5.0" t="H1>-5.0", ctx="{'H1': None}"
check iteration duration=0.000626087188721
GetData ===>> H2,-0.236908281004672,H1,10.0629353017922,AX,2.07528292975911,L1,-0.0205980017371961,L2,4.3647448...
check iteration duration=4.00543212891e-05
GetData ===>> H2,-0.279052354068748,H1,10.1193659290612,AX,2.17393110823387,L1,-0.0243078568151047,L2,4.4428311...
check iteration duration=4.2200088501e-05
GetData ===>> H2,-0.186600497952698,H1,10.1444587173076,AX,1.92250753229249,L1,0.0318220113363406,L2,4.33409179...
check iteration duration=4.38690185547e-05
GetData ===>> H2,-0.0958551081962113,H1,10.2167864089148,AX,1.9835048579005,L1,0.0589718859581745,L2,4.42372364...
check iteration duration=5.31673431396e-05
GetData ===>> H2,-0.0462511873491793,H1,10.2513695780536,AX,2.02033473295295,L1,0.0759211555840709,L2,4.4067306...
testing H1>-5.0
evaluate ot="H1.bs>-5.0" t="H1>-5.0", ctx="{'H1': None}"
check iteration duration=0.000932931900024
GetData ===>> H2,-0.140199793747469,H1,10.2711418673082,AX,2.01172072023892,L1,0.0743710806732397,L2,4.30836462...
check iteration duration=4.79221343994e-05
GetData ===>> H2,-0.296026539166209,H1,10.3008009970188,AX,1.86571710512397,L1,0.0460059804859186,L2,4.30758406...
check iteration duration=6.60419464111e-05
GetData ===>> H2,-0.31973750643105,H1,10.2228147696708,AX,2.01126367125483,L1,0.0358794271066862,L2,4.230981778...
check iteration duration=6.69956207275e-05
GetData ===>> H2,-0.290824983914877,H1,10.2457658065304,AX,2.10389572802796,L1,0.065318671933612,L2,4.308271424...
check iteration duration=3.40938568115e-05
GetData ===>> H2,-0.216303400952605,H1,10.2508304998106,AX,2.03492753725054,L1,0.0362015904679454,L2,4.33954570...
testing H1>-5.0
evaluate ot="H1.bs>-5.0" t="H1>-5.0", ctx="{'H1': None}"
check iteration duration=0.00240802764893
GetData ===>> H2,-0.192206788406076,H1,10.3716872431611,AX,2.10513797040843,L1,0.0203198221004324,L2,4.21617332...
check iteration duration=6.69956207275e-05
GetData ===>> H2,-0.19864109872848,H1,10.3271438067012,AX,2.02400324226458,L1,0.0218553347758488,L2,4.322171165...
check iteration duration=3.981590271e-05
GetData ===>> H2,-0.236292152997257,H1,10.2246070516426,AX,2.03947577744371,L1,0.0322834360899312,L2,4.38192875...
check iteration duration=4.29153442383e-05
GetData ===>> H2,-0.197773981878824,H1,10.359692552333,AX,2.06633578254533,L1,-0.00444560838610102,L2,4.4304773...
check iteration duration=7.70092010498e-05
GetData ===>> H2,-0.247887358122238,H1,10.3960421880572,AX,1.9978461283858,L1,-0.00103328169972681,L2,4.3454661...
testing H1>-5.0
evaluate ot="H1.bs>-5.0" t="H1>-5.0", ctx="{'H1': None}"
check iteration duration=0.00171208381653
GetData ===>> H2,-0.234170424542601,H1,10.4797723466831,AX,1.9978578459652,L1,-0.013992536129891,L2,4.330933794...
check iteration duration=5.69820404053e-05
GetData ===>> H2,-0.194271705843551,H1,10.4595520612971,AX,1.91564653012595,L1,0.00587007408392636,L2,4.2466082...
check iteration duration=4.29153442383e-05
GetData ===>> H2,-0.231200411749842,H1,10.4854839310313,AX,2.00468943242894,L1,0.0176650664222845,L2,4.26378740...
check iteration duration=4.10079956055e-05
GetData ===>> H2,-0.174934077057282,H1,10.4600540698111,AX,1.94421768015741,L1,0.00875812640458037,L2,4.3692212...
check iteration duration=8.01086425781e-05
GetData ===>> H2,-0.120215603149204,H1,10.5214300833923,AX,2.02755467715738,L1,-0.00565956103963234,L2,4.261910...
testing H1>-5.0
evaluate ot="H1.bs>-5.0" t="H1>-5.0", ctx="{'H1': None}"
check iteration duration=0.000582933425903
09:30:58 -- collecting point 100
GetData ===>> H2,-0.201215086812957,H1,10.5363495172016,AX,2.00725579422163,L1,-0.0114394221902312,L2,4.3146443...
check iteration duration=8.60691070557e-05
GetData ===>> H2,-0.41539519959534,H1,10.4875426879119,AX,2.09756756690435,L1,0.0592463237948084,L2,4.317452255...
check iteration duration=5.3882598877e-05
GetData ===>> H2,-0.146262847191982,H1,10.4971340124939,AX,1.99831483264954,L1,0.0432869763820455,L2,4.30241152...
check iteration duration=8.58306884766e-05
GetData ===>> H2,-0.158484957274715,H1,10.5393889201382,AX,1.95704226901781,L1,0.0492954993176204,L2,4.25013939...
check iteration duration=8.51154327393e-05
GetData ===>> H2,-0.22239883046191,H1,10.6018056813802,AX,1.9010963060449,L1,0.0649733483301429,L2,4.3253405363...
testing H1>-5.0
evaluate ot="H1.bs>-5.0" t="H1>-5.0", ctx="{'H1': None}"
check iteration duration=0.00321412086487
GetData ===>> H2,-0.264383838383838,H1,10.6217210229142,AX,1.97547981450225,L1,0.0253582763660075,L2,4.31007723...
check iteration duration=7.70092010498e-05
GetData ===>> H2,-0.155872373737864,H1,10.5379571243614,AX,2.05076523089632,L1,0.0272797867237847,L2,4.30523075...
check iteration duration=0.000132083892822
GetData ===>> H2,-0.0881002958284835,H1,10.5777390073471,AX,2.05921851525436,L1,0.0483323384113897,L2,4.3702237...
check iteration duration=8.9168548584e-05
GetData ===>> H2,-0.131732852696473,H1,10.7777895014131,AX,2.08701043618579,L1,0.0406191510688016,L2,4.39141966...
check iteration duration=6.00814819336e-05
GetData ===>> H2,-0.180485424499115,H1,10.6705961056505,AX,2.14211944208015,L1,0.0184301889857768,L2,4.30852772...
testing H1>-5.0
evaluate ot="H1.bs>-5.0" t="H1>-5.0", ctx="{'H1': None}"
check iteration duration=0.00416398048401
GetData ===>> H2,-0.268768790453534,H1,10.6178280688641,AX,2.01187307037228,L1,0.0419168914263933,L2,4.26682962...
check iteration duration=4.79221343994e-05
GetData ===>> H2,-0.157417842336209,H1,10.634782306177,AX,2.04832669302526,L1,0.0117034244970355,L2,4.276529631...
check iteration duration=7.39097595215e-05
GetData ===>> H2,-0.0766156072677067,H1,10.7078548635499,AX,2.01316219633293,L1,0.0286635009380324,L2,4.2938611...
check iteration duration=5.91278076172e-05
GetData ===>> H2,-0.161365665834464,H1,10.8012391200253,AX,2.01059568040652,L1,0.0121127618493895,L2,4.18157851...
check iteration duration=8.29696655273e-05
GetData ===>> H2,-0.160054379221675,H1,10.717206176575,AX,2.08040767809483,L1,0.00859252396255942,L2,4.28510181...
testing H1>-5.0
evaluate ot="H1.bs>-5.0" t="H1>-5.0", ctx="{'H1': None}"
check iteration duration=0.000572919845581
GetData ===>> H2,-0.0843532981794811,H1,10.6946965573193,AX,2.05790533604518,L1,0.0115125661373947,L2,4.3684518...
check iteration duration=8.70227813721e-05
GetData ===>> H2,-0.129141317075783,H1,10.7711551855911,AX,1.95977137000044,L1,0.0476698428709825,L2,4.29501433...
check iteration duration=5.69820404053e-05
GetData ===>> H2,-0.13492864166366,H1,10.7975567073803,AX,2.12465260939078,L1,0.0402210825186559,L2,4.340652841...
check iteration duration=8.41617584229e-05
GetData ===>> H2,-0.177353087664923,H1,10.8043309377536,AX,2.08410188423106,L1,-0.00318471801065681,L2,4.366143...
check iteration duration=4.07695770264e-05
GetData ===>> H2,-0.306470951081683,H1,10.8560003231616,AX,1.96284023498054,L1,-0.00106568264397937,L2,4.285579...
testing H1>-5.0
evaluate ot="H1.bs>-5.0" t="H1>-5.0", ctx="{'H1': None}"
check iteration duration=0.000568151473999
GetData ===>> H2,-0.265506451661919,H1,10.8204953298669,AX,2.02310075284229,L1,0.0320755520126104,L2,4.19167614...
check iteration duration=4.19616699219e-05
waiting for write to finish
measurement finished
estimated time: 125.829 actual time: :126.151
flush and close file /Users/jan/PychronDev/data/isotopes/82/fc3b98-a8cb-422d-a4ab-f832d7d0e0eb.h5
baselines () {'settling_time': 15.0, 'detector': 'H1', 'mass': 34.2, 'ncounts': 60}
%%%%%%%%%%%%%%%%%%%%%%%%%%%%%%%% Baseline
build tables- baseline [Detector(H2), Detector(H1), Detector(AX), Detector(L1), Detector(L2), Detector(CDD)]
add group baseline table H2
add group baseline table H1
add group baseline table AX
add group baseline table L1
add group baseline table L2
add group baseline table CDD
flush and close file /Users/jan/PychronDev/data/isotopes/82/fc3b98-a8cb-422d-a4ab-f832d7d0e0eb.h5
detector Detector(H1)
POSITION 34.2 H1
Mapping mass to dac mass func: "parabolic"
H1 map mass coeffs = [-0.00063987  0.15840543  0.57279999]
H1 map mass to dac 34.2 >> 5.24184599104
GetDeflection H1 ===>> 0
GetHighVoltage ===>> 4499.94659342336
positioning 34.2 (5.2418151223) on H1
setting magnet DAC
current  : 5.881155
requested: 5.241815
Delta Dac: 0.639340
Checking detector protection. dv=0.63934
Checking detector "CDD". Protection Threshold: 0.1 (V)
ProtectDetector CDD,On ===>> OK
GetDeflection CDD ===>> 2000
Protected = 2000
SetMagnetDAC 5.2418151223 ===>> OK
Magnet settling time: 0.500
GetMagnetMoving ===>> True
GetMagnetMoving ===>> True
GetMagnetMoving ===>> True
GetMagnetMoving ===>> True
GetMagnetMoving ===>> True
GetMagnetMoving ===>> True
GetMagnetMoving ===>> True
GetMagnetMoving ===>> True
GetMagnetMoving ===>> False
ProtectDetector CDD,Off ===>> OK
GetDeflection CDD ===>> 50
Delaying 15.0s for detectors to settle
State checksums do not match. Local:1695186306 Remote:-1097334291
State checksum failed
set states for children of V. state=True
handle state [('V', True)]
update switch state V True args=() kw={'refresh': False} ncanvase=6
refresh_canvas_needed fired
Join finished
measuring baseline. ncounts=60
"baseline" increment series count="2" fit count="1" regressing="True"
starting measurement
check iteration duration=5.29289245605e-05
GetData ===>> H2,-0.24361016993189,H1,-0.0268502254449963,AX,-0.0384717795041803,L1,-0.0331376787357406,L2,0.01...
check iteration duration=5.19752502441e-05
GetData ===>> H2,-0.135181507394828,H1,-0.100414724256503,AX,-0.129100216905784,L1,-0.0206615422733691,L2,-0.12...
check iteration duration=9.70363616943e-05
GetData ===>> H2,-0.138360103290737,H1,-0.116512783012434,AX,-0.0937699188080345,L1,-0.0156058183274573,L2,-0.0...
check iteration duration=7.60555267334e-05
GetData ===>> H2,-0.212931530847201,H1,-0.0233083237578978,AX,-0.0206467942879331,L1,-0.0225555852774406,L2,-0....
testing H1>-5.0
evaluate ot="H1.bs>-5.0" t="H1>-5.0", ctx="{'H1': None}"
check iteration duration=0.00843095779419
GetData ===>> H2,-0.165005682774361,H1,-0.121501613925612,AX,-0.0311774989847451,L1,-0.0172849457913935,L2,-0.0...
check iteration duration=7.60555267334e-05
GetData ===>> H2,-0.224222453148122,H1,-0.0821210398696646,AX,-0.0549369846270528,L1,-0.0218519539721971,L2,-0....
check iteration duration=6.19888305664e-05
GetData ===>> H2,-0.240161945449993,H1,-0.0942536418947924,AX,-0.112728669745342,L1,-0.012445162698406,L2,-0.00...
check iteration duration=6.22272491455e-05
GetData ===>> H2,-0.349680366468571,H1,-0.101820875564118,AX,-0.0472960844487465,L1,-0.0310983203392411,L2,0.06...
check iteration duration=4.79221343994e-05
GetData ===>> H2,-0.265752470545272,H1,-0.0412788998514156,AX,-0.0867231821126702,L1,-0.0141267664516782,L2,0.0...
testing H1>-5.0
evaluate ot="H1.bs>-5.0" t="H1>-5.0", ctx="{'H1': None}"
check iteration duration=0.000992059707642
GetData ===>> H2,-0.203594392446183,H1,-0.0835632041857657,AX,-0.132552604715286,L1,-0.0221600234798958,L2,0.01...
check iteration duration=3.88622283936e-05
GetData ===>> H2,-0.203594392446183,H1,-0.0835632041857657,AX,-0.132552604715286,L1,-0.0221600234798958,L2,0.01...
check iteration duration=6.00814819336e-05
GetData ===>> H2,-0.300363135561672,H1,0.0076200688595264,AX,-0.142153771459607,L1,-0.0616571791312583,L2,-0.08...
check iteration duration=3.91006469727e-05
GetData ===>> H2,-0.24609137861588,H1,-0.0528441863922645,AX,-0.107606926450313,L1,-0.0469686451228434,L2,-0.04...
check iteration duration=4.10079956055e-05
GetData ===>> H2,-0.24609137861588,H1,-0.0528441863922645,AX,-0.107606926450313,L1,-0.0469686451228434,L2,-0.04...
testing H1>-5.0
evaluate ot="H1.bs>-5.0" t="H1>-5.0", ctx="{'H1': None}"
check iteration duration=0.000582933425903
GetData ===>> H2,-0.240450010751709,H1,-0.0344344822359897,AX,-0.126423952788594,L1,0.00783894722824838,L2,0.03...
check iteration duration=8.89301300049e-05
GetData ===>> H2,-0.228922917918564,H1,-0.109804580362316,AX,-0.186123160694647,L1,-0.020925291151928,L2,-0.095...
check iteration duration=4.10079956055e-05
GetData ===>> H2,-0.210727960637701,H1,-0.0142920083898933,AX,-0.0103933394865805,L1,0.0208460512750611,L2,0.02...
check iteration duration=7.39097595215e-05
GetData ===>> H2,-0.210727960637701,H1,-0.0142920083898933,AX,-0.0103933394865805,L1,0.0208460512750611,L2,0.02...
check iteration duration=7.48634338379e-05
GetData ===>> H2,-0.296376802768166,H1,0.0268403245176298,AX,-0.0743090212683412,L1,-0.000321634670420089,L2,0....
testing H1>-5.0
evaluate ot="H1.bs>-5.0" t="H1>-5.0", ctx="{'H1': None}"
check iteration duration=0.000737905502319
GetData ===>> H2,-0.240108100653253,H1,-0.0701300093667755,AX,0.0171362656384405,L1,-0.00831966870211138,L2,-0....
check iteration duration=7.79628753662e-05
GetData ===>> H2,-0.136023901761435,H1,-0.0861018396303813,AX,-0.0582528790587265,L1,-0.0546824777177225,L2,-0....
check iteration duration=5.50746917725e-05
GetData ===>> H2,-0.187922096008893,H1,-0.0424831827475767,AX,-0.092807976609041,L1,-0.0150168579639869,L2,-0.0...
check iteration duration=9.51290130615e-05
GetData ===>> H2,-0.187922096008893,H1,-0.0424831827475767,AX,-0.092807976609041,L1,-0.0150168579639869,L2,-0.0...
check iteration duration=5.10215759277e-05
GetData ===>> H2,-0.245495346247161,H1,-0.0570049780208802,AX,-0.204780668549049,L1,-0.0108460001344206,L2,0.07...
testing H1>-5.0
evaluate ot="H1.bs>-5.0" t="H1>-5.0", ctx="{'H1': None}"
check iteration duration=0.00121307373047
09:32:04 -- collecting point 25
GetData ===>> H2,-0.14592782209841,H1,-0.0475743968352703,AX,0.0629896272420744,L1,-0.0143664590016227,L2,0.035...
check iteration duration=7.70092010498e-05
GetData ===>> H2,-0.0958903206428588,H1,-0.0514254241943622,AX,-0.0557833600290202,L1,-0.0611307749790042,L2,-0...
check iteration duration=3.31401824951e-05
GetData ===>> H2,-0.113991441663916,H1,-0.0785930130945854,AX,-0.0651393757107937,L1,-0.0255913038961116,L2,-0....
check iteration duration=6.69956207275e-05
GetData ===>> H2,-0.113991441663916,H1,-0.0785930130945854,AX,-0.0651393757107937,L1,-0.0255913038961116,L2,-0....
check iteration duration=8.01086425781e-05
GetData ===>> H2,-0.150899496486431,H1,-0.0743854401467956,AX,-0.162802037224637,L1,-0.0310240669560778,L2,0.05...
testing H1>-5.0
evaluate ot="H1.bs>-5.0" t="H1>-5.0", ctx="{'H1': None}"
check iteration duration=0.000834941864014
GetData ===>> H2,-0.194388958126093,H1,-0.0374871026237898,AX,0.013632276244761,L1,0.037378535859089,L2,0.01796...
check iteration duration=7.41481781006e-05
GetData ===>> H2,-0.103338009127234,H1,-0.0575891440849795,AX,0.00474523963695558,L1,-0.0535519182214876,L2,-0....
check iteration duration=7.79628753662e-05
GetData ===>> H2,-0.103338009127234,H1,-0.0575891440849795,AX,0.00474523963695558,L1,-0.0535519182214876,L2,-0....
check iteration duration=3.981590271e-05
GetData ===>> H2,-0.16546330245116,H1,-0.0431389742699516,AX,-0.122090797629583,L1,-0.0728773762902619,L2,0.012...
check iteration duration=7.82012939453e-05
GetData ===>> H2,-0.264375771297318,H1,-0.0332658763496195,AX,-0.0656726530999061,L1,0.0217796350081224,L2,0.13...
testing H1>-5.0
evaluate ot="H1.bs>-5.0" t="H1>-5.0", ctx="{'H1': None}"
check iteration duration=0.000616073608398
GetData ===>> H2,-0.332764765850977,H1,0.0690519346526976,AX,-0.0319081113364478,L1,-0.014615733197336,L2,0.031...
check iteration duration=8.41617584229e-05
GetData ===>> H2,-0.262664073975781,H1,0.00596188328747544,AX,0.00299345217099428,L1,-0.0320946997855535,L2,0.1...
check iteration duration=8.10623168945e-05
GetData ===>> H2,-0.111948902706024,H1,-0.00632453527809036,AX,-0.0246365345388387,L1,-0.0426719957722623,L2,-0...
check iteration duration=3.81469726562e-05
GetData ===>> H2,-0.188284834200459,H1,-0.0169755204758591,AX,-0.0752479627489523,L1,-0.0369478588108903,L2,0.0...
check iteration duration=4.10079956055e-05
GetData ===>> H2,-0.145776517198827,H1,-0.0294499253709056,AX,-0.0888558010213054,L1,-0.0228180858837769,L2,0.0...
testing H1>-5.0
evaluate ot="H1.bs>-5.0" t="H1>-5.0", ctx="{'H1': None}"
check iteration duration=0.000611066818237
GetData ===>> H2,-0.0872513750600478,H1,-0.0254549458036156,AX,-0.029507507299355,L1,-0.0371000176182299,L2,-0....
check iteration duration=4.10079956055e-05
GetData ===>> H2,-0.128562798493652,H1,-0.0504239328855459,AX,0.0150593825293624,L1,0.00912894174433718,L2,-0.0...
check iteration duration=6.60419464111e-05
GetData ===>> H2,-0.143698572479389,H1,0.0671659358902012,AX,-0.119240542210108,L1,-0.00821653966383678,L2,0.01...
check iteration duration=3.50475311279e-05
GetData ===>> H2,-0.257873709852291,H1,-0.0416127619081273,AX,-0.171275716479159,L1,-0.0140452696841261,L2,-0.0...
check iteration duration=0.000102043151855
GetData ===>> H2,-0.42671322439682,H1,-0.0780447274952188,AX,-0.18805860897128,L1,-0.0519585445124562,L2,0.0016...
testing H1>-5.0
evaluate ot="H1.bs>-5.0" t="H1>-5.0", ctx="{'H1': None}"
check iteration duration=0.000983953475952
GetData ===>> H2,-0.288375730076394,H1,-0.0631325910916079,AX,-0.0324763615958876,L1,-0.0423127610329706,L2,-0....
check iteration duration=3.981590271e-05
GetData ===>> H2,-0.120935220878586,H1,-0.086745427114354,AX,-0.107560574601077,L1,-0.0209744435875986,L2,-0.00...
check iteration duration=6.00814819336e-05
GetData ===>> H2,-0.108865447866466,H1,-0.0508769897190174,AX,-0.133224531722242,L1,-0.0332418509425635,L2,-0.1...
check iteration duration=5.00679016113e-05
GetData ===>> H2,-0.151715069723616,H1,0.0157205212592661,AX,0.0160107983421356,L1,-0.0257003474065025,L2,-0.00...
check iteration duration=5.29289245605e-05
GetData ===>> H2,-0.102700523164584,H1,-0.0186810040975647,AX,-0.0227344694697384,L1,-0.0276126106404236,L2,0.0...
testing H1>-5.0
evaluate ot="H1.bs>-5.0" t="H1>-5.0", ctx="{'H1': None}"
check iteration duration=0.000627040863037
09:32:30 -- collecting point 50
GetData ===>> H2,-0.219606258872193,H1,-0.0775083582409185,AX,0.0666196386967482,L1,-0.0187599479958169,L2,0.03...
check iteration duration=6.31809234619e-05
GetData ===>> H2,-0.234968305778036,H1,-0.047777086180356,AX,-0.128636799818815,L1,-0.033735157539077,L2,0.0019...
check iteration duration=3.69548797607e-05
GetData ===>> H2,-0.277364370559901,H1,-0.0151626668624115,AX,-0.137121469137247,L1,-0.00275158792558414,L2,0.0...
check iteration duration=4.6968460083e-05
GetData ===>> H2,-0.196738209336877,H1,-0.0719657075847867,AX,-0.0173180195700965,L1,-0.0210895312779675,L2,-0....
check iteration duration=9.41753387451e-05
GetData ===>> H2,-0.269600690427604,H1,-0.0695935976853466,AX,-0.0639916601122643,L1,0.00577889854479256,L2,-0....
testing H1>-5.0
evaluate ot="H1.bs>-5.0" t="H1>-5.0", ctx="{'H1': None}"
check iteration duration=0.000581979751587
GetData ===>> H2,-0.224425807898557,H1,-0.0598900099051612,AX,-0.0495455164637769,L1,0.00372118663076979,L2,-0....
check iteration duration=7.70092010498e-05
GetData ===>> H2,-0.261729455614873,H1,-0.0859111462475191,AX,-0.0701242459741108,L1,-0.0242191718826131,L2,-0....
check iteration duration=8.48770141602e-05
GetData ===>> H2,-0.246695451550879,H1,0.0493461948243958,AX,0.0361783598964489,L1,-0.0584971434248382,L2,-0.03...
check iteration duration=7.20024108887e-05
GetData ===>> H2,-0.166068034026784,H1,0.00857443272150889,AX,-0.129691070489898,L1,-0.102518927475231,L2,-0.06...
check iteration duration=3.91006469727e-05
GetData ===>> H2,-0.217277914948722,H1,-0.0521407689930918,AX,-0.115451658766854,L1,-0.0493394555474039,L2,0.00...
testing H1>-5.0
evaluate ot="H1.bs>-5.0" t="H1>-5.0", ctx="{'H1': None}"
check iteration duration=0.000585079193115
GetData ===>> H2,-0.190857379666287,H1,-0.0305708760629518,AX,-0.108209498480492,L1,-0.0330802039526891,L2,0.11...
check iteration duration=4.00543212891e-05
waiting for write to finish
measurement finished
estimated time: 62.915 actual time: :63.123
flush and close file /Users/jan/PychronDev/data/isotopes/82/fc3b98-a8cb-422d-a4ab-f832d7d0e0eb.h5
activate_detectors ('H1', 'AX', 'CDD') {'peak_center': True}
peak_center () {'detector': 'H1', 'integration_time': 0.262144, 'isotope': 'Ar40'}
peak center: mean=10.7605317507 threshold=3
peak center started
setup peak center. detector=['H1', 'AX', 'CDD'], isotope=Ar40
VersionedUnpickler [<apptools.sweet_pickle.versioned_unpickler.VersionedUnpickler object at 0x1cea24050>] using Updater [<apptools.sweet_pickle.updater.Updater object at 0x12e273d10>]
VersionedUnpickler [<apptools.sweet_pickle.versioned_unpickler.VersionedUnpickler object at 0x1cea24050>] using Updater [<apptools.sweet_pickle.updater.Updater object at 0x12e273d10>]
VersionedUnpickler [<apptools.sweet_pickle.versioned_unpickler.VersionedUnpickler object at 0x1c23fb530>] using Updater [<apptools.sweet_pickle.updater.Updater object at 0x12e273d10>]
setting integration time = 0.524288
SetIntegrationTime 0.524288 ===>> OK
Mapping mass to dac mass func: "parabolic"
H1 map mass coeffs = [-0.00063987  0.15840543  0.57279999]
H1 map mass to dac 39.9624 >> 5.88119
GetDeflection H1 ===>> 0
GetHighVoltage ===>> 4499.94659342336
do peak center. <pychron.spectrometer.jobs.peak_center.PeakCenter object at 0x16275af50>
doing pc
starting peak center. center dac= 5.88115536622 step_width=0.001
width = 0.001
get scan parameters. half-width=0.015,window=0.015, i=0, scalar=1
Scan parameters center=5.88116 width=0.03000 (5.86616 - 5.89616)
GetData ===>> H2,-0.174538508872083,H1,-0.0461197906676201,AX,-0.0347609260941087,L1,-0.0237457728670221,L2,0.0...
Moving to starting dac 5.86615536622
setting magnet DAC
current  : 5.241815
requested: 5.866155
Delta Dac: 0.624340
Checking detector protection. dv=0.62434
Checking detector "CDD". Protection Threshold: 0.1 (V)
ProtectDetector CDD,On ===>> OK
GetDeflection CDD ===>> 2000
Protected = 2000
SetMagnetDAC 5.86615536622 ===>> OK
Magnet settling time: 0.500
GetMagnetMoving ===>> True
GetMagnetMoving ===>> True
GetMagnetMoving ===>> True
GetMagnetMoving ===>> True
GetMagnetMoving ===>> True
GetMagnetMoving ===>> True
GetMagnetMoving ===>> True
GetMagnetMoving ===>> True
GetMagnetMoving ===>> True
GetMagnetMoving ===>> False
ProtectDetector CDD,Off ===>> OK
GetDeflection CDD ===>> 50
Wait until signal near baseline. tol= -0.0345898430007. timeout= 10
GetData ===>> H2,0.446524788378229,H1,0.327743463637842,AX,0.0760016811204445,L1,0.0957030755595099,L2,-0.04778...
GetData ===>> H2,0.593569224146051,H1,0.386434079196607,AX,-0.0241146301410589,L1,0.136173281624136,L2,0.028721...
GetData ===>> H2,0.249353355396992,H1,0.153523029585245,AX,-0.0494179727400186,L1,0.0916109864082921,L2,0.07659...
GetData ===>> H2,0.0501618007214198,H1,0.00640326813121668,AX,-0.0222821436470987,L1,0.0811355838338995,L2,-0.0...
GetData ===>> H2,-0.0983533795929861,H1,0.0188821422276277,AX,0.0423872823124059,L1,0.0258194054583189,L2,-0.00...
GetData ===>> H2,-0.149480192352107,H1,0.032961515820751,AX,-0.0536152329737066,L1,-0.00654954004450045,L2,-0.0...
GetData ===>> H2,-0.165636086194913,H1,-0.033695161730196,AX,-0.0495803010866978,L1,-0.0300347515112227,L2,-0.0...
set states for children of Q. state=False
handle state [('Q', False)]
update switch state Q False args=() kw={'refresh': False} ncanvase=6
refresh_canvas_needed fired
GetData ===>> H2,-0.181499358827902,H1,0.0103877491263617,AX,-0.0065306154461839,L1,-0.0239255355192544,L2,-0.0...
GetData ===>> H2,-0.181499358827902,H1,0.0103877491263617,AX,-0.0065306154461839,L1,-0.0239255355192544,L2,-0.0...
GetData ===>> H2,-0.171492976149478,H1,0.0630359614002931,AX,-0.0216094500743014,L1,-0.0336573527795027,L2,-0.0...
GetData ===>> H2,-0.132802331348705,H1,0.0108172236122474,AX,0.0211741316795059,L1,-0.0418517243015785,L2,-0.01...
set states for children of D. state=False
set states for children of I. state=True
handle state [('D', False), ('I', True)]
update switch state D False args=() kw={'refresh': True} ncanvase=6
update switch state I True args=() kw={'refresh': False} ncanvase=6
refresh_canvas_needed fired
GetData ===>> H2,-0.0235691571917997,H1,-0.0813582338100137,AX,-0.171922011760548,L1,-0.0155288868816088,L2,0.1...
Peak center baseline intensity achieved
_do_sweep sm= 5.86615536622, em= 5.89615536622, stm= 0.001
calculated step values: start=5.86615536622, end=5.89615536622, width=0.001, nsteps=31.0
setting magnet DAC
current  : 5.866155
requested: 5.866155
Delta Dac: 0.000000
Checking detector protection. dv=0.00000
Checking detector "CDD". Protection Threshold: 0.1 (V)
SetMagnetDAC 5.86615536622 ===>> OK
GetData ===>> H2,-0.0235691571917997,H1,-0.0813582338100137,AX,-0.171922011760548,L1,-0.0155288868816088,L2,0.1...
setting magnet DAC
current  : 5.866155
requested: 5.867190
Delta Dac: 0.001034
Checking detector protection. dv=0.00103
Checking detector "CDD". Protection Threshold: 0.1 (V)
SetMagnetDAC 5.86718984898 ===>> OK
Magnet settling time: 1.049
State checksums do not match. Local:-869564398 Remote:611344307
State checksum failed
GetData ===>> H2,-0.181151576339641,H1,-0.0310001730032149,AX,-0.0909188335268357,L1,0.0189766865961439,L2,0.02...
setting magnet DAC
current  : 5.867190
requested: 5.868224
Delta Dac: 0.001034
Checking detector protection. dv=0.00103
Checking detector "CDD". Protection Threshold: 0.1 (V)
SetMagnetDAC 5.86822433174 ===>> OK
Magnet settling time: 1.049
GetData ===>> H2,-0.0595634696135722,H1,0.0331524361879111,AX,-0.152256674138811,L1,-0.0117295269059455,L2,-0.0...
setting magnet DAC
current  : 5.868224
requested: 5.869259
Delta Dac: 0.001034
Checking detector protection. dv=0.00103
Checking detector "CDD". Protection Threshold: 0.1 (V)
SetMagnetDAC 5.8692588145 ===>> OK
Magnet settling time: 1.049
set states for children of B. state=False
set states for children of W. state=True
handle state [('B', False), ('W', True)]
update switch state B False args=() kw={'refresh': True} ncanvase=6
update switch state W True args=() kw={'refresh': False} ncanvase=6
refresh_canvas_needed fired
GetData ===>> H2,-0.0189778629745995,H1,0.302924993656873,AX,0.0043043894915412,L1,0.00541542774616684,L2,-0.07...
setting magnet DAC
current  : 5.869259
requested: 5.870293
Delta Dac: 0.001034
Checking detector protection. dv=0.00103
Checking detector "CDD". Protection Threshold: 0.1 (V)
SetMagnetDAC 5.87029329726 ===>> OK
Magnet settling time: 1.049
GetData ===>> H2,-0.178425562204631,H1,1.09927146962885,AX,0.00284263750546294,L1,-0.0569148772330343,L2,-0.019...
setting magnet DAC
current  : 5.870293
requested: 5.871328
Delta Dac: 0.001034
Checking detector protection. dv=0.00103
Checking detector "CDD". Protection Threshold: 0.1 (V)
SetMagnetDAC 5.87132778002 ===>> OK
Magnet settling time: 1.049
GetData ===>> H2,-0.192374974608781,H1,3.30743055791263,AX,0.243218170256126,L1,-0.0616608081121329,L2,0.177411...
setting magnet DAC
current  : 5.871328
requested: 5.872362
Delta Dac: 0.001034
Checking detector protection. dv=0.00103
Checking detector "CDD". Protection Threshold: 0.1 (V)
SetMagnetDAC 5.87236226278 ===>> OK
Magnet settling time: 1.049
GetData ===>> H2,-0.193508821480647,H1,6.32757650415401,AX,0.800529585938656,L1,-0.0787850000560143,L2,0.519338...
setting magnet DAC
current  : 5.872362
requested: 5.873397
Delta Dac: 0.001034
Checking detector protection. dv=0.00103
Checking detector "CDD". Protection Threshold: 0.1 (V)
SetMagnetDAC 5.87339674553 ===>> OK
Magnet settling time: 1.049
GetData ===>> H2,-0.171484881156507,H1,9.2690483297462,AX,1.29864156697226,L1,-0.0166600279814972,L2,1.15150777...
setting magnet DAC
current  : 5.873397
requested: 5.874431
Delta Dac: 0.001034
Checking detector protection. dv=0.00103
Checking detector "CDD". Protection Threshold: 0.1 (V)
SetMagnetDAC 5.87443122829 ===>> OK
Magnet settling time: 1.049
GetData ===>> H2,-0.238533026760439,H1,10.8788788244355,AX,1.68057082501025,L1,0.00738348412153553,L2,2.5254429...
setting magnet DAC
current  : 5.874431
requested: 5.875466
Delta Dac: 0.001034
Checking detector protection. dv=0.00103
Checking detector "CDD". Protection Threshold: 0.1 (V)
SetMagnetDAC 5.87546571105 ===>> OK
Magnet settling time: 1.049
GetData ===>> H2,-0.165298615492832,H1,11.6912532929368,AX,1.95193319123438,L1,0.0115389998362379,L2,3.30886332...
setting magnet DAC
current  : 5.875466
requested: 5.876500
Delta Dac: 0.001034
Checking detector protection. dv=0.00103
Checking detector "CDD". Protection Threshold: 0.1 (V)
SetMagnetDAC 5.87650019381 ===>> OK
Magnet settling time: 1.049
GetData ===>> H2,-0.120532132356258,H1,12.0023746807708,AX,2.0594314368902,L1,0.0386433942792723,L2,3.686459097...
setting magnet DAC
current  : 5.876500
requested: 5.877535
Delta Dac: 0.001034
Checking detector protection. dv=0.00103
Checking detector "CDD". Protection Threshold: 0.1 (V)
SetMagnetDAC 5.87753467657 ===>> OK
Magnet settling time: 1.049
GetData ===>> H2,-0.240673458214823,H1,11.9783769711227,AX,2.05216908800355,L1,0.0265952066706845,L2,4.00854383...
setting magnet DAC
current  : 5.877535
requested: 5.878569
Delta Dac: 0.001034
Checking detector protection. dv=0.00103
Checking detector "CDD". Protection Threshold: 0.1 (V)
SetMagnetDAC 5.87856915933 ===>> OK
Magnet settling time: 1.049
GetData ===>> H2,-0.197730826582633,H1,12.0919214014888,AX,1.91089429611912,L1,0.0369890106408833,L2,4.26233043...
setting magnet DAC
current  : 5.878569
requested: 5.879604
Delta Dac: 0.001034
Checking detector protection. dv=0.00103
Checking detector "CDD". Protection Threshold: 0.1 (V)
SetMagnetDAC 5.87960364209 ===>> OK
Magnet settling time: 1.049
GetData ===>> H2,-0.111684929514812,H1,12.1582391994437,AX,2.11091577551332,L1,-0.0194585763424994,L2,4.0735515...
setting magnet DAC
current  : 5.879604
requested: 5.880638
Delta Dac: 0.001034
Checking detector protection. dv=0.00103
Checking detector "CDD". Protection Threshold: 0.1 (V)
SetMagnetDAC 5.88063812484 ===>> OK
Magnet settling time: 1.049
GetData ===>> H2,-0.254601924279159,H1,12.0501083637784,AX,2.04446221384408,L1,0.0200808111468958,L2,4.07885638...
setting magnet DAC
current  : 5.880638
requested: 5.881673
Delta Dac: 0.001034
Checking detector protection. dv=0.00103
Checking detector "CDD". Protection Threshold: 0.1 (V)
SetMagnetDAC 5.8816726076 ===>> OK
Magnet settling time: 1.049
GetData ===>> H2,-0.272892386916895,H1,12.1387088319751,AX,2.22452497499414,L1,0.0402066513254159,L2,4.23179741...
setting magnet DAC
current  : 5.881673
requested: 5.882707
Delta Dac: 0.001034
Checking detector protection. dv=0.00103
Checking detector "CDD". Protection Threshold: 0.1 (V)
SetMagnetDAC 5.88270709036 ===>> OK
Magnet settling time: 1.049
GetData ===>> H2,-0.284637712032085,H1,12.1980193980023,AX,1.98826011853997,L1,0.0666940673771158,L2,4.21408797...
setting magnet DAC
current  : 5.882707
requested: 5.883742
Delta Dac: 0.001034
Checking detector protection. dv=0.00103
Checking detector "CDD". Protection Threshold: 0.1 (V)
SetMagnetDAC 5.88374157312 ===>> OK
Magnet settling time: 1.049
set states for children of W. state=False
handle state [('W', False)]
update switch state W False args=() kw={'refresh': False} ncanvase=6
refresh_canvas_needed fired
GetData ===>> H2,-0.156018283627452,H1,12.099557725136,AX,1.98030075182016,L1,0.0587162528437384,L2,4.133876411...
setting magnet DAC
current  : 5.883742
requested: 5.884776
Delta Dac: 0.001034
Checking detector protection. dv=0.00103
Checking detector "CDD". Protection Threshold: 0.1 (V)
SetMagnetDAC 5.88477605588 ===>> OK
Magnet settling time: 1.049
GetData ===>> H2,-0.137657535603526,H1,12.2038915291078,AX,2.02890975358616,L1,-0.00448879498359262,L2,3.760063...
setting magnet DAC
current  : 5.884776
requested: 5.885811
Delta Dac: 0.001034
Checking detector protection. dv=0.00103
Checking detector "CDD". Protection Threshold: 0.1 (V)
SetMagnetDAC 5.88581053864 ===>> OK
Magnet settling time: 1.049
GetData ===>> H2,-0.367516412148161,H1,12.042930514732,AX,1.94154316263981,L1,0.0338685428502821,L2,3.965469555...
setting magnet DAC
current  : 5.885811
requested: 5.886845
Delta Dac: 0.001034
Checking detector protection. dv=0.00103
Checking detector "CDD". Protection Threshold: 0.1 (V)
SetMagnetDAC 5.8868450214 ===>> OK
Magnet settling time: 1.049
GetData ===>> H2,-0.19147266374253,H1,11.8271545388612,AX,1.92287195224538,L1,0.0227840264617755,L2,3.464464999...
setting magnet DAC
current  : 5.886845
requested: 5.887880
Delta Dac: 0.001034
Checking detector protection. dv=0.00103
Checking detector "CDD". Protection Threshold: 0.1 (V)
SetMagnetDAC 5.88787950415 ===>> OK
Magnet settling time: 1.049
GetData ===>> H2,-0.180455979313905,H1,10.3956157172687,AX,1.70175684417566,L1,-0.0293191692933123,L2,2.4660758...
setting magnet DAC
current  : 5.887880
requested: 5.888914
Delta Dac: 0.001034
Checking detector protection. dv=0.00103
Checking detector "CDD". Protection Threshold: 0.1 (V)
SetMagnetDAC 5.88891398691 ===>> OK
Magnet settling time: 1.049
GetData ===>> H2,-0.205512301141317,H1,7.80851844408865,AX,1.07645768130712,L1,-0.0272654766892153,L2,1.5401534...
setting magnet DAC
current  : 5.888914
requested: 5.889948
Delta Dac: 0.001034
Checking detector protection. dv=0.00103
Checking detector "CDD". Protection Threshold: 0.1 (V)
SetMagnetDAC 5.88994846967 ===>> OK
Magnet settling time: 1.049
GetData ===>> H2,-0.0937098031548871,H1,4.66992080925526,AX,0.559447113902727,L1,0.0126974784664852,L2,0.713096...
setting magnet DAC
current  : 5.889948
requested: 5.890983
Delta Dac: 0.001034
Checking detector protection. dv=0.00103
Checking detector "CDD". Protection Threshold: 0.1 (V)
SetMagnetDAC 5.89098295243 ===>> OK
Magnet settling time: 1.049
GetData ===>> H2,-0.0698043607555357,H1,2.09250553411435,AX,0.13991783366898,L1,0.0559606077335269,L2,0.5635934...
setting magnet DAC
current  : 5.890983
requested: 5.892017
Delta Dac: 0.001034
Checking detector protection. dv=0.00103
Checking detector "CDD". Protection Threshold: 0.1 (V)
SetMagnetDAC 5.89201743519 ===>> OK
Magnet settling time: 1.049
GetData ===>> H2,-0.154550993107195,H1,0.675423289804367,AX,-0.089458489197615,L1,0.0774317136561066,L2,0.03523...
setting magnet DAC
current  : 5.892017
requested: 5.893052
Delta Dac: 0.001034
Checking detector protection. dv=0.00103
Checking detector "CDD". Protection Threshold: 0.1 (V)
SetMagnetDAC 5.89305191795 ===>> OK
Magnet settling time: 1.049
GetData ===>> H2,-0.213565853175692,H1,0.227981375153674,AX,-0.115416897685191,L1,0.014846893035419,L2,-0.03526...
setting magnet DAC
current  : 5.893052
requested: 5.894086
Delta Dac: 0.001034
Checking detector protection. dv=0.00103
Checking detector "CDD". Protection Threshold: 0.1 (V)
SetMagnetDAC 5.89408640071 ===>> OK
Magnet settling time: 1.049
GetData ===>> H2,-0.271262816449572,H1,-0.00879356556862092,AX,-0.0437363100134172,L1,0.000231636638000983,L2,0...
setting magnet DAC
current  : 5.894086
requested: 5.895121
Delta Dac: 0.001034
Checking detector protection. dv=0.00103
Checking detector "CDD". Protection Threshold: 0.1 (V)
SetMagnetDAC 5.89512088346 ===>> OK
Magnet settling time: 1.049
GetData ===>> H2,-0.218456077903137,H1,0.0235591382330426,AX,-0.0210063415389928,L1,-0.0565035372939942,L2,-0.1...
setting magnet DAC
current  : 5.895121
requested: 5.896155
Delta Dac: 0.001034
Checking detector protection. dv=0.00103
Checking detector "CDD". Protection Threshold: 0.1 (V)
SetMagnetDAC 5.89615536622 ===>> OK
Magnet settling time: 1.049
GetData ===>> H2,-0.301280691312862,H1,-0.130618796732684,AX,-0.154017219764617,L1,-0.03270038551574,L2,0.06672...
result of _do_sweep=True
result of _calculate_peak_center=([5.8732796147205724, 5.8808547650211738, 5.8884299153217752], [8.9359959086121989, 12.201310991803181, 9.0191140618994794], 5.8847926407726767, 12.201310991803181)
Failed to find a valid peak. No peak greater than 1.0. max = 0.0309515368543
new center pos Detector(H1) (Ar40) @ 5.88085476502
GetHighVoltage ===>> 4499.94659342336
GetDeflection H1 ===>> 0
dac uncorrected for HV and deflection 5.88088939703
update mftable H1 Ar40 5.88088939703 message=automated run peakcenter
get initial guess parabolic
get initial guess parabolic
get initial guess parabolic
get initial guess parabolic
get initial guess parabolic
get initial guess parabolic
dump mftable to /Users/jan/PychronDev/setupfiles/spectrometer/mftables/mftable.csv
add to repo msg=modified - automated run peakcenter
sweep finished
locally archiving mftable
setting magnet DAC
current  : 5.896155
requested: 5.880855
Delta Dac: 0.015301
Checking detector protection. dv=0.01530
Checking detector "CDD". Protection Threshold: 0.1 (V)
SetMagnetDAC 5.88085476502 ===>> OK
Magnet settling time: 0.500
setting integration time = 1.048576
SetIntegrationTime 1.048576 ===>> OK
Failed to find a valid peak. No peak greater than 1.0. max = 0.0309515368543
flush and close file /Users/jan/PychronDev/data/isotopes/82/fc3b98-a8cb-422d-a4ab-f832d7d0e0eb.h5
finished measure script
executed snippet estimated_duration=226.132928, duration=269.052150965
jan_unknown120_60.py completed successfully
Measurement Finished
09:33:24 -- ******* Measurement Finished *******
Post Measurement Started jan_pump_ms.py
09:33:24 -- ******* Post Measurement Started jan_pump_ms.py *******
testing...
no interpolation path defined
executed snippet estimated_duration=0, duration=3.00407409668e-05
Pumping spectrometer
open () {'name': 'O'}
opening name=O desc=---
checking ownership. requestor=129.138.12.150
check software interlocks O
interlocks []
actuate state mode=None-script, software_lock=False
doing actuation None-script open_channel True
Open O ===>> OK
GetIndicatorState O ===>> OK
change switch state (True, True)
update switch state O True args=() kw={} ncanvase=6
09:33:25 -- OPEN   VALVE-O (Jan Ion Pump)
---------------------------------------- open O () result=[(True, True)], time=0.10 sec
action=open, ok=True, locked=[False]
executed snippet estimated_duration=0, duration=0.360357046127
jan_pump_ms.py completed successfully
setting _ms_pumptime
Post Measurement Finished
09:33:25 -- ******* Post Measurement Finished *******
$$$$$$$$$$$$$$$$$$$$ state at run end measurement
state changed from measurement to success
post measurement save measured=True aborted=False
Set filtering
setting fod for Ar40= {'filter_outliers': True, 'std_devs': 2, 'iterations': 1}
setting fod for H1= {'filter_outliers': True, 'std_devs': 2, 'iterations': 1}
setting fod for PM41= {'filter_outliers': False, 'std_devs': 2, 'iterations': 1}
setting fod for H2= {'filter_outliers': True, 'std_devs': 2, 'iterations': 1}
setting fod for Ar36= {'filter_outliers': True, 'std_devs': 2, 'iterations': 1}
setting fod for CDD= {'filter_outliers': True, 'std_devs': 10, 'iterations': 1}
setting fod for Ar37= {'filter_outliers': True, 'std_devs': 2, 'iterations': 1}
setting fod for L2= {'filter_outliers': True, 'std_devs': 2, 'iterations': 1}
setting fod for Ar38= {'filter_outliers': True, 'std_devs': 2, 'iterations': 1}
setting fod for L1= {'filter_outliers': True, 'std_devs': 2, 'iterations': 1}
setting fod for Ar39= {'filter_outliers': True, 'std_devs': 2, 'iterations': 1}
setting fod for AX= {'filter_outliers': True, 'std_devs': 2, 'iterations': 1}
persistence save...
persistence save - db
post measurement save
7643544080 connecting to database sqlite:////Users/jan/PychronDev/.appdata/local_lab.db
connected to db sqlite:////Users/jan/PychronDev/.appdata/local_lab.db
create new session 7643544080
close session 7643544080
No database instance. Not saving post measurement to isotopedb database
$$$$$$$$$$$$$$$ auto_save_detector_ic=False
massspec enabled True
create new session 4997822608
MassSpec Database Version: 16.0
close session 4997822608
saving post measurement to secondary database
saving to massspec database 129.138.12.160/massspecdata
setting labnumber to 65448
setting aliquot to 3
setting step to B
setting uuid to 82fc3b98-a8cb-422d-a4ab-f832d7d0e0eb
setting irradpos to 65448
setting extract_device to Fusions CO2
setting tray to 
setting position to 164
setting power_requested to 0.4
setting extract_value to 0.4
setting duration to 30.0
setting duration_at_request to 30.0
setting first_stage_delay to 30.0
setting cleanup to 30.0
setting comment to J:2 Plag, 10 crystals
setting irradiation to NM-288
setting level to J
setting irradiation_level to J
setting sample to MB.46.1
setting material to Plagioclase
setting project to IR973
setting mass_spectrometer to Jan
no attribute chron_dosages
no attribute production_ratios
no attribute interference_corrections
no attribute production_name
no attribute j
Reference Isotope=Ar40
Reference Detector=H1
%%%%%%%%%%%%%%%%%%%% Comment: J:2 Plag, 10 crystals %%%%%%%%%%%%%%%%%%%
adding isotope PM41 H2
add baseline dbdet= PM41. original det= H2
get baseline data PM41 H2
Get data baseline <pychron.processing.isotope.Baseline object at 0x1a69c6e90> len t=60
baseline PM41. v=-0.196517098747, e=0.00812025186318
get signal data PM41 H2
Get data signal PM41 0.04+/-0.08 len t=120
adding isotope Ar40 H1
add baseline dbdet= Ar40. original det= H1
get baseline data Ar40 H1
Get data baseline <pychron.processing.isotope.Baseline object at 0x1a69c6ad0> len t=60
baseline Ar40. v=-0.0513170185572, e=0.00449262797725
get signal data Ar40 H1
Get data signal Ar40 8.275+/-0.014 len t=120
adding isotope Ar39 AX
add baseline dbdet= Ar39. original det= AX
get baseline data Ar39 AX
Get data baseline <pychron.processing.isotope.Baseline object at 0x1a69c6990> len t=60
baseline Ar39. v=-0.0729785764094, e=0.00751400243348
get signal data Ar39 AX
Get data signal Ar39 1.992+/-0.012 len t=120
adding isotope Ar38 L1
add baseline dbdet= Ar38. original det= L1
get baseline data Ar38 L1
Get data baseline <pychron.processing.isotope.Baseline object at 0x1a69c6510> len t=60
baseline Ar38. v=-0.0243679214888, e=0.00277857064246
get signal data Ar38 L1
Get data signal Ar38 0.057+/-0.005 len t=120
adding isotope Ar37 L2
add baseline dbdet= Ar37. original det= L2
get baseline data Ar37 L2
Get data baseline <pychron.processing.isotope.Baseline object at 0x1a69c6f10> len t=60
baseline Ar37. v=-0.0162619481188, e=0.00658479010882
get signal data Ar37 L2
Get data signal Ar37 4.534+/-0.012 len t=120
adding isotope Ar36 CDD
add baseline dbdet= Ar36. original det= CDD
get baseline data Ar36 CDD
Get data baseline <pychron.processing.isotope.Baseline object at 0x1a69c6250> len t=60
baseline Ar36. v=3.4735262661e-05, e=8.92818592425e-06
get signal data Ar36 CDD
Get data signal Ar36 0.0226+/-0.0004 len t=120
65448-03B added analysis time 0.493485927582s
analysis added to mass spec database
mass spec save time= 0.501
persistence save - dvc
================= post measurement started
create new session 4992585168
close session 4992585168
---------------- Experiment Queue saving disabled
DVC saving peakcenter
Failed to find a valid peak. No peak greater than 1.0. max = 0.0309515368543
set states for children of C. state=False
handle state [('C', False)]
update switch state C False args=() kw={'refresh': False} ncanvase=6
refresh_canvas_needed fired
Smart pull ahead: 0 behind: 0
Up-to-date with origin
add to repo msg=modified - ad8224ebc6dbfeb9f5997218dfa5fe690569839d.json
add to repo msg=modified - 48-03B.json
add to repo msg=modified - 48-03B.dat.json
add to repo msg=modified - 48-03B.blan.json
add to repo msg=modified - 48-03B.inte.json
add to repo msg=modified - 48-03B.icfa.json
add to repo msg=modified - 48-03B.base.json
not at valid file /Users/jan/PychronDev/data/.dvc/repositories/Load1794/654/tags/48-03B.tags.json
add to repo msg=modified - 48-03B.peak.json
add to repo msg=modified - 48-03B.extr.json
not at valid file /Users/jan/PychronDev/data/.dvc/repositories/Load1794/654/monitor/48-03B.moni.json
commit message=<COLLECTION>
set states for children of P. state=False
handle state [('P', False)]
update switch state P False args=() kw={'refresh': False} ncanvase=6
refresh_canvas_needed fired
add to repo msg=modified - 48-03B.inte.json
add to repo msg=modified - 48-03B.base.json
commit message=<ISOEVO> default collection fits
add to repo msg=modified - 48-03B.blan.json
commit message=<BLANKS> preceding bu-FC-J-7809
set states for children of W. state=True
handle state [('W', True)]
update switch state W True args=() kw={'refresh': False} ncanvase=6
refresh_canvas_needed fired
add to repo msg=modified - 48-03B.icfa.json
commit message=<ICFactor> default
push repository <pychron.git_archive.repo_manager.GitRepoManager object at 0x1dfd2d230>
pushing to remote=origin, url=https://github.com
no changes to meta repo
create new session 4992585168
add association Load1794
get identifier "65448"
setting analysis irradiation position=<pychron.dvc.dvc_orm.IrradiationPositionTbl object at 0x1c66f8a50>
close session 4992585168
================= post measurement finished
09:33:38 -- ******* Post Run Check *******
loading queue conditionals post_run_actions
loading system conditionals post_run_actions
loading conditionals from /Users/jan/PychronDev/setupfiles/spectrometer/default_conditionals.yaml
loading queue conditionals post_run_terminations
loading system conditionals post_run_terminations
loading conditionals from /Users/jan/PychronDev/setupfiles/spectrometer/default_conditionals.yaml
Checking default post run terminations n=1
GetDeflection CDD ===>> 50
testing CDD==2000
evaluate ot="CDD.deflection==2000" t="CDD==2000", ctx="{'CDD': 50.0}"
09:33:38 -- ******* Post Run Check Passed *******
09:33:38 -- Automated run 65448-03B success duration: 361.263 s
----------------- finish -----------------
----------------- stop -----------------
retroactive repository identifiers disabled
finish run. runs completed=121
update duration runid=65448-03B, duration=361.26287508, md5=301e91d8
loading script "jan_unknown120_60.py"
loading script "jan_pump_ms.py"
loading script "jan_co2.py"
loading script "jan_pump_extraction_line.py"
testing...
no interpolation path defined
executed snippet estimated_duration=213.652928, duration=0.000277042388916
script duration name:unknown120_60 seconds:214.0
loading script "jan_unknown120_60.py"
loading script "jan_pump_ms.py"
loading script "jan_co2.py"
loading script "jan_pump_extraction_line.py"
testing...
no interpolation path defined
executed snippet estimated_duration=0, duration=2.40802764893e-05
loading script "jan_unknown120_60.py"
loading script "jan_pump_ms.py"
loading script "jan_co2.py"
loading script "jan_pump_extraction_line.py"
testing...
no interpolation path defined
calculate duration
testing...
no interpolation path defined
executed snippet estimated_duration=0, duration=4.57763671875e-05
calculate duration
testing...
no interpolation path defined
executed snippet estimated_duration=0, duration=0.0001380443573
executed snippet estimated_duration=0.0, duration=0.00289702415466
script duration name:co2 seconds:0.0
loading script "jan_unknown120_60.py"
loading script "jan_pump_ms.py"
loading script "jan_co2.py"
loading script "jan_pump_extraction_line.py"
testing...
no interpolation path defined
calculate duration
testing...
no interpolation path defined
executed snippet estimated_duration=4.0, duration=0.000156879425049
executed snippet estimated_duration=4.0, duration=0.0060510635376
Script duration 214.0
Run total estimated duration= 215.000
unknown120_60 in script context. using previous estimated duration
script duration name:unknown120_60 seconds:214.0
pump_ms in script context. using previous estimated duration
co2 in script context. using previous estimated duration
script duration name:co2 seconds:0.0
pump_extraction_line in script context. using previous estimated duration
Script duration 214.0
Run total estimated duration= 215.000
script duration name:unknown120_60 seconds:214.0
script duration name:co2 seconds:0.0
Script duration 214.0
Run total estimated duration= 215.000
script duration name:unknown120_60 seconds:214.0
script duration name:co2 seconds:0.0
Script duration 214.0
Run total estimated duration= 215.000
script duration name:unknown120_60 seconds:214.0
script duration name:co2 seconds:0.0
Script duration 214.0
Run total estimated duration= 215.000
script duration name:unknown120_60 seconds:214.0
script duration name:co2 seconds:0.0
Script duration 214.0
Run total estimated duration= 215.000
script duration name:unknown120_60 seconds:214.0
script duration name:co2 seconds:0.0
Script duration 214.0
Run total estimated duration= 215.000
script duration name:unknown120_60 seconds:214.0
script duration name:co2 seconds:0.0
Script duration 214.0
Run total estimated duration= 215.000
script duration name:unknown120_60 seconds:214.0
script duration name:co2 seconds:0.0
Script duration 214.0
Run total estimated duration= 215.000
script duration name:unknown120_60 seconds:214.0
script duration name:co2 seconds:0.0
Script duration 214.0
Run total estimated duration= 215.000
script duration name:unknown120_60 seconds:214.0
script duration name:co2 seconds:0.0
Script duration 214.0
Run total estimated duration= 215.000
script duration name:unknown120_60 seconds:214.0
script duration name:co2 seconds:0.0
Script duration 214.0
Run total estimated duration= 215.000
script duration name:unknown120_60 seconds:214.0
script duration name:co2 seconds:0.0
Script duration 214.0
Run total estimated duration= 215.000
loading script "jan_unknown400_120.py"
loading script "jan_pump_ms.py"
loading script "jan_co2.py"
loading script "jan_pump_extraction_line.py"
testing...
no interpolation path defined
executed snippet estimated_duration=556.052928, duration=0.000208139419556
script duration name:unknown400_120 seconds:556.0
script duration name:co2 seconds:0.0
Script duration 556.0
Run total estimated duration= 557.000
script duration name:unknown120_60 seconds:214.0
script duration name:co2 seconds:0.0
Script duration 214.0
Run total estimated duration= 215.000
script duration name:unknown120_60 seconds:214.0
script duration name:co2 seconds:0.0
Script duration 214.0
Run total estimated duration= 215.000
script duration name:unknown120_60 seconds:214.0
script duration name:co2 seconds:0.0
Script duration 214.0
Run total estimated duration= 215.000
unknown400_120 in script context. using previous estimated duration
script duration name:unknown400_120 seconds:556.0
loading script "jan_unknown400_120.py"
loading script "jan_pump_ms.py"
loading script "jan_cocktail_x1.py"
loading script "jan_pump_extraction_line.py"
testing...
no interpolation path defined
calculate duration
testing...
no interpolation path defined
executed snippet estimated_duration=0, duration=4.60147857666e-05
calculate duration
testing...
no interpolation path defined
executed snippet estimated_duration=0, duration=0.000102043151855
calculate duration
testing...
no interpolation path defined
executed snippet estimated_duration=32.0, duration=9.3936920166e-05
calculate duration
testing...
no interpolation path defined
executed snippet estimated_duration=34.0, duration=0.000123977661133
calculate duration
testing...
no interpolation path defined
executed snippet estimated_duration=4.0, duration=6.98566436768e-05
calculate duration
testing...
no interpolation path defined
executed snippet estimated_duration=38.0, duration=9.51290130615e-05
executed snippet estimated_duration=108.0, duration=0.0200650691986
script duration name:cocktail_x1 seconds:108.0
Script duration 664.0
Run total estimated duration= 665.000
script duration name:unknown400_120 seconds:556.0
cocktail_x1 in script context. using previous estimated duration
script duration name:cocktail_x1 seconds:108.0
Script duration 664.0
Run total estimated duration= 665.000
loading script "jan_ic_peak_hop3.py"
loading script "jan_pump_ms.py"
loading script "jan_air_x1.py"
loading script "jan_pump_extraction_line.py"
testing...
no interpolation path defined
executed snippet estimated_duration=133.8, duration=0.00717687606812
script duration name:ic_peak_hop3 seconds:134.0
loading script "jan_ic_peak_hop3.py"
loading script "jan_pump_ms.py"
loading script "jan_air_x1.py"
loading script "jan_pump_extraction_line.py"
testing...
no interpolation path defined
calculate duration
testing...
no interpolation path defined
executed snippet estimated_duration=0, duration=4.6968460083e-05
calculate duration
testing...
no interpolation path defined
executed snippet estimated_duration=0, duration=0.000109910964966
calculate duration
testing...
no interpolation path defined
executed snippet estimated_duration=32.0, duration=0.000115156173706
calculate duration
testing...
no interpolation path defined
executed snippet estimated_duration=34.0, duration=0.000103950500488
calculate duration
testing...
no interpolation path defined
executed snippet estimated_duration=4.0, duration=6.89029693604e-05
calculate duration
testing...
no interpolation path defined
executed snippet estimated_duration=36.0, duration=9.48905944824e-05
executed snippet estimated_duration=106.0, duration=0.00819301605225
script duration name:air_x1 seconds:106.0
Script duration 240.0
Run total estimated duration= 241.000
script duration name:unknown120_60 seconds:214.0
script duration name:co2 seconds:0.0
Script duration 214.0
Run total estimated duration= 215.000
script duration name:unknown120_60 seconds:214.0
script duration name:co2 seconds:0.0
Script duration 214.0
Run total estimated duration= 215.000
script duration name:unknown120_60 seconds:214.0
script duration name:co2 seconds:0.0
Script duration 214.0
Run total estimated duration= 215.000
script duration name:unknown400_120 seconds:556.0
loading script "jan_unknown400_120.py"
loading script "jan_pump_ms.py"
loading script "jan_sniffair_x2.py"
loading script "jan_pump_extraction_line.py"
testing...
no interpolation path defined
calculate duration
testing...
no interpolation path defined
executed snippet estimated_duration=0, duration=4.48226928711e-05
calculate duration
testing...
no interpolation path defined
executed snippet estimated_duration=0, duration=9.70363616943e-05
calculate duration
testing...
no interpolation path defined
executed snippet estimated_duration=32.0, duration=0.000152826309204
calculate duration
testing...
no interpolation path defined
executed snippet estimated_duration=34.0, duration=0.000102996826172
calculate duration
testing...
no interpolation path defined
executed snippet estimated_duration=4.0, duration=6.60419464111e-05
calculate duration
testing...
no interpolation path defined
executed snippet estimated_duration=36.0, duration=8.89301300049e-05
calculate duration
testing...
no interpolation path defined
executed snippet estimated_duration=34.0, duration=0.000102996826172
calculate duration
testing...
no interpolation path defined
executed snippet estimated_duration=4.0, duration=6.60419464111e-05
calculate duration
testing...
no interpolation path defined
executed snippet estimated_duration=36.0, duration=9.20295715332e-05
calculate duration
testing...
no interpolation path defined
executed snippet estimated_duration=70.0, duration=9.79900360107e-05
executed snippet estimated_duration=250.0, duration=0.0156190395355
script duration name:sniffair_x2 seconds:250.0
Script duration 806.0
Run total estimated duration= 807.000
script duration name:unknown400_120 seconds:556.0
sniffair_x2 in script context. using previous estimated duration
script duration name:sniffair_x2 seconds:250.0
Script duration 806.0
Run total estimated duration= 807.000
nruns=25 before=0.0, run_dur=7827.0, btw=0.0
write rem/ex queues
/Users/jan/PychronDev/experiments/rem/CurrentExperiment.rem.txt
/Users/jan/PychronDev/experiments/rem/CurrentExperiment.ex.txt
doing event level: 3
