do run
loading script "jan_unknown120_60.py"
loading script "jan_pump_ms.py"
loading script "jan_co2.py"
loading script "jan_pump_extraction_line.py"
testing...
no interpolation path defined
executed snippet estimated_duration=213.652928, duration=0.000184059143066
script duration name:unknown120_60 seconds:214.0
loading script "jan_unknown120_60.py"
loading script "jan_pump_ms.py"
loading script "jan_co2.py"
loading script "jan_pump_extraction_line.py"
testing...
no interpolation path defined
executed snippet estimated_duration=0, duration=1.81198120117e-05
loading script "jan_unknown120_60.py"
loading script "jan_pump_ms.py"
loading script "jan_co2.py"
loading script "jan_pump_extraction_line.py"
testing...
no interpolation path defined
calculate duration
testing...
no interpolation path defined
executed snippet estimated_duration=0, duration=3.88622283936e-05
calculate duration
testing...
no interpolation path defined
executed snippet estimated_duration=0, duration=6.79492950439e-05
executed snippet estimated_duration=0.0, duration=0.00194501876831
script duration name:co2 seconds:0.0
loading script "jan_unknown120_60.py"
loading script "jan_pump_ms.py"
loading script "jan_co2.py"
loading script "jan_pump_extraction_line.py"
testing...
no interpolation path defined
calculate duration
testing...
no interpolation path defined
executed snippet estimated_duration=4.0, duration=0.000115871429443
executed snippet estimated_duration=4.0, duration=0.00110006332397
Script duration 214.0
Run total estimated duration= 215.000
run duration: 0:03:35
doing event level: 2
10:13:43 -- Setting default integration. t=1.048576
setting integration time = 1.048576
SetIntegrationTime 1.048576 ===>> OK
----------------- start -----------------
**************** Experiment Type: Ar/Ar, Ar/Ar
create new session 4419438256
close session 4419438256
$$$$$ Clearing conditionals
adding conditionals 
Add queue conditionals
add default conditionals
adding default conditionals from /Users/jan/PychronDev/setupfiles/spectrometer/default_conditionals.yaml
Start automated run 65448-05C
loading script "jan_unknown120_60.py"
loading script "jan_pump_ms.py"
loading script "jan_co2.py"
loading script "jan_pump_extraction_line.py"
%%%%%%%%%%%%%%%%%% setting automated run 65448-05C
No value "sensitivity_multiplier" in metadata
$$$$$$$$$$$$$$$ auto_save_detector_ic=False
============================= Pre Extraction Check =============================
loading queue conditionals pre_run_terminations
loading system conditionals pre_run_terminations
loading conditionals from /Users/jan/PychronDev/setupfiles/spectrometer/default_conditionals.yaml
10:13:43 -- ******* Pre Extraction Check *******
Get a measurement from the spectrometer
GetData ===>> H2,-0.166173318814646,H1,0.0178560957994957,AX,-0.0560500247265518,L1,-0.0125470497533574,L2,-0.0...
Pre Extraction Termination data. keys=H2,H1,AX,L1,L2,CDD, signals=-0.16617,0.01786,-0.05605,-0.01255,-0.01295,0.00268
10:13:43 -- testing system defined conditionals
Checking default pre extraction terminations n=2
testing CDD
evaluate ot="CDD.inactive" t="CDD", ctx="{'CDD': False}"
GetDeflection CDD ===>> 50
testing CDD==2000
evaluate ot="CDD.deflection==2000" t="CDD==2000", ctx="{'CDD': 50.0}"
10:13:43 -- ******* Pre Extraction Check Passed *******
=================================================================================
10:13:43 -- stopping status monitor
stop 5288834736
Alive clients [5025639504, 4992986192]
10:13:43 -- starting status monitor
start 5288834736
Monitor already running
start extraction
do extraction
Analysis started at 10:13:43.999793
Extraction Started jan_co2.py
10:13:44 -- ******* Extraction Started jan_co2.py *******
state changed from not run to extraction
DO EXTRACTION <pychron.extraction_line.pyscript_runner.RemotePyScriptRunner object at 0x12bfe48f0>
testing...
no interpolation path defined
calculate duration
testing...
no interpolation path defined
executed snippet estimated_duration=0, duration=4.81605529785e-05
calculate duration
testing...
no interpolation path defined
executed snippet estimated_duration=0, duration=9.29832458496e-05
executed snippet estimated_duration=100.0, duration=0.00254416465759
Jan CO2 laser analysis
doing GOSUB
testing...
no interpolation path defined
executed snippet estimated_duration=0, duration=4.41074371338e-05
Waiting for CO2 access
wait ('FelixCO2Flag', 0) {}
waiting for FelixCO2Flag = 0
Read FelixCO2Flag ===>> 0
finished waiting
CO2 free
wait ('CO2PumpTimeFlag', 0) {}
waiting for CO2PumpTimeFlag = 0
Read CO2PumpTimeFlag ===>> 0
finished waiting
acquire ('JanCO2Flag',) {'clear': True}
acquire JanCO2Flag
Set JanCO2Flag 1 ===>> OK
JanCO2Flag acquired
set extraction state False (0.75, 'red', 1.5)
CO2 acquired
executed snippet estimated_duration=0, duration=0.0151498317719
WaitForCO2Access.py completed successfully
gosub finished
doing GOSUB
testing...
no interpolation path defined
executed snippet estimated_duration=0, duration=8.9168548584e-05
Prepare for CO2 analysis
close () {'description': 'Jan Inlet'}
closing name=--- desc=Jan Inlet
checking ownership. requestor=129.138.12.150
check software interlocks R
interlocks []
actuate state mode=None-script, software_lock=False
doing actuation None-script close_channel False
Close R ===>> OK
GetIndicatorState R ===>> False
change switch state (True, True)
update switch state R False args=() kw={} ncanvase=6
10:13:44 -- CLOSE  VALVE-R (Jan Inlet)
---------------------------------------- close None (Jan Inlet) result=[(True, True)]
action=close, ok=True, locked=[False]
open () {'description': 'Jan Ion Pump'}
opening name=--- desc=Jan Ion Pump
checking ownership. requestor=129.138.12.150
check software interlocks O
interlocks []
actuate state mode=None-script, software_lock=False
doing actuation None-script open_channel False
Open O ===>> OK
GetIndicatorState O ===>> OK
change switch state (True, True)
update switch state O True args=() kw={} ncanvase=6
10:13:44 -- OPEN   VALVE-O (Jan Ion Pump)
---------------------------------------- open None (Jan Ion Pump) result=[(True, True)], time=0.10 sec
action=open, ok=True, locked=[False]
close () {'description': 'Microbone to Minibone'}
closing name=--- desc=Microbone to Minibone
checking ownership. requestor=129.138.12.150
check software interlocks L
interlocks []
actuate state mode=None-script, software_lock=False
doing actuation None-script close_channel False
Close L ===>> OK
GetIndicatorState L ===>> False
change switch state (True, True)
update switch state L False args=() kw={} ncanvase=6
10:13:45 -- CLOSE  VALVE-L (Microbone to Minibone)
---------------------------------------- close None (Microbone to Minibone) result=[(True, True)]
action=close, ok=True, locked=[False]
open () {'description': 'Microbone to Turbo'}
opening name=--- desc=Microbone to Turbo
checking ownership. requestor=129.138.12.150
check software interlocks U
interlocks []
actuate state mode=None-script, software_lock=False
doing actuation None-script open_channel False
Open U ===>> OK
GetIndicatorState U ===>> OK
change switch state (True, True)
update switch state U True args=() kw={} ncanvase=6
10:13:45 -- OPEN   VALVE-U (Microbone to Turbo)
---------------------------------------- open None (Microbone to Turbo) result=[(True, True)], time=0.14 sec
action=open, ok=True, locked=[False]
open () {'description': 'Microbone to Inlet Pipette'}
opening name=--- desc=Microbone to Inlet Pipette
checking ownership. requestor=129.138.12.150
check software interlocks S
interlocks []
actuate state mode=None-script, software_lock=False
doing actuation None-script open_channel False
Open S ===>> OK
GetIndicatorState S ===>> OK
change switch state (True, True)
update switch state S True args=() kw={} ncanvase=6
10:13:46 -- OPEN   VALVE-S (Microbone to Inlet Pipette)
---------------------------------------- open None (Microbone to Inlet Pipette) result=[(True, True)], time=0.41 sec
action=open, ok=True, locked=[False]
open () {'description': 'Microbone to Getter D-50'}
opening name=--- desc=Microbone to Getter D-50
checking ownership. requestor=129.138.12.150
check software interlocks K
interlocks []
actuate state mode=None-script, software_lock=False
doing actuation None-script open_channel False
Open K ===>> OK
GetIndicatorState K ===>> OK
change switch state (True, True)
update switch state K True args=() kw={} ncanvase=6
10:13:47 -- OPEN   VALVE-K (Microbone to Getter D-50)
---------------------------------------- open None (Microbone to Getter D-50) result=[(True, True)], time=0.41 sec
action=open, ok=True, locked=[False]
open () {'description': 'Microbone to Getter NP-10'}
opening name=--- desc=Microbone to Getter NP-10
checking ownership. requestor=129.138.12.150
check software interlocks M
interlocks []
actuate state mode=None-script, software_lock=False
doing actuation None-script open_channel False
Open M ===>> OK
GetIndicatorState M ===>> OK
change switch state (True, True)
update switch state M True args=() kw={} ncanvase=6
10:13:47 -- OPEN   VALVE-M (Microbone to Getter NP-10)
---------------------------------------- open None (Microbone to Getter NP-10) result=[(True, True)], time=0.16 sec
action=open, ok=True, locked=[False]
close () {'description': 'CO2 Laser to Felix'}
closing name=--- desc=CO2 Laser to Felix
checking ownership. requestor=129.138.12.150
check software interlocks F
interlocks []
actuate state mode=None-script, software_lock=True
VALVE-F(CO2 Laser to Felix) software locked
change switch state (True, False)
---------------------------------------- close None (CO2 Laser to Felix) result=[(True, False)]
action=close, ok=True, locked=[True]
open () {'description': 'CO2 Laser to Jan'}
opening name=--- desc=CO2 Laser to Jan
checking ownership. requestor=129.138.12.150
check software interlocks A
interlocks []
actuate state mode=None-script, software_lock=False
doing actuation None-script open_channel False
Open A ===>> OK
GetIndicatorState A ===>> OK
change switch state (True, True)
update switch state A True args=() kw={} ncanvase=6
10:13:48 -- OPEN   VALVE-A (CO2 Laser to Jan)
---------------------------------------- open None (CO2 Laser to Jan) result=[(True, True)], time=0.14 sec
action=open, ok=True, locked=[False]
open () {'description': 'Microbone to CO2 Laser'}
opening name=--- desc=Microbone to CO2 Laser
checking ownership. requestor=129.138.12.150
check software interlocks T
interlocks []
actuate state mode=None-script, software_lock=False
doing actuation None-script open_channel False
Open T ===>> OK
GetIndicatorState T ===>> OK
change switch state (True, True)
update switch state T True args=() kw={} ncanvase=6
10:13:48 -- OPEN   VALVE-T (Microbone to CO2 Laser)
---------------------------------------- open None (Microbone to CO2 Laser) result=[(True, True)], time=0.42 sec
action=open, ok=True, locked=[False]
executed snippet estimated_duration=0, duration=4.91229915619
PrepareForCO2Analysis.py completed successfully
gosub finished
set_motor ('beam', '1.25') {}
setting motor "beam" to 1.25
set motor beam to 1.25
SetMotor beam,1.25 ===>> OK
GetMotorMoving beam ===>> False
GetMotorMoving beam ===>> False
Block completed
move_to_position ('168',) {'autocenter': True}
FusionsCO2 move to position 168
sending GoToHole 168,True
GoToHole 168,True ===>> OK
GetDriveMoving ===>> False
GetDriveMoving ===>> False
Block completed
GetAutoCorrecting ===>> False
GetAutoCorrecting ===>> False
Block completed
update position
GetPosition ===>> 13.95730,-5.98170,1.00000
got position (13.9573, -5.9817, 1.0)
move to position succeeded
sleep (5,) {}
SLEEP 5.0
block started
WaitControl setup for 5.0  
Join finished
block finished. duration 5.02565002441
close () {'description': 'Microbone to Turbo'}
closing name=--- desc=Microbone to Turbo
checking ownership. requestor=129.138.12.150
check software interlocks U
interlocks []
actuate state mode=None-script, software_lock=False
doing actuation None-script close_channel True
Close U ===>> OK
GetIndicatorState U ===>> False
change switch state (True, True)
update switch state U False args=() kw={} ncanvase=6
10:13:57 -- CLOSE  VALVE-U (Microbone to Turbo)
---------------------------------------- close None (Microbone to Turbo) result=[(True, True)]
action=close, ok=True, locked=[False]
enable laser
enable () {}
set extraction state FusionsCO2 Enabled (False, 'red', 1.5)
enabling laser
Enable ===>> OK
begin interval
BEGIN INTERVAL Interval 1 waiting for 30.0
block started
WaitControl setup for 30.0  
set extract to 5.0
extract (5.0,) {}
GetPosition ===>> 13.95730,-5.98170,1.00000
set extraction state FusionsCO2 ON! 5.0(watts) (0.75, 'red', 1.5)
extract sample to 5.0 (watts)
set laser output
SetLaserOutput 5.0,watts ===>> OK
executing pattern triangle.lp
execute_pattern ('triangle.lp',) {}
executing pattern triangle.lp
IsPatterning ===>> OK
IsPatterning ===>> OK
IsPatterning ===>> OK
IsPatterning ===>> OK
IsPatterning ===>> OK
IsPatterning ===>> OK
IsPatterning ===>> OK
IsPatterning ===>> OK
set states for children of V. state=True
handle state [('V', True)]
update switch state V True args=() kw={'refresh': False} ncanvase=6
refresh_canvas_needed fired
IsPatterning ===>> OK
IsPatterning ===>> OK
IsPatterning ===>> OK
IsPatterning ===>> OK
IsPatterning ===>> OK
IsPatterning ===>> OK
IsPatterning ===>> OK
IsPatterning ===>> OK
IsPatterning ===>> OK
IsPatterning ===>> OK
IsPatterning ===>> OK
IsPatterning ===>> OK
IsPatterning ===>> OK
IsPatterning ===>> OK
IsPatterning ===>> OK
IsPatterning ===>> OK
IsPatterning ===>> OK
IsPatterning ===>> OK
IsPatterning ===>> False
IsPatterning ===>> False
Block completed
COMPLETE INTERVAL waiting for Interval 1 to complete
Join finished
block finished. duration 30.0835361481
Interval 1 finished
end_extract () {}
ending extraction. set laser power to 0
set laser power 0
SetLaserPower 0 ===>> OK
disable () {}
%%%%%%%%%%%%%%%%%%%%%%%%%%%%%%%%%%% disable
set extraction state False (0.75, 'red', 1.5)
disabling laser
Disable ===>> OK
sleep (30.0,) {}
SLEEP 30.0
block started
WaitControl setup for 30.0  
Join finished
block finished. duration 30.0720970631
executed snippet estimated_duration=166.0, duration=74.1218311787
jan_co2.py completed successfully
GetAchievedOutput ===>> No Response
Requested Output= 0.000
Achieved Output=  0.000
GetResponseBlob ===>> No Response
GetOutputBlob ===>> No Response
persistence save...
persistence save - db
AutomatedRunPersister post_extraction_save deprecated
persistence save - dvc
no extraction position for 168
create new session 4992585168
close session 4992585168
Extraction Finished
10:14:58 -- ******* Extraction Finished *******
no overlap. not waiting for min ms pumptime
10:14:58 -- Sending spectrometer configuration
======== Sending configuration ========
SetDeflection CDD,50.0 ===>> OK
SetDeflection H2,0.0 ===>> OK
SetDeflection H1,0.0 ===>> OK
SetDeflection L2,825.0 ===>> OK
SetDeflection L1,400.0 ===>> OK
SetDeflection AX,190.0 ===>> OK
SetZFocus 74.64 ===>> OK
SetZSymmetry -50.72 ===>> OK
SetExtractionLens 26.13 ===>> OK
SetIonRepeller -3.81 ===>> OK
SetElectronEnergy 75.08 ===>> OK
SetYSymmetry -2.81 ===>> OK
SetIonCounterVoltage 1590.0 ===>> OK
send trap current 200.0
GetParameter Trap Current Readback ===>> 197.475737044497
SetParameter Trap Current Set,200.0 ===>> OK
updating mftable name mftable
Using mftable located at /Users/jan/PychronDev/setupfiles/spectrometer/mftables/mftable.csv
============ MFtable ===========
Isotope  H2     H1     AX     L1     L2     CDD    
Ar40     5.8244 5.8810 5.9943 6.1644 6.2326 6.3926
Ar39     5.7237 5.7732 5.8867 6.0504 6.1177 6.2791
Ar36     5.4012 5.4423 5.5500 5.7093 5.7727 5.9302
================================
get initial guess parabolic
get initial guess parabolic
get initial guess parabolic
get initial guess parabolic
get initial guess parabolic
get initial guess parabolic
======== Configuration Finished ========
GetYSymmetry ===>> -2.81
GetZSymmetry ===>> -50.72
GetParameter Trap Current Readback ===>> 198.258926936459
GetHighVoltage ===>> 4499.94659342336
start measurement
do measurement
L#=65448 analysis type=unknown
Measurement Started jan_unknown120_60.py
10:14:58 -- ******* Measurement Started jan_unknown120_60.py *******
state changed from extraction to measurement
setting spec, defl, and gains
GetExtractionLens ===>> 26.13
GetYSymmetry ===>> -2.81
GetZSymmetry ===>> -50.72
GetZFocus ===>> 74.64
GetDeflection H2 ===>> 0
GetDeflection H1 ===>> 0
GetDeflection AX ===>> 190
GetDeflection L1 ===>> 400
GetDeflection L2 ===>> 825
GetDeflection CDD ===>> 50
GetGain H2 ===>> 0.0113
GetGain H1 ===>> 0.1
GetGain AX ===>> 0.097049
GetGain L1 ===>> 0.010355
GetGain L2 ===>> 0.095649
GetGain CDD ===>> 0
pre measurement save
New frame /Users/jan/PychronDev/data/isotopes/14/219fda-da0e-4ab8-bcb3-9f74ae5eb345.h5
flush and close file /Users/jan/PychronDev/data/isotopes/14/219fda-da0e-4ab8-bcb3-9f74ae5eb345.h5
testing...
no interpolation path defined
executed snippet estimated_duration=226.132928, duration=0.000273942947388
unknown measurement script
activate_detectors ('H2', 'H1', 'AX', 'L1', 'L2', 'CDD') {}
activate detectors
*************** Set Analysis View Ar/Ar
create graphs
clearing graphs
clear isotope group
setting isotope det=H2, iso=PM41
setting isotope det=H1, iso=Ar40
setting isotope det=AX, iso=Ar39
setting isotope det=L1, iso=Ar38
setting isotope det=L2, iso=Ar37
setting isotope det=CDD, iso=Ar36
setting previous blanks
 - setting Ar40 blank 0.438+/-0.007
 - setting Ar36 blank 0.00468+/-0.00018
 - setting Ar37 blank 0.048+/-0.005
 - setting Ar38 blank 0.0111+/-0.0022
 - setting PM41 blank 0.02+/-0.06
 - setting Ar39 blank 0.013+/-0.008
load analysis view
position_magnet ('Ar40',) {'detector': 'H1'}
detector Detector(H1)
POSITION Ar40 H1
setting detector H2 to PM41 (40.9624)
setting detector H1 to Ar40 (39.9624)
setting detector AX to Ar39 (38.9624)
setting detector L1 to Ar38 (37.9624)
setting detector L2 to Ar37 (36.9624)
setting detector CDD to Ar36 (35.9624)
Mapping mass to dac mass func: "parabolic"
H1 map mass coeffs = [-0.00063987  0.15840543  0.57258999]
H1 map mass to dac 39.9624 >> 5.88098
GetDeflection H1 ===>> 0
GetHighVoltage ===>> 4499.94659342336
positioning Ar40 (5.88094536746) on H1
setting magnet DAC
current  : 5.880945
requested: 5.880945
Delta Dac: 0.000000
Checking detector protection. dv=0.00000
Checking detector "CDD". Protection Threshold: 0.1 (V)
SetMagnetDAC 5.88094536746 ===>> OK
Magnet settling time: 0.500
update labels <pychron.experiment.plot_panel.PlotPanel object at 0x1dcf07d10>
update labels "<pychron.graph.stacked_regression_graph.StackedRegressionGraph object at 0x1df6222f0>"
setting label 0 H2 PM41
setting label 1 H1 Ar40
setting label 2 AX Ar39
setting label 3 L1 Ar38
setting label 4 L2 Ar37
setting label 5 CDD Ar36
update labels "<pychron.graph.stacked_graph.StackedGraph object at 0x1e0070e90>"
setting label 0 H2 PM41
setting label 1 H1 Ar40
setting label 2 AX Ar39
equilibrate () {'delay': 3, 'inlet': 'R', 'outlet': 'O', 'eqtime': 12.0}
setting label 3 L1 Ar38
Equilibration Started
setting label 4 L2 Ar37
10:14:59 -- ******* Equilibration Started *******
setting label 5 CDD Ar36
checking ownership. requestor=129.138.12.150
check software interlocks O
interlocks []
actuate state mode=None-script, software_lock=False
doing actuation None-script close_channel True
Close O ===>> OK
GetIndicatorState O ===>> False
change switch state (True, True)
update switch state O False args=() kw={} ncanvase=6
10:14:59 -- CLOSE  VALVE-O (Jan Ion Pump)
waiting 3s before opening inlet value ('R',)
checking ownership. requestor=129.138.12.150
check software interlocks R
interlocks []
actuate state mode=None-script, software_lock=False
doing actuation None-script open_channel True
Open R ===>> OK
GetIndicatorState R ===>> OK
change switch state (True, True)
update switch state R True args=() kw={} ncanvase=6
10:15:03 -- OPEN   VALVE-R (Jan Inlet)
equilibrating for 12.0sec
set_time_zero () {}
sniff (12.0,) {}
py_sniff
build tables- sniff [Detector(H2), Detector(H1), Detector(AX), Detector(L1), Detector(L2), Detector(CDD)]
add group /sniff/PM41 (Group) '' table H2
add group /sniff/Ar40 (Group) '' table H1
add group /sniff/Ar39 (Group) '' table AX
add group /sniff/Ar38 (Group) '' table L1
add group /sniff/Ar37 (Group) '' table L2
add group /sniff/Ar36 (Group) '' table CDD
flush and close file /Users/jan/PychronDev/data/isotopes/14/219fda-da0e-4ab8-bcb3-9f74ae5eb345.h5
measuring sniff. ncounts=12.0
"sniff" increment series count="1" fit count="0" regressing="False"
starting measurement
check iteration duration=3.00407409668e-05
GetData ===>> H2,-0.167231511577315,H1,0.00144078303547803,AX,-0.111871202104117,L1,0.00403695032008472,L2,0.02...
check iteration duration=4.41074371338e-05
GetData ===>> H2,0.49718982437009,H1,18.4872627360277,AX,4.47694300906233,L1,0.0840644573635772,L2,13.563732495...
check iteration duration=4.50611114502e-05
GetData ===>> H2,0.72881169413564,H1,55.2383406515703,AX,11.1605517412617,L1,0.276111842892928,L2,35.2822317684...
check iteration duration=1.69277191162e-05
GetData ===>> H2,0.309709342424506,H1,68.3374169425439,AX,13.0041957959184,L1,0.290499088177406,L2,40.185910048...
check iteration duration=3.50475311279e-05
GetData ===>> H2,0.0960600603795988,H1,72.7948441125211,AX,13.5384412664417,L1,0.241485541321565,L2,41.65374986...
check iteration duration=4.31537628174e-05
GetData ===>> H2,0.033342308667404,H1,74.3397779719124,AX,13.6832409378858,L1,0.218905756451426,L2,42.091680781...
check iteration duration=1.69277191162e-05
GetData ===>> H2,0.0169133725467168,H1,75.0531741859129,AX,13.8029827227721,L1,0.228767022536029,L2,42.35116903...
check iteration duration=4.29153442383e-05
GetData ===>> H2,9.81549138250557E-05,H1,75.31034209459,AX,13.8341708405476,L1,0.241343408306994,L2,42.44975180...
check iteration duration=1.71661376953e-05
GetData ===>> H2,-0.0707427762336777,H1,75.474709562109,AX,13.852644667048,L1,0.235872187072916,L2,42.463440291...
check iteration duration=1.81198120117e-05
GetData ===>> H2,-0.075345586585889,H1,75.689895955595,AX,13.917931817766,L1,0.236451353805373,L2,42.4852365597...
check iteration duration=1.69277191162e-05
GetData ===>> H2,-0.0316637406890167,H1,75.6396208015386,AX,13.8533652995769,L1,0.202747646687568,L2,42.5331190...
check iteration duration=2.90870666504e-05
Equilibration Finished
10:15:15 -- ******* Equilibration Finished *******
GetData ===>> H2,0.0103481241886099,H1,75.7191754173558,AX,13.8743403731226,L1,0.250195357335909,L2,42.51350115...
checking ownership. requestor=129.138.12.150
check software interlocks R
interlocks []
actuate state mode=None-script, software_lock=False
doing actuation None-script close_channel True
Close R ===>> OK
GetIndicatorState R ===>> False
change switch state (True, True)
update switch state R False args=() kw={} ncanvase=6
10:15:15 -- CLOSE  VALVE-R (Jan Inlet)
Post Equilibration Started jan_pump_extraction_line.py
10:15:16 -- ******* Post Equilibration Started jan_pump_extraction_line.py *******
testing...
no interpolation path defined
calculate duration
testing...
no interpolation path defined
executed snippet estimated_duration=4.0, duration=0.000187873840332
executed snippet estimated_duration=4.0, duration=0.0267238616943
Pump after analysis
doing GOSUB
testing...
no interpolation path defined
executed snippet estimated_duration=4.0, duration=0.000123023986816
Pump Microbone
close () {'description': 'Jan Inlet'}
closing name=--- desc=Jan Inlet
checking ownership. requestor=129.138.12.150
check software interlocks R
interlocks []
actuate state mode=None-script, software_lock=False
doing actuation None-script close_channel False
check iteration duration=4.60147857666e-05
waiting for write to finish
measurement finished
estimated time: 12.583 actual time: :12.715
flush and close file /Users/jan/PychronDev/data/isotopes/14/219fda-da0e-4ab8-bcb3-9f74ae5eb345.h5
set_fits () {}
Close R ===>> OK
using default fits file=/Users/jan/PychronDev/scripts/measurement/fits/nominal_linear.yaml
set "Ar40" to "('Linear', 'SEM')"
No fit for "PM41". defaulting to linear. check the measurement script "jan_unknown120_60.py"
set "PM41" to "linear"
set "Ar36" to "('Linear', 'SEM')"
set "Ar37" to "('linear', 'SEM')"
set "Ar38" to "('linear', 'SEM')"
set "Ar39" to "('Linear', 'SEM')"
set_baseline_fits () {}
using default fits file=/Users/jan/PychronDev/scripts/measurement/fits/nominal_linear.yaml
set "H1" to "('average', 'SEM')"
set "H2" to "('average', 'SEM')"
set "CDD" to "('average', 'SEM')"
set "L2" to "('average', 'SEM')"
set "L1" to "('average', 'SEM')"
set "AX" to "('average', 'SEM')"
multicollect () {'integration_time': 1, 'ncounts': 120}
build tables- signal [Detector(H2), Detector(H1), Detector(AX), Detector(L1), Detector(L2), Detector(CDD)]
add group /signal/PM41 (Group) '' table H2
add group /signal/Ar40 (Group) '' table H1
add group /signal/Ar39 (Group) '' table AX
add group /signal/Ar38 (Group) '' table L1
add group /signal/Ar37 (Group) '' table L2
add group /signal/Ar36 (Group) '' table CDD
flush and close file /Users/jan/PychronDev/data/isotopes/14/219fda-da0e-4ab8-bcb3-9f74ae5eb345.h5
measuring signal. ncounts=120
GetIndicatorState R ===>> False
change switch state (True, True)
update switch state R False args=() kw={} ncanvase=6
10:15:16 -- CLOSE  VALVE-R (Jan Inlet)
---------------------------------------- close None (Jan Inlet) result=[(True, True)]
"signal" increment series count="2" fit count="1" regressing="True"
action=close, ok=True, locked=[False]
is_closed ('F',) {}
is F () closed?
is closed True
open () {'description': 'CO2 Laser to Jan'}
opening name=--- desc=CO2 Laser to Jan
checking ownership. requestor=129.138.12.150
check software interlocks A
interlocks []
actuate state mode=None-script, software_lock=False
doing actuation None-script open_channel False
Open A ===>> OK
GetIndicatorState A ===>> OK
change switch state (True, True)
update switch state A True args=() kw={} ncanvase=6
10:15:16 -- OPEN   VALVE-A (CO2 Laser to Jan)
---------------------------------------- open None (CO2 Laser to Jan) result=[(True, True)], time=0.12 sec
starting measurement
check iteration duration=0.000152826309204
GetData ===>> H2,-0.0809694682565429,H1,75.5941792956604,AX,13.9430981167664,L1,0.220756216431493,L2,42.5895875...
action=open, ok=True, locked=[False]
sleep (1,) {}
SLEEP 1.0
check iteration duration=9.29832458496e-05
GetData ===>> H2,0.0163171183171696,H1,75.4664978701856,AX,13.8230781787804,L1,0.264326204803492,L2,42.44723151...
close () {'description': 'CO2 Laser to Roughing'}
closing name=--- desc=CO2 Laser to Roughing
checking ownership. requestor=129.138.12.150
check software interlocks G
interlocks []
actuate state mode=None-script, software_lock=True
VALVE-G(CO2 Laser to Roughing) software locked
change switch state (True, False)
---------------------------------------- close None (CO2 Laser to Roughing) result=[(True, False)]
action=close, ok=True, locked=[True]
open () {'description': 'Microbone to Turbo'}
opening name=--- desc=Microbone to Turbo
checking ownership. requestor=129.138.12.150
check software interlocks U
interlocks []
actuate state mode=None-script, software_lock=False
doing actuation None-script open_channel True
Open U ===>> OK
GetIndicatorState U ===>> OK
change switch state (True, True)
update switch state U True args=() kw={} ncanvase=6
10:15:18 -- OPEN   VALVE-U (Microbone to Turbo)
---------------------------------------- open None (Microbone to Turbo) result=[(True, True)], time=0.15 sec
action=open, ok=True, locked=[False]
open () {'description': 'Microbone to Getter NP-10'}
opening name=--- desc=Microbone to Getter NP-10
checking ownership. requestor=129.138.12.150
check software interlocks M
interlocks []
actuate state mode=None-script, software_lock=False
doing actuation None-script open_channel False
Open M ===>> OK
GetIndicatorState M ===>> OK
change switch state (True, True)
update switch state M True args=() kw={} ncanvase=6
10:15:18 -- OPEN   VALVE-M (Microbone to Getter NP-10)
---------------------------------------- open None (Microbone to Getter NP-10) result=[(True, True)], time=0.15 sec
action=open, ok=True, locked=[False]
open () {'description': 'Microbone to Getter D-50'}
opening name=--- desc=Microbone to Getter D-50
checking ownership. requestor=129.138.12.150
check software interlocks K
interlocks []
actuate state mode=None-script, software_lock=False
doing actuation None-script open_channel False
check iteration duration=7.29560852051e-05
GetData ===>> H2,-0.158553843520976,H1,75.4296990762486,AX,13.7734923904083,L1,0.251275266845206,L2,42.37680504...
Open K ===>> OK
GetIndicatorState K ===>> OK
change switch state (True, True)
update switch state K True args=() kw={} ncanvase=6
10:15:19 -- OPEN   VALVE-K (Microbone to Getter D-50)
---------------------------------------- open None (Microbone to Getter D-50) result=[(True, True)], time=0.41 sec
action=open, ok=True, locked=[False]
open () {'description': 'Microbone to CO2 Laser'}
opening name=--- desc=Microbone to CO2 Laser
checking ownership. requestor=129.138.12.150
check software interlocks T
interlocks []
actuate state mode=None-script, software_lock=False
doing actuation None-script open_channel False
Open T ===>> OK
GetIndicatorState T ===>> OK
change switch state (True, True)
update switch state T True args=() kw={} ncanvase=6
10:15:20 -- OPEN   VALVE-T (Microbone to CO2 Laser)
---------------------------------------- open None (Microbone to CO2 Laser) result=[(True, True)], time=0.43 sec
check iteration duration=7.29560852051e-05
GetData ===>> H2,-0.0763635119875289,H1,75.5248771983893,AX,13.6558683702855,L1,0.218396180642589,L2,42.3752870...
action=open, ok=True, locked=[False]
open () {'description': 'Microbone to Inlet Pipette'}
opening name=--- desc=Microbone to Inlet Pipette
checking ownership. requestor=129.138.12.150
check software interlocks S
interlocks []
actuate state mode=None-script, software_lock=False
doing actuation None-script open_channel False
Open S ===>> OK
GetIndicatorState S ===>> OK
change switch state (True, True)
update switch state S True args=() kw={} ncanvase=6
10:15:20 -- OPEN   VALVE-S (Microbone to Inlet Pipette)
---------------------------------------- open None (Microbone to Inlet Pipette) result=[(True, True)], time=0.42 sec
action=open, ok=True, locked=[False]
sleep (1,) {}
SLEEP 1.0
testing H1>-5.0
evaluate ot="H1.bs>-5.0" t="H1>-5.0", ctx="{'H1': None}"
check iteration duration=0.000586986541748
GetData ===>> H2,-0.0664555394500459,H1,75.6530136661744,AX,13.7322936839122,L1,0.1819001344839,L2,42.362183058...
set_resource () {'name': 'CO2PumpTimeFlag', 'value': 30}
Set CO2PumpTimeFlag 30 ===>> OK
release ('JanCO2Flag',) {}
release JanCO2Flag
Set JanCO2Flag 0 ===>> OK
executed snippet estimated_duration=6.0, duration=5.91688895226
PumpMicrobone.py completed successfully
gosub finished
get_resource_value () {'name': 'JanMiniboneFlag'}
Read JanMiniboneFlag ===>> 0
Get Resource Value JanMiniboneFlag=0.0
get resource value 0.0
get_resource_value () {'name': 'JanMiniboneFlag'}
Read JanMiniboneFlag ===>> 0
Get Resource Value JanMiniboneFlag=0.0
executed snippet estimated_duration=4.0, duration=5.93003487587
jan_pump_extraction_line.py completed successfully
Post Equilibration Finished
10:15:21 -- ******* Post Equilibration Finished *******
check iteration duration=5.07831573486e-05
GetData ===>> H2,-0.163440996820123,H1,75.6018232293419,AX,13.7178735056938,L1,0.191178588036986,L2,42.48037557...
check iteration duration=7.58171081543e-05
GetData ===>> H2,-0.201286540673086,H1,75.5080704850257,AX,13.766999429647,L1,0.177596266808233,L2,42.339209348...
check iteration duration=6.79492950439e-05
GetData ===>> H2,-0.169871163707613,H1,75.5077419284491,AX,13.6294212615105,L1,0.208526363719348,L2,42.31277428...
check iteration duration=8.98838043213e-05
GetData ===>> H2,-0.136233476518117,H1,75.4552486464316,AX,13.8362329883964,L1,0.216105831078092,L2,42.31225928...
testing H1>-5.0
evaluate ot="H1.bs>-5.0" t="H1>-5.0", ctx="{'H1': None}"
check iteration duration=0.000586032867432
GetData ===>> H2,-0.0677374040021647,H1,75.4345097837384,AX,13.7476848610264,L1,0.23350243895377,L2,42.39425634...
check iteration duration=7.79628753662e-05
GetData ===>> H2,-0.116911810112496,H1,75.5412423015384,AX,13.7652365923385,L1,0.215644912000244,L2,42.32154355...
check iteration duration=6.69956207275e-05
GetData ===>> H2,-0.160301523111397,H1,75.5138203518771,AX,13.6938939762596,L1,0.204786605250827,L2,42.33249909...
set states for children of E. state=False
set states for children of D. state=False
handle state [('E', False), ('D', False)]
update switch state E False args=() kw={'refresh': True} ncanvase=6
update switch state D False args=() kw={'refresh': False} ncanvase=6
refresh_canvas_needed fired
check iteration duration=7.20024108887e-05
GetData ===>> H2,-0.182424312987191,H1,75.4597482257591,AX,13.7362685886005,L1,0.202649525299827,L2,42.13147927...
State checksums do not match. Local:498999145 Remote:-1131948088
State checksum failed
check iteration duration=4.10079956055e-05
GetData ===>> H2,-0.140406588200299,H1,75.3350170207228,AX,13.6832036914108,L1,0.21315873485477,L2,42.199913779...
set states for children of B. state=False
handle state [('B', False)]
update switch state B False args=() kw={'refresh': False} ncanvase=6
refresh_canvas_needed fired
testing H1>-5.0
evaluate ot="H1.bs>-5.0" t="H1>-5.0", ctx="{'H1': None}"
check iteration duration=0.000562906265259
GetData ===>> H2,-0.190827720524341,H1,75.3996885914246,AX,13.7891740000072,L1,0.190250867758978,L2,42.20116625...
check iteration duration=4.19616699219e-05
GetData ===>> H2,-0.177712115513647,H1,75.4448377742084,AX,13.7442685439164,L1,0.191213712269633,L2,42.24499479...
check iteration duration=8.01086425781e-05
GetData ===>> H2,-0.127986953983396,H1,75.4426046296067,AX,13.642749467149,L1,0.224102933340578,L2,42.267699537...
check iteration duration=0.000108957290649
GetData ===>> H2,-0.154500999200362,H1,75.4016761874609,AX,13.6914851519984,L1,0.217926665513275,L2,42.29951029...
check iteration duration=3.88622283936e-05
GetData ===>> H2,-0.14092963969406,H1,75.4674339783585,AX,13.6197178122485,L1,0.232566588852115,L2,42.108393937...
testing H1>-5.0
evaluate ot="H1.bs>-5.0" t="H1>-5.0", ctx="{'H1': None}"
check iteration duration=0.000550985336304
GetData ===>> H2,-0.197610800049558,H1,75.4743975088739,AX,13.7633868866567,L1,0.210642856847774,L2,42.30321236...
check iteration duration=3.981590271e-05
GetData ===>> H2,-0.252734403714018,H1,75.3487600633548,AX,13.7259838341078,L1,0.229518085972747,L2,42.20076268...
check iteration duration=8.60691070557e-05
GetData ===>> H2,-0.117139128881465,H1,75.3044490036141,AX,13.7176002743806,L1,0.23364082097321,L2,42.167660114...
check iteration duration=8.79764556885e-05
GetData ===>> H2,-0.160450076954378,H1,75.2973086880019,AX,13.7317719889277,L1,0.216320529458355,L2,42.14124323...
check iteration duration=8.60691070557e-05
GetData ===>> H2,-0.174434551800513,H1,75.4117624472179,AX,13.5919897916666,L1,0.216575262224298,L2,42.25129659...
testing H1>-5.0
evaluate ot="H1.bs>-5.0" t="H1>-5.0", ctx="{'H1': None}"
check iteration duration=0.000678062438965
10:15:42 -- collecting point 25
GetData ===>> H2,-0.0677658882410663,H1,75.3495153957631,AX,13.7196867861997,L1,0.166505926998498,L2,42.1466401...
check iteration duration=3.40938568115e-05
GetData ===>> H2,-0.0104534091074268,H1,75.1667166213801,AX,13.7043121616448,L1,0.178279144935522,L2,42.1419804...
check iteration duration=3.91006469727e-05
GetData ===>> H2,-0.0409916003342071,H1,75.2565421137251,AX,13.4835075398846,L1,0.226933883793981,L2,42.1965043...
check iteration duration=3.91006469727e-05
GetData ===>> H2,-0.119623101682365,H1,75.2870502617306,AX,13.6099036060923,L1,0.209897306465393,L2,42.15825563...
check iteration duration=4.29153442383e-05
GetData ===>> H2,-0.217292738099321,H1,75.1980302556396,AX,13.6322629798092,L1,0.182936228643498,L2,42.01070785...
testing H1>-5.0
evaluate ot="H1.bs>-5.0" t="H1>-5.0", ctx="{'H1': None}"
check iteration duration=0.000555038452148
GetData ===>> H2,-0.323381695732168,H1,75.1705073585987,AX,13.55854621608,L1,0.207013813657122,L2,42.0428620403...
check iteration duration=4.19616699219e-05
GetData ===>> H2,-0.288845748790013,H1,75.2028067031451,AX,13.5818805156801,L1,0.230214598170305,L2,42.12160486...
check iteration duration=8.51154327393e-05
GetData ===>> H2,-0.265665087403335,H1,75.3311258705911,AX,13.559439859511,L1,0.224313953912962,L2,41.961815348...
check iteration duration=3.91006469727e-05
GetData ===>> H2,-0.135833252974828,H1,75.2384931370009,AX,13.6769340579053,L1,0.239348895961703,L2,41.99445441...
check iteration duration=3.79085540771e-05
GetData ===>> H2,-0.156428982862326,H1,75.193565822209,AX,13.6740662919096,L1,0.230871110587941,L2,41.866077676...
testing H1>-5.0
evaluate ot="H1.bs>-5.0" t="H1>-5.0", ctx="{'H1': None}"
check iteration duration=0.00064492225647
GetData ===>> H2,-0.20341107564249,H1,75.2026097329623,AX,13.6044571827614,L1,0.195587021685831,L2,41.967653012...
check iteration duration=8.60691070557e-05
GetData ===>> H2,-0.149993385235696,H1,75.3471016306382,AX,13.7149797740826,L1,0.152791278119283,L2,42.01347491...
check iteration duration=4.00543212891e-05
GetData ===>> H2,-0.196947259609671,H1,75.1905622591085,AX,13.5708420591687,L1,0.240496725358207,L2,41.87586873...
check iteration duration=4.00543212891e-05
GetData ===>> H2,-0.0978322535773522,H1,75.2395103800607,AX,13.5708916675914,L1,0.234091182488718,L2,41.8365878...
check iteration duration=7.60555267334e-05
GetData ===>> H2,-0.0919648154263054,H1,75.1657484411605,AX,13.5417421831383,L1,0.206904744220112,L2,42.0479486...
testing H1>-5.0
evaluate ot="H1.bs>-5.0" t="H1>-5.0", ctx="{'H1': None}"
check iteration duration=0.000731945037842
GetData ===>> H2,-0.101636613430811,H1,75.189282071799,AX,13.6147299458863,L1,0.185999697767236,L2,41.824555539...
check iteration duration=7.10487365723e-05
GetData ===>> H2,-0.134409370300208,H1,75.0894149170546,AX,13.5835797977479,L1,0.193644846268936,L2,41.95204486...
check iteration duration=4.31537628174e-05
GetData ===>> H2,-0.165865560530999,H1,75.0218117577219,AX,13.4860005159789,L1,0.202002592333654,L2,41.79667489...
check iteration duration=3.91006469727e-05
GetData ===>> H2,-0.220417293832393,H1,75.0149386592415,AX,13.5973363208745,L1,0.181657887549351,L2,41.88331326...
check iteration duration=7.20024108887e-05
GetData ===>> H2,-0.15847550226706,H1,75.0445663650163,AX,13.6279570002535,L1,0.201218155605483,L2,41.779244204...
testing H1>-5.0
evaluate ot="H1.bs>-5.0" t="H1>-5.0", ctx="{'H1': None}"
check iteration duration=0.00054407119751
GetData ===>> H2,-0.170112696248863,H1,75.0316474461764,AX,13.5432313527478,L1,0.249203010418963,L2,41.82886256...
check iteration duration=7.20024108887e-05
GetData ===>> H2,-0.139553705742817,H1,75.082526803825,AX,13.4354581027425,L1,0.230869897032418,L2,41.716640209...
check iteration duration=8.98838043213e-05
GetData ===>> H2,-0.100690381000161,H1,75.0848556035374,AX,13.607124529897,L1,0.215697067585427,L2,41.751041169...
check iteration duration=4.29153442383e-05
GetData ===>> H2,-0.158830734992867,H1,74.9868101035801,AX,13.642265452186,L1,0.222745957252086,L2,41.910387042...
check iteration duration=4.31537628174e-05
GetData ===>> H2,-0.30118008577847,H1,74.9724938109132,AX,13.6963773585445,L1,0.200587740260735,L2,41.896925771...
testing H1>-5.0
evaluate ot="H1.bs>-5.0" t="H1>-5.0", ctx="{'H1': None}"
check iteration duration=0.00054407119751
10:16:08 -- collecting point 50
GetData ===>> H2,-0.164383344352283,H1,75.028668794698,AX,13.4459464869935,L1,0.215154905134774,L2,41.798702862...
check iteration duration=6.98566436768e-05
GetData ===>> H2,-0.11992341450953,H1,74.860425609784,AX,13.4879354042531,L1,0.175428069799545,L2,41.8174006785...
check iteration duration=4.29153442383e-05
GetData ===>> H2,-0.281765190764381,H1,75.005375945348,AX,13.5421517026576,L1,0.170096104628353,L2,41.626804383...
check iteration duration=4.00543212891e-05
GetData ===>> H2,-0.257380448761758,H1,74.9619994223362,AX,13.4713287837638,L1,0.210293714258083,L2,41.60441702...
check iteration duration=7.10487365723e-05
GetData ===>> H2,-0.14004300589788,H1,74.8787285972683,AX,13.475495692685,L1,0.188956318699158,L2,41.8025783146...
testing H1>-5.0
evaluate ot="H1.bs>-5.0" t="H1>-5.0", ctx="{'H1': None}"
check iteration duration=0.000905990600586
GetData ===>> H2,-0.163835226239657,H1,74.8658654555255,AX,13.6181172022382,L1,0.192907086469396,L2,41.70525875...
check iteration duration=9.20295715332e-05
GetData ===>> H2,-0.141267515432911,H1,74.979807561259,AX,13.4912471234193,L1,0.180942081604418,L2,41.711462897...
set states for children of C. state=False
handle state [('C', False)]
update switch state C False args=() kw={'refresh': False} ncanvase=6
refresh_canvas_needed fired
check iteration duration=8.89301300049e-05
GetData ===>> H2,-0.0420283117824076,H1,74.9681975738169,AX,13.5568085980317,L1,0.1953156036951,L2,41.645641964...
check iteration duration=6.69956207275e-05
GetData ===>> H2,-0.0875316638788149,H1,74.9121128331436,AX,13.6751835939497,L1,0.226088397571883,L2,41.5382239...
set states for children of B. state=True
handle state [('B', True)]
update switch state B True args=() kw={'refresh': False} ncanvase=6
refresh_canvas_needed fired
check iteration duration=4.29153442383e-05
GetData ===>> H2,-0.136207786917434,H1,75.0462223039743,AX,13.626728525757,L1,0.228864087392001,L2,41.733214706...
testing H1>-5.0
evaluate ot="H1.bs>-5.0" t="H1>-5.0", ctx="{'H1': None}"
check iteration duration=0.000580072402954
GetData ===>> H2,-0.196561525126879,H1,75.0485340936661,AX,13.719848244213,L1,0.225745128367331,L2,41.508670494...
check iteration duration=7.31945037842e-05
GetData ===>> H2,-0.204527105461358,H1,74.9235377731521,AX,13.6158217967076,L1,0.237604928614289,L2,41.65824832...
check iteration duration=4.29153442383e-05
GetData ===>> H2,-0.170320491073799,H1,74.733728780951,AX,13.5049912637943,L1,0.242731440070068,L2,41.546393717...
check iteration duration=3.981590271e-05
GetData ===>> H2,-0.188371134511882,H1,74.7223444470024,AX,13.5264421991444,L1,0.180338954319962,L2,41.49659332...
check iteration duration=8.98838043213e-05
GetData ===>> H2,-0.107857584269092,H1,74.7134014444631,AX,13.4226404019293,L1,0.196854542681684,L2,41.49689835...
testing H1>-5.0
evaluate ot="H1.bs>-5.0" t="H1>-5.0", ctx="{'H1': None}"
check iteration duration=0.000545978546143
GetData ===>> H2,-0.141777013014729,H1,74.7116325678298,AX,13.3510147063573,L1,0.202629457752036,L2,41.39193291...
check iteration duration=8.79764556885e-05
GetData ===>> H2,-0.12952652921413,H1,74.7964332228398,AX,13.3886823684616,L1,0.190124917486435,L2,41.518807409...
check iteration duration=4.29153442383e-05
GetData ===>> H2,-0.253323331246758,H1,74.8707647778605,AX,13.3301510411053,L1,0.192117294591111,L2,41.54572790...
check iteration duration=5.3882598877e-05
GetData ===>> H2,-0.278356779705481,H1,74.6624243397157,AX,13.4912719307021,L1,0.193772051645353,L2,41.52239922...
check iteration duration=4.00543212891e-05
GetData ===>> H2,-0.26483020818038,H1,74.8009892979417,AX,13.5265414618666,L1,0.226018044636679,L2,41.417971558...
testing H1>-5.0
evaluate ot="H1.bs>-5.0" t="H1>-5.0", ctx="{'H1': None}"
check iteration duration=0.000558853149414
GetData ===>> H2,-0.175102830611169,H1,74.8542978484936,AX,13.4975855763944,L1,0.217411073072451,L2,41.36055010...
check iteration duration=8.10623168945e-05
GetData ===>> H2,-0.133143546777943,H1,74.7172996048064,AX,13.5300653498249,L1,0.200392561893191,L2,41.43300396...
check iteration duration=4.10079956055e-05
GetData ===>> H2,-0.140790431962027,H1,74.605106016177,AX,13.4529641286472,L1,0.180682902039191,L2,41.270015109...
check iteration duration=4.10079956055e-05
GetData ===>> H2,-0.110228228640603,H1,74.7184789019848,AX,13.431354779114,L1,0.200150109510144,L2,41.419801969...
check iteration duration=7.79628753662e-05
GetData ===>> H2,-0.121209799831013,H1,74.5981131943916,AX,13.3831187694176,L1,0.212596094162939,L2,41.36530410...
testing H1>-5.0
evaluate ot="H1.bs>-5.0" t="H1>-5.0", ctx="{'H1': None}"
check iteration duration=0.000587940216064
10:16:34 -- collecting point 75
GetData ===>> H2,-0.213872900883154,H1,74.5593561602714,AX,13.442623811152,L1,0.218624273327242,L2,41.271207064...
check iteration duration=8.48770141602e-05
GetData ===>> H2,-0.223616407354684,H1,74.5274025212817,AX,13.3381216325017,L1,0.198489466070957,L2,41.42387889...
check iteration duration=4.31537628174e-05
GetData ===>> H2,-0.142041888656986,H1,74.5482894070926,AX,13.4436652354484,L1,0.205253091125034,L2,41.33377604...
check iteration duration=7.48634338379e-05
GetData ===>> H2,-0.134065880869917,H1,74.5073698091883,AX,13.3910615484063,L1,0.202252363866466,L2,41.38383689...
set states for children of B. state=False
handle state [('B', False)]
update switch state B False args=() kw={'refresh': False} ncanvase=6
refresh_canvas_needed fired
check iteration duration=4.19616699219e-05
GetData ===>> H2,-0.23232014578858,H1,74.7124023539375,AX,13.5025350477686,L1,0.257241732557503,L2,41.394137243...
testing H1>-5.0
evaluate ot="H1.bs>-5.0" t="H1>-5.0", ctx="{'H1': None}"
check iteration duration=0.000676155090332
GetData ===>> H2,-0.312852008665375,H1,74.576760269254,AX,13.2999352796775,L1,0.237272199950801,L2,41.417985425...
check iteration duration=4.00543212891e-05
GetData ===>> H2,-0.218322225732042,H1,74.5136869994035,AX,13.3486591216217,L1,0.226634255825559,L2,41.32543466...
check iteration duration=7.89165496826e-05
GetData ===>> H2,-0.150818476073833,H1,74.4068244682547,AX,13.3336962054022,L1,0.160229086308515,L2,41.36138169...
check iteration duration=3.50475311279e-05
GetData ===>> H2,-0.0849316183069841,H1,74.4061207845011,AX,13.4861741583292,L1,0.203453906329137,L2,41.2640000...
check iteration duration=9.01222229004e-05
GetData ===>> H2,-0.140759346506965,H1,74.3529948947324,AX,13.4946209681499,L1,0.205036202824045,L2,41.17678938...
testing H1>-5.0
evaluate ot="H1.bs>-5.0" t="H1>-5.0", ctx="{'H1': None}"
check iteration duration=0.000725030899048
GetData ===>> H2,-0.167771367768783,H1,74.3901170440374,AX,13.4543032377113,L1,0.171739203573077,L2,41.23747667...
check iteration duration=4.00543212891e-05
GetData ===>> H2,-0.139332026902154,H1,74.4372990708999,AX,13.316219468094,L1,0.199353694109182,L2,41.153415012...
check iteration duration=7.00950622559e-05
GetData ===>> H2,-0.158722680589167,H1,74.4587404461799,AX,13.373184611905,L1,0.193395286059293,L2,41.282794618...
check iteration duration=4.00543212891e-05
GetData ===>> H2,-0.291319067085121,H1,74.4469567740379,AX,13.3488202915087,L1,0.17431570166486,L2,41.222083675...
check iteration duration=3.91006469727e-05
GetData ===>> H2,-0.297706631676062,H1,74.2895227563609,AX,13.3042105617473,L1,0.188788003103408,L2,41.25590661...
testing H1>-5.0
evaluate ot="H1.bs>-5.0" t="H1>-5.0", ctx="{'H1': None}"
check iteration duration=0.000762939453125
GetData ===>> H2,-0.193550644983974,H1,74.3335461762684,AX,13.4284912261611,L1,0.21276827831286,L2,41.187799673...
check iteration duration=3.981590271e-05
GetData ===>> H2,-0.231045632088355,H1,74.5204954882497,AX,13.3516346059436,L1,0.232011916727693,L2,41.07276363...
check iteration duration=4.10079956055e-05
GetData ===>> H2,-0.242020779629431,H1,74.4388377103203,AX,13.4003805270967,L1,0.212956229126072,L2,41.18275835...
check iteration duration=7.41481781006e-05
GetData ===>> H2,-0.205079688161603,H1,74.3502140008097,AX,13.4497528169351,L1,0.216526741205948,L2,41.10208193...
check iteration duration=3.69548797607e-05
GetData ===>> H2,-0.242435307725417,H1,74.4719432843419,AX,13.4062672802417,L1,0.231605338184015,L2,41.10213733...
testing H1>-5.0
evaluate ot="H1.bs>-5.0" t="H1>-5.0", ctx="{'H1': None}"
check iteration duration=0.000750064849854
GetData ===>> H2,-0.132394264185382,H1,74.4591330773295,AX,13.3782441786927,L1,0.218124417307832,L2,41.05916644...
check iteration duration=4.10079956055e-05
GetData ===>> H2,-0.168326043210634,H1,74.3629738602107,AX,13.5156851625487,L1,0.189372881510322,L2,41.25816551...
check iteration duration=4.38690185547e-05
GetData ===>> H2,-0.300703874054403,H1,74.5302505459811,AX,13.4486493388759,L1,0.196964822055863,L2,41.12323392...
check iteration duration=4.2200088501e-05
GetData ===>> H2,-0.17089123257048,H1,74.2723554874458,AX,13.4384334234901,L1,0.190684439283066,L2,41.067169487...
check iteration duration=4.19616699219e-05
GetData ===>> H2,-0.153609178951066,H1,74.3597347066564,AX,13.3475061443286,L1,0.211430896308346,L2,41.08942305...
testing H1>-5.0
evaluate ot="H1.bs>-5.0" t="H1>-5.0", ctx="{'H1': None}"
check iteration duration=0.000593185424805
10:17:01 -- collecting point 100
GetData ===>> H2,-0.218684680082072,H1,74.3431147976892,AX,13.3192559953283,L1,0.206398192605704,L2,40.98555878...
check iteration duration=4.00543212891e-05
GetData ===>> H2,-0.130556400612632,H1,74.3059726494831,AX,13.3406753259723,L1,0.182750466938155,L2,40.93216235...
check iteration duration=3.91006469727e-05
GetData ===>> H2,-0.140817462723274,H1,74.2628876681002,AX,13.396984951496,L1,0.209928824562674,L2,40.995078921...
check iteration duration=9.29832458496e-05
GetData ===>> H2,-0.170718528958021,H1,74.1819018536509,AX,13.4446818739814,L1,0.210307049345288,L2,40.96873439...
check iteration duration=7.5101852417e-05
GetData ===>> H2,-0.255473059273264,H1,74.2449593863418,AX,13.2657269617709,L1,0.220369108784376,L2,40.95047384...
testing H1>-5.0
evaluate ot="H1.bs>-5.0" t="H1>-5.0", ctx="{'H1': None}"
check iteration duration=0.000582933425903
GetData ===>> H2,-0.167451506080912,H1,74.2682520106974,AX,13.3199128883944,L1,0.224675367120996,L2,40.89879565...
check iteration duration=4.2200088501e-05
GetData ===>> H2,-0.119587929390154,H1,74.1429305696953,AX,13.4595606473251,L1,0.162923764241787,L2,40.89839437...
check iteration duration=7.10487365723e-05
GetData ===>> H2,-0.114658672661421,H1,74.186397995063,AX,13.317905039611,L1,0.176680991527048,L2,40.7914534556...
check iteration duration=4.31537628174e-05
GetData ===>> H2,-0.202556456628183,H1,74.2252180851511,AX,13.2667303776959,L1,0.156207155407301,L2,40.88678543...
check iteration duration=4.00543212891e-05
GetData ===>> H2,-0.17659180299174,H1,74.234409621844,AX,13.3361506207053,L1,0.147487762944979,L2,40.9374083454...
testing H1>-5.0
evaluate ot="H1.bs>-5.0" t="H1>-5.0", ctx="{'H1': None}"
check iteration duration=0.000598907470703
GetData ===>> H2,-0.16945825257591,H1,74.3606344638662,AX,13.4029086918518,L1,0.194480796449774,L2,40.916522683...
check iteration duration=4.10079956055e-05
GetData ===>> H2,-0.149572039094722,H1,74.2368466271827,AX,13.3296676189729,L1,0.193649692158877,L2,40.96475002...
check iteration duration=3.81469726562e-05
GetData ===>> H2,-0.153948349161912,H1,74.2653088199637,AX,13.2396167768924,L1,0.219150847234702,L2,40.86734756...
check iteration duration=4.60147857666e-05
GetData ===>> H2,-0.136733736093121,H1,74.2094532531089,AX,13.2905674500294,L1,0.225597150159467,L2,40.81978348...
check iteration duration=8.29696655273e-05
GetData ===>> H2,-0.109639267721988,H1,74.0420633187116,AX,13.2957469129081,L1,0.188919991356308,L2,40.86574287...
testing H1>-5.0
evaluate ot="H1.bs>-5.0" t="H1>-5.0", ctx="{'H1': None}"
check iteration duration=0.00054407119751
GetData ===>> H2,-0.167081696924264,H1,74.0108170851884,AX,13.3029837236931,L1,0.208104572342429,L2,40.92805154...
check iteration duration=7.39097595215e-05
GetData ===>> H2,-0.275634495992341,H1,73.9903115291973,AX,13.313604407532,L1,0.186199442360764,L2,40.797149323...
check iteration duration=4.19616699219e-05
GetData ===>> H2,-0.0952063670627984,H1,74.0214223567691,AX,13.2469983084988,L1,0.172436209490282,L2,40.7952691...
check iteration duration=3.88622283936e-05
GetData ===>> H2,-0.104171694751487,H1,74.0486501228266,AX,13.3201731679267,L1,0.200419232008184,L2,40.72155180...
check iteration duration=3.88622283936e-05
GetData ===>> H2,-0.232065792870429,H1,74.1665670324213,AX,13.2298333396943,L1,0.179939311383135,L2,40.95620070...
testing H1>-5.0
evaluate ot="H1.bs>-5.0" t="H1>-5.0", ctx="{'H1': None}"
check iteration duration=0.000548124313354
GetData ===>> H2,-0.179405871571397,H1,74.0181213984886,AX,13.2432083962685,L1,0.196467968385872,L2,40.70999290...
check iteration duration=4.10079956055e-05
waiting for write to finish
measurement finished
estimated time: 125.829 actual time: :126.195
flush and close file /Users/jan/PychronDev/data/isotopes/14/219fda-da0e-4ab8-bcb3-9f74ae5eb345.h5
baselines () {'settling_time': 15.0, 'detector': 'H1', 'mass': 34.2, 'ncounts': 60}
%%%%%%%%%%%%%%%%%%%%%%%%%%%%%%%% Baseline
build tables- baseline [Detector(H2), Detector(H1), Detector(AX), Detector(L1), Detector(L2), Detector(CDD)]
add group baseline table H2
add group baseline table H1
add group baseline table AX
add group baseline table L1
add group baseline table L2
add group baseline table CDD
flush and close file /Users/jan/PychronDev/data/isotopes/14/219fda-da0e-4ab8-bcb3-9f74ae5eb345.h5
detector Detector(H1)
POSITION 34.2 H1
Mapping mass to dac mass func: "parabolic"
H1 map mass coeffs = [-0.00063987  0.15840543  0.57258999]
H1 map mass to dac 34.2 >> 5.24163599104
GetDeflection H1 ===>> 0
GetHighVoltage ===>> 4499.94659342336
positioning 34.2 (5.24160512354) on H1
setting magnet DAC
current  : 5.880945
requested: 5.241605
Delta Dac: 0.639340
Checking detector protection. dv=0.63934
Checking detector "CDD". Protection Threshold: 0.1 (V)
ProtectDetector CDD,On ===>> OK
GetDeflection CDD ===>> 2000
Protected = 2000
SetMagnetDAC 5.24160512354 ===>> OK
Magnet settling time: 0.500
GetMagnetMoving ===>> True
GetMagnetMoving ===>> True
GetMagnetMoving ===>> True
GetMagnetMoving ===>> True
GetMagnetMoving ===>> True
GetMagnetMoving ===>> True
GetMagnetMoving ===>> True
GetMagnetMoving ===>> True
GetMagnetMoving ===>> False
ProtectDetector CDD,Off ===>> OK
GetDeflection CDD ===>> 50
Delaying 15.0s for detectors to settle
Join finished
measuring baseline. ncounts=60
"baseline" increment series count="2" fit count="1" regressing="True"
starting measurement
check iteration duration=5.19752502441e-05
GetData ===>> H2,-0.239884642003233,H1,-0.0923706822312241,AX,-0.0956937746741819,L1,0.00760376603092973,L2,-0....
set states for children of V. state=False
handle state [('V', False)]
update switch state V False args=() kw={'refresh': False} ncanvase=6
refresh_canvas_needed fired
check iteration duration=8.08238983154e-05
GetData ===>> H2,-0.112396966230651,H1,-0.064074350496379,AX,-0.0968295271463067,L1,-0.0288668865940517,L2,-0.0...
check iteration duration=4.10079956055e-05
GetData ===>> H2,-0.287266408179529,H1,-0.142464387249608,AX,-0.109333517100852,L1,-0.0697447791704097,L2,-0.11...
set states for children of H. state=True
handle state [('H', True)]
update switch state H True args=() kw={'refresh': False} ncanvase=6
refresh_canvas_needed fired
check iteration duration=6.19888305664e-05
GetData ===>> H2,-0.363348186028632,H1,-0.122169437813357,AX,-0.0760709780765845,L1,-0.0258297601483932,L2,0.04...
testing H1>-5.0
evaluate ot="H1.bs>-5.0" t="H1>-5.0", ctx="{'H1': None}"
check iteration duration=0.000558853149414
GetData ===>> H2,-0.215478032098509,H1,-0.0298315270159886,AX,0.0307357236916271,L1,-0.0589147894265366,L2,0.07...
check iteration duration=3.88622283936e-05
GetData ===>> H2,-0.238654194089972,H1,-0.0553478353223944,AX,-0.207156057053207,L1,-0.0705253307440377,L2,-0.0...
check iteration duration=8.20159912109e-05
GetData ===>> H2,-0.137947787868311,H1,0.053881394036437,AX,-0.0994023051403498,L1,-0.0451168457459282,L2,0.071...
check iteration duration=7.39097595215e-05
GetData ===>> H2,-0.144775422311563,H1,-0.0310120978918914,AX,-0.0478062694647952,L1,-0.0161083865722357,L2,-0....
check iteration duration=8.01086425781e-05
GetData ===>> H2,-0.119011629390897,H1,-0.0933479188848228,AX,-0.0567688563581715,L1,0.0252982350671723,L2,0.05...
testing H1>-5.0
evaluate ot="H1.bs>-5.0" t="H1>-5.0", ctx="{'H1': None}"
check iteration duration=0.00109601020813
GetData ===>> H2,-0.160587825141507,H1,-0.0787718012274173,AX,-0.0842312040570362,L1,-0.0469099960777767,L2,0.0...
check iteration duration=8.01086425781e-05
GetData ===>> H2,-0.043288793241545,H1,0.00323011228184913,AX,-0.117456193467669,L1,-0.0525710423924621,L2,0.02...
check iteration duration=7.08103179932e-05
GetData ===>> H2,-0.150397160594853,H1,-0.00412979055759415,AX,-0.0492208593835672,L1,-0.00748621193805133,L2,0...
check iteration duration=4.19616699219e-05
GetData ===>> H2,-0.235363861750105,H1,-0.0892363100265968,AX,-0.139405749232613,L1,-0.000645662319792024,L2,-0...
check iteration duration=8.48770141602e-05
GetData ===>> H2,-0.231076588190294,H1,0.0195264093130866,AX,-0.0282549947300738,L1,-0.00332269182555433,L2,-0....
testing H1>-5.0
evaluate ot="H1.bs>-5.0" t="H1>-5.0", ctx="{'H1': None}"
check iteration duration=0.000629901885986
GetData ===>> H2,-0.280174850748139,H1,-0.111544228511007,AX,-0.0255875531341336,L1,-0.0211962259814414,L2,-0.0...
check iteration duration=4.38690185547e-05
GetData ===>> H2,-0.306029402688458,H1,-0.0456190197177129,AX,-0.148275668425079,L1,-0.020559637445575,L2,0.054...
check iteration duration=8.6784362793e-05
GetData ===>> H2,-0.296222473404475,H1,-0.0444028512641246,AX,-0.00720341324047043,L1,-0.00617292780399578,L2,-...
check iteration duration=7.20024108887e-05
GetData ===>> H2,-0.280791102235299,H1,-0.0338621055475884,AX,-0.142316099458008,L1,-0.016345868322227,L2,-0.06...
check iteration duration=7.31945037842e-05
GetData ===>> H2,-0.239433672828058,H1,-0.08265738439841,AX,-0.104142064847078,L1,-0.0783151665747665,L2,-0.045...
testing H1>-5.0
evaluate ot="H1.bs>-5.0" t="H1>-5.0", ctx="{'H1': None}"
check iteration duration=0.00054407119751
GetData ===>> H2,-0.153480805108449,H1,-0.121919004377857,AX,-0.0958560258391011,L1,-0.0495273252288804,L2,0.01...
check iteration duration=4.38690185547e-05
GetData ===>> H2,-0.236936530609643,H1,0.00461388216408416,AX,-0.0649307011543486,L1,-0.0284176653372794,L2,-0....
check iteration duration=4.19616699219e-05
GetData ===>> H2,-0.185477018274026,H1,-0.0574937702666699,AX,-0.196634383350576,L1,-0.0422636646211196,L2,0.04...
check iteration duration=3.91006469727e-05
GetData ===>> H2,-0.053395724547979,H1,-0.0673406372224015,AX,-0.0601310628420495,L1,-0.0152711587244074,L2,0.0...
check iteration duration=4.10079956055e-05
GetData ===>> H2,-0.150189197824419,H1,-0.0344464067155269,AX,-0.196298319943962,L1,-0.0257650539855987,L2,-0.0...
testing H1>-5.0
evaluate ot="H1.bs>-5.0" t="H1>-5.0", ctx="{'H1': None}"
check iteration duration=0.000561952590942
10:18:06 -- collecting point 25
GetData ===>> H2,-0.294119357365881,H1,-0.0188479729602563,AX,-0.0810552883588935,L1,-0.0192299845626519,L2,-0....
check iteration duration=4.10079956055e-05
GetData ===>> H2,-0.232944564644361,H1,-0.0874486012996332,AX,-0.158257708114208,L1,-0.0684082574073504,L2,-0.0...
check iteration duration=4.00543212891e-05
GetData ===>> H2,-0.17757444452622,H1,0.0342144373755683,AX,-0.017979144166438,L1,-0.0352775548257488,L2,-0.000...
check iteration duration=5.69820404053e-05
GetData ===>> H2,-0.159441223020973,H1,0.0108172236122474,AX,-0.0464728257144185,L1,-0.0109239262383607,L2,-0.0...
set states for children of C. state=True
set states for children of H. state=False
handle state [('C', True), ('H', False)]
update switch state C True args=() kw={'refresh': True} ncanvase=6
update switch state H False args=() kw={'refresh': False} ncanvase=6
check iteration duration=5.10215759277e-05
GetData ===>> H2,-0.10783729079502,H1,0.0266016891616651,AX,0.0147113058967224,L1,-0.0102009886021377,L2,0.0564...
refresh_canvas_needed fired
State checksums do not match. Local:772584979 Remote:799532470
State checksum failed
testing H1>-5.0
evaluate ot="H1.bs>-5.0" t="H1>-5.0", ctx="{'H1': None}"
check iteration duration=0.000530958175659
GetData ===>> H2,-0.206456984114545,H1,-0.0154131288559121,AX,-0.066124777292694,L1,-0.00338148009399622,L2,0.0...
set states for children of B. state=True
set states for children of D. state=True
handle state [('B', True), ('D', True)]
update switch state B True args=() kw={'refresh': True} ncanvase=6
update switch state D True args=() kw={'refresh': False} ncanvase=6
check iteration duration=3.50475311279e-05
GetData ===>> H2,-0.0506912626834398,H1,-0.0555028210545537,AX,-0.0983245280451741,L1,-0.041048152582308,L2,-0....
refresh_canvas_needed fired
check iteration duration=4.29153442383e-05
GetData ===>> H2,-0.148538864501023,H1,-0.0282693360678764,AX,-0.0544152426980098,L1,-0.0267643582887166,L2,0.0...
check iteration duration=3.91006469727e-05
GetData ===>> H2,-0.22502507710652,H1,-0.102762270903533,AX,-0.0617541554299749,L1,-0.0579358668539812,L2,-0.00...
check iteration duration=4.00543212891e-05
GetData ===>> H2,-0.214693000589162,H1,-0.0606529796370435,AX,-0.112045013723212,L1,-0.0576534215748016,L2,-0.0...
testing H1>-5.0
evaluate ot="H1.bs>-5.0" t="H1>-5.0", ctx="{'H1': None}"
check iteration duration=0.000540018081665
GetData ===>> H2,-0.213296506215812,H1,-0.00354531238213591,AX,-0.157457791472738,L1,-0.0644131720926547,L2,0.0...
check iteration duration=8.10623168945e-05
GetData ===>> H2,-0.223908660161413,H1,-0.0480632351451014,AX,-0.00974376298219476,L1,-0.0629455564764715,L2,-0...
check iteration duration=4.00543212891e-05
GetData ===>> H2,-0.19513961349173,H1,-0.0204699417030383,AX,-0.0268864903477683,L1,-0.0301305880924752,L2,0.01...
check iteration duration=3.91006469727e-05
GetData ===>> H2,-0.278319179868632,H1,-0.0482540006670583,AX,-0.0907218042219019,L1,-0.0101290516684564,L2,0.1...
check iteration duration=7.41481781006e-05
GetData ===>> H2,-0.250611051406265,H1,-0.0806907737375127,AX,-0.119472273411808,L1,-0.023501274523635,L2,0.011...
testing H1>-5.0
evaluate ot="H1.bs>-5.0" t="H1>-5.0", ctx="{'H1': None}"
check iteration duration=0.000566005706787
GetData ===>> H2,-0.180457087550176,H1,0.0177845115574061,AX,-0.128057525355446,L1,-0.0213604616841277,L2,-0.07...
check iteration duration=6.60419464111e-05
GetData ===>> H2,-0.229425028999417,H1,-0.0347206693526612,AX,-0.181174264484574,L1,-0.0197035961361152,L2,0.00...
check iteration duration=4.00543212891e-05
GetData ===>> H2,-0.244365085599216,H1,0.0394649458468567,AX,-0.116193225550852,L1,-0.0217140988023499,L2,0.006...
check iteration duration=7.70092010498e-05
GetData ===>> H2,-0.172209360117381,H1,0.0430449958637393,AX,-0.12819655154124,L1,-0.0398528555128172,L2,0.0013...
check iteration duration=7.60555267334e-05
GetData ===>> H2,-0.161002410072133,H1,-0.00793477933174176,AX,-0.0854714057649303,L1,-0.0482731986352112,L2,-0...
testing H1>-5.0
evaluate ot="H1.bs>-5.0" t="H1>-5.0", ctx="{'H1': None}"
check iteration duration=0.000598907470703
GetData ===>> H2,-0.183271544834218,H1,-0.0730981020286013,AX,-0.0489425810242393,L1,0.00046087508857633,L2,-0....
check iteration duration=3.981590271e-05
GetData ===>> H2,-0.134152430367789,H1,-0.0741828046894931,AX,-0.118800251406164,L1,-0.0216685462440005,L2,-0.0...
check iteration duration=4.00543212891e-05
GetData ===>> H2,-0.132755386701991,H1,-0.0751244601020716,AX,-0.0650118524239153,L1,-0.00986767648168005,L2,-0...
check iteration duration=7.58171081543e-05
GetData ===>> H2,-0.23787276325563,H1,-0.0250614018751481,AX,-0.0767085203764462,L1,-0.0331879689013855,L2,0.03...
check iteration duration=9.29832458496e-05
GetData ===>> H2,-0.199177787835997,H1,-0.0825620344701015,AX,-0.0901423039536168,L1,-0.044551781468434,L2,-0.0...
testing H1>-5.0
evaluate ot="H1.bs>-5.0" t="H1>-5.0", ctx="{'H1': None}"
check iteration duration=0.000595808029175
10:18:32 -- collecting point 50
GetData ===>> H2,-0.0592529630749895,H1,-0.0547278899934554,AX,-0.0505542654804974,L1,-0.0150288534272975,L2,-0...
check iteration duration=5.69820404053e-05
GetData ===>> H2,-0.172377993823072,H1,0.0170209494934738,AX,0.0304572174422823,L1,-0.0135418926685289,L2,0.021...
check iteration duration=3.88622283936e-05
GetData ===>> H2,-0.250984919481409,H1,-0.0301177272949758,AX,-0.0320936628063481,L1,-0.00388296606343288,L2,-0...
check iteration duration=6.29425048828e-05
GetData ===>> H2,-0.21315779002825,H1,0.00150042682840486,AX,-0.0740771824709778,L1,-0.033854888499361,L2,-0.03...
check iteration duration=4.19616699219e-05
GetData ===>> H2,-0.124078279333779,H1,-0.0211735817330137,AX,-0.0962964204941461,L1,-0.0682755518835819,L2,0.0...
testing H1>-5.0
evaluate ot="H1.bs>-5.0" t="H1>-5.0", ctx="{'H1': None}"
check iteration duration=0.000608921051025
GetData ===>> H2,-0.0624610940710515,H1,-0.0219845505467163,AX,0.0604150685569913,L1,-0.012897053895835,L2,0.01...
check iteration duration=3.79085540771e-05
GetData ===>> H2,-0.109054835071274,H1,-0.0264089852682002,AX,-0.0117852745414398,L1,-0.021054765343628,L2,-0.0...
check iteration duration=3.981590271e-05
GetData ===>> H2,-0.108138983372623,H1,-0.0775798743076315,AX,-0.0463452779635015,L1,-0.0231021541645671,L2,0.0...
check iteration duration=7.39097595215e-05
GetData ===>> H2,-0.128411405584957,H1,-0.0565281052363752,AX,-0.159903892675459,L1,-0.0415738945512862,L2,-0.0...
check iteration duration=8.20159912109e-05
GetData ===>> H2,-0.204018975104144,H1,-0.0425904943816001,AX,-0.154698608226547,L1,-0.0305318250173949,L2,-0.0...
testing H1>-5.0
evaluate ot="H1.bs>-5.0" t="H1>-5.0", ctx="{'H1': None}"
check iteration duration=0.000618934631348
GetData ===>> H2,-0.282768909793065,H1,-0.0678293789856841,AX,-0.139173845070514,L1,0.0351461831859282,L2,-0.00...
check iteration duration=5.50746917725e-05
waiting for write to finish
measurement finished
estimated time: 62.915 actual time: :63.133
flush and close file /Users/jan/PychronDev/data/isotopes/14/219fda-da0e-4ab8-bcb3-9f74ae5eb345.h5
activate_detectors ('H1', 'AX', 'CDD') {'peak_center': True}
peak_center () {'detector': 'H1', 'integration_time': 0.262144, 'isotope': 'Ar40'}
peak center: mean=74.1009561544 threshold=3
peak center started
setup peak center. detector=['H1', 'AX', 'CDD'], isotope=Ar40
VersionedUnpickler [<apptools.sweet_pickle.versioned_unpickler.VersionedUnpickler object at 0x1e30d9fb0>] using Updater [<apptools.sweet_pickle.updater.Updater object at 0x12e273d10>]
VersionedUnpickler [<apptools.sweet_pickle.versioned_unpickler.VersionedUnpickler object at 0x1e30d9fb0>] using Updater [<apptools.sweet_pickle.updater.Updater object at 0x12e273d10>]
VersionedUnpickler [<apptools.sweet_pickle.versioned_unpickler.VersionedUnpickler object at 0x1d3c9d950>] using Updater [<apptools.sweet_pickle.updater.Updater object at 0x12e273d10>]
setting integration time = 0.524288
SetIntegrationTime 0.524288 ===>> OK
Mapping mass to dac mass func: "parabolic"
H1 map mass coeffs = [-0.00063987  0.15840543  0.57258999]
H1 map mass to dac 39.9624 >> 5.88098
GetDeflection H1 ===>> 0
GetHighVoltage ===>> 4499.94659342336
do peak center. <pychron.spectrometer.jobs.peak_center.PeakCenter object at 0x16275af50>
doing pc
starting peak center. center dac= 5.88094536746 step_width=0.001
width = 0.001
get scan parameters. half-width=0.015,window=0.015, i=0, scalar=1
Scan parameters center=5.88095 width=0.03000 (5.86595 - 5.89595)
GetData ===>> H2,-0.230038839578242,H1,-0.0837419834380125,AX,-0.0538239317967565,L1,0.0387251586449568,L2,0.09...
Moving to starting dac 5.86594536746
setting magnet DAC
current  : 5.241605
requested: 5.865945
Delta Dac: 0.624340
Checking detector protection. dv=0.62434
Checking detector "CDD". Protection Threshold: 0.1 (V)
ProtectDetector CDD,On ===>> OK
GetDeflection CDD ===>> 2000
Protected = 2000
SetMagnetDAC 5.86594536746 ===>> OK
Magnet settling time: 0.500
GetMagnetMoving ===>> True
GetMagnetMoving ===>> True
GetMagnetMoving ===>> True
GetMagnetMoving ===>> True
GetMagnetMoving ===>> True
GetMagnetMoving ===>> True
GetMagnetMoving ===>> True
GetMagnetMoving ===>> True
GetMagnetMoving ===>> False
ProtectDetector CDD,Off ===>> OK
GetDeflection CDD ===>> 50
Wait until signal near baseline. tol= -0.0628064875785. timeout= 10
GetData ===>> H2,0.570437571226415,H1,2.24950557617809,AX,1.64840300795337,L1,0.0501199725922741,L2,0.095970405...
GetData ===>> H2,3.579180952744,H1,2.67487908721564,AX,1.04616213986602,L1,0.582738515665466,L2,0.3447793872031...
GetData ===>> H2,3.92826149056557,H1,2.75508119512178,AX,0.454591060412152,L1,0.852621043521102,L2,0.8206510404...
GetData ===>> H2,2.0512769029668,H1,1.30821662609446,AX,0.21165029393935,L1,0.723972196913445,L2,0.227048384739...
GetData ===>> H2,0.745084513087989,H1,0.731596279048064,AX,0.168771503676523,L1,0.579897519814981,L2,0.03567006...
GetData ===>> H2,0.173588234684548,H1,0.344276594783932,AX,-0.0102889435550157,L1,0.39951951415526,L2,0.1006437...
GetData ===>> H2,-0.0920559503876174,H1,0.191401361166244,AX,-0.0808582390789655,L1,0.266980524564859,L2,-0.081...
GetData ===>> H2,-0.216288590623206,H1,0.109794711021727,AX,-0.16608536536447,L1,0.200989019354209,L2,0.0118429...
GetData ===>> H2,-0.224781148554798,H1,0.11236924119793,AX,-0.019684128980177,L1,0.12547786449769,L2,0.07919370...
GetData ===>> H2,-0.191464583021694,H1,0.105432463736599,AX,0.0210813052920029,L1,0.112049392061532,L2,0.033186...
GetData ===>> H2,-0.151304195283727,H1,0.117828417640298,AX,0.0655268644957899,L1,0.0880838213559125,L2,0.04357...
GetData ===>> H2,-0.196878475752724,H1,0.0443457790756831,AX,-0.0692664027718428,L1,0.0722264195423893,L2,0.068...
GetData ===>> H2,-0.201786705056959,H1,0.0117954779305986,AX,-0.206703012843969,L1,0.061145498981087,L2,-0.0144...
GetData ===>> H2,-0.149965902271691,H1,0.0936100602796809,AX,-0.110828325868284,L1,0.0376310139409822,L2,0.0475...
GetData ===>> H2,-0.16098080341455,H1,0.167570689624186,AX,-0.0223981248276583,L1,0.0100209468724157,L2,0.04207...
GetData ===>> H2,-0.234345464764622,H1,0.0007727749829602,AX,-0.0859813906654761,L1,-0.00972739433935425,L2,-0....
GetData ===>> H2,-0.346929968342004,H1,-0.0517711748188486,AX,-0.113331210052977,L1,-0.0108855626933592,L2,-0.1...
GetData ===>> H2,-0.296359356946095,H1,0.027949986395215,AX,-0.111708977646121,L1,-0.0117343219549594,L2,0.0007...
GetData ===>> H2,-0.32578007013438,H1,0.0542752499781197,AX,-0.133606832947663,L1,0.00171517784320508,L2,-0.181...
GetData ===>> H2,-0.298804192568855,H1,-0.0474074758899377,AX,-0.0111473067788647,L1,-0.00749220827632715,L2,-0...
GetData ===>> H2,-0.199303191420256,H1,0.0204093005717223,AX,-0.0346449596451042,L1,-0.0157325975268251,L2,0.04...
Peak center failed to move to a baseline position
_do_sweep sm= 5.86594536746, em= 5.89594536746, stm= 0.001
calculated step values: start=5.86594536746, end=5.89594536746, width=0.001, nsteps=31.0
setting magnet DAC
current  : 5.865945
requested: 5.865945
Delta Dac: 0.000000
Checking detector protection. dv=0.00000
Checking detector "CDD". Protection Threshold: 0.1 (V)
SetMagnetDAC 5.86594536746 ===>> OK
GetData ===>> H2,-0.199303191420256,H1,0.0204093005717223,AX,-0.0346449596451042,L1,-0.0157325975268251,L2,0.04...
setting magnet DAC
current  : 5.865945
requested: 5.866980
Delta Dac: 0.001034
Checking detector protection. dv=0.00103
Checking detector "CDD". Protection Threshold: 0.1 (V)
SetMagnetDAC 5.86697985022 ===>> OK
Magnet settling time: 1.049
GetData ===>> H2,-0.238982685643832,H1,0.124980627436622,AX,-0.050647023485816,L1,-0.00322910979218146,L2,0.040...
setting magnet DAC
current  : 5.866980
requested: 5.868014
Delta Dac: 0.001034
Checking detector protection. dv=0.00103
Checking detector "CDD". Protection Threshold: 0.1 (V)
SetMagnetDAC 5.86801433298 ===>> OK
Magnet settling time: 1.049
GetData ===>> H2,-0.212108609574452,H1,0.401805416248791,AX,0.0489099786761378,L1,-0.0487782188219516,L2,-0.026...
setting magnet DAC
current  : 5.868014
requested: 5.869049
Delta Dac: 0.001034
Checking detector protection. dv=0.00103
Checking detector "CDD". Protection Threshold: 0.1 (V)
SetMagnetDAC 5.86904881574 ===>> OK
Magnet settling time: 1.049
GetData ===>> H2,-0.038460488266975,H1,1.43216280748966,AX,0.164596006497865,L1,-0.0575007684023019,L2,0.051436...
setting magnet DAC
current  : 5.869049
requested: 5.870083
Delta Dac: 0.001034
Checking detector protection. dv=0.00103
Checking detector "CDD". Protection Threshold: 0.1 (V)
SetMagnetDAC 5.87008329849 ===>> OK
Magnet settling time: 1.049
GetData ===>> H2,-0.137001110261136,H1,5.46969946158102,AX,0.35427439526718,L1,-0.0354381269509062,L2,0.0458086...
setting magnet DAC
current  : 5.870083
requested: 5.871118
Delta Dac: 0.001034
Checking detector protection. dv=0.00103
Checking detector "CDD". Protection Threshold: 0.1 (V)
SetMagnetDAC 5.87111778125 ===>> OK
Magnet settling time: 1.049
GetData ===>> H2,-0.104133550089315,H1,15.4539116681007,AX,1.88771631606908,L1,-0.0448187543563244,L2,0.6936015...
setting magnet DAC
current  : 5.871118
requested: 5.872152
Delta Dac: 0.001034
Checking detector protection. dv=0.00103
Checking detector "CDD". Protection Threshold: 0.1 (V)
SetMagnetDAC 5.87215226401 ===>> OK
Magnet settling time: 1.049
GetData ===>> H2,-0.195497315309989,H1,32.1668443939714,AX,4.54040856223194,L1,0.0147485281178108,L2,2.87902504...
setting magnet DAC
current  : 5.872152
requested: 5.873187
Delta Dac: 0.001034
Checking detector protection. dv=0.00103
Checking detector "CDD". Protection Threshold: 0.1 (V)
SetMagnetDAC 5.87318674677 ===>> OK
Magnet settling time: 1.049
GetData ===>> H2,-0.187698339193415,H1,50.0537473487017,AX,7.58271132094445,L1,0.063322696126434,L2,8.918357754...
setting magnet DAC
current  : 5.873187
requested: 5.874221
Delta Dac: 0.001034
Checking detector protection. dv=0.00103
Checking detector "CDD". Protection Threshold: 0.1 (V)
SetMagnetDAC 5.87422122953 ===>> OK
Magnet settling time: 1.049
GetData ===>> H2,-0.250492702097057,H1,62.7452921360304,AX,10.1800867805554,L1,0.111255576229706,L2,18.29990166...
setting magnet DAC
current  : 5.874221
requested: 5.875256
Delta Dac: 0.001034
Checking detector protection. dv=0.00103
Checking detector "CDD". Protection Threshold: 0.1 (V)
SetMagnetDAC 5.87525571229 ===>> OK
Magnet settling time: 1.049
GetData ===>> H2,-0.154753668849065,H1,68.9895241045683,AX,11.8230817309635,L1,0.144024087240037,L2,27.93904353...
setting magnet DAC
current  : 5.875256
requested: 5.876290
Delta Dac: 0.001034
Checking detector protection. dv=0.00103
Checking detector "CDD". Protection Threshold: 0.1 (V)
SetMagnetDAC 5.87629019505 ===>> OK
Magnet settling time: 1.049
GetData ===>> H2,-0.238883062165637,H1,71.3070811820949,AX,12.3020324090803,L1,0.156444193447941,L2,34.54402439...
setting magnet DAC
current  : 5.876290
requested: 5.877325
Delta Dac: 0.001034
Checking detector protection. dv=0.00103
Checking detector "CDD". Protection Threshold: 0.1 (V)
SetMagnetDAC 5.87732467781 ===>> OK
Magnet settling time: 1.049
GetData ===>> H2,-0.221619055693175,H1,71.7768915005791,AX,12.7113831142784,L1,0.134259196165111,L2,37.78600165...
setting magnet DAC
current  : 5.877325
requested: 5.878359
Delta Dac: 0.001034
Checking detector protection. dv=0.00103
Checking detector "CDD". Protection Threshold: 0.1 (V)
SetMagnetDAC 5.87835916056 ===>> OK
Magnet settling time: 1.049
GetData ===>> H2,-0.173192796515545,H1,71.8757601432113,AX,12.9205249051213,L1,0.159097946161374,L2,38.80704762...
setting magnet DAC
current  : 5.878359
requested: 5.879394
Delta Dac: 0.001034
Checking detector protection. dv=0.00103
Checking detector "CDD". Protection Threshold: 0.1 (V)
SetMagnetDAC 5.87939364332 ===>> OK
Magnet settling time: 1.049
GetData ===>> H2,-0.297883751428431,H1,72.0157958314812,AX,12.758967020463,L1,0.195508261254867,L2,38.902492333...
setting magnet DAC
current  : 5.879394
requested: 5.880428
Delta Dac: 0.001034
Checking detector protection. dv=0.00103
Checking detector "CDD". Protection Threshold: 0.1 (V)
SetMagnetDAC 5.88042812608 ===>> OK
Magnet settling time: 1.049
GetData ===>> H2,-0.319830394244264,H1,72.0525790891479,AX,12.6538522993761,L1,0.173503496159637,L2,38.77366066...
setting magnet DAC
current  : 5.880428
requested: 5.881463
Delta Dac: 0.001034
Checking detector protection. dv=0.00103
Checking detector "CDD". Protection Threshold: 0.1 (V)
SetMagnetDAC 5.88146260884 ===>> OK
Magnet settling time: 1.049
GetData ===>> H2,-0.268765653618288,H1,72.081909019374,AX,12.7768999884194,L1,0.191200389270549,L2,38.861178095...
setting magnet DAC
current  : 5.881463
requested: 5.882497
Delta Dac: 0.001034
Checking detector protection. dv=0.00103
Checking detector "CDD". Protection Threshold: 0.1 (V)
SetMagnetDAC 5.8824970916 ===>> OK
Magnet settling time: 1.049
GetData ===>> H2,-0.179652484600133,H1,71.9386611273364,AX,12.6931159048442,L1,0.206532028677349,L2,38.56323574...
setting magnet DAC
current  : 5.882497
requested: 5.883532
Delta Dac: 0.001034
Checking detector protection. dv=0.00103
Checking detector "CDD". Protection Threshold: 0.1 (V)
SetMagnetDAC 5.88353157436 ===>> OK
Magnet settling time: 1.049
GetData ===>> H2,-0.151935512550063,H1,71.9114037044452,AX,12.7717124475713,L1,0.224596534287126,L2,38.47249330...
setting magnet DAC
current  : 5.883532
requested: 5.884566
Delta Dac: 0.001034
Checking detector protection. dv=0.00103
Checking detector "CDD". Protection Threshold: 0.1 (V)
SetMagnetDAC 5.88456605712 ===>> OK
Magnet settling time: 1.049
GetData ===>> H2,-0.208967220313771,H1,71.906704700629,AX,12.7997529592594,L1,0.189933572943285,L2,38.115405103...
setting magnet DAC
current  : 5.884566
requested: 5.885601
Delta Dac: 0.001034
Checking detector protection. dv=0.00103
Checking detector "CDD". Protection Threshold: 0.1 (V)
SetMagnetDAC 5.88560053987 ===>> OK
Magnet settling time: 1.049
GetData ===>> H2,-0.206832948681991,H1,71.3646840998544,AX,12.5467907309389,L1,0.171136406279126,L2,37.23736894...
setting magnet DAC
current  : 5.885601
requested: 5.886635
Delta Dac: 0.001034
Checking detector protection. dv=0.00103
Checking detector "CDD". Protection Threshold: 0.1 (V)
SetMagnetDAC 5.88663502263 ===>> OK
Magnet settling time: 1.049
GetData ===>> H2,-0.190284735861153,H1,70.17407745631,AX,12.1296501033442,L1,0.199202176170514,L2,34.8137032298...
setting magnet DAC
current  : 5.886635
requested: 5.887670
Delta Dac: 0.001034
Checking detector protection. dv=0.00103
Checking detector "CDD". Protection Threshold: 0.1 (V)
SetMagnetDAC 5.88766950539 ===>> OK
Magnet settling time: 1.049
GetData ===>> H2,-0.200136483156098,H1,66.2111178047381,AX,10.9520239952474,L1,0.215645095348238,L2,28.86615420...
setting magnet DAC
current  : 5.887670
requested: 5.888704
Delta Dac: 0.001034
Checking detector protection. dv=0.00103
Checking detector "CDD". Protection Threshold: 0.1 (V)
SetMagnetDAC 5.88870398815 ===>> OK
Magnet settling time: 1.049
GetData ===>> H2,-0.320799927980233,H1,56.1880030510363,AX,8.51596661742244,L1,0.147943311615757,L2,19.89235813...
setting magnet DAC
current  : 5.888704
requested: 5.889738
Delta Dac: 0.001034
Checking detector protection. dv=0.00103
Checking detector "CDD". Protection Threshold: 0.1 (V)
SetMagnetDAC 5.88973847091 ===>> OK
Magnet settling time: 1.049
GetData ===>> H2,-0.274583454870957,H1,38.756878906839,AX,5.18364175204675,L1,0.0766968844848278,L2,10.47743532...
setting magnet DAC
current  : 5.889738
requested: 5.890773
Delta Dac: 0.001034
Checking detector protection. dv=0.00103
Checking detector "CDD". Protection Threshold: 0.1 (V)
SetMagnetDAC 5.89077295367 ===>> OK
Magnet settling time: 1.049
GetData ===>> H2,-0.153580801700486,H1,21.0373029933073,AX,2.30208422448455,L1,0.0478663429215172,L2,4.29023894...
setting magnet DAC
current  : 5.890773
requested: 5.891807
Delta Dac: 0.001034
Checking detector protection. dv=0.00103
Checking detector "CDD". Protection Threshold: 0.1 (V)
SetMagnetDAC 5.89180743643 ===>> OK
Magnet settling time: 1.049
GetData ===>> H2,-0.124805765215507,H1,4.7787841719612,AX,0.307058298630612,L1,-0.0236597291162255,L2,0.5396573...
setting magnet DAC
current  : 5.891807
requested: 5.892842
Delta Dac: 0.001034
Checking detector protection. dv=0.00103
Checking detector "CDD". Protection Threshold: 0.1 (V)
SetMagnetDAC 5.89284191918 ===>> OK
Magnet settling time: 1.049
GetData ===>> H2,-0.195802156234432,H1,1.37432308929799,AX,0.0259083948143081,L1,-0.0547862502061739,L2,0.11341...
setting magnet DAC
current  : 5.892842
requested: 5.893876
Delta Dac: 0.001034
Checking detector protection. dv=0.00103
Checking detector "CDD". Protection Threshold: 0.1 (V)
SetMagnetDAC 5.89387640194 ===>> OK
Magnet settling time: 1.049
GetData ===>> H2,-0.152842968251289,H1,0.273814715840426,AX,-0.16193928074153,L1,0.0216435941275575,L2,-0.17482...
setting magnet DAC
current  : 5.893876
requested: 5.894911
Delta Dac: 0.001034
Checking detector protection. dv=0.00103
Checking detector "CDD". Protection Threshold: 0.1 (V)
SetMagnetDAC 5.8949108847 ===>> OK
Magnet settling time: 1.049
GetData ===>> H2,-0.206892239444179,H1,0.0378062327354602,AX,-0.0468670631604212,L1,0.0124216381401797,L2,-0.07...
setting magnet DAC
current  : 5.894911
requested: 5.895945
Delta Dac: 0.001034
Checking detector protection. dv=0.00103
Checking detector "CDD". Protection Threshold: 0.1 (V)
SetMagnetDAC 5.89594536746 ===>> OK
Magnet settling time: 1.049
GetData ===>> H2,-0.21469704034195,H1,0.0217455832334458,AX,0.0100820050334056,L1,-0.00696691549467931,L2,-0.02...
result of _do_sweep=True
result of _calculate_peak_center=([5.8734303374001282, 5.8811557883019319, 5.8888812392037355], [53.042237353739054, 72.081732687128124, 53.201307431145125], 5.8814563895043364, 72.081732687128124)
Failed to find a valid peak. No peak greater than 1.0. max = 0.200501311207
new center pos Detector(H1) (Ar40) @ 5.8811557883
GetHighVoltage ===>> 4499.94659342336
GetDeflection H1 ===>> 0
dac uncorrected for HV and deflection 5.88119042208
update mftable H1 Ar40 5.88119042208 message=automated run peakcenter
get initial guess parabolic
get initial guess parabolic
get initial guess parabolic
get initial guess parabolic
get initial guess parabolic
get initial guess parabolic
dump mftable to /Users/jan/PychronDev/setupfiles/spectrometer/mftables/mftable.csv
add to repo msg=modified - automated run peakcenter
sweep finished
locally archiving mftable
setting magnet DAC
current  : 5.895945
requested: 5.881156
Delta Dac: 0.014790
Checking detector protection. dv=0.01479
Checking detector "CDD". Protection Threshold: 0.1 (V)
SetMagnetDAC 5.8811557883 ===>> OK
Magnet settling time: 0.500
setting integration time = 1.048576
SetIntegrationTime 1.048576 ===>> OK
Failed to find a valid peak. No peak greater than 1.0. max = 0.200501311207
flush and close file /Users/jan/PychronDev/data/isotopes/14/219fda-da0e-4ab8-bcb3-9f74ae5eb345.h5
finished measure script
executed snippet estimated_duration=226.132928, duration=272.209742069
jan_unknown120_60.py completed successfully
Measurement Finished
10:19:30 -- ******* Measurement Finished *******
Post Measurement Started jan_pump_ms.py
10:19:30 -- ******* Post Measurement Started jan_pump_ms.py *******
testing...
no interpolation path defined
executed snippet estimated_duration=0, duration=2.71797180176e-05
Pumping spectrometer
open () {'name': 'O'}
opening name=O desc=---
checking ownership. requestor=129.138.12.150
check software interlocks O
interlocks []
actuate state mode=None-script, software_lock=False
doing actuation None-script open_channel True
Open O ===>> OK
GetIndicatorState O ===>> OK
change switch state (True, True)
update switch state O True args=() kw={} ncanvase=6
10:19:30 -- OPEN   VALVE-O (Jan Ion Pump)
---------------------------------------- open O () result=[(True, True)], time=0.11 sec
action=open, ok=True, locked=[False]
executed snippet estimated_duration=0, duration=0.357818841934
jan_pump_ms.py completed successfully
setting _ms_pumptime
Post Measurement Finished
10:19:31 -- ******* Post Measurement Finished *******
$$$$$$$$$$$$$$$$$$$$ state at run end measurement
state changed from measurement to success
post measurement save measured=True aborted=False
Set filtering
setting fod for Ar40= {'filter_outliers': True, 'std_devs': 2, 'iterations': 1}
setting fod for H1= {'filter_outliers': True, 'std_devs': 2, 'iterations': 1}
setting fod for PM41= {'filter_outliers': False, 'std_devs': 2, 'iterations': 1}
setting fod for H2= {'filter_outliers': True, 'std_devs': 2, 'iterations': 1}
setting fod for Ar36= {'filter_outliers': True, 'std_devs': 2, 'iterations': 1}
setting fod for CDD= {'filter_outliers': True, 'std_devs': 10, 'iterations': 1}
setting fod for Ar37= {'filter_outliers': True, 'std_devs': 2, 'iterations': 1}
setting fod for L2= {'filter_outliers': True, 'std_devs': 2, 'iterations': 1}
setting fod for Ar38= {'filter_outliers': True, 'std_devs': 2, 'iterations': 1}
setting fod for L1= {'filter_outliers': True, 'std_devs': 2, 'iterations': 1}
setting fod for Ar39= {'filter_outliers': True, 'std_devs': 2, 'iterations': 1}
setting fod for AX= {'filter_outliers': True, 'std_devs': 2, 'iterations': 1}
persistence save...
persistence save - db
post measurement save
8115244880 connecting to database sqlite:////Users/jan/PychronDev/.appdata/local_lab.db
connected to db sqlite:////Users/jan/PychronDev/.appdata/local_lab.db
create new session 8115244880
close session 8115244880
No database instance. Not saving post measurement to isotopedb database
$$$$$$$$$$$$$$$ auto_save_detector_ic=False
massspec enabled True
create new session 4997822608
MassSpec Database Version: 16.0
close session 4997822608
saving post measurement to secondary database
saving to massspec database 129.138.12.160/massspecdata
setting labnumber to 65448
setting aliquot to 5
setting step to C
setting uuid to 14219fda-da0e-4ab8-bcb3-9f74ae5eb345
setting irradpos to 65448
setting extract_device to Fusions CO2
setting tray to 
setting position to 168
setting power_requested to 5.0
setting extract_value to 5.0
setting duration to 30.0
setting duration_at_request to 30.0
setting first_stage_delay to 30.0
setting cleanup to 30.0
setting comment to J:2 Plag, 10 crystals
setting irradiation to NM-288
setting level to J
setting irradiation_level to J
setting sample to MB.46.1
setting material to Plagioclase
setting project to IR973
setting mass_spectrometer to Jan
no attribute chron_dosages
no attribute production_ratios
no attribute interference_corrections
no attribute production_name
no attribute j
Reference Isotope=Ar40
Reference Detector=H1
%%%%%%%%%%%%%%%%%%%% Comment: J:2 Plag, 10 crystals %%%%%%%%%%%%%%%%%%%
adding isotope PM41 H2
add baseline dbdet= PM41. original det= H2
get baseline data PM41 H2
Get data baseline <pychron.processing.isotope.Baseline object at 0x1d370d750> len t=60
baseline PM41. v=-0.190051093288, e=0.00859055244647
get signal data PM41 H2
Get data signal PM41 0.05+/-0.06 len t=120
adding isotope Ar40 H1
add baseline dbdet= Ar40. original det= H1
get baseline data Ar40 H1
Get data baseline <pychron.processing.isotope.Baseline object at 0x1d370d6d0> len t=60
baseline Ar40. v=-0.0410914274138, e=0.00540380142588
get signal data Ar40 H1
Get data signal Ar40 75.844+/-0.015 len t=120
adding isotope Ar39 AX
add baseline dbdet= Ar39. original det= AX
get baseline data Ar39 AX
Get data baseline <pychron.processing.isotope.Baseline object at 0x1d370d910> len t=60
baseline Ar39. v=-0.0839703964074, e=0.00701398335245
get signal data Ar39 AX
Get data signal Ar39 13.897+/-0.014 len t=120
adding isotope Ar38 L1
add baseline dbdet= Ar38. original det= L1
get baseline data Ar38 L1
Get data baseline <pychron.processing.isotope.Baseline object at 0x1d370dad0> len t=60
baseline Ar38. v=-0.0296379812728, e=0.00271069103458
get signal data Ar38 L1
Get data signal Ar38 0.247+/-0.004 len t=120
adding isotope Ar37 L2
add baseline dbdet= Ar37. original det= L2
get baseline data Ar37 L2
Get data baseline <pychron.processing.isotope.Baseline object at 0x1d370dc90> len t=60
baseline Ar37. v=-0.017109265121, e=0.00670719754245
get signal data Ar37 L2
Get data signal Ar37 42.682+/-0.014 len t=120
adding isotope Ar36 CDD
add baseline dbdet= Ar36. original det= CDD
get baseline data Ar36 CDD
Get data baseline <pychron.processing.isotope.Baseline object at 0x1d370de50> len t=60
baseline Ar36. v=4.46596234551e-05, e=1.01940372471e-05
get signal data Ar36 CDD
Get data signal Ar36 0.2089+/-0.0010 len t=120
65448-05C added analysis time 0.487087011337s
analysis added to mass spec database
mass spec save time= 0.495
persistence save - dvc
================= post measurement started
create new session 4992585168
close session 4992585168
---------------- Experiment Queue saving disabled
DVC saving peakcenter
Failed to find a valid peak. No peak greater than 1.0. max = 0.200501311207
Smart pull ahead: 0 behind: 0
Up-to-date with origin
add to repo msg=modified - ad8224ebc6dbfeb9f5997218dfa5fe690569839d.json
add to repo msg=modified - 48-05C.json
add to repo msg=modified - 48-05C.dat.json
add to repo msg=modified - 48-05C.blan.json
add to repo msg=modified - 48-05C.inte.json
add to repo msg=modified - 48-05C.icfa.json
add to repo msg=modified - 48-05C.base.json
not at valid file /Users/jan/PychronDev/data/.dvc/repositories/Load1794/654/tags/48-05C.tags.json
add to repo msg=modified - 48-05C.peak.json
add to repo msg=modified - 48-05C.extr.json
not at valid file /Users/jan/PychronDev/data/.dvc/repositories/Load1794/654/monitor/48-05C.moni.json
commit message=<COLLECTION>
add to repo msg=modified - 48-05C.inte.json
add to repo msg=modified - 48-05C.base.json
commit message=<ISOEVO> default collection fits
add to repo msg=modified - 48-05C.blan.json
commit message=<BLANKS> preceding bu-FC-J-7809
add to repo msg=modified - 48-05C.icfa.json
commit message=<ICFactor> default
push repository <pychron.git_archive.repo_manager.GitRepoManager object at 0x1dab4fcb0>
pushing to remote=origin, url=https://github.com
no changes to meta repo
create new session 4992585168
add association Load1794
get identifier "65448"
setting analysis irradiation position=<pychron.dvc.dvc_orm.IrradiationPositionTbl object at 0x1e3bdb850>
close session 4992585168
================= post measurement finished
10:19:43 -- ******* Post Run Check *******
loading queue conditionals post_run_actions
loading system conditionals post_run_actions
loading conditionals from /Users/jan/PychronDev/setupfiles/spectrometer/default_conditionals.yaml
loading queue conditionals post_run_terminations
loading system conditionals post_run_terminations
loading conditionals from /Users/jan/PychronDev/setupfiles/spectrometer/default_conditionals.yaml
Checking default post run terminations n=1
GetDeflection CDD ===>> 50
testing CDD==2000
evaluate ot="CDD.deflection==2000" t="CDD==2000", ctx="{'CDD': 50.0}"
10:19:43 -- ******* Post Run Check Passed *******
10:19:43 -- Automated run 65448-05C success duration: 359.337 s
----------------- finish -----------------
----------------- stop -----------------
retroactive repository identifiers disabled
finish run. runs completed=128
update duration runid=65448-05C, duration=359.336886883, md5=301e91d8
loading script "jan_unknown120_60.py"
loading script "jan_pump_ms.py"
loading script "jan_co2.py"
loading script "jan_pump_extraction_line.py"
testing...
no interpolation path defined
executed snippet estimated_duration=213.652928, duration=0.000200986862183
script duration name:unknown120_60 seconds:214.0
loading script "jan_unknown120_60.py"
loading script "jan_pump_ms.py"
loading script "jan_co2.py"
loading script "jan_pump_extraction_line.py"
testing...
no interpolation path defined
executed snippet estimated_duration=0, duration=3.00407409668e-05
loading script "jan_unknown120_60.py"
loading script "jan_pump_ms.py"
loading script "jan_co2.py"
loading script "jan_pump_extraction_line.py"
testing...
no interpolation path defined
calculate duration
testing...
no interpolation path defined
executed snippet estimated_duration=0, duration=5.10215759277e-05
calculate duration
testing...
no interpolation path defined
executed snippet estimated_duration=0, duration=9.58442687988e-05
executed snippet estimated_duration=0.0, duration=0.00264000892639
script duration name:co2 seconds:0.0
loading script "jan_unknown120_60.py"
loading script "jan_pump_ms.py"
loading script "jan_co2.py"
loading script "jan_pump_extraction_line.py"
testing...
no interpolation path defined
calculate duration
testing...
no interpolation path defined
executed snippet estimated_duration=4.0, duration=0.000147104263306
executed snippet estimated_duration=4.0, duration=0.00157308578491
Script duration 214.0
Run total estimated duration= 215.000
unknown120_60 in script context. using previous estimated duration
script duration name:unknown120_60 seconds:214.0
pump_ms in script context. using previous estimated duration
co2 in script context. using previous estimated duration
script duration name:co2 seconds:0.0
pump_extraction_line in script context. using previous estimated duration
Script duration 214.0
Run total estimated duration= 215.000
script duration name:unknown120_60 seconds:214.0
script duration name:co2 seconds:0.0
Script duration 214.0
Run total estimated duration= 215.000
script duration name:unknown120_60 seconds:214.0
script duration name:co2 seconds:0.0
Script duration 214.0
Run total estimated duration= 215.000
script duration name:unknown120_60 seconds:214.0
script duration name:co2 seconds:0.0
Script duration 214.0
Run total estimated duration= 215.000
script duration name:unknown120_60 seconds:214.0
script duration name:co2 seconds:0.0
Script duration 214.0
Run total estimated duration= 215.000
loading script "jan_unknown400_120.py"
loading script "jan_pump_ms.py"
loading script "jan_co2.py"
loading script "jan_pump_extraction_line.py"
testing...
no interpolation path defined
executed snippet estimated_duration=556.052928, duration=0.000152111053467
script duration name:unknown400_120 seconds:556.0
script duration name:co2 seconds:0.0
Script duration 556.0
Run total estimated duration= 557.000
script duration name:unknown120_60 seconds:214.0
script duration name:co2 seconds:0.0
Script duration 214.0
Run total estimated duration= 215.000
script duration name:unknown120_60 seconds:214.0
script duration name:co2 seconds:0.0
Script duration 214.0
Run total estimated duration= 215.000
script duration name:unknown120_60 seconds:214.0
script duration name:co2 seconds:0.0
Script duration 214.0
Run total estimated duration= 215.000
unknown400_120 in script context. using previous estimated duration
script duration name:unknown400_120 seconds:556.0
loading script "jan_unknown400_120.py"
loading script "jan_pump_ms.py"
loading script "jan_cocktail_x1.py"
loading script "jan_pump_extraction_line.py"
testing...
no interpolation path defined
calculate duration
testing...
no interpolation path defined
executed snippet estimated_duration=0, duration=5.60283660889e-05
calculate duration
testing...
no interpolation path defined
executed snippet estimated_duration=0, duration=9.89437103271e-05
calculate duration
testing...
no interpolation path defined
executed snippet estimated_duration=32.0, duration=9.60826873779e-05
calculate duration
testing...
no interpolation path defined
executed snippet estimated_duration=34.0, duration=0.000120162963867
calculate duration
testing...
no interpolation path defined
executed snippet estimated_duration=4.0, duration=6.69956207275e-05
calculate duration
testing...
no interpolation path defined
executed snippet estimated_duration=38.0, duration=9.51290130615e-05
executed snippet estimated_duration=108.0, duration=0.00822687149048
script duration name:cocktail_x1 seconds:108.0
Script duration 664.0
Run total estimated duration= 665.000
script duration name:unknown400_120 seconds:556.0
cocktail_x1 in script context. using previous estimated duration
script duration name:cocktail_x1 seconds:108.0
Script duration 664.0
Run total estimated duration= 665.000
loading script "jan_ic_peak_hop3.py"
loading script "jan_pump_ms.py"
loading script "jan_air_x1.py"
loading script "jan_pump_extraction_line.py"
testing...
no interpolation path defined
executed snippet estimated_duration=133.8, duration=0.0071849822998
script duration name:ic_peak_hop3 seconds:134.0
loading script "jan_ic_peak_hop3.py"
loading script "jan_pump_ms.py"
loading script "jan_air_x1.py"
loading script "jan_pump_extraction_line.py"
testing...
no interpolation path defined
calculate duration
testing...
no interpolation path defined
executed snippet estimated_duration=0, duration=5.19752502441e-05
calculate duration
testing...
no interpolation path defined
executed snippet estimated_duration=0, duration=0.000103950500488
calculate duration
testing...
no interpolation path defined
executed snippet estimated_duration=32.0, duration=9.70363616943e-05
calculate duration
testing...
no interpolation path defined
executed snippet estimated_duration=34.0, duration=0.000102996826172
calculate duration
testing...
no interpolation path defined
executed snippet estimated_duration=4.0, duration=6.29425048828e-05
calculate duration
testing...
no interpolation path defined
executed snippet estimated_duration=36.0, duration=9.20295715332e-05
executed snippet estimated_duration=106.0, duration=0.013946056366
script duration name:air_x1 seconds:106.0
Script duration 240.0
Run total estimated duration= 241.000
script duration name:unknown120_60 seconds:214.0
script duration name:co2 seconds:0.0
Script duration 214.0
Run total estimated duration= 215.000
script duration name:unknown120_60 seconds:214.0
script duration name:co2 seconds:0.0
Script duration 214.0
Run total estimated duration= 215.000
script duration name:unknown120_60 seconds:214.0
script duration name:co2 seconds:0.0
Script duration 214.0
Run total estimated duration= 215.000
script duration name:unknown400_120 seconds:556.0
loading script "jan_unknown400_120.py"
loading script "jan_pump_ms.py"
loading script "jan_sniffair_x2.py"
loading script "jan_pump_extraction_line.py"
testing...
no interpolation path defined
calculate duration
testing...
no interpolation path defined
executed snippet estimated_duration=0, duration=4.6968460083e-05
calculate duration
testing...
no interpolation path defined
executed snippet estimated_duration=0, duration=0.000113010406494
calculate duration
testing...
no interpolation path defined
executed snippet estimated_duration=32.0, duration=9.01222229004e-05
calculate duration
testing...
no interpolation path defined
executed snippet estimated_duration=34.0, duration=0.0001060962677
calculate duration
testing...
no interpolation path defined
executed snippet estimated_duration=4.0, duration=7.10487365723e-05
calculate duration
testing...
no interpolation path defined
executed snippet estimated_duration=36.0, duration=0.0001380443573
calculate duration
testing...
no interpolation path defined
executed snippet estimated_duration=34.0, duration=0.000113964080811
calculate duration
testing...
no interpolation path defined
executed snippet estimated_duration=4.0, duration=6.91413879395e-05
calculate duration
testing...
no interpolation path defined
executed snippet estimated_duration=36.0, duration=0.000102996826172
calculate duration
testing...
no interpolation path defined
executed snippet estimated_duration=70.0, duration=0.000124931335449
executed snippet estimated_duration=250.0, duration=0.0323560237885
script duration name:sniffair_x2 seconds:250.0
Script duration 806.0
Run total estimated duration= 807.000
script duration name:unknown400_120 seconds:556.0
sniffair_x2 in script context. using previous estimated duration
script duration name:sniffair_x2 seconds:250.0
Script duration 806.0
Run total estimated duration= 807.000
nruns=18 before=0.0, run_dur=6322.0, btw=0.0
write rem/ex queues
/Users/jan/PychronDev/experiments/rem/CurrentExperiment.rem.txt
/Users/jan/PychronDev/experiments/rem/CurrentExperiment.ex.txt
doing event level: 3
