do run
loading script "jan_unknown120_60.py"
loading script "jan_pump_ms.py"
loading script "jan_co2.py"
loading script "jan_pump_extraction_line.py"
testing...
no interpolation path defined
executed snippet estimated_duration=213.652928, duration=0.000180959701538
script duration name:unknown120_60 seconds:214.0
loading script "jan_unknown120_60.py"
loading script "jan_pump_ms.py"
loading script "jan_co2.py"
loading script "jan_pump_extraction_line.py"
testing...
no interpolation path defined
executed snippet estimated_duration=0, duration=1.90734863281e-05
loading script "jan_unknown120_60.py"
loading script "jan_pump_ms.py"
loading script "jan_co2.py"
loading script "jan_pump_extraction_line.py"
testing...
no interpolation path defined
calculate duration
testing...
no interpolation path defined
executed snippet estimated_duration=0, duration=4.10079956055e-05
calculate duration
testing...
no interpolation path defined
executed snippet estimated_duration=0, duration=6.91413879395e-05
executed snippet estimated_duration=0.0, duration=0.00189805030823
script duration name:co2 seconds:0.0
loading script "jan_unknown120_60.py"
loading script "jan_pump_ms.py"
loading script "jan_co2.py"
loading script "jan_pump_extraction_line.py"
testing...
no interpolation path defined
calculate duration
testing...
no interpolation path defined
executed snippet estimated_duration=4.0, duration=0.000109195709229
executed snippet estimated_duration=4.0, duration=0.000942945480347
Script duration 214.0
Run total estimated duration= 215.000
run duration: 0:03:35
doing event level: 2
10:33:33 -- Setting default integration. t=1.048576
setting integration time = 1.048576
SetIntegrationTime 1.048576 ===>> OK
----------------- start -----------------
**************** Experiment Type: Ar/Ar, Ar/Ar
create new session 4419438256
close session 4419438256
$$$$$ Clearing conditionals
adding conditionals 
Add queue conditionals
add default conditionals
adding default conditionals from /Users/jan/PychronDev/setupfiles/spectrometer/default_conditionals.yaml
Start automated run 65448-06C
loading script "jan_unknown120_60.py"
loading script "jan_pump_ms.py"
loading script "jan_co2.py"
loading script "jan_pump_extraction_line.py"
%%%%%%%%%%%%%%%%%% setting automated run 65448-06C
No value "sensitivity_multiplier" in metadata
$$$$$$$$$$$$$$$ auto_save_detector_ic=False
============================= Pre Extraction Check =============================
loading queue conditionals pre_run_terminations
loading system conditionals pre_run_terminations
loading conditionals from /Users/jan/PychronDev/setupfiles/spectrometer/default_conditionals.yaml
10:33:33 -- ******* Pre Extraction Check *******
Get a measurement from the spectrometer
GetData ===>> H2,-0.213693790733849,H1,-0.0603907094478327,AX,-0.0113444972610482,L1,-0.0183810249805204,L2,0.0...
Pre Extraction Termination data. keys=H2,H1,AX,L1,L2,CDD, signals=-0.21369,-0.06039,-0.01134,-0.01838,0.04878,0.00283
10:33:33 -- testing system defined conditionals
Checking default pre extraction terminations n=2
testing CDD
evaluate ot="CDD.inactive" t="CDD", ctx="{'CDD': False}"
GetDeflection CDD ===>> 50
testing CDD==2000
evaluate ot="CDD.deflection==2000" t="CDD==2000", ctx="{'CDD': 50.0}"
10:33:33 -- ******* Pre Extraction Check Passed *******
=================================================================================
10:33:33 -- stopping status monitor
stop 5288834736
Alive clients [5025639504, 4992986192]
10:33:33 -- starting status monitor
start 5288834736
Monitor already running
start extraction
do extraction
Analysis started at 10:33:33.200296
Extraction Started jan_co2.py
10:33:33 -- ******* Extraction Started jan_co2.py *******
state changed from not run to extraction
DO EXTRACTION <pychron.extraction_line.pyscript_runner.RemotePyScriptRunner object at 0x12bfe48f0>
testing...
no interpolation path defined
calculate duration
testing...
no interpolation path defined
executed snippet estimated_duration=0, duration=6.07967376709e-05
calculate duration
testing...
no interpolation path defined
executed snippet estimated_duration=0, duration=9.70363616943e-05
executed snippet estimated_duration=100.0, duration=0.00322699546814
Jan CO2 laser analysis
doing GOSUB
testing...
no interpolation path defined
executed snippet estimated_duration=0, duration=6.00814819336e-05
Waiting for CO2 access
wait ('FelixCO2Flag', 0) {}
waiting for FelixCO2Flag = 0
Read FelixCO2Flag ===>> 0
finished waiting
CO2 free
wait ('CO2PumpTimeFlag', 0) {}
waiting for CO2PumpTimeFlag = 0
Read CO2PumpTimeFlag ===>> 0
finished waiting
acquire ('JanCO2Flag',) {'clear': True}
acquire JanCO2Flag
Set JanCO2Flag 1 ===>> OK
JanCO2Flag acquired
set extraction state False (0.75, 'red', 1.5)
CO2 acquired
executed snippet estimated_duration=0, duration=0.0142431259155
WaitForCO2Access.py completed successfully
gosub finished
doing GOSUB
testing...
no interpolation path defined
executed snippet estimated_duration=0, duration=8.9168548584e-05
Prepare for CO2 analysis
close () {'description': 'Jan Inlet'}
closing name=--- desc=Jan Inlet
checking ownership. requestor=129.138.12.150
check software interlocks R
interlocks []
actuate state mode=None-script, software_lock=False
doing actuation None-script close_channel False
Close R ===>> OK
GetIndicatorState R ===>> False
change switch state (True, True)
update switch state R False args=() kw={} ncanvase=6
10:33:33 -- CLOSE  VALVE-R (Jan Inlet)
---------------------------------------- close None (Jan Inlet) result=[(True, True)]
action=close, ok=True, locked=[False]
open () {'description': 'Jan Ion Pump'}
opening name=--- desc=Jan Ion Pump
checking ownership. requestor=129.138.12.150
check software interlocks O
interlocks []
actuate state mode=None-script, software_lock=False
doing actuation None-script open_channel False
Open O ===>> OK
GetIndicatorState O ===>> OK
change switch state (True, True)
update switch state O True args=() kw={} ncanvase=6
10:33:34 -- OPEN   VALVE-O (Jan Ion Pump)
---------------------------------------- open None (Jan Ion Pump) result=[(True, True)], time=0.10 sec
action=open, ok=True, locked=[False]
close () {'description': 'Microbone to Minibone'}
closing name=--- desc=Microbone to Minibone
checking ownership. requestor=129.138.12.150
check software interlocks L
interlocks []
actuate state mode=None-script, software_lock=False
doing actuation None-script close_channel False
Close L ===>> OK
GetIndicatorState L ===>> False
change switch state (True, True)
update switch state L False args=() kw={} ncanvase=6
10:33:34 -- CLOSE  VALVE-L (Microbone to Minibone)
---------------------------------------- close None (Microbone to Minibone) result=[(True, True)]
action=close, ok=True, locked=[False]
open () {'description': 'Microbone to Turbo'}
opening name=--- desc=Microbone to Turbo
checking ownership. requestor=129.138.12.150
check software interlocks U
interlocks []
actuate state mode=None-script, software_lock=False
doing actuation None-script open_channel False
Open U ===>> OK
GetIndicatorState U ===>> OK
change switch state (True, True)
update switch state U True args=() kw={} ncanvase=6
10:33:35 -- OPEN   VALVE-U (Microbone to Turbo)
---------------------------------------- open None (Microbone to Turbo) result=[(True, True)], time=0.13 sec
action=open, ok=True, locked=[False]
open () {'description': 'Microbone to Inlet Pipette'}
opening name=--- desc=Microbone to Inlet Pipette
checking ownership. requestor=129.138.12.150
check software interlocks S
interlocks []
actuate state mode=None-script, software_lock=False
doing actuation None-script open_channel False
Open S ===>> OK
GetIndicatorState S ===>> OK
change switch state (True, True)
update switch state S True args=() kw={} ncanvase=6
10:33:35 -- OPEN   VALVE-S (Microbone to Inlet Pipette)
---------------------------------------- open None (Microbone to Inlet Pipette) result=[(True, True)], time=0.43 sec
action=open, ok=True, locked=[False]
open () {'description': 'Microbone to Getter D-50'}
opening name=--- desc=Microbone to Getter D-50
checking ownership. requestor=129.138.12.150
check software interlocks K
interlocks []
actuate state mode=None-script, software_lock=False
doing actuation None-script open_channel False
Open K ===>> OK
GetIndicatorState K ===>> OK
change switch state (True, True)
update switch state K True args=() kw={} ncanvase=6
10:33:36 -- OPEN   VALVE-K (Microbone to Getter D-50)
---------------------------------------- open None (Microbone to Getter D-50) result=[(True, True)], time=0.42 sec
action=open, ok=True, locked=[False]
open () {'description': 'Microbone to Getter NP-10'}
opening name=--- desc=Microbone to Getter NP-10
checking ownership. requestor=129.138.12.150
check software interlocks M
interlocks []
actuate state mode=None-script, software_lock=False
doing actuation None-script open_channel False
Open M ===>> OK
GetIndicatorState M ===>> OK
change switch state (True, True)
update switch state M True args=() kw={} ncanvase=6
10:33:36 -- OPEN   VALVE-M (Microbone to Getter NP-10)
---------------------------------------- open None (Microbone to Getter NP-10) result=[(True, True)], time=0.14 sec
action=open, ok=True, locked=[False]
close () {'description': 'CO2 Laser to Felix'}
closing name=--- desc=CO2 Laser to Felix
checking ownership. requestor=129.138.12.150
check software interlocks F
interlocks []
actuate state mode=None-script, software_lock=True
VALVE-F(CO2 Laser to Felix) software locked
change switch state (True, False)
---------------------------------------- close None (CO2 Laser to Felix) result=[(True, False)]
action=close, ok=True, locked=[True]
open () {'description': 'CO2 Laser to Jan'}
opening name=--- desc=CO2 Laser to Jan
checking ownership. requestor=129.138.12.150
check software interlocks A
interlocks []
actuate state mode=None-script, software_lock=False
doing actuation None-script open_channel False
Open A ===>> OK
GetIndicatorState A ===>> OK
change switch state (True, True)
update switch state A True args=() kw={} ncanvase=6
10:33:37 -- OPEN   VALVE-A (CO2 Laser to Jan)
---------------------------------------- open None (CO2 Laser to Jan) result=[(True, True)], time=0.13 sec
action=open, ok=True, locked=[False]
open () {'description': 'Microbone to CO2 Laser'}
opening name=--- desc=Microbone to CO2 Laser
checking ownership. requestor=129.138.12.150
check software interlocks T
interlocks []
actuate state mode=None-script, software_lock=False
doing actuation None-script open_channel False
Open T ===>> OK
GetIndicatorState T ===>> OK
change switch state (True, True)
update switch state T True args=() kw={} ncanvase=6
10:33:37 -- OPEN   VALVE-T (Microbone to CO2 Laser)
---------------------------------------- open None (Microbone to CO2 Laser) result=[(True, True)], time=0.42 sec
action=open, ok=True, locked=[False]
executed snippet estimated_duration=0, duration=4.94215011597
PrepareForCO2Analysis.py completed successfully
gosub finished
set_motor ('beam', '1.25') {}
setting motor "beam" to 1.25
set motor beam to 1.25
SetMotor beam,1.25 ===>> OK
GetMotorMoving beam ===>> False
GetMotorMoving beam ===>> False
Block completed
move_to_position ('184',) {'autocenter': True}
FusionsCO2 move to position 184
sending GoToHole 184,True
GoToHole 184,True ===>> OK
GetDriveMoving ===>> False
GetDriveMoving ===>> OK
GetDriveMoving ===>> OK
GetDriveMoving ===>> OK
GetDriveMoving ===>> OK
GetDriveMoving ===>> OK
GetDriveMoving ===>> OK
GetDriveMoving ===>> False
Block completed
GetAutoCorrecting ===>> False
GetAutoCorrecting ===>> False
Block completed
update position
GetPosition ===>> -11.96340,-9.96950,1.00000
got position (-11.9634, -9.9695, 1.0)
move to position succeeded
sleep (5,) {}
SLEEP 5.0
block started
WaitControl setup for 5.0  
Join finished
block finished. duration 5.02664399147
close () {'description': 'Microbone to Turbo'}
closing name=--- desc=Microbone to Turbo
checking ownership. requestor=129.138.12.150
check software interlocks U
interlocks []
actuate state mode=None-script, software_lock=False
doing actuation None-script close_channel True
Close U ===>> OK
GetIndicatorState U ===>> False
change switch state (True, True)
update switch state U False args=() kw={} ncanvase=6
10:33:48 -- CLOSE  VALVE-U (Microbone to Turbo)
---------------------------------------- close None (Microbone to Turbo) result=[(True, True)]
action=close, ok=True, locked=[False]
enable laser
enable () {}
set extraction state FusionsCO2 Enabled (False, 'red', 1.5)
enabling laser
Enable ===>> OK
begin interval
BEGIN INTERVAL Interval 1 waiting for 30.0
block started
set extract to 5.0
WaitControl setup for 30.0  
extract (5.0,) {}
GetPosition ===>> -11.96340,-9.96950,1.00000
set extraction state FusionsCO2 ON! 5.0(watts) (0.75, 'red', 1.5)
extract sample to 5.0 (watts)
set laser output
SetLaserOutput 5.0,watts ===>> OK
executing pattern triangle.lp
execute_pattern ('triangle.lp',) {}
executing pattern triangle.lp
IsPatterning ===>> OK
IsPatterning ===>> OK
IsPatterning ===>> OK
IsPatterning ===>> OK
IsPatterning ===>> OK
IsPatterning ===>> OK
IsPatterning ===>> OK
IsPatterning ===>> OK
IsPatterning ===>> OK
IsPatterning ===>> OK
IsPatterning ===>> OK
IsPatterning ===>> OK
IsPatterning ===>> OK
IsPatterning ===>> OK
IsPatterning ===>> OK
IsPatterning ===>> OK
IsPatterning ===>> OK
IsPatterning ===>> OK
IsPatterning ===>> OK
IsPatterning ===>> OK
IsPatterning ===>> OK
IsPatterning ===>> OK
IsPatterning ===>> OK
IsPatterning ===>> OK
IsPatterning ===>> OK
IsPatterning ===>> OK
IsPatterning ===>> False
IsPatterning ===>> False
Block completed
COMPLETE INTERVAL waiting for Interval 1 to complete
Join finished
block finished. duration 30.0801889896
Interval 1 finished
end_extract () {}
ending extraction. set laser power to 0
set laser power 0
SetLaserPower 0 ===>> OK
disable () {}
%%%%%%%%%%%%%%%%%%%%%%%%%%%%%%%%%%% disable
set extraction state False (0.75, 'red', 1.5)
disabling laser
Disable ===>> OK
sleep (30.0,) {}
SLEEP 30.0
block started
WaitControl setup for 30.0  
Join finished
block finished. duration 30.0688049793
executed snippet estimated_duration=166.0, duration=75.8572468758
jan_co2.py completed successfully
GetAchievedOutput ===>> No Response
Requested Output= 0.000
Achieved Output=  0.000
GetResponseBlob ===>> No Response
GetOutputBlob ===>> No Response
persistence save...
persistence save - db
AutomatedRunPersister post_extraction_save deprecated
persistence save - dvc
no extraction position for 184
create new session 4992585168
close session 4992585168
Extraction Finished
10:34:49 -- ******* Extraction Finished *******
no overlap. not waiting for min ms pumptime
10:34:49 -- Sending spectrometer configuration
======== Sending configuration ========
SetDeflection CDD,50.0 ===>> OK
SetDeflection H2,0.0 ===>> OK
SetDeflection H1,0.0 ===>> OK
SetDeflection L2,825.0 ===>> OK
SetDeflection L1,400.0 ===>> OK
SetDeflection AX,190.0 ===>> OK
SetZFocus 74.64 ===>> OK
SetZSymmetry -50.72 ===>> OK
SetExtractionLens 26.13 ===>> OK
SetIonRepeller -3.81 ===>> OK
SetElectronEnergy 75.08 ===>> OK
SetYSymmetry -2.81 ===>> OK
SetIonCounterVoltage 1590.0 ===>> OK
send trap current 200.0
GetParameter Trap Current Readback ===>> 198.258926936459
SetParameter Trap Current Set,200.0 ===>> OK
updating mftable name mftable
Using mftable located at /Users/jan/PychronDev/setupfiles/spectrometer/mftables/mftable.csv
============ MFtable ===========
Isotope  H2     H1     AX     L1     L2     CDD    
Ar40     5.8245 5.8810 5.9943 6.1644 6.2326 6.3927
Ar39     5.7238 5.7733 5.8867 6.0505 6.1178 6.2792
Ar36     5.4013 5.4423 5.5501 5.7094 5.7727 5.9303
================================
get initial guess parabolic
get initial guess parabolic
get initial guess parabolic
get initial guess parabolic
get initial guess parabolic
get initial guess parabolic
======== Configuration Finished ========
GetYSymmetry ===>> -2.81
GetZSymmetry ===>> -50.72
GetParameter Trap Current Readback ===>> 198.370811206739
GetHighVoltage ===>> 4499.94659342336
start measurement
do measurement
L#=65448 analysis type=unknown
Measurement Started jan_unknown120_60.py
10:34:49 -- ******* Measurement Started jan_unknown120_60.py *******
state changed from extraction to measurement
setting spec, defl, and gains
GetExtractionLens ===>> 26.13
GetYSymmetry ===>> -2.81
GetZSymmetry ===>> -50.72
GetZFocus ===>> 74.64
GetDeflection H2 ===>> 0
GetDeflection H1 ===>> 0
GetDeflection AX ===>> 190
GetDeflection L1 ===>> 400
GetDeflection L2 ===>> 825
GetDeflection CDD ===>> 50
GetGain H2 ===>> 0.0113
GetGain H1 ===>> 0.1
GetGain AX ===>> 0.097049
GetGain L1 ===>> 0.010355
GetGain L2 ===>> 0.095649
GetGain CDD ===>> 0
pre measurement save
New frame /Users/jan/PychronDev/data/isotopes/5e/c749a6-4e0d-418d-b29a-f50624458cc9.h5
flush and close file /Users/jan/PychronDev/data/isotopes/5e/c749a6-4e0d-418d-b29a-f50624458cc9.h5
testing...
no interpolation path defined
executed snippet estimated_duration=226.132928, duration=0.000213146209717
unknown measurement script
activate_detectors ('H2', 'H1', 'AX', 'L1', 'L2', 'CDD') {}
activate detectors
*************** Set Analysis View Ar/Ar
create graphs
clearing graphs
clear isotope group
setting isotope det=H2, iso=PM41
setting isotope det=H1, iso=Ar40
setting isotope det=AX, iso=Ar39
setting isotope det=L1, iso=Ar38
setting isotope det=L2, iso=Ar37
setting isotope det=CDD, iso=Ar36
setting previous blanks
 - setting Ar40 blank 0.438+/-0.007
 - setting Ar36 blank 0.00468+/-0.00018
 - setting Ar37 blank 0.048+/-0.005
 - setting Ar38 blank 0.0111+/-0.0022
 - setting PM41 blank 0.02+/-0.06
 - setting Ar39 blank 0.013+/-0.008
load analysis view
position_magnet ('Ar40',) {'detector': 'H1'}
detector Detector(H1)
POSITION Ar40 H1
setting detector H2 to PM41 (40.9624)
setting detector H1 to Ar40 (39.9624)
setting detector AX to Ar39 (38.9624)
setting detector L1 to Ar38 (37.9624)
setting detector L2 to Ar37 (36.9624)
setting detector CDD to Ar36 (35.9624)
Mapping mass to dac mass func: "parabolic"
H1 map mass coeffs = [-0.00063987  0.15840543  0.57264999]
H1 map mass to dac 39.9624 >> 5.88104
GetDeflection H1 ===>> 0
GetHighVoltage ===>> 4499.94659342336
positioning Ar40 (5.88100536711) on H1
setting magnet DAC
current  : 5.881006
requested: 5.881005
Delta Dac: 0.000000
Checking detector protection. dv=0.00000
Checking detector "CDD". Protection Threshold: 0.1 (V)
SetMagnetDAC 5.88100536711 ===>> OK
Magnet settling time: 0.500
update labels <pychron.experiment.plot_panel.PlotPanel object at 0x1d0d26110>
update labels "<pychron.graph.stacked_regression_graph.StackedRegressionGraph object at 0x1c70b5470>"
setting label 0 H2 PM41
setting label 1 H1 Ar40
setting label 2 AX Ar39
setting label 3 L1 Ar38
setting label 4 L2 Ar37
setting label 5 CDD Ar36
update labels "<pychron.graph.stacked_graph.StackedGraph object at 0x1d37d6770>"
setting label 0 H2 PM41
setting label 1 H1 Ar40
setting label 2 AX Ar39
setting label 3 L1 Ar38
setting label 4 L2 Ar37
setting label 5 CDD Ar36
equilibrate () {'delay': 3, 'inlet': 'R', 'outlet': 'O', 'eqtime': 12.0}
Equilibration Started
10:34:50 -- ******* Equilibration Started *******
checking ownership. requestor=129.138.12.150
check software interlocks O
interlocks []
actuate state mode=None-script, software_lock=False
doing actuation None-script close_channel True
Close O ===>> OK
GetIndicatorState O ===>> ERROR 005 : O[13]GetIndicatorState O is not a registered valve name
change switch state (False, False)
set states for children of O. state=False
handle state [('O', False)]
update switch state O False args=() kw={'refresh': False} ncanvase=6
refresh_canvas_needed fired
checking ownership. requestor=129.138.12.150
check software interlocks O
interlocks []
actuate state mode=None-script, software_lock=False
doing actuation None-script close_channel False
Close O ===>> OK
GetIndicatorState O ===>> False
change switch state (True, True)
update switch state O False args=() kw={} ncanvase=6
10:34:57 -- CLOSE  VALVE-O (Jan Ion Pump)
waiting 3s before opening inlet value ('R',)
checking ownership. requestor=129.138.12.150
check software interlocks R
interlocks []
actuate state mode=None-script, software_lock=False
doing actuation None-script open_channel True
Open R ===>> OK
set states for children of R. state=True
handle state [('R', True)]
update switch state R True args=() kw={'refresh': False} ncanvase=6
refresh_canvas_needed fired
GetIndicatorState R ===>> OK
change switch state (True, True)
update switch state R True args=() kw={} ncanvase=6
10:35:00 -- OPEN   VALVE-R (Jan Inlet)
equilibrating for 12.0sec
set_time_zero () {}
sniff (12.0,) {}
py_sniff
build tables- sniff [Detector(H2), Detector(H1), Detector(AX), Detector(L1), Detector(L2), Detector(CDD)]
add group /sniff/PM41 (Group) '' table H2
add group /sniff/Ar40 (Group) '' table H1
add group /sniff/Ar39 (Group) '' table AX
add group /sniff/Ar38 (Group) '' table L1
add group /sniff/Ar37 (Group) '' table L2
add group /sniff/Ar36 (Group) '' table CDD
flush and close file /Users/jan/PychronDev/data/isotopes/5e/c749a6-4e0d-418d-b29a-f50624458cc9.h5
measuring sniff. ncounts=12.0
"sniff" increment series count="1" fit count="0" regressing="False"
starting measurement
check iteration duration=1.8835067749e-05
GetData ===>> H2,-0.283241849493428,H1,0.130886678013886,AX,-0.0413128060124653,L1,-0.028161300746229,L2,-0.070...
check iteration duration=1.81198120117e-05
GetData ===>> H2,0.629313962039288,H1,7.56767570992156,AX,3.49040529807443,L1,0.121270900006761,L2,9.0602635757...
check iteration duration=1.81198120117e-05
GetData ===>> H2,0.596670111167631,H1,16.1343900680596,AX,5.97395397893535,L1,0.180910592145541,L2,17.039826799...
check iteration duration=1.81198120117e-05
GetData ===>> H2,0.18126823183778,H1,18.980053376299,AX,6.48436652374228,L1,0.149155388205169,L2,18.68140571724...
check iteration duration=1.69277191162e-05
GetData ===>> H2,0.0867051271041556,H1,19.8284258994335,AX,6.73249028720372,L1,0.167918621711369,L2,19.16391115...
check iteration duration=6.00814819336e-05
GetData ===>> H2,0.0558812923517092,H1,20.296082835633,AX,6.64117776888397,L1,0.130303418260042,L2,19.437677350...
check iteration duration=5.00679016113e-05
GetData ===>> H2,-0.172620821948676,H1,20.4414932108522,AX,6.62076387883991,L1,0.101381464614625,L2,19.42836471...
check iteration duration=2.00271606445e-05
GetData ===>> H2,-0.167679594031119,H1,20.4982249563857,AX,6.63052652710738,L1,0.106098495505055,L2,19.57231299...
check iteration duration=1.69277191162e-05
GetData ===>> H2,-0.120955510190973,H1,20.5790265644428,AX,6.69004638858425,L1,0.089652799605207,L2,19.57071695...
check iteration duration=1.78813934326e-05
GetData ===>> H2,-0.0490137122140033,H1,20.615969113414,AX,6.70425669420991,L1,0.127772912167498,L2,19.44281094...
check iteration duration=4.29153442383e-05
GetData ===>> H2,-0.118095712161649,H1,20.6225221810253,AX,6.64639584930609,L1,0.101625152159633,L2,19.43209218...
check iteration duration=4.50611114502e-05
GetData ===>> H2,-0.134435063973418,H1,20.6302337185527,AX,6.67444616667915,L1,0.0839041308156255,L2,19.5029265...
Equilibration Finished
10:35:12 -- ******* Equilibration Finished *******
checking ownership. requestor=129.138.12.150
check software interlocks R
interlocks []
actuate state mode=None-script, software_lock=False
doing actuation None-script close_channel True
Close R ===>> OK
GetIndicatorState R ===>> False
change switch state (True, True)
update switch state R False args=() kw={} ncanvase=6
10:35:13 -- CLOSE  VALVE-R (Jan Inlet)
Post Equilibration Started jan_pump_extraction_line.py
10:35:13 -- ******* Post Equilibration Started jan_pump_extraction_line.py *******
testing...
no interpolation path defined
calculate duration
testing...
no interpolation path defined
executed snippet estimated_duration=4.0, duration=0.000154972076416
executed snippet estimated_duration=4.0, duration=0.025584936142
Pump after analysis
doing GOSUB
testing...
no interpolation path defined
executed snippet estimated_duration=4.0, duration=0.000124931335449
Pump Microbone
close () {'description': 'Jan Inlet'}
closing name=--- desc=Jan Inlet
checking ownership. requestor=129.138.12.150
check software interlocks R
interlocks []
actuate state mode=None-script, software_lock=False
doing actuation None-script close_channel False
check iteration duration=1.59740447998e-05
waiting for write to finish
measurement finished
estimated time: 12.583 actual time: :12.667
flush and close file /Users/jan/PychronDev/data/isotopes/5e/c749a6-4e0d-418d-b29a-f50624458cc9.h5
set_fits () {}
using default fits file=/Users/jan/PychronDev/scripts/measurement/fits/nominal_linear.yaml
set "Ar40" to "('Linear', 'SEM')"
No fit for "PM41". defaulting to linear. check the measurement script "jan_unknown120_60.py"
set "PM41" to "linear"
set "Ar36" to "('Linear', 'SEM')"
set "Ar37" to "('linear', 'SEM')"
set "Ar38" to "('linear', 'SEM')"
set "Ar39" to "('Linear', 'SEM')"
set_baseline_fits () {}
using default fits file=/Users/jan/PychronDev/scripts/measurement/fits/nominal_linear.yaml
set "H1" to "('average', 'SEM')"
set "H2" to "('average', 'SEM')"
set "CDD" to "('average', 'SEM')"
set "L2" to "('average', 'SEM')"
set "L1" to "('average', 'SEM')"
set "AX" to "('average', 'SEM')"
multicollect () {'integration_time': 1, 'ncounts': 120}
build tables- signal [Detector(H2), Detector(H1), Detector(AX), Detector(L1), Detector(L2), Detector(CDD)]
add group /signal/PM41 (Group) '' table H2
add group /signal/Ar40 (Group) '' table H1
add group /signal/Ar39 (Group) '' table AX
add group /signal/Ar38 (Group) '' table L1
add group /signal/Ar37 (Group) '' table L2
add group /signal/Ar36 (Group) '' table CDD
flush and close file /Users/jan/PychronDev/data/isotopes/5e/c749a6-4e0d-418d-b29a-f50624458cc9.h5
measuring signal. ncounts=120
Close R ===>> OK
GetIndicatorState R ===>> False
change switch state (True, True)
update switch state R False args=() kw={} ncanvase=6
"signal" increment series count="2" fit count="1" regressing="True"
10:35:13 -- CLOSE  VALVE-R (Jan Inlet)
---------------------------------------- close None (Jan Inlet) result=[(True, True)]
action=close, ok=True, locked=[False]
is_closed ('F',) {}
is F () closed?
is closed True
open () {'description': 'CO2 Laser to Jan'}
opening name=--- desc=CO2 Laser to Jan
checking ownership. requestor=129.138.12.150
check software interlocks A
interlocks []
actuate state mode=None-script, software_lock=False
doing actuation None-script open_channel False
Open A ===>> OK
GetIndicatorState A ===>> OK
change switch state (True, True)
update switch state A True args=() kw={} ncanvase=6
10:35:14 -- OPEN   VALVE-A (CO2 Laser to Jan)
---------------------------------------- open None (CO2 Laser to Jan) result=[(True, True)], time=0.12 sec
starting measurement
check iteration duration=6.29425048828e-05
GetData ===>> H2,0.0439207864858403,H1,20.7099538792099,AX,6.76110274846733,L1,0.152612354119531,L2,19.50847777...
action=open, ok=True, locked=[False]
sleep (1,) {}
SLEEP 1.0
check iteration duration=7.79628753662e-05
GetData ===>> H2,0.0183333452731418,H1,20.6976647850539,AX,6.70675330636934,L1,0.106630243207095,L2,19.52839936...
close () {'description': 'CO2 Laser to Roughing'}
closing name=--- desc=CO2 Laser to Roughing
checking ownership. requestor=129.138.12.150
check software interlocks G
interlocks []
actuate state mode=None-script, software_lock=True
VALVE-G(CO2 Laser to Roughing) software locked
change switch state (True, False)
---------------------------------------- close None (CO2 Laser to Roughing) result=[(True, False)]
action=close, ok=True, locked=[True]
open () {'description': 'Microbone to Turbo'}
opening name=--- desc=Microbone to Turbo
checking ownership. requestor=129.138.12.150
check software interlocks U
interlocks []
actuate state mode=None-script, software_lock=False
doing actuation None-script open_channel True
Open U ===>> OK
GetIndicatorState U ===>> OK
change switch state (True, True)
update switch state U True args=() kw={} ncanvase=6
10:35:15 -- OPEN   VALVE-U (Microbone to Turbo)
---------------------------------------- open None (Microbone to Turbo) result=[(True, True)], time=0.18 sec
action=open, ok=True, locked=[False]
open () {'description': 'Microbone to Getter NP-10'}
opening name=--- desc=Microbone to Getter NP-10
checking ownership. requestor=129.138.12.150
check software interlocks M
interlocks []
actuate state mode=None-script, software_lock=False
doing actuation None-script open_channel False
Open M ===>> OK
GetIndicatorState M ===>> OK
change switch state (True, True)
update switch state M True args=() kw={} ncanvase=6
10:35:16 -- OPEN   VALVE-M (Microbone to Getter NP-10)
---------------------------------------- open None (Microbone to Getter NP-10) result=[(True, True)], time=0.15 sec
action=open, ok=True, locked=[False]
open () {'description': 'Microbone to Getter D-50'}
opening name=--- desc=Microbone to Getter D-50
checking ownership. requestor=129.138.12.150
check software interlocks K
interlocks []
actuate state mode=None-script, software_lock=False
doing actuation None-script open_channel False
check iteration duration=7.48634338379e-05
GetData ===>> H2,-0.0994353846763338,H1,20.5874454309851,AX,6.66000011696352,L1,0.0906650182235379,L2,19.533625...
Open K ===>> OK
GetIndicatorState K ===>> OK
change switch state (True, True)
update switch state K True args=() kw={} ncanvase=6
10:35:16 -- OPEN   VALVE-K (Microbone to Getter D-50)
---------------------------------------- open None (Microbone to Getter D-50) result=[(True, True)], time=0.43 sec
action=open, ok=True, locked=[False]
open () {'description': 'Microbone to CO2 Laser'}
opening name=--- desc=Microbone to CO2 Laser
checking ownership. requestor=129.138.12.150
check software interlocks T
interlocks []
actuate state mode=None-script, software_lock=False
doing actuation None-script open_channel False
Open T ===>> OK
check iteration duration=8.39233398438e-05
GetData ===>> H2,-0.148880565341392,H1,20.6309575253203,AX,6.57503356381115,L1,0.0566117876826972,L2,19.4764930...
GetIndicatorState T ===>> OK
change switch state (True, True)
update switch state T True args=() kw={} ncanvase=6
10:35:17 -- OPEN   VALVE-T (Microbone to CO2 Laser)
---------------------------------------- open None (Microbone to CO2 Laser) result=[(True, True)], time=0.44 sec
action=open, ok=True, locked=[False]
open () {'description': 'Microbone to Inlet Pipette'}
opening name=--- desc=Microbone to Inlet Pipette
checking ownership. requestor=129.138.12.150
check software interlocks S
interlocks []
actuate state mode=None-script, software_lock=False
doing actuation None-script open_channel False
Open S ===>> OK
GetIndicatorState S ===>> OK
change switch state (True, True)
update switch state S True args=() kw={} ncanvase=6
10:35:18 -- OPEN   VALVE-S (Microbone to Inlet Pipette)
---------------------------------------- open None (Microbone to Inlet Pipette) result=[(True, True)], time=0.43 sec
action=open, ok=True, locked=[False]
sleep (1,) {}
SLEEP 1.0
testing H1>-5.0
evaluate ot="H1.bs>-5.0" t="H1>-5.0", ctx="{'H1': None}"
check iteration duration=0.000584840774536
GetData ===>> H2,-0.11688474805115,H1,20.6174560203446,AX,6.53886210653447,L1,0.107943454126089,L2,19.406902030...
set_resource () {'name': 'CO2PumpTimeFlag', 'value': 30}
Set CO2PumpTimeFlag 30 ===>> OK
release ('JanCO2Flag',) {}
release JanCO2Flag
Set JanCO2Flag 0 ===>> OK
executed snippet estimated_duration=6.0, duration=6.01382493973
PumpMicrobone.py completed successfully
gosub finished
get_resource_value () {'name': 'JanMiniboneFlag'}
Read JanMiniboneFlag ===>> 0
Get Resource Value JanMiniboneFlag=0.0
get resource value 0.0
get_resource_value () {'name': 'JanMiniboneFlag'}
Read JanMiniboneFlag ===>> 0
Get Resource Value JanMiniboneFlag=0.0
executed snippet estimated_duration=4.0, duration=6.02766513824
jan_pump_extraction_line.py completed successfully
Post Equilibration Finished
10:35:19 -- ******* Post Equilibration Finished *******
check iteration duration=8.29696655273e-05
GetData ===>> H2,-0.157312476170962,H1,20.7063617434592,AX,6.57112574877,L1,0.0914134021130411,L2,19.4808374758...
check iteration duration=8.39233398438e-05
GetData ===>> H2,-0.205327667719194,H1,20.6904551178385,AX,6.545417068588,L1,0.0767017028627877,L2,19.397295235...
check iteration duration=7.91549682617e-05
GetData ===>> H2,-0.279502171780524,H1,20.6693918986901,AX,6.55815672637094,L1,0.0942652400878121,L2,19.4879446...
check iteration duration=4.00543212891e-05
GetData ===>> H2,-0.146900448251435,H1,20.7583735824151,AX,6.54197775736539,L1,0.0650311019784489,L2,19.5135897...
testing H1>-5.0
evaluate ot="H1.bs>-5.0" t="H1>-5.0", ctx="{'H1': None}"
check iteration duration=0.00055193901062
GetData ===>> H2,-0.193985982550361,H1,20.7563858379396,AX,6.64807528904863,L1,0.0867287798293253,L2,19.5593317...
check iteration duration=8.89301300049e-05
GetData ===>> H2,-0.312094145485999,H1,20.7106249504875,AX,6.64523225391632,L1,0.0620404772330108,L2,19.4018787...
check iteration duration=5.50746917725e-05
GetData ===>> H2,-0.266334559432331,H1,20.7924867440558,AX,6.6450763091645,L1,0.0539466590996969,L2,19.48665125...
check iteration duration=8.70227813721e-05
GetData ===>> H2,-0.193605905479242,H1,20.6815620890817,AX,6.52989379961716,L1,0.0904517208772541,L2,19.3757490...
check iteration duration=9.17911529541e-05
GetData ===>> H2,-0.147813560212399,H1,20.6949413700466,AX,6.50181001615393,L1,0.0911482678321094,L2,19.3926365...
testing H1>-5.0
evaluate ot="H1.bs>-5.0" t="H1>-5.0", ctx="{'H1': None}"
check iteration duration=0.000602960586548
GetData ===>> H2,-0.168321994583165,H1,20.7580313192281,AX,6.65015063543541,L1,0.064672553416301,L2,19.34244654...
check iteration duration=4.10079956055e-05
GetData ===>> H2,-0.145014558273778,H1,20.8241472814143,AX,6.60031815706174,L1,0.0581101033345802,L2,19.3518600...
check iteration duration=4.19616699219e-05
GetData ===>> H2,-0.0726749631825972,H1,20.8078417620084,AX,6.5919971581161,L1,0.0932996715371591,L2,19.3324942...
check iteration duration=8.10623168945e-05
GetData ===>> H2,-0.109016957882935,H1,20.7058749062112,AX,6.6538575744617,L1,0.112072314719699,L2,19.429054976...
check iteration duration=8.01086425781e-05
GetData ===>> H2,-0.0950492550806263,H1,20.7051249178932,AX,6.59157752941838,L1,0.0746444643437194,L2,19.504471...
testing H1>-5.0
evaluate ot="H1.bs>-5.0" t="H1>-5.0", ctx="{'H1': None}"
check iteration duration=0.000596046447754
GetData ===>> H2,-0.0186216510069863,H1,20.7576232375833,AX,6.59509047507657,L1,0.0677639488486169,L2,19.325491...
check iteration duration=8.48770141602e-05
GetData ===>> H2,-0.199949065283914,H1,20.7633891761184,AX,6.48427062286711,L1,0.0792545615080294,L2,19.2747818...
check iteration duration=8.17775726318e-05
GetData ===>> H2,-0.293990500223955,H1,20.7700769886011,AX,6.56739788261103,L1,0.0969888568836571,L2,19.3844624...
check iteration duration=7.31945037842e-05
GetData ===>> H2,-0.119789492203121,H1,20.7392216384138,AX,6.54908419890887,L1,0.0719073482720526,L2,19.3680909...
check iteration duration=6.48498535156e-05
GetData ===>> H2,-0.134931346139794,H1,20.8910629536551,AX,6.62321044870254,L1,0.0777063848312689,L2,19.3089412...
testing H1>-5.0
evaluate ot="H1.bs>-5.0" t="H1>-5.0", ctx="{'H1': None}"
check iteration duration=0.00059700012207
10:35:39 -- collecting point 25
GetData ===>> H2,-0.11940936068723,H1,20.7800962998466,AX,6.62141149448667,L1,0.111964940610775,L2,19.213407140...
check iteration duration=8.29696655273e-05
GetData ===>> H2,-0.236686317364164,H1,20.8920374226863,AX,6.54152238699293,L1,0.0875696350573534,L2,19.3526382...
check iteration duration=4.10079956055e-05
GetData ===>> H2,-0.183704579939643,H1,20.8729709944163,AX,6.5597388096386,L1,0.0828084332122485,L2,19.33546853...
check iteration duration=8.10623168945e-05
GetData ===>> H2,-0.167014212199139,H1,20.8687183654207,AX,6.56478486261916,L1,0.0963787222913642,L2,19.2698903...
check iteration duration=8.51154327393e-05
GetData ===>> H2,-0.25521360788812,H1,20.8095538602035,AX,6.45159772280971,L1,0.0821009335994747,L2,19.27922208...
testing H1>-5.0
evaluate ot="H1.bs>-5.0" t="H1>-5.0", ctx="{'H1': None}"
check iteration duration=0.000631093978882
GetData ===>> H2,-0.176238139156227,H1,20.8363187202112,AX,6.56919587155526,L1,0.0644620023052286,L2,19.3344268...
check iteration duration=4.00543212891e-05
GetData ===>> H2,-0.118180948345345,H1,20.9196948548211,AX,6.57695156536427,L1,0.0801908113876085,L2,19.2841266...
check iteration duration=4.19616699219e-05
GetData ===>> H2,-0.0769720550373943,H1,20.8835176936797,AX,6.51944840252857,L1,0.0423390839065333,L2,19.269539...
check iteration duration=7.9870223999e-05
GetData ===>> H2,-0.0692849443477497,H1,20.9079330154947,AX,6.50868034551127,L1,0.0236074025017602,L2,19.323810...
check iteration duration=7.20024108887e-05
GetData ===>> H2,-0.0841189821203371,H1,20.9334207779393,AX,6.49380121929762,L1,0.0505413718277966,L2,19.182873...
testing H1>-5.0
evaluate ot="H1.bs>-5.0" t="H1>-5.0", ctx="{'H1': None}"
check iteration duration=0.000545978546143
GetData ===>> H2,-0.0659732723415856,H1,20.9113310443466,AX,6.62583697959894,L1,0.0962967307235032,L2,19.345923...
check iteration duration=8.60691070557e-05
GetData ===>> H2,-0.14665459785231,H1,20.9414042002569,AX,6.58366485870265,L1,0.0820322352517706,L2,19.28342416...
check iteration duration=3.981590271e-05
GetData ===>> H2,-0.212192116591187,H1,20.8162049548677,AX,6.57246829388,L1,0.0666772197560603,L2,19.2335870597...
check iteration duration=6.69956207275e-05
GetData ===>> H2,-0.147488036127922,H1,20.9605746719307,AX,6.49750580804472,L1,0.055848875410757,L2,19.16868914...
check iteration duration=4.10079956055e-05
GetData ===>> H2,-0.177278851163294,H1,20.9841767032761,AX,6.55688628357351,L1,0.0755333134566863,L2,19.1458043...
testing H1>-5.0
evaluate ot="H1.bs>-5.0" t="H1>-5.0", ctx="{'H1': None}"
check iteration duration=0.000667095184326
GetData ===>> H2,-0.106638558607403,H1,20.9231064174608,AX,6.51788948104945,L1,0.0809849445560523,L2,19.1907133...
check iteration duration=4.50611114502e-05
GetData ===>> H2,-0.14981782624651,H1,20.9734754372913,AX,6.54255296499245,L1,0.0322449832208703,L2,19.29769992...
check iteration duration=8.29696655273e-05
GetData ===>> H2,-0.177679722490709,H1,20.9308256311358,AX,6.48654829335342,L1,0.0768137307977935,L2,19.1912401...
check iteration duration=4.00543212891e-05
GetData ===>> H2,-0.11756939837731,H1,20.9860482133149,AX,6.4981412366511,L1,0.106985963043803,L2,19.1150902287...
check iteration duration=4.10079956055e-05
GetData ===>> H2,-0.121710246848408,H1,20.98777477531,AX,6.5311093480389,L1,0.0937999233895899,L2,19.1531269755...
testing H1>-5.0
evaluate ot="H1.bs>-5.0" t="H1>-5.0", ctx="{'H1': None}"
check iteration duration=0.000789165496826
GetData ===>> H2,-0.202869195367194,H1,21.1382803995933,AX,6.58032014407546,L1,0.106442138786537,L2,19.30872796...
check iteration duration=8.60691070557e-05
GetData ===>> H2,-0.294226737191643,H1,21.0175655090349,AX,6.58485171964785,L1,0.079558200617867,L2,19.22232792...
check iteration duration=4.50611114502e-05
GetData ===>> H2,-0.120737736343858,H1,20.9375836787119,AX,6.60646942419917,L1,0.0980621077883687,L2,19.1950660...
check iteration duration=4.10079956055e-05
GetData ===>> H2,-0.178507065244339,H1,20.9992814837133,AX,6.47536422767913,L1,0.0921244783572606,L2,19.0787462...
check iteration duration=4.29153442383e-05
GetData ===>> H2,-0.257242009212912,H1,20.9290209202827,AX,6.60644544192084,L1,0.0534401837318851,L2,19.1321386...
testing H1>-5.0
evaluate ot="H1.bs>-5.0" t="H1>-5.0", ctx="{'H1': None}"
check iteration duration=0.000691175460815
10:36:05 -- collecting point 50
GetData ===>> H2,-0.136140182427127,H1,20.9630651008258,AX,6.50322481001237,L1,0.0713486967984377,L2,19.1834007...
check iteration duration=4.00543212891e-05
GetData ===>> H2,-0.165304015103189,H1,20.9574781851265,AX,6.48864619337947,L1,0.100878425220513,L2,19.21581605...
check iteration duration=4.10079956055e-05
GetData ===>> H2,-0.241870038367,H1,20.99507671721,AX,6.57677175116563,L1,0.0744481572591544,L2,19.178045112962...
check iteration duration=6.48498535156e-05
GetData ===>> H2,-0.228852916746269,H1,20.9448954819299,AX,6.57629224820692,L1,0.0898600551708514,L2,19.1011151...
check iteration duration=4.6968460083e-05
GetData ===>> H2,-0.180677034388043,H1,21.0434741519437,AX,6.4968464052444,L1,0.0847317277139473,L2,19.17883526...
testing H1>-5.0
evaluate ot="H1.bs>-5.0" t="H1>-5.0", ctx="{'H1': None}"
check iteration duration=0.00060510635376
GetData ===>> H2,-0.166421679053481,H1,21.1279294495779,AX,6.50816475477143,L1,0.0799690918695053,L2,19.2258035...
check iteration duration=4.98294830322e-05
GetData ===>> H2,-0.200484344070396,H1,21.0918866908346,AX,6.55090582966995,L1,0.0620838221937202,L2,19.1768661...
check iteration duration=4.60147857666e-05
GetData ===>> H2,-0.195545874591235,H1,21.0395709859561,AX,6.47766567011485,L1,0.0769040768110248,L2,19.0593011...
check iteration duration=3.981590271e-05
GetData ===>> H2,-0.233348265361022,H1,21.0521908407434,AX,6.50285312495294,L1,0.0737304043015163,L2,19.1536160...
check iteration duration=4.00543212891e-05
GetData ===>> H2,-0.18181178423523,H1,21.0349163768372,AX,6.55681437219678,L1,0.0671068428687664,L2,19.08375848...
testing H1>-5.0
evaluate ot="H1.bs>-5.0" t="H1>-5.0", ctx="{'H1': None}"
check iteration duration=0.000593900680542
GetData ===>> H2,-0.20802678914494,H1,21.0483005543725,AX,6.59879538680274,L1,0.0982562698301652,L2,19.00955487...
check iteration duration=4.00543212891e-05
GetData ===>> H2,-0.213384044681596,H1,20.9847961432332,AX,6.55888783751661,L1,0.117990509041863,L2,19.13786799...
check iteration duration=4.00543212891e-05
GetData ===>> H2,-0.288759803975603,H1,21.0992814861696,AX,6.57305566299818,L1,0.0974326142413295,L2,19.0556430...
check iteration duration=4.29153442383e-05
GetData ===>> H2,-0.153321349258585,H1,21.1693390595092,AX,6.61603880930939,L1,0.0542486315621287,L2,19.0733834...
check iteration duration=4.91142272949e-05
GetData ===>> H2,-0.105449172201459,H1,21.1051739496076,AX,6.49888457332283,L1,0.0605716746227852,L2,19.1427451...
testing H1>-5.0
evaluate ot="H1.bs>-5.0" t="H1>-5.0", ctx="{'H1': None}"
check iteration duration=0.000590085983276
GetData ===>> H2,-0.154256431235343,H1,21.1249759802352,AX,6.46241959514631,L1,0.0503369227431865,L2,19.1518479...
check iteration duration=9.10758972168e-05
GetData ===>> H2,-0.0827929060417203,H1,21.043856564127,AX,6.63783114243752,L1,0.0203222249109436,L2,19.0337084...
check iteration duration=4.00543212891e-05
GetData ===>> H2,-0.208098199986024,H1,21.0215470025166,AX,6.55903166328537,L1,0.061360226520675,L2,19.08748020...
check iteration duration=4.88758087158e-05
GetData ===>> H2,-0.244295113363843,H1,21.0396632889672,AX,6.35172716374514,L1,0.0817128543258111,L2,18.9020403...
check iteration duration=4.00543212891e-05
GetData ===>> H2,-0.214074901406334,H1,21.1202822357829,AX,6.51780553980907,L1,0.0632132647875927,L2,18.9110176...
testing H1>-5.0
evaluate ot="H1.bs>-5.0" t="H1>-5.0", ctx="{'H1': None}"
check iteration duration=0.000538110733032
GetData ===>> H2,-0.120514547631836,H1,21.0984378481801,AX,6.44826630661962,L1,0.101205337665681,L2,19.08600152...
check iteration duration=8.20159912109e-05
GetData ===>> H2,-0.101593296929057,H1,21.1862106638291,AX,6.40168597598394,L1,0.104197213513407,L2,19.01092096...
check iteration duration=4.00543212891e-05
GetData ===>> H2,-0.16184233695766,H1,21.174562518293,AX,6.48092613704759,L1,0.10471439437248,L2,18.98471769130...
check iteration duration=7.60555267334e-05
GetData ===>> H2,-0.122588004684048,H1,21.2120045212102,AX,6.61702218113589,L1,0.0891527527878563,L2,18.9990278...
check iteration duration=3.79085540771e-05
GetData ===>> H2,-0.234874123742976,H1,21.121482022306,AX,6.5796248410134,L1,0.0878431087710172,L2,18.914160473...
testing H1>-5.0
evaluate ot="H1.bs>-5.0" t="H1>-5.0", ctx="{'H1': None}"
check iteration duration=0.000585079193115
10:36:32 -- collecting point 75
GetData ===>> H2,-0.141126960348143,H1,21.148540003452,AX,6.56212396703979,L1,0.0718495553081955,L2,18.99307546...
check iteration duration=4.10079956055e-05
GetData ===>> H2,-0.161556066620034,H1,21.1830577605273,AX,6.49564750213647,L1,0.105915223857934,L2,18.95720564...
check iteration duration=5.00679016113e-05
GetData ===>> H2,-0.138364158777841,H1,21.156505698804,AX,6.32153344275129,L1,0.0831495452610553,L2,18.98871480...
check iteration duration=8.79764556885e-05
GetData ===>> H2,-0.127338080088265,H1,21.1442408762973,AX,6.48404285865529,L1,0.0934696338499846,L2,19.0929439...
check iteration duration=8.08238983154e-05
GetData ===>> H2,-0.189614325357661,H1,21.2052487203585,AX,6.45395854138306,L1,0.0883720062266537,L2,19.0344230...
testing H1>-5.0
evaluate ot="H1.bs>-5.0" t="H1>-5.0", ctx="{'H1': None}"
check iteration duration=0.000571012496948
GetData ===>> H2,-0.192546474347042,H1,21.2692600917146,AX,6.36571121292871,L1,0.0887298409196433,L2,19.0261120...
check iteration duration=5.3882598877e-05
GetData ===>> H2,-0.280693094992391,H1,21.2456642827987,AX,6.46463684450662,L1,0.0901588962530489,L2,19.0023863...
check iteration duration=6.60419464111e-05
GetData ===>> H2,-0.191577264090856,H1,21.3570796078945,AX,6.55870805559481,L1,0.0839005144566405,L2,18.9590345...
check iteration duration=4.00543212891e-05
GetData ===>> H2,-0.261834351892444,H1,21.1737710692987,AX,6.47291900279181,L1,0.0857289999819004,L2,19.0275786...
check iteration duration=7.20024108887e-05
GetData ===>> H2,-0.261983625682893,H1,21.2202255146402,AX,6.43611596130672,L1,0.0559920674844133,L2,18.9698457...
testing H1>-5.0
evaluate ot="H1.bs>-5.0" t="H1>-5.0", ctx="{'H1': None}"
check iteration duration=0.000585079193115
GetData ===>> H2,-0.0863292167052087,H1,21.1489488248523,AX,6.50770911864277,L1,0.0520327727577665,L2,18.904882...
check iteration duration=4.10079956055e-05
GetData ===>> H2,-0.0511309680459826,H1,21.1774777375666,AX,6.52721938685397,L1,0.00287119516816997,L2,18.94359...
check iteration duration=4.60147857666e-05
GetData ===>> H2,-0.224292483011701,H1,21.1134265623292,AX,6.63446063829863,L1,0.0163043247474044,L2,18.8958932...
check iteration duration=5.88893890381e-05
GetData ===>> H2,-0.213198192976991,H1,21.2336601693045,AX,6.42185855253157,L1,0.0675870314962469,L2,18.9662627...
check iteration duration=4.07695770264e-05
GetData ===>> H2,-0.229906926960076,H1,21.3841718917284,AX,6.39381689359574,L1,0.0590982708776501,L2,18.9581827...
testing H1>-5.0
evaluate ot="H1.bs>-5.0" t="H1>-5.0", ctx="{'H1': None}"
check iteration duration=0.000609874725342
GetData ===>> H2,-0.183133941426337,H1,21.2773331494043,AX,6.49227866089491,L1,0.0940856204842696,L2,18.9064976...
check iteration duration=4.10079956055e-05
GetData ===>> H2,-0.117477392434237,H1,21.2589321848725,AX,6.37348230031064,L1,0.113580498346943,L2,18.96126434...
check iteration duration=6.41345977783e-05
GetData ===>> H2,-0.194512947723891,H1,21.2228516106915,AX,6.45125019582114,L1,0.11620285949093,L2,18.919231798...
check iteration duration=4.41074371338e-05
GetData ===>> H2,-0.0610320552566136,H1,21.2765812221167,AX,6.41834842503672,L1,0.0711933875430251,L2,18.887054...
check iteration duration=4.10079956055e-05
GetData ===>> H2,-0.180968491100286,H1,21.3137087819129,AX,6.54598031194279,L1,0.0758814071040029,L2,18.9086636...
testing H1>-5.0
evaluate ot="H1.bs>-5.0" t="H1>-5.0", ctx="{'H1': None}"
check iteration duration=0.000958919525146
GetData ===>> H2,-0.293122018337584,H1,21.179232182553,AX,6.5121216816197,L1,0.0779858824597398,L2,18.930827895...
check iteration duration=7.60555267334e-05
GetData ===>> H2,-0.301223010916399,H1,21.1881367493641,AX,6.43534912485853,L1,0.0661609741305147,L2,18.8810839...
check iteration duration=8.6784362793e-05
GetData ===>> H2,-0.208144010476841,H1,21.3104230054397,AX,6.40720787639838,L1,0.0795919388596732,L2,18.8183519...
check iteration duration=4.41074371338e-05
GetData ===>> H2,-0.247182453412771,H1,21.2716608415006,AX,6.53194810298084,L1,0.062549792268361,L2,18.83896346...
check iteration duration=9.20295715332e-05
GetData ===>> H2,-0.192527603173366,H1,21.2861192044917,AX,6.49834505422418,L1,0.0548850891552247,L2,18.8877935...
testing H1>-5.0
evaluate ot="H1.bs>-5.0" t="H1>-5.0", ctx="{'H1': None}"
check iteration duration=0.000565052032471
10:36:58 -- collecting point 100
GetData ===>> H2,-0.169212657771269,H1,21.3233687375146,AX,6.49593523757917,L1,0.0567898890662058,L2,18.8719590...
check iteration duration=7.60555267334e-05
GetData ===>> H2,-0.179608295585527,H1,21.3627034844644,AX,6.42685440603744,L1,0.0405914902086799,L2,18.6860264...
check iteration duration=6.41345977783e-05
GetData ===>> H2,-0.136172632632751,H1,21.3360388088434,AX,6.42996945232041,L1,0.0901046704010196,L2,18.8256268...
check iteration duration=8.89301300049e-05
GetData ===>> H2,-0.20457427820922,H1,21.3540433612914,AX,6.39063110845283,L1,0.114904265377095,L2,18.794827776...
check iteration duration=4.50611114502e-05
GetData ===>> H2,-0.183572377832151,H1,21.3824289138373,AX,6.45779349171345,L1,0.103688286768454,L2,18.86532851...
testing H1>-5.0
evaluate ot="H1.bs>-5.0" t="H1>-5.0", ctx="{'H1': None}"
check iteration duration=0.000578880310059
GetData ===>> H2,-0.119541934689761,H1,21.3711794434573,AX,6.47692249023799,L1,0.106317943552736,L2,18.74359103...
check iteration duration=4.00543212891e-05
GetData ===>> H2,-0.172013741873454,H1,21.3223657521085,AX,6.49703823106769,L1,0.102273003522597,L2,18.68332060...
check iteration duration=7.29560852051e-05
GetData ===>> H2,-0.210866706637855,H1,21.4246378126297,AX,6.50808082164527,L1,0.0525415833137515,L2,18.7164684...
check iteration duration=6.29425048828e-05
GetData ===>> H2,-0.0752927224590721,H1,21.4410154036218,AX,6.46380986470495,L1,0.0651778939872186,L2,18.780257...
check iteration duration=6.89029693604e-05
GetData ===>> H2,-0.0427555818302089,H1,21.3433643550049,AX,6.50556286042539,L1,0.0834484797680429,L2,18.820054...
testing H1>-5.0
evaluate ot="H1.bs>-5.0" t="H1>-5.0", ctx="{'H1': None}"
check iteration duration=0.00056791305542
GetData ===>> H2,-0.126401202953705,H1,21.3667301442478,AX,6.40530332550841,L1,0.0649817707166247,L2,18.7384862...
check iteration duration=4.2200088501e-05
GetData ===>> H2,-0.169289575398115,H1,21.3653835073102,AX,6.55263161555057,L1,0.0948089403360478,L2,18.8066831...
check iteration duration=4.00543212891e-05
GetData ===>> H2,-0.162313586998059,H1,21.4367783174246,AX,6.37648792047732,L1,0.0899492245695997,L2,18.7440039...
check iteration duration=7.79628753662e-05
GetData ===>> H2,-0.0516914320580379,H1,21.464513712752,AX,6.42233776033054,L1,0.0897034081305247,L2,18.8198670...
check iteration duration=8.48770141602e-05
GetData ===>> H2,-0.136751312379748,H1,21.4156294327298,AX,6.54224139378628,L1,0.0807499517640746,L2,18.8705071...
testing H1>-5.0
evaluate ot="H1.bs>-5.0" t="H1>-5.0", ctx="{'H1': None}"
check iteration duration=0.000642061233521
GetData ===>> H2,-0.112669044517962,H1,21.3268132697088,AX,6.44105261093721,L1,0.0823419841256493,L2,18.7666031...
check iteration duration=6.69956207275e-05
GetData ===>> H2,-0.169606686414808,H1,21.4207015096241,AX,6.4749806590597,L1,0.0772702875877567,L2,18.67140632...
check iteration duration=4.10079956055e-05
GetData ===>> H2,-0.0584894411466678,H1,21.4290101788773,AX,6.37402114990457,L1,0.0725262353120926,L2,18.755140...
check iteration duration=4.29153442383e-05
GetData ===>> H2,-0.142282433625521,H1,21.4129349863077,AX,6.53394916086978,L1,0.0711283750750263,L2,18.7248997...
check iteration duration=8.39233398438e-05
GetData ===>> H2,-0.22964982753322,H1,21.437702278796,AX,6.47365016674834,L1,0.041227709175966,L2,18.7245744778...
testing H1>-5.0
evaluate ot="H1.bs>-5.0" t="H1>-5.0", ctx="{'H1': None}"
check iteration duration=0.00058388710022
GetData ===>> H2,-0.189042636330745,H1,21.4999818308001,AX,6.48847835976714,L1,0.055579342897895,L2,18.73503316...
check iteration duration=4.91142272949e-05
waiting for write to finish
measurement finished
estimated time: 125.829 actual time: :126.185
flush and close file /Users/jan/PychronDev/data/isotopes/5e/c749a6-4e0d-418d-b29a-f50624458cc9.h5
baselines () {'settling_time': 15.0, 'detector': 'H1', 'mass': 34.2, 'ncounts': 60}
%%%%%%%%%%%%%%%%%%%%%%%%%%%%%%%% Baseline
build tables- baseline [Detector(H2), Detector(H1), Detector(AX), Detector(L1), Detector(L2), Detector(CDD)]
add group baseline table H2
add group baseline table H1
add group baseline table AX
add group baseline table L1
add group baseline table L2
add group baseline table CDD
flush and close file /Users/jan/PychronDev/data/isotopes/5e/c749a6-4e0d-418d-b29a-f50624458cc9.h5
detector Detector(H1)
POSITION 34.2 H1
Mapping mass to dac mass func: "parabolic"
H1 map mass coeffs = [-0.00063987  0.15840543  0.57264999]
H1 map mass to dac 34.2 >> 5.24169599104
GetDeflection H1 ===>> 0
GetHighVoltage ===>> 4499.94659342336
positioning 34.2 (5.24166512319) on H1
setting magnet DAC
current  : 5.881005
requested: 5.241665
Delta Dac: 0.639340
Checking detector protection. dv=0.63934
Checking detector "CDD". Protection Threshold: 0.1 (V)
ProtectDetector CDD,On ===>> OK
GetDeflection CDD ===>> 2000
Protected = 2000
SetMagnetDAC 5.24166512319 ===>> OK
Magnet settling time: 0.500
GetMagnetMoving ===>> True
GetMagnetMoving ===>> True
GetMagnetMoving ===>> True
GetMagnetMoving ===>> True
GetMagnetMoving ===>> True
GetMagnetMoving ===>> True
GetMagnetMoving ===>> True
GetMagnetMoving ===>> True
GetMagnetMoving ===>> False
ProtectDetector CDD,Off ===>> OK
GetDeflection CDD ===>> 50
Delaying 15.0s for detectors to settle
Join finished
measuring baseline. ncounts=60
"baseline" increment series count="2" fit count="1" regressing="True"
starting measurement
check iteration duration=3.40938568115e-05
GetData ===>> H2,-0.188801277813383,H1,-0.0290802473897898,AX,-0.0600267202495555,L1,-0.062897708835047,L2,-0.0...
check iteration duration=7.70092010498e-05
GetData ===>> H2,-0.195860156011352,H1,-0.0364496991082984,AX,-0.0617193751583559,L1,-0.0675019991763957,L2,0.0...
check iteration duration=8.89301300049e-05
GetData ===>> H2,-0.209529016518877,H1,-0.0200883043635301,AX,-0.128428261409354,L1,-0.058683829744586,L2,0.054...
check iteration duration=8.70227813721e-05
GetData ===>> H2,-0.254304808849257,H1,-0.0428647347015197,AX,-0.0597948474212105,L1,-0.0230637994221233,L2,-0....
testing H1>-5.0
evaluate ot="H1.bs>-5.0" t="H1>-5.0", ctx="{'H1': None}"
check iteration duration=0.000549077987671
GetData ===>> H2,-0.287611572094685,H1,-0.065123388512167,AX,0.000568844712218978,L1,0.00824452770133345,L2,-0....
check iteration duration=4.29153442383e-05
GetData ===>> H2,-0.304699284503845,H1,0.0122846086746843,AX,-0.105416777444007,L1,-0.000211222867488134,L2,-0....
check iteration duration=7.39097595215e-05
GetData ===>> H2,-0.274414828623646,H1,0.0337490646819429,AX,-0.0348536991538757,L1,-0.0107872554418323,L2,-0.1...
check iteration duration=7.10487365723e-05
GetData ===>> H2,-0.277164266658309,H1,0.0121891683418031,AX,-0.0594238497466135,L1,0.0114441460963186,L2,-0.09...
check iteration duration=4.60147857666e-05
GetData ===>> H2,-0.178153461219267,H1,-0.0205295724059472,AX,-0.109576859628155,L1,-0.0089528098742784,L2,0.07...
testing H1>-5.0
evaluate ot="H1.bs>-5.0" t="H1>-5.0", ctx="{'H1': None}"
check iteration duration=0.000558853149414
GetData ===>> H2,-0.166988567898191,H1,-0.0625246151225277,AX,-0.00080004574356489,L1,-0.0569783930478914,L2,-0...
check iteration duration=4.19616699219e-05
GetData ===>> H2,-0.249305105673059,H1,0.0395484788886293,AX,-0.0975596467343647,L1,-0.00893842074443795,L2,0.0...
check iteration duration=6.48498535156e-05
GetData ===>> H2,-0.349683045437106,H1,-0.0123836893564764,AX,-0.0526065156862107,L1,-0.0116060536069306,L2,0.1...
check iteration duration=7.39097595215e-05
GetData ===>> H2,-0.265160940673775,H1,-0.0631206700296481,AX,-0.0826432591659987,L1,-0.0427522231097608,L2,-0....
check iteration duration=8.70227813721e-05
GetData ===>> H2,-0.233780209151045,H1,-0.0400149834045791,AX,-0.0170396499755211,L1,-0.0535028767050724,L2,-0....
testing H1>-5.0
evaluate ot="H1.bs>-5.0" t="H1>-5.0", ctx="{'H1': None}"
check iteration duration=0.000581979751587
GetData ===>> H2,-0.290948506738612,H1,-0.00670622509983938,AX,0.0183313637126237,L1,-0.062261313516447,L2,-0.0...
check iteration duration=7.41481781006e-05
GetData ===>> H2,-0.254694687222834,H1,0.0198008206270696,AX,-0.139498510742652,L1,-0.0273610178301625,L2,-0.08...
check iteration duration=4.41074371338e-05
GetData ===>> H2,-0.200740513873703,H1,-0.0137791512246686,AX,-0.00135687703109506,L1,-0.016476600832956,L2,0.0...
check iteration duration=4.00543212891e-05
GetData ===>> H2,-0.154873921409689,H1,-0.0570526651743506,AX,-0.0587514128562456,L1,-0.00867341725882443,L2,0....
check iteration duration=8.51154327393e-05
GetData ===>> H2,-0.196189265394785,H1,0.0178918879397251,AX,-0.086989762032605,L1,0.00611481250645846,L2,0.055...
testing H1>-5.0
evaluate ot="H1.bs>-5.0" t="H1>-5.0", ctx="{'H1': None}"
check iteration duration=0.000590085983276
GetData ===>> H2,-0.267422030702933,H1,0.0257784015499365,AX,-0.121696864862085,L1,-0.0283709451745117,L2,-0.06...
check iteration duration=3.60012054443e-05
GetData ===>> H2,-0.128902073481334,H1,0.0102207317683291,AX,-0.0573485554191829,L1,-0.0500418547752315,L2,-0.0...
check iteration duration=3.60012054443e-05
GetData ===>> H2,-0.0829161739737812,H1,-0.0537621982728219,AX,-0.0340303351583956,L1,-0.0513220813645125,L2,-0...
check iteration duration=8.98838043213e-05
GetData ===>> H2,-0.125203293561545,H1,-0.0995686406415118,AX,-0.0756189000963292,L1,-0.0414230010372306,L2,0.0...
check iteration duration=9.20295715332e-05
GetData ===>> H2,-0.159418262783198,H1,-0.0523315267425105,AX,0.00707713809063657,L1,-0.0431533501898059,L2,0.0...
testing H1>-5.0
evaluate ot="H1.bs>-5.0" t="H1>-5.0", ctx="{'H1': None}"
check iteration duration=0.000586986541748
10:38:03 -- collecting point 25
GetData ===>> H2,-0.237658889361385,H1,-0.0917390485840606,AX,0.0778236584095395,L1,-0.026914125557438,L2,-0.00...
check iteration duration=4.00543212891e-05
GetData ===>> H2,-0.220014478094653,H1,-0.138827816036202,AX,-0.109600035075221,L1,-0.0323042622212535,L2,-0.01...
check iteration duration=4.10079956055e-05
GetData ===>> H2,-0.290914940887893,H1,-0.0159498310172477,AX,-0.199925425677637,L1,-0.0462720159801927,L2,0.01...
check iteration duration=7.9870223999e-05
GetData ===>> H2,-0.238135055898531,H1,0.07553368647939,AX,-0.135277772477675,L1,-0.0377062337764421,L2,0.03154...
check iteration duration=8.10623168945e-05
GetData ===>> H2,-0.206529752425584,H1,-0.0186332986570779,AX,-0.202903491220226,L1,-0.0299461335072408,L2,-0.0...
testing H1>-5.0
evaluate ot="H1.bs>-5.0" t="H1>-5.0", ctx="{'H1': None}"
check iteration duration=0.000550031661987
GetData ===>> H2,-0.186487210939217,H1,-0.0528680309632488,AX,-0.200388943817457,L1,-0.0769354265646141,L2,-0.1...
check iteration duration=7.10487365723e-05
GetData ===>> H2,-0.253520978120425,H1,-0.0938961206334852,AX,-0.161839862810485,L1,-0.016494591412484,L2,-0.10...
check iteration duration=8.10623168945e-05
GetData ===>> H2,-0.194132888352188,H1,-0.0585905636899085,AX,-0.123944577471416,L1,-0.0115521084862562,L2,-0.0...
check iteration duration=6.19888305664e-05
GetData ===>> H2,-0.182623984801522,H1,-0.0435324471206976,AX,-0.0648959220180711,L1,-0.0263713583707175,L2,0.1...
check iteration duration=7.70092010498e-05
GetData ===>> H2,-0.141543214578634,H1,-0.0677340149266346,AX,0.000441235466287193,L1,-0.0383866858313929,L2,0....
testing H1>-5.0
evaluate ot="H1.bs>-5.0" t="H1>-5.0", ctx="{'H1': None}"
check iteration duration=0.000664949417114
GetData ===>> H2,-0.170097853615517,H1,-0.0509842923529068,AX,-0.0913360707378839,L1,-0.044138737687791,L2,0.06...
check iteration duration=4.29153442383e-05
GetData ===>> H2,-0.240090601039034,H1,-0.0484209202004536,AX,-0.0202988440706552,L1,-0.0108076362923876,L2,0.0...
check iteration duration=6.89029693604e-05
GetData ===>> H2,-0.246295879085782,H1,-0.0156397367861548,AX,-0.055493506268125,L1,-0.0080102784175115,L2,-0.0...
check iteration duration=6.38961791992e-05
GetData ===>> H2,-0.199226331323828,H1,-0.0453090173976765,AX,-0.00104365982384485,L1,-0.0181507863050289,L2,-0...
check iteration duration=9.01222229004e-05
GetData ===>> H2,-0.24426685522279,H1,0.0557074664625514,AX,-0.109507333253943,L1,-0.0225088378755299,L2,-0.104...
testing H1>-5.0
evaluate ot="H1.bs>-5.0" t="H1>-5.0", ctx="{'H1': None}"
check iteration duration=0.000643014907837
GetData ===>> H2,-0.321773519359026,H1,-0.0380236864295778,AX,-0.045440843661497,L1,-0.0416205992274208,L2,-0.1...
check iteration duration=7.91549682617e-05
GetData ===>> H2,-0.319517664698726,H1,-0.118466775210879,AX,-0.0723963346698676,L1,-0.0277036617253575,L2,0.06...
check iteration duration=5.10215759277e-05
GetData ===>> H2,-0.18214773472461,H1,-0.00240020239019574,AX,-0.0269444782119655,L1,0.0208905056828335,L2,-0.0...
check iteration duration=8.60691070557e-05
GetData ===>> H2,-0.17866766800619,H1,-0.00331867706930815,AX,-0.188209270993608,L1,-0.0112895714378793,L2,-0.0...
check iteration duration=8.89301300049e-05
GetData ===>> H2,-0.195416382711491,H1,-0.0264209107039946,AX,-0.105752835255714,L1,-0.0100355328860137,L2,-0.0...
testing H1>-5.0
evaluate ot="H1.bs>-5.0" t="H1>-5.0", ctx="{'H1': None}"
check iteration duration=0.000673055648804
GetData ===>> H2,-0.169806394329279,H1,-0.00185149921005916,AX,-0.0784472508717117,L1,-0.036377542313281,L2,0.0...
check iteration duration=4.38690185547e-05
GetData ===>> H2,-0.105641322694028,H1,0.0372811781961914,AX,-0.041996959188719,L1,-0.015122417550361,L2,0.0649...
check iteration duration=3.71932983398e-05
GetData ===>> H2,-0.138387139844045,H1,-0.0775679549666951,AX,-0.0552384342443672,L1,-0.0308647796229682,L2,0.0...
check iteration duration=8.60691070557e-05
GetData ===>> H2,-0.121737297410064,H1,-0.0949567633151681,AX,-0.0885660457615763,L1,-0.0531201054217798,L2,-0....
check iteration duration=4.19616699219e-05
GetData ===>> H2,-0.1304388215966,H1,-0.0317752878147946,AX,-0.0918576147354794,L1,-0.0324443672419197,L2,0.071...
testing H1>-5.0
evaluate ot="H1.bs>-5.0" t="H1>-5.0", ctx="{'H1': None}"
check iteration duration=0.000608921051025
10:38:30 -- collecting point 50
GetData ===>> H2,-0.17772291316737,H1,0.0126663709160148,AX,-0.141794329927577,L1,-0.0400564732757982,L2,0.0877...
check iteration duration=3.71932983398e-05
GetData ===>> H2,-0.117025470065852,H1,-0.0494343542481122,AX,-0.0990082804901359,L1,-0.0518054142062871,L2,0.0...
check iteration duration=4.2200088501e-05
GetData ===>> H2,-0.219317936742387,H1,-0.0673287166617296,AX,-0.0380427193128995,L1,-0.0275838574949628,L2,-0....
check iteration duration=9.70363616943e-05
GetData ===>> H2,-0.225705108163644,H1,0.0431882005271113,AX,-0.0130611975222794,L1,-0.0327557047423771,L2,0.00...
check iteration duration=7.79628753662e-05
GetData ===>> H2,-0.239467327865935,H1,0.012535139981318,AX,-0.0693823279708384,L1,-0.017868976588452,L2,-0.025...
testing H1>-5.0
evaluate ot="H1.bs>-5.0" t="H1>-5.0", ctx="{'H1': None}"
check iteration duration=0.000629186630249
GetData ===>> H2,-0.244229177591371,H1,-0.00352145605757563,AX,-0.063933694318894,L1,0.029206468450837,L2,-0.05...
check iteration duration=7.10487365723e-05
GetData ===>> H2,-0.223740312693322,H1,-0.0542986948236511,AX,-0.0849150555520655,L1,0.0136170093736692,L2,0.00...
check iteration duration=5.00679016113e-05
GetData ===>> H2,-0.249914386490167,H1,-0.09063070066031,AX,-0.140298575094927,L1,-0.00147728556488078,L2,-0.07...
check iteration duration=8.20159912109e-05
GetData ===>> H2,-0.223635262602545,H1,-0.150845882293748,AX,-0.0534992889897934,L1,-0.0256536146182443,L2,0.06...
check iteration duration=4.00543212891e-05
GetData ===>> H2,-0.12788421808859,H1,-0.127798062015105,AX,-0.0960994020791041,L1,-0.0480111046929006,L2,-0.05...
testing H1>-5.0
evaluate ot="H1.bs>-5.0" t="H1>-5.0", ctx="{'H1': None}"
check iteration duration=0.000722169876099
GetData ===>> H2,-0.201646499481942,H1,-0.0524149831435004,AX,0.0736828922532096,L1,-0.0659846105755294,L2,0.00...
check iteration duration=2.09808349609e-05
waiting for write to finish
measurement finished
estimated time: 62.915 actual time: :63.127
flush and close file /Users/jan/PychronDev/data/isotopes/5e/c749a6-4e0d-418d-b29a-f50624458cc9.h5
activate_detectors ('H1', 'AX', 'CDD') {'peak_center': True}
peak_center () {'detector': 'H1', 'integration_time': 0.262144, 'isotope': 'Ar40'}
peak center: mean=21.4209449024 threshold=3
peak center started
setup peak center. detector=['H1', 'AX', 'CDD'], isotope=Ar40
VersionedUnpickler [<apptools.sweet_pickle.versioned_unpickler.VersionedUnpickler object at 0x1c6a552f0>] using Updater [<apptools.sweet_pickle.updater.Updater object at 0x12e273d10>]
VersionedUnpickler [<apptools.sweet_pickle.versioned_unpickler.VersionedUnpickler object at 0x1c6a552f0>] using Updater [<apptools.sweet_pickle.updater.Updater object at 0x12e273d10>]
VersionedUnpickler [<apptools.sweet_pickle.versioned_unpickler.VersionedUnpickler object at 0x19fb16950>] using Updater [<apptools.sweet_pickle.updater.Updater object at 0x12e273d10>]
setting integration time = 0.524288
SetIntegrationTime 0.524288 ===>> OK
Mapping mass to dac mass func: "parabolic"
H1 map mass coeffs = [-0.00063987  0.15840543  0.57264999]
H1 map mass to dac 39.9624 >> 5.88104
GetDeflection H1 ===>> 0
GetHighVoltage ===>> 4499.94659342336
do peak center. <pychron.spectrometer.jobs.peak_center.PeakCenter object at 0x16275af50>
doing pc
starting peak center. center dac= 5.88100536711 step_width=0.001
width = 0.001
get scan parameters. half-width=0.015,window=0.015, i=0, scalar=1
Scan parameters center=5.88101 width=0.03000 (5.86601 - 5.89601)
GetData ===>> H2,-0.255442140509342,H1,0.0346440140896355,AX,-0.0338911743583264,L1,-0.0378979150721479,L2,0.02...
Moving to starting dac 5.86600536711
setting magnet DAC
current  : 5.241665
requested: 5.866005
Delta Dac: 0.624340
Checking detector protection. dv=0.62434
Checking detector "CDD". Protection Threshold: 0.1 (V)
ProtectDetector CDD,On ===>> OK
GetDeflection CDD ===>> 2000
Protected = 2000
SetMagnetDAC 5.86600536711 ===>> OK
Magnet settling time: 0.500
GetMagnetMoving ===>> True
GetMagnetMoving ===>> True
GetMagnetMoving ===>> True
GetMagnetMoving ===>> True
GetMagnetMoving ===>> True
GetMagnetMoving ===>> True
GetMagnetMoving ===>> True
GetMagnetMoving ===>> True
GetMagnetMoving ===>> False
ProtectDetector CDD,Off ===>> OK
GetDeflection CDD ===>> 50
Wait until signal near baseline. tol= 0.0259830105672. timeout= 10
GetData ===>> H2,0.148315939042004,H1,1.10411611873367,AX,0.588602840345837,L1,0.0314387083866689,L2,0.06946183...
GetData ===>> H2,1.27548771603245,H1,1.30085281950618,AX,0.155340959060519,L1,0.34090260901822,L2,0.22369277712...
GetData ===>> H2,1.11359185325913,H1,0.920901444449451,AX,0.2868032824425,L1,0.445013848162998,L2,0.23483293409...
GetData ===>> H2,0.361549002477036,H1,0.457324075618693,AX,0.107363343730983,L1,0.360742766662347,L2,0.14125482...
GetData ===>> H2,0.0680317724858979,H1,0.219914966802448,AX,-0.0143719009865237,L1,0.251943648456388,L2,0.04758...
GetData ===>> H2,-0.0891320212843744,H1,0.112416918306768,AX,-0.0938394564297258,L1,0.183676895912004,L2,0.0001...
GetData ===>> H2,-0.260300724185469,H1,0.163969149281607,AX,-0.238509095130145,L1,0.158761652866796,L2,-0.00856...
GetData ===>> H2,-0.200856462509231,H1,0.0500025925223692,AX,-0.176669818916048,L1,0.116060440483475,L2,0.06449...
GetData ===>> H2,-0.0772282026205474,H1,-0.0221276620082421,AX,-0.0939785315239447,L1,0.0701412001025459,L2,-0....
Peak center baseline intensity achieved
_do_sweep sm= 5.86600536711, em= 5.89600536711, stm= 0.001
calculated step values: start=5.86600536711, end=5.89600536711, width=0.001, nsteps=31.0
setting magnet DAC
current  : 5.866005
requested: 5.866005
Delta Dac: 0.000000
Checking detector protection. dv=0.00000
Checking detector "CDD". Protection Threshold: 0.1 (V)
SetMagnetDAC 5.86600536711 ===>> OK
GetData ===>> H2,-0.0772282026205474,H1,-0.0221276620082421,AX,-0.0939785315239447,L1,0.0701412001025459,L2,-0....
setting magnet DAC
current  : 5.866005
requested: 5.867040
Delta Dac: 0.001034
Checking detector protection. dv=0.00103
Checking detector "CDD". Protection Threshold: 0.1 (V)
SetMagnetDAC 5.86703984987 ===>> OK
Magnet settling time: 1.049
GetData ===>> H2,-0.247124606224802,H1,0.0266374844288155,AX,-0.0512267590159294,L1,0.0234131201357207,L2,-0.10...
setting magnet DAC
current  : 5.867040
requested: 5.868074
Delta Dac: 0.001034
Checking detector protection. dv=0.00103
Checking detector "CDD". Protection Threshold: 0.1 (V)
SetMagnetDAC 5.86807433262 ===>> OK
Magnet settling time: 1.049
GetData ===>> H2,-0.171660271375744,H1,0.0306227708700259,AX,0.0333815727980014,L1,0.0371356819515666,L2,-0.032...
setting magnet DAC
current  : 5.868074
requested: 5.869109
Delta Dac: 0.001034
Checking detector protection. dv=0.00103
Checking detector "CDD". Protection Threshold: 0.1 (V)
SetMagnetDAC 5.86910881538 ===>> OK
Magnet settling time: 1.049
GetData ===>> H2,-0.182308114004674,H1,0.364851248132525,AX,0.0601045038406657,L1,0.0111120992680573,L2,-0.0899...
setting magnet DAC
current  : 5.869109
requested: 5.870143
Delta Dac: 0.001034
Checking detector protection. dv=0.00103
Checking detector "CDD". Protection Threshold: 0.1 (V)
SetMagnetDAC 5.87014329814 ===>> OK
Magnet settling time: 1.049
GetData ===>> H2,-0.282947608091843,H1,1.36865855033699,AX,0.263069387364705,L1,-0.00687576601119572,L2,0.05132...
setting magnet DAC
current  : 5.870143
requested: 5.871178
Delta Dac: 0.001034
Checking detector protection. dv=0.00103
Checking detector "CDD". Protection Threshold: 0.1 (V)
SetMagnetDAC 5.8711777809 ===>> OK
Magnet settling time: 1.049
GetData ===>> H2,-0.172890624871593,H1,5.49183102273243,AX,0.997997781036476,L1,-0.0521978059422684,L2,0.499617...
setting magnet DAC
current  : 5.871178
requested: 5.872212
Delta Dac: 0.001034
Checking detector protection. dv=0.00103
Checking detector "CDD". Protection Threshold: 0.1 (V)
SetMagnetDAC 5.87221226366 ===>> OK
Magnet settling time: 1.049
GetData ===>> H2,-0.164016135149115,H1,11.1386770127421,AX,2.43647254086975,L1,-0.029154027703382,L2,1.65199757...
setting magnet DAC
current  : 5.872212
requested: 5.873247
Delta Dac: 0.001034
Checking detector protection. dv=0.00103
Checking detector "CDD". Protection Threshold: 0.1 (V)
SetMagnetDAC 5.87324674642 ===>> OK
Magnet settling time: 1.049
GetData ===>> H2,-0.211281587433152,H1,16.3709934276852,AX,3.93469442924104,L1,0.0268281988750871,L2,5.00581558...
setting magnet DAC
current  : 5.873247
requested: 5.874281
Delta Dac: 0.001034
Checking detector protection. dv=0.00103
Checking detector "CDD". Protection Threshold: 0.1 (V)
SetMagnetDAC 5.87428122918 ===>> OK
Magnet settling time: 1.049
GetData ===>> H2,-0.143685147713475,H1,19.6811422387101,AX,5.18321300055773,L1,0.0529172873518017,L2,10.0199442...
setting magnet DAC
current  : 5.874281
requested: 5.875316
Delta Dac: 0.001034
Checking detector protection. dv=0.00103
Checking detector "CDD". Protection Threshold: 0.1 (V)
SetMagnetDAC 5.87531571193 ===>> OK
Magnet settling time: 1.049
GetData ===>> H2,-0.377915045172346,H1,21.006531456558,AX,5.74332215760141,L1,0.0732306567553523,L2,14.29928673...
setting magnet DAC
current  : 5.875316
requested: 5.876350
Delta Dac: 0.001034
Checking detector protection. dv=0.00103
Checking detector "CDD". Protection Threshold: 0.1 (V)
SetMagnetDAC 5.87635019469 ===>> OK
Magnet settling time: 1.049
GetData ===>> H2,-0.330378927612336,H1,21.5860757547592,AX,6.10536127095212,L1,0.0876746053856483,L2,16.7143724...
setting magnet DAC
current  : 5.876350
requested: 5.877385
Delta Dac: 0.001034
Checking detector protection. dv=0.00103
Checking detector "CDD". Protection Threshold: 0.1 (V)
SetMagnetDAC 5.87738467745 ===>> OK
Magnet settling time: 1.049
GetData ===>> H2,-0.169061519860389,H1,21.829210837063,AX,6.21441233183011,L1,0.0541623897192485,L2,17.59668888...
setting magnet DAC
current  : 5.877385
requested: 5.878419
Delta Dac: 0.001034
Checking detector protection. dv=0.00103
Checking detector "CDD". Protection Threshold: 0.1 (V)
SetMagnetDAC 5.87841916021 ===>> OK
Magnet settling time: 1.049
GetData ===>> H2,-0.232202535351603,H1,21.7632544980811,AX,6.29294307218849,L1,0.033947864819956,L2,17.90762819...
setting magnet DAC
current  : 5.878419
requested: 5.879454
Delta Dac: 0.001034
Checking detector protection. dv=0.00103
Checking detector "CDD". Protection Threshold: 0.1 (V)
SetMagnetDAC 5.87945364297 ===>> OK
Magnet settling time: 1.049
GetData ===>> H2,-0.160832256528456,H1,21.7899232022619,AX,6.24217838322462,L1,0.0939711418804154,L2,17.9219783...
setting magnet DAC
current  : 5.879454
requested: 5.880488
Delta Dac: 0.001034
Checking detector protection. dv=0.00103
Checking detector "CDD". Protection Threshold: 0.1 (V)
SetMagnetDAC 5.88048812573 ===>> OK
Magnet settling time: 1.049
GetData ===>> H2,-0.254324975302341,H1,21.7829643808167,AX,6.33838964213669,L1,0.0692335657740451,L2,17.7536821...
setting magnet DAC
current  : 5.880488
requested: 5.881523
Delta Dac: 0.001034
Checking detector protection. dv=0.00103
Checking detector "CDD". Protection Threshold: 0.1 (V)
SetMagnetDAC 5.88152260849 ===>> OK
Magnet settling time: 1.049
GetData ===>> H2,-0.122331041003401,H1,21.6562208727346,AX,6.24217838322462,L1,0.0938362610198699,L2,17.8167895...
setting magnet DAC
current  : 5.881523
requested: 5.882557
Delta Dac: 0.001034
Checking detector protection. dv=0.00103
Checking detector "CDD". Protection Threshold: 0.1 (V)
SetMagnetDAC 5.88255709124 ===>> OK
Magnet settling time: 1.049
GetData ===>> H2,-0.178854326020896,H1,21.78362584698,AX,6.29471551051595,L1,0.131759119438318,L2,17.8407365973...
setting magnet DAC
current  : 5.882557
requested: 5.883592
Delta Dac: 0.001034
Checking detector protection. dv=0.00103
Checking detector "CDD". Protection Threshold: 0.1 (V)
SetMagnetDAC 5.883591574 ===>> OK
Magnet settling time: 1.049
GetData ===>> H2,-0.252719612900949,H1,21.6489797376979,AX,6.14622659398952,L1,0.108811786299391,L2,17.53634474...
setting magnet DAC
current  : 5.883592
requested: 5.884626
Delta Dac: 0.001034
Checking detector protection. dv=0.00103
Checking detector "CDD". Protection Threshold: 0.1 (V)
SetMagnetDAC 5.88462605676 ===>> OK
Magnet settling time: 1.049
GetData ===>> H2,-0.225577587342998,H1,21.6769162110847,AX,6.28065662278199,L1,0.0856095209384296,L2,17.5865130...
setting magnet DAC
current  : 5.884626
requested: 5.885661
Delta Dac: 0.001034
Checking detector protection. dv=0.00103
Checking detector "CDD". Protection Threshold: 0.1 (V)
SetMagnetDAC 5.88566053952 ===>> OK
Magnet settling time: 1.049
GetData ===>> H2,-0.190823494115911,H1,21.5998106650887,AX,6.13194933918864,L1,0.0970570326800295,L2,17.2502339...
setting magnet DAC
current  : 5.885661
requested: 5.886695
Delta Dac: 0.001034
Checking detector protection. dv=0.00103
Checking detector "CDD". Protection Threshold: 0.1 (V)
SetMagnetDAC 5.88669502228 ===>> OK
Magnet settling time: 1.049
GetData ===>> H2,-0.20602171203352,H1,20.956977484766,AX,5.81532419521317,L1,0.0946576169815313,L2,15.586522385...
setting magnet DAC
current  : 5.886695
requested: 5.887730
Delta Dac: 0.001034
Checking detector protection. dv=0.00103
Checking detector "CDD". Protection Threshold: 0.1 (V)
SetMagnetDAC 5.88772950504 ===>> OK
Magnet settling time: 1.049
GetData ===>> H2,-0.131624016382164,H1,19.3141035310544,AX,5.09009843110302,L1,0.0528235503382401,L2,11.8282038...
setting magnet DAC
current  : 5.887730
requested: 5.888764
Delta Dac: 0.001034
Checking detector protection. dv=0.00103
Checking detector "CDD". Protection Threshold: 0.1 (V)
SetMagnetDAC 5.8887639878 ===>> OK
Magnet settling time: 1.049
GetData ===>> H2,-0.0708539706266671,H1,15.2709834593843,AX,3.48902723099467,L1,-0.00318591779110898,L2,7.40731...
setting magnet DAC
current  : 5.888764
requested: 5.889798
Delta Dac: 0.001034
Checking detector protection. dv=0.00103
Checking detector "CDD". Protection Threshold: 0.1 (V)
SetMagnetDAC 5.88979847056 ===>> OK
Magnet settling time: 1.049
GetData ===>> H2,0.0292111442151242,H1,9.55328961089574,AX,1.8985888837764,L1,0.0140480057402783,L2,3.584146771...
setting magnet DAC
current  : 5.889798
requested: 5.890833
Delta Dac: 0.001034
Checking detector protection. dv=0.00103
Checking detector "CDD". Protection Threshold: 0.1 (V)
SetMagnetDAC 5.89083295331 ===>> OK
Magnet settling time: 1.049
GetData ===>> H2,0.00821495888428492,H1,4.60346602215866,AX,0.753447505030852,L1,-0.0155097139026618,L2,1.35707...
setting magnet DAC
current  : 5.890833
requested: 5.891867
Delta Dac: 0.001034
Checking detector protection. dv=0.00103
Checking detector "CDD". Protection Threshold: 0.1 (V)
SetMagnetDAC 5.89186743607 ===>> OK
Magnet settling time: 1.049
GetData ===>> H2,-0.148770478779483,H1,1.54755717173949,AX,0.266018392588833,L1,-0.0141099877593724,L2,0.382906...
setting magnet DAC
current  : 5.891867
requested: 5.892902
Delta Dac: 0.001034
Checking detector protection. dv=0.00103
Checking detector "CDD". Protection Threshold: 0.1 (V)
SetMagnetDAC 5.89290191883 ===>> OK
Magnet settling time: 1.049
GetData ===>> H2,-0.244046170164584,H1,0.486886092579675,AX,-0.0948129779147465,L1,-0.0309321488681329,L2,-0.09...
setting magnet DAC
current  : 5.892902
requested: 5.893936
Delta Dac: 0.001034
Checking detector protection. dv=0.00103
Checking detector "CDD". Protection Threshold: 0.1 (V)
SetMagnetDAC 5.89393640159 ===>> OK
Magnet settling time: 1.049
GetData ===>> H2,-0.187639060675414,H1,0.129057615551065,AX,-0.0668087560529858,L1,-0.00820214948147471,L2,-0.0...
setting magnet DAC
current  : 5.893936
requested: 5.894971
Delta Dac: 0.001034
Checking detector protection. dv=0.00103
Checking detector "CDD". Protection Threshold: 0.1 (V)
SetMagnetDAC 5.89497088435 ===>> OK
Magnet settling time: 1.049
GetData ===>> H2,-0.175224151954701,H1,-0.0299030771624629,AX,-0.130270335225611,L1,-0.0347287143162278,L2,0.06...
setting magnet DAC
current  : 5.894971
requested: 5.896005
Delta Dac: 0.001034
Checking detector protection. dv=0.00103
Checking detector "CDD". Protection Threshold: 0.1 (V)
SetMagnetDAC 5.89600536711 ===>> OK
Magnet settling time: 1.049
GetData ===>> H2,-0.216719428641658,H1,0.0141337830841916,AX,-0.137174905265182,L1,-0.0137000995866446,L2,-0.07...
result of _do_sweep=True
result of _calculate_peak_center=([5.8731897358443881, 5.8808550665057107, 5.8885203971670332], [16.082639316639991, 21.826435119390407, 16.22302075081123], 5.8774282127982955, 21.826435119390407)
Failed to find a valid peak. No peak greater than 1.0. max = 0.0526364804551
new center pos Detector(H1) (Ar40) @ 5.88085506651
GetHighVoltage ===>> 4499.94659342336
GetDeflection H1 ===>> 0
dac uncorrected for HV and deflection 5.88088969851
update mftable H1 Ar40 5.88088969851 message=automated run peakcenter
get initial guess parabolic
get initial guess parabolic
get initial guess parabolic
get initial guess parabolic
get initial guess parabolic
get initial guess parabolic
dump mftable to /Users/jan/PychronDev/setupfiles/spectrometer/mftables/mftable.csv
add to repo msg=modified - automated run peakcenter
sweep finished
locally archiving mftable
setting magnet DAC
current  : 5.896005
requested: 5.880855
Delta Dac: 0.015150
Checking detector protection. dv=0.01515
Checking detector "CDD". Protection Threshold: 0.1 (V)
SetMagnetDAC 5.88085506651 ===>> OK
Magnet settling time: 0.500
setting integration time = 1.048576
SetIntegrationTime 1.048576 ===>> OK
Failed to find a valid peak. No peak greater than 1.0. max = 0.0526364804551
flush and close file /Users/jan/PychronDev/data/isotopes/5e/c749a6-4e0d-418d-b29a-f50624458cc9.h5
finished measure script
executed snippet estimated_duration=226.132928, duration=272.286956072
jan_unknown120_60.py completed successfully
Measurement Finished
10:39:21 -- ******* Measurement Finished *******
Post Measurement Started jan_pump_ms.py
10:39:21 -- ******* Post Measurement Started jan_pump_ms.py *******
testing...
no interpolation path defined
executed snippet estimated_duration=0, duration=2.59876251221e-05
Pumping spectrometer
open () {'name': 'O'}
opening name=O desc=---
checking ownership. requestor=129.138.12.150
check software interlocks O
interlocks []
actuate state mode=None-script, software_lock=False
doing actuation None-script open_channel True
Open O ===>> OK
GetIndicatorState O ===>> OK
change switch state (True, True)
update switch state O True args=() kw={} ncanvase=6
10:39:21 -- OPEN   VALVE-O (Jan Ion Pump)
---------------------------------------- open O () result=[(True, True)], time=0.10 sec
action=open, ok=True, locked=[False]
executed snippet estimated_duration=0, duration=0.356051921844
jan_pump_ms.py completed successfully
setting _ms_pumptime
Post Measurement Finished
10:39:22 -- ******* Post Measurement Finished *******
$$$$$$$$$$$$$$$$$$$$ state at run end measurement
state changed from measurement to success
post measurement save measured=True aborted=False
Set filtering
setting fod for Ar40= {'filter_outliers': True, 'std_devs': 2, 'iterations': 1}
setting fod for H1= {'filter_outliers': True, 'std_devs': 2, 'iterations': 1}
setting fod for PM41= {'filter_outliers': False, 'std_devs': 2, 'iterations': 1}
setting fod for H2= {'filter_outliers': True, 'std_devs': 2, 'iterations': 1}
setting fod for Ar36= {'filter_outliers': True, 'std_devs': 2, 'iterations': 1}
setting fod for CDD= {'filter_outliers': True, 'std_devs': 10, 'iterations': 1}
setting fod for Ar37= {'filter_outliers': True, 'std_devs': 2, 'iterations': 1}
setting fod for L2= {'filter_outliers': True, 'std_devs': 2, 'iterations': 1}
setting fod for Ar38= {'filter_outliers': True, 'std_devs': 2, 'iterations': 1}
setting fod for L1= {'filter_outliers': True, 'std_devs': 2, 'iterations': 1}
setting fod for Ar39= {'filter_outliers': True, 'std_devs': 2, 'iterations': 1}
setting fod for AX= {'filter_outliers': True, 'std_devs': 2, 'iterations': 1}
persistence save...
persistence save - db
post measurement save
8083647568 connecting to database sqlite:////Users/jan/PychronDev/.appdata/local_lab.db
connected to db sqlite:////Users/jan/PychronDev/.appdata/local_lab.db
create new session 8083647568
close session 8083647568
No database instance. Not saving post measurement to isotopedb database
$$$$$$$$$$$$$$$ auto_save_detector_ic=False
massspec enabled True
create new session 4997822608
MassSpec Database Version: 16.0
close session 4997822608
saving post measurement to secondary database
saving to massspec database 129.138.12.160/massspecdata
setting labnumber to 65448
setting aliquot to 6
setting step to C
setting uuid to 5ec749a6-4e0d-418d-b29a-f50624458cc9
setting irradpos to 65448
setting extract_device to Fusions CO2
setting tray to 
setting position to 184
setting power_requested to 5.0
setting extract_value to 5.0
setting duration to 30.0
setting duration_at_request to 30.0
setting first_stage_delay to 30.0
setting cleanup to 30.0
setting comment to J:2 Plag, 10 crystals
setting irradiation to NM-288
setting level to J
setting irradiation_level to J
setting sample to MB.46.1
setting material to Plagioclase
setting project to IR973
setting mass_spectrometer to Jan
no attribute chron_dosages
no attribute production_ratios
no attribute interference_corrections
no attribute production_name
no attribute j
Reference Isotope=Ar40
Reference Detector=H1
%%%%%%%%%%%%%%%%%%%% Comment: J:2 Plag, 10 crystals %%%%%%%%%%%%%%%%%%%
adding isotope PM41 H2
add baseline dbdet= PM41. original det= H2
get baseline data PM41 H2
Get data baseline <pychron.processing.isotope.Baseline object at 0x1c3c4fbd0> len t=60
baseline PM41. v=-0.210853922809, e=0.00709107439812
get signal data PM41 H2
Get data signal PM41 0.06+/-0.07 len t=120
adding isotope Ar40 H1
add baseline dbdet= Ar40. original det= H1
get baseline data Ar40 H1
Get data baseline <pychron.processing.isotope.Baseline object at 0x1c3c4f5d0> len t=60
baseline Ar40. v=-0.0313341200008, e=0.00560314358827
get signal data Ar40 H1
Get data signal Ar40 20.605+/-0.010 len t=120
adding isotope Ar39 AX
add baseline dbdet= Ar39. original det= AX
get baseline data Ar39 AX
Get data baseline <pychron.processing.isotope.Baseline object at 0x1c3c4f610> len t=60
baseline Ar39. v=-0.0706706303017, e=0.00627970133739
get signal data Ar39 AX
Get data signal Ar39 6.689+/-0.012 len t=120
adding isotope Ar38 L1
add baseline dbdet= Ar38. original det= L1
get baseline data Ar38 L1
Get data baseline <pychron.processing.isotope.Baseline object at 0x1c3c4fa10> len t=60
baseline Ar38. v=-0.0286820892945, e=0.00271300627099
get signal data Ar38 L1
Get data signal Ar38 0.112+/-0.004 len t=120
adding isotope Ar37 L2
add baseline dbdet= Ar37. original det= L2
get baseline data Ar37 L2
Get data baseline <pychron.processing.isotope.Baseline object at 0x1c3c4f390> len t=60
baseline Ar37. v=-0.00961295544685, e=0.00781758110738
get signal data Ar37 L2
Get data signal Ar37 19.579+/-0.011 len t=120
adding isotope Ar36 CDD
add baseline dbdet= Ar36. original det= CDD
get baseline data Ar36 CDD
Get data baseline <pychron.processing.isotope.Baseline object at 0x1c3c4f1d0> len t=60
baseline Ar36. v=2.72919921483e-05, e=9.01540572613e-06
get signal data Ar36 CDD
Get data signal Ar36 0.0467+/-0.0004 len t=120
65448-06C added analysis time 0.505249023438s
analysis added to mass spec database
mass spec save time= 0.513
persistence save - dvc
================= post measurement started
create new session 4992585168
close session 4992585168
---------------- Experiment Queue saving disabled
DVC saving peakcenter
Failed to find a valid peak. No peak greater than 1.0. max = 0.0526364804551
Smart pull ahead: 0 behind: 0
Up-to-date with origin
add to repo msg=modified - ad8224ebc6dbfeb9f5997218dfa5fe690569839d.json
add to repo msg=modified - 48-06C.json
add to repo msg=modified - 48-06C.dat.json
add to repo msg=modified - 48-06C.blan.json
add to repo msg=modified - 48-06C.inte.json
add to repo msg=modified - 48-06C.icfa.json
add to repo msg=modified - 48-06C.base.json
not at valid file /Users/jan/PychronDev/data/.dvc/repositories/Load1794/654/tags/48-06C.tags.json
add to repo msg=modified - 48-06C.peak.json
add to repo msg=modified - 48-06C.extr.json
not at valid file /Users/jan/PychronDev/data/.dvc/repositories/Load1794/654/monitor/48-06C.moni.json
commit message=<COLLECTION>
add to repo msg=modified - 48-06C.inte.json
add to repo msg=modified - 48-06C.base.json
commit message=<ISOEVO> default collection fits
add to repo msg=modified - 48-06C.blan.json
commit message=<BLANKS> preceding bu-FC-J-7809
add to repo msg=modified - 48-06C.icfa.json
commit message=<ICFactor> default
push repository <pychron.git_archive.repo_manager.GitRepoManager object at 0x1d37c7cb0>
pushing to remote=origin, url=https://github.com
no changes to meta repo
create new session 4992585168
add association Load1794
get identifier "65448"
setting analysis irradiation position=<pychron.dvc.dvc_orm.IrradiationPositionTbl object at 0x1ce4a9990>
close session 4992585168
================= post measurement finished
10:39:34 -- ******* Post Run Check *******
loading queue conditionals post_run_actions
loading system conditionals post_run_actions
loading conditionals from /Users/jan/PychronDev/setupfiles/spectrometer/default_conditionals.yaml
loading queue conditionals post_run_terminations
loading system conditionals post_run_terminations
loading conditionals from /Users/jan/PychronDev/setupfiles/spectrometer/default_conditionals.yaml
Checking default post run terminations n=1
GetDeflection CDD ===>> 50
testing CDD==2000
evaluate ot="CDD.deflection==2000" t="CDD==2000", ctx="{'CDD': 50.0}"
10:39:34 -- ******* Post Run Check Passed *******
10:39:34 -- Automated run 65448-06C success duration: 361.342 s
----------------- finish -----------------
----------------- stop -----------------
retroactive repository identifiers disabled
finish run. runs completed=131
update duration runid=65448-06C, duration=361.342108011, md5=301e91d8
loading script "jan_unknown120_60.py"
loading script "jan_pump_ms.py"
loading script "jan_co2.py"
loading script "jan_pump_extraction_line.py"
testing...
no interpolation path defined
executed snippet estimated_duration=213.652928, duration=0.000195026397705
script duration name:unknown120_60 seconds:214.0
loading script "jan_unknown120_60.py"
loading script "jan_pump_ms.py"
loading script "jan_co2.py"
loading script "jan_pump_extraction_line.py"
testing...
no interpolation path defined
executed snippet estimated_duration=0, duration=2.59876251221e-05
loading script "jan_unknown120_60.py"
loading script "jan_pump_ms.py"
loading script "jan_co2.py"
loading script "jan_pump_extraction_line.py"
testing...
no interpolation path defined
calculate duration
testing...
no interpolation path defined
executed snippet estimated_duration=0, duration=4.91142272949e-05
calculate duration
testing...
no interpolation path defined
executed snippet estimated_duration=0, duration=8.39233398438e-05
executed snippet estimated_duration=0.0, duration=0.00640392303467
script duration name:co2 seconds:0.0
loading script "jan_unknown120_60.py"
loading script "jan_pump_ms.py"
loading script "jan_co2.py"
loading script "jan_pump_extraction_line.py"
testing...
no interpolation path defined
calculate duration
testing...
no interpolation path defined
executed snippet estimated_duration=4.0, duration=0.00016188621521
executed snippet estimated_duration=4.0, duration=0.00676894187927
Script duration 214.0
Run total estimated duration= 215.000
unknown120_60 in script context. using previous estimated duration
script duration name:unknown120_60 seconds:214.0
pump_ms in script context. using previous estimated duration
co2 in script context. using previous estimated duration
script duration name:co2 seconds:0.0
pump_extraction_line in script context. using previous estimated duration
Script duration 214.0
Run total estimated duration= 215.000
script duration name:unknown120_60 seconds:214.0
script duration name:co2 seconds:0.0
Script duration 214.0
Run total estimated duration= 215.000
loading script "jan_unknown400_120.py"
loading script "jan_pump_ms.py"
loading script "jan_co2.py"
loading script "jan_pump_extraction_line.py"
testing...
no interpolation path defined
executed snippet estimated_duration=556.052928, duration=0.000280141830444
script duration name:unknown400_120 seconds:556.0
script duration name:co2 seconds:0.0
Script duration 556.0
Run total estimated duration= 557.000
script duration name:unknown120_60 seconds:214.0
script duration name:co2 seconds:0.0
Script duration 214.0
Run total estimated duration= 215.000
script duration name:unknown120_60 seconds:214.0
script duration name:co2 seconds:0.0
Script duration 214.0
Run total estimated duration= 215.000
script duration name:unknown120_60 seconds:214.0
script duration name:co2 seconds:0.0
Script duration 214.0
Run total estimated duration= 215.000
unknown400_120 in script context. using previous estimated duration
script duration name:unknown400_120 seconds:556.0
loading script "jan_unknown400_120.py"
loading script "jan_pump_ms.py"
loading script "jan_cocktail_x1.py"
loading script "jan_pump_extraction_line.py"
testing...
no interpolation path defined
calculate duration
testing...
no interpolation path defined
executed snippet estimated_duration=0, duration=7.5101852417e-05
calculate duration
testing...
no interpolation path defined
executed snippet estimated_duration=0, duration=0.000106811523438
calculate duration
testing...
no interpolation path defined
executed snippet estimated_duration=32.0, duration=0.000102043151855
calculate duration
testing...
no interpolation path defined
executed snippet estimated_duration=34.0, duration=0.000108957290649
calculate duration
testing...
no interpolation path defined
executed snippet estimated_duration=4.0, duration=0.00012993812561
calculate duration
testing...
no interpolation path defined
executed snippet estimated_duration=38.0, duration=0.000120878219604
executed snippet estimated_duration=108.0, duration=0.0273380279541
script duration name:cocktail_x1 seconds:108.0
Script duration 664.0
Run total estimated duration= 665.000
script duration name:unknown400_120 seconds:556.0
cocktail_x1 in script context. using previous estimated duration
script duration name:cocktail_x1 seconds:108.0
Script duration 664.0
Run total estimated duration= 665.000
loading script "jan_ic_peak_hop3.py"
loading script "jan_pump_ms.py"
loading script "jan_air_x1.py"
loading script "jan_pump_extraction_line.py"
testing...
no interpolation path defined
executed snippet estimated_duration=133.8, duration=0.00924801826477
script duration name:ic_peak_hop3 seconds:134.0
loading script "jan_ic_peak_hop3.py"
loading script "jan_pump_ms.py"
loading script "jan_air_x1.py"
loading script "jan_pump_extraction_line.py"
testing...
no interpolation path defined
calculate duration
testing...
no interpolation path defined
executed snippet estimated_duration=0, duration=4.81605529785e-05
calculate duration
testing...
no interpolation path defined
executed snippet estimated_duration=0, duration=9.08374786377e-05
calculate duration
testing...
no interpolation path defined
executed snippet estimated_duration=32.0, duration=0.000113010406494
calculate duration
testing...
no interpolation path defined
executed snippet estimated_duration=34.0, duration=0.000185966491699
calculate duration
testing...
no interpolation path defined
executed snippet estimated_duration=4.0, duration=5.69820404053e-05
calculate duration
testing...
no interpolation path defined
executed snippet estimated_duration=36.0, duration=8.79764556885e-05
executed snippet estimated_duration=106.0, duration=0.0114469528198
script duration name:air_x1 seconds:106.0
Script duration 240.0
Run total estimated duration= 241.000
script duration name:unknown120_60 seconds:214.0
script duration name:co2 seconds:0.0
Script duration 214.0
Run total estimated duration= 215.000
script duration name:unknown120_60 seconds:214.0
script duration name:co2 seconds:0.0
Script duration 214.0
Run total estimated duration= 215.000
script duration name:unknown120_60 seconds:214.0
script duration name:co2 seconds:0.0
Script duration 214.0
Run total estimated duration= 215.000
script duration name:unknown400_120 seconds:556.0
loading script "jan_unknown400_120.py"
loading script "jan_pump_ms.py"
loading script "jan_sniffair_x2.py"
loading script "jan_pump_extraction_line.py"
testing...
no interpolation path defined
calculate duration
testing...
no interpolation path defined
executed snippet estimated_duration=0, duration=4.19616699219e-05
calculate duration
testing...
no interpolation path defined
executed snippet estimated_duration=0, duration=7.58171081543e-05
calculate duration
testing...
no interpolation path defined
executed snippet estimated_duration=32.0, duration=7.31945037842e-05
calculate duration
testing...
no interpolation path defined
executed snippet estimated_duration=34.0, duration=7.60555267334e-05
calculate duration
testing...
no interpolation path defined
executed snippet estimated_duration=4.0, duration=5.41210174561e-05
calculate duration
testing...
no interpolation path defined
executed snippet estimated_duration=36.0, duration=6.79492950439e-05
calculate duration
testing...
no interpolation path defined
executed snippet estimated_duration=34.0, duration=7.60555267334e-05
calculate duration
testing...
no interpolation path defined
executed snippet estimated_duration=4.0, duration=4.79221343994e-05
calculate duration
testing...
no interpolation path defined
executed snippet estimated_duration=36.0, duration=6.5803527832e-05
calculate duration
testing...
no interpolation path defined
executed snippet estimated_duration=70.0, duration=7.39097595215e-05
executed snippet estimated_duration=250.0, duration=0.00789093971252
script duration name:sniffair_x2 seconds:250.0
Script duration 806.0
Run total estimated duration= 807.000
script duration name:unknown400_120 seconds:556.0
sniffair_x2 in script context. using previous estimated duration
script duration name:sniffair_x2 seconds:250.0
Script duration 806.0
Run total estimated duration= 807.000
nruns=15 before=0.0, run_dur=5677.0, btw=0.0
write rem/ex queues
/Users/jan/PychronDev/experiments/rem/CurrentExperiment.rem.txt
/Users/jan/PychronDev/experiments/rem/CurrentExperiment.ex.txt
doing event level: 3
