do run
loading script "jan_unknown120_60.py"
loading script "jan_pump_ms.py"
loading script "jan_co2.py"
loading script "jan_pump_extraction_line.py"
testing...
no interpolation path defined
executed snippet estimated_duration=213.652928, duration=0.000227928161621
script duration name:unknown120_60 seconds:214.0
loading script "jan_unknown120_60.py"
loading script "jan_pump_ms.py"
loading script "jan_co2.py"
loading script "jan_pump_extraction_line.py"
testing...
no interpolation path defined
executed snippet estimated_duration=0, duration=1.71661376953e-05
loading script "jan_unknown120_60.py"
loading script "jan_pump_ms.py"
loading script "jan_co2.py"
loading script "jan_pump_extraction_line.py"
testing...
no interpolation path defined
calculate duration
testing...
no interpolation path defined
executed snippet estimated_duration=0, duration=3.71932983398e-05
calculate duration
testing...
no interpolation path defined
executed snippet estimated_duration=0, duration=6.91413879395e-05
executed snippet estimated_duration=0.0, duration=0.00197982788086
script duration name:co2 seconds:0.0
loading script "jan_unknown120_60.py"
loading script "jan_pump_ms.py"
loading script "jan_co2.py"
loading script "jan_pump_extraction_line.py"
testing...
no interpolation path defined
calculate duration
testing...
no interpolation path defined
executed snippet estimated_duration=4.0, duration=0.000113964080811
executed snippet estimated_duration=4.0, duration=0.00113582611084
Script duration 214.0
Run total estimated duration= 215.000
run duration: 0:03:35
doing event level: 2
09:40:52 -- Setting default integration. t=1.048576
setting integration time = 1.048576
SetIntegrationTime 1.048576 ===>> OK
----------------- start -----------------
**************** Experiment Type: Ar/Ar, Ar/Ar
create new session 4419438256
close session 4419438256
$$$$$ Clearing conditionals
adding conditionals 
Add queue conditionals
add default conditionals
adding default conditionals from /Users/jan/PychronDev/setupfiles/spectrometer/default_conditionals.yaml
Start automated run 65448-04A
loading script "jan_unknown120_60.py"
loading script "jan_pump_ms.py"
loading script "jan_co2.py"
loading script "jan_pump_extraction_line.py"
%%%%%%%%%%%%%%%%%% setting automated run 65448-04A
No value "sensitivity_multiplier" in metadata
$$$$$$$$$$$$$$$ auto_save_detector_ic=False
============================= Pre Extraction Check =============================
loading queue conditionals pre_run_terminations
loading system conditionals pre_run_terminations
loading conditionals from /Users/jan/PychronDev/setupfiles/spectrometer/default_conditionals.yaml
09:40:52 -- ******* Pre Extraction Check *******
Get a measurement from the spectrometer
GetData ===>> H2,-0.0919038496858905,H1,-0.0121332197822842,AX,-0.123203069773834,L1,0.035577708810728,L2,0.007...
Pre Extraction Termination data. keys=H2,H1,AX,L1,L2,CDD, signals=-0.09190,-0.01213,-0.12320,0.03558,0.00764,0.00253
09:40:52 -- testing system defined conditionals
Checking default pre extraction terminations n=2
testing CDD
evaluate ot="CDD.inactive" t="CDD", ctx="{'CDD': False}"
GetDeflection CDD ===>> 50
testing CDD==2000
evaluate ot="CDD.deflection==2000" t="CDD==2000", ctx="{'CDD': 50.0}"
09:40:52 -- ******* Pre Extraction Check Passed *******
=================================================================================
09:40:52 -- stopping status monitor
stop 5288834736
Alive clients [5025639504, 4992986192]
09:40:52 -- starting status monitor
start 5288834736
Monitor already running
start extraction
do extraction
Analysis started at 09:40:52.276226
Extraction Started jan_co2.py
09:40:52 -- ******* Extraction Started jan_co2.py *******
state changed from not run to extraction
DO EXTRACTION <pychron.extraction_line.pyscript_runner.RemotePyScriptRunner object at 0x12bfe48f0>
testing...
no interpolation path defined
calculate duration
testing...
no interpolation path defined
executed snippet estimated_duration=0, duration=4.6968460083e-05
calculate duration
testing...
no interpolation path defined
executed snippet estimated_duration=0, duration=0.000118017196655
executed snippet estimated_duration=100.0, duration=0.00285577774048
Jan CO2 laser analysis
doing GOSUB
testing...
no interpolation path defined
executed snippet estimated_duration=0, duration=5.3882598877e-05
Waiting for CO2 access
wait ('FelixCO2Flag', 0) {}
waiting for FelixCO2Flag = 0
Read FelixCO2Flag ===>> 0
finished waiting
CO2 free
wait ('CO2PumpTimeFlag', 0) {}
waiting for CO2PumpTimeFlag = 0
Read CO2PumpTimeFlag ===>> 0
finished waiting
acquire ('JanCO2Flag',) {'clear': True}
acquire JanCO2Flag
Set JanCO2Flag 1 ===>> OK
JanCO2Flag acquired
set extraction state False (0.75, 'red', 1.5)
CO2 acquired
executed snippet estimated_duration=0, duration=0.0170838832855
WaitForCO2Access.py completed successfully
gosub finished
doing GOSUB
testing...
no interpolation path defined
executed snippet estimated_duration=0, duration=9.98973846436e-05
Prepare for CO2 analysis
close () {'description': 'Jan Inlet'}
closing name=--- desc=Jan Inlet
checking ownership. requestor=129.138.12.150
check software interlocks R
interlocks []
actuate state mode=None-script, software_lock=False
doing actuation None-script close_channel False
Close R ===>> OK
GetIndicatorState R ===>> False
change switch state (True, True)
update switch state R False args=() kw={} ncanvase=6
09:40:52 -- CLOSE  VALVE-R (Jan Inlet)
---------------------------------------- close None (Jan Inlet) result=[(True, True)]
action=close, ok=True, locked=[False]
open () {'description': 'Jan Ion Pump'}
opening name=--- desc=Jan Ion Pump
checking ownership. requestor=129.138.12.150
check software interlocks O
interlocks []
actuate state mode=None-script, software_lock=False
doing actuation None-script open_channel False
Open O ===>> OK
GetIndicatorState O ===>> OK
change switch state (True, True)
update switch state O True args=() kw={} ncanvase=6
09:40:53 -- OPEN   VALVE-O (Jan Ion Pump)
---------------------------------------- open None (Jan Ion Pump) result=[(True, True)], time=0.09 sec
action=open, ok=True, locked=[False]
close () {'description': 'Microbone to Minibone'}
closing name=--- desc=Microbone to Minibone
checking ownership. requestor=129.138.12.150
check software interlocks L
interlocks []
actuate state mode=None-script, software_lock=False
doing actuation None-script close_channel False
Close L ===>> OK
GetIndicatorState L ===>> False
change switch state (True, True)
update switch state L False args=() kw={} ncanvase=6
09:40:53 -- CLOSE  VALVE-L (Microbone to Minibone)
---------------------------------------- close None (Microbone to Minibone) result=[(True, True)]
action=close, ok=True, locked=[False]
open () {'description': 'Microbone to Turbo'}
opening name=--- desc=Microbone to Turbo
checking ownership. requestor=129.138.12.150
check software interlocks U
interlocks []
actuate state mode=None-script, software_lock=False
doing actuation None-script open_channel False
Open U ===>> OK
GetIndicatorState U ===>> OK
change switch state (True, True)
update switch state U True args=() kw={} ncanvase=6
09:40:54 -- OPEN   VALVE-U (Microbone to Turbo)
---------------------------------------- open None (Microbone to Turbo) result=[(True, True)], time=0.13 sec
action=open, ok=True, locked=[False]
open () {'description': 'Microbone to Inlet Pipette'}
opening name=--- desc=Microbone to Inlet Pipette
checking ownership. requestor=129.138.12.150
check software interlocks S
interlocks []
actuate state mode=None-script, software_lock=False
doing actuation None-script open_channel False
Open S ===>> OK
GetIndicatorState S ===>> OK
change switch state (True, True)
update switch state S True args=() kw={} ncanvase=6
09:40:54 -- OPEN   VALVE-S (Microbone to Inlet Pipette)
---------------------------------------- open None (Microbone to Inlet Pipette) result=[(True, True)], time=0.41 sec
action=open, ok=True, locked=[False]
open () {'description': 'Microbone to Getter D-50'}
opening name=--- desc=Microbone to Getter D-50
checking ownership. requestor=129.138.12.150
check software interlocks K
interlocks []
actuate state mode=None-script, software_lock=False
doing actuation None-script open_channel False
Open K ===>> OK
GetIndicatorState K ===>> OK
change switch state (True, True)
update switch state K True args=() kw={} ncanvase=6
09:40:55 -- OPEN   VALVE-K (Microbone to Getter D-50)
---------------------------------------- open None (Microbone to Getter D-50) result=[(True, True)], time=0.42 sec
action=open, ok=True, locked=[False]
open () {'description': 'Microbone to Getter NP-10'}
opening name=--- desc=Microbone to Getter NP-10
checking ownership. requestor=129.138.12.150
check software interlocks M
interlocks []
actuate state mode=None-script, software_lock=False
doing actuation None-script open_channel False
Open M ===>> OK
GetIndicatorState M ===>> OK
change switch state (True, True)
update switch state M True args=() kw={} ncanvase=6
09:40:55 -- OPEN   VALVE-M (Microbone to Getter NP-10)
---------------------------------------- open None (Microbone to Getter NP-10) result=[(True, True)], time=0.13 sec
action=open, ok=True, locked=[False]
close () {'description': 'CO2 Laser to Felix'}
closing name=--- desc=CO2 Laser to Felix
checking ownership. requestor=129.138.12.150
check software interlocks F
interlocks []
actuate state mode=None-script, software_lock=True
VALVE-F(CO2 Laser to Felix) software locked
change switch state (True, False)
---------------------------------------- close None (CO2 Laser to Felix) result=[(True, False)]
action=close, ok=True, locked=[True]
open () {'description': 'CO2 Laser to Jan'}
opening name=--- desc=CO2 Laser to Jan
checking ownership. requestor=129.138.12.150
check software interlocks A
interlocks []
actuate state mode=None-script, software_lock=False
doing actuation None-script open_channel False
Open A ===>> OK
GetIndicatorState A ===>> OK
change switch state (True, True)
update switch state A True args=() kw={} ncanvase=6
09:40:56 -- OPEN   VALVE-A (CO2 Laser to Jan)
---------------------------------------- open None (CO2 Laser to Jan) result=[(True, True)], time=0.13 sec
action=open, ok=True, locked=[False]
open () {'description': 'Microbone to CO2 Laser'}
opening name=--- desc=Microbone to CO2 Laser
checking ownership. requestor=129.138.12.150
check software interlocks T
interlocks []
actuate state mode=None-script, software_lock=False
doing actuation None-script open_channel False
Open T ===>> OK
GetIndicatorState T ===>> OK
change switch state (True, True)
update switch state T True args=() kw={} ncanvase=6
09:40:56 -- OPEN   VALVE-T (Microbone to CO2 Laser)
---------------------------------------- open None (Microbone to CO2 Laser) result=[(True, True)], time=0.41 sec
action=open, ok=True, locked=[False]
executed snippet estimated_duration=0, duration=4.89434695244
PrepareForCO2Analysis.py completed successfully
gosub finished
set_motor ('beam', '1.25') {}
setting motor "beam" to 1.25
set motor beam to 1.25
SetMotor beam,1.25 ===>> OK
GetMotorMoving beam ===>> False
GetMotorMoving beam ===>> False
Block completed
move_to_position ('166',) {'autocenter': True}
FusionsCO2 move to position 166
sending GoToHole 166,True
GoToHole 166,True ===>> OK
GetDriveMoving ===>> OK
GetDriveMoving ===>> OK
GetDriveMoving ===>> OK
GetDriveMoving ===>> OK
GetDriveMoving ===>> OK
GetDriveMoving ===>> OK
GetDriveMoving ===>> False
GetDriveMoving ===>> OK
GetDriveMoving ===>> OK
GetDriveMoving ===>> OK
GetDriveMoving ===>> OK
GetDriveMoving ===>> OK
GetDriveMoving ===>> False
Block completed
GetAutoCorrecting ===>> False
GetAutoCorrecting ===>> False
Block completed
update position
GetPosition ===>> 9.96950,-5.98170,1.00000
got position (9.9695, -5.9817, 1.0)
move to position succeeded
sleep (5,) {}
SLEEP 5.0
block started
WaitControl setup for 5.0  
Join finished
block finished. duration 5.01722002029
close () {'description': 'Microbone to Turbo'}
closing name=--- desc=Microbone to Turbo
checking ownership. requestor=129.138.12.150
check software interlocks U
interlocks []
actuate state mode=None-script, software_lock=False
doing actuation None-script close_channel True
Close U ===>> OK
GetIndicatorState U ===>> False
change switch state (True, True)
update switch state U False args=() kw={} ncanvase=6
09:41:08 -- CLOSE  VALVE-U (Microbone to Turbo)
---------------------------------------- close None (Microbone to Turbo) result=[(True, True)]
action=close, ok=True, locked=[False]
enable laser
enable () {}
set extraction state FusionsCO2 Enabled (False, 'red', 1.5)
enabling laser
Enable ===>> OK
begin interval
BEGIN INTERVAL Interval 1 waiting for 30.0
block started
WaitControl setup for 30.0  
set extract to 0.3
extract (0.3,) {}
GetPosition ===>> 9.96950,-5.98170,1.00000
set extraction state FusionsCO2 ON! 0.3(watts) (0.75, 'red', 1.5)
extract sample to 0.3 (watts)
set laser output
SetLaserOutput 0.3,watts ===>> OK
executing pattern triangle.lp
execute_pattern ('triangle.lp',) {}
executing pattern triangle.lp
IsPatterning ===>> OK
IsPatterning ===>> OK
IsPatterning ===>> OK
IsPatterning ===>> OK
IsPatterning ===>> OK
IsPatterning ===>> OK
IsPatterning ===>> OK
IsPatterning ===>> OK
IsPatterning ===>> OK
IsPatterning ===>> OK
IsPatterning ===>> OK
IsPatterning ===>> OK
IsPatterning ===>> OK
IsPatterning ===>> OK
IsPatterning ===>> OK
IsPatterning ===>> OK
IsPatterning ===>> OK
IsPatterning ===>> OK
IsPatterning ===>> OK
IsPatterning ===>> OK
IsPatterning ===>> OK
IsPatterning ===>> OK
IsPatterning ===>> OK
IsPatterning ===>> OK
IsPatterning ===>> OK
IsPatterning ===>> OK
IsPatterning ===>> False
IsPatterning ===>> False
Block completed
COMPLETE INTERVAL waiting for Interval 1 to complete
Join finished
block finished. duration 30.0931179523
Interval 1 finished
end_extract () {}
ending extraction. set laser power to 0
set laser power 0
SetLaserPower 0 ===>> OK
disable () {}
%%%%%%%%%%%%%%%%%%%%%%%%%%%%%%%%%%% disable
set extraction state False (0.75, 'red', 1.5)
disabling laser
Disable ===>> OK
sleep (30.0,) {}
SLEEP 30.0
block started
WaitControl setup for 30.0  
Join finished
block finished. duration 30.0973799229
executed snippet estimated_duration=166.5, duration=77.3555018902
jan_co2.py completed successfully
GetAchievedOutput ===>> No Response
Requested Output= 0.000
Achieved Output=  0.000
GetResponseBlob ===>> No Response
GetOutputBlob ===>> No Response
persistence save...
persistence save - db
AutomatedRunPersister post_extraction_save deprecated
persistence save - dvc
no extraction position for 166
create new session 4992585168
close session 4992585168
Extraction Finished
09:42:09 -- ******* Extraction Finished *******
no overlap. not waiting for min ms pumptime
09:42:09 -- Sending spectrometer configuration
======== Sending configuration ========
SetDeflection CDD,50.0 ===>> OK
SetDeflection H2,0.0 ===>> OK
SetDeflection H1,0.0 ===>> OK
SetDeflection L2,825.0 ===>> OK
SetDeflection L1,400.0 ===>> OK
SetDeflection AX,190.0 ===>> OK
SetZFocus 74.64 ===>> OK
SetZSymmetry -50.72 ===>> OK
SetExtractionLens 26.13 ===>> OK
SetIonRepeller -3.81 ===>> OK
SetElectronEnergy 75.08 ===>> OK
SetYSymmetry -2.81 ===>> OK
SetIonCounterVoltage 1590.0 ===>> OK
send trap current 200.0
GetParameter Trap Current Readback ===>> 198.147042666178
SetParameter Trap Current Set,200.0 ===>> OK
updating mftable name mftable
Using mftable located at /Users/jan/PychronDev/setupfiles/spectrometer/mftables/mftable.csv
============ MFtable ===========
Isotope  H2     H1     AX     L1     L2     CDD    
Ar40     5.8243 5.8809 5.9941 6.1643 6.2325 6.3925
Ar39     5.7236 5.7731 5.8866 6.0503 6.1176 6.2790
Ar36     5.4011 5.4421 5.5499 5.7092 5.7726 5.9301
================================
get initial guess parabolic
get initial guess parabolic
get initial guess parabolic
get initial guess parabolic
get initial guess parabolic
get initial guess parabolic
======== Configuration Finished ========
GetYSymmetry ===>> -2.81
GetZSymmetry ===>> -50.72
GetParameter Trap Current Readback ===>> 198.147042666178
GetHighVoltage ===>> 4499.94659342336
start measurement
do measurement
L#=65448 analysis type=unknown
Measurement Started jan_unknown120_60.py
09:42:09 -- ******* Measurement Started jan_unknown120_60.py *******
state changed from extraction to measurement
setting spec, defl, and gains
GetExtractionLens ===>> 26.13
GetYSymmetry ===>> -2.81
GetZSymmetry ===>> -50.72
GetZFocus ===>> 74.64
GetDeflection H2 ===>> 0
GetDeflection H1 ===>> 0
GetDeflection AX ===>> 190
GetDeflection L1 ===>> 400
GetDeflection L2 ===>> 825
GetDeflection CDD ===>> 50
GetGain H2 ===>> 0.0113
GetGain H1 ===>> 0.1
GetGain AX ===>> 0.097049
GetGain L1 ===>> 0.010355
GetGain L2 ===>> 0.095649
GetGain CDD ===>> 0
pre measurement save
New frame /Users/jan/PychronDev/data/isotopes/ec/e48b1f-f99d-495a-86ae-bb849301e844.h5
flush and close file /Users/jan/PychronDev/data/isotopes/ec/e48b1f-f99d-495a-86ae-bb849301e844.h5
testing...
no interpolation path defined
executed snippet estimated_duration=226.132928, duration=0.000241041183472
unknown measurement script
activate_detectors ('H2', 'H1', 'AX', 'L1', 'L2', 'CDD') {}
activate detectors
*************** Set Analysis View Ar/Ar
create graphs
clearing graphs
clear isotope group
setting isotope det=H2, iso=PM41
setting isotope det=H1, iso=Ar40
setting isotope det=AX, iso=Ar39
setting isotope det=L1, iso=Ar38
setting isotope det=L2, iso=Ar37
setting isotope det=CDD, iso=Ar36
setting previous blanks
 - setting Ar40 blank 0.438+/-0.007
 - setting Ar36 blank 0.00468+/-0.00018
 - setting Ar37 blank 0.048+/-0.005
 - setting Ar38 blank 0.0111+/-0.0022
 - setting PM41 blank 0.02+/-0.06
 - setting Ar39 blank 0.013+/-0.008
load analysis view
position_magnet ('Ar40',) {'detector': 'H1'}
detector Detector(H1)
POSITION Ar40 H1
setting detector H2 to PM41 (40.9624)
setting detector H1 to Ar40 (39.9624)
setting detector AX to Ar39 (38.9624)
setting detector L1 to Ar38 (37.9624)
setting detector L2 to Ar37 (36.9624)
setting detector CDD to Ar36 (35.9624)
Mapping mass to dac mass func: "parabolic"
H1 map mass coeffs = [-0.00063987  0.15840543  0.57246999]
H1 map mass to dac 39.9624 >> 5.88086
GetDeflection H1 ===>> 0
GetHighVoltage ===>> 4499.94659342336
positioning Ar40 (5.88082536817) on H1
setting magnet DAC
current  : 5.880825
requested: 5.880825
Delta Dac: 0.000000
Checking detector protection. dv=0.00000
Checking detector "CDD". Protection Threshold: 0.1 (V)
SetMagnetDAC 5.88082536817 ===>> OK
equilibrate () {'delay': 3, 'inlet': 'R', 'outlet': 'O', 'eqtime': 12.0}
Equilibration Started
09:42:10 -- ******* Equilibration Started *******
checking ownership. requestor=129.138.12.150
check software interlocks O
interlocks []
actuate state mode=None-script, software_lock=False
doing actuation None-script close_channel True
Close O ===>> OK
update labels <pychron.experiment.plot_panel.PlotPanel object at 0x1c796b950>
update labels "<pychron.graph.stacked_regression_graph.StackedRegressionGraph object at 0x1a6a83dd0>"
setting label 0 H2 PM41
setting label 1 H1 Ar40
setting label 2 AX Ar39
setting label 3 L1 Ar38
setting label 4 L2 Ar37
setting label 5 CDD Ar36
update labels "<pychron.graph.stacked_graph.StackedGraph object at 0x1d8262a70>"
setting label 0 H2 PM41
setting label 1 H1 Ar40
setting label 2 AX Ar39
setting label 3 L1 Ar38
setting label 4 L2 Ar37
setting label 5 CDD Ar36
GetIndicatorState O ===>> False
change switch state (True, True)
update switch state O False args=() kw={} ncanvase=6
09:42:10 -- CLOSE  VALVE-O (Jan Ion Pump)
waiting 3s before opening inlet value ('R',)
checking ownership. requestor=129.138.12.150
check software interlocks R
interlocks []
actuate state mode=None-script, software_lock=False
doing actuation None-script open_channel True
Open R ===>> OK
State checksums do not match. Local:1838806504 Remote:1775861429
State checksum failed
GetIndicatorState R ===>> OK
change switch state (True, True)
update switch state R True args=() kw={} ncanvase=6
09:42:14 -- OPEN   VALVE-R (Jan Inlet)
set_time_zero () {}
equilibrating for 12.0sec
sniff (12.0,) {}
py_sniff
build tables- sniff [Detector(H2), Detector(H1), Detector(AX), Detector(L1), Detector(L2), Detector(CDD)]
add group /sniff/PM41 (Group) '' table H2
add group /sniff/Ar40 (Group) '' table H1
add group /sniff/Ar39 (Group) '' table AX
add group /sniff/Ar38 (Group) '' table L1
add group /sniff/Ar37 (Group) '' table L2
add group /sniff/Ar36 (Group) '' table CDD
flush and close file /Users/jan/PychronDev/data/isotopes/ec/e48b1f-f99d-495a-86ae-bb849301e844.h5
measuring sniff. ncounts=12.0
"sniff" increment series count="1" fit count="0" regressing="False"
starting measurement
check iteration duration=2.00271606445e-05
GetData ===>> H2,-0.290839753019426,H1,0.216732365836347,AX,0.0782528235155041,L1,-0.000382840691796246,L2,0.19...
check iteration duration=1.81198120117e-05
GetData ===>> H2,0.809334573506287,H1,4.53113104001666,AX,1.74204861396051,L1,0.138638271419401,L2,3.4308307246...
check iteration duration=1.81198120117e-05
GetData ===>> H2,0.687109012914625,H1,7.84698219545226,AX,1.82066806499812,L1,0.225182337466059,L2,5.0483995574...
check iteration duration=4.29153442383e-05
GetData ===>> H2,0.251654659429736,H1,8.87000772101067,AX,1.59247674559654,L1,0.200130713569184,L2,5.4623799740...
check iteration duration=4.10079956055e-05
GetData ===>> H2,0.174540248449965,H1,9.32990481129352,AX,1.63678517088966,L1,0.178557636780948,L2,5.5271685911...
check iteration duration=2.90870666504e-05
GetData ===>> H2,0.0680788035209336,H1,9.54702780417322,AX,1.44406612673157,L1,0.1693182057355,L2,5.50837843211...
check iteration duration=1.69277191162e-05
GetData ===>> H2,-0.00178005746489862,H1,9.64946374384741,AX,1.58137061669504,L1,0.118300754494467,L2,5.5530918...
check iteration duration=4.29153442383e-05
GetData ===>> H2,0.120032635819323,H1,9.7444247932734,AX,1.5673669953706,L1,0.0957698301781771,L2,5.70966520819...
check iteration duration=5.10215759277e-05
GetData ===>> H2,0.0496058158319876,H1,9.82567668719751,AX,1.55315501253418,L1,0.100409185592018,L2,5.661948834...
check iteration duration=4.48226928711e-05
GetData ===>> H2,0.13127255412355,H1,9.86753923963224,AX,1.52686353054387,L1,0.108806962026036,L2,5.58803118676...
check iteration duration=5.3882598877e-05
GetData ===>> H2,0.0600391235156781,H1,9.82133624764938,AX,1.53732089378161,L1,0.0799751167921429,L2,5.72409618...
check iteration duration=1.50203704834e-05
GetData ===>> H2,0.033404961783871,H1,9.87423429150913,AX,1.54073290115553,L1,0.0908915762627609,L2,5.604813518...
Equilibration Finished
09:42:26 -- ******* Equilibration Finished *******
checking ownership. requestor=129.138.12.150
check software interlocks R
interlocks []
actuate state mode=None-script, software_lock=False
doing actuation None-script close_channel True
Close R ===>> OK
GetIndicatorState R ===>> False
change switch state (True, True)
update switch state R False args=() kw={} ncanvase=6
09:42:27 -- CLOSE  VALVE-R (Jan Inlet)
Post Equilibration Started jan_pump_extraction_line.py
09:42:27 -- ******* Post Equilibration Started jan_pump_extraction_line.py *******
testing...
no interpolation path defined
calculate duration
testing...
no interpolation path defined
executed snippet estimated_duration=4.0, duration=0.000255823135376
executed snippet estimated_duration=4.0, duration=0.0318660736084
Pump after analysis
doing GOSUB
testing...
no interpolation path defined
executed snippet estimated_duration=4.0, duration=0.000113010406494
Pump Microbone
close () {'description': 'Jan Inlet'}
closing name=--- desc=Jan Inlet
checking ownership. requestor=129.138.12.150
check software interlocks R
interlocks []
actuate state mode=None-script, software_lock=False
doing actuation None-script close_channel False
check iteration duration=1.59740447998e-05
waiting for write to finish
measurement finished
estimated time: 12.583 actual time: :12.711
flush and close file /Users/jan/PychronDev/data/isotopes/ec/e48b1f-f99d-495a-86ae-bb849301e844.h5
set_fits () {}
Close R ===>> OK
using default fits file=/Users/jan/PychronDev/scripts/measurement/fits/nominal_linear.yaml
set "Ar40" to "('Linear', 'SEM')"
No fit for "PM41". defaulting to linear. check the measurement script "jan_unknown120_60.py"
set "PM41" to "linear"
set "Ar36" to "('Linear', 'SEM')"
set "Ar37" to "('linear', 'SEM')"
set "Ar38" to "('linear', 'SEM')"
set "Ar39" to "('Linear', 'SEM')"
set_baseline_fits () {}
using default fits file=/Users/jan/PychronDev/scripts/measurement/fits/nominal_linear.yaml
set "H1" to "('average', 'SEM')"
set "H2" to "('average', 'SEM')"
set "CDD" to "('average', 'SEM')"
set "L2" to "('average', 'SEM')"
set "L1" to "('average', 'SEM')"
set "AX" to "('average', 'SEM')"
multicollect () {'integration_time': 1, 'ncounts': 120}
build tables- signal [Detector(H2), Detector(H1), Detector(AX), Detector(L1), Detector(L2), Detector(CDD)]
add group /signal/PM41 (Group) '' table H2
add group /signal/Ar40 (Group) '' table H1
add group /signal/Ar39 (Group) '' table AX
add group /signal/Ar38 (Group) '' table L1
add group /signal/Ar37 (Group) '' table L2
add group /signal/Ar36 (Group) '' table CDD
flush and close file /Users/jan/PychronDev/data/isotopes/ec/e48b1f-f99d-495a-86ae-bb849301e844.h5
measuring signal. ncounts=120
GetIndicatorState R ===>> False
change switch state (True, True)
update switch state R False args=() kw={} ncanvase=6
09:42:27 -- CLOSE  VALVE-R (Jan Inlet)
---------------------------------------- close None (Jan Inlet) result=[(True, True)]
"signal" increment series count="2" fit count="1" regressing="True"
action=close, ok=True, locked=[False]
is_closed ('F',) {}
is F () closed?
is closed True
open () {'description': 'CO2 Laser to Jan'}
opening name=--- desc=CO2 Laser to Jan
checking ownership. requestor=129.138.12.150
check software interlocks A
interlocks []
actuate state mode=None-script, software_lock=False
doing actuation None-script open_channel False
Open A ===>> OK
GetIndicatorState A ===>> OK
change switch state (True, True)
update switch state A True args=() kw={} ncanvase=6
09:42:27 -- OPEN   VALVE-A (CO2 Laser to Jan)
---------------------------------------- open None (CO2 Laser to Jan) result=[(True, True)], time=0.13 sec
starting measurement
check iteration duration=6.50882720947e-05
GetData ===>> H2,0.22760252162482,H1,10.0135207387824,AX,1.61082214682207,L1,0.077469058859969,L2,5.59876169777...
action=open, ok=True, locked=[False]
sleep (1,) {}
SLEEP 1.0
check iteration duration=4.19616699219e-05
GetData ===>> H2,0.0356116601503592,H1,10.0493834318887,AX,1.4269379075719,L1,0.119477842138083,L2,5.5752147431...
close () {'description': 'CO2 Laser to Roughing'}
closing name=--- desc=CO2 Laser to Roughing
checking ownership. requestor=129.138.12.150
check software interlocks G
interlocks []
actuate state mode=None-script, software_lock=True
VALVE-G(CO2 Laser to Roughing) software locked
change switch state (True, False)
---------------------------------------- close None (CO2 Laser to Roughing) result=[(True, False)]
action=close, ok=True, locked=[True]
open () {'description': 'Microbone to Turbo'}
opening name=--- desc=Microbone to Turbo
checking ownership. requestor=129.138.12.150
check software interlocks U
interlocks []
actuate state mode=None-script, software_lock=False
doing actuation None-script open_channel True
Open U ===>> OK
GetIndicatorState U ===>> OK
change switch state (True, True)
update switch state U True args=() kw={} ncanvase=6
09:42:29 -- OPEN   VALVE-U (Microbone to Turbo)
---------------------------------------- open None (Microbone to Turbo) result=[(True, True)], time=0.17 sec
action=open, ok=True, locked=[False]
open () {'description': 'Microbone to Getter NP-10'}
opening name=--- desc=Microbone to Getter NP-10
checking ownership. requestor=129.138.12.150
check software interlocks M
interlocks []
actuate state mode=None-script, software_lock=False
doing actuation None-script open_channel False
Open M ===>> OK
GetIndicatorState M ===>> OK
change switch state (True, True)
update switch state M True args=() kw={} ncanvase=6
09:42:29 -- OPEN   VALVE-M (Microbone to Getter NP-10)
---------------------------------------- open None (Microbone to Getter NP-10) result=[(True, True)], time=0.14 sec
action=open, ok=True, locked=[False]
open () {'description': 'Microbone to Getter D-50'}
opening name=--- desc=Microbone to Getter D-50
checking ownership. requestor=129.138.12.150
check software interlocks K
interlocks []
actuate state mode=None-script, software_lock=False
doing actuation None-script open_channel False
check iteration duration=4.10079956055e-05
GetData ===>> H2,-0.135382984611617,H1,10.0841433506815,AX,1.41608535270066,L1,0.140827004078474,L2,5.496053004...
Open K ===>> OK
GetIndicatorState K ===>> OK
change switch state (True, True)
update switch state K True args=() kw={} ncanvase=6
09:42:30 -- OPEN   VALVE-K (Microbone to Getter D-50)
---------------------------------------- open None (Microbone to Getter D-50) result=[(True, True)], time=0.42 sec
action=open, ok=True, locked=[False]
open () {'description': 'Microbone to CO2 Laser'}
opening name=--- desc=Microbone to CO2 Laser
checking ownership. requestor=129.138.12.150
check software interlocks T
interlocks []
actuate state mode=None-script, software_lock=False
doing actuation None-script open_channel False
Open T ===>> OK
GetIndicatorState T ===>> OK
change switch state (True, True)
update switch state T True args=() kw={} ncanvase=6
09:42:31 -- OPEN   VALVE-T (Microbone to CO2 Laser)
---------------------------------------- open None (Microbone to CO2 Laser) result=[(True, True)], time=0.42 sec
check iteration duration=8.70227813721e-05
GetData ===>> H2,-0.110504420483273,H1,10.0325900540734,AX,1.3206175887629,L1,0.0649805675181301,L2,5.563537167...
action=open, ok=True, locked=[False]
open () {'description': 'Microbone to Inlet Pipette'}
opening name=--- desc=Microbone to Inlet Pipette
checking ownership. requestor=129.138.12.150
check software interlocks S
interlocks []
actuate state mode=None-script, software_lock=False
doing actuation None-script open_channel False
Open S ===>> OK
GetIndicatorState S ===>> OK
change switch state (True, True)
update switch state S True args=() kw={} ncanvase=6
09:42:31 -- OPEN   VALVE-S (Microbone to Inlet Pipette)
---------------------------------------- open None (Microbone to Inlet Pipette) result=[(True, True)], time=0.42 sec
action=open, ok=True, locked=[False]
sleep (1,) {}
SLEEP 1.0
testing H1>-5.0
evaluate ot="H1.bs>-5.0" t="H1>-5.0", ctx="{'H1': None}"
check iteration duration=0.000565767288208
GetData ===>> H2,-0.0998510244841281,H1,10.0211956282854,AX,1.39681305473303,L1,0.0639141124872072,L2,5.4968738...
set_resource () {'name': 'CO2PumpTimeFlag', 'value': 30}
Set CO2PumpTimeFlag 30 ===>> OK
release ('JanCO2Flag',) {}
release JanCO2Flag
Set JanCO2Flag 0 ===>> OK
executed snippet estimated_duration=6.0, duration=5.92023992538
PumpMicrobone.py completed successfully
gosub finished
get_resource_value () {'name': 'JanMiniboneFlag'}
Read JanMiniboneFlag ===>> 0
Get Resource Value JanMiniboneFlag=0.0
get resource value 0.0
get_resource_value () {'name': 'JanMiniboneFlag'}
Read JanMiniboneFlag ===>> 0
Get Resource Value JanMiniboneFlag=0.0
executed snippet estimated_duration=4.0, duration=5.93263697624
jan_pump_extraction_line.py completed successfully
Post Equilibration Finished
09:42:32 -- ******* Post Equilibration Finished *******
check iteration duration=7.5101852417e-05
GetData ===>> H2,-0.151083140611473,H1,10.1261085576138,AX,1.38484277707093,L1,0.0709706613813721,L2,5.66253561...
check iteration duration=4.00543212891e-05
GetData ===>> H2,-0.0233489824919683,H1,10.2249203907871,AX,1.45896520311947,L1,0.0574132686450796,L2,5.6301624...
check iteration duration=8.60691070557e-05
GetData ===>> H2,-0.0019079346082014,H1,10.2129640306281,AX,1.33977626404329,L1,0.0611278681900738,L2,5.4828731...
check iteration duration=5.31673431396e-05
GetData ===>> H2,-0.175432230303882,H1,10.2540524736394,AX,1.30386849874114,L1,0.0977449442674945,L2,5.50883582...
testing H1>-5.0
evaluate ot="H1.bs>-5.0" t="H1>-5.0", ctx="{'H1': None}"
check iteration duration=0.000574111938477
GetData ===>> H2,-0.179110326012172,H1,10.2047557859372,AX,1.45035267663359,L1,0.0912772186371175,L2,5.54171524...
check iteration duration=4.10079956055e-05
GetData ===>> H2,-0.113003380551559,H1,10.3517363783552,AX,1.53468017501322,L1,0.0636539983884661,L2,5.62623244...
check iteration duration=3.71932983398e-05
GetData ===>> H2,-0.0461941650361101,H1,10.3896331059291,AX,1.49187973457738,L1,0.0821889163755772,L2,5.5930972...
check iteration duration=4.00543212891e-05
GetData ===>> H2,-0.111082506177628,H1,10.4906560064504,AX,1.34506892416652,L1,0.0613072531666265,L2,5.53462934...
check iteration duration=8.29696655273e-05
GetData ===>> H2,-0.0721949978998035,H1,10.4999462941568,AX,1.45465300236771,L1,0.0447210028246566,L2,5.5721662...
testing H1>-5.0
evaluate ot="H1.bs>-5.0" t="H1>-5.0", ctx="{'H1': None}"
check iteration duration=0.000574827194214
GetData ===>> H2,-0.0925812284346011,H1,10.6317429015552,AX,1.44391422623732,L1,0.0713763878466312,L2,5.5409761...
check iteration duration=3.91006469727e-05
GetData ===>> H2,-0.261382484056162,H1,10.5846558871406,AX,1.31094621681582,L1,0.0402114617208694,L2,5.58317645...
check iteration duration=6.98566436768e-05
GetData ===>> H2,-0.191246985723384,H1,10.5861497919327,AX,1.37431014165164,L1,0.0715220680889014,L2,5.57913102...
check iteration duration=7.5101852417e-05
GetData ===>> H2,-0.195409638302154,H1,10.6233410364786,AX,1.48769467483509,L1,0.0255792314245423,L2,5.55204853...
check iteration duration=9.17911529541e-05
GetData ===>> H2,-0.186418428985024,H1,10.700163276008,AX,1.5286177257743,L1,0.0135137577531699,L2,5.5306290928...
testing H1>-5.0
evaluate ot="H1.bs>-5.0" t="H1>-5.0", ctx="{'H1': None}"
check iteration duration=0.000543117523193
GetData ===>> H2,-0.221418208576351,H1,10.7750125873896,AX,1.46868880141736,L1,0.0231062656217491,L2,5.54219626...
check iteration duration=3.88622283936e-05
GetData ===>> H2,-0.148541565733814,H1,10.7252384098244,AX,1.38467929071315,L1,0.051071756108443,L2,5.497260851...
check iteration duration=0.0001060962677
GetData ===>> H2,-0.113137382919308,H1,10.7497285554062,AX,1.4333168264606,L1,0.0219394462955634,L2,5.592030071...
check iteration duration=4.2200088501e-05
GetData ===>> H2,-0.1127746253814,H1,10.9137340080185,AX,1.38682799031439,L1,0.0605536169034008,L2,5.4039602305...
check iteration duration=5.19752502441e-05
GetData ===>> H2,-0.155721057794425,H1,10.8560883461339,AX,1.26405126469319,L1,0.0731993480930751,L2,5.58448978...
testing H1>-5.0
evaluate ot="H1.bs>-5.0" t="H1>-5.0", ctx="{'H1': None}"
check iteration duration=0.000583171844482
09:42:53 -- collecting point 25
GetData ===>> H2,-0.161769419727889,H1,10.9676703821322,AX,1.44827269543741,L1,0.0612025112161257,L2,5.52142090...
check iteration duration=9.01222229004e-05
GetData ===>> H2,-0.163823075537748,H1,10.9640232154166,AX,1.46414243173103,L1,0.0639273592177582,L2,5.44185586...
check iteration duration=7.20024108887e-05
GetData ===>> H2,-0.153960510455126,H1,10.99800963031,AX,1.45991180915216,L1,0.0172639107684406,L2,5.6069950795...
check iteration duration=7.9870223999e-05
GetData ===>> H2,-0.131180970661552,H1,10.9786377941505,AX,1.44715092613873,L1,0.0364828907712874,L2,5.47563911...
check iteration duration=6.103515625e-05
GetData ===>> H2,-0.0557495625851038,H1,11.1039130855324,AX,1.47830816511436,L1,0.0809825343458495,L2,5.5759182...
testing H1>-5.0
evaluate ot="H1.bs>-5.0" t="H1>-5.0", ctx="{'H1': None}"
check iteration duration=0.00057315826416
GetData ===>> H2,-0.137215046104856,H1,11.1150961618978,AX,1.40997620815913,L1,0.0398134092536041,L2,5.44415304...
check iteration duration=7.70092010498e-05
GetData ===>> H2,-0.173067342302761,H1,11.1748220351819,AX,1.48861817825061,L1,0.0748732933650749,L2,5.51086481...
check iteration duration=7.79628753662e-05
GetData ===>> H2,-0.0912033976091729,H1,11.2628878401153,AX,1.45766801709946,L1,0.0718495553081955,L2,5.5957476...
check iteration duration=7.5101852417e-05
GetData ===>> H2,-0.0714682322627215,H1,11.2492550090051,AX,1.39969781824157,L1,0.0234992413549557,L2,5.4989260...
check iteration duration=6.00814819336e-05
GetData ===>> H2,-0.154098337533021,H1,11.2190724810327,AX,1.44675363592257,L1,0.0871178774984278,L2,5.49456373...
testing H1>-5.0
evaluate ot="H1.bs>-5.0" t="H1>-5.0", ctx="{'H1': None}"
check iteration duration=0.000586032867432
GetData ===>> H2,-0.210298241350419,H1,11.3157852475846,AX,1.43314157589244,L1,0.104569725735988,L2,5.566151605...
check iteration duration=7.79628753662e-05
GetData ===>> H2,-0.238141781270816,H1,11.297254910094,AX,1.43120215718461,L1,0.0817936025127135,L2,5.514606233...
check iteration duration=7.20024108887e-05
GetData ===>> H2,-0.113692325386725,H1,11.3033430914044,AX,1.52484039766065,L1,0.0334995837050377,L2,5.43088642...
check iteration duration=3.91006469727e-05
GetData ===>> H2,-0.0928575873698146,H1,11.5099187885043,AX,1.52147250019816,L1,0.0198032311390043,L2,5.5339841...
check iteration duration=4.07695770264e-05
GetData ===>> H2,-0.21242647169884,H1,11.5010104670415,AX,1.5673202420524,L1,0.0359888172436766,L2,5.3853224348...
testing H1>-5.0
evaluate ot="H1.bs>-5.0" t="H1>-5.0", ctx="{'H1': None}"
check iteration duration=0.000541925430298
GetData ===>> H2,-0.220506207746746,H1,11.4975154805298,AX,1.53753121957146,L1,0.0242948538030062,L2,5.42022286...
check iteration duration=8.70227813721e-05
GetData ===>> H2,-0.201398439207583,H1,11.5394870558516,AX,1.49714053783827,L1,0.0567898890662058,L2,5.58777319...
check iteration duration=4.00543212891e-05
GetData ===>> H2,-0.163642163545901,H1,11.5950770631567,AX,1.58685338008391,L1,0.0843499478173653,L2,5.57566030...
check iteration duration=3.81469726562e-05
GetData ===>> H2,-0.151253278837451,H1,11.539877988707,AX,1.63830574102686,L1,0.0751153760215959,L2,5.427675517...
check iteration duration=4.10079956055e-05
GetData ===>> H2,-0.21384866057784,H1,11.7012294228958,AX,1.53450490858377,L1,0.0711476379849047,L2,5.361760535...
testing H1>-5.0
evaluate ot="H1.bs>-5.0" t="H1>-5.0", ctx="{'H1': None}"
check iteration duration=0.000579118728638
GetData ===>> H2,-0.262029348791136,H1,11.6867690742344,AX,1.57881053998376,L1,0.057288108267775,L2,5.477092920...
check iteration duration=4.79221343994e-05
GetData ===>> H2,-0.0955612154440283,H1,11.70904537905,AX,1.46896930413611,L1,0.045029911422424,L2,5.4325387951...
check iteration duration=4.50611114502e-05
GetData ===>> H2,-0.195201604347972,H1,11.835354082774,AX,1.57256844111909,L1,0.0845643208744729,L2,5.530593900...
check iteration duration=4.00543212891e-05
GetData ===>> H2,-0.23348552031825,H1,11.7240510988051,AX,1.47594706746017,L1,0.0794955441817939,L2,5.492523361...
check iteration duration=3.91006469727e-05
GetData ===>> H2,-0.288608056062231,H1,11.6470858750574,AX,1.41206705799625,L1,0.0519774426592086,L2,5.46613127...
testing H1>-5.0
evaluate ot="H1.bs>-5.0" t="H1>-5.0", ctx="{'H1': None}"
check iteration duration=0.000631809234619
09:43:19 -- collecting point 50
GetData ===>> H2,-0.126797323502099,H1,11.7927082229329,AX,1.48546193667854,L1,0.0258686418418408,L2,5.39236244...
check iteration duration=3.91006469727e-05
GetData ===>> H2,-0.0824623788377448,H1,11.8312605486059,AX,1.48681793913203,L1,0.060830505481563,L2,5.47922677...
check iteration duration=6.69956207275e-05
GetData ===>> H2,-0.305662998323214,H1,12.0102776483341,AX,1.55445223809336,L1,0.0372138273730247,L2,5.39201101...
check iteration duration=6.48498535156e-05
GetData ===>> H2,-0.195344891767973,H1,12.0023627412785,AX,1.48686469817172,L1,0.044552575680759,L2,5.450681528...
check iteration duration=6.60419464111e-05
GetData ===>> H2,-0.220937295596648,H1,11.9012909915253,AX,1.5445423372537,L1,0.04324607563018,L2,5.50856608138...
testing H1>-5.0
evaluate ot="H1.bs>-5.0" t="H1>-5.0", ctx="{'H1': None}"
check iteration duration=0.00063681602478
GetData ===>> H2,-0.161687049700261,H1,12.0199381752124,AX,1.50928822593476,L1,0.0521013343875178,L2,5.48440918...
check iteration duration=4.29153442383e-05
GetData ===>> H2,-0.143181053686937,H1,12.1089015902859,AX,1.51864262019637,L1,0.0672656997382731,L2,5.44717695...
check iteration duration=8.41617584229e-05
GetData ===>> H2,-0.223663545415352,H1,12.2234212315089,AX,1.61468108072353,L1,0.0618490392146982,L2,5.43344116...
check iteration duration=7.5101852417e-05
GetData ===>> H2,-0.16507047960405,H1,12.3079638371958,AX,1.62050485005531,L1,0.0584134039166586,L2,5.456905678...
check iteration duration=7.58171081543e-05
GetData ===>> H2,-0.193771685345935,H1,12.1623126951654,AX,1.58038866156748,L1,0.0816959816517903,L2,5.45100972...
testing H1>-5.0
evaluate ot="H1.bs>-5.0" t="H1>-5.0", ctx="{'H1': None}"
check iteration duration=0.000599145889282
GetData ===>> H2,-0.14666810625439,H1,12.229294767278,AX,1.65415616292446,L1,0.069676538922183,L2,5.54844967019...
check iteration duration=4.6968460083e-05
GetData ===>> H2,-0.191265859032608,H1,12.2363586305698,AX,1.55676625059325,L1,0.0525945107068198,L2,5.51116975...
check iteration duration=7.91549682617e-05
GetData ===>> H2,-0.23961944738594,H1,12.2173708166253,AX,1.61760461651115,L1,0.0517525169020991,L2,5.440496339...
check iteration duration=4.19616699219e-05
GetData ===>> H2,-0.284743838878306,H1,12.2504877666053,AX,1.62415365269579,L1,0.0143698176980213,L2,5.47716326...
check iteration duration=4.00543212891e-05
GetData ===>> H2,-0.250666191001589,H1,12.2843487828155,AX,1.51270247646681,L1,0.0694177343168778,L2,5.38770028...
testing H1>-5.0
evaluate ot="H1.bs>-5.0" t="H1>-5.0", ctx="{'H1': None}"
check iteration duration=0.000602006912231
GetData ===>> H2,-0.103702077419418,H1,12.3001168810201,AX,1.50856329762312,L1,0.0611916759039276,L2,5.44344981...
check iteration duration=7.39097595215e-05
GetData ===>> H2,-0.107420590112075,H1,12.4414001244262,AX,1.58477246579974,L1,0.0588455026202186,L2,5.51102901...
check iteration duration=7.70092010498e-05
GetData ===>> H2,-0.0662493424639453,H1,12.3371418781921,AX,1.52507428372235,L1,0.0247395588080595,L2,5.4512910...
check iteration duration=5.69820404053e-05
GetData ===>> H2,-0.0739385037678107,H1,12.4030086305023,AX,1.57572450889491,L1,0.0519377495144179,L2,5.5289750...
check iteration duration=6.60419464111e-05
GetData ===>> H2,-0.145915663743573,H1,12.3923678982427,AX,1.5009635652264,L1,0.0835304472250306,L2,5.314967867...
testing H1>-5.0
evaluate ot="H1.bs>-5.0" t="H1>-5.0", ctx="{'H1': None}"
check iteration duration=0.000725984573364
GetData ===>> H2,-0.0515530149397642,H1,12.5236526042624,AX,1.62318296439154,L1,0.101652899133359,L2,5.40671344...
check iteration duration=9.70363616943e-05
GetData ===>> H2,-0.193291860537273,H1,12.5278088356619,AX,1.59633495821136,L1,0.0936166957439451,L2,5.48163034...
check iteration duration=7.58171081543e-05
GetData ===>> H2,-0.238067801955428,H1,12.6331246342601,AX,1.60965280286713,L1,0.0673210595372271,L2,5.43224581...
check iteration duration=7.39097595215e-05
GetData ===>> H2,-0.152464573494952,H1,12.5553859962489,AX,1.61915997303814,L1,0.111639205898157,L2,5.359158404...
check iteration duration=5.88893890381e-05
GetData ===>> H2,-0.107389472239901,H1,12.6465961441461,AX,1.57709216978898,L1,0.0856651619751511,L2,5.40598705...
testing H1>-5.0
evaluate ot="H1.bs>-5.0" t="H1>-5.0", ctx="{'H1': None}"
check iteration duration=0.000574111938477
09:43:45 -- collecting point 75
GetData ===>> H2,-0.188500583745288,H1,12.6326045819084,AX,1.52478192623229,L1,0.0388213528646819,L2,5.50754574...
check iteration duration=8.20159912109e-05
GetData ===>> H2,-0.228599831966422,H1,12.653573585129,AX,1.62345194934566,L1,0.0362881435720208,L2,5.418980810...
check iteration duration=8.51154327393e-05
GetData ===>> H2,-0.308679775153347,H1,12.8149741588832,AX,1.62076213297589,L1,0.0330308928513466,L2,5.42434753...
check iteration duration=4.29153442383e-05
GetData ===>> H2,-0.347535647268587,H1,12.7527002407157,AX,1.51921560583708,L1,0.0444454988719317,L2,5.46669398...
check iteration duration=8.70227813721e-05
GetData ===>> H2,-0.212857456917222,H1,12.8654578346461,AX,1.55937250173445,L1,0.04478230300066,L2,5.4320934729...
testing H1>-5.0
evaluate ot="H1.bs>-5.0" t="H1>-5.0", ctx="{'H1': None}"
check iteration duration=0.000580787658691
GetData ===>> H2,-0.141389148235055,H1,12.7747908132218,AX,1.61704329088496,L1,0.0414971221135657,L2,5.38013353...
check iteration duration=8.08238983154e-05
GetData ===>> H2,-0.195443360308642,H1,12.8683002538286,AX,1.6562853444626,L1,0.0701833336495198,L2,5.418687875...
check iteration duration=9.70363616943e-05
GetData ===>> H2,-0.16193820889762,H1,12.7964163519799,AX,1.68461253201134,L1,0.0497320182295493,L2,5.350473413...
check iteration duration=4.38690185547e-05
GetData ===>> H2,-0.174527708181788,H1,12.9106409736183,AX,1.54675094309487,L1,0.0487255278308342,L2,5.32585252...
check iteration duration=3.69548797607e-05
GetData ===>> H2,-0.175619875845397,H1,12.9009808327653,AX,1.52453634661403,L1,0.0305267702716264,L2,5.36994393...
testing H1>-5.0
evaluate ot="H1.bs>-5.0" t="H1>-5.0", ctx="{'H1': None}"
check iteration duration=0.000585079193115
GetData ===>> H2,-0.143741810578482,H1,12.9085083047747,AX,1.5586245122611,L1,0.00931255439191224,L2,5.46012926...
check iteration duration=3.88622283936e-05
GetData ===>> H2,-0.209976277954553,H1,12.9645177125975,AX,1.57315289045628,L1,0.0711994072371461,L2,5.54225492...
check iteration duration=8.48770141602e-05
GetData ===>> H2,-0.171785741173968,H1,13.056098670014,AX,1.70521074503829,L1,0.115648884946175,L2,5.4017811481...
check iteration duration=4.00543212891e-05
GetData ===>> H2,-0.155672420097897,H1,13.0608614862129,AX,1.57718568576007,L1,0.108833495557938,L2,5.326930515...
check iteration duration=4.29153442383e-05
GetData ===>> H2,-0.255439451917166,H1,12.9850572148268,AX,1.55726879587436,L1,0.11216279940334,L2,5.4238085044...
testing H1>-5.0
evaluate ot="H1.bs>-5.0" t="H1>-5.0", ctx="{'H1': None}"
check iteration duration=0.000683069229126
GetData ===>> H2,-0.184620509283527,H1,13.1127582153381,AX,1.58771849226619,L1,0.0593522491649221,L2,5.51708104...
check iteration duration=8.39233398438e-05
GetData ===>> H2,-0.142747292591685,H1,13.1737580310121,AX,1.61408469011726,L1,0.0787015279896144,L2,5.40312842...
check iteration duration=7.70092010498e-05
GetData ===>> H2,-0.219863586898347,H1,13.2405109613375,AX,1.68567744732172,L1,0.0852568491617892,L2,5.37857574...
check iteration duration=3.981590271e-05
GetData ===>> H2,-0.227347786634028,H1,13.1888513025701,AX,1.74062145322748,L1,0.0233237824069972,L2,5.48042268...
check iteration duration=8.48770141602e-05
GetData ===>> H2,-0.223114038094827,H1,13.1916998089856,AX,1.59157651781169,L1,0.0164616473578626,L2,5.38310862...
testing H1>-5.0
evaluate ot="H1.bs>-5.0" t="H1>-5.0", ctx="{'H1': None}"
check iteration duration=0.000543117523193
GetData ===>> H2,-0.138807549956507,H1,13.3312946377371,AX,1.67279391777002,L1,0.0488349502404347,L2,5.43625379...
check iteration duration=7.89165496826e-05
GetData ===>> H2,-0.140791783501625,H1,13.2983752023067,AX,1.58834979515844,L1,0.076501742107601,L2,5.361186185...
check iteration duration=3.91006469727e-05
GetData ===>> H2,-0.176794277315243,H1,13.2466252117269,AX,1.59613619809818,L1,0.061104993824771,L2,5.295591701...
check iteration duration=7.60555267334e-05
GetData ===>> H2,-0.183097516714886,H1,13.259045464037,AX,1.62842245616107,L1,0.0712078348149354,L2,5.426116975...
check iteration duration=4.00543212891e-05
GetData ===>> H2,-0.15170561805193,H1,13.2696998106171,AX,1.6698570373104,L1,0.0638009138618545,L2,5.4245936129...
testing H1>-5.0
evaluate ot="H1.bs>-5.0" t="H1>-5.0", ctx="{'H1': None}"
check iteration duration=0.000548124313354
09:44:12 -- collecting point 100
GetData ===>> H2,-0.136895977704465,H1,13.2852763958253,AX,1.75772535092266,L1,0.0675473157816769,L2,5.40773273...
check iteration duration=4.00543212891e-05
GetData ===>> H2,-0.139027887297285,H1,13.3318671288425,AX,1.69138839901158,L1,0.0498029693676938,L2,5.41662563...
check iteration duration=4.00543212891e-05
GetData ===>> H2,-0.187922096008893,H1,13.3380883967847,AX,1.60212256155111,L1,0.0439065227484886,L2,5.41335661...
check iteration duration=7.20024108887e-05
GetData ===>> H2,-0.109942552560843,H1,13.3707910003033,AX,1.61075198579191,L1,0.0674823267672929,L2,5.32318104...
check iteration duration=3.69548797607e-05
GetData ===>> H2,-0.129212954007022,H1,13.4270880481623,AX,1.5507475943333,L1,0.0148224902878019,L2,5.265105988...
testing H1>-5.0
evaluate ot="H1.bs>-5.0" t="H1>-5.0", ctx="{'H1': None}"
check iteration duration=0.000545024871826
GetData ===>> H2,-0.168852352461012,H1,13.5498627268493,AX,1.64162768388169,L1,0.041889227008714,L2,5.375706198...
check iteration duration=3.91006469727e-05
GetData ===>> H2,-0.212535566385151,H1,13.5070251358948,AX,1.66638203725778,L1,0.0388153406990829,L2,5.41380184...
check iteration duration=6.69956207275e-05
GetData ===>> H2,-0.282099773704857,H1,13.5006850014849,AX,1.65999397422403,L1,0.0232877295767006,L2,5.39194073...
check iteration duration=4.19616699219e-05
GetData ===>> H2,-0.225881505575102,H1,13.6012420879475,AX,1.59261704157953,L1,0.0519437636172339,L2,5.29637651...
check iteration duration=9.10758972168e-05
GetData ===>> H2,-0.0587593241985045,H1,13.538642304402,AX,1.64676288013615,L1,0.0269543051486726,L2,5.32212653...
testing H1>-5.0
evaluate ot="H1.bs>-5.0" t="H1>-5.0", ctx="{'H1': None}"
check iteration duration=0.000575065612793
GetData ===>> H2,-0.100957066784358,H1,13.6002354115104,AX,1.68788923141184,L1,0.0455672185506885,L2,5.44247703...
check iteration duration=3.79085540771e-05
GetData ===>> H2,-0.322964932087488,H1,13.5859773038341,AX,1.61219029693558,L1,0.0900829801416002,L2,5.41219666...
check iteration duration=8.9168548584e-05
GetData ===>> H2,-0.343702311729935,H1,13.6877002598357,AX,1.66818387378272,L1,0.0725069697743488,L2,5.34367598...
check iteration duration=7.39097595215e-05
GetData ===>> H2,-0.293675062458795,H1,13.7406298067968,AX,1.78731908622395,L1,0.0617226198709057,L2,5.29419779...
check iteration duration=4.91142272949e-05
GetData ===>> H2,-0.208889078582664,H1,13.7012710754175,AX,1.6795221623479,L1,0.0706492220079229,L2,5.295697124...
testing H1>-5.0
evaluate ot="H1.bs>-5.0" t="H1>-5.0", ctx="{'H1': None}"
check iteration duration=0.00053596496582
GetData ===>> H2,-0.162849626972682,H1,13.7277805457518,AX,1.72629250519877,L1,0.0544916597837158,L2,5.38553327...
check iteration duration=4.00543212891e-05
GetData ===>> H2,-0.12609159740478,H1,13.7157612553776,AX,1.70069281246628,L1,0.0555612941027021,L2,5.341074328...
check iteration duration=8.32080841064e-05
GetData ===>> H2,-0.249681706968992,H1,13.7402856100429,AX,1.62857449916052,L1,0.0689314403364977,L2,5.32040418...
check iteration duration=8.08238983154e-05
GetData ===>> H2,-0.211630452683474,H1,13.6831770372963,AX,1.56235282891379,L1,0.0670238050446212,L2,5.31759226...
check iteration duration=4.10079956055e-05
GetData ===>> H2,-0.12967385250506,H1,13.7143083255647,AX,1.66968152930795,L1,0.0946666833468775,L2,5.298309289...
testing H1>-5.0
evaluate ot="H1.bs>-5.0" t="H1>-5.0", ctx="{'H1': None}"
check iteration duration=0.000569105148315
GetData ===>> H2,-0.103898317570508,H1,13.7969144963598,AX,1.65272893521895,L1,0.0760994234171297,L2,5.34207044...
check iteration duration=1.78813934326e-05
waiting for write to finish
measurement finished
estimated time: 125.829 actual time: :126.193
flush and close file /Users/jan/PychronDev/data/isotopes/ec/e48b1f-f99d-495a-86ae-bb849301e844.h5
baselines () {'settling_time': 15.0, 'detector': 'H1', 'mass': 34.2, 'ncounts': 60}
%%%%%%%%%%%%%%%%%%%%%%%%%%%%%%%% Baseline
build tables- baseline [Detector(H2), Detector(H1), Detector(AX), Detector(L1), Detector(L2), Detector(CDD)]
add group baseline table H2
add group baseline table H1
add group baseline table AX
add group baseline table L1
add group baseline table L2
add group baseline table CDD
flush and close file /Users/jan/PychronDev/data/isotopes/ec/e48b1f-f99d-495a-86ae-bb849301e844.h5
detector Detector(H1)
POSITION 34.2 H1
Mapping mass to dac mass func: "parabolic"
H1 map mass coeffs = [-0.00063987  0.15840543  0.57246999]
H1 map mass to dac 34.2 >> 5.24151599104
GetDeflection H1 ===>> 0
GetHighVoltage ===>> 4499.94659342336
positioning 34.2 (5.24148512425) on H1
setting magnet DAC
current  : 5.880825
requested: 5.241485
Delta Dac: 0.639340
Checking detector protection. dv=0.63934
Checking detector "CDD". Protection Threshold: 0.1 (V)
ProtectDetector CDD,On ===>> OK
GetDeflection CDD ===>> 2000
Protected = 2000
SetMagnetDAC 5.24148512425 ===>> OK
Magnet settling time: 0.500
GetMagnetMoving ===>> True
GetMagnetMoving ===>> True
GetMagnetMoving ===>> True
GetMagnetMoving ===>> True
GetMagnetMoving ===>> True
GetMagnetMoving ===>> True
GetMagnetMoving ===>> True
GetMagnetMoving ===>> True
GetMagnetMoving ===>> False
ProtectDetector CDD,Off ===>> OK
GetDeflection CDD ===>> 50
Delaying 15.0s for detectors to settle
Join finished
measuring baseline. ncounts=60
"baseline" increment series count="2" fit count="1" regressing="True"
starting measurement
check iteration duration=3.2901763916e-05
GetData ===>> H2,-0.0836408540272495,H1,-0.0574818485329363,AX,-0.0755841247800798,L1,-0.0239674941672656,L2,-0...
check iteration duration=4.00543212891e-05
GetData ===>> H2,-0.260149169317611,H1,-0.0727643449981439,AX,0.00538331575191655,L1,-0.0398504599851669,L2,0.0...
check iteration duration=3.88622283936e-05
GetData ===>> H2,-0.277001763561283,H1,-0.0446651633571048,AX,-0.124778766875126,L1,-0.0516618524239811,L2,0.02...
check iteration duration=6.79492950439e-05
GetData ===>> H2,-0.127254264504676,H1,-0.0194204355178805,AX,-0.0598180347289171,L1,-0.0299389468964757,L2,0.0...
testing H1>-5.0
evaluate ot="H1.bs>-5.0" t="H1>-5.0", ctx="{'H1': None}"
check iteration duration=0.00109195709229
GetData ===>> H2,-0.117151306544224,H1,0.00135728178511942,AX,-0.11677257066752,L1,-0.035145739970238,L2,-0.065...
check iteration duration=7.29560852051e-05
GetData ===>> H2,-0.0814273872578864,H1,-0.0579348734145889,AX,-0.115694985990987,L1,-0.0315941272616745,L2,-0....
check iteration duration=4.00543212891e-05
GetData ===>> H2,-0.179270920218229,H1,-0.0490051363749132,AX,-0.150640843608601,L1,-0.056741404186178,L2,-0.04...
check iteration duration=8.01086425781e-05
GetData ===>> H2,-0.222592789547038,H1,-0.0229624747887012,AX,-0.0340419318827308,L1,-0.0666088123837915,L2,0.0...
check iteration duration=3.91006469727e-05
GetData ===>> H2,-0.121769757998963,H1,-0.0499470287396829,AX,-0.0697416952100813,L1,-0.0433640851652309,L2,0.0...
testing H1>-5.0
evaluate ot="H1.bs>-5.0" t="H1>-5.0", ctx="{'H1': None}"
check iteration duration=0.000533103942871
GetData ===>> H2,-0.109189741367568,H1,-0.0354480579242587,AX,-0.109333517100852,L1,-0.0343649264146331,L2,-0.0...
set states for children of V. state=True
handle state [('V', True)]
update switch state V True args=() kw={'refresh': False} ncanvase=6
refresh_canvas_needed fired
check iteration duration=8.08238983154e-05
GetData ===>> H2,-0.217403237336788,H1,0.00370727214942264,AX,-0.0561659656714234,L1,-0.0399211278106974,L2,-0....
check iteration duration=4.41074371338e-05
GetData ===>> H2,-0.330279730120764,H1,-0.0705829769917841,AX,0.0169738262561114,L1,-0.0277779396314419,L2,0.00...
check iteration duration=4.00543212891e-05
GetData ===>> H2,-0.241711219502889,H1,-0.109482861294396,AX,0.0105576874548812,L1,-0.0216134033973793,L2,-0.06...
check iteration duration=9.79900360107e-05
GetData ===>> H2,-0.256201642148939,H1,-0.0380356104815015,AX,-0.0455452018945346,L1,-0.0195573184855255,L2,0.0...
testing H1>-5.0
evaluate ot="H1.bs>-5.0" t="H1>-5.0", ctx="{'H1': None}"
check iteration duration=0.000580072402954
GetData ===>> H2,-0.124022837047842,H1,-0.0581733067390953,AX,-0.0864566014623033,L1,-0.0209204957794917,L2,0.0...
check iteration duration=3.88622283936e-05
GetData ===>> H2,-0.195467640091089,H1,-0.121680495761267,AX,-0.0882994701603611,L1,-0.047454581182957,L2,0.012...
check iteration duration=4.10079956055e-05
GetData ===>> H2,-0.20561202888937,H1,-0.0203387540317344,AX,-0.0979884445734474,L1,-0.0254499050562195,L2,0.03...
check iteration duration=4.10079956055e-05
GetData ===>> H2,-0.183866457968765,H1,-0.0448797818308975,AX,-0.0270604538368378,L1,-0.00802466887417206,L2,-0...
check iteration duration=4.38690185547e-05
GetData ===>> H2,-0.1778241406703,H1,0.0398348784180548,AX,-0.0763375871828944,L1,-0.0145390341024855,L2,0.0379...
testing H1>-5.0
evaluate ot="H1.bs>-5.0" t="H1>-5.0", ctx="{'H1': None}"
check iteration duration=0.000540018081665
GetData ===>> H2,-0.238686505158303,H1,-0.0397884306563288,AX,-0.0735903191984401,L1,-0.0312384421653108,L2,-0....
check iteration duration=4.00543212891e-05
GetData ===>> H2,-0.223803611635519,H1,-0.0399792119521124,AX,-0.111048489560081,L1,-0.0278066922219894,L2,-0.0...
check iteration duration=6.19888305664e-05
GetData ===>> H2,-0.291004897142722,H1,-0.0356388474940904,AX,-0.0235463310584001,L1,-0.0312324540930231,L2,-0....
check iteration duration=4.00543212891e-05
GetData ===>> H2,-0.123111381138893,H1,-0.0879014905313945,AX,-0.150722000560004,L1,-0.0230278417182571,L2,-0.0...
check iteration duration=4.00543212891e-05
GetData ===>> H2,-0.158293154147928,H1,-0.146076981188181,AX,-0.0935613056448056,L1,-0.0225759622820796,L2,0.03...
testing H1>-5.0
evaluate ot="H1.bs>-5.0" t="H1>-5.0", ctx="{'H1': None}"
check iteration duration=0.000566959381104
09:45:17 -- collecting point 25
GetData ===>> H2,-0.25580106181366,H1,-0.0977096148911947,AX,-0.132958078464494,L1,0.00970619278240361,L2,0.030...
check iteration duration=4.00543212891e-05
GetData ===>> H2,-0.270556157332945,H1,0.00788251801455715,AX,0.0182269370823174,L1,0.000285645227146415,L2,-0....
check iteration duration=7.5101852417e-05
GetData ===>> H2,-0.322040224505989,H1,0.00721446697331554,AX,-0.135498090269186,L1,-0.0134052574194864,L2,0.02...
check iteration duration=7.70092010498e-05
GetData ===>> H2,-0.315028737184503,H1,-0.0553001473565072,AX,-0.0608498643280097,L1,-0.0582063366661417,L2,-0....
check iteration duration=7.29560852051e-05
GetData ===>> H2,-0.230791250473041,H1,-0.0037958034466488,AX,-0.0736598712436622,L1,-0.049006785963781,L2,0.02...
testing H1>-5.0
evaluate ot="H1.bs>-5.0" t="H1>-5.0", ctx="{'H1': None}"
check iteration duration=0.000588893890381
GetData ===>> H2,-0.242950754878284,H1,-0.00469040927428817,AX,-0.0446639510756403,L1,-0.0127699990048863,L2,0....
check iteration duration=6.69956207275e-05
GetData ===>> H2,-0.128431681538071,H1,-0.0840757038541139,AX,-0.0994023051403498,L1,0.0268474149673065,L2,-0.0...
check iteration duration=3.91006469727e-05
GetData ===>> H2,-0.178134566036923,H1,-0.0165461633768292,AX,0.0707137117552565,L1,-0.0257590626531711,L2,-0.1...
check iteration duration=4.00543212891e-05
GetData ===>> H2,-0.212395494003443,H1,-0.0172259779330773,AX,-0.0301337575393784,L1,-0.0500191203052821,L2,-0....
check iteration duration=4.00543212891e-05
GetData ===>> H2,-0.229589253518239,H1,-0.0345537269674122,AX,-0.0647799914740966,L1,-0.0397773961176806,L2,0.0...
testing H1>-5.0
evaluate ot="H1.bs>-5.0" t="H1>-5.0", ctx="{'H1': None}"
check iteration duration=0.00119400024414
GetData ===>> H2,-0.26405577221229,H1,-0.0332897255857166,AX,-0.0681998844609531,L1,-0.0119333144745145,L2,-0.0...
check iteration duration=6.103515625e-05
GetData ===>> H2,-0.280342678565238,H1,-0.0781400817283505,AX,-0.0963195991049808,L1,-0.0119740714930681,L2,0.0...
check iteration duration=4.10079956055e-05
GetData ===>> H2,-0.218946071173421,H1,-0.0644200574210661,AX,-0.126829452084689,L1,-0.017836597945256,L2,-0.00...
check iteration duration=6.69956207275e-05
GetData ===>> H2,-0.0774043854405469,H1,-0.079856442385595,AX,-0.107908212931943,L1,-0.0298107848085934,L2,-0.0...
check iteration duration=8.20159912109e-05
GetData ===>> H2,-0.171885576364596,H1,-0.0798445233158638,AX,-0.111141189912867,L1,-0.0423438952186431,L2,0.05...
testing H1>-5.0
evaluate ot="H1.bs>-5.0" t="H1>-5.0", ctx="{'H1': None}"
check iteration duration=0.000605821609497
GetData ===>> H2,-0.212839948462864,H1,-0.0238330578428812,AX,-0.066333449288533,L1,-0.0253696183894199,L2,0.02...
check iteration duration=6.69956207275e-05
GetData ===>> H2,-0.252804323658847,H1,-0.0840161110043035,AX,-0.0108689195356182,L1,-0.0462791979703525,L2,0.0...
check iteration duration=7.39097595215e-05
GetData ===>> H2,-0.217214579449898,H1,-0.0733245793795632,AX,-0.056861608440001,L1,-0.0403475197390583,L2,-0.0...
check iteration duration=3.79085540771e-05
GetData ===>> H2,-0.296651906390119,H1,0.0132270868474783,AX,-0.0232563812684209,L1,-0.0124655401919162,L2,0.00...
check iteration duration=4.10079956055e-05
GetData ===>> H2,-0.291639941017887,H1,-0.0126580124566676,AX,-0.128439846888322,L1,-0.018981779213976,L2,0.039...
testing H1>-5.0
evaluate ot="H1.bs>-5.0" t="H1>-5.0", ctx="{'H1': None}"
check iteration duration=0.000642061233521
GetData ===>> H2,-0.330561234234405,H1,-0.0431389742699516,AX,-0.0766621538045763,L1,-0.034735904560277,L2,-0.0...
check iteration duration=7.39097595215e-05
GetData ===>> H2,-0.31631874974385,H1,-0.028233560417079,AX,-0.0742278777521361,L1,-0.0214491718242934,L2,-0.05...
check iteration duration=7.31945037842e-05
GetData ===>> H2,-0.25532115322753,H1,-0.0527368857526465,AX,-0.168737167731663,L1,0.0153772520650432,L2,0.0394...
check iteration duration=4.00543212891e-05
GetData ===>> H2,-0.199818275432995,H1,0.0261602152526798,AX,-0.0462177300454488,L1,0.0405433845455996,L2,0.016...
check iteration duration=8.60691070557e-05
GetData ===>> H2,-0.220118214623646,H1,-0.0807980444065713,AX,-0.043353655499266,L1,-0.0301832887810583,L2,0.02...
testing H1>-5.0
evaluate ot="H1.bs>-5.0" t="H1>-5.0", ctx="{'H1': None}"
check iteration duration=0.000575065612793
09:45:43 -- collecting point 50
GetData ===>> H2,-0.150692893290072,H1,-0.0709405815631168,AX,-0.179852970910692,L1,-0.0478088448758592,L2,-0.0...
check iteration duration=4.19616699219e-05
GetData ===>> H2,-0.157319230441705,H1,-0.0293187494693868,AX,-0.167763460219192,L1,-0.0652371914434021,L2,-0.0...
check iteration duration=4.00543212891e-05
GetData ===>> H2,-0.222687074011084,H1,0.0177129273665201,AX,-0.0373585383379534,L1,-0.0253276773384812,L2,0.02...
check iteration duration=4.79221343994e-05
GetData ===>> H2,-0.155958839084351,H1,-0.0385841153329956,AX,-0.123967749495908,L1,-0.0429318342297627,L2,0.03...
check iteration duration=7.20024108887e-05
GetData ===>> H2,-0.0851212250607888,H1,0.0315654217011076,AX,-0.2130073763229,L1,-0.0324180228571615,L2,-0.049...
testing H1>-5.0
evaluate ot="H1.bs>-5.0" t="H1>-5.0", ctx="{'H1': None}"
check iteration duration=0.000538110733032
GetData ===>> H2,-0.13528021815616,H1,-0.0372963165773175,AX,-0.0889717028835874,L1,-0.00937248377895473,L2,-0....
check iteration duration=4.29153442383e-05
GetData ===>> H2,-0.161816680948837,H1,-0.0996282242289091,AX,0.0431880880498003,L1,-0.019680815330356,L2,-0.10...
check iteration duration=3.91006469727e-05
GetData ===>> H2,-0.105021558032752,H1,-0.0576368309600948,AX,-0.0902002541357935,L1,-0.0537002374479836,L2,0.0...
check iteration duration=8.01086425781e-05
GetData ===>> H2,-0.0684874651775668,H1,-0.0162241443439236,AX,-0.0100453526126363,L1,-0.0310839487594876,L2,0....
check iteration duration=7.31945037842e-05
GetData ===>> H2,-0.224094512853652,H1,-0.0282454856354029,AX,-0.0333345291682382,L1,-0.0404756733279234,L2,-0....
testing H1>-5.0
evaluate ot="H1.bs>-5.0" t="H1>-5.0", ctx="{'H1': None}"
check iteration duration=0.000787973403931
GetData ===>> H2,-0.186681416553903,H1,-0.0778659380632483,AX,-0.0267705145156788,L1,-0.0142573995992692,L2,-0....
check iteration duration=1.71661376953e-05
waiting for write to finish
measurement finished
estimated time: 62.915 actual time: :63.132
flush and close file /Users/jan/PychronDev/data/isotopes/ec/e48b1f-f99d-495a-86ae-bb849301e844.h5
activate_detectors ('H1', 'AX', 'CDD') {'peak_center': True}
peak_center () {'detector': 'H1', 'integration_time': 0.262144, 'isotope': 'Ar40'}
peak center: mean=13.7093805716 threshold=3
peak center started
setup peak center. detector=['H1', 'AX', 'CDD'], isotope=Ar40
VersionedUnpickler [<apptools.sweet_pickle.versioned_unpickler.VersionedUnpickler object at 0x1db691b30>] using Updater [<apptools.sweet_pickle.updater.Updater object at 0x12e273d10>]
VersionedUnpickler [<apptools.sweet_pickle.versioned_unpickler.VersionedUnpickler object at 0x1db691b30>] using Updater [<apptools.sweet_pickle.updater.Updater object at 0x12e273d10>]
VersionedUnpickler [<apptools.sweet_pickle.versioned_unpickler.VersionedUnpickler object at 0x1d0dfe470>] using Updater [<apptools.sweet_pickle.updater.Updater object at 0x12e273d10>]
setting integration time = 0.524288
SetIntegrationTime 0.524288 ===>> OK
Mapping mass to dac mass func: "parabolic"
H1 map mass coeffs = [-0.00063987  0.15840543  0.57246999]
H1 map mass to dac 39.9624 >> 5.88086
GetDeflection H1 ===>> 0
GetHighVoltage ===>> 4499.94659342336
do peak center. <pychron.spectrometer.jobs.peak_center.PeakCenter object at 0x16275af50>
doing pc
starting peak center. center dac= 5.88082536817 step_width=0.001
width = 0.001
get scan parameters. half-width=0.015,window=0.015, i=0, scalar=1
Scan parameters center=5.88083 width=0.03000 (5.86583 - 5.89583)
GetData ===>> H2,-0.177280200922216,H1,-0.000587084778324964,AX,-0.149029284408099,L1,-0.00120008544768399,L2,0...
Moving to starting dac 5.86582536817
setting magnet DAC
current  : 5.241485
requested: 5.865825
Delta Dac: 0.624340
Checking detector protection. dv=0.62434
Checking detector "CDD". Protection Threshold: 0.1 (V)
ProtectDetector CDD,On ===>> OK
GetDeflection CDD ===>> 2000
Protected = 2000
SetMagnetDAC 5.86582536817 ===>> OK
Magnet settling time: 0.500
GetMagnetMoving ===>> True
GetMagnetMoving ===>> True
GetMagnetMoving ===>> True
GetMagnetMoving ===>> True
GetMagnetMoving ===>> True
GetMagnetMoving ===>> True
GetMagnetMoving ===>> True
GetMagnetMoving ===>> True
GetMagnetMoving ===>> False
ProtectDetector CDD,Off ===>> OK
GetDeflection CDD ===>> 50
Wait until signal near baseline. tol= -0.000440313583744. timeout= 10
GetData ===>> H2,-0.192625454121391,H1,0.397430441303626,AX,0.114503995391041,L1,0.00741704749156554,L2,0.07732...
GetData ===>> H2,0.594486591736185,H1,0.451497483392482,AX,0.0165561262319285,L1,0.0618383019745716,L2,0.148188...
GetData ===>> H2,0.872913219889643,H1,0.568358030555749,AX,-0.140186812491875,L1,0.127778609737769,L2,0.0506162...
GetData ===>> H2,0.420132162613874,H1,0.205549776407099,AX,-0.0646988400111473,L1,0.122029271824272,L2,-0.03262...
GetData ===>> H2,0.02852288034006,H1,0.0055682173660589,AX,-0.068733145077585,L1,0.0719157764402283,L2,0.068914...
GetData ===>> H2,-0.163103460733405,H1,0.122310409369431,AX,0.00817929859155502,L1,0.0593150919344986,L2,-0.090...
GetData ===>> H2,-0.228800438659919,H1,0.0574500241441679,AX,-0.0960414554104824,L1,0.050511646120592,L2,-0.045...
GetData ===>> H2,-0.108337675781703,H1,-0.0113698800715099,AX,-0.0377064275703296,L1,0.0254087113333324,L2,0.07...
Peak center baseline intensity achieved
_do_sweep sm= 5.86582536817, em= 5.89582536817, stm= 0.001
calculated step values: start=5.86582536817, end=5.89582536817, width=0.001, nsteps=31.0
setting magnet DAC
current  : 5.865825
requested: 5.865825
Delta Dac: 0.000000
Checking detector protection. dv=0.00000
Checking detector "CDD". Protection Threshold: 0.1 (V)
SetMagnetDAC 5.86582536817 ===>> OK
GetData ===>> H2,-0.108337675781703,H1,-0.0113698800715099,AX,-0.0377064275703296,L1,0.0254087113333324,L2,0.07...
setting magnet DAC
current  : 5.865825
requested: 5.866860
Delta Dac: 0.001034
Checking detector protection. dv=0.00103
Checking detector "CDD". Protection Threshold: 0.1 (V)
SetMagnetDAC 5.86685985093 ===>> OK
Magnet settling time: 1.049
GetData ===>> H2,-0.2414783708589,H1,-0.0694624743925008,AX,-0.157955166987243,L1,0.00335981143822181,L2,-0.089...
setting magnet DAC
current  : 5.866860
requested: 5.867894
Delta Dac: 0.001034
Checking detector protection. dv=0.00103
Checking detector "CDD". Protection Threshold: 0.1 (V)
SetMagnetDAC 5.86789433368 ===>> OK
Magnet settling time: 1.049
GetData ===>> H2,-0.340436227694636,H1,0.0570442203313927,AX,-0.0723267817214752,L1,-0.0059930125250749,L2,0.09...
setting magnet DAC
current  : 5.867894
requested: 5.868929
Delta Dac: 0.001034
Checking detector protection. dv=0.00103
Checking detector "CDD". Protection Threshold: 0.1 (V)
SetMagnetDAC 5.86892881644 ===>> OK
Magnet settling time: 1.049
GetData ===>> H2,-0.21230256040802,H1,0.256553138135929,AX,-0.0670869833256089,L1,-0.0255800822861275,L2,-0.096...
setting magnet DAC
current  : 5.868929
requested: 5.869963
Delta Dac: 0.001034
Checking detector protection. dv=0.00103
Checking detector "CDD". Protection Threshold: 0.1 (V)
SetMagnetDAC 5.8699632992 ===>> OK
Magnet settling time: 1.049
GetData ===>> H2,-0.249158496770963,H1,1.10850528434832,AX,0.138943823517422,L1,-0.00592824223753963,L2,-0.1366...
setting magnet DAC
current  : 5.869963
requested: 5.870998
Delta Dac: 0.001034
Checking detector protection. dv=0.00103
Checking detector "CDD". Protection Threshold: 0.1 (V)
SetMagnetDAC 5.87099778196 ===>> OK
Magnet settling time: 1.049
GetData ===>> H2,-0.166246207710039,H1,3.44856036151431,AX,0.13824810794334,L1,-0.01793240974013,L2,0.057452196...
setting magnet DAC
current  : 5.870998
requested: 5.872032
Delta Dac: 0.001034
Checking detector protection. dv=0.00103
Checking detector "CDD". Protection Threshold: 0.1 (V)
SetMagnetDAC 5.87203226472 ===>> OK
Magnet settling time: 1.049
GetData ===>> H2,-0.206283146809635,H1,7.3809416890376,AX,0.511082696023852,L1,-0.0128898621523777,L2,0.4749205...
setting magnet DAC
current  : 5.872032
requested: 5.873067
Delta Dac: 0.001034
Checking detector protection. dv=0.00103
Checking detector "CDD". Protection Threshold: 0.1 (V)
SetMagnetDAC 5.87306674748 ===>> OK
Magnet settling time: 1.049
GetData ===>> H2,-0.17431777541868,H1,11.4029423293814,AX,1.04086896230819,L1,0.0373833449063829,L2,1.195657216...
setting magnet DAC
current  : 5.873067
requested: 5.874101
Delta Dac: 0.001034
Checking detector protection. dv=0.00103
Checking detector "CDD". Protection Threshold: 0.1 (V)
SetMagnetDAC 5.87410123024 ===>> OK
Magnet settling time: 1.049
GetData ===>> H2,-0.0569484002086349,H1,13.8031389988057,AX,1.42655238181639,L1,-0.0195975250681115,L2,2.613846...
setting magnet DAC
current  : 5.874101
requested: 5.875136
Delta Dac: 0.001034
Checking detector protection. dv=0.00103
Checking detector "CDD". Protection Threshold: 0.1 (V)
SetMagnetDAC 5.87513571299 ===>> OK
Magnet settling time: 1.049
GetData ===>> H2,-0.0945163412660908,H1,14.8628094700564,AX,1.59598924754329,L1,0.0229256891698982,L2,4.0582202...
setting magnet DAC
current  : 5.875136
requested: 5.876170
Delta Dac: 0.001034
Checking detector protection. dv=0.00103
Checking detector "CDD". Protection Threshold: 0.1 (V)
SetMagnetDAC 5.87617019575 ===>> OK
Magnet settling time: 1.049
GetData ===>> H2,-0.228824646919134,H1,15.3664391428283,AX,1.6914672572887,L1,0.0616266071295466,L2,4.685340573...
setting magnet DAC
current  : 5.876170
requested: 5.877205
Delta Dac: 0.001034
Checking detector protection. dv=0.00103
Checking detector "CDD". Protection Threshold: 0.1 (V)
SetMagnetDAC 5.87720467851 ===>> OK
Magnet settling time: 1.049
GetData ===>> H2,-0.125868513935873,H1,15.4094478650593,AX,1.8081769670547,L1,0.080629444758573,L2,5.0846809876...
setting magnet DAC
current  : 5.877205
requested: 5.878239
Delta Dac: 0.001034
Checking detector protection. dv=0.00103
Checking detector "CDD". Protection Threshold: 0.1 (V)
SetMagnetDAC 5.87823916127 ===>> OK
Magnet settling time: 1.049
GetData ===>> H2,-0.121184100604854,H1,15.5139103791596,AX,1.85323199075602,L1,0.0601833514257363,L2,5.00887554...
setting magnet DAC
current  : 5.878239
requested: 5.879274
Delta Dac: 0.001034
Checking detector protection. dv=0.00103
Checking detector "CDD". Protection Threshold: 0.1 (V)
SetMagnetDAC 5.87927364403 ===>> OK
Magnet settling time: 1.049
GetData ===>> H2,-0.123675302403683,H1,15.4491614840978,AX,1.92677904247309,L1,0.0355248188836421,L2,5.13806499...
setting magnet DAC
current  : 5.879274
requested: 5.880308
Delta Dac: 0.001034
Checking detector protection. dv=0.00103
Checking detector "CDD". Protection Threshold: 0.1 (V)
SetMagnetDAC 5.88030812679 ===>> OK
Magnet settling time: 1.049
GetData ===>> H2,-0.180728291766748,H1,15.4009782037315,AX,1.84634594599935,L1,0.0389560263130565,L2,5.05829199...
setting magnet DAC
current  : 5.880308
requested: 5.881343
Delta Dac: 0.001034
Checking detector protection. dv=0.00103
Checking detector "CDD". Protection Threshold: 0.1 (V)
SetMagnetDAC 5.88134260955 ===>> OK
Magnet settling time: 1.049
GetData ===>> H2,-0.177592257786723,H1,15.5679274890151,AX,1.76010047784388,L1,0.0231994159737556,L2,5.00957631...
setting magnet DAC
current  : 5.881343
requested: 5.882377
Delta Dac: 0.001034
Checking detector protection. dv=0.00103
Checking detector "CDD". Protection Threshold: 0.1 (V)
SetMagnetDAC 5.8823770923 ===>> OK
Magnet settling time: 1.049
GetData ===>> H2,-0.104268755191757,H1,15.5337974532168,AX,1.75673085670955,L1,0.0317727458781073,L2,5.30153066...
setting magnet DAC
current  : 5.882377
requested: 5.883412
Delta Dac: 0.001034
Checking detector protection. dv=0.00103
Checking detector "CDD". Protection Threshold: 0.1 (V)
SetMagnetDAC 5.88341157506 ===>> OK
Magnet settling time: 1.049
GetData ===>> H2,-0.243914295327025,H1,15.6560266997887,AX,1.69296385745916,L1,0.0507951984026326,L2,4.95888341...
setting magnet DAC
current  : 5.883412
requested: 5.884446
Delta Dac: 0.001034
Checking detector protection. dv=0.00103
Checking detector "CDD". Protection Threshold: 0.1 (V)
SetMagnetDAC 5.88444605782 ===>> OK
Magnet settling time: 1.049
GetData ===>> H2,-0.190753456993093,H1,15.4012091856686,AX,1.78474434630008,L1,0.0899303134131154,L2,5.00183753...
setting magnet DAC
current  : 5.884446
requested: 5.885481
Delta Dac: 0.001034
Checking detector protection. dv=0.00103
Checking detector "CDD". Protection Threshold: 0.1 (V)
SetMagnetDAC 5.88548054058 ===>> OK
Magnet settling time: 1.049
GetData ===>> H2,-0.174930127039036,H1,15.460510919659,AX,1.72273691044153,L1,0.0599356132682874,L2,4.828592038...
setting magnet DAC
current  : 5.885481
requested: 5.886515
Delta Dac: 0.001034
Checking detector protection. dv=0.00103
Checking detector "CDD". Protection Threshold: 0.1 (V)
SetMagnetDAC 5.88651502334 ===>> OK
Magnet settling time: 1.049
set states for children of Q. state=False
handle state [('Q', False)]
update switch state Q False args=() kw={'refresh': False} ncanvase=6
refresh_canvas_needed fired
GetData ===>> H2,-0.175270008363547,H1,15.220510248738,AX,1.59823197387526,L1,0.0439811114780673,L2,4.531823950...
setting magnet DAC
current  : 5.886515
requested: 5.887550
Delta Dac: 0.001034
Checking detector protection. dv=0.00103
Checking detector "CDD". Protection Threshold: 0.1 (V)
SetMagnetDAC 5.8875495061 ===>> OK
Magnet settling time: 1.049
GetData ===>> H2,-0.195669969585424,H1,14.212938659286,AX,1.47348083307961,L1,0.0410966135177781,L2,3.585538371...
setting magnet DAC
current  : 5.887550
requested: 5.888584
Delta Dac: 0.001034
Checking detector protection. dv=0.00103
Checking detector "CDD". Protection Threshold: 0.1 (V)
SetMagnetDAC 5.88858398886 ===>> OK
Magnet settling time: 1.049
GetData ===>> H2,-0.266950164533157,H1,11.9417088524055,AX,1.08627834112248,L1,0.0591034499660269,L2,2.42216327...
setting magnet DAC
current  : 5.888584
requested: 5.889618
Delta Dac: 0.001034
Checking detector protection. dv=0.00103
Checking detector "CDD". Protection Threshold: 0.1 (V)
SetMagnetDAC 5.88961847162 ===>> OK
Magnet settling time: 1.049
set states for children of D. state=False
set states for children of I. state=True
handle state [('D', False), ('I', True)]
update switch state D False args=() kw={'refresh': True} ncanvase=6
update switch state I True args=() kw={'refresh': False} ncanvase=6
refresh_canvas_needed fired
GetData ===>> H2,-0.255231084075511,H1,8.10948238949447,AX,0.693696119656946,L1,0.010421422047284,L2,1.26364017...
setting magnet DAC
current  : 5.889618
requested: 5.890653
Delta Dac: 0.001034
Checking detector protection. dv=0.00103
Checking detector "CDD". Protection Threshold: 0.1 (V)
SetMagnetDAC 5.89065295437 ===>> OK
Magnet settling time: 1.049
State checksums do not match. Local:-869564398 Remote:611344307
State checksum failed
set states for children of B. state=False
GetData ===>> H2,-0.361866051517438,H1,4.27050777080746,AX,0.342793575159395,L1,-0.0275024626262386,L2,0.500234...
handle state [('B', False)]
setting magnet DAC
update switch state B False args=() kw={'refresh': False} ncanvase=6
current  : 5.890653
requested: 5.891687
Delta Dac: 0.001034
Checking detector protection. dv=0.00103
Checking detector "CDD". Protection Threshold: 0.1 (V)
refresh_canvas_needed fired
SetMagnetDAC 5.89168743713 ===>> OK
Magnet settling time: 1.049
GetData ===>> H2,-0.246952408189916,H1,1.83627790090026,AX,0.105833272199243,L1,0.017630298371578,L2,0.20655133...
setting magnet DAC
current  : 5.891687
requested: 5.892722
Delta Dac: 0.001034
Checking detector protection. dv=0.00103
Checking detector "CDD". Protection Threshold: 0.1 (V)
SetMagnetDAC 5.89272191989 ===>> OK
Magnet settling time: 1.049
set states for children of W. state=True
handle state [('W', True)]
update switch state W True args=() kw={'refresh': False} ncanvase=6
refresh_canvas_needed fired
GetData ===>> H2,-0.269377912442468,H1,0.247696691386445,AX,-0.0447103328966343,L1,0.0113974970821004,L2,0.0033...
setting magnet DAC
current  : 5.892722
requested: 5.893756
Delta Dac: 0.001034
Checking detector protection. dv=0.00103
Checking detector "CDD". Protection Threshold: 0.1 (V)
SetMagnetDAC 5.89375640265 ===>> OK
Magnet settling time: 1.049
GetData ===>> H2,-0.198445564962378,H1,0.0461358753467646,AX,-0.118892944372615,L1,-0.0221198294880997,L2,-0.01...
setting magnet DAC
current  : 5.893756
requested: 5.894791
Delta Dac: 0.001034
Checking detector protection. dv=0.00103
Checking detector "CDD". Protection Threshold: 0.1 (V)
SetMagnetDAC 5.89479088541 ===>> OK
Magnet settling time: 1.049
GetData ===>> H2,-0.0712743298537071,H1,-0.0386318112649551,AX,-0.0822028027073111,L1,-0.0543987437109764,L2,0....
setting magnet DAC
current  : 5.894791
requested: 5.895825
Delta Dac: 0.001034
Checking detector protection. dv=0.00103
Checking detector "CDD". Protection Threshold: 0.1 (V)
SetMagnetDAC 5.89582536817 ===>> OK
Magnet settling time: 1.049
GetData ===>> H2,-0.146964961503053,H1,0.0141576436224035,AX,-0.136781033578694,L1,-0.00362262837878721,L2,0.13...
result of _do_sweep=True
result of _calculate_peak_center=([5.8731299773853536, 5.8809155485276383, 5.888701119669923], [11.54964773703162, 15.652352473939878, 11.50779944327854], 5.883380478387358, 15.652352473939878)
Failed to find a valid peak. No peak greater than 1.0. max = 0.0445255026395
new center pos Detector(H1) (Ar40) @ 5.88091554853
GetHighVoltage ===>> 4499.94659342336
GetDeflection H1 ===>> 0
dac uncorrected for HV and deflection 5.88095018089
update mftable H1 Ar40 5.88095018089 message=automated run peakcenter
get initial guess parabolic
get initial guess parabolic
get initial guess parabolic
get initial guess parabolic
get initial guess parabolic
get initial guess parabolic
dump mftable to /Users/jan/PychronDev/setupfiles/spectrometer/mftables/mftable.csv
add to repo msg=modified - automated run peakcenter
sweep finished
locally archiving mftable
setting magnet DAC
current  : 5.895825
requested: 5.880916
Delta Dac: 0.014910
Checking detector protection. dv=0.01491
Checking detector "CDD". Protection Threshold: 0.1 (V)
SetMagnetDAC 5.88091554853 ===>> OK
Magnet settling time: 0.500
setting integration time = 1.048576
SetIntegrationTime 1.048576 ===>> OK
Failed to find a valid peak. No peak greater than 1.0. max = 0.0445255026395
flush and close file /Users/jan/PychronDev/data/isotopes/ec/e48b1f-f99d-495a-86ae-bb849301e844.h5
finished measure script
executed snippet estimated_duration=226.132928, duration=265.268095016
jan_unknown120_60.py completed successfully
Measurement Finished
09:46:35 -- ******* Measurement Finished *******
Post Measurement Started jan_pump_ms.py
09:46:35 -- ******* Post Measurement Started jan_pump_ms.py *******
testing...
no interpolation path defined
executed snippet estimated_duration=0, duration=4.50611114502e-05
Pumping spectrometer
open () {'name': 'O'}
opening name=O desc=---
checking ownership. requestor=129.138.12.150
check software interlocks O
interlocks []
actuate state mode=None-script, software_lock=False
doing actuation None-script open_channel True
Open O ===>> OK
GetIndicatorState O ===>> OK
change switch state (True, True)
update switch state O True args=() kw={} ncanvase=6
09:46:35 -- OPEN   VALVE-O (Jan Ion Pump)
---------------------------------------- open O () result=[(True, True)], time=0.10 sec
action=open, ok=True, locked=[False]
executed snippet estimated_duration=0, duration=0.349943876266
jan_pump_ms.py completed successfully
setting _ms_pumptime
Post Measurement Finished
09:46:35 -- ******* Post Measurement Finished *******
$$$$$$$$$$$$$$$$$$$$ state at run end measurement
state changed from measurement to success
post measurement save measured=True aborted=False
Set filtering
setting fod for Ar40= {'filter_outliers': True, 'std_devs': 2, 'iterations': 1}
setting fod for H1= {'filter_outliers': True, 'std_devs': 2, 'iterations': 1}
setting fod for PM41= {'filter_outliers': False, 'std_devs': 2, 'iterations': 1}
setting fod for H2= {'filter_outliers': True, 'std_devs': 2, 'iterations': 1}
setting fod for Ar36= {'filter_outliers': True, 'std_devs': 2, 'iterations': 1}
setting fod for CDD= {'filter_outliers': True, 'std_devs': 10, 'iterations': 1}
setting fod for Ar37= {'filter_outliers': True, 'std_devs': 2, 'iterations': 1}
setting fod for L2= {'filter_outliers': True, 'std_devs': 2, 'iterations': 1}
setting fod for Ar38= {'filter_outliers': True, 'std_devs': 2, 'iterations': 1}
setting fod for L1= {'filter_outliers': True, 'std_devs': 2, 'iterations': 1}
setting fod for Ar39= {'filter_outliers': True, 'std_devs': 2, 'iterations': 1}
setting fod for AX= {'filter_outliers': True, 'std_devs': 2, 'iterations': 1}
persistence save...
persistence save - db
post measurement save
8001918064 connecting to database sqlite:////Users/jan/PychronDev/.appdata/local_lab.db
connected to db sqlite:////Users/jan/PychronDev/.appdata/local_lab.db
create new session 8001918064
close session 8001918064
No database instance. Not saving post measurement to isotopedb database
$$$$$$$$$$$$$$$ auto_save_detector_ic=False
massspec enabled True
create new session 4997822608
MassSpec Database Version: 16.0
close session 4997822608
saving post measurement to secondary database
saving to massspec database 129.138.12.160/massspecdata
setting labnumber to 65448
setting aliquot to 4
setting step to A
setting uuid to ece48b1f-f99d-495a-86ae-bb849301e844
setting irradpos to 65448
setting extract_device to Fusions CO2
setting tray to 
setting position to 166
setting power_requested to 0.3
setting extract_value to 0.3
setting duration to 30.0
setting duration_at_request to 30.0
setting first_stage_delay to 30.0
setting cleanup to 30.0
setting comment to J:2 Plag, 10 crystals
setting irradiation to NM-288
setting level to J
setting irradiation_level to J
setting sample to MB.46.1
setting material to Plagioclase
setting project to IR973
setting mass_spectrometer to Jan
no attribute chron_dosages
no attribute production_ratios
no attribute interference_corrections
no attribute production_name
no attribute j
Reference Isotope=Ar40
Reference Detector=H1
%%%%%%%%%%%%%%%%%%%% Comment: J:2 Plag, 10 crystals %%%%%%%%%%%%%%%%%%%
adding isotope PM41 H2
add baseline dbdet= PM41. original det= H2
get baseline data PM41 H2
Get data baseline <pychron.processing.isotope.Baseline object at 0x1db1ea650> len t=60
baseline PM41. v=-0.203192325704, e=0.00906313010191
get signal data PM41 H2
Get data signal PM41 0.10+/-0.08 len t=120
adding isotope Ar40 H1
add baseline dbdet= Ar40. original det= H1
get baseline data Ar40 H1
Get data baseline <pychron.processing.isotope.Baseline object at 0x1db1ea5d0> len t=60
baseline Ar40. v=-0.0412198497334, e=0.0044331111415
get signal data Ar40 H1
Get data signal Ar40 9.760+/-0.022 len t=120
adding isotope Ar39 AX
add baseline dbdet= Ar39. original det= AX
get baseline data Ar39 AX
Get data baseline <pychron.processing.isotope.Baseline object at 0x1db1eaad0> len t=60
baseline Ar39. v=-0.0761606137836, e=0.00636156745766
get signal data Ar39 AX
Get data signal Ar39 1.443+/-0.012 len t=120
adding isotope Ar38 L1
add baseline dbdet= Ar38. original det= L1
get baseline data Ar38 L1
Get data baseline <pychron.processing.isotope.Baseline object at 0x1db1eac90> len t=60
baseline Ar38. v=-0.0305146429715, e=0.00210967428988
get signal data Ar38 L1
Get data signal Ar38 0.089+/-0.005 len t=120
adding isotope Ar37 L2
add baseline dbdet= Ar37. original det= L2
get baseline data Ar37 L2
Get data baseline <pychron.processing.isotope.Baseline object at 0x1db1eae50> len t=60
baseline Ar37. v=-0.012979160946, e=0.0055288614958
get signal data Ar37 L2
Get data signal Ar37 5.618+/-0.011 len t=120
adding isotope Ar36 CDD
add baseline dbdet= Ar36. original det= CDD
get baseline data Ar36 CDD
Get data baseline <pychron.processing.isotope.Baseline object at 0x1d9d90050> len t=60
baseline Ar36. v=4.71407136418e-05, e=1.03110677115e-05
get signal data Ar36 CDD
Get data signal Ar36 0.0339+/-0.0004 len t=120
65448-04A added analysis time 0.489071846008s
analysis added to mass spec database
mass spec save time= 0.509
persistence save - dvc
================= post measurement started
create new session 4992585168
close session 4992585168
---------------- Experiment Queue saving disabled
DVC saving peakcenter
Failed to find a valid peak. No peak greater than 1.0. max = 0.0445255026395
Smart pull ahead: 0 behind: 0
Up-to-date with origin
add to repo msg=modified - ad8224ebc6dbfeb9f5997218dfa5fe690569839d.json
add to repo msg=modified - 48-04A.json
add to repo msg=modified - 48-04A.dat.json
add to repo msg=modified - 48-04A.blan.json
add to repo msg=modified - 48-04A.inte.json
add to repo msg=modified - 48-04A.icfa.json
add to repo msg=modified - 48-04A.base.json
not at valid file /Users/jan/PychronDev/data/.dvc/repositories/Load1794/654/tags/48-04A.tags.json
add to repo msg=modified - 48-04A.peak.json
add to repo msg=modified - 48-04A.extr.json
not at valid file /Users/jan/PychronDev/data/.dvc/repositories/Load1794/654/monitor/48-04A.moni.json
commit message=<COLLECTION>
add to repo msg=modified - 48-04A.inte.json
add to repo msg=modified - 48-04A.base.json
commit message=<ISOEVO> default collection fits
add to repo msg=modified - 48-04A.blan.json
commit message=<BLANKS> preceding bu-FC-J-7809
add to repo msg=modified - 48-04A.icfa.json
commit message=<ICFactor> default
push repository <pychron.git_archive.repo_manager.GitRepoManager object at 0x1c7973e30>
pushing to remote=origin, url=https://github.com
set states for children of W. state=False
set states for children of X. state=True
handle state [('W', False), ('X', True)]
update switch state W False args=() kw={'refresh': True} ncanvase=6
update switch state X True args=() kw={'refresh': False} ncanvase=6
refresh_canvas_needed fired
no changes to meta repo
create new session 4992585168
add association Load1794
get identifier "65448"
setting analysis irradiation position=<pychron.dvc.dvc_orm.IrradiationPositionTbl object at 0x1dce8fd50>
close session 4992585168
================= post measurement finished
09:46:47 -- ******* Post Run Check *******
loading queue conditionals post_run_actions
loading system conditionals post_run_actions
loading conditionals from /Users/jan/PychronDev/setupfiles/spectrometer/default_conditionals.yaml
loading queue conditionals post_run_terminations
loading system conditionals post_run_terminations
loading conditionals from /Users/jan/PychronDev/setupfiles/spectrometer/default_conditionals.yaml
Checking default post run terminations n=1
GetDeflection CDD ===>> 50
testing CDD==2000
evaluate ot="CDD.deflection==2000" t="CDD==2000", ctx="{'CDD': 50.0}"
09:46:47 -- ******* Post Run Check Passed *******
09:46:47 -- Automated run 65448-04A success duration: 355.770 s
----------------- finish -----------------
----------------- stop -----------------
retroactive repository identifiers disabled
finish run. runs completed=123
update duration runid=65448-04A, duration=355.770442009, md5=301e91d8
loading script "jan_unknown120_60.py"
loading script "jan_pump_ms.py"
loading script "jan_co2.py"
loading script "jan_pump_extraction_line.py"
testing...
no interpolation path defined
executed snippet estimated_duration=213.652928, duration=0.000312089920044
script duration name:unknown120_60 seconds:214.0
loading script "jan_unknown120_60.py"
loading script "jan_pump_ms.py"
loading script "jan_co2.py"
loading script "jan_pump_extraction_line.py"
testing...
no interpolation path defined
executed snippet estimated_duration=0, duration=2.59876251221e-05
loading script "jan_unknown120_60.py"
loading script "jan_pump_ms.py"
loading script "jan_co2.py"
loading script "jan_pump_extraction_line.py"
testing...
no interpolation path defined
calculate duration
testing...
no interpolation path defined
executed snippet estimated_duration=0, duration=6.29425048828e-05
calculate duration
testing...
no interpolation path defined
executed snippet estimated_duration=0, duration=9.79900360107e-05
executed snippet estimated_duration=0.0, duration=0.00437998771667
script duration name:co2 seconds:0.0
loading script "jan_unknown120_60.py"
loading script "jan_pump_ms.py"
loading script "jan_co2.py"
loading script "jan_pump_extraction_line.py"
testing...
no interpolation path defined
calculate duration
testing...
no interpolation path defined
executed snippet estimated_duration=4.0, duration=0.000147819519043
executed snippet estimated_duration=4.0, duration=0.0017409324646
Script duration 214.0
Run total estimated duration= 215.000
unknown120_60 in script context. using previous estimated duration
script duration name:unknown120_60 seconds:214.0
pump_ms in script context. using previous estimated duration
co2 in script context. using previous estimated duration
script duration name:co2 seconds:0.0
pump_extraction_line in script context. using previous estimated duration
Script duration 214.0
Run total estimated duration= 215.000
script duration name:unknown120_60 seconds:214.0
script duration name:co2 seconds:0.0
Script duration 214.0
Run total estimated duration= 215.000
script duration name:unknown120_60 seconds:214.0
script duration name:co2 seconds:0.0
Script duration 214.0
Run total estimated duration= 215.000
script duration name:unknown120_60 seconds:214.0
script duration name:co2 seconds:0.0
Script duration 214.0
Run total estimated duration= 215.000
script duration name:unknown120_60 seconds:214.0
script duration name:co2 seconds:0.0
Script duration 214.0
Run total estimated duration= 215.000
script duration name:unknown120_60 seconds:214.0
script duration name:co2 seconds:0.0
Script duration 214.0
Run total estimated duration= 215.000
script duration name:unknown120_60 seconds:214.0
script duration name:co2 seconds:0.0
Script duration 214.0
Run total estimated duration= 215.000
script duration name:unknown120_60 seconds:214.0
script duration name:co2 seconds:0.0
Script duration 214.0
Run total estimated duration= 215.000
script duration name:unknown120_60 seconds:214.0
script duration name:co2 seconds:0.0
Script duration 214.0
Run total estimated duration= 215.000
script duration name:unknown120_60 seconds:214.0
script duration name:co2 seconds:0.0
Script duration 214.0
Run total estimated duration= 215.000
loading script "jan_unknown400_120.py"
loading script "jan_pump_ms.py"
loading script "jan_co2.py"
loading script "jan_pump_extraction_line.py"
testing...
no interpolation path defined
executed snippet estimated_duration=556.052928, duration=0.000172138214111
script duration name:unknown400_120 seconds:556.0
script duration name:co2 seconds:0.0
Script duration 556.0
Run total estimated duration= 557.000
script duration name:unknown120_60 seconds:214.0
script duration name:co2 seconds:0.0
Script duration 214.0
Run total estimated duration= 215.000
script duration name:unknown120_60 seconds:214.0
script duration name:co2 seconds:0.0
Script duration 214.0
Run total estimated duration= 215.000
script duration name:unknown120_60 seconds:214.0
script duration name:co2 seconds:0.0
Script duration 214.0
Run total estimated duration= 215.000
unknown400_120 in script context. using previous estimated duration
script duration name:unknown400_120 seconds:556.0
loading script "jan_unknown400_120.py"
loading script "jan_pump_ms.py"
loading script "jan_cocktail_x1.py"
loading script "jan_pump_extraction_line.py"
testing...
no interpolation path defined
calculate duration
testing...
no interpolation path defined
executed snippet estimated_duration=0, duration=4.91142272949e-05
calculate duration
testing...
no interpolation path defined
executed snippet estimated_duration=0, duration=9.89437103271e-05
calculate duration
testing...
no interpolation path defined
executed snippet estimated_duration=32.0, duration=0.000104904174805
calculate duration
testing...
no interpolation path defined
executed snippet estimated_duration=34.0, duration=0.00010085105896
calculate duration
testing...
no interpolation path defined
executed snippet estimated_duration=4.0, duration=6.29425048828e-05
calculate duration
testing...
no interpolation path defined
executed snippet estimated_duration=38.0, duration=9.60826873779e-05
executed snippet estimated_duration=108.0, duration=0.00815105438232
script duration name:cocktail_x1 seconds:108.0
Script duration 664.0
Run total estimated duration= 665.000
script duration name:unknown400_120 seconds:556.0
cocktail_x1 in script context. using previous estimated duration
script duration name:cocktail_x1 seconds:108.0
Script duration 664.0
Run total estimated duration= 665.000
loading script "jan_ic_peak_hop3.py"
loading script "jan_pump_ms.py"
loading script "jan_air_x1.py"
loading script "jan_pump_extraction_line.py"
testing...
no interpolation path defined
executed snippet estimated_duration=133.8, duration=0.00845909118652
script duration name:ic_peak_hop3 seconds:134.0
loading script "jan_ic_peak_hop3.py"
loading script "jan_pump_ms.py"
loading script "jan_air_x1.py"
loading script "jan_pump_extraction_line.py"
testing...
no interpolation path defined
calculate duration
testing...
no interpolation path defined
executed snippet estimated_duration=0, duration=4.72068786621e-05
calculate duration
testing...
no interpolation path defined
executed snippet estimated_duration=0, duration=0.000101089477539
calculate duration
testing...
no interpolation path defined
executed snippet estimated_duration=32.0, duration=9.29832458496e-05
calculate duration
testing...
no interpolation path defined
executed snippet estimated_duration=34.0, duration=9.70363616943e-05
calculate duration
testing...
no interpolation path defined
executed snippet estimated_duration=4.0, duration=7.00950622559e-05
calculate duration
testing...
no interpolation path defined
executed snippet estimated_duration=36.0, duration=8.9168548584e-05
executed snippet estimated_duration=106.0, duration=0.0099618434906
script duration name:air_x1 seconds:106.0
Script duration 240.0
Run total estimated duration= 241.000
script duration name:unknown120_60 seconds:214.0
script duration name:co2 seconds:0.0
Script duration 214.0
Run total estimated duration= 215.000
script duration name:unknown120_60 seconds:214.0
script duration name:co2 seconds:0.0
Script duration 214.0
Run total estimated duration= 215.000
script duration name:unknown120_60 seconds:214.0
script duration name:co2 seconds:0.0
Script duration 214.0
Run total estimated duration= 215.000
script duration name:unknown400_120 seconds:556.0
loading script "jan_unknown400_120.py"
loading script "jan_pump_ms.py"
loading script "jan_sniffair_x2.py"
loading script "jan_pump_extraction_line.py"
testing...
no interpolation path defined
calculate duration
testing...
no interpolation path defined
executed snippet estimated_duration=0, duration=7.29560852051e-05
calculate duration
testing...
no interpolation path defined
executed snippet estimated_duration=0, duration=0.000101089477539
calculate duration
testing...
no interpolation path defined
executed snippet estimated_duration=32.0, duration=0.000141143798828
calculate duration
testing...
no interpolation path defined
executed snippet estimated_duration=34.0, duration=0.0001060962677
calculate duration
testing...
no interpolation path defined
executed snippet estimated_duration=4.0, duration=8.89301300049e-05
calculate duration
testing...
no interpolation path defined
executed snippet estimated_duration=36.0, duration=0.0001060962677
calculate duration
testing...
no interpolation path defined
executed snippet estimated_duration=34.0, duration=0.000131130218506
calculate duration
testing...
no interpolation path defined
executed snippet estimated_duration=4.0, duration=8.17775726318e-05
calculate duration
testing...
no interpolation path defined
executed snippet estimated_duration=36.0, duration=9.89437103271e-05
calculate duration
testing...
no interpolation path defined
executed snippet estimated_duration=70.0, duration=0.000118017196655
executed snippet estimated_duration=250.0, duration=0.0317478179932
script duration name:sniffair_x2 seconds:250.0
Script duration 806.0
Run total estimated duration= 807.000
script duration name:unknown400_120 seconds:556.0
sniffair_x2 in script context. using previous estimated duration
script duration name:sniffair_x2 seconds:250.0
Script duration 806.0
Run total estimated duration= 807.000
nruns=23 before=0.0, run_dur=7397.0, btw=0.0
write rem/ex queues
/Users/jan/PychronDev/experiments/rem/CurrentExperiment.rem.txt
/Users/jan/PychronDev/experiments/rem/CurrentExperiment.ex.txt
doing event level: 3
