do run
loading script "jan_unknown120_60.py"
loading script "jan_pump_ms.py"
loading script "jan_co2.py"
loading script "jan_pump_extraction_line.py"
testing...
no interpolation path defined
executed snippet estimated_duration=213.652928, duration=0.000364065170288
script duration name:unknown120_60 seconds:214.0
loading script "jan_unknown120_60.py"
loading script "jan_pump_ms.py"
loading script "jan_co2.py"
loading script "jan_pump_extraction_line.py"
testing...
no interpolation path defined
executed snippet estimated_duration=0, duration=2.50339508057e-05
loading script "jan_unknown120_60.py"
loading script "jan_pump_ms.py"
loading script "jan_co2.py"
loading script "jan_pump_extraction_line.py"
testing...
no interpolation path defined
calculate duration
testing...
no interpolation path defined
executed snippet estimated_duration=0, duration=7.20024108887e-05
calculate duration
testing...
no interpolation path defined
executed snippet estimated_duration=0, duration=0.000125885009766
executed snippet estimated_duration=0.0, duration=0.00307607650757
script duration name:co2 seconds:0.0
loading script "jan_unknown120_60.py"
loading script "jan_pump_ms.py"
loading script "jan_co2.py"
loading script "jan_pump_extraction_line.py"
testing...
no interpolation path defined
calculate duration
testing...
no interpolation path defined
executed snippet estimated_duration=4.0, duration=0.000198125839233
executed snippet estimated_duration=4.0, duration=0.00180387496948
Script duration 214.0
Run total estimated duration= 215.000
run duration: 0:03:35
doing event level: 2
10:53:15 -- Setting default integration. t=1.048576
setting integration time = 1.048576
SetIntegrationTime 1.048576 ===>> OK
----------------- start -----------------
**************** Experiment Type: Ar/Ar, Ar/Ar
create new session 4419438256
close session 4419438256
$$$$$ Clearing conditionals
adding conditionals 
Add queue conditionals
add default conditionals
adding default conditionals from /Users/jan/PychronDev/setupfiles/spectrometer/default_conditionals.yaml
Start automated run 65448-07C
loading script "jan_unknown120_60.py"
loading script "jan_pump_ms.py"
loading script "jan_co2.py"
loading script "jan_pump_extraction_line.py"
%%%%%%%%%%%%%%%%%% setting automated run 65448-07C
No value "sensitivity_multiplier" in metadata
$$$$$$$$$$$$$$$ auto_save_detector_ic=False
============================= Pre Extraction Check =============================
loading queue conditionals pre_run_terminations
loading system conditionals pre_run_terminations
loading conditionals from /Users/jan/PychronDev/setupfiles/spectrometer/default_conditionals.yaml
10:53:15 -- ******* Pre Extraction Check *******
Get a measurement from the spectrometer
GetData ===>> H2,-0.213002910720587,H1,-0.043401289675704,AX,-0.0554007528823099,L1,0.012878663494626,L2,0.0179...
Pre Extraction Termination data. keys=H2,H1,AX,L1,L2,CDD, signals=-0.21300,-0.04340,-0.05540,0.01288,0.01796,0.00283
10:53:15 -- testing system defined conditionals
Checking default pre extraction terminations n=2
testing CDD
evaluate ot="CDD.inactive" t="CDD", ctx="{'CDD': False}"
GetDeflection CDD ===>> 50
testing CDD==2000
evaluate ot="CDD.deflection==2000" t="CDD==2000", ctx="{'CDD': 50.0}"
10:53:15 -- ******* Pre Extraction Check Passed *******
=================================================================================
10:53:15 -- stopping status monitor
stop 5288834736
Alive clients [5025639504, 4992986192]
10:53:15 -- starting status monitor
start 5288834736
Monitor already running
start extraction
do extraction
Analysis started at 10:53:15.642897
Extraction Started jan_co2.py
10:53:15 -- ******* Extraction Started jan_co2.py *******
state changed from not run to extraction
DO EXTRACTION <pychron.extraction_line.pyscript_runner.RemotePyScriptRunner object at 0x12bfe48f0>
testing...
no interpolation path defined
calculate duration
testing...
no interpolation path defined
executed snippet estimated_duration=0, duration=4.79221343994e-05
calculate duration
testing...
no interpolation path defined
executed snippet estimated_duration=0, duration=9.70363616943e-05
executed snippet estimated_duration=100.0, duration=0.00282406806946
Jan CO2 laser analysis
doing GOSUB
testing...
no interpolation path defined
executed snippet estimated_duration=0, duration=4.60147857666e-05
Waiting for CO2 access
wait ('FelixCO2Flag', 0) {}
waiting for FelixCO2Flag = 0
Read FelixCO2Flag ===>> 0
finished waiting
CO2 free
wait ('CO2PumpTimeFlag', 0) {}
waiting for CO2PumpTimeFlag = 0
Read CO2PumpTimeFlag ===>> 0
finished waiting
acquire ('JanCO2Flag',) {'clear': True}
acquire JanCO2Flag
Set JanCO2Flag 1 ===>> OK
JanCO2Flag acquired
set extraction state False (0.75, 'red', 1.5)
CO2 acquired
executed snippet estimated_duration=0, duration=0.0170910358429
WaitForCO2Access.py completed successfully
gosub finished
doing GOSUB
testing...
no interpolation path defined
executed snippet estimated_duration=0, duration=9.89437103271e-05
Prepare for CO2 analysis
close () {'description': 'Jan Inlet'}
closing name=--- desc=Jan Inlet
checking ownership. requestor=129.138.12.150
check software interlocks R
interlocks []
actuate state mode=None-script, software_lock=False
doing actuation None-script close_channel False
Close R ===>> OK
GetIndicatorState R ===>> False
change switch state (True, True)
update switch state R False args=() kw={} ncanvase=6
10:53:16 -- CLOSE  VALVE-R (Jan Inlet)
---------------------------------------- close None (Jan Inlet) result=[(True, True)]
action=close, ok=True, locked=[False]
open () {'description': 'Jan Ion Pump'}
opening name=--- desc=Jan Ion Pump
checking ownership. requestor=129.138.12.150
check software interlocks O
interlocks []
actuate state mode=None-script, software_lock=False
doing actuation None-script open_channel False
Open O ===>> OK
GetIndicatorState O ===>> OK
change switch state (True, True)
update switch state O True args=() kw={} ncanvase=6
10:53:16 -- OPEN   VALVE-O (Jan Ion Pump)
---------------------------------------- open None (Jan Ion Pump) result=[(True, True)], time=0.11 sec
action=open, ok=True, locked=[False]
close () {'description': 'Microbone to Minibone'}
closing name=--- desc=Microbone to Minibone
checking ownership. requestor=129.138.12.150
check software interlocks L
interlocks []
actuate state mode=None-script, software_lock=False
doing actuation None-script close_channel False
Close L ===>> OK
GetIndicatorState L ===>> False
change switch state (True, True)
update switch state L False args=() kw={} ncanvase=6
10:53:17 -- CLOSE  VALVE-L (Microbone to Minibone)
---------------------------------------- close None (Microbone to Minibone) result=[(True, True)]
action=close, ok=True, locked=[False]
open () {'description': 'Microbone to Turbo'}
opening name=--- desc=Microbone to Turbo
checking ownership. requestor=129.138.12.150
check software interlocks U
interlocks []
actuate state mode=None-script, software_lock=False
doing actuation None-script open_channel False
Open U ===>> OK
GetIndicatorState U ===>> OK
change switch state (True, True)
update switch state U True args=() kw={} ncanvase=6
10:53:17 -- OPEN   VALVE-U (Microbone to Turbo)
---------------------------------------- open None (Microbone to Turbo) result=[(True, True)], time=0.13 sec
action=open, ok=True, locked=[False]
open () {'description': 'Microbone to Inlet Pipette'}
opening name=--- desc=Microbone to Inlet Pipette
checking ownership. requestor=129.138.12.150
check software interlocks S
interlocks []
actuate state mode=None-script, software_lock=False
doing actuation None-script open_channel False
Open S ===>> OK
GetIndicatorState S ===>> OK
change switch state (True, True)
update switch state S True args=() kw={} ncanvase=6
10:53:18 -- OPEN   VALVE-S (Microbone to Inlet Pipette)
---------------------------------------- open None (Microbone to Inlet Pipette) result=[(True, True)], time=0.43 sec
action=open, ok=True, locked=[False]
open () {'description': 'Microbone to Getter D-50'}
opening name=--- desc=Microbone to Getter D-50
checking ownership. requestor=129.138.12.150
check software interlocks K
interlocks []
actuate state mode=None-script, software_lock=False
doing actuation None-script open_channel False
Open K ===>> OK
GetIndicatorState K ===>> OK
change switch state (True, True)
update switch state K True args=() kw={} ncanvase=6
10:53:18 -- OPEN   VALVE-K (Microbone to Getter D-50)
---------------------------------------- open None (Microbone to Getter D-50) result=[(True, True)], time=0.43 sec
action=open, ok=True, locked=[False]
open () {'description': 'Microbone to Getter NP-10'}
opening name=--- desc=Microbone to Getter NP-10
checking ownership. requestor=129.138.12.150
check software interlocks M
interlocks []
actuate state mode=None-script, software_lock=False
doing actuation None-script open_channel False
Open M ===>> OK
GetIndicatorState M ===>> OK
change switch state (True, True)
update switch state M True args=() kw={} ncanvase=6
10:53:19 -- OPEN   VALVE-M (Microbone to Getter NP-10)
---------------------------------------- open None (Microbone to Getter NP-10) result=[(True, True)], time=0.17 sec
action=open, ok=True, locked=[False]
close () {'description': 'CO2 Laser to Felix'}
closing name=--- desc=CO2 Laser to Felix
checking ownership. requestor=129.138.12.150
check software interlocks F
interlocks []
actuate state mode=None-script, software_lock=True
VALVE-F(CO2 Laser to Felix) software locked
change switch state (True, False)
---------------------------------------- close None (CO2 Laser to Felix) result=[(True, False)]
action=close, ok=True, locked=[True]
open () {'description': 'CO2 Laser to Jan'}
opening name=--- desc=CO2 Laser to Jan
checking ownership. requestor=129.138.12.150
check software interlocks A
interlocks []
actuate state mode=None-script, software_lock=False
doing actuation None-script open_channel False
Open A ===>> OK
GetIndicatorState A ===>> OK
change switch state (True, True)
update switch state A True args=() kw={} ncanvase=6
10:53:19 -- OPEN   VALVE-A (CO2 Laser to Jan)
---------------------------------------- open None (CO2 Laser to Jan) result=[(True, True)], time=0.15 sec
action=open, ok=True, locked=[False]
open () {'description': 'Microbone to CO2 Laser'}
opening name=--- desc=Microbone to CO2 Laser
checking ownership. requestor=129.138.12.150
check software interlocks T
interlocks []
actuate state mode=None-script, software_lock=False
doing actuation None-script open_channel False
Open T ===>> OK
GetIndicatorState T ===>> OK
change switch state (True, True)
update switch state T True args=() kw={} ncanvase=6
10:53:20 -- OPEN   VALVE-T (Microbone to CO2 Laser)
---------------------------------------- open None (Microbone to CO2 Laser) result=[(True, True)], time=0.42 sec
action=open, ok=True, locked=[False]
executed snippet estimated_duration=0, duration=5.06797003746
PrepareForCO2Analysis.py completed successfully
gosub finished
set_motor ('beam', '1.25') {}
setting motor "beam" to 1.25
set motor beam to 1.25
SetMotor beam,1.25 ===>> OK
GetMotorMoving beam ===>> False
GetMotorMoving beam ===>> False
Block completed
move_to_position ('186',) {'autocenter': True}
FusionsCO2 move to position 186
sending GoToHole 186,True
GoToHole 186,True ===>> OK
GetDriveMoving ===>> False
GetDriveMoving ===>> False
Block completed
GetAutoCorrecting ===>> False
GetAutoCorrecting ===>> False
Block completed
update position
GetPosition ===>> -7.97560,-9.96950,1.00000
got position (-7.9756, -9.9695, 1.0)
move to position succeeded
sleep (5,) {}
SLEEP 5.0
block started
WaitControl setup for 5.0  
Join finished
block finished. duration 5.03252506256
close () {'description': 'Microbone to Turbo'}
closing name=--- desc=Microbone to Turbo
checking ownership. requestor=129.138.12.150
check software interlocks U
interlocks []
actuate state mode=None-script, software_lock=False
doing actuation None-script close_channel True
Close U ===>> OK
set states for children of U. state=False
handle state [('U', False)]
update switch state U False args=() kw={'refresh': False} ncanvase=6
refresh_canvas_needed fired
GetIndicatorState U ===>> False
change switch state (True, True)
update switch state U False args=() kw={} ncanvase=6
10:53:29 -- CLOSE  VALVE-U (Microbone to Turbo)
---------------------------------------- close None (Microbone to Turbo) result=[(True, True)]
action=close, ok=True, locked=[False]
enable laser
enable () {}
set extraction state FusionsCO2 Enabled (False, 'red', 1.5)
enabling laser
Enable ===>> OK
begin interval
BEGIN INTERVAL Interval 1 waiting for 30.0
set extract to 5.0
block started
extract (5.0,) {}
WaitControl setup for 30.0  
GetPosition ===>> -7.97560,-9.96950,1.00000
set extraction state FusionsCO2 ON! 5.0(watts) (0.75, 'red', 1.5)
extract sample to 5.0 (watts)
set laser output
SetLaserOutput 5.0,watts ===>> OK
executing pattern triangle.lp
execute_pattern ('triangle.lp',) {}
executing pattern triangle.lp
IsPatterning ===>> OK
IsPatterning ===>> OK
IsPatterning ===>> OK
IsPatterning ===>> OK
IsPatterning ===>> OK
IsPatterning ===>> OK
IsPatterning ===>> OK
IsPatterning ===>> OK
IsPatterning ===>> OK
IsPatterning ===>> OK
IsPatterning ===>> OK
IsPatterning ===>> OK
IsPatterning ===>> OK
IsPatterning ===>> OK
IsPatterning ===>> OK
IsPatterning ===>> OK
IsPatterning ===>> OK
IsPatterning ===>> OK
IsPatterning ===>> OK
IsPatterning ===>> OK
IsPatterning ===>> OK
IsPatterning ===>> OK
IsPatterning ===>> OK
IsPatterning ===>> OK
IsPatterning ===>> OK
IsPatterning ===>> OK
IsPatterning ===>> False
IsPatterning ===>> False
Block completed
COMPLETE INTERVAL waiting for Interval 1 to complete
Join finished
block finished. duration 30.1029169559
Interval 1 finished
end_extract () {}
ending extraction. set laser power to 0
set laser power 0
SetLaserPower 0 ===>> OK
disable () {}
%%%%%%%%%%%%%%%%%%%%%%%%%%%%%%%%%%% disable
set extraction state False (0.75, 'red', 1.5)
disabling laser
Disable ===>> OK
sleep (30.0,) {}
SLEEP 30.0
block started
WaitControl setup for 30.0  
Join finished
block finished. duration 30.0882380009
executed snippet estimated_duration=166.0, duration=74.3502709866
jan_co2.py completed successfully
GetAchievedOutput ===>> No Response
Requested Output= 0.000
Achieved Output=  0.000
GetResponseBlob ===>> No Response
GetOutputBlob ===>> No Response
persistence save...
persistence save - db
AutomatedRunPersister post_extraction_save deprecated
persistence save - dvc
no extraction position for 186
create new session 4992585168
close session 4992585168
Extraction Finished
10:54:30 -- ******* Extraction Finished *******
no overlap. not waiting for min ms pumptime
10:54:30 -- Sending spectrometer configuration
======== Sending configuration ========
SetDeflection CDD,50.0 ===>> OK
SetDeflection H2,0.0 ===>> OK
SetDeflection H1,0.0 ===>> OK
SetDeflection L2,825.0 ===>> OK
SetDeflection L1,400.0 ===>> OK
SetDeflection AX,190.0 ===>> OK
SetZFocus 74.64 ===>> OK
SetZSymmetry -50.72 ===>> OK
SetExtractionLens 26.13 ===>> OK
SetIonRepeller -3.81 ===>> OK
SetElectronEnergy 75.08 ===>> OK
SetYSymmetry -2.81 ===>> OK
SetIonCounterVoltage 1590.0 ===>> OK
send trap current 200.0
GetParameter Trap Current Readback ===>> 198.258926936459
SetParameter Trap Current Set,200.0 ===>> OK
updating mftable name mftable
Using mftable located at /Users/jan/PychronDev/setupfiles/spectrometer/mftables/mftable.csv
============ MFtable ===========
Isotope  H2     H1     AX     L1     L2     CDD    
Ar40     5.8246 5.8811 5.9944 6.1645 6.2327 6.3927
Ar39     5.7238 5.7734 5.8868 6.0506 6.1178 6.2792
Ar36     5.4013 5.4424 5.5502 5.7094 5.7728 5.9303
================================
get initial guess parabolic
get initial guess parabolic
get initial guess parabolic
get initial guess parabolic
get initial guess parabolic
get initial guess parabolic
======== Configuration Finished ========
GetYSymmetry ===>> -2.81
GetZSymmetry ===>> -50.72
GetParameter Trap Current Readback ===>> 198.035158395898
GetHighVoltage ===>> 4499.94659342336
start measurement
do measurement
L#=65448 analysis type=unknown
Measurement Started jan_unknown120_60.py
10:54:30 -- ******* Measurement Started jan_unknown120_60.py *******
state changed from extraction to measurement
setting spec, defl, and gains
GetExtractionLens ===>> 26.13
GetYSymmetry ===>> -2.81
GetZSymmetry ===>> -50.72
GetZFocus ===>> 74.64
GetDeflection H2 ===>> 0
GetDeflection H1 ===>> 0
GetDeflection AX ===>> 190
GetDeflection L1 ===>> 400
GetDeflection L2 ===>> 825
GetDeflection CDD ===>> 50
GetGain H2 ===>> 0.0113
GetGain H1 ===>> 0.1
GetGain AX ===>> 0.097049
GetGain L1 ===>> 0.010355
GetGain L2 ===>> 0.095649
GetGain CDD ===>> 0
pre measurement save
New frame /Users/jan/PychronDev/data/isotopes/fc/a1d3c2-f00c-4569-a398-ac57631dddd7.h5
flush and close file /Users/jan/PychronDev/data/isotopes/fc/a1d3c2-f00c-4569-a398-ac57631dddd7.h5
testing...
no interpolation path defined
executed snippet estimated_duration=226.132928, duration=0.000174999237061
unknown measurement script
activate_detectors ('H2', 'H1', 'AX', 'L1', 'L2', 'CDD') {}
activate detectors
*************** Set Analysis View Ar/Ar
create graphs
clearing graphs
clear isotope group
setting isotope det=H2, iso=PM41
setting isotope det=H1, iso=Ar40
setting isotope det=AX, iso=Ar39
setting isotope det=L1, iso=Ar38
setting isotope det=L2, iso=Ar37
setting isotope det=CDD, iso=Ar36
setting previous blanks
 - setting Ar40 blank 0.438+/-0.007
 - setting Ar36 blank 0.00468+/-0.00018
 - setting Ar37 blank 0.048+/-0.005
 - setting Ar38 blank 0.0111+/-0.0022
 - setting PM41 blank 0.02+/-0.06
 - setting Ar39 blank 0.013+/-0.008
load analysis view
position_magnet ('Ar40',) {'detector': 'H1'}
detector Detector(H1)
POSITION Ar40 H1
setting detector H2 to PM41 (40.9624)
setting detector H1 to Ar40 (39.9624)
setting detector AX to Ar39 (38.9624)
setting detector L1 to Ar38 (37.9624)
setting detector L2 to Ar37 (36.9624)
setting detector CDD to Ar36 (35.9624)
Mapping mass to dac mass func: "parabolic"
H1 map mass coeffs = [-0.00063987  0.15840543  0.57271999]
H1 map mass to dac 39.9624 >> 5.88111
GetDeflection H1 ===>> 0
GetHighVoltage ===>> 4499.94659342336
positioning Ar40 (5.88107536669) on H1
setting magnet DAC
current  : 5.881072
requested: 5.881075
Delta Dac: 0.000004
Checking detector protection. dv=0.00000
Checking detector "CDD". Protection Threshold: 0.1 (V)
SetMagnetDAC 5.88107536669 ===>> OK
Magnet settling time: 0.500
equilibrate () {'delay': 3, 'inlet': 'R', 'outlet': 'O', 'eqtime': 12.0}
Equilibration Started
10:54:32 -- ******* Equilibration Started *******
checking ownership. requestor=129.138.12.150
check software interlocks O
interlocks []
actuate state mode=None-script, software_lock=False
doing actuation None-script close_channel True
update labels <pychron.experiment.plot_panel.PlotPanel object at 0x1e3b1edd0>
update labels "<pychron.graph.stacked_regression_graph.StackedRegressionGraph object at 0x1e1519890>"
setting label 0 H2 PM41
setting label 1 H1 Ar40
setting label 2 AX Ar39
setting label 3 L1 Ar38
setting label 4 L2 Ar37
setting label 5 CDD Ar36
update labels "<pychron.graph.stacked_graph.StackedGraph object at 0x1e15190b0>"
setting label 0 H2 PM41
setting label 1 H1 Ar40
setting label 2 AX Ar39
setting label 3 L1 Ar38
setting label 4 L2 Ar37
setting label 5 CDD Ar36
Close O ===>> OK
set states for children of O. state=False
handle state [('O', False)]
update switch state O False args=() kw={'refresh': False} ncanvase=6
refresh_canvas_needed fired
GetIndicatorState O ===>> False
change switch state (True, True)
update switch state O False args=() kw={} ncanvase=6
10:54:32 -- CLOSE  VALVE-O (Jan Ion Pump)
waiting 3s before opening inlet value ('R',)
checking ownership. requestor=129.138.12.150
check software interlocks R
interlocks []
actuate state mode=None-script, software_lock=False
doing actuation None-script open_channel True
Open R ===>> OK
State checksums do not match. Local:187403569 Remote:-643835901
State checksum failed
GetIndicatorState R ===>> OK
change switch state (True, True)
update switch state R True args=() kw={} ncanvase=6
10:54:36 -- OPEN   VALVE-R (Jan Inlet)
set_time_zero () {}
equilibrating for 12.0sec
sniff (12.0,) {}
py_sniff
build tables- sniff [Detector(H2), Detector(H1), Detector(AX), Detector(L1), Detector(L2), Detector(CDD)]
add group /sniff/PM41 (Group) '' table H2
add group /sniff/Ar40 (Group) '' table H1
add group /sniff/Ar39 (Group) '' table AX
add group /sniff/Ar38 (Group) '' table L1
add group /sniff/Ar37 (Group) '' table L2
add group /sniff/Ar36 (Group) '' table CDD
flush and close file /Users/jan/PychronDev/data/isotopes/fc/a1d3c2-f00c-4569-a398-ac57631dddd7.h5
measuring sniff. ncounts=12.0
"sniff" increment series count="1" fit count="0" regressing="False"
starting measurement
check iteration duration=3.2901763916e-05
GetData ===>> H2,0.114815158342105,H1,7.99321073503394,AX,1.69432592361613,L1,0.0263994493411763,L2,3.341977071...
check iteration duration=3.00407409668e-05
GetData ===>> H2,0.858224014326453,H1,41.6206443647673,AX,6.56100928845329,L1,0.190953311361189,L2,14.992027425...
check iteration duration=2.59876251221e-05
GetData ===>> H2,0.364397398261257,H1,56.2913191335433,AX,7.8156539549228,L1,0.243947733157842,L2,18.3943246845...
check iteration duration=2.90870666504e-05
GetData ===>> H2,0.0897593494571344,H1,61.0218125933701,AX,8.1746155893677,L1,0.224727518408058,L2,19.226606657...
check iteration duration=1.47819519043e-05
GetData ===>> H2,0.0322867914905636,H1,62.8995076178508,AX,8.32316422493359,L1,0.211270858741086,L2,19.50969607...
check iteration duration=1.59740447998e-05
GetData ===>> H2,0.0491874822748504,H1,63.7293059442317,AX,8.21968318363377,L1,0.193520065398398,L2,19.65788141...
check iteration duration=3.60012054443e-05
GetData ===>> H2,-0.0250137782936955,H1,64.0426156158259,AX,8.289166699366,L1,0.204093580021453,L2,19.572476368...
check iteration duration=5.50746917725e-05
GetData ===>> H2,-0.107681706289295,H1,64.0063325644789,AX,8.27493490254786,L1,0.168854882145298,L2,19.65369680...
check iteration duration=1.8835067749e-05
GetData ===>> H2,-0.0445987822261384,H1,64.0142809272401,AX,8.34064515137001,L1,0.173037657554796,L2,19.5994375...
check iteration duration=3.31401824951e-05
GetData ===>> H2,-0.0318796805521823,H1,64.1767201477946,AX,8.32460371689157,L1,0.212493027579727,L2,19.6801770...
check iteration duration=3.81469726562e-05
GetData ===>> H2,-0.062086903903128,H1,64.1652090048089,AX,8.2348982769951,L1,0.202026841728199,L2,19.808659220...
Equilibration Finished
check iteration duration=1.28746032715e-05
10:54:48 -- ******* Equilibration Finished *******
GetData ===>> H2,-0.101284662074048,H1,64.2471000638298,AX,8.24997059915919,L1,0.182516678985733,L2,19.72709609...
checking ownership. requestor=129.138.12.150
check software interlocks R
interlocks []
actuate state mode=None-script, software_lock=False
doing actuation None-script close_channel True
Close R ===>> OK
State checksums do not match. Local:-643835901 Remote:187403569
State checksum failed
GetIndicatorState R ===>> False
change switch state (True, True)
update switch state R False args=() kw={} ncanvase=6
10:54:48 -- CLOSE  VALVE-R (Jan Inlet)
Post Equilibration Started jan_pump_extraction_line.py
10:54:48 -- ******* Post Equilibration Started jan_pump_extraction_line.py *******
testing...
no interpolation path defined
calculate duration
testing...
no interpolation path defined
executed snippet estimated_duration=4.0, duration=0.000149965286255
executed snippet estimated_duration=4.0, duration=0.00187015533447
Pump after analysis
doing GOSUB
testing...
no interpolation path defined
executed snippet estimated_duration=4.0, duration=0.000147104263306
Pump Microbone
close () {'description': 'Jan Inlet'}
closing name=--- desc=Jan Inlet
checking ownership. requestor=129.138.12.150
check software interlocks R
interlocks []
actuate state mode=None-script, software_lock=False
doing actuation None-script close_channel False
check iteration duration=2.90870666504e-05
waiting for write to finish
measurement finished
estimated time: 12.583 actual time: :12.683
flush and close file /Users/jan/PychronDev/data/isotopes/fc/a1d3c2-f00c-4569-a398-ac57631dddd7.h5
set_fits () {}
using default fits file=/Users/jan/PychronDev/scripts/measurement/fits/nominal_linear.yaml
Close R ===>> OK
set "Ar40" to "('Linear', 'SEM')"
No fit for "PM41". defaulting to linear. check the measurement script "jan_unknown120_60.py"
set "PM41" to "linear"
set "Ar36" to "('Linear', 'SEM')"
set "Ar37" to "('linear', 'SEM')"
set "Ar38" to "('linear', 'SEM')"
set "Ar39" to "('Linear', 'SEM')"
set_baseline_fits () {}
using default fits file=/Users/jan/PychronDev/scripts/measurement/fits/nominal_linear.yaml
set "H1" to "('average', 'SEM')"
set "H2" to "('average', 'SEM')"
set "CDD" to "('average', 'SEM')"
set "L2" to "('average', 'SEM')"
set "L1" to "('average', 'SEM')"
set "AX" to "('average', 'SEM')"
multicollect () {'integration_time': 1, 'ncounts': 120}
build tables- signal [Detector(H2), Detector(H1), Detector(AX), Detector(L1), Detector(L2), Detector(CDD)]
add group /signal/PM41 (Group) '' table H2
add group /signal/Ar40 (Group) '' table H1
add group /signal/Ar39 (Group) '' table AX
add group /signal/Ar38 (Group) '' table L1
add group /signal/Ar37 (Group) '' table L2
add group /signal/Ar36 (Group) '' table CDD
flush and close file /Users/jan/PychronDev/data/isotopes/fc/a1d3c2-f00c-4569-a398-ac57631dddd7.h5
measuring signal. ncounts=120
GetIndicatorState R ===>> False
change switch state (True, True)
update switch state R False args=() kw={} ncanvase=6
10:54:49 -- CLOSE  VALVE-R (Jan Inlet)
---------------------------------------- close None (Jan Inlet) result=[(True, True)]
action=close, ok=True, locked=[False]
is_closed ('F',) {}
is F () closed?
is closed True
open () {'description': 'CO2 Laser to Jan'}
opening name=--- desc=CO2 Laser to Jan
checking ownership. requestor=129.138.12.150
check software interlocks A
interlocks []
actuate state mode=None-script, software_lock=False
doing actuation None-script open_channel False
Open A ===>> OK
"signal" increment series count="2" fit count="1" regressing="True"
GetIndicatorState A ===>> OK
change switch state (True, True)
update switch state A True args=() kw={} ncanvase=6
10:54:49 -- OPEN   VALVE-A (CO2 Laser to Jan)
---------------------------------------- open None (CO2 Laser to Jan) result=[(True, True)], time=0.13 sec
starting measurement
check iteration duration=6.91413879395e-05
GetData ===>> H2,-0.0325831543720308,H1,64.3750528289356,AX,8.2320581141567,L1,0.163578355974284,L2,19.71781622...
action=open, ok=True, locked=[False]
sleep (1,) {}
SLEEP 1.0
check iteration duration=6.79492950439e-05
GetData ===>> H2,0.0105671771176269,H1,64.2873790167189,AX,8.32189410192393,L1,0.173901772044578,L2,19.64720030...
close () {'description': 'CO2 Laser to Roughing'}
closing name=--- desc=CO2 Laser to Roughing
checking ownership. requestor=129.138.12.150
check software interlocks G
interlocks []
actuate state mode=None-script, software_lock=True
VALVE-G(CO2 Laser to Roughing) software locked
change switch state (True, False)
---------------------------------------- close None (CO2 Laser to Roughing) result=[(True, False)]
action=close, ok=True, locked=[True]
open () {'description': 'Microbone to Turbo'}
opening name=--- desc=Microbone to Turbo
checking ownership. requestor=129.138.12.150
check software interlocks U
interlocks []
actuate state mode=None-script, software_lock=False
doing actuation None-script open_channel True
Open U ===>> OK
GetIndicatorState U ===>> OK
change switch state (True, True)
update switch state U True args=() kw={} ncanvase=6
10:54:51 -- OPEN   VALVE-U (Microbone to Turbo)
---------------------------------------- open None (Microbone to Turbo) result=[(True, True)], time=0.18 sec
action=open, ok=True, locked=[False]
open () {'description': 'Microbone to Getter NP-10'}
opening name=--- desc=Microbone to Getter NP-10
checking ownership. requestor=129.138.12.150
check software interlocks M
interlocks []
actuate state mode=None-script, software_lock=False
doing actuation None-script open_channel False
Open M ===>> OK
GetIndicatorState M ===>> OK
change switch state (True, True)
update switch state M True args=() kw={} ncanvase=6
10:54:51 -- OPEN   VALVE-M (Microbone to Getter NP-10)
---------------------------------------- open None (Microbone to Getter NP-10) result=[(True, True)], time=0.21 sec
action=open, ok=True, locked=[False]
open () {'description': 'Microbone to Getter D-50'}
opening name=--- desc=Microbone to Getter D-50
checking ownership. requestor=129.138.12.150
check software interlocks K
interlocks []
actuate state mode=None-script, software_lock=False
doing actuation None-script open_channel False
check iteration duration=7.58171081543e-05
GetData ===>> H2,-0.0859541029940198,H1,64.2818943062799,AX,8.39857054719623,L1,0.15232704940346,L2,19.69993781...
Open K ===>> OK
GetIndicatorState K ===>> OK
change switch state (True, True)
update switch state K True args=() kw={} ncanvase=6
10:54:52 -- OPEN   VALVE-K (Microbone to Getter D-50)
---------------------------------------- open None (Microbone to Getter D-50) result=[(True, True)], time=0.49 sec
action=open, ok=True, locked=[False]
open () {'description': 'Microbone to CO2 Laser'}
opening name=--- desc=Microbone to CO2 Laser
checking ownership. requestor=129.138.12.150
check software interlocks T
interlocks []
actuate state mode=None-script, software_lock=False
doing actuation None-script open_channel False
Open T ===>> OK
check iteration duration=6.79492950439e-05
GetData ===>> H2,-0.148867059574785,H1,64.237189792429,AX,8.4212501707011,L1,0.15624827385418,L2,19.71968973818...
GetIndicatorState T ===>> OK
change switch state (True, True)
update switch state T True args=() kw={} ncanvase=6
10:54:53 -- OPEN   VALVE-T (Microbone to CO2 Laser)
---------------------------------------- open None (Microbone to CO2 Laser) result=[(True, True)], time=0.44 sec
action=open, ok=True, locked=[False]
testing H1>-5.0
open () {'description': 'Microbone to Inlet Pipette'}
evaluate ot="H1.bs>-5.0" t="H1>-5.0", ctx="{'H1': None}"
check iteration duration=0.0723190307617
opening name=--- desc=Microbone to Inlet Pipette
GetData ===>> H2,-0.250694433129023,H1,64.2608874478917,AX,8.24430159621081,L1,0.18757597093465,L2,19.727838014...
checking ownership. requestor=129.138.12.150
check software interlocks S
interlocks []
actuate state mode=None-script, software_lock=False
doing actuation None-script open_channel False
Open S ===>> OK
GetIndicatorState S ===>> OK
change switch state (True, True)
update switch state S True args=() kw={} ncanvase=6
10:54:56 -- OPEN   VALVE-S (Microbone to Inlet Pipette)
---------------------------------------- open None (Microbone to Inlet Pipette) result=[(True, True)], time=0.88 sec
check iteration duration=8.29696655273e-05
GetData ===>> H2,-0.211988735520713,H1,64.1514773183846,AX,8.13353065045674,L1,0.178935429225532,L2,19.61189750...
action=open, ok=True, locked=[False]
sleep (1,) {}
SLEEP 1.0
check iteration duration=9.10758972168e-05
GetData ===>> H2,-0.188673180420236,H1,64.1040755459614,AX,8.26236131378718,L1,0.152405628291717,L2,19.63972417...
set_resource () {'name': 'CO2PumpTimeFlag', 'value': 30}
Set CO2PumpTimeFlag 30 ===>> OK
release ('JanCO2Flag',) {}
release JanCO2Flag
Set JanCO2Flag 0 ===>> OK
executed snippet estimated_duration=6.0, duration=8.82374596596
PumpMicrobone.py completed successfully
gosub finished
get_resource_value () {'name': 'JanMiniboneFlag'}
Read JanMiniboneFlag ===>> 0
Get Resource Value JanMiniboneFlag=0.0
get resource value 0.0
get_resource_value () {'name': 'JanMiniboneFlag'}
Read JanMiniboneFlag ===>> 0
Get Resource Value JanMiniboneFlag=0.0
executed snippet estimated_duration=4.0, duration=8.83539199829
jan_pump_extraction_line.py completed successfully
Post Equilibration Finished
10:54:57 -- ******* Post Equilibration Finished *******
check iteration duration=5.79357147217e-05
GetData ===>> H2,-0.142035131702179,H1,64.3755256320943,AX,8.30215480451975,L1,0.142809477788455,L2,19.67846759...
check iteration duration=6.103515625e-05
GetData ===>> H2,-0.120578123045206,H1,64.1219063216274,AX,8.25032114492103,L1,0.129694880087308,L2,19.63444722...
testing H1>-5.0
evaluate ot="H1.bs>-5.0" t="H1>-5.0", ctx="{'H1': None}"
check iteration duration=0.000566959381104
GetData ===>> H2,-0.238924796432383,H1,64.0774441239294,AX,8.20257346154941,L1,0.153640001149536,L2,19.67105208...
check iteration duration=4.10079956055e-05
GetData ===>> H2,-0.257501413967439,H1,64.1833973850323,AX,8.31821688301941,L1,0.171065234661609,L2,19.66770899...
check iteration duration=0.000133037567139
GetData ===>> H2,-0.186926866105788,H1,64.2962842753431,AX,8.19893680917584,L1,0.156447821624236,L2,19.62022589...
check iteration duration=3.31401824951e-05
GetData ===>> H2,-0.103378612116998,H1,64.1115729995049,AX,8.2367837055963,L1,0.13346260826355,L2,19.5593443179...
check iteration duration=8.10623168945e-05
GetData ===>> H2,-0.0874490674087835,H1,64.0575724850859,AX,8.21207045094572,L1,0.145279185702286,L2,19.4916491...
testing H1>-5.0
evaluate ot="H1.bs>-5.0" t="H1>-5.0", ctx="{'H1': None}"
check iteration duration=0.000684022903442
GetData ===>> H2,-0.041929258351377,H1,64.0302577960794,AX,8.10587205801668,L1,0.144149710890066,L2,19.64515217...
check iteration duration=8.48770141602e-05
GetData ===>> H2,-0.115017310040344,H1,64.1271678051989,AX,8.24381811381639,L1,0.124284843816157,L2,19.52806018...
check iteration duration=8.39233398438e-05
GetData ===>> H2,-0.159053593946999,H1,64.1243795078758,AX,8.24632016009595,L1,0.119075806054853,L2,19.64184759...
check iteration duration=8.51154327393e-05
GetData ===>> H2,-0.182711677390863,H1,64.149507813545,AX,8.19618222239512,L1,0.137811727762912,L2,19.572413532...
check iteration duration=7.29560852051e-05
GetData ===>> H2,-0.298169552428685,H1,64.1703896824547,AX,8.19232870649416,L1,0.19656733717772,L2,19.525836726...
testing H1>-5.0
evaluate ot="H1.bs>-5.0" t="H1>-5.0", ctx="{'H1': None}"
check iteration duration=0.000587940216064
GetData ===>> H2,-0.212939611610205,H1,64.1601544967821,AX,8.2311154393844,L1,0.131823715924462,L2,19.528725975...
check iteration duration=7.08103179932e-05
GetData ===>> H2,-0.143548589045519,H1,64.1318466057597,AX,8.17271750707395,L1,0.143534894584364,L2,19.41658076...
check iteration duration=3.88622283936e-05
GetData ===>> H2,-0.178905193965729,H1,64.0135254187268,AX,8.15934730955517,L1,0.172476143569735,L2,19.43061121...
check iteration duration=4.10079956055e-05
GetData ===>> H2,-0.187423143445255,H1,64.1157786901244,AX,8.2177739049407,L1,0.181287260917028,L2,19.537871598...
check iteration duration=8.20159912109e-05
GetData ===>> H2,-0.175332331409265,H1,64.0753654924372,AX,8.24641685877499,L1,0.158597139342621,L2,19.58615051...
testing H1>-5.0
evaluate ot="H1.bs>-5.0" t="H1>-5.0", ctx="{'H1': None}"
check iteration duration=0.000616073608398
10:55:16 -- collecting point 25
GetData ===>> H2,-0.172148651368735,H1,64.1182517617046,AX,8.22711521183637,L1,0.139213508228639,L2,19.53481878...
check iteration duration=5.29289245605e-05
GetData ===>> H2,-0.170221991404693,H1,64.1267582211152,AX,8.19192967389602,L1,0.119838843087994,L2,19.50552628...
check iteration duration=6.69956207275e-05
GetData ===>> H2,-0.197277686034349,H1,64.0203723724811,AX,8.11635944361412,L1,0.166043941069611,L2,19.56547659...
check iteration duration=4.29153442383e-05
GetData ===>> H2,-0.264908186633723,H1,64.0932081436537,AX,8.12605036547709,L1,0.187814491317466,L2,19.50208507...
check iteration duration=3.21865081787e-05
GetData ===>> H2,-0.289640707249921,H1,64.077538607956,AX,8.1498949423454,L1,0.167745652809978,L2,19.4551376222...
testing H1>-5.0
evaluate ot="H1.bs>-5.0" t="H1>-5.0", ctx="{'H1': None}"
check iteration duration=0.000616073608398
GetData ===>> H2,-0.196935121312361,H1,64.0300374123329,AX,8.17164153989252,L1,0.18251183369646,L2,19.513388737...
check iteration duration=8.10623168945e-05
GetData ===>> H2,-0.213025806056226,H1,64.0418284590809,AX,8.15497155178964,L1,0.177604741964671,L2,19.47617914...
check iteration duration=7.5101852417e-05
GetData ===>> H2,-0.235423059411405,H1,63.8732040474939,AX,8.0964850764212,L1,0.168998836819543,L2,19.491749567...
check iteration duration=8.70227813721e-05
GetData ===>> H2,-0.246515174815816,H1,63.8230839099555,AX,8.08254513991258,L1,0.165087382581196,L2,19.37273596...
check iteration duration=7.29560852051e-05
GetData ===>> H2,-0.261444347983948,H1,64.0118412798834,AX,8.15640997066694,L1,0.172704859958753,L2,19.48701541...
testing H1>-5.0
evaluate ot="H1.bs>-5.0" t="H1>-5.0", ctx="{'H1': None}"
check iteration duration=0.000576019287109
GetData ===>> H2,-0.266529478558576,H1,63.9045663393486,AX,8.13873938154381,L1,0.149591674545117,L2,19.51436844...
check iteration duration=8.39233398438e-05
GetData ===>> H2,-0.179775630038382,H1,63.9995965046927,AX,8.15077728716977,L1,0.158756814195669,L2,19.42764935...
check iteration duration=8.48770141602e-05
GetData ===>> H2,-0.201709861832013,H1,63.8763194863477,AX,8.16964679947147,L1,0.197775593952401,L2,19.47545091...
check iteration duration=9.29832458496e-05
GetData ===>> H2,-0.228150188640889,H1,64.0619181666305,AX,8.13906569146831,L1,0.174588032983063,L2,19.32130058...
check iteration duration=7.29560852051e-05
GetData ===>> H2,-0.197401762036402,H1,63.9439804018517,AX,8.12104770412825,L1,0.130762260883947,L2,19.34063924...
testing H1>-5.0
evaluate ot="H1.bs>-5.0" t="H1>-5.0", ctx="{'H1': None}"
check iteration duration=0.000583171844482
GetData ===>> H2,-0.220471181136714,H1,63.8853200559751,AX,8.19097442041676,L1,0.0931381497158339,L2,19.4153509...
check iteration duration=8.10623168945e-05
GetData ===>> H2,-0.161345410243481,H1,63.6968933481871,AX,8.13100493518338,L1,0.11778167212329,L2,19.469964178...
check iteration duration=9.20295715332e-05
GetData ===>> H2,-0.112568877150423,H1,63.8007829481704,AX,8.14051597050318,L1,0.110815264493276,L2,19.30895380...
check iteration duration=8.51154327393e-05
GetData ===>> H2,-0.177774201881944,H1,63.9552999524556,AX,8.15893631874824,L1,0.12599010577272,L2,19.347454431...
check iteration duration=7.9870223999e-05
GetData ===>> H2,-0.0931407128402716,H1,63.9373843378332,AX,8.14382751871338,L1,0.168706090803222,L2,19.2522826...
testing H1>-5.0
evaluate ot="H1.bs>-5.0" t="H1>-5.0", ctx="{'H1': None}"
check iteration duration=0.000578880310059
GetData ===>> H2,-0.239865795890809,H1,63.8148582224723,AX,8.17038424438968,L1,0.138059442109683,L2,19.30864013...
check iteration duration=8.10623168945e-05
GetData ===>> H2,-0.255862897290116,H1,63.6839053816992,AX,8.27036470640651,L1,0.158323762471849,L2,19.33961010...
check iteration duration=6.79492950439e-05
GetData ===>> H2,-0.157782563806265,H1,63.8267486738196,AX,8.16366281358403,L1,0.176917066545004,L2,19.37174416...
check iteration duration=3.60012054443e-05
GetData ===>> H2,-0.10794146357731,H1,63.9284904055564,AX,8.0922449102323,L1,0.183246043678095,L2,19.3164445148...
check iteration duration=7.20024108887e-05
GetData ===>> H2,-0.195192170978715,H1,63.8674926005095,AX,8.00561920319369,L1,0.152990757919702,L2,19.37664045...
testing H1>-5.0
evaluate ot="H1.bs>-5.0" t="H1>-5.0", ctx="{'H1': None}"
check iteration duration=0.000610113143921
10:55:42 -- collecting point 50
GetData ===>> H2,-0.15453207651973,H1,63.7359592958879,AX,8.17680386844951,L1,0.187240598950896,L2,19.442509702...
check iteration duration=4.00543212891e-05
GetData ===>> H2,-0.170895280279823,H1,63.8263554539404,AX,8.10370947169865,L1,0.168357709847911,L2,19.41881447...
check iteration duration=6.19888305664e-05
GetData ===>> H2,-0.161547964524116,H1,63.8641885704297,AX,8.15481441482903,L1,0.117368839554354,L2,19.28666050...
check iteration duration=3.60012054443e-05
GetData ===>> H2,-0.137770690413966,H1,63.7465613105405,AX,8.13542799948015,L1,0.122966446628487,L2,19.35366755...
check iteration duration=3.2901763916e-05
GetData ===>> H2,-0.0932436658083163,H1,63.8634176419745,AX,8.06983899938983,L1,0.118420267923944,L2,19.2821321...
testing H1>-5.0
evaluate ot="H1.bs>-5.0" t="H1>-5.0", ctx="{'H1': None}"
check iteration duration=0.000588893890381
GetData ===>> H2,-0.0954853709194476,H1,63.7264905607306,AX,8.12416527570075,L1,0.141850830828836,L2,19.2548533...
check iteration duration=5.19752502441e-05
GetData ===>> H2,-0.181280179560123,H1,63.7908132150037,AX,8.08607222174703,L1,0.149409181300284,L2,19.21086027...
check iteration duration=4.50611114502e-05
GetData ===>> H2,-0.231687617362764,H1,63.8597203945977,AX,8.17207676119797,L1,0.15140711722536,L2,19.311111880...
check iteration duration=6.91413879395e-05
GetData ===>> H2,-0.252640280027347,H1,63.6643629455265,AX,8.16991276259427,L1,0.181098319209069,L2,19.29269440...
check iteration duration=4.10079956055e-05
GetData ===>> H2,-0.25938964711683,H1,63.7590205527811,AX,8.21292836527386,L1,0.167283610472228,L2,19.281492441...
testing H1>-5.0
evaluate ot="H1.bs>-5.0" t="H1>-5.0", ctx="{'H1': None}"
check iteration duration=0.000550985336304
GetData ===>> H2,-0.272524620861797,H1,63.6818456642744,AX,8.11625069787555,L1,0.124324666194189,L2,19.27573511...
check iteration duration=4.10079956055e-05
GetData ===>> H2,-0.126429594306188,H1,63.7035136147649,AX,8.09307843317201,L1,0.134352817801354,L2,19.19224369...
check iteration duration=8.58306884766e-05
GetData ===>> H2,-0.0947201255258928,H1,63.6166431440883,AX,8.14607556561509,L1,0.198844602785284,L2,19.3794904...
check iteration duration=7.10487365723e-05
GetData ===>> H2,-0.069313424712981,H1,63.6952265400611,AX,8.13272096454694,L1,0.231616260977528,L2,19.23514176...
check iteration duration=8.51154327393e-05
GetData ===>> H2,-0.0962939016633669,H1,63.8512721796068,AX,8.2367837055963,L1,0.200392561893191,L2,19.21611717...
testing H1>-5.0
evaluate ot="H1.bs>-5.0" t="H1>-5.0", ctx="{'H1': None}"
check iteration duration=0.000777959823608
GetData ===>> H2,-0.122590709533963,H1,63.8166511584684,AX,8.0795375540457,L1,0.167843627839876,L2,19.170557765...
check iteration duration=8.98838043213e-05
GetData ===>> H2,-0.154691515340134,H1,63.6505764999263,AX,8.15215521088064,L1,0.189721644899966,L2,19.33981091...
check iteration duration=4.00543212891e-05
GetData ===>> H2,-0.119947763850057,H1,63.6216563696715,AX,7.93820718421642,L1,0.177507883455259,L2,19.23280548...
check iteration duration=6.00814819336e-05
GetData ===>> H2,-0.0959797055943734,H1,63.6667839752168,AX,8.06988730869524,L1,0.144803220554692,L2,19.3860946...
check iteration duration=9.3936920166e-05
GetData ===>> H2,-0.0322558678998449,H1,63.5084477156411,AX,8.05395856296007,L1,0.114592917186038,L2,19.2556057...
testing H1>-5.0
evaluate ot="H1.bs>-5.0" t="H1>-5.0", ctx="{'H1': None}"
check iteration duration=0.00254988670349
GetData ===>> H2,-0.214174553668363,H1,63.6677429667938,AX,8.05893376288204,L1,0.148414590390119,L2,19.32931923...
check iteration duration=5.98430633545e-05
GetData ===>> H2,-0.270945846332242,H1,63.5769139650732,AX,8.07729098185569,L1,0.153056043069784,L2,19.14314632...
check iteration duration=4.29153442383e-05
GetData ===>> H2,-0.129972547986475,H1,63.5984305518229,AX,8.06267739954439,L1,0.153430836318101,L2,19.20743528...
check iteration duration=8.48770141602e-05
GetData ===>> H2,-0.106233991768691,H1,63.6343552982822,AX,8.11269840121154,L1,0.168425449653151,L2,19.13677726...
check iteration duration=7.58171081543e-05
GetData ===>> H2,-0.067188051161219,H1,63.5818664152506,AX,8.11153849455935,L1,0.131550794228646,L2,19.13626324...
testing H1>-5.0
evaluate ot="H1.bs>-5.0" t="H1>-5.0", ctx="{'H1': None}"
check iteration duration=0.000555038452148
10:56:09 -- collecting point 75
GetData ===>> H2,-0.0316569500609298,H1,63.5276982911273,AX,8.18098711896716,L1,0.125004084211379,L2,19.3066954...
check iteration duration=8.79764556885e-05
GetData ===>> H2,-0.220120909066254,H1,63.5275411321942,AX,8.12603828145662,L1,0.157577456913026,L2,19.17558689...
check iteration duration=8.32080841064e-05
GetData ===>> H2,-0.353327190763358,H1,63.437724022963,AX,8.24137656291867,L1,0.163581983173161,L2,19.209442590...
check iteration duration=5.79357147217e-05
GetData ===>> H2,-0.242684286442005,H1,63.4986113636846,AX,8.14236510635341,L1,0.184703269201679,L2,19.02206341...
check iteration duration=7.9870223999e-05
GetData ===>> H2,-0.209173350220501,H1,63.6480142976456,AX,8.08116816181557,L1,0.160342812184792,L2,19.14767260...
testing H1>-5.0
evaluate ot="H1.bs>-5.0" t="H1>-5.0", ctx="{'H1': None}"
check iteration duration=0.000555038452148
GetData ===>> H2,-0.264503499489795,H1,63.5492622726455,AX,8.1178939792487,L1,0.158978185761006,L2,19.092016623...
check iteration duration=6.69956207275e-05
GetData ===>> H2,-0.187036102931198,H1,63.5014082069913,AX,8.17004574441726,L1,0.140008742262371,L2,19.16426228...
check iteration duration=8.58306884766e-05
GetData ===>> H2,-0.187068469195534,H1,63.5874790647576,AX,8.07628849527605,L1,0.169655731529261,L2,19.08875840...
check iteration duration=8.79764556885e-05
GetData ===>> H2,-0.194820220436908,H1,63.701673744882,AX,8.14666780131805,L1,0.1435312710231,L2,19.03264293111...
check iteration duration=6.98566436768e-05
GetData ===>> H2,-0.148786024637309,H1,63.5283112127558,AX,8.09917906330169,L1,0.125235796688138,L2,19.11671973...
testing H1>-5.0
evaluate ot="H1.bs>-5.0" t="H1>-5.0", ctx="{'H1': None}"
check iteration duration=0.000591039657593
GetData ===>> H2,-0.127951807597724,H1,63.4635929943506,AX,8.0908798802184,L1,0.132036261803979,L2,19.041054660...
check iteration duration=8.51154327393e-05
GetData ===>> H2,-0.150494388633473,H1,63.5484134778443,AX,8.15165963967092,L1,0.142086555285936,L2,19.07058939...
check iteration duration=8.39233398438e-05
GetData ===>> H2,-0.101263003172924,H1,63.4374570351545,AX,8.12876930668563,L1,0.139845581258385,L2,19.18012711...
check iteration duration=5.79357147217e-05
GetData ===>> H2,-0.147972942040849,H1,63.3757231882745,AX,8.05060164855257,L1,0.136018698025754,L2,19.13750441...
check iteration duration=9.70363616943e-05
GetData ===>> H2,-0.270405653149424,H1,63.304046107488,AX,8.10361282087299,L1,0.150050943594597,L2,19.069085898...
testing H1>-5.0
evaluate ot="H1.bs>-5.0" t="H1>-5.0", ctx="{'H1': None}"
check iteration duration=0.00107383728027
GetData ===>> H2,-0.144736241362392,H1,63.307939916567,AX,8.16334851297325,L1,0.154054716425482,L2,19.082004178...
check iteration duration=3.09944152832e-05
GetData ===>> H2,-0.111403351347998,H1,63.4427497767234,AX,8.07320862863938,L1,0.166319678833257,L2,19.01399160...
check iteration duration=9.70363616943e-05
GetData ===>> H2,-0.147165204258818,H1,63.2613787565915,AX,8.13494459508499,L1,0.143905712532191,L2,19.04866465...
check iteration duration=6.69956207275e-05
GetData ===>> H2,-0.142822965503847,H1,63.4102742247335,AX,8.11055983364219,L1,0.145207910311575,L2,19.06917360...
check iteration duration=0.000102043151855
GetData ===>> H2,-0.197463799527192,H1,63.4564930505103,AX,8.08018979400641,L1,0.168847623980468,L2,19.04380021...
testing H1>-5.0
evaluate ot="H1.bs>-5.0" t="H1>-5.0", ctx="{'H1': None}"
check iteration duration=0.000633001327515
GetData ===>> H2,-0.214392708256906,H1,63.4026747189692,AX,8.19105906276688,L1,0.165013618855285,L2,19.03444807...
check iteration duration=4.81605529785e-05
GetData ===>> H2,-0.18895499277153,H1,63.4669860228972,AX,8.18495290303965,L1,0.164557746735258,L2,19.105000387...
check iteration duration=8.60691070557e-05
GetData ===>> H2,-0.177586592033613,H1,63.3634392025108,AX,8.14707874240971,L1,0.139307772834566,L2,19.15127120...
check iteration duration=4.10079956055e-05
GetData ===>> H2,-0.151287036118419,H1,63.2904500798682,AX,8.10647614064889,L1,0.156896516091824,L2,18.81007596...
check iteration duration=7.89165496826e-05
GetData ===>> H2,-0.222753072667908,H1,63.2688657356727,AX,8.08281087468064,L1,0.154759650376213,L2,19.06124298...
testing H1>-5.0
evaluate ot="H1.bs>-5.0" t="H1>-5.0", ctx="{'H1': None}"
check iteration duration=0.00060510635376
10:56:35 -- collecting point 100
GetData ===>> H2,-0.24152009553549,H1,63.2950185654239,AX,8.02699771003013,L1,0.146929532256973,L2,19.008639982...
check iteration duration=8.10623168945e-05
GetData ===>> H2,-0.20721429065461,H1,63.2561522498235,AX,8.01371913779239,L1,0.171671441660192,L2,18.931616877...
check iteration duration=6.38961791992e-05
GetData ===>> H2,-0.148495644688792,H1,63.2899948099191,AX,8.08244850926051,L1,0.162048853245733,L2,18.89370235...
check iteration duration=4.48226928711e-05
GetData ===>> H2,-0.191703980579518,H1,63.4463935680193,AX,8.13931948880227,L1,0.173772271212479,L2,18.88192258...
check iteration duration=9.48905944824e-05
GetData ===>> H2,-0.119624454460662,H1,63.4318975295411,AX,8.09066244350599,L1,0.191736956587467,L2,18.93888079...
testing H1>-5.0
evaluate ot="H1.bs>-5.0" t="H1>-5.0", ctx="{'H1': None}"
check iteration duration=0.000586032867432
GetData ===>> H2,-0.146751857988096,H1,63.0942379838639,AX,8.03418093553549,L1,0.193116658111448,L2,19.03535065...
check iteration duration=8.70227813721e-05
GetData ===>> H2,-0.205062167661137,H1,63.2412900140477,AX,8.01008915943368,L1,0.150585172172381,L2,18.84779282...
check iteration duration=8.79764556885e-05
GetData ===>> H2,-0.20857785357161,H1,63.3602191654836,AX,8.06293100573769,L1,0.137919271296916,L2,18.913133716...
check iteration duration=3.50475311279e-05
GetData ===>> H2,-0.238479174196697,H1,63.2854108001731,AX,8.06267739954439,L1,0.119935434152472,L2,18.90366798...
check iteration duration=7.79628753662e-05
GetData ===>> H2,-0.295525951972415,H1,63.1197631576016,AX,7.90611106153107,L1,0.105460676263559,L2,18.85466897...
testing H1>-5.0
evaluate ot="H1.bs>-5.0" t="H1>-5.0", ctx="{'H1': None}"
check iteration duration=0.00079607963562
GetData ===>> H2,-0.259050997948019,H1,63.1443517010536,AX,7.97061539125653,L1,0.114152460318759,L2,18.91610132...
check iteration duration=7.20024108887e-05
GetData ===>> H2,-0.2201950059864,H1,63.2355150675417,AX,8.10149860711172,L1,0.190236334955576,L2,18.9545249793...
check iteration duration=7.91549682617e-05
GetData ===>> H2,-0.216828481910962,H1,63.2159480415855,AX,8.07435601899952,L1,0.150499355278116,L2,18.98139732...
check iteration duration=4.00543212891e-05
GetData ===>> H2,-0.281766534490834,H1,63.2835270067934,AX,7.9468395051588,L1,0.164095849443718,L2,19.047899871...
check iteration duration=7.79628753662e-05
GetData ===>> H2,-0.294287137893863,H1,63.3359850211638,AX,7.94622374881418,L1,0.154656869649516,L2,18.89151154...
testing H1>-5.0
evaluate ot="H1.bs>-5.0" t="H1>-5.0", ctx="{'H1': None}"
check iteration duration=0.000607013702393
GetData ===>> H2,-0.28228520093683,H1,63.0503217954015,AX,7.98951691424928,L1,0.161151028519109,L2,18.978290051...
check iteration duration=4.50611114502e-05
GetData ===>> H2,-0.246743883615984,H1,63.211743158064,AX,8.0158677342303,L1,0.14555462751307,L2,18.91701541141...
check iteration duration=8.20159912109e-05
GetData ===>> H2,-0.260898319862046,H1,63.0273030185129,AX,8.0416665188897,L1,0.1986458216628,L2,19.00411575852...
check iteration duration=8.29696655273e-05
GetData ===>> H2,-0.256935554461844,H1,63.1116830497633,AX,8.02519896519497,L1,0.177471561752311,L2,18.86204661...
check iteration duration=8.01086425781e-05
GetData ===>> H2,-0.267809139793918,H1,63.1023954607506,AX,8.07659044802178,L1,0.173975600360713,L2,18.83228870...
testing H1>-5.0
evaluate ot="H1.bs>-5.0" t="H1>-5.0", ctx="{'H1': None}"
check iteration duration=0.000545978546143
GetData ===>> H2,-0.198546703539178,H1,63.0314893766569,AX,7.97656929254947,L1,0.151949879210723,L2,18.95243310...
check iteration duration=4.00543212891e-05
waiting for write to finish
measurement finished
estimated time: 125.829 actual time: :127.674
flush and close file /Users/jan/PychronDev/data/isotopes/fc/a1d3c2-f00c-4569-a398-ac57631dddd7.h5
baselines () {'settling_time': 15.0, 'detector': 'H1', 'mass': 34.2, 'ncounts': 60}
%%%%%%%%%%%%%%%%%%%%%%%%%%%%%%%% Baseline
build tables- baseline [Detector(H2), Detector(H1), Detector(AX), Detector(L1), Detector(L2), Detector(CDD)]
add group baseline table H2
add group baseline table H1
add group baseline table AX
add group baseline table L1
add group baseline table L2
add group baseline table CDD
flush and close file /Users/jan/PychronDev/data/isotopes/fc/a1d3c2-f00c-4569-a398-ac57631dddd7.h5
detector Detector(H1)
POSITION 34.2 H1
Mapping mass to dac mass func: "parabolic"
H1 map mass coeffs = [-0.00063987  0.15840543  0.57271999]
H1 map mass to dac 34.2 >> 5.24176599104
GetDeflection H1 ===>> 0
GetHighVoltage ===>> 4499.94659342336
positioning 34.2 (5.24173512278) on H1
setting magnet DAC
current  : 5.881075
requested: 5.241735
Delta Dac: 0.639340
Checking detector protection. dv=0.63934
Checking detector "CDD". Protection Threshold: 0.1 (V)
ProtectDetector CDD,On ===>> OK
GetDeflection CDD ===>> 2000
Protected = 2000
SetMagnetDAC 5.24173512278 ===>> OK
Magnet settling time: 0.500
GetMagnetMoving ===>> True
GetMagnetMoving ===>> True
GetMagnetMoving ===>> True
GetMagnetMoving ===>> True
GetMagnetMoving ===>> True
GetMagnetMoving ===>> True
GetMagnetMoving ===>> True
GetMagnetMoving ===>> True
GetMagnetMoving ===>> False
ProtectDetector CDD,Off ===>> OK
GetDeflection CDD ===>> 50
Delaying 15.0s for detectors to settle
Join finished
measuring baseline. ncounts=60
"baseline" increment series count="2" fit count="1" regressing="True"
starting measurement
check iteration duration=4.60147857666e-05
GetData ===>> H2,-0.200333335995081,H1,-0.05032855223821,AX,-0.109982429154408,L1,-0.0407786841922738,L2,-0.009...
check iteration duration=8.70227813721e-05
GetData ===>> H2,0.00807484781642274,H1,-0.103441500014312,AX,-0.0725238482794711,L1,-0.02154147749099,L2,-0.06...
check iteration duration=5.57899475098e-05
GetData ===>> H2,-0.140557964756149,H1,-0.0395857251311192,AX,-0.152611778995146,L1,-0.0698834420775576,L2,-0.0...
check iteration duration=3.79085540771e-05
GetData ===>> H2,-0.137969417902283,H1,-0.0365927898877015,AX,-0.131116055545266,L1,-0.0650960724653171,L2,-0.0...
testing H1>-5.0
evaluate ot="H1.bs>-5.0" t="H1>-5.0", ctx="{'H1': None}"
check iteration duration=0.001131772995
GetData ===>> H2,-0.208435037496085,H1,-0.0524745948159431,AX,-0.135092241318893,L1,-0.0552618927302541,L2,-0.0...
check iteration duration=8.89301300049e-05
GetData ===>> H2,-0.215842925271246,H1,0.0460523368088552,AX,-0.138292604212095,L1,-0.0794341230869476,L2,0.051...
check iteration duration=3.21865081787e-05
GetData ===>> H2,-0.239020380784788,H1,-0.107695514299721,AX,-0.124037265536198,L1,-0.0602023222058157,L2,-0.01...
check iteration duration=3.2901763916e-05
GetData ===>> H2,-0.155037408799908,H1,-0.155686084417383,AX,-0.0958560258391011,L1,-0.0222858857391207,L2,-0.1...
check iteration duration=7.39097595215e-05
GetData ===>> H2,-0.120284591036194,H1,-0.0880683439421713,AX,-0.00524300670102241,L1,-0.00690095213520158,L2,-...
testing H1>-5.0
evaluate ot="H1.bs>-5.0" t="H1>-5.0", ctx="{'H1': None}"
check iteration duration=0.000581026077271
GetData ===>> H2,-0.183164969791805,H1,-0.0815966113283604,AX,0.0152566265069779,L1,-0.0234773037779118,L2,0.11...
check iteration duration=8.98838043213e-05
GetData ===>> H2,-0.219257307321283,H1,-0.0519142436933738,AX,-0.125427575910241,L1,-0.0349468160977765,L2,-0.0...
check iteration duration=4.60147857666e-05
GetData ===>> H2,-0.304732841384886,H1,0.0170448107198464,AX,-0.0162045364148964,L1,0.0304498780735349,L2,0.092...
check iteration duration=4.6968460083e-05
GetData ===>> H2,-0.274660653257323,H1,0.0371976470460613,AX,-0.0965166170741267,L1,0.0573206016781936,L2,0.024...
check iteration duration=8.41617584229e-05
GetData ===>> H2,-0.245854583970298,H1,-0.126474409804555,AX,-0.0120752585057458,L1,0.00420984413860552,L2,-0.0...
testing H1>-5.0
evaluate ot="H1.bs>-5.0" t="H1>-5.0", ctx="{'H1': None}"
check iteration duration=0.00062108039856
GetData ===>> H2,-0.144484939642414,H1,-0.0837658206474633,AX,-0.0957633109208183,L1,-0.0291112545301158,L2,0.1...
check iteration duration=8.58306884766e-05
GetData ===>> H2,-0.153261890570982,H1,-0.0989013020387784,AX,-0.0323024077871957,L1,-0.0220341596458398,L2,-0....
check iteration duration=8.51154327393e-05
GetData ===>> H2,-0.21755281385222,H1,0.0294892151689432,AX,0.00990797545994364,L1,-0.0158864919932435,L2,-0.02...
check iteration duration=8.39233398438e-05
GetData ===>> H2,-0.199826365570744,H1,-0.0669353373641933,AX,-0.0924718740805748,L1,0.0144478632455972,L2,-0.0...
check iteration duration=7.91549682617e-05
GetData ===>> H2,-0.197543368854395,H1,-0.054656357593008,AX,-0.132819059083767,L1,-0.00236883419931318,L2,0.06...
testing H1>-5.0
evaluate ot="H1.bs>-5.0" t="H1>-5.0", ctx="{'H1': None}"
check iteration duration=0.000581979751587
GetData ===>> H2,-0.164408994550479,H1,-0.0857085341300355,AX,-0.0175151975512402,L1,-0.013147563085331,L2,-0.0...
check iteration duration=9.3936920166e-05
GetData ===>> H2,-0.163098060074293,H1,-0.0449513212198881,AX,-0.0432724861664643,L1,-0.0410517454453647,L2,-0....
check iteration duration=3.69548797607e-05
GetData ===>> H2,-0.247767635043645,H1,-0.111079530939162,AX,-0.0519456262767922,L1,-0.0746525803483999,L2,-0.0...
check iteration duration=8.70227813721e-05
GetData ===>> H2,-0.230271701971496,H1,-0.0298196019865802,AX,-0.142188556053523,L1,-0.041199051724735,L2,0.012...
check iteration duration=3.79085540771e-05
GetData ===>> H2,-0.135316727398257,H1,-0.0530587873263098,AX,-0.046716325502015,L1,-0.0324467621825635,L2,-0.0...
testing H1>-5.0
evaluate ot="H1.bs>-5.0" t="H1>-5.0", ctx="{'H1': None}"
check iteration duration=0.00148391723633
10:57:41 -- collecting point 25
GetData ===>> H2,-0.137354297720897,H1,0.0307659577663212,AX,-0.0422056829291168,L1,0.00594085566358559,L2,-0.0...
check iteration duration=4.79221343994e-05
GetData ===>> H2,-0.202164172967949,H1,0.0150524179096002,AX,-0.0925298228752412,L1,-0.00796710692410708,L2,0.0...
check iteration duration=9.41753387451e-05
GetData ===>> H2,-0.213397512077715,H1,-0.0196112556427817,AX,-0.0871752085026157,L1,-0.0123996128578373,L2,0.0...
check iteration duration=4.38690185547e-05
GetData ===>> H2,-0.142447298578771,H1,-0.0130396781279128,AX,0.00140410936234944,L1,-0.00171367963612206,L2,-0...
check iteration duration=4.00543212891e-05
GetData ===>> H2,-0.166919732908634,H1,-0.116739162112034,AX,-0.0715501037537376,L1,-0.0345621388894659,L2,-0.0...
testing H1>-5.0
evaluate ot="H1.bs>-5.0" t="H1>-5.0", ctx="{'H1': None}"
check iteration duration=0.000578880310059
GetData ===>> H2,-0.215216809826209,H1,-0.0652902799098019,AX,-0.134106601104093,L1,-0.0139997270853787,L2,-0.0...
check iteration duration=3.2901763916e-05
GetData ===>> H2,-0.245249120531437,H1,-0.0861018396303813,AX,-0.127327634620094,L1,-0.0340883597706033,L2,0.01...
check iteration duration=6.50882720947e-05
GetData ===>> H2,-0.221565037873553,H1,-0.136240404547405,AX,-0.0626700314418364,L1,-0.0395486189332787,L2,0.01...
check iteration duration=5.69820404053e-05
GetData ===>> H2,-0.30568715721994,H1,-0.0563015898676909,AX,-0.0717471718846963,L1,-0.0641751626213496,L2,0.03...
check iteration duration=3.50475311279e-05
GetData ===>> H2,-0.239815988156575,H1,-0.106349025141949,AX,-0.127825814604202,L1,-0.0278066922219894,L2,0.022...
testing H1>-5.0
evaluate ot="H1.bs>-5.0" t="H1>-5.0", ctx="{'H1': None}"
check iteration duration=0.000581026077271
GetData ===>> H2,-0.172844758828109,H1,0.028737495834519,AX,-0.135915533137158,L1,-0.0427366566615221,L2,-0.107...
check iteration duration=8.51154327393e-05
GetData ===>> H2,-0.196956700498577,H1,-0.00101651033863599,AX,-0.0660436269512514,L1,-0.0311378420776378,L2,-0...
check iteration duration=4.00543212891e-05
GetData ===>> H2,-0.160140812670278,H1,0.0199081991720586,AX,-0.0911506321983262,L1,-0.0722201019952643,L2,0.11...
check iteration duration=8.89301300049e-05
GetData ===>> H2,-0.113517724461072,H1,-0.0479082378907368,AX,-0.105034365418641,L1,-0.0595896877930634,L2,-0.0...
check iteration duration=8.48770141602e-05
GetData ===>> H2,-0.11360164152008,H1,-0.11815699850557,AX,-0.126053209095837,L1,-0.0522719758282539,L2,-0.0261...
testing H1>-5.0
evaluate ot="H1.bs>-5.0" t="H1>-5.0", ctx="{'H1': None}"
check iteration duration=0.000586032867432
GetData ===>> H2,-0.170317792464136,H1,0.0140502712453696,AX,0.0219051425745234,L1,-0.0225124338372348,L2,-0.00...
check iteration duration=7.60555267334e-05
GetData ===>> H2,-0.207076847326734,H1,0.00581873186418243,AX,0.00368952288617597,L1,-0.0202898843891451,L2,-0....
check iteration duration=8.48770141602e-05
GetData ===>> H2,-0.0966663210984316,H1,-0.0204818678464889,AX,-0.105636953382778,L1,-0.0352595801745006,L2,-0....
check iteration duration=4.00543212891e-05
GetData ===>> H2,-0.185482413400864,H1,-0.0164268971891477,AX,-0.195568247161988,L1,-0.0334322318419531,L2,-0.0...
check iteration duration=8.51154327393e-05
GetData ===>> H2,-0.250481943007413,H1,-0.0554193672285706,AX,-0.0380543155591009,L1,-0.0536117246247436,L2,0.0...
testing H1>-5.0
evaluate ot="H1.bs>-5.0" t="H1>-5.0", ctx="{'H1': None}"
check iteration duration=0.000677824020386
GetData ===>> H2,-0.196480600140003,H1,-0.101630212138182,AX,0.0886113550737185,L1,-0.0602154838630931,L2,0.026...
check iteration duration=5.88893890381e-05
GetData ===>> H2,-0.268663958639834,H1,-0.0675790481368342,AX,-0.0998658615092377,L1,-0.0177706411275355,L2,-0....
check iteration duration=3.40938568115e-05
GetData ===>> H2,-0.335105880220787,H1,-0.0569453690470788,AX,-0.134442879476285,L1,-0.0129126359890141,L2,-0.0...
check iteration duration=3.19480895996e-05
GetData ===>> H2,-0.295998356563921,H1,-0.0433655194336023,AX,0.0125532585530834,L1,-0.0194889749197842,L2,0.01...
check iteration duration=5.98430633545e-05
GetData ===>> H2,-0.200249741372321,H1,-0.0247990383964279,AX,-0.0451045774825787,L1,0.00307528261935258,L2,0.0...
testing H1>-5.0
evaluate ot="H1.bs>-5.0" t="H1>-5.0", ctx="{'H1': None}"
check iteration duration=0.000603914260864
10:58:07 -- collecting point 50
GetData ===>> H2,-0.185455437740968,H1,-0.043186668031203,AX,-0.199879073742161,L1,-0.0152687596906549,L2,-0.06...
check iteration duration=7.60555267334e-05
GetData ===>> H2,-0.144930793708278,H1,-0.0627153530791123,AX,-0.0547050996705988,L1,-0.021818389409183,L2,-0.0...
check iteration duration=4.6968460083e-05
GetData ===>> H2,-0.165816966353601,H1,-0.00581163728814431,AX,-0.181916035464978,L1,-0.0431665212552462,L2,-0....
check iteration duration=3.19480895996e-05
GetData ===>> H2,-0.178921388736091,H1,-0.0936935246849789,AX,-0.0381818741767658,L1,-0.0536057440004414,L2,0.0...
check iteration duration=6.48498535156e-05
GetData ===>> H2,-0.158511971538838,H1,-0.0754224504754262,AX,-0.0781922390100641,L1,-0.044409313213028,L2,0.00...
testing H1>-5.0
evaluate ot="H1.bs>-5.0" t="H1>-5.0", ctx="{'H1': None}"
check iteration duration=0.000548124313354
GetData ===>> H2,-0.183888041531099,H1,-0.0620477686404939,AX,0.0632911565862824,L1,-0.0490031959441603,L2,-0.0...
check iteration duration=8.60691070557e-05
GetData ===>> H2,-0.297473151383495,H1,-0.028233560417079,AX,-0.0205308110203761,L1,-0.0673202594430771,L2,-0.0...
check iteration duration=4.10079956055e-05
GetData ===>> H2,-0.246061779556782,H1,-0.00869814523951613,AX,-0.0710052662557112,L1,-0.0308456170669862,L2,0....
check iteration duration=8.48770141602e-05
GetData ===>> H2,-0.278997300519027,H1,-0.0154489090894881,AX,-0.0336012553857816,L1,-0.0319066886260084,L2,0.0...
check iteration duration=9.3936920166e-05
GetData ===>> H2,-0.0721394073919579,H1,-0.020100230552411,AX,-0.0475859626268755,L1,-0.0328910138042902,L2,-0....
testing H1>-5.0
evaluate ot="H1.bs>-5.0" t="H1>-5.0", ctx="{'H1': None}"
check iteration duration=0.000594854354858
GetData ===>> H2,-0.0474757405097915,H1,0.00251437674514423,AX,-0.0758739187023616,L1,0.00261789237757899,L2,-0...
check iteration duration=3.91006469727e-05
waiting for write to finish
measurement finished
estimated time: 62.915 actual time: :63.170
flush and close file /Users/jan/PychronDev/data/isotopes/fc/a1d3c2-f00c-4569-a398-ac57631dddd7.h5
activate_detectors ('H1', 'AX', 'CDD') {'peak_center': True}
peak_center () {'detector': 'H1', 'integration_time': 0.262144, 'isotope': 'Ar40'}
peak center: mean=63.1605910996 threshold=3
peak center started
setup peak center. detector=['H1', 'AX', 'CDD'], isotope=Ar40
VersionedUnpickler [<apptools.sweet_pickle.versioned_unpickler.VersionedUnpickler object at 0x1ca7c6e90>] using Updater [<apptools.sweet_pickle.updater.Updater object at 0x12e273d10>]
VersionedUnpickler [<apptools.sweet_pickle.versioned_unpickler.VersionedUnpickler object at 0x1ca7c6e90>] using Updater [<apptools.sweet_pickle.updater.Updater object at 0x12e273d10>]
VersionedUnpickler [<apptools.sweet_pickle.versioned_unpickler.VersionedUnpickler object at 0x1e1a36f50>] using Updater [<apptools.sweet_pickle.updater.Updater object at 0x12e273d10>]
setting integration time = 0.524288
SetIntegrationTime 0.524288 ===>> OK
Mapping mass to dac mass func: "parabolic"
H1 map mass coeffs = [-0.00063987  0.15840543  0.57271999]
H1 map mass to dac 39.9624 >> 5.88111
GetDeflection H1 ===>> 0
GetHighVoltage ===>> 4499.94659342336
do peak center. <pychron.spectrometer.jobs.peak_center.PeakCenter object at 0x16275af50>
doing pc
starting peak center. center dac= 5.88107536669 step_width=0.001
width = 0.001
get scan parameters. half-width=0.015,window=0.015, i=0, scalar=1
Scan parameters center=5.88108 width=0.03000 (5.86608 - 5.89608)
GetData ===>> H2,-0.192174436832307,H1,-0.0113221711462995,AX,-0.0444320416390286,L1,-0.000522053002138694,L2,0...
Moving to starting dac 5.86607536669
setting magnet DAC
current  : 5.241735
requested: 5.866075
Delta Dac: 0.624340
Checking detector protection. dv=0.62434
Checking detector "CDD". Protection Threshold: 0.1 (V)
ProtectDetector CDD,On ===>> OK
GetDeflection CDD ===>> 2000
Protected = 2000
SetMagnetDAC 5.86607536669 ===>> OK
Magnet settling time: 0.500
GetMagnetMoving ===>> True
GetMagnetMoving ===>> True
GetMagnetMoving ===>> True
GetMagnetMoving ===>> True
GetMagnetMoving ===>> True
GetMagnetMoving ===>> True
GetMagnetMoving ===>> True
GetMagnetMoving ===>> True
GetMagnetMoving ===>> False
ProtectDetector CDD,Off ===>> OK
GetDeflection CDD ===>> 50
Wait until signal near baseline. tol= -0.00849162835972. timeout= 10
GetData ===>> H2,0.288240742629887,H1,1.02912215105551,AX,0.706057885866764,L1,0.0491324460639853,L2,-0.0413251...
GetData ===>> H2,3.57556412563745,H1,1.85502830497872,AX,0.2365555685802,L1,0.356965260935701,L2,0.101327715517...
GetData ===>> H2,3.51692252510146,H1,1.96459153931652,AX,0.278837152829249,L1,0.478917680702296,L2,0.3418366477...
GetData ===>> H2,1.82363080708082,H1,0.922409697871207,AX,0.179257430007663,L1,0.43366312602885,L2,0.0658382729...
GetData ===>> H2,0.703322032282364,H1,0.421507121396059,AX,-0.015879768095138,L1,0.303886438871955,L2,-0.136781...
GetData ===>> H2,0.217196583637895,H1,0.292392735914793,AX,-0.0686404043106838,L1,0.230533747720084,L2,-0.00917...
GetData ===>> H2,-0.0224107382764307,H1,0.159699941351455,AX,-0.113887397793787,L1,0.161832254837712,L2,0.00393...
GetData ===>> H2,-0.167369177349709,H1,0.00365955606034269,AX,-0.0928427457698889,L1,0.0941325195584663,L2,0.03...
GetData ===>> H2,-0.227299425283045,H1,0.0465177666934881,AX,-0.214875437671134,L1,0.0439329896539452,L2,-0.068...
GetData ===>> H2,-0.236240690886797,H1,0.0263511226500814,AX,-0.00771380846506697,L1,0.00678175981822938,L2,-0....
GetData ===>> H2,-0.182628904222439,H1,0.0339877170751237,AX,-0.0175499936240738,L1,-0.0216719450643016,L2,-0.0...
GetData ===>> H2,-0.154251026358843,H1,0.0409088839501638,AX,-0.140835518764857,L1,-0.0118709798915958,L2,-0.04...
GetData ===>> H2,-0.15555622920031,H1,-0.0576368309600948,AX,-0.0307484066344192,L1,-0.00792633367698665,L2,-0....
Peak center baseline intensity achieved
_do_sweep sm= 5.86607536669, em= 5.89607536669, stm= 0.001
calculated step values: start=5.86607536669, end=5.89607536669, width=0.001, nsteps=31.0
setting magnet DAC
current  : 5.866075
requested: 5.866075
Delta Dac: 0.000000
Checking detector protection. dv=0.00000
Checking detector "CDD". Protection Threshold: 0.1 (V)
SetMagnetDAC 5.86607536669 ===>> OK
GetData ===>> H2,-0.15555622920031,H1,-0.0576368309600948,AX,-0.0307484066344192,L1,-0.00792633367698665,L2,-0....
setting magnet DAC
current  : 5.866075
requested: 5.867110
Delta Dac: 0.001034
Checking detector protection. dv=0.00103
Checking detector "CDD". Protection Threshold: 0.1 (V)
SetMagnetDAC 5.86710984945 ===>> OK
Magnet settling time: 1.049
GetData ===>> H2,-0.24022117442989,H1,0.116111963282362,AX,0.00288904199303316,L1,-0.0216120659562959,L2,-0.002...
setting magnet DAC
current  : 5.867110
requested: 5.868144
Delta Dac: 0.001034
Checking detector protection. dv=0.00103
Checking detector "CDD". Protection Threshold: 0.1 (V)
SetMagnetDAC 5.86814433221 ===>> OK
Magnet settling time: 1.049
GetData ===>> H2,-0.229445974488887,H1,0.406156673503699,AX,-0.0847527861406999,L1,0.00530037666333122,L2,0.018...
setting magnet DAC
current  : 5.868144
requested: 5.869179
Delta Dac: 0.001034
Checking detector protection. dv=0.00103
Checking detector "CDD". Protection Threshold: 0.1 (V)
SetMagnetDAC 5.86917881497 ===>> OK
Magnet settling time: 1.049
GetData ===>> H2,-0.199149470705236,H1,1.19565664329133,AX,0.0321978945722202,L1,-0.00746342582002668,L2,0.0532...
setting magnet DAC
current  : 5.869179
requested: 5.870213
Delta Dac: 0.001034
Checking detector protection. dv=0.00103
Checking detector "CDD". Protection Threshold: 0.1 (V)
SetMagnetDAC 5.87021329773 ===>> OK
Magnet settling time: 1.049
GetData ===>> H2,-0.186989671127699,H1,4.40840423305071,AX,0.260491983425008,L1,-0.0430755208143415,L2,0.042960...
setting magnet DAC
current  : 5.870213
requested: 5.871248
Delta Dac: 0.001034
Checking detector protection. dv=0.00103
Checking detector "CDD". Protection Threshold: 0.1 (V)
SetMagnetDAC 5.87124778049 ===>> OK
Magnet settling time: 1.049
GetData ===>> H2,-0.0897195748236682,H1,12.6462282554084,AX,0.963928706701227,L1,-0.0144143968265101,L2,0.33291...
setting magnet DAC
current  : 5.871248
requested: 5.872282
Delta Dac: 0.001034
Checking detector protection. dv=0.00103
Checking detector "CDD". Protection Threshold: 0.1 (V)
SetMagnetDAC 5.87228226325 ===>> OK
Magnet settling time: 1.049
GetData ===>> H2,-0.171919304270685,H1,26.2751715512489,AX,2.49188570569993,L1,-0.0664092749110712,L2,1.4313295...
setting magnet DAC
current  : 5.872282
requested: 5.873317
Delta Dac: 0.001034
Checking detector protection. dv=0.00103
Checking detector "CDD". Protection Threshold: 0.1 (V)
SetMagnetDAC 5.87331674601 ===>> OK
Magnet settling time: 1.049
GetData ===>> H2,-0.14848442196512,H1,48.0517390849435,AX,5.26713857283011,L1,0.0429321077316794,L2,5.319572318...
setting magnet DAC
current  : 5.873317
requested: 5.874351
Delta Dac: 0.001034
Checking detector protection. dv=0.00103
Checking detector "CDD". Protection Threshold: 0.1 (V)
SetMagnetDAC 5.87435122876 ===>> OK
Magnet settling time: 1.049
GetData ===>> H2,0.323838240962241,H1,56.4909984369216,AX,6.71761814423053,L1,0.0960812980132244,L2,10.37933979...
setting magnet DAC
current  : 5.874351
requested: 5.875386
Delta Dac: 0.001034
Checking detector protection. dv=0.00103
Checking detector "CDD". Protection Threshold: 0.1 (V)
SetMagnetDAC 5.87538571152 ===>> OK
Magnet settling time: 1.049
GetData ===>> H2,-0.074555310050353,H1,60.052998875206,AX,7.28457999886466,L1,0.123118624945196,L2,14.444520249...
setting magnet DAC
current  : 5.875386
requested: 5.876420
Delta Dac: 0.001034
Checking detector protection. dv=0.00103
Checking detector "CDD". Protection Threshold: 0.1 (V)
SetMagnetDAC 5.87642019428 ===>> OK
Magnet settling time: 1.049
GetData ===>> H2,-0.204674014228414,H1,61.2657782007434,AX,7.55208280996201,L1,0.112932555140026,L2,16.93048463...
setting magnet DAC
current  : 5.876420
requested: 5.877455
Delta Dac: 0.001034
Checking detector protection. dv=0.00103
Checking detector "CDD". Protection Threshold: 0.1 (V)
SetMagnetDAC 5.87745467704 ===>> OK
Magnet settling time: 1.049
GetData ===>> H2,-0.146371156081092,H1,61.5722807398163,AX,7.71723016117261,L1,0.131346521268812,L2,17.80720728...
setting magnet DAC
current  : 5.877455
requested: 5.878489
Delta Dac: 0.001034
Checking detector protection. dv=0.00103
Checking detector "CDD". Protection Threshold: 0.1 (V)
SetMagnetDAC 5.8784891598 ===>> OK
Magnet settling time: 1.049
GetData ===>> H2,-0.129164295008648,H1,61.5199874711557,AX,7.77053770408912,L1,0.182672409224582,L2,18.06321811...
setting magnet DAC
current  : 5.878489
requested: 5.879524
Delta Dac: 0.001034
Checking detector protection. dv=0.00103
Checking detector "CDD". Protection Threshold: 0.1 (V)
SetMagnetDAC 5.87952364256 ===>> OK
Magnet settling time: 1.049
GetData ===>> H2,-0.248800709255097,H1,61.5228851805131,AX,7.67805134482312,L1,0.11089850003884,L2,18.058552792...
setting magnet DAC
current  : 5.879524
requested: 5.880558
Delta Dac: 0.001034
Checking detector protection. dv=0.00103
Checking detector "CDD". Protection Threshold: 0.1 (V)
SetMagnetDAC 5.88055812532 ===>> OK
Magnet settling time: 1.049
GetData ===>> H2,-0.18463161577421,H1,61.786533386897,AX,7.81614878857535,L1,0.114617052362493,L2,18.0920130278...
setting magnet DAC
current  : 5.880558
requested: 5.881593
Delta Dac: 0.001034
Checking detector protection. dv=0.00103
Checking detector "CDD". Protection Threshold: 0.1 (V)
SetMagnetDAC 5.88159260807 ===>> OK
Magnet settling time: 1.049
GetData ===>> H2,-0.19353575232915,H1,61.7043534450716,AX,7.76245534336287,L1,0.117453336079077,L2,17.975061144...
setting magnet DAC
current  : 5.881593
requested: 5.882627
Delta Dac: 0.001034
Checking detector protection. dv=0.00103
Checking detector "CDD". Protection Threshold: 0.1 (V)
SetMagnetDAC 5.88262709083 ===>> OK
Magnet settling time: 1.049
GetData ===>> H2,-0.16612742556586,H1,61.7147440344521,AX,7.68771806146189,L1,0.15151832667017,L2,17.8715372777...
setting magnet DAC
current  : 5.882627
requested: 5.883662
Delta Dac: 0.001034
Checking detector protection. dv=0.00103
Checking detector "CDD". Protection Threshold: 0.1 (V)
SetMagnetDAC 5.88366157359 ===>> OK
Magnet settling time: 1.049
GetData ===>> H2,-0.144862210593017,H1,61.6957420498488,AX,7.7816610526766,L1,0.0938699810664249,L2,17.76636648...
setting magnet DAC
current  : 5.883662
requested: 5.884696
Delta Dac: 0.001034
Checking detector protection. dv=0.00103
Checking detector "CDD". Protection Threshold: 0.1 (V)
SetMagnetDAC 5.88469605635 ===>> OK
Magnet settling time: 1.049
GetData ===>> H2,-0.179463735961228,H1,61.4597226874189,AX,7.76009107327439,L1,0.105324436530479,L2,17.48945661...
setting magnet DAC
current  : 5.884696
requested: 5.885731
Delta Dac: 0.001034
Checking detector protection. dv=0.00103
Checking detector "CDD". Protection Threshold: 0.1 (V)
SetMagnetDAC 5.88573053911 ===>> OK
Magnet settling time: 1.049
GetData ===>> H2,-0.217866454812672,H1,61.4337761195773,AX,7.52991182343057,L1,0.193828991710439,L2,17.22318454...
setting magnet DAC
current  : 5.885731
requested: 5.886765
Delta Dac: 0.001034
Checking detector protection. dv=0.00103
Checking detector "CDD". Protection Threshold: 0.1 (V)
SetMagnetDAC 5.88676502187 ===>> OK
Magnet settling time: 1.049
GetData ===>> H2,-0.0749294443787735,H1,60.1141874090639,AX,7.41875555147371,L1,0.167370509840563,L2,15.9678483...
setting magnet DAC
current  : 5.886765
requested: 5.887800
Delta Dac: 0.001034
Checking detector protection. dv=0.00103
Checking detector "CDD". Protection Threshold: 0.1 (V)
SetMagnetDAC 5.88779950463 ===>> OK
Magnet settling time: 1.049
GetData ===>> H2,-0.233805065440483,H1,56.4887955865165,AX,6.49072558162768,L1,0.111241099923016,L2,13.37707589...
setting magnet DAC
current  : 5.887800
requested: 5.888834
Delta Dac: 0.001034
Checking detector protection. dv=0.00103
Checking detector "CDD". Protection Threshold: 0.1 (V)
SetMagnetDAC 5.88883398738 ===>> OK
Magnet settling time: 1.049
GetData ===>> H2,-0.307921351374297,H1,47.5071900941895,AX,4.91291833454927,L1,0.124824393762862,L2,8.975389668...
setting magnet DAC
current  : 5.888834
requested: 5.889868
Delta Dac: 0.001034
Checking detector protection. dv=0.00103
Checking detector "CDD". Protection Threshold: 0.1 (V)
SetMagnetDAC 5.88986847014 ===>> OK
Magnet settling time: 1.049
GetData ===>> H2,-0.24472974157646,H1,25.1924524515124,AX,2.01162692237072,L1,0.0735654246684808,L2,3.312524410...
setting magnet DAC
current  : 5.889868
requested: 5.890903
Delta Dac: 0.001034
Checking detector protection. dv=0.00103
Checking detector "CDD". Protection Threshold: 0.1 (V)
SetMagnetDAC 5.8909029529 ===>> OK
Magnet settling time: 1.049
GetData ===>> H2,-0.149040337083249,H1,11.4430363720952,AX,0.896547904761908,L1,0.0587619461415453,L2,1.0936811...
setting magnet DAC
current  : 5.890903
requested: 5.891937
Delta Dac: 0.001034
Checking detector protection. dv=0.00103
Checking detector "CDD". Protection Threshold: 0.1 (V)
SetMagnetDAC 5.89193743566 ===>> OK
Magnet settling time: 1.049
GetData ===>> H2,-0.113915648239387,H1,4.05595967850172,AX,0.208076340627182,L1,0.0217804391961245,L2,0.3597454...
setting magnet DAC
current  : 5.891937
requested: 5.892972
Delta Dac: 0.001034
Checking detector protection. dv=0.00103
Checking detector "CDD". Protection Threshold: 0.1 (V)
SetMagnetDAC 5.89297191842 ===>> OK
Magnet settling time: 1.049
GetData ===>> H2,-0.211160357606084,H1,1.24323223091716,AX,-0.0557717658951583,L1,-0.00377859185540995,L2,0.020...
setting magnet DAC
current  : 5.892972
requested: 5.894006
Delta Dac: 0.001034
Checking detector protection. dv=0.00103
Checking detector "CDD". Protection Threshold: 0.1 (V)
SetMagnetDAC 5.89400640118 ===>> OK
Magnet settling time: 1.049
GetData ===>> H2,-0.122636691883864,H1,0.188896369344183,AX,-0.0782849706734168,L1,-0.045759687436963,L2,-0.085...
setting magnet DAC
current  : 5.894006
requested: 5.895041
Delta Dac: 0.001034
Checking detector protection. dv=0.00103
Checking detector "CDD". Protection Threshold: 0.1 (V)
SetMagnetDAC 5.89504088394 ===>> OK
Magnet settling time: 1.049
GetData ===>> H2,-0.108334972663813,H1,-0.0195516243928438,AX,-0.288766489114978,L1,-0.010197391767666,L2,-0.03...
setting magnet DAC
current  : 5.895041
requested: 5.896075
Delta Dac: 0.001034
Checking detector protection. dv=0.00103
Checking detector "CDD". Protection Threshold: 0.1 (V)
SetMagnetDAC 5.89607536669 ===>> OK
Magnet settling time: 1.049
GetData ===>> H2,-0.0913873033023785,H1,0.012535139981318,AX,-0.119263715355116,L1,-0.000541254549088155,L2,0.0...
result of _do_sweep=True
result of _calculate_peak_center=([5.8731996151916839, 5.8810753666946898, 5.8889511181976957], [45.586055586640768, 61.786039319110422, 44.980571503386777], 5.880564344650602, 61.786039319110422)
Failed to find a valid peak. No peak greater than 1.0. max = 0.181781400326
new center pos Detector(H1) (Ar40) @ 5.88107536669
GetHighVoltage ===>> 4499.94659342336
GetDeflection H1 ===>> 0
dac uncorrected for HV and deflection 5.88111
update mftable H1 Ar40 5.88111 message=automated run peakcenter
get initial guess parabolic
get initial guess parabolic
get initial guess parabolic
get initial guess parabolic
get initial guess parabolic
get initial guess parabolic
dump mftable to /Users/jan/PychronDev/setupfiles/spectrometer/mftables/mftable.csv
add to repo msg=modified - automated run peakcenter
sweep finished
locally archiving mftable
setting magnet DAC
current  : 5.896075
requested: 5.881075
Delta Dac: 0.015000
Checking detector protection. dv=0.01500
Checking detector "CDD". Protection Threshold: 0.1 (V)
SetMagnetDAC 5.88107536669 ===>> OK
Magnet settling time: 0.500
setting integration time = 1.048576
SetIntegrationTime 1.048576 ===>> OK
Failed to find a valid peak. No peak greater than 1.0. max = 0.181781400326
flush and close file /Users/jan/PychronDev/data/isotopes/fc/a1d3c2-f00c-4569-a398-ac57631dddd7.h5
finished measure script
executed snippet estimated_duration=226.132928, duration=270.247692108
jan_unknown120_60.py completed successfully
Measurement Finished
10:59:00 -- ******* Measurement Finished *******
Post Measurement Started jan_pump_ms.py
10:59:00 -- ******* Post Measurement Started jan_pump_ms.py *******
testing...
no interpolation path defined
executed snippet estimated_duration=0, duration=3.09944152832e-05
Pumping spectrometer
open () {'name': 'O'}
opening name=O desc=---
checking ownership. requestor=129.138.12.150
check software interlocks O
interlocks []
actuate state mode=None-script, software_lock=False
doing actuation None-script open_channel True
Open O ===>> OK
GetIndicatorState O ===>> OK
change switch state (True, True)
update switch state O True args=() kw={} ncanvase=6
10:59:00 -- OPEN   VALVE-O (Jan Ion Pump)
---------------------------------------- open O () result=[(True, True)], time=0.11 sec
action=open, ok=True, locked=[False]
executed snippet estimated_duration=0, duration=0.364805936813
jan_pump_ms.py completed successfully
setting _ms_pumptime
Post Measurement Finished
10:59:01 -- ******* Post Measurement Finished *******
$$$$$$$$$$$$$$$$$$$$ state at run end measurement
state changed from measurement to success
post measurement save measured=True aborted=False
Set filtering
setting fod for Ar40= {'filter_outliers': True, 'std_devs': 2, 'iterations': 1}
setting fod for H1= {'filter_outliers': True, 'std_devs': 2, 'iterations': 1}
setting fod for PM41= {'filter_outliers': False, 'std_devs': 2, 'iterations': 1}
setting fod for H2= {'filter_outliers': True, 'std_devs': 2, 'iterations': 1}
setting fod for Ar36= {'filter_outliers': True, 'std_devs': 2, 'iterations': 1}
setting fod for CDD= {'filter_outliers': True, 'std_devs': 10, 'iterations': 1}
setting fod for Ar37= {'filter_outliers': True, 'std_devs': 2, 'iterations': 1}
setting fod for L2= {'filter_outliers': True, 'std_devs': 2, 'iterations': 1}
setting fod for Ar38= {'filter_outliers': True, 'std_devs': 2, 'iterations': 1}
setting fod for L1= {'filter_outliers': True, 'std_devs': 2, 'iterations': 1}
setting fod for Ar39= {'filter_outliers': True, 'std_devs': 2, 'iterations': 1}
setting fod for AX= {'filter_outliers': True, 'std_devs': 2, 'iterations': 1}
persistence save...
persistence save - db
post measurement save
8053495184 connecting to database sqlite:////Users/jan/PychronDev/.appdata/local_lab.db
connected to db sqlite:////Users/jan/PychronDev/.appdata/local_lab.db
create new session 8053495184
close session 8053495184
No database instance. Not saving post measurement to isotopedb database
$$$$$$$$$$$$$$$ auto_save_detector_ic=False
massspec enabled True
create new session 4997822608
MassSpec Database Version: 16.0
close session 4997822608
saving post measurement to secondary database
saving to massspec database 129.138.12.160/massspecdata
setting labnumber to 65448
setting aliquot to 7
setting step to C
setting uuid to fca1d3c2-f00c-4569-a398-ac57631dddd7
setting irradpos to 65448
setting extract_device to Fusions CO2
setting tray to 
setting position to 186
setting power_requested to 5.0
setting extract_value to 5.0
setting duration to 30.0
setting duration_at_request to 30.0
setting first_stage_delay to 30.0
setting cleanup to 30.0
setting comment to J:2 Plag, 5 crystals
setting irradiation to NM-288
setting level to J
setting irradiation_level to J
setting sample to MB.46.1
setting material to Plagioclase
setting project to IR973
setting mass_spectrometer to Jan
no attribute chron_dosages
no attribute production_ratios
no attribute interference_corrections
no attribute production_name
no attribute j
Reference Isotope=Ar40
Reference Detector=H1
%%%%%%%%%%%%%%%%%%%% Comment: J:2 Plag, 5 crystals %%%%%%%%%%%%%%%%%%%
adding isotope PM41 H2
add baseline dbdet= PM41. original det= H2
get baseline data PM41 H2
Get data baseline <pychron.processing.isotope.Baseline object at 0x1e5e78650> len t=60
baseline PM41. v=-0.195248717432, e=0.00712097260326
get signal data PM41 H2
Get data signal PM41 0.05+/-0.07 len t=120
adding isotope Ar40 H1
add baseline dbdet= Ar40. original det= H1
get baseline data Ar40 H1
Get data baseline <pychron.processing.isotope.Baseline object at 0x1e5e78850> len t=60
baseline Ar40. v=-0.045579287572, e=0.00600056189629
get signal data Ar40 H1
Get data signal Ar40 64.475+/-0.017 len t=120
adding isotope Ar39 AX
add baseline dbdet= Ar39. original det= AX
get baseline data Ar39 AX
Get data baseline <pychron.processing.isotope.Baseline object at 0x1e5e78a10> len t=60
baseline Ar39. v=-0.0744873203537, e=0.00676432013202
get signal data Ar39 AX
Get data signal Ar39 8.328+/-0.011 len t=120
adding isotope Ar38 L1
add baseline dbdet= Ar38. original det= L1
get baseline data Ar38 L1
Get data baseline <pychron.processing.isotope.Baseline object at 0x1e5e78bd0> len t=60
baseline Ar38. v=-0.032437278166, e=0.00296915041512
get signal data Ar38 L1
Get data signal Ar38 0.187+/-0.005 len t=120
adding isotope Ar37 L2
add baseline dbdet= Ar37. original det= L2
get baseline data Ar37 L2
Get data baseline <pychron.processing.isotope.Baseline object at 0x1e5e78d90> len t=60
baseline Ar37. v=-0.0134451311652, e=0.00623171744508
get signal data Ar37 L2
Get data signal Ar37 19.790+/-0.013 len t=120
adding isotope Ar36 CDD
add baseline dbdet= Ar36. original det= CDD
get baseline data Ar36 CDD
Get data baseline <pychron.processing.isotope.Baseline object at 0x1e5e78f50> len t=60
baseline Ar36. v=1.98487215409e-05, e=7.47823212825e-06
get signal data Ar36 CDD
Get data signal Ar36 0.1810+/-0.0010 len t=120
65448-07C added analysis time 0.515522003174s
analysis added to mass spec database
mass spec save time= 0.523
persistence save - dvc
================= post measurement started
create new session 4992585168
close session 4992585168
---------------- Experiment Queue saving disabled
DVC saving peakcenter
Failed to find a valid peak. No peak greater than 1.0. max = 0.181781400326
Smart pull ahead: 0 behind: 0
Up-to-date with origin
add to repo msg=modified - ad8224ebc6dbfeb9f5997218dfa5fe690569839d.json
add to repo msg=modified - 48-07C.json
add to repo msg=modified - 48-07C.dat.json
add to repo msg=modified - 48-07C.blan.json
add to repo msg=modified - 48-07C.inte.json
add to repo msg=modified - 48-07C.icfa.json
add to repo msg=modified - 48-07C.base.json
not at valid file /Users/jan/PychronDev/data/.dvc/repositories/Load1794/654/tags/48-07C.tags.json
add to repo msg=modified - 48-07C.peak.json
add to repo msg=modified - 48-07C.extr.json
not at valid file /Users/jan/PychronDev/data/.dvc/repositories/Load1794/654/monitor/48-07C.moni.json
commit message=<COLLECTION>
add to repo msg=modified - 48-07C.inte.json
add to repo msg=modified - 48-07C.base.json
commit message=<ISOEVO> default collection fits
add to repo msg=modified - 48-07C.blan.json
commit message=<BLANKS> preceding bu-FC-J-7809
add to repo msg=modified - 48-07C.icfa.json
commit message=<ICFactor> default
push repository <pychron.git_archive.repo_manager.GitRepoManager object at 0x1bdc0a410>
pushing to remote=origin, url=https://github.com
no changes to meta repo
create new session 4992585168
add association Load1794
get identifier "65448"
setting analysis irradiation position=<pychron.dvc.dvc_orm.IrradiationPositionTbl object at 0x1d82b7fd0>
close session 4992585168
================= post measurement finished
10:59:13 -- ******* Post Run Check *******
loading queue conditionals post_run_actions
loading system conditionals post_run_actions
loading conditionals from /Users/jan/PychronDev/setupfiles/spectrometer/default_conditionals.yaml
loading queue conditionals post_run_terminations
loading system conditionals post_run_terminations
loading conditionals from /Users/jan/PychronDev/setupfiles/spectrometer/default_conditionals.yaml
Checking default post run terminations n=1
GetDeflection CDD ===>> 50
testing CDD==2000
evaluate ot="CDD.deflection==2000" t="CDD==2000", ctx="{'CDD': 50.0}"
10:59:13 -- ******* Post Run Check Passed *******
10:59:13 -- Automated run 65448-07C success duration: 358.250 s
----------------- finish -----------------
----------------- stop -----------------
retroactive repository identifiers disabled
finish run. runs completed=134
update duration runid=65448-07C, duration=358.250442982, md5=301e91d8
loading script "jan_unknown400_120.py"
loading script "jan_pump_ms.py"
loading script "jan_co2.py"
loading script "jan_pump_extraction_line.py"
testing...
no interpolation path defined
executed snippet estimated_duration=556.052928, duration=0.000226974487305
script duration name:unknown400_120 seconds:556.0
loading script "jan_unknown400_120.py"
loading script "jan_pump_ms.py"
loading script "jan_co2.py"
loading script "jan_pump_extraction_line.py"
testing...
no interpolation path defined
executed snippet estimated_duration=0, duration=2.40802764893e-05
loading script "jan_unknown400_120.py"
loading script "jan_pump_ms.py"
loading script "jan_co2.py"
loading script "jan_pump_extraction_line.py"
testing...
no interpolation path defined
calculate duration
testing...
no interpolation path defined
executed snippet estimated_duration=0, duration=7.10487365723e-05
calculate duration
testing...
no interpolation path defined
executed snippet estimated_duration=0, duration=0.000155925750732
executed snippet estimated_duration=0.0, duration=0.00498414039612
script duration name:co2 seconds:0.0
loading script "jan_unknown400_120.py"
loading script "jan_pump_ms.py"
loading script "jan_co2.py"
loading script "jan_pump_extraction_line.py"
testing...
no interpolation path defined
calculate duration
testing...
no interpolation path defined
executed snippet estimated_duration=4.0, duration=0.000151872634888
executed snippet estimated_duration=4.0, duration=0.00142407417297
Script duration 556.0
Run total estimated duration= 557.000
loading script "jan_unknown120_60.py"
loading script "jan_pump_ms.py"
loading script "jan_co2.py"
loading script "jan_pump_extraction_line.py"
testing...
no interpolation path defined
executed snippet estimated_duration=213.652928, duration=0.000301122665405
script duration name:unknown120_60 seconds:214.0
pump_ms in script context. using previous estimated duration
co2 in script context. using previous estimated duration
script duration name:co2 seconds:0.0
pump_extraction_line in script context. using previous estimated duration
Script duration 214.0
Run total estimated duration= 215.000
unknown120_60 in script context. using previous estimated duration
script duration name:unknown120_60 seconds:214.0
script duration name:co2 seconds:0.0
Script duration 214.0
Run total estimated duration= 215.000
script duration name:unknown120_60 seconds:214.0
script duration name:co2 seconds:0.0
Script duration 214.0
Run total estimated duration= 215.000
unknown400_120 in script context. using previous estimated duration
script duration name:unknown400_120 seconds:556.0
loading script "jan_unknown400_120.py"
loading script "jan_pump_ms.py"
loading script "jan_cocktail_x1.py"
loading script "jan_pump_extraction_line.py"
testing...
no interpolation path defined
calculate duration
testing...
no interpolation path defined
executed snippet estimated_duration=0, duration=4.81605529785e-05
calculate duration
testing...
no interpolation path defined
executed snippet estimated_duration=0, duration=0.000123023986816
calculate duration
testing...
no interpolation path defined
executed snippet estimated_duration=32.0, duration=0.000104904174805
calculate duration
testing...
no interpolation path defined
executed snippet estimated_duration=34.0, duration=9.79900360107e-05
calculate duration
testing...
no interpolation path defined
executed snippet estimated_duration=4.0, duration=6.60419464111e-05
calculate duration
testing...
no interpolation path defined
executed snippet estimated_duration=38.0, duration=9.79900360107e-05
executed snippet estimated_duration=108.0, duration=0.0113499164581
script duration name:cocktail_x1 seconds:108.0
Script duration 664.0
Run total estimated duration= 665.000
script duration name:unknown400_120 seconds:556.0
cocktail_x1 in script context. using previous estimated duration
script duration name:cocktail_x1 seconds:108.0
Script duration 664.0
Run total estimated duration= 665.000
loading script "jan_ic_peak_hop3.py"
loading script "jan_pump_ms.py"
loading script "jan_air_x1.py"
loading script "jan_pump_extraction_line.py"
testing...
no interpolation path defined
executed snippet estimated_duration=133.8, duration=0.0096161365509
script duration name:ic_peak_hop3 seconds:134.0
loading script "jan_ic_peak_hop3.py"
loading script "jan_pump_ms.py"
loading script "jan_air_x1.py"
loading script "jan_pump_extraction_line.py"
testing...
no interpolation path defined
calculate duration
testing...
no interpolation path defined
executed snippet estimated_duration=0, duration=6.89029693604e-05
calculate duration
testing...
no interpolation path defined
executed snippet estimated_duration=0, duration=0.000133037567139
calculate duration
testing...
no interpolation path defined
executed snippet estimated_duration=32.0, duration=9.10758972168e-05
calculate duration
testing...
no interpolation path defined
executed snippet estimated_duration=34.0, duration=0.00016188621521
calculate duration
testing...
no interpolation path defined
executed snippet estimated_duration=4.0, duration=7.70092010498e-05
calculate duration
testing...
no interpolation path defined
executed snippet estimated_duration=36.0, duration=9.70363616943e-05
executed snippet estimated_duration=106.0, duration=0.0184378623962
script duration name:air_x1 seconds:106.0
Script duration 240.0
Run total estimated duration= 241.000
script duration name:unknown120_60 seconds:214.0
script duration name:co2 seconds:0.0
Script duration 214.0
Run total estimated duration= 215.000
script duration name:unknown120_60 seconds:214.0
script duration name:co2 seconds:0.0
Script duration 214.0
Run total estimated duration= 215.000
script duration name:unknown120_60 seconds:214.0
script duration name:co2 seconds:0.0
Script duration 214.0
Run total estimated duration= 215.000
script duration name:unknown400_120 seconds:556.0
loading script "jan_unknown400_120.py"
loading script "jan_pump_ms.py"
loading script "jan_sniffair_x2.py"
loading script "jan_pump_extraction_line.py"
testing...
no interpolation path defined
calculate duration
testing...
no interpolation path defined
executed snippet estimated_duration=0, duration=6.103515625e-05
calculate duration
testing...
no interpolation path defined
executed snippet estimated_duration=0, duration=0.000112056732178
calculate duration
testing...
no interpolation path defined
executed snippet estimated_duration=32.0, duration=0.000137090682983
calculate duration
testing...
no interpolation path defined
executed snippet estimated_duration=34.0, duration=0.000195980072021
calculate duration
testing...
no interpolation path defined
executed snippet estimated_duration=4.0, duration=9.60826873779e-05
calculate duration
testing...
no interpolation path defined
executed snippet estimated_duration=36.0, duration=0.000105857849121
calculate duration
testing...
no interpolation path defined
executed snippet estimated_duration=34.0, duration=0.000113964080811
calculate duration
testing...
no interpolation path defined
executed snippet estimated_duration=4.0, duration=6.19888305664e-05
calculate duration
testing...
no interpolation path defined
executed snippet estimated_duration=36.0, duration=8.70227813721e-05
calculate duration
testing...
no interpolation path defined
executed snippet estimated_duration=70.0, duration=0.000134944915771
executed snippet estimated_duration=250.0, duration=0.0192439556122
script duration name:sniffair_x2 seconds:250.0
Script duration 806.0
Run total estimated duration= 807.000
script duration name:unknown400_120 seconds:556.0
sniffair_x2 in script context. using previous estimated duration
script duration name:sniffair_x2 seconds:250.0
Script duration 806.0
Run total estimated duration= 807.000
nruns=12 before=0.0, run_dur=5032.0, btw=0.0
write rem/ex queues
/Users/jan/PychronDev/experiments/rem/CurrentExperiment.rem.txt
/Users/jan/PychronDev/experiments/rem/CurrentExperiment.ex.txt
doing event level: 3
