do run
loading script "jan_unknown120_60.py"
loading script "jan_pump_ms.py"
loading script "jan_co2.py"
loading script "jan_pump_extraction_line.py"
testing...
no interpolation path defined
executed snippet estimated_duration=213.652928, duration=0.000195980072021
script duration name:unknown120_60 seconds:214.0
loading script "jan_unknown120_60.py"
loading script "jan_pump_ms.py"
loading script "jan_co2.py"
loading script "jan_pump_extraction_line.py"
testing...
no interpolation path defined
executed snippet estimated_duration=0, duration=3.60012054443e-05
loading script "jan_unknown120_60.py"
loading script "jan_pump_ms.py"
loading script "jan_co2.py"
loading script "jan_pump_extraction_line.py"
testing...
no interpolation path defined
calculate duration
testing...
no interpolation path defined
executed snippet estimated_duration=0, duration=6.5803527832e-05
calculate duration
testing...
no interpolation path defined
executed snippet estimated_duration=0, duration=9.79900360107e-05
executed snippet estimated_duration=0.0, duration=0.00301098823547
script duration name:co2 seconds:0.0
loading script "jan_unknown120_60.py"
loading script "jan_pump_ms.py"
loading script "jan_co2.py"
loading script "jan_pump_extraction_line.py"
testing...
no interpolation path defined
calculate duration
testing...
no interpolation path defined
executed snippet estimated_duration=4.0, duration=0.000205993652344
executed snippet estimated_duration=4.0, duration=0.00156092643738
Script duration 214.0
Run total estimated duration= 215.000
run duration: 0:03:35
doing event level: 2
14:32:18 -- Setting default integration. t=1.048576
setting integration time = 1.048576
SetIntegrationTime 1.048576 ===>> OK
----------------- start -----------------
**************** Experiment Type: Ar/Ar, Ar/Ar
create new session 4419438256
close session 4419438256
$$$$$ Clearing conditionals
adding conditionals 
Add queue conditionals
add default conditionals
adding default conditionals from /Users/jan/PychronDev/setupfiles/spectrometer/default_conditionals.yaml
Start automated run 65448-02A
loading script "jan_unknown120_60.py"
loading script "jan_pump_ms.py"
loading script "jan_co2.py"
loading script "jan_pump_extraction_line.py"
%%%%%%%%%%%%%%%%%% setting automated run 65448-02A
No value "sensitivity_multiplier" in metadata
$$$$$$$$$$$$$$$ auto_save_detector_ic=False
============================= Pre Extraction Check =============================
loading queue conditionals pre_run_terminations
loading system conditionals pre_run_terminations
loading conditionals from /Users/jan/PychronDev/setupfiles/spectrometer/default_conditionals.yaml
14:32:18 -- ******* Pre Extraction Check *******
Get a measurement from the spectrometer
GetData ===>> H2,-0.242164789491683,H1,-0.0684134818643266,AX,-0.122832313805485,L1,-0.0168184163435933,L2,0.02...
Pre Extraction Termination data. keys=H2,H1,AX,L1,L2,CDD, signals=-0.24216,-0.06841,-0.12283,-0.01682,0.02724,0.00268
14:32:18 -- testing system defined conditionals
Checking default pre extraction terminations n=2
testing CDD
evaluate ot="CDD.inactive" t="CDD", ctx="{'CDD': False}"
GetDeflection CDD ===>> 50
testing CDD==2000
evaluate ot="CDD.deflection==2000" t="CDD==2000", ctx="{'CDD': 50.0}"
14:32:18 -- ******* Pre Extraction Check Passed *******
=================================================================================
14:32:18 -- stopping status monitor
stop 5288834736
Alive clients [5025639504, 4992986192]
14:32:18 -- starting status monitor
start 5288834736
Monitor already running
start extraction
do extraction
Analysis started at 14:32:18.164527
Extraction Started jan_co2.py
14:32:18 -- ******* Extraction Started jan_co2.py *******
state changed from not run to extraction
DO EXTRACTION <pychron.extraction_line.pyscript_runner.RemotePyScriptRunner object at 0x12bfe48f0>
testing...
no interpolation path defined
calculate duration
testing...
no interpolation path defined
executed snippet estimated_duration=0, duration=6.103515625e-05
calculate duration
testing...
no interpolation path defined
executed snippet estimated_duration=0, duration=0.000142097473145
executed snippet estimated_duration=100.0, duration=0.00324487686157
Jan CO2 laser analysis
doing GOSUB
testing...
no interpolation path defined
executed snippet estimated_duration=0, duration=5.19752502441e-05
Waiting for CO2 access
wait ('FelixCO2Flag', 0) {}
waiting for FelixCO2Flag = 0
Read FelixCO2Flag ===>> 0
finished waiting
CO2 free
wait ('CO2PumpTimeFlag', 0) {}
waiting for CO2PumpTimeFlag = 0
Read CO2PumpTimeFlag ===>> 0
finished waiting
acquire ('JanCO2Flag',) {'clear': True}
acquire JanCO2Flag
Set JanCO2Flag 1 ===>> OK
JanCO2Flag acquired
set extraction state False (0.75, 'red', 1.5)
CO2 acquired
executed snippet estimated_duration=0, duration=0.0178470611572
WaitForCO2Access.py completed successfully
gosub finished
doing GOSUB
testing...
no interpolation path defined
executed snippet estimated_duration=0, duration=9.89437103271e-05
Prepare for CO2 analysis
close () {'description': 'Jan Inlet'}
closing name=--- desc=Jan Inlet
checking ownership. requestor=129.138.12.150
check software interlocks R
interlocks []
actuate state mode=None-script, software_lock=False
doing actuation None-script close_channel False
Close R ===>> OK
GetIndicatorState R ===>> False
change switch state (True, True)
update switch state R False args=() kw={} ncanvase=6
14:32:18 -- CLOSE  VALVE-R (Jan Inlet)
---------------------------------------- close None (Jan Inlet) result=[(True, True)]
action=close, ok=True, locked=[False]
open () {'description': 'Jan Ion Pump'}
opening name=--- desc=Jan Ion Pump
checking ownership. requestor=129.138.12.150
check software interlocks O
interlocks []
actuate state mode=None-script, software_lock=False
doing actuation None-script open_channel False
Open O ===>> OK
GetIndicatorState O ===>> OK
change switch state (True, True)
update switch state O True args=() kw={} ncanvase=6
14:32:18 -- OPEN   VALVE-O (Jan Ion Pump)
---------------------------------------- open None (Jan Ion Pump) result=[(True, True)], time=0.10 sec
action=open, ok=True, locked=[False]
close () {'description': 'Microbone to Minibone'}
closing name=--- desc=Microbone to Minibone
checking ownership. requestor=129.138.12.150
check software interlocks L
interlocks []
actuate state mode=None-script, software_lock=False
doing actuation None-script close_channel False
Close L ===>> OK
GetIndicatorState L ===>> False
change switch state (True, True)
update switch state L False args=() kw={} ncanvase=6
14:32:19 -- CLOSE  VALVE-L (Microbone to Minibone)
---------------------------------------- close None (Microbone to Minibone) result=[(True, True)]
action=close, ok=True, locked=[False]
open () {'description': 'Microbone to Turbo'}
opening name=--- desc=Microbone to Turbo
checking ownership. requestor=129.138.12.150
check software interlocks U
interlocks []
actuate state mode=None-script, software_lock=False
doing actuation None-script open_channel False
Open U ===>> OK
GetIndicatorState U ===>> OK
change switch state (True, True)
update switch state U True args=() kw={} ncanvase=6
14:32:20 -- OPEN   VALVE-U (Microbone to Turbo)
---------------------------------------- open None (Microbone to Turbo) result=[(True, True)], time=0.14 sec
action=open, ok=True, locked=[False]
open () {'description': 'Microbone to Inlet Pipette'}
opening name=--- desc=Microbone to Inlet Pipette
checking ownership. requestor=129.138.12.150
check software interlocks S
interlocks []
actuate state mode=None-script, software_lock=False
doing actuation None-script open_channel False
Open S ===>> OK
GetIndicatorState S ===>> OK
change switch state (True, True)
update switch state S True args=() kw={} ncanvase=6
14:32:20 -- OPEN   VALVE-S (Microbone to Inlet Pipette)
---------------------------------------- open None (Microbone to Inlet Pipette) result=[(True, True)], time=0.41 sec
action=open, ok=True, locked=[False]
open () {'description': 'Microbone to Getter D-50'}
opening name=--- desc=Microbone to Getter D-50
checking ownership. requestor=129.138.12.150
check software interlocks K
interlocks []
actuate state mode=None-script, software_lock=False
doing actuation None-script open_channel False
Open K ===>> OK
GetIndicatorState K ===>> OK
change switch state (True, True)
update switch state K True args=() kw={} ncanvase=6
14:32:21 -- OPEN   VALVE-K (Microbone to Getter D-50)
---------------------------------------- open None (Microbone to Getter D-50) result=[(True, True)], time=0.43 sec
action=open, ok=True, locked=[False]
open () {'description': 'Microbone to Getter NP-10'}
opening name=--- desc=Microbone to Getter NP-10
checking ownership. requestor=129.138.12.150
check software interlocks M
interlocks []
actuate state mode=None-script, software_lock=False
doing actuation None-script open_channel False
Open M ===>> OK
GetIndicatorState M ===>> OK
change switch state (True, True)
update switch state M True args=() kw={} ncanvase=6
14:32:21 -- OPEN   VALVE-M (Microbone to Getter NP-10)
---------------------------------------- open None (Microbone to Getter NP-10) result=[(True, True)], time=0.15 sec
action=open, ok=True, locked=[False]
close () {'description': 'CO2 Laser to Felix'}
closing name=--- desc=CO2 Laser to Felix
checking ownership. requestor=129.138.12.150
check software interlocks F
interlocks []
actuate state mode=None-script, software_lock=True
VALVE-F(CO2 Laser to Felix) software locked
change switch state (True, False)
---------------------------------------- close None (CO2 Laser to Felix) result=[(True, False)]
action=close, ok=True, locked=[True]
open () {'description': 'CO2 Laser to Jan'}
opening name=--- desc=CO2 Laser to Jan
checking ownership. requestor=129.138.12.150
check software interlocks A
interlocks []
actuate state mode=None-script, software_lock=False
doing actuation None-script open_channel False
Open A ===>> OK
GetIndicatorState A ===>> OK
change switch state (True, True)
update switch state A True args=() kw={} ncanvase=6
14:32:22 -- OPEN   VALVE-A (CO2 Laser to Jan)
---------------------------------------- open None (CO2 Laser to Jan) result=[(True, True)], time=0.14 sec
action=open, ok=True, locked=[False]
open () {'description': 'Microbone to CO2 Laser'}
opening name=--- desc=Microbone to CO2 Laser
checking ownership. requestor=129.138.12.150
check software interlocks T
interlocks []
actuate state mode=None-script, software_lock=False
doing actuation None-script open_channel False
Open T ===>> OK
GetIndicatorState T ===>> OK
change switch state (True, True)
update switch state T True args=() kw={} ncanvase=6
14:32:22 -- OPEN   VALVE-T (Microbone to CO2 Laser)
---------------------------------------- open None (Microbone to CO2 Laser) result=[(True, True)], time=0.43 sec
action=open, ok=True, locked=[False]
executed snippet estimated_duration=0, duration=4.98174905777
PrepareForCO2Analysis.py completed successfully
gosub finished
set_motor ('beam', '1.25') {}
setting motor "beam" to 1.25
set motor beam to 1.25
SetMotor beam,1.25 ===>> OK
GetMotorMoving beam ===>> False
GetMotorMoving beam ===>> False
Block completed
move_to_position ('163',) {'autocenter': True}
FusionsCO2 move to position 163
sending GoToHole 163,True
GoToHole 163,True ===>> OK
GetDriveMoving ===>> OK
GetDriveMoving ===>> OK
GetDriveMoving ===>> OK
GetDriveMoving ===>> OK
GetDriveMoving ===>> OK
GetDriveMoving ===>> OK
GetDriveMoving ===>> OK
GetDriveMoving ===>> OK
GetDriveMoving ===>> OK
GetDriveMoving ===>> False
GetDriveMoving ===>> False
Block completed
GetAutoCorrecting ===>> OK
GetAutoCorrecting ===>> OK
GetAutoCorrecting ===>> False
GetAutoCorrecting ===>> False
Block completed
update position
GetPosition ===>> 3.98780,-5.98170,1.00000
got position (3.9878, -5.9817, 1.0)
move to position succeeded
sleep (5,) {}
SLEEP 5.0
block started
WaitControl setup for 5.0  
Join finished
block finished. duration 5.03851985931
close () {'description': 'Microbone to Turbo'}
closing name=--- desc=Microbone to Turbo
checking ownership. requestor=129.138.12.150
check software interlocks U
interlocks []
actuate state mode=None-script, software_lock=False
doing actuation None-script close_channel True
Close U ===>> OK
set states for children of U. state=False
handle state [('U', False)]
update switch state U False args=() kw={'refresh': False} ncanvase=6
refresh_canvas_needed fired
GetIndicatorState U ===>> False
change switch state (True, True)
update switch state U False args=() kw={} ncanvase=6
14:32:34 -- CLOSE  VALVE-U (Microbone to Turbo)
---------------------------------------- close None (Microbone to Turbo) result=[(True, True)]
action=close, ok=True, locked=[False]
enable laser
enable () {}
set extraction state FusionsCO2 Enabled (False, 'red', 1.5)
enabling laser
Enable ===>> OK
begin interval
BEGIN INTERVAL Interval 1 waiting for 30.0
block started
set extract to 0.3
WaitControl setup for 30.0  
extract (0.3,) {}
GetPosition ===>> 3.98780,-5.98170,1.00000
set extraction state FusionsCO2 ON! 0.3(watts) (0.75, 'red', 1.5)
extract sample to 0.3 (watts)
set laser output
SetLaserOutput 0.3,watts ===>> OK
executing pattern triangle.lp
execute_pattern ('triangle.lp',) {}
executing pattern triangle.lp
IsPatterning ===>> OK
IsPatterning ===>> OK
IsPatterning ===>> OK
IsPatterning ===>> OK
IsPatterning ===>> OK
IsPatterning ===>> OK
IsPatterning ===>> OK
IsPatterning ===>> OK
IsPatterning ===>> OK
IsPatterning ===>> OK
IsPatterning ===>> OK
IsPatterning ===>> OK
IsPatterning ===>> OK
IsPatterning ===>> OK
IsPatterning ===>> OK
IsPatterning ===>> OK
IsPatterning ===>> OK
IsPatterning ===>> OK
IsPatterning ===>> OK
IsPatterning ===>> OK
IsPatterning ===>> OK
IsPatterning ===>> OK
IsPatterning ===>> OK
IsPatterning ===>> OK
IsPatterning ===>> OK
IsPatterning ===>> OK
IsPatterning ===>> False
IsPatterning ===>> False
Block completed
COMPLETE INTERVAL waiting for Interval 1 to complete
Join finished
block finished. duration 30.1179139614
Interval 1 finished
end_extract () {}
ending extraction. set laser power to 0
set laser power 0
SetLaserPower 0 ===>> OK
disable () {}
%%%%%%%%%%%%%%%%%%%%%%%%%%%%%%%%%%% disable
set extraction state False (0.75, 'red', 1.5)
disabling laser
Disable ===>> OK
sleep (30.0,) {}
SLEEP 30.0
block started
WaitControl setup for 30.0  
Join finished
block finished. duration 30.0780208111
executed snippet estimated_duration=166.0, duration=77.9208738804
jan_co2.py completed successfully
GetAchievedOutput ===>> No Response
Requested Output= 0.000
Achieved Output=  0.000
GetResponseBlob ===>> No Response
GetOutputBlob ===>> No Response
persistence save...
persistence save - db
AutomatedRunPersister post_extraction_save deprecated
persistence save - dvc
no extraction position for 163
create new session 4992585168
close session 4992585168
Extraction Finished
14:33:36 -- ******* Extraction Finished *******
no overlap. not waiting for min ms pumptime
14:33:36 -- Sending spectrometer configuration
======== Sending configuration ========
SetDeflection CDD,50.0 ===>> OK
SetDeflection H2,0.0 ===>> OK
SetDeflection H1,0.0 ===>> OK
SetDeflection L2,825.0 ===>> OK
SetDeflection L1,400.0 ===>> OK
SetDeflection AX,190.0 ===>> OK
SetZFocus 74.64 ===>> OK
SetZSymmetry -50.72 ===>> OK
SetExtractionLens 26.13 ===>> OK
SetIonRepeller -3.81 ===>> OK
SetElectronEnergy 75.08 ===>> OK
SetYSymmetry -2.81 ===>> OK
SetIonCounterVoltage 1590.0 ===>> OK
send trap current 200.0
GetParameter Trap Current Readback ===>> 198.035158395898
SetParameter Trap Current Set,200.0 ===>> OK
updating mftable name mftable
Using mftable located at /Users/jan/PychronDev/setupfiles/spectrometer/mftables/mftable.csv
============ MFtable ===========
Isotope  H2     H1     AX     L1     L2     CDD    
Ar40     5.8227 5.8809 5.9941 6.1626 6.2326 6.3908
Ar39     5.7219 5.7732 5.8865 6.0487 6.1177 6.2773
Ar36     5.3994 5.4422 5.5499 5.7075 5.7727 5.9284
================================
get initial guess parabolic
get initial guess parabolic
get initial guess parabolic
get initial guess parabolic
get initial guess parabolic
get initial guess parabolic
======== Configuration Finished ========
GetYSymmetry ===>> -2.81
GetZSymmetry ===>> -50.72
GetParameter Trap Current Readback ===>> 197.923274125618
GetHighVoltage ===>> 4499.94659342336
start measurement
do measurement
L#=65448 analysis type=unknown
Measurement Started jan_unknown120_60.py
14:33:36 -- ******* Measurement Started jan_unknown120_60.py *******
state changed from extraction to measurement
setting spec, defl, and gains
GetExtractionLens ===>> 26.13
GetYSymmetry ===>> -2.81
GetZSymmetry ===>> -50.72
GetZFocus ===>> 74.64
GetDeflection H2 ===>> 0
GetDeflection H1 ===>> 0
GetDeflection AX ===>> 190
GetDeflection L1 ===>> 400
GetDeflection L2 ===>> 825
GetDeflection CDD ===>> 50
GetGain H2 ===>> 0.0113
GetGain H1 ===>> 0.1
GetGain AX ===>> 0.097049
GetGain L1 ===>> 0.010355
GetGain L2 ===>> 0.095649
GetGain CDD ===>> 0
pre measurement save
New frame /Users/jan/PychronDev/data/isotopes/f3/ef601c-df49-4c1a-ad5e-e3074aa9cde5.h5
flush and close file /Users/jan/PychronDev/data/isotopes/f3/ef601c-df49-4c1a-ad5e-e3074aa9cde5.h5
testing...
no interpolation path defined
executed snippet estimated_duration=226.132928, duration=0.000180006027222
unknown measurement script
activate_detectors ('H2', 'H1', 'AX', 'L1', 'L2', 'CDD') {}
activate detectors
*************** Set Analysis View Ar/Ar
create graphs
clearing graphs
clear isotope group
setting isotope det=H2, iso=PM41
setting isotope det=H1, iso=Ar40
setting isotope det=AX, iso=Ar39
setting isotope det=L1, iso=Ar38
setting isotope det=L2, iso=Ar37
setting isotope det=CDD, iso=Ar36
setting previous blanks
 - setting Ar40 blank 0.560+/-0.008
 - setting Ar36 blank 0.00482+/-0.00017
 - setting Ar37 blank 0.062+/-0.005
 - setting Ar38 blank 0.0071+/-0.0024
 - setting PM41 blank 0.02+/-0.07
 - setting Ar39 blank 0.009+/-0.009
load analysis view
position_magnet ('Ar40',) {'detector': 'H1'}
detector Detector(H1)
POSITION Ar40 H1
setting detector H2 to PM41 (40.9624)
setting detector H1 to Ar40 (39.9624)
setting detector AX to Ar39 (38.9624)
setting detector L1 to Ar38 (37.9624)
setting detector L2 to Ar37 (36.9624)
setting detector CDD to Ar36 (35.9624)
Mapping mass to dac mass func: "parabolic"
H1 map mass coeffs = [-0.00063987  0.15840543  0.57249999]
H1 map mass to dac 39.9624 >> 5.88089
GetDeflection H1 ===>> 0
GetHighVoltage ===>> 4499.94659342336
positioning Ar40 (5.88085536799) on H1
setting magnet DAC
current  : 5.880855
requested: 5.880855
Delta Dac: 0.000001
Checking detector protection. dv=0.00000
Checking detector "CDD". Protection Threshold: 0.1 (V)
SetMagnetDAC 5.88085536799 ===>> OK
Magnet settling time: 0.500
equilibrate () {'delay': 3, 'inlet': 'R', 'outlet': 'O', 'eqtime': 12.0}
Equilibration Started
14:33:38 -- ******* Equilibration Started *******
checking ownership. requestor=129.138.12.150
check software interlocks O
interlocks []
actuate state mode=None-script, software_lock=False
doing actuation None-script close_channel True
update labels <pychron.experiment.plot_panel.PlotPanel object at 0x19e582d10>
update labels "<pychron.graph.stacked_regression_graph.StackedRegressionGraph object at 0x19d4afd70>"
setting label 0 H2 PM41
setting label 1 H1 Ar40
setting label 2 AX Ar39
setting label 3 L1 Ar38
setting label 4 L2 Ar37
setting label 5 CDD Ar36
update labels "<pychron.graph.stacked_graph.StackedGraph object at 0x1aab5b530>"
setting label 0 H2 PM41
setting label 1 H1 Ar40
setting label 2 AX Ar39
setting label 3 L1 Ar38
setting label 4 L2 Ar37
setting label 5 CDD Ar36
Close O ===>> OK
GetIndicatorState O ===>> False
change switch state (True, True)
update switch state O False args=() kw={} ncanvase=6
14:33:38 -- CLOSE  VALVE-O (Jan Ion Pump)
waiting 3s before opening inlet value ('R',)
checking ownership. requestor=129.138.12.150
check software interlocks R
interlocks []
actuate state mode=None-script, software_lock=False
doing actuation None-script open_channel True
Open R ===>> OK
set states for children of R. state=True
handle state [('R', True)]
update switch state R True args=() kw={'refresh': False} ncanvase=6
refresh_canvas_needed fired
GetIndicatorState R ===>> OK
change switch state (True, True)
update switch state R True args=() kw={} ncanvase=6
14:33:41 -- OPEN   VALVE-R (Jan Inlet)
equilibrating for 12.0sec
set_time_zero () {}
sniff (12.0,) {}
py_sniff
build tables- sniff [Detector(H2), Detector(H1), Detector(AX), Detector(L1), Detector(L2), Detector(CDD)]
add group /sniff/PM41 (Group) '' table H2
add group /sniff/Ar40 (Group) '' table H1
add group /sniff/Ar39 (Group) '' table AX
add group /sniff/Ar38 (Group) '' table L1
add group /sniff/Ar37 (Group) '' table L2
add group /sniff/Ar36 (Group) '' table CDD
flush and close file /Users/jan/PychronDev/data/isotopes/f3/ef601c-df49-4c1a-ad5e-e3074aa9cde5.h5
measuring sniff. ncounts=12.0
"sniff" increment series count="1" fit count="0" regressing="False"
starting measurement
check iteration duration=5.10215759277e-05
GetData ===>> H2,-0.163031901791291,H1,-0.0182278014947411,AX,-0.0574529008834103,L1,-0.0261868348184711,L2,-1....
check iteration duration=3.00407409668e-05
GetData ===>> H2,0.446906183063536,H1,0.20965038729559,AX,0.7987855780144,L1,0.00900653517166312,L2,0.254365578...
check iteration duration=2.71797180176e-05
GetData ===>> H2,0.694666071959559,H1,0.580718568069272,AX,0.66674311610602,L1,0.145715305357006,L2,0.165034297...
check iteration duration=4.19616699219e-05
GetData ===>> H2,0.216493948331861,H1,0.67346127343344,AX,0.251831476675032,L1,0.13266788750814,L2,0.1142320856...
check iteration duration=1.81198120117e-05
GetData ===>> H2,0.143321807643754,H1,0.733679136890753,AX,0.0583508319358699,L1,0.103414384456879,L2,0.0505504...
check iteration duration=2.59876251221e-05
GetData ===>> H2,0.00220125237784254,H1,0.682673512051913,AX,0.0711776402401583,L1,0.0570401990226503,L2,0.0871...
check iteration duration=4.60147857666e-05
GetData ===>> H2,-0.0456850245870583,H1,0.717963005908584,AX,0.127758689197022,L1,0.0215477329085007,L2,0.07198...
check iteration duration=1.59740447998e-05
GetData ===>> H2,-0.0630223562576794,H1,0.724821304512502,AX,0.0472038219454173,L1,-0.00927056458224486,L2,0.15...
check iteration duration=2.8133392334e-05
GetData ===>> H2,-0.0927166993404546,H1,0.784016026282353,AX,-0.102902101114143,L1,-0.0141699115320106,L2,0.020...
check iteration duration=2.88486480713e-05
GetData ===>> H2,-0.191594788796169,H1,0.909737351040474,AX,0.00993117938510553,L1,-0.0101578265036272,L2,-0.00...
check iteration duration=2.88486480713e-05
GetData ===>> H2,-0.13304481742551,H1,0.85986420478712,AX,0.0721171021918669,L1,0.0110708449321475,L2,0.0330702...
check iteration duration=1.4066696167e-05
Equilibration Finished
14:33:53 -- ******* Equilibration Finished *******
GetData ===>> H2,-0.0564115342517671,H1,0.778494979261901,AX,0.0217194884938941,L1,-0.00390336089725381,L2,0.11...
checking ownership. requestor=129.138.12.150
check software interlocks R
interlocks []
actuate state mode=None-script, software_lock=False
doing actuation None-script close_channel True
Close R ===>> OK
GetIndicatorState R ===>> False
change switch state (True, True)
update switch state R False args=() kw={} ncanvase=6
14:33:54 -- CLOSE  VALVE-R (Jan Inlet)
Post Equilibration Started jan_pump_extraction_line.py
14:33:54 -- ******* Post Equilibration Started jan_pump_extraction_line.py *******
testing...
no interpolation path defined
calculate duration
testing...
no interpolation path defined
executed snippet estimated_duration=4.0, duration=0.000138998031616
executed snippet estimated_duration=4.0, duration=0.00116014480591
Pump after analysis
doing GOSUB
testing...
no interpolation path defined
executed snippet estimated_duration=4.0, duration=0.000257015228271
Pump Microbone
close () {'description': 'Jan Inlet'}
closing name=--- desc=Jan Inlet
checking ownership. requestor=129.138.12.150
check software interlocks R
interlocks []
actuate state mode=None-script, software_lock=False
doing actuation None-script close_channel False
check iteration duration=2.50339508057e-05
waiting for write to finish
Close R ===>> OK
measurement finished
estimated time: 12.583 actual time: :12.720
flush and close file /Users/jan/PychronDev/data/isotopes/f3/ef601c-df49-4c1a-ad5e-e3074aa9cde5.h5
set_fits () {}
using default fits file=/Users/jan/PychronDev/scripts/measurement/fits/nominal_linear.yaml
GetIndicatorState R ===>> False
change switch state (True, True)
update switch state R False args=() kw={} ncanvase=6
set "Ar40" to "('Linear', 'SEM')"
No fit for "PM41". defaulting to linear. check the measurement script "jan_unknown120_60.py"
set "PM41" to "linear"
set "Ar36" to "('Linear', 'SEM')"
set "Ar37" to "('linear', 'SEM')"
set "Ar38" to "('linear', 'SEM')"
set "Ar39" to "('Linear', 'SEM')"
set_baseline_fits () {}
using default fits file=/Users/jan/PychronDev/scripts/measurement/fits/nominal_linear.yaml
set "H1" to "('average', 'SEM')"
set "H2" to "('average', 'SEM')"
set "CDD" to "('average', 'SEM')"
set "L2" to "('average', 'SEM')"
set "L1" to "('average', 'SEM')"
set "AX" to "('average', 'SEM')"
multicollect () {'integration_time': 1, 'ncounts': 120}
build tables- signal [Detector(H2), Detector(H1), Detector(AX), Detector(L1), Detector(L2), Detector(CDD)]
14:33:54 -- CLOSE  VALVE-R (Jan Inlet)
add group /signal/PM41 (Group) '' table H2
---------------------------------------- close None (Jan Inlet) result=[(True, True)]
add group /signal/Ar40 (Group) '' table H1
add group /signal/Ar39 (Group) '' table AX
add group /signal/Ar38 (Group) '' table L1
add group /signal/Ar37 (Group) '' table L2
add group /signal/Ar36 (Group) '' table CDD
flush and close file /Users/jan/PychronDev/data/isotopes/f3/ef601c-df49-4c1a-ad5e-e3074aa9cde5.h5
measuring signal. ncounts=120
action=close, ok=True, locked=[False]
is_closed ('F',) {}
is F () closed?
is closed True
open () {'description': 'CO2 Laser to Jan'}
opening name=--- desc=CO2 Laser to Jan
checking ownership. requestor=129.138.12.150
check software interlocks A
interlocks []
actuate state mode=None-script, software_lock=False
doing actuation None-script open_channel False
Open A ===>> OK
GetIndicatorState A ===>> OK
change switch state (True, True)
update switch state A True args=() kw={} ncanvase=6
14:33:55 -- OPEN   VALVE-A (CO2 Laser to Jan)
---------------------------------------- open None (CO2 Laser to Jan) result=[(True, True)], time=0.12 sec
starting measurement
check iteration duration=0.000121116638184
GetData ===>> H2,-0.0791498031622511,H1,0.752402855230527,AX,0.075097924188537,L1,0.0437741892623252,L2,0.04585...
action=open, ok=True, locked=[False]
sleep (1,) {}
SLEEP 1.0
"signal" increment series count="2" fit count="1" regressing="True"
check iteration duration=7.48634338379e-05
GetData ===>> H2,-0.162778066427587,H1,0.82058714723432,AX,0.0200718240427578,L1,0.100645612094197,L2,0.0030432...
close () {'description': 'CO2 Laser to Roughing'}
closing name=--- desc=CO2 Laser to Roughing
checking ownership. requestor=129.138.12.150
check software interlocks G
interlocks []
actuate state mode=None-script, software_lock=True
VALVE-G(CO2 Laser to Roughing) software locked
change switch state (True, False)
---------------------------------------- close None (CO2 Laser to Roughing) result=[(True, False)]
action=close, ok=True, locked=[True]
open () {'description': 'Microbone to Turbo'}
opening name=--- desc=Microbone to Turbo
checking ownership. requestor=129.138.12.150
check software interlocks U
interlocks []
actuate state mode=None-script, software_lock=False
doing actuation None-script open_channel True
Open U ===>> OK
GetIndicatorState U ===>> OK
change switch state (True, True)
update switch state U True args=() kw={} ncanvase=6
14:33:56 -- OPEN   VALVE-U (Microbone to Turbo)
---------------------------------------- open None (Microbone to Turbo) result=[(True, True)], time=0.16 sec
action=open, ok=True, locked=[False]
open () {'description': 'Microbone to Getter NP-10'}
opening name=--- desc=Microbone to Getter NP-10
checking ownership. requestor=129.138.12.150
check software interlocks M
interlocks []
actuate state mode=None-script, software_lock=False
doing actuation None-script open_channel False
Open M ===>> OK
GetIndicatorState M ===>> OK
change switch state (True, True)
update switch state M True args=() kw={} ncanvase=6
14:33:57 -- OPEN   VALVE-M (Microbone to Getter NP-10)
---------------------------------------- open None (Microbone to Getter NP-10) result=[(True, True)], time=0.15 sec
action=open, ok=True, locked=[False]
open () {'description': 'Microbone to Getter D-50'}
opening name=--- desc=Microbone to Getter D-50
checking ownership. requestor=129.138.12.150
check software interlocks K
interlocks []
actuate state mode=None-script, software_lock=False
doing actuation None-script open_channel False
check iteration duration=3.60012054443e-05
GetData ===>> H2,-0.116577589134266,H1,0.910216559841737,AX,-0.0884965043707562,L1,0.0365225619579649,L2,0.0484...
Open K ===>> OK
GetIndicatorState K ===>> OK
change switch state (True, True)
update switch state K True args=() kw={} ncanvase=6
14:33:57 -- OPEN   VALVE-K (Microbone to Getter D-50)
---------------------------------------- open None (Microbone to Getter D-50) result=[(True, True)], time=0.43 sec
action=open, ok=True, locked=[False]
open () {'description': 'Microbone to CO2 Laser'}
opening name=--- desc=Microbone to CO2 Laser
checking ownership. requestor=129.138.12.150
check software interlocks T
interlocks []
actuate state mode=None-script, software_lock=False
doing actuation None-script open_channel False
Open T ===>> OK
GetIndicatorState T ===>> OK
change switch state (True, True)
update switch state T True args=() kw={} ncanvase=6
14:33:58 -- OPEN   VALVE-T (Microbone to CO2 Laser)
---------------------------------------- open None (Microbone to CO2 Laser) result=[(True, True)], time=0.42 sec
check iteration duration=8.41617584229e-05
GetData ===>> H2,-0.190601229968225,H1,0.94061504462688,AX,0.00279623303995911,L1,-0.00177967698990689,L2,0.052...
action=open, ok=True, locked=[False]
open () {'description': 'Microbone to Inlet Pipette'}
opening name=--- desc=Microbone to Inlet Pipette
checking ownership. requestor=129.138.12.150
check software interlocks S
interlocks []
actuate state mode=None-script, software_lock=False
doing actuation None-script open_channel False
Open S ===>> OK
GetIndicatorState S ===>> OK
change switch state (True, True)
update switch state S True args=() kw={} ncanvase=6
14:33:59 -- OPEN   VALVE-S (Microbone to Inlet Pipette)
---------------------------------------- open None (Microbone to Inlet Pipette) result=[(True, True)], time=0.42 sec
action=open, ok=True, locked=[False]
sleep (1,) {}
SLEEP 1.0
testing H1>-5.0
evaluate ot="H1.bs>-5.0" t="H1>-5.0", ctx="{'H1': None}"
check iteration duration=0.000535011291504
GetData ===>> H2,-0.268521493331159,H1,0.891301526518862,AX,-0.0878822199271272,L1,-0.00307073821574493,L2,-0.0...
set_resource () {'name': 'CO2PumpTimeFlag', 'value': 30}
Set CO2PumpTimeFlag 30 ===>> OK
release ('JanCO2Flag',) {}
release JanCO2Flag
Set JanCO2Flag 0 ===>> OK
executed snippet estimated_duration=6.0, duration=5.97784805298
PumpMicrobone.py completed successfully
gosub finished
get_resource_value () {'name': 'JanMiniboneFlag'}
Read JanMiniboneFlag ===>> 0
Get Resource Value JanMiniboneFlag=0.0
get resource value 0.0
get_resource_value () {'name': 'JanMiniboneFlag'}
Read JanMiniboneFlag ===>> 0
Get Resource Value JanMiniboneFlag=0.0
executed snippet estimated_duration=4.0, duration=5.99233198166
jan_pump_extraction_line.py completed successfully
Post Equilibration Finished
14:34:00 -- ******* Post Equilibration Finished *******
check iteration duration=8.48770141602e-05
GetData ===>> H2,-0.00830948269631093,H1,0.82291147428506,AX,-0.0423564275742931,L1,-0.0304252293065841,L2,0.02...
check iteration duration=5.57899475098e-05
GetData ===>> H2,-0.12968466514832,H1,0.918986484220308,AX,-0.0538587148903735,L1,-0.0240525859090105,L2,0.0584...
check iteration duration=6.69956207275e-05
GetData ===>> H2,-0.192859192072216,H1,0.853757522617493,AX,0.017426336638183,L1,-0.0170187028438199,L2,-0.0083...
check iteration duration=6.38961791992e-05
GetData ===>> H2,-0.18128287812404,H1,0.81411765393018,AX,-0.0506818077150331,L1,-0.00229204173069346,L2,0.0443...
testing H1>-5.0
evaluate ot="H1.bs>-5.0" t="H1>-5.0", ctx="{'H1': None}"
check iteration duration=0.000561952590942
GetData ===>> H2,-0.226911557606975,H1,0.935354263047761,AX,-0.0802207239687293,L1,0.0242035114193579,L2,0.1028...
check iteration duration=7.20024108887e-05
GetData ===>> H2,-0.179829608366629,H1,0.988969600203693,AX,0.0190623532612555,L1,-0.0111624962516622,L2,0.0786...
check iteration duration=3.81469726562e-05
GetData ===>> H2,-0.216552480858069,H1,1.01304766484389,AX,-0.0573949311948915,L1,-0.00872497956966858,L2,0.133...
check iteration duration=7.39097595215e-05
GetData ===>> H2,-0.182820954897756,H1,1.04006328056674,AX,0.0388243569214491,L1,0.00725700377110923,L2,-0.0555...
check iteration duration=3.60012054443e-05
GetData ===>> H2,-0.156270919457762,H1,0.972101600730446,AX,-0.0799193517353063,L1,-0.00685297851136613,L2,0.04...
testing H1>-5.0
evaluate ot="H1.bs>-5.0" t="H1>-5.0", ctx="{'H1': None}"
check iteration duration=0.000588893890381
GetData ===>> H2,-0.138716980605943,H1,0.963243137598391,AX,-0.108139971129024,L1,-0.0352020610745262,L2,0.0970...
check iteration duration=6.98566436768e-05
GetData ===>> H2,-0.13025096293935,H1,0.943299467458858,AX,-0.134686390675264,L1,-0.0040257290326021,L2,0.04690...
check iteration duration=3.88622283936e-05
GetData ===>> H2,-0.143145921006925,H1,0.975266382927731,AX,-0.0847411954581159,L1,-0.0513089209866396,L2,0.027...
check iteration duration=6.79492950439e-05
GetData ===>> H2,-0.0878373740488189,H1,0.967618329730757,AX,0.0229030393239536,L1,-0.0443554381362962,L2,0.047...
check iteration duration=8.39233398438e-05
GetData ===>> H2,-0.120831068504154,H1,1.04991491009241,AX,-0.0576152158276034,L1,-0.00471792077715042,L2,0.083...
testing H1>-5.0
evaluate ot="H1.bs>-5.0" t="H1>-5.0", ctx="{'H1': None}"
check iteration duration=0.00120782852173
GetData ===>> H2,-0.0864876545191199,H1,1.09945134104621,AX,0.0924395347075728,L1,-0.00470352559284885,L2,0.026...
check iteration duration=7.29560852051e-05
GetData ===>> H2,-0.217969192106966,H1,1.08310833727356,AX,0.0193176207459305,L1,-0.0252725545483995,L2,0.01689...
check iteration duration=5.69820404053e-05
GetData ===>> H2,-0.237323946634477,H1,1.06315980063803,AX,-0.0371961896039576,L1,-0.0119405069015521,L2,0.0072...
check iteration duration=5.10215759277e-05
GetData ===>> H2,-0.177525854366349,H1,1.143805451548,AX,-0.0233143712955552,L1,-0.00472031997253484,L2,0.10635...
check iteration duration=8.89301300049e-05
GetData ===>> H2,-0.12124226192827,H1,1.15275540508388,AX,-0.018651862830356,L1,-0.0230494163560053,L2,0.022900...
testing H1>-5.0
evaluate ot="H1.bs>-5.0" t="H1>-5.0", ctx="{'H1': None}"
check iteration duration=0.0014488697052
14:34:20 -- collecting point 25
GetData ===>> H2,-0.118938575189186,H1,1.13249317690667,AX,-0.0667160134519884,L1,-0.0431282053805727,L2,0.0200...
check iteration duration=3.88622283936e-05
GetData ===>> H2,-0.201769179455117,H1,0.957861312975727,AX,-0.0951722512400463,L1,-0.0333053116429353,L2,-0.00...
check iteration duration=7.67707824707e-05
GetData ===>> H2,-0.16585341200619,H1,1.09206488595384,AX,-0.117653168637202,L1,0.0138943532661027,L2,0.0182037...
check iteration duration=3.79085540771e-05
GetData ===>> H2,-0.194246098861591,H1,1.19395224546033,AX,-0.109715912227674,L1,-0.02014241632702,L2,-0.018758...
check iteration duration=8.20159912109e-05
GetData ===>> H2,-0.245297558801425,H1,1.12575200161003,AX,-0.0065306154461839,L1,-0.0075521714626333,L2,0.0656...
testing H1>-5.0
evaluate ot="H1.bs>-5.0" t="H1>-5.0", ctx="{'H1': None}"
check iteration duration=0.000577926635742
GetData ===>> H2,-0.0867544208927081,H1,1.13134162744746,AX,-0.0284985401031641,L1,-0.0230805796399383,L2,-0.01...
check iteration duration=5.79357147217e-05
GetData ===>> H2,-0.132764854178904,H1,1.21893638129535,AX,-0.0740887744239738,L1,-0.0479117704987044,L2,0.0810...
check iteration duration=5.10215759277e-05
GetData ===>> H2,-0.181137154752058,H1,1.13521616396712,AX,-0.0758623269620993,L1,-0.0220497428726195,L2,0.0155...
check iteration duration=3.69548797607e-05
GetData ===>> H2,-0.199350385957553,H1,1.20836852009611,AX,-0.0213194945141773,L1,-0.0169755276479211,L2,0.1099...
check iteration duration=4.31537628174e-05
GetData ===>> H2,-0.0324622903378654,H1,1.32149203119056,AX,-0.114953415409027,L1,-0.0205128807673461,L2,0.0368...
testing H1>-5.0
evaluate ot="H1.bs>-5.0" t="H1>-5.0", ctx="{'H1': None}"
check iteration duration=0.00136113166809
GetData ===>> H2,-0.0668163751856987,H1,1.18997943011621,AX,-0.0759086939150887,L1,-0.0441351459282769,L2,-0.06...
check iteration duration=3.69548797607e-05
GetData ===>> H2,-0.231940632982998,H1,1.18925929910081,AX,-0.0194637584740482,L1,-0.0397426606501306,L2,-0.035...
check iteration duration=8.39233398438e-05
GetData ===>> H2,-0.284678013483782,H1,1.30233141962519,AX,-0.00481380000086475,L1,0.0151298869805064,L2,0.0285...
check iteration duration=8.17775726318e-05
GetData ===>> H2,-0.246497685128633,H1,1.23936477992552,AX,-0.0434000379447558,L1,-0.0201711907527892,L2,0.0671...
check iteration duration=8.41617584229e-05
GetData ===>> H2,-0.307794150470061,H1,1.18877921461837,AX,-0.0357002492384977,L1,-0.013358513355769,L2,0.07099...
testing H1>-5.0
evaluate ot="H1.bs>-5.0" t="H1>-5.0", ctx="{'H1': None}"
check iteration duration=0.000921964645386
GetData ===>> H2,-0.238969223062998,H1,1.17381372874557,AX,-0.0260398635954642,L1,0.00843892413084831,L2,0.0566...
check iteration duration=3.60012054443e-05
GetData ===>> H2,-0.288538224477485,H1,1.3390951523842,AX,-0.00604341414033195,L1,-0.00950677573299606,L2,0.163...
check iteration duration=9.60826873779e-05
GetData ===>> H2,-0.207191383549296,H1,1.35784237526002,AX,-0.135347346570968,L1,-0.0152027860384084,L2,0.03048...
check iteration duration=4.91142272949e-05
GetData ===>> H2,-0.214943462532423,H1,1.36243063172097,AX,0.0161268252968738,L1,-0.0389233479159794,L2,0.00108...
check iteration duration=9.48905944824e-05
GetData ===>> H2,-0.147046334979333,H1,1.31947495311444,AX,0.037652217788201,L1,-0.0353590395083027,L2,0.168376...
testing H1>-5.0
evaluate ot="H1.bs>-5.0" t="H1>-5.0", ctx="{'H1': None}"
check iteration duration=0.00122809410095
GetData ===>> H2,-0.111314002970644,H1,1.35449139847854,AX,-0.121210239829303,L1,0.0102222664097709,L2,0.059582...
check iteration duration=5.29289245605e-05
GetData ===>> H2,-0.0524744070193796,H1,1.4036502276803,AX,-0.0467047302878483,L1,0.00275714809960472,L2,0.0502...
check iteration duration=7.20024108887e-05
GetData ===>> H2,-0.277146807760193,H1,1.37188405945656,AX,-0.0380311230652328,L1,-0.0235084657362135,L2,-0.018...
check iteration duration=7.60555267334e-05
GetData ===>> H2,-0.391342456299197,H1,1.32360520391337,AX,0.0905950293710442,L1,-0.0419810562204595,L2,0.08017...
check iteration duration=4.10079956055e-05
GetData ===>> H2,-0.231639166916691,H1,1.47000827564219,AX,0.0191435746610783,L1,-0.0705002297240098,L2,0.11652...
testing H1>-5.0
evaluate ot="H1.bs>-5.0" t="H1>-5.0", ctx="{'H1': None}"
check iteration duration=0.000716209411621
14:34:46 -- collecting point 50
GetData ===>> H2,-0.105756340800082,H1,1.39145439139365,AX,-0.0828634866476711,L1,-0.0643557632893803,L2,-0.029...
check iteration duration=9.20295715332e-05
GetData ===>> H2,-0.0910882321110214,H1,1.35360262763353,AX,-0.119101503224128,L1,-0.0273262735664951,L2,0.0265...
check iteration duration=4.6968460083e-05
GetData ===>> H2,-0.11361923695381,H1,1.4309980025691,AX,-0.0728020592113306,L1,-0.00356384151835269,L2,0.03350...
check iteration duration=6.38961791992e-05
GetData ===>> H2,-0.178358606883912,H1,1.44525277783372,AX,-0.0288928503674709,L1,0.0161818309801831,L2,-0.0140...
check iteration duration=6.29425048828e-05
GetData ===>> H2,-0.2050392561965,H1,1.43700229575308,AX,-0.0124696353108141,L1,-0.00134288646104263,L2,0.11492...
testing H1>-5.0
evaluate ot="H1.bs>-5.0" t="H1>-5.0", ctx="{'H1': None}"
check iteration duration=0.000550031661987
GetData ===>> H2,-0.246617421675612,H1,1.44951639197461,AX,-0.0346101696834535,L1,-0.0473121540830001,L2,0.0166...
check iteration duration=3.69548797607e-05
GetData ===>> H2,-0.166590398936281,H1,1.3941938202058,AX,-0.0379267567742572,L1,-0.0214839363955944,L2,0.07510...
check iteration duration=6.60419464111e-05
GetData ===>> H2,-0.165233819967798,H1,1.42577455837192,AX,0.0522047685421539,L1,-0.0065519388034209,L2,0.13108...
check iteration duration=3.88622283936e-05
GetData ===>> H2,-0.139060329243662,H1,1.4696358771807,AX,-0.0612904174530344,L1,-0.0157089728068533,L2,-0.0806...
check iteration duration=8.20159912109e-05
GetData ===>> H2,-0.16911279902045,H1,1.5500337580914,AX,0.037280849917538,L1,-0.00323390889197438,L2,0.0366390...
testing H1>-5.0
evaluate ot="H1.bs>-5.0" t="H1>-5.0", ctx="{'H1': None}"
check iteration duration=0.000545978546143
GetData ===>> H2,-0.187516193024128,H1,1.52075141456558,AX,-0.0131655904804847,L1,-0.0308408264222851,L2,0.0292...
check iteration duration=7.70092010498e-05
GetData ===>> H2,-0.165426855543694,H1,1.5802746550422,AX,-0.00872299114531008,L1,-0.00443001318037446,L2,0.045...
check iteration duration=6.79492950439e-05
GetData ===>> H2,-0.134452643821567,H1,1.57405739642338,AX,-0.0201016717287234,L1,-0.0202659059896241,L2,0.0285...
check iteration duration=4.60147857666e-05
GetData ===>> H2,-0.206210376911893,H1,1.52469369795043,AX,-0.0693823279708384,L1,-0.00331549323848675,L2,0.049...
check iteration duration=8.29696655273e-05
GetData ===>> H2,-0.237054909138245,H1,1.63896933474741,AX,-0.0118664701385439,L1,-0.0636142034030064,L2,0.1403...
testing H1>-5.0
evaluate ot="H1.bs>-5.0" t="H1>-5.0", ctx="{'H1': None}"
check iteration duration=0.00141191482544
GetData ===>> H2,-0.0958293759546647,H1,1.51731406151281,AX,0.0159063742011074,L1,-0.0255194064293311,L2,0.1064...
check iteration duration=3.38554382324e-05
GetData ===>> H2,-0.150895445479554,H1,1.55106769077265,AX,0.0112654143838282,L1,-0.0040533216419511,L2,0.05321...
check iteration duration=9.29832458496e-05
GetData ===>> H2,-0.21472262540942,H1,1.57577702536995,AX,0.0316756881653662,L1,0.00977220072553808,L2,0.018454...
check iteration duration=6.41345977783e-05
GetData ===>> H2,-0.238958452986775,H1,1.54404677487212,AX,-0.0875345100325086,L1,0.00882292810114911,L2,0.0114...
check iteration duration=6.69956207275e-05
GetData ===>> H2,-0.329118786338912,H1,1.60098806737323,AX,0.050511704039907,L1,0.000399664311011482,L2,0.06688...
testing H1>-5.0
evaluate ot="H1.bs>-5.0" t="H1>-5.0", ctx="{'H1': None}"
check iteration duration=0.000550985336304
GetData ===>> H2,-0.249882107536765,H1,1.63844038350731,AX,-0.0249960670514908,L1,-0.0460709181713719,L2,0.1349...
check iteration duration=7.39097595215e-05
GetData ===>> H2,-0.24060211703538,H1,1.62912408316143,AX,-0.0273040021990618,L1,-0.0251994564695179,L2,0.13034...
check iteration duration=9.20295715332e-05
GetData ===>> H2,-0.186333462464589,H1,1.59670353020853,AX,-0.0344478163646483,L1,-0.0325497440906555,L2,0.0852...
check iteration duration=6.00814819336e-05
GetData ===>> H2,-0.192624654588475,H1,1.7243351000124,AX,-0.0202872457086664,L1,-0.0201687928871221,L2,0.03899...
check iteration duration=7.08103179932e-05
GetData ===>> H2,-0.243723208645886,H1,1.65529605681687,AX,0.0148389338508136,L1,0.00164555694476691,L2,0.00893...
testing H1>-5.0
evaluate ot="H1.bs>-5.0" t="H1>-5.0", ctx="{'H1': None}"
check iteration duration=0.00060510635376
14:35:13 -- collecting point 75
GetData ===>> H2,-0.206547270652757,H1,1.60865528547161,AX,-0.0370338405990881,L1,-0.0167296653621786,L2,0.0628...
check iteration duration=4.98294830322e-05
GetData ===>> H2,-0.144413331143593,H1,1.71392811070519,AX,0.0389172002282257,L1,-0.0130900304259548,L2,0.04381...
check iteration duration=5.69820404053e-05
GetData ===>> H2,-0.115860401604961,H1,1.76891080540826,AX,0.075805447867218,L1,-0.00476350539165644,L2,0.04409...
check iteration duration=4.38690185547e-05
GetData ===>> H2,-0.209632750415444,H1,1.70068330941249,AX,-0.0380775080474954,L1,-0.0420672765750139,L2,0.0764...
check iteration duration=8.6784362793e-05
GetData ===>> H2,-0.281231453030538,H1,1.76173692815056,AX,-0.076268037051673,L1,-0.0335160461892911,L2,0.16064...
testing H1>-5.0
evaluate ot="H1.bs>-5.0" t="H1>-5.0", ctx="{'H1': None}"
check iteration duration=0.000754833221436
GetData ===>> H2,-0.270294117503371,H1,1.7087791531569,AX,0.118266278122741,L1,-0.0453802123059773,L2,0.0279853...
check iteration duration=7.70092010498e-05
GetData ===>> H2,-0.224184744580296,H1,1.76621452330659,AX,0.0191551777236817,L1,-0.0103184844881422,L2,0.02439...
check iteration duration=7.20024108887e-05
GetData ===>> H2,-0.173559708388606,H1,1.64680775532988,AX,0.00887540639024961,L1,-0.0363655605272146,L2,0.0735...
check iteration duration=6.38961791992e-05
GetData ===>> H2,-0.207481087640507,H1,1.74733052958198,AX,0.136044997360712,L1,-0.0273322639653469,L2,0.017724...
check iteration duration=4.10079956055e-05
GetData ===>> H2,-0.245716002981888,H1,1.76971729663109,AX,-0.0469714198641117,L1,-0.0493346690128054,L2,-0.002...
testing H1>-5.0
evaluate ot="H1.bs>-5.0" t="H1>-5.0", ctx="{'H1': None}"
check iteration duration=0.00141286849976
GetData ===>> H2,-0.231633783520968,H1,1.69655744564159,AX,-0.0574529008834103,L1,-0.0182191389617187,L2,0.0507...
check iteration duration=3.60012054443e-05
GetData ===>> H2,-0.227836504707311,H1,1.75822239576517,AX,0.0181341135050033,L1,-0.0045991598911041,L2,0.02840...
check iteration duration=5.98430633545e-05
GetData ===>> H2,-0.177691869885168,H1,1.8482642791297,AX,0.0928919658803198,L1,-0.0142873610912919,L2,0.080424...
check iteration duration=7.70092010498e-05
GetData ===>> H2,-0.252344457616225,H1,1.84271619032257,AX,-0.00150768495663778,L1,-0.00069846583762391,L2,-0.0...
check iteration duration=4.91142272949e-05
GetData ===>> H2,-0.264421484711326,H1,1.80884455705275,AX,-0.0984288295761717,L1,0.000741729308423533,L2,-0.00...
testing H1>-5.0
evaluate ot="H1.bs>-5.0" t="H1>-5.0", ctx="{'H1': None}"
check iteration duration=0.000962018966675
GetData ===>> H2,-0.27112053013337,H1,1.83560401021616,AX,0.0728941948530587,L1,-0.00546764150799498,L2,-0.0320...
check iteration duration=6.69956207275e-05
GetData ===>> H2,-0.244770108672788,H1,1.79072819682189,AX,0.00943229621326945,L1,-0.0296191375173966,L2,0.0692...
check iteration duration=7.39097595215e-05
GetData ===>> H2,-0.167837498383593,H1,1.88903582975455,AX,-0.025923886754484,L1,-0.0219502495482121,L2,0.05488...
check iteration duration=3.88622283936e-05
GetData ===>> H2,-0.210244356901971,H1,1.84792729324397,AX,0.0388823839777924,L1,-0.0420074014072772,L2,0.02790...
check iteration duration=5.29289245605e-05
GetData ===>> H2,-0.186537111311057,H1,1.91197480083154,AX,0.0238429281747164,L1,-0.00425846432299087,L2,-0.027...
testing H1>-5.0
evaluate ot="H1.bs>-5.0" t="H1>-5.0", ctx="{'H1': None}"
check iteration duration=0.000584125518799
GetData ===>> H2,-0.207078194818449,H1,1.87708072967461,AX,0.0673966874869872,L1,0.0345872707480309,L2,0.160985...
check iteration duration=8.29696655273e-05
GetData ===>> H2,-0.224435234851216,H1,1.77716861720143,AX,0.044197809020094,L1,0.0140732501295443,L2,-0.008183...
check iteration duration=7.41481781006e-05
GetData ===>> H2,-0.153294322621066,H1,1.85851881574643,AX,-0.0276635248581236,L1,-0.00756896109079345,L2,-0.06...
check iteration duration=7.70092010498e-05
GetData ===>> H2,-0.176989999053614,H1,1.92637904178274,AX,0.0177628200806872,L1,-0.00163328227526218,L2,0.0763...
check iteration duration=6.79492950439e-05
GetData ===>> H2,-0.169877910496564,H1,1.94433904373212,AX,-0.042518767700286,L1,-0.0324539470010784,L2,0.06091...
testing H1>-5.0
evaluate ot="H1.bs>-5.0" t="H1>-5.0", ctx="{'H1': None}"
check iteration duration=0.000683069229126
14:35:39 -- collecting point 100
GetData ===>> H2,-0.204266977918073,H1,1.99590276968842,AX,-0.0247409150825459,L1,-0.0592103622021984,L2,0.0518...
check iteration duration=3.79085540771e-05
GetData ===>> H2,-0.13116068036931,H1,1.92187448493784,AX,-0.0864913728929292,L1,-0.0198306881057915,L2,-0.0631...
check iteration duration=4.19616699219e-05
GetData ===>> H2,-0.244078465808381,H1,1.94348373317064,AX,0.0174379394961551,L1,-0.0140045210528449,L2,0.09451...
check iteration duration=8.10623168945e-05
GetData ===>> H2,-0.13841958362296,H1,1.98976180888375,AX,0.0309678128413835,L1,-0.0238596303614252,L2,0.185077...
check iteration duration=5.00679016113e-05
GetData ===>> H2,-0.231799321766076,H1,1.94863979949143,AX,0.0122864065600601,L1,-0.0243689770566548,L2,0.05905...
testing H1>-5.0
evaluate ot="H1.bs>-5.0" t="H1>-5.0", ctx="{'H1': None}"
check iteration duration=0.00092601776123
GetData ===>> H2,-0.312457657909288,H1,1.95050713137765,AX,0.0919059006413757,L1,-0.0125674270405678,L2,0.04048...
check iteration duration=6.103515625e-05
GetData ===>> H2,-0.240767681723373,H1,1.98020191818709,AX,0.00439719988255064,L1,-0.0401822351273972,L2,0.0803...
check iteration duration=5.3882598877e-05
GetData ===>> H2,-0.216955843513667,H1,1.94013484034208,AX,0.0306428881866115,L1,-0.0114993618664616,L2,-0.0258...
check iteration duration=6.69956207275e-05
GetData ===>> H2,-0.257994669770407,H1,2.05815222118198,AX,0.112661780273058,L1,-0.0456615280517029,L2,0.078145...
check iteration duration=0.000113010406494
GetData ===>> H2,-0.163720469090941,H1,2.0291065413004,AX,0.051057225215311,L1,-0.000984080066505795,L2,-0.0426...
testing H1>-5.0
evaluate ot="H1.bs>-5.0" t="H1>-5.0", ctx="{'H1': None}"
check iteration duration=0.000998973846436
GetData ===>> H2,-0.154980661377919,H1,2.06735798510447,AX,0.11280101854912,L1,-0.020087265114252,L2,0.10755169...
check iteration duration=6.50882720947e-05
GetData ===>> H2,-0.188731161525146,H1,2.09798161407357,AX,0.0368050369034298,L1,-0.0457465197702488,L2,0.04118...
check iteration duration=6.79492950439e-05
GetData ===>> H2,-0.175544278015594,H1,2.04724857188794,AX,0.066155731927327,L1,-0.0378452030802294,L2,0.134036...
check iteration duration=8.29696655273e-05
GetData ===>> H2,-0.151048032405788,H1,2.11049405245165,AX,0.0354820568419853,L1,-0.0220497428726195,L2,0.04490...
check iteration duration=8.08238983154e-05
GetData ===>> H2,-0.158226967808637,H1,2.08756781671051,AX,0.0246435813901001,L1,-0.0288537097228763,L2,0.00361...
testing H1>-5.0
evaluate ot="H1.bs>-5.0" t="H1>-5.0", ctx="{'H1': None}"
check iteration duration=0.000540018081665
GetData ===>> H2,-0.177425973938513,H1,2.07691406883248,AX,0.0303527778041419,L1,-0.0424756157060555,L2,0.01989...
check iteration duration=7.10487365723e-05
GetData ===>> H2,-0.204404455396166,H1,2.15596411900714,AX,0.00479164503153183,L1,-0.0239734865670106,L2,0.0240...
check iteration duration=6.31809234619e-05
GetData ===>> H2,-0.223431893626138,H1,2.14164927395812,AX,0.0925091393666055,L1,-0.0293352532548171,L2,0.00796...
check iteration duration=9.20295715332e-05
GetData ===>> H2,-0.148529410181174,H1,2.14986167117435,AX,0.114982444194965,L1,-0.0172429710197082,L2,0.023755...
check iteration duration=6.19888305664e-05
GetData ===>> H2,-0.159037386170822,H1,2.15642242046223,AX,0.06784900232466,L1,-0.0258932676441121,L2,0.0915593...
testing H1>-5.0
evaluate ot="H1.bs>-5.0" t="H1>-5.0", ctx="{'H1': None}"
check iteration duration=0.000670194625854
GetData ===>> H2,-0.165193322576492,H1,2.16850785530986,AX,0.0302251295097545,L1,-0.0105258973473051,L2,0.04129...
check iteration duration=1.90734863281e-05
waiting for write to finish
measurement finished
estimated time: 125.829 actual time: :126.190
flush and close file /Users/jan/PychronDev/data/isotopes/f3/ef601c-df49-4c1a-ad5e-e3074aa9cde5.h5
baselines () {'settling_time': 15.0, 'detector': 'H1', 'mass': 34.2, 'ncounts': 60}
%%%%%%%%%%%%%%%%%%%%%%%%%%%%%%%% Baseline
build tables- baseline [Detector(H2), Detector(H1), Detector(AX), Detector(L1), Detector(L2), Detector(CDD)]
add group baseline table H2
add group baseline table H1
add group baseline table AX
add group baseline table L1
add group baseline table L2
add group baseline table CDD
flush and close file /Users/jan/PychronDev/data/isotopes/f3/ef601c-df49-4c1a-ad5e-e3074aa9cde5.h5
detector Detector(H1)
POSITION 34.2 H1
Mapping mass to dac mass func: "parabolic"
H1 map mass coeffs = [-0.00063987  0.15840543  0.57249999]
H1 map mass to dac 34.2 >> 5.24154599104
GetDeflection H1 ===>> 0
GetHighVoltage ===>> 4499.94659342336
positioning 34.2 (5.24151512407) on H1
setting magnet DAC
current  : 5.880855
requested: 5.241515
Delta Dac: 0.639340
Checking detector protection. dv=0.63934
Checking detector "CDD". Protection Threshold: 0.1 (V)
ProtectDetector CDD,On ===>> OK
GetDeflection CDD ===>> 2000
Protected = 2000
SetMagnetDAC 5.24151512407 ===>> OK
Magnet settling time: 0.500
GetMagnetMoving ===>> True
GetMagnetMoving ===>> True
GetMagnetMoving ===>> True
GetMagnetMoving ===>> True
GetMagnetMoving ===>> True
GetMagnetMoving ===>> True
GetMagnetMoving ===>> True
GetMagnetMoving ===>> True
GetMagnetMoving ===>> False
ProtectDetector CDD,Off ===>> OK
GetDeflection CDD ===>> 50
Delaying 15.0s for detectors to settle
Join finished
measuring baseline. ncounts=60
"baseline" increment series count="2" fit count="1" regressing="True"
starting measurement
check iteration duration=6.00814819336e-05
GetData ===>> H2,-0.156311448745988,H1,0.0623317341948983,AX,-0.0926804895797377,L1,0.00595645167173052,L2,-0.0...
check iteration duration=5.19752502441e-05
GetData ===>> H2,-0.332105360049106,H1,0.0362549431835781,AX,-0.140298575094927,L1,-0.00629526835708078,L2,-0.0...
check iteration duration=8.89301300049e-05
GetData ===>> H2,-0.1715914647673,H1,-0.0842068079988099,AX,-0.0500093104137478,L1,-0.0202203468730867,L2,-0.10...
check iteration duration=4.6968460083e-05
GetData ===>> H2,-0.147135487055768,H1,-0.0555624308876233,AX,-0.0600846883703263,L1,-0.0689115660129688,L2,-0....
testing H1>-5.0
evaluate ot="H1.bs>-5.0" t="H1>-5.0", ctx="{'H1': None}"
check iteration duration=0.00944304466248
GetData ===>> H2,-0.230756255728582,H1,-0.0864713070254151,AX,-0.0218762084267117,L1,-0.00524453045366169,L2,0....
check iteration duration=5.10215759277e-05
GetData ===>> H2,-0.165668482853528,H1,-0.0667922899634686,AX,-0.00467459742136562,L1,-0.0377266000876735,L2,0....
check iteration duration=6.50882720947e-05
GetData ===>> H2,-0.205399095604928,H1,-0.0301892772368138,AX,-0.087627232792548,L1,0.0142773645237673,L2,-0.03...
check iteration duration=6.29425048828e-05
GetData ===>> H2,-0.300018362106398,H1,0.0395126790050383,AX,-0.098162280996886,L1,-0.00559358911329749,L2,0.02...
check iteration duration=6.50882720947e-05
GetData ===>> H2,-0.171200203557972,H1,0.0547407180884864,AX,-0.144693014123887,L1,-0.0428863330496552,L2,0.021...
testing H1>-5.0
evaluate ot="H1.bs>-5.0" t="H1>-5.0", ctx="{'H1': None}"
check iteration duration=0.00119996070862
GetData ===>> H2,-0.119011629390897,H1,-0.0618808718349627,AX,-0.0559340836435065,L1,-0.0586467320984137,L2,-0....
check iteration duration=6.19888305664e-05
GetData ===>> H2,-0.203045781094317,H1,-0.0113698800715099,AX,-0.0557949541615029,L1,-0.0272903310984552,L2,-0....
check iteration duration=3.81469726562e-05
GetData ===>> H2,-0.28355220538768,H1,-0.0412073578372361,AX,-0.0458466806059073,L1,-0.0178809686520845,L2,-0.0...
check iteration duration=9.3936920166e-05
GetData ===>> H2,-0.264125688753743,H1,-0.0627153530791123,AX,-0.0656494671872519,L1,-0.0312887418316941,L2,-0....
check iteration duration=4.00543212891e-05
GetData ===>> H2,-0.172534483655992,H1,-0.05515708332251,AX,-0.120329674058316,L1,-0.0174708319611295,L2,0.0249...
testing H1>-5.0
evaluate ot="H1.bs>-5.0" t="H1>-5.0", ctx="{'H1': None}"
check iteration duration=0.000557899475098
GetData ===>> H2,-0.154752317689446,H1,-0.0454878650071987,AX,-0.145829274761004,L1,0.0154456988162296,L2,-0.02...
check iteration duration=3.91006469727e-05
GetData ===>> H2,-0.223408997551909,H1,-0.0594727583725028,AX,-0.0847411954581159,L1,-0.0259507835205877,L2,0.0...
check iteration duration=5.19752502441e-05
GetData ===>> H2,-0.071713656447515,H1,-0.0819780141764202,AX,-0.0515514094042053,L1,-0.021818389409183,L2,0.00...
check iteration duration=5.50746917725e-05
GetData ===>> H2,-0.0411571548272241,H1,-0.0522599926290777,AX,-0.0515861933101411,L1,-0.018877459196292,L2,-0....
check iteration duration=6.103515625e-05
GetData ===>> H2,-0.0940320378881984,H1,-0.0731219417738902,AX,-0.127964841121208,L1,-0.0283194329485781,L2,0.1...
testing H1>-5.0
evaluate ot="H1.bs>-5.0" t="H1>-5.0", ctx="{'H1': None}"
check iteration duration=0.00113415718079
GetData ===>> H2,-0.123830815330255,H1,-0.0717392271582405,AX,-0.149191600932496,L1,-0.0459176980915645,L2,-0.0...
check iteration duration=4.00543212891e-05
GetData ===>> H2,-0.123226331391788,H1,-0.127166050081384,AX,-0.109113349527914,L1,-0.0307018967330255,L2,-0.04...
check iteration duration=4.81605529785e-05
GetData ===>> H2,-0.225073555922691,H1,-0.0630491436282686,AX,0.048817125839871,L1,-0.0415858701299623,L2,0.017...
check iteration duration=9.3936920166e-05
GetData ===>> H2,-0.236215470958973,H1,-0.152109602978112,AX,-0.0608498643280097,L1,-0.0553145651646828,L2,-0.0...
check iteration duration=7.10487365723e-05
GetData ===>> H2,-0.131015941898805,H1,-0.0475743968352703,AX,-0.0440609853910153,L1,-0.00773085963967511,L2,-0...
testing H1>-5.0
evaluate ot="H1.bs>-5.0" t="H1>-5.0", ctx="{'H1': None}"
check iteration duration=0.00128889083862
14:36:45 -- collecting point 25
GetData ===>> H2,-0.177938864079721,H1,-0.125746989871289,AX,-0.0227808617429596,L1,-0.024176027578662,L2,-0.03...
check iteration duration=9.08374786377e-05
GetData ===>> H2,-0.128965601933264,H1,-0.0633233278892973,AX,-0.0699503594495851,L1,-0.0440082362680269,L2,-0....
check iteration duration=9.60826873779e-05
GetData ===>> H2,-0.159788322125148,H1,-0.0502570166929893,AX,-0.155289868368773,L1,-0.0145785821462701,L2,0.04...
check iteration duration=7.70092010498e-05
GetData ===>> H2,-0.326226630546437,H1,-0.0714531458867239,AX,-0.10391029712598,L1,-0.0195705075412578,L2,-0.08...
check iteration duration=8.79764556885e-05
GetData ===>> H2,-0.195990991625679,H1,-0.0745165569887572,AX,-0.0485599469807572,L1,-0.024980159045188,L2,0.03...
testing H1>-5.0
evaluate ot="H1.bs>-5.0" t="H1>-5.0", ctx="{'H1': None}"
check iteration duration=0.000746011734009
GetData ===>> H2,-0.0802080354888337,H1,0.00402935634584725,AX,0.0301671076130239,L1,-0.048499383800954,L2,0.01...
check iteration duration=9.3936920166e-05
GetData ===>> H2,-0.15908060685578,H1,0.0476992522715271,AX,-0.0276055374222813,L1,-0.0336070438323934,L2,-0.02...
check iteration duration=7.89165496826e-05
GetData ===>> H2,-0.10081763286578,H1,0.016710754068572,AX,-0.0759898360296904,L1,0.00178960071513981,L2,0.0650...
check iteration duration=5.19752502441e-05
GetData ===>> H2,-0.118546239027922,H1,0.00232351479969601,AX,-0.0780067754181311,L1,-0.039676782709514,L2,0.03...
check iteration duration=7.79628753662e-05
GetData ===>> H2,-0.0263264172783468,H1,-0.0435562939104404,AX,-0.0973742200564817,L1,-0.0492724438554754,L2,-0...
testing H1>-5.0
evaluate ot="H1.bs>-5.0" t="H1>-5.0", ctx="{'H1': None}"
check iteration duration=0.000596046447754
GetData ===>> H2,-0.108136277645204,H1,-0.0766859198001011,AX,-0.102786215845612,L1,-0.0152531659573429,L2,-0.0...
check iteration duration=4.79221343994e-05
GetData ===>> H2,-0.233387288998922,H1,-0.0247990383964279,AX,-0.119101503224128,L1,-0.0312647896409915,L2,-0.0...
check iteration duration=7.89165496826e-05
GetData ===>> H2,-0.292830719620586,H1,-0.0577679697494336,AX,-0.0449770279384228,L1,-0.0183858215635672,L2,0.0...
check iteration duration=3.981590271e-05
GetData ===>> H2,-0.200108168424879,H1,-0.00359302501420338,AX,-0.0917301264609336,L1,-0.00714561406061324,L2,0...
check iteration duration=3.79085540771e-05
GetData ===>> H2,-0.258759375241366,H1,-0.087806145600333,AX,-0.0744713080978444,L1,-0.00887966491745307,L2,-0....
testing H1>-5.0
evaluate ot="H1.bs>-5.0" t="H1>-5.0", ctx="{'H1': None}"
check iteration duration=0.000853061676025
GetData ===>> H2,-0.280646104916188,H1,-0.0547994223427882,AX,-0.128787410614239,L1,-0.0279828000453141,L2,0.00...
check iteration duration=6.48498535156e-05
GetData ===>> H2,-0.182839842261175,H1,-0.0931214868512996,AX,-0.119414340663112,L1,-0.012560235061557,L2,-0.05...
check iteration duration=3.60012054443e-05
GetData ===>> H2,-0.178593440122044,H1,-0.126379010770372,AX,-0.131706896885207,L1,-0.0279875920518281,L2,0.037...
check iteration duration=6.98566436768e-05
GetData ===>> H2,-0.1851546547789,H1,-0.00160100327997166,AX,-0.051307921714549,L1,-0.00919862099852444,L2,0.01...
check iteration duration=3.69548797607e-05
GetData ===>> H2,-0.255361482465586,H1,-0.0204699417030383,AX,-0.01844308857017,L1,-0.0464383974339957,L2,-0.00...
testing H1>-5.0
evaluate ot="H1.bs>-5.0" t="H1>-5.0", ctx="{'H1': None}"
check iteration duration=0.0025589466095
GetData ===>> H2,-0.286346367111762,H1,-0.0182039486692929,AX,-0.0749697588103708,L1,-0.0398708219519586,L2,-0....
check iteration duration=3.40938568115e-05
GetData ===>> H2,-0.296115112600102,H1,0.0196218566413055,AX,-0.176306252024586,L1,-0.0521140650901424,L2,0.003...
check iteration duration=7.58171081543e-05
GetData ===>> H2,-0.160265059597747,H1,-0.0833605873137298,AX,-0.103806001471279,L1,-0.037340831180729,L2,-0.05...
check iteration duration=4.79221343994e-05
GetData ===>> H2,-0.116998408275394,H1,-0.0680797092083239,AX,-0.0435043983662878,L1,-0.0109047444841415,L2,-0....
check iteration duration=3.40938568115e-05
GetData ===>> H2,-0.125031573841261,H1,-0.0267190461362031,AX,0.0035039035420924,L1,0.00285318765043254,L2,-0.0...
testing H1>-5.0
evaluate ot="H1.bs>-5.0" t="H1>-5.0", ctx="{'H1': None}"
check iteration duration=0.000665187835693
14:37:11 -- collecting point 50
GetData ===>> H2,-0.251388360347122,H1,-0.0298792271193225,AX,0.00534851149232392,L1,-0.0337770635373766,L2,-0....
check iteration duration=8.29696655273e-05
GetData ===>> H2,-0.193713730058892,H1,-0.0657551901927398,AX,-0.0533949392861042,L1,-0.0401139646032282,L2,0.0...
check iteration duration=4.91142272949e-05
GetData ===>> H2,-0.124717874416106,H1,-0.042936275530958,AX,-0.0709009353229759,L1,-0.0141207740647793,L2,0.00...
check iteration duration=6.48498535156e-05
GetData ===>> H2,-0.140055170549967,H1,-0.0192176887365168,AX,-0.0122144505017831,L1,-0.021799209608602,L2,-0.0...
check iteration duration=9.58442687988e-05
GetData ===>> H2,-0.222436544989159,H1,-0.06555253725804,AX,-0.0832459858257868,L1,-0.0361834356205737,L2,0.040...
testing H1>-5.0
evaluate ot="H1.bs>-5.0" t="H1>-5.0", ctx="{'H1': None}"
check iteration duration=0.00289297103882
GetData ===>> H2,-0.187672622476327,H1,-0.0183351391387586,AX,-0.0659972552971735,L1,-0.0458602399592284,L2,-0....
check iteration duration=4.00543212891e-05
GetData ===>> H2,-0.275602259785778,H1,-0.0426381884042868,AX,-0.0421361083987199,L1,-0.0114921691241639,L2,-0....
check iteration duration=5.00679016113e-05
GetData ===>> H2,-0.259034871543599,H1,-0.0483851517524279,AX,-0.103643763564035,L1,-0.046913586845477,L2,-0.02...
check iteration duration=6.69956207275e-05
GetData ===>> H2,-0.300791069256242,H1,-0.0911908350165412,AX,-0.0270256611638659,L1,-0.0497271572758486,L2,-0....
check iteration duration=7.60555267334e-05
GetData ===>> H2,-0.187009130973549,H1,-0.0612132818293308,AX,-0.122415211651979,L1,-0.0529968978115198,L2,-0.0...
testing H1>-5.0
evaluate ot="H1.bs>-5.0" t="H1>-5.0", ctx="{'H1': None}"
check iteration duration=0.000849008560181
GetData ===>> H2,-0.168483938553142,H1,-0.0734437777794692,AX,-0.0848918742241344,L1,-0.0359797393816845,L2,-0....
check iteration duration=1.69277191162e-05
waiting for write to finish
measurement finished
estimated time: 62.915 actual time: :63.116
flush and close file /Users/jan/PychronDev/data/isotopes/f3/ef601c-df49-4c1a-ad5e-e3074aa9cde5.h5
activate_detectors ('H1', 'AX', 'CDD') {'peak_center': True}
peak_center () {'detector': 'H1', 'integration_time': 0.262144, 'isotope': 'Ar40'}
peak center: mean=2.11926114639 threshold=3
Skipping peak center. intensities to small. 2.11926114639<3
finished measure script
executed snippet estimated_duration=226.132928, duration=226.371161938
jan_unknown120_60.py completed successfully
Measurement Finished
14:37:22 -- ******* Measurement Finished *******
Post Measurement Started jan_pump_ms.py
14:37:22 -- ******* Post Measurement Started jan_pump_ms.py *******
testing...
no interpolation path defined
executed snippet estimated_duration=0, duration=2.78949737549e-05
Pumping spectrometer
open () {'name': 'O'}
opening name=O desc=---
checking ownership. requestor=129.138.12.150
check software interlocks O
interlocks []
actuate state mode=None-script, software_lock=False
doing actuation None-script open_channel True
Open O ===>> OK
GetIndicatorState O ===>> OK
change switch state (True, True)
update switch state O True args=() kw={} ncanvase=6
14:37:23 -- OPEN   VALVE-O (Jan Ion Pump)
---------------------------------------- open O () result=[(True, True)], time=0.14 sec
action=open, ok=True, locked=[False]
executed snippet estimated_duration=0, duration=0.389497041702
jan_pump_ms.py completed successfully
setting _ms_pumptime
Post Measurement Finished
14:37:23 -- ******* Post Measurement Finished *******
$$$$$$$$$$$$$$$$$$$$ state at run end measurement
state changed from measurement to success
post measurement save measured=True aborted=False
Set filtering
setting fod for Ar40= {'filter_outliers': True, 'std_devs': 2, 'iterations': 1}
setting fod for H1= {'filter_outliers': True, 'std_devs': 2, 'iterations': 1}
setting fod for PM41= {'filter_outliers': False, 'std_devs': 2, 'iterations': 1}
setting fod for H2= {'filter_outliers': True, 'std_devs': 2, 'iterations': 1}
setting fod for Ar36= {'filter_outliers': True, 'std_devs': 2, 'iterations': 1}
setting fod for CDD= {'filter_outliers': True, 'std_devs': 10, 'iterations': 1}
setting fod for Ar37= {'filter_outliers': True, 'std_devs': 2, 'iterations': 1}
setting fod for L2= {'filter_outliers': True, 'std_devs': 2, 'iterations': 1}
setting fod for Ar38= {'filter_outliers': True, 'std_devs': 2, 'iterations': 1}
setting fod for L1= {'filter_outliers': True, 'std_devs': 2, 'iterations': 1}
setting fod for Ar39= {'filter_outliers': True, 'std_devs': 2, 'iterations': 1}
setting fod for AX= {'filter_outliers': True, 'std_devs': 2, 'iterations': 1}
persistence save...
persistence save - db
post measurement save
7161188432 connecting to database sqlite:////Users/jan/PychronDev/.appdata/local_lab.db
connected to db sqlite:////Users/jan/PychronDev/.appdata/local_lab.db
create new session 7161188432
close session 7161188432
No database instance. Not saving post measurement to isotopedb database
$$$$$$$$$$$$$$$ auto_save_detector_ic=False
massspec enabled True
create new session 4997822608
MassSpec Database Version: 16.0
close session 4997822608
saving post measurement to secondary database
saving to massspec database 129.138.12.160/massspecdata
setting labnumber to 65448
setting aliquot to 2
setting step to A
setting uuid to f3ef601c-df49-4c1a-ad5e-e3074aa9cde5
setting irradpos to 65448
setting extract_device to Fusions CO2
setting tray to 
setting position to 163
setting power_requested to 0.3
setting extract_value to 0.3
setting duration to 30.0
setting duration_at_request to 30.0
setting first_stage_delay to 30.0
setting cleanup to 30.0
setting comment to J:2 10 crystals
setting irradiation to NM-288
setting level to J
setting irradiation_level to J
setting sample to MB.46.1
setting material to Plagioclase
setting project to IR973
setting mass_spectrometer to Jan
no attribute chron_dosages
no attribute production_ratios
no attribute interference_corrections
no attribute production_name
no attribute j
Reference Isotope=Ar40
Reference Detector=H1
%%%%%%%%%%%%%%%%%%%% Comment: J:2 10 crystals %%%%%%%%%%%%%%%%%%%
adding isotope PM41 H2
add baseline dbdet= PM41. original det= H2
get baseline data PM41 H2
Get data baseline <pychron.processing.isotope.Baseline object at 0x197caf990> len t=60
baseline PM41. v=-0.191099334863, e=0.00853885898252
get signal data PM41 H2
Get data signal PM41 0.03+/-0.06 len t=120
adding isotope Ar40 H1
add baseline dbdet= Ar40. original det= H1
get baseline data Ar40 H1
Get data baseline <pychron.processing.isotope.Baseline object at 0x197cafb90> len t=60
baseline Ar40. v=-0.0498167111377, e=0.00493599856025
get signal data Ar40 H1
Get data signal Ar40 0.748+/-0.009 len t=120
adding isotope Ar39 AX
add baseline dbdet= Ar39. original det= AX
get baseline data Ar39 AX
Get data baseline <pychron.processing.isotope.Baseline object at 0x197cafd50> len t=60
baseline Ar39. v=-0.0756146919749, e=0.00542901335483
get signal data Ar39 AX
Get data signal Ar39 -0.005+/-0.010 len t=120
adding isotope Ar38 L1
add baseline dbdet= Ar38. original det= L1
get baseline data Ar38 L1
Get data baseline <pychron.processing.isotope.Baseline object at 0x197caff10> len t=60
baseline Ar38. v=-0.0275232027618, e=0.00217254008878
get signal data Ar38 L1
Get data signal Ar38 0.018+/-0.004 len t=120
adding isotope Ar37 L2
add baseline dbdet= Ar37. original det= L2
get baseline data Ar37 L2
Get data baseline <pychron.processing.isotope.Baseline object at 0x197ca2110> len t=60
baseline Ar37. v=-0.0158771173666, e=0.00540174490522
get signal data Ar37 L2
Get data signal Ar37 0.056+/-0.009 len t=120
adding isotope Ar36 CDD
add baseline dbdet= Ar36. original det= CDD
get baseline data Ar36 CDD
Get data baseline <pychron.processing.isotope.Baseline object at 0x197ca22d0> len t=60
baseline Ar36. v=7.44327056008e-06, e=4.22390945906e-06
get signal data Ar36 CDD
Get data signal Ar36 0.00563+/-0.00019 len t=120
65448-02A added analysis time 0.509480953217s
analysis added to mass spec database
mass spec save time= 0.516
persistence save - dvc
================= post measurement started
create new session 4992585168
close session 4992585168
---------------- Experiment Queue saving disabled
DVC saving peakcenter
Smart pull ahead: 0 behind: 0
Up-to-date with origin
add to repo msg=modified - ad8224ebc6dbfeb9f5997218dfa5fe690569839d.json
add to repo msg=modified - 48-02A.json
add to repo msg=modified - 48-02A.dat.json
add to repo msg=modified - 48-02A.blan.json
add to repo msg=modified - 48-02A.inte.json
add to repo msg=modified - 48-02A.icfa.json
add to repo msg=modified - 48-02A.base.json
not at valid file /Users/jan/PychronDev/data/.dvc/repositories/Load1794/654/tags/48-02A.tags.json
add to repo msg=modified - 48-02A.peak.json
add to repo msg=modified - 48-02A.extr.json
not at valid file /Users/jan/PychronDev/data/.dvc/repositories/Load1794/654/monitor/48-02A.moni.json
commit message=<COLLECTION>
add to repo msg=modified - 48-02A.inte.json
add to repo msg=modified - 48-02A.base.json
commit message=<ISOEVO> default collection fits
add to repo msg=modified - 48-02A.blan.json
commit message=<BLANKS> preceding bu-FC-J-7801
add to repo msg=modified - 48-02A.icfa.json
commit message=<ICFactor> default
push repository <pychron.git_archive.repo_manager.GitRepoManager object at 0x184f7fb90>
pushing to remote=origin, url=https://github.com
no changes to meta repo
create new session 4992585168
add association Load1794
get identifier "65448"
setting analysis irradiation position=<pychron.dvc.dvc_orm.IrradiationPositionTbl object at 0x163be7c90>
close session 4992585168
================= post measurement finished
14:37:36 -- ******* Post Run Check *******
loading queue conditionals post_run_actions
loading system conditionals post_run_actions
loading conditionals from /Users/jan/PychronDev/setupfiles/spectrometer/default_conditionals.yaml
loading queue conditionals post_run_terminations
loading system conditionals post_run_terminations
loading conditionals from /Users/jan/PychronDev/setupfiles/spectrometer/default_conditionals.yaml
Checking default post run terminations n=1
GetDeflection CDD ===>> 50
testing CDD==2000
evaluate ot="CDD.deflection==2000" t="CDD==2000", ctx="{'CDD': 50.0}"
14:37:36 -- ******* Post Run Check Passed *******
14:37:36 -- Automated run 65448-02A success duration: 318.223 s
----------------- finish -----------------
----------------- stop -----------------
retroactive repository identifiers disabled
finish run. runs completed=3
update duration runid=65448-02A, duration=318.223188162, md5=301e91d8
loading script "jan_unknown120_60.py"
loading script "jan_pump_ms.py"
loading script "jan_co2.py"
loading script "jan_pump_extraction_line.py"
testing...
no interpolation path defined
executed snippet estimated_duration=213.652928, duration=0.00031590461731
script duration name:unknown120_60 seconds:214.0
loading script "jan_unknown120_60.py"
loading script "jan_pump_ms.py"
loading script "jan_co2.py"
loading script "jan_pump_extraction_line.py"
testing...
no interpolation path defined
executed snippet estimated_duration=0, duration=2.90870666504e-05
loading script "jan_unknown120_60.py"
loading script "jan_pump_ms.py"
loading script "jan_co2.py"
loading script "jan_pump_extraction_line.py"
testing...
no interpolation path defined
calculate duration
testing...
no interpolation path defined
executed snippet estimated_duration=0, duration=5.19752502441e-05
calculate duration
testing...
no interpolation path defined
executed snippet estimated_duration=0, duration=9.20295715332e-05
executed snippet estimated_duration=0.0, duration=0.00235891342163
script duration name:co2 seconds:0.0
loading script "jan_unknown120_60.py"
loading script "jan_pump_ms.py"
loading script "jan_co2.py"
loading script "jan_pump_extraction_line.py"
testing...
no interpolation path defined
calculate duration
testing...
no interpolation path defined
executed snippet estimated_duration=4.0, duration=0.000193119049072
executed snippet estimated_duration=4.0, duration=0.00516390800476
Script duration 214.0
Run total estimated duration= 215.000
unknown120_60 in script context. using previous estimated duration
script duration name:unknown120_60 seconds:214.0
pump_ms in script context. using previous estimated duration
co2 in script context. using previous estimated duration
script duration name:co2 seconds:0.0
pump_extraction_line in script context. using previous estimated duration
Script duration 214.0
Run total estimated duration= 215.000
script duration name:unknown120_60 seconds:214.0
script duration name:co2 seconds:0.0
Script duration 214.0
Run total estimated duration= 215.000
script duration name:unknown120_60 seconds:214.0
script duration name:co2 seconds:0.0
Script duration 214.0
Run total estimated duration= 215.000
script duration name:unknown120_60 seconds:214.0
script duration name:co2 seconds:0.0
Script duration 214.0
Run total estimated duration= 215.000
loading script "jan_unknown400_120.py"
loading script "jan_pump_ms.py"
loading script "jan_co2.py"
loading script "jan_pump_extraction_line.py"
testing...
no interpolation path defined
executed snippet estimated_duration=556.052928, duration=0.000167846679688
script duration name:unknown400_120 seconds:556.0
script duration name:co2 seconds:0.0
Script duration 556.0
Run total estimated duration= 557.000
unknown400_120 in script context. using previous estimated duration
script duration name:unknown400_120 seconds:556.0
loading script "jan_unknown400_120.py"
loading script "jan_pump_ms.py"
loading script "jan_sniffair_x2.py"
loading script "jan_pump_extraction_line.py"
testing...
no interpolation path defined
calculate duration
testing...
no interpolation path defined
executed snippet estimated_duration=0, duration=5.10215759277e-05
calculate duration
testing...
no interpolation path defined
executed snippet estimated_duration=0, duration=0.000103950500488
calculate duration
testing...
no interpolation path defined
executed snippet estimated_duration=32.0, duration=8.89301300049e-05
calculate duration
testing...
no interpolation path defined
executed snippet estimated_duration=34.0, duration=9.79900360107e-05
calculate duration
testing...
no interpolation path defined
executed snippet estimated_duration=4.0, duration=6.00814819336e-05
calculate duration
testing...
no interpolation path defined
executed snippet estimated_duration=36.0, duration=8.51154327393e-05
calculate duration
testing...
no interpolation path defined
executed snippet estimated_duration=34.0, duration=9.48905944824e-05
calculate duration
testing...
no interpolation path defined
executed snippet estimated_duration=4.0, duration=0.000111103057861
calculate duration
testing...
no interpolation path defined
executed snippet estimated_duration=36.0, duration=8.89301300049e-05
calculate duration
testing...
no interpolation path defined
executed snippet estimated_duration=70.0, duration=0.000102996826172
executed snippet estimated_duration=250.0, duration=0.0191462039948
script duration name:sniffair_x2 seconds:250.0
Script duration 806.0
Run total estimated duration= 807.000
script duration name:unknown400_120 seconds:556.0
sniffair_x2 in script context. using previous estimated duration
script duration name:sniffair_x2 seconds:250.0
Script duration 806.0
Run total estimated duration= 807.000
script duration name:unknown120_60 seconds:214.0
loading script "jan_unknown120_60.py"
loading script "jan_pump_ms.py"
loading script "jan_cocktail_x1.py"
loading script "jan_pump_extraction_line.py"
testing...
no interpolation path defined
calculate duration
testing...
no interpolation path defined
executed snippet estimated_duration=0, duration=9.3936920166e-05
calculate duration
testing...
no interpolation path defined
executed snippet estimated_duration=0, duration=0.000168085098267
calculate duration
testing...
no interpolation path defined
executed snippet estimated_duration=32.0, duration=0.000105142593384
calculate duration
testing...
no interpolation path defined
executed snippet estimated_duration=34.0, duration=0.000119924545288
calculate duration
testing...
no interpolation path defined
executed snippet estimated_duration=4.0, duration=6.50882720947e-05
calculate duration
testing...
no interpolation path defined
executed snippet estimated_duration=38.0, duration=9.79900360107e-05
executed snippet estimated_duration=108.0, duration=0.0109090805054
script duration name:cocktail_x1 seconds:108.0
Script duration 322.0
Run total estimated duration= 323.000
script duration name:unknown120_60 seconds:214.0
cocktail_x1 in script context. using previous estimated duration
script duration name:cocktail_x1 seconds:108.0
Script duration 322.0
Run total estimated duration= 323.000
loading script "jan_ic_peak_hop3.py"
loading script "jan_pump_ms.py"
loading script "jan_air_x1.py"
loading script "jan_pump_extraction_line.py"
testing...
no interpolation path defined
executed snippet estimated_duration=133.8, duration=0.0069100856781
script duration name:ic_peak_hop3 seconds:134.0
loading script "jan_ic_peak_hop3.py"
loading script "jan_pump_ms.py"
loading script "jan_air_x1.py"
loading script "jan_pump_extraction_line.py"
testing...
no interpolation path defined
calculate duration
testing...
no interpolation path defined
executed snippet estimated_duration=0, duration=4.6968460083e-05
calculate duration
testing...
no interpolation path defined
executed snippet estimated_duration=0, duration=0.000102043151855
calculate duration
testing...
no interpolation path defined
executed snippet estimated_duration=32.0, duration=0.000128984451294
calculate duration
testing...
no interpolation path defined
executed snippet estimated_duration=34.0, duration=0.000172853469849
calculate duration
testing...
no interpolation path defined
executed snippet estimated_duration=4.0, duration=6.91413879395e-05
calculate duration
testing...
no interpolation path defined
executed snippet estimated_duration=36.0, duration=9.08374786377e-05
executed snippet estimated_duration=106.0, duration=0.0253190994263
script duration name:air_x1 seconds:106.0
Script duration 240.0
Run total estimated duration= 241.000
script duration name:unknown120_60 seconds:214.0
script duration name:co2 seconds:0.0
Script duration 214.0
Run total estimated duration= 215.000
script duration name:unknown120_60 seconds:214.0
script duration name:co2 seconds:0.0
Script duration 214.0
Run total estimated duration= 215.000
script duration name:unknown120_60 seconds:214.0
script duration name:co2 seconds:0.0
Script duration 214.0
Run total estimated duration= 215.000
script duration name:unknown120_60 seconds:214.0
script duration name:co2 seconds:0.0
Script duration 214.0
Run total estimated duration= 215.000
script duration name:unknown120_60 seconds:214.0
script duration name:co2 seconds:0.0
Script duration 214.0
Run total estimated duration= 215.000
script duration name:unknown120_60 seconds:214.0
script duration name:co2 seconds:0.0
Script duration 214.0
Run total estimated duration= 215.000
script duration name:unknown120_60 seconds:214.0
script duration name:co2 seconds:0.0
Script duration 214.0
Run total estimated duration= 215.000
script duration name:unknown120_60 seconds:214.0
script duration name:co2 seconds:0.0
Script duration 214.0
Run total estimated duration= 215.000
script duration name:unknown120_60 seconds:214.0
script duration name:co2 seconds:0.0
Script duration 214.0
Run total estimated duration= 215.000
script duration name:unknown120_60 seconds:214.0
script duration name:co2 seconds:0.0
Script duration 214.0
Run total estimated duration= 215.000
script duration name:unknown120_60 seconds:214.0
script duration name:co2 seconds:0.0
Script duration 214.0
Run total estimated duration= 215.000
script duration name:unknown120_60 seconds:214.0
script duration name:co2 seconds:0.0
Script duration 214.0
Run total estimated duration= 215.000
script duration name:unknown120_60 seconds:214.0
script duration name:co2 seconds:0.0
Script duration 214.0
Run total estimated duration= 215.000
script duration name:unknown120_60 seconds:214.0
script duration name:co2 seconds:0.0
Script duration 214.0
Run total estimated duration= 215.000
script duration name:unknown120_60 seconds:214.0
script duration name:co2 seconds:0.0
Script duration 214.0
Run total estimated duration= 215.000
script duration name:unknown120_60 seconds:214.0
script duration name:co2 seconds:0.0
Script duration 214.0
Run total estimated duration= 215.000
script duration name:unknown120_60 seconds:214.0
script duration name:co2 seconds:0.0
Script duration 214.0
Run total estimated duration= 215.000
script duration name:unknown120_60 seconds:214.0
script duration name:co2 seconds:0.0
Script duration 214.0
Run total estimated duration= 215.000
script duration name:unknown120_60 seconds:214.0
script duration name:co2 seconds:0.0
Script duration 214.0
Run total estimated duration= 215.000
script duration name:unknown120_60 seconds:214.0
script duration name:co2 seconds:0.0
Script duration 214.0
Run total estimated duration= 215.000
script duration name:unknown120_60 seconds:214.0
script duration name:co2 seconds:0.0
Script duration 214.0
Run total estimated duration= 215.000
script duration name:unknown120_60 seconds:214.0
script duration name:co2 seconds:0.0
Script duration 214.0
Run total estimated duration= 215.000
script duration name:unknown120_60 seconds:214.0
script duration name:co2 seconds:0.0
Script duration 214.0
Run total estimated duration= 215.000
script duration name:unknown120_60 seconds:214.0
script duration name:co2 seconds:0.0
Script duration 214.0
Run total estimated duration= 215.000
script duration name:unknown120_60 seconds:214.0
script duration name:co2 seconds:0.0
Script duration 214.0
Run total estimated duration= 215.000
script duration name:unknown120_60 seconds:214.0
script duration name:co2 seconds:0.0
Script duration 214.0
Run total estimated duration= 215.000
script duration name:unknown120_60 seconds:214.0
script duration name:co2 seconds:0.0
Script duration 214.0
Run total estimated duration= 215.000
script duration name:unknown120_60 seconds:214.0
script duration name:co2 seconds:0.0
Script duration 214.0
Run total estimated duration= 215.000
script duration name:unknown120_60 seconds:214.0
script duration name:co2 seconds:0.0
Script duration 214.0
Run total estimated duration= 215.000
script duration name:unknown120_60 seconds:214.0
script duration name:co2 seconds:0.0
Script duration 214.0
Run total estimated duration= 215.000
nruns=41 before=0.0, run_dur=10583.0, btw=0.0
write rem/ex queues
/Users/jan/PychronDev/experiments/rem/Load1794.rem.txt
/Users/jan/PychronDev/experiments/rem/Load1794.ex.txt
doing event level: 3
