do run
loading script "jan_unknown120_60.py"
loading script "jan_pump_ms.py"
loading script "jan_co2.py"
loading script "jan_pump_extraction_line.py"
testing...
no interpolation path defined
executed snippet estimated_duration=213.652928, duration=0.00021505355835
script duration name:unknown120_60 seconds:214.0
loading script "jan_unknown120_60.py"
loading script "jan_pump_ms.py"
loading script "jan_co2.py"
loading script "jan_pump_extraction_line.py"
testing...
no interpolation path defined
executed snippet estimated_duration=0, duration=2.59876251221e-05
loading script "jan_unknown120_60.py"
loading script "jan_pump_ms.py"
loading script "jan_co2.py"
loading script "jan_pump_extraction_line.py"
testing...
no interpolation path defined
calculate duration
testing...
no interpolation path defined
executed snippet estimated_duration=0, duration=5.00679016113e-05
calculate duration
testing...
no interpolation path defined
executed snippet estimated_duration=0, duration=9.70363616943e-05
executed snippet estimated_duration=0.0, duration=0.00267910957336
script duration name:co2 seconds:0.0
loading script "jan_unknown120_60.py"
loading script "jan_pump_ms.py"
loading script "jan_co2.py"
loading script "jan_pump_extraction_line.py"
testing...
no interpolation path defined
calculate duration
testing...
no interpolation path defined
executed snippet estimated_duration=4.0, duration=0.000144958496094
executed snippet estimated_duration=4.0, duration=0.00126099586487
Script duration 214.0
Run total estimated duration= 215.000
run duration: 0:03:35
doing event level: 2
14:38:12 -- Setting default integration. t=1.048576
setting integration time = 1.048576
SetIntegrationTime 1.048576 ===>> OK
----------------- start -----------------
**************** Experiment Type: Ar/Ar, Ar/Ar
create new session 4419438256
close session 4419438256
$$$$$ Clearing conditionals
adding conditionals 
Add queue conditionals
add default conditionals
adding default conditionals from /Users/jan/PychronDev/setupfiles/spectrometer/default_conditionals.yaml
Start automated run 65448-02B
loading script "jan_unknown120_60.py"
loading script "jan_pump_ms.py"
loading script "jan_co2.py"
loading script "jan_pump_extraction_line.py"
%%%%%%%%%%%%%%%%%% setting automated run 65448-02B
No value "sensitivity_multiplier" in metadata
$$$$$$$$$$$$$$$ auto_save_detector_ic=False
============================= Pre Extraction Check =============================
loading queue conditionals pre_run_terminations
loading system conditionals pre_run_terminations
loading conditionals from /Users/jan/PychronDev/setupfiles/spectrometer/default_conditionals.yaml
14:38:12 -- ******* Pre Extraction Check *******
Get a measurement from the spectrometer
GetData ===>> H2,-0.260380510162316,H1,-0.0607841144738995,AX,-0.0889948832395198,L1,-0.0393857168214714,L2,-0....
Pre Extraction Termination data. keys=H2,H1,AX,L1,L2,CDD, signals=-0.26038,-0.06078,-0.08899,-0.03939,-0.08050,0.00000
14:38:12 -- testing system defined conditionals
Checking default pre extraction terminations n=2
testing CDD
evaluate ot="CDD.inactive" t="CDD", ctx="{'CDD': False}"
GetDeflection CDD ===>> 50
testing CDD==2000
evaluate ot="CDD.deflection==2000" t="CDD==2000", ctx="{'CDD': 50.0}"
14:38:12 -- ******* Pre Extraction Check Passed *******
=================================================================================
14:38:12 -- stopping status monitor
stop 5288834736
Alive clients [5025639504, 4992986192]
14:38:12 -- starting status monitor
start 5288834736
Monitor already running
start extraction
do extraction
Analysis started at 14:38:12.662064
Extraction Started jan_co2.py
14:38:12 -- ******* Extraction Started jan_co2.py *******
state changed from not run to extraction
DO EXTRACTION <pychron.extraction_line.pyscript_runner.RemotePyScriptRunner object at 0x12bfe48f0>
testing...
no interpolation path defined
calculate duration
testing...
no interpolation path defined
executed snippet estimated_duration=0, duration=5.10215759277e-05
calculate duration
testing...
no interpolation path defined
executed snippet estimated_duration=0, duration=0.000119924545288
executed snippet estimated_duration=100.0, duration=0.00354695320129
Jan CO2 laser analysis
doing GOSUB
testing...
no interpolation path defined
executed snippet estimated_duration=0, duration=4.6968460083e-05
Waiting for CO2 access
wait ('FelixCO2Flag', 0) {}
waiting for FelixCO2Flag = 0
Read FelixCO2Flag ===>> 0
finished waiting
CO2 free
wait ('CO2PumpTimeFlag', 0) {}
waiting for CO2PumpTimeFlag = 0
Read CO2PumpTimeFlag ===>> 0
finished waiting
acquire ('JanCO2Flag',) {'clear': True}
acquire JanCO2Flag
Set JanCO2Flag 1 ===>> OK
JanCO2Flag acquired
set extraction state False (0.75, 'red', 1.5)
CO2 acquired
executed snippet estimated_duration=0, duration=0.0227389335632
WaitForCO2Access.py completed successfully
gosub finished
doing GOSUB
testing...
no interpolation path defined
executed snippet estimated_duration=0, duration=8.79764556885e-05
Prepare for CO2 analysis
close () {'description': 'Jan Inlet'}
closing name=--- desc=Jan Inlet
checking ownership. requestor=129.138.12.150
check software interlocks R
interlocks []
actuate state mode=None-script, software_lock=False
doing actuation None-script close_channel False
Close R ===>> OK
GetIndicatorState R ===>> False
change switch state (True, True)
update switch state R False args=() kw={} ncanvase=6
14:38:13 -- CLOSE  VALVE-R (Jan Inlet)
---------------------------------------- close None (Jan Inlet) result=[(True, True)]
action=close, ok=True, locked=[False]
open () {'description': 'Jan Ion Pump'}
opening name=--- desc=Jan Ion Pump
checking ownership. requestor=129.138.12.150
check software interlocks O
interlocks []
actuate state mode=None-script, software_lock=False
doing actuation None-script open_channel False
Open O ===>> OK
GetIndicatorState O ===>> OK
change switch state (True, True)
update switch state O True args=() kw={} ncanvase=6
14:38:13 -- OPEN   VALVE-O (Jan Ion Pump)
---------------------------------------- open None (Jan Ion Pump) result=[(True, True)], time=0.10 sec
action=open, ok=True, locked=[False]
close () {'description': 'Microbone to Minibone'}
closing name=--- desc=Microbone to Minibone
checking ownership. requestor=129.138.12.150
check software interlocks L
interlocks []
actuate state mode=None-script, software_lock=False
doing actuation None-script close_channel False
Close L ===>> OK
GetIndicatorState L ===>> False
change switch state (True, True)
update switch state L False args=() kw={} ncanvase=6
14:38:14 -- CLOSE  VALVE-L (Microbone to Minibone)
---------------------------------------- close None (Microbone to Minibone) result=[(True, True)]
action=close, ok=True, locked=[False]
open () {'description': 'Microbone to Turbo'}
opening name=--- desc=Microbone to Turbo
checking ownership. requestor=129.138.12.150
check software interlocks U
interlocks []
actuate state mode=None-script, software_lock=False
doing actuation None-script open_channel False
Open U ===>> OK
GetIndicatorState U ===>> OK
change switch state (True, True)
update switch state U True args=() kw={} ncanvase=6
14:38:14 -- OPEN   VALVE-U (Microbone to Turbo)
---------------------------------------- open None (Microbone to Turbo) result=[(True, True)], time=0.13 sec
action=open, ok=True, locked=[False]
open () {'description': 'Microbone to Inlet Pipette'}
opening name=--- desc=Microbone to Inlet Pipette
checking ownership. requestor=129.138.12.150
check software interlocks S
interlocks []
actuate state mode=None-script, software_lock=False
doing actuation None-script open_channel False
Open S ===>> OK
GetIndicatorState S ===>> OK
change switch state (True, True)
update switch state S True args=() kw={} ncanvase=6
14:38:15 -- OPEN   VALVE-S (Microbone to Inlet Pipette)
---------------------------------------- open None (Microbone to Inlet Pipette) result=[(True, True)], time=0.42 sec
action=open, ok=True, locked=[False]
open () {'description': 'Microbone to Getter D-50'}
opening name=--- desc=Microbone to Getter D-50
checking ownership. requestor=129.138.12.150
check software interlocks K
interlocks []
actuate state mode=None-script, software_lock=False
doing actuation None-script open_channel False
Open K ===>> OK
GetIndicatorState K ===>> OK
change switch state (True, True)
update switch state K True args=() kw={} ncanvase=6
14:38:15 -- OPEN   VALVE-K (Microbone to Getter D-50)
---------------------------------------- open None (Microbone to Getter D-50) result=[(True, True)], time=0.45 sec
action=open, ok=True, locked=[False]
open () {'description': 'Microbone to Getter NP-10'}
opening name=--- desc=Microbone to Getter NP-10
checking ownership. requestor=129.138.12.150
check software interlocks M
interlocks []
actuate state mode=None-script, software_lock=False
doing actuation None-script open_channel False
Open M ===>> OK
GetIndicatorState M ===>> OK
change switch state (True, True)
update switch state M True args=() kw={} ncanvase=6
14:38:16 -- OPEN   VALVE-M (Microbone to Getter NP-10)
---------------------------------------- open None (Microbone to Getter NP-10) result=[(True, True)], time=0.16 sec
action=open, ok=True, locked=[False]
close () {'description': 'CO2 Laser to Felix'}
closing name=--- desc=CO2 Laser to Felix
checking ownership. requestor=129.138.12.150
check software interlocks F
interlocks []
actuate state mode=None-script, software_lock=True
VALVE-F(CO2 Laser to Felix) software locked
change switch state (True, False)
---------------------------------------- close None (CO2 Laser to Felix) result=[(True, False)]
action=close, ok=True, locked=[True]
open () {'description': 'CO2 Laser to Jan'}
opening name=--- desc=CO2 Laser to Jan
checking ownership. requestor=129.138.12.150
check software interlocks A
interlocks []
actuate state mode=None-script, software_lock=False
doing actuation None-script open_channel False
Open A ===>> OK
GetIndicatorState A ===>> OK
change switch state (True, True)
update switch state A True args=() kw={} ncanvase=6
14:38:16 -- OPEN   VALVE-A (CO2 Laser to Jan)
---------------------------------------- open None (CO2 Laser to Jan) result=[(True, True)], time=0.15 sec
action=open, ok=True, locked=[False]
open () {'description': 'Microbone to CO2 Laser'}
opening name=--- desc=Microbone to CO2 Laser
checking ownership. requestor=129.138.12.150
check software interlocks T
interlocks []
actuate state mode=None-script, software_lock=False
doing actuation None-script open_channel False
Open T ===>> OK
GetIndicatorState T ===>> OK
change switch state (True, True)
update switch state T True args=() kw={} ncanvase=6
14:38:17 -- OPEN   VALVE-T (Microbone to CO2 Laser)
---------------------------------------- open None (Microbone to CO2 Laser) result=[(True, True)], time=0.44 sec
action=open, ok=True, locked=[False]
executed snippet estimated_duration=0, duration=5.02534890175
PrepareForCO2Analysis.py completed successfully
gosub finished
set_motor ('beam', '1.25') {}
setting motor "beam" to 1.25
set motor beam to 1.25
SetMotor beam,1.25 ===>> OK
GetMotorMoving beam ===>> False
GetMotorMoving beam ===>> False
Block completed
move_to_position ('163',) {'autocenter': True}
FusionsCO2 move to position 163
sending GoToHole 163,True
GoToHole 163,True ===>> OK
GetDriveMoving ===>> False
GetDriveMoving ===>> OK
GetDriveMoving ===>> OK
GetDriveMoving ===>> OK
GetDriveMoving ===>> False
Block completed
GetAutoCorrecting ===>> False
GetAutoCorrecting ===>> False
Block completed
update position
GetPosition ===>> 3.98780,-5.98170,1.00000
got position (3.9878, -5.9817, 1.0)
move to position succeeded
sleep (5,) {}
SLEEP 5.0
block started
WaitControl setup for 5.0  
Join finished
block finished. duration 5.02496099472
close () {'description': 'Microbone to Turbo'}
closing name=--- desc=Microbone to Turbo
checking ownership. requestor=129.138.12.150
check software interlocks U
interlocks []
actuate state mode=None-script, software_lock=False
doing actuation None-script close_channel True
Close U ===>> OK
GetIndicatorState U ===>> False
change switch state (True, True)
update switch state U False args=() kw={} ncanvase=6
14:38:26 -- CLOSE  VALVE-U (Microbone to Turbo)
---------------------------------------- close None (Microbone to Turbo) result=[(True, True)]
action=close, ok=True, locked=[False]
enable laser
enable () {}
set extraction state FusionsCO2 Enabled (False, 'red', 1.5)
enabling laser
Enable ===>> OK
begin interval
BEGIN INTERVAL Interval 1 waiting for 30.0
block started
set extract to 0.4
WaitControl setup for 30.0  
extract (0.4,) {}
GetPosition ===>> 3.98780,-5.98170,1.00000
set extraction state FusionsCO2 ON! 0.4(watts) (0.75, 'red', 1.5)
extract sample to 0.4 (watts)
set laser output
SetLaserOutput 0.4,watts ===>> OK
executing pattern triangle.lp
execute_pattern ('triangle.lp',) {}
executing pattern triangle.lp
IsPatterning ===>> OK
IsPatterning ===>> OK
IsPatterning ===>> OK
IsPatterning ===>> OK
IsPatterning ===>> OK
IsPatterning ===>> OK
IsPatterning ===>> OK
IsPatterning ===>> OK
IsPatterning ===>> OK
IsPatterning ===>> OK
IsPatterning ===>> OK
IsPatterning ===>> OK
IsPatterning ===>> OK
IsPatterning ===>> OK
IsPatterning ===>> OK
IsPatterning ===>> OK
IsPatterning ===>> OK
IsPatterning ===>> OK
IsPatterning ===>> OK
IsPatterning ===>> OK
IsPatterning ===>> OK
IsPatterning ===>> OK
IsPatterning ===>> OK
IsPatterning ===>> OK
IsPatterning ===>> OK
IsPatterning ===>> OK
IsPatterning ===>> False
IsPatterning ===>> False
Block completed
COMPLETE INTERVAL waiting for Interval 1 to complete
Join finished
block finished. duration 30.0709011555
Interval 1 finished
end_extract () {}
ending extraction. set laser power to 0
set laser power 0
SetLaserPower 0 ===>> OK
disable () {}
%%%%%%%%%%%%%%%%%%%%%%%%%%%%%%%%%%% disable
set extraction state False (0.75, 'red', 1.5)
disabling laser
Disable ===>> OK
sleep (30.0,) {}
SLEEP 30.0
block started
WaitControl setup for 30.0  
set states for children of V. state=True
handle state [('V', True)]
update switch state V True args=() kw={'refresh': False} ncanvase=6
refresh_canvas_needed fired
Join finished
block finished. duration 30.0557048321
executed snippet estimated_duration=165.5, duration=75.1711881161
jan_co2.py completed successfully
GetAchievedOutput ===>> No Response
Requested Output= 0.000
Achieved Output=  0.000
GetResponseBlob ===>> No Response
GetOutputBlob ===>> No Response
persistence save...
persistence save - db
AutomatedRunPersister post_extraction_save deprecated
persistence save - dvc
no extraction position for 163
create new session 4992585168
close session 4992585168
Extraction Finished
14:39:27 -- ******* Extraction Finished *******
no overlap. not waiting for min ms pumptime
14:39:27 -- Sending spectrometer configuration
======== Sending configuration ========
SetDeflection CDD,50.0 ===>> OK
SetDeflection H2,0.0 ===>> OK
SetDeflection H1,0.0 ===>> OK
SetDeflection L2,825.0 ===>> OK
SetDeflection L1,400.0 ===>> OK
SetDeflection AX,190.0 ===>> OK
SetZFocus 74.64 ===>> OK
SetZSymmetry -50.72 ===>> OK
SetExtractionLens 26.13 ===>> OK
SetIonRepeller -3.81 ===>> OK
SetElectronEnergy 75.08 ===>> OK
SetYSymmetry -2.81 ===>> OK
SetIonCounterVoltage 1590.0 ===>> OK
send trap current 200.0
GetParameter Trap Current Readback ===>> 198.035158395898
SetParameter Trap Current Set,200.0 ===>> OK
updating mftable name mftable
Using mftable located at /Users/jan/PychronDev/setupfiles/spectrometer/mftables/mftable.csv
============ MFtable ===========
Isotope  H2     H1     AX     L1     L2     CDD    
Ar40     5.8227 5.8809 5.9941 6.1626 6.2326 6.3908
Ar39     5.7219 5.7732 5.8865 6.0487 6.1177 6.2773
Ar36     5.3994 5.4422 5.5499 5.7075 5.7727 5.9284
================================
get initial guess parabolic
get initial guess parabolic
get initial guess parabolic
get initial guess parabolic
get initial guess parabolic
get initial guess parabolic
======== Configuration Finished ========
GetYSymmetry ===>> -2.81
GetZSymmetry ===>> -50.72
GetParameter Trap Current Readback ===>> 197.699505585058
GetHighVoltage ===>> 4499.94659342336
start measurement
do measurement
L#=65448 analysis type=unknown
Measurement Started jan_unknown120_60.py
14:39:28 -- ******* Measurement Started jan_unknown120_60.py *******
state changed from extraction to measurement
setting spec, defl, and gains
GetExtractionLens ===>> 26.13
GetYSymmetry ===>> -2.81
GetZSymmetry ===>> -50.72
GetZFocus ===>> 74.64
GetDeflection H2 ===>> 0
GetDeflection H1 ===>> 0
GetDeflection AX ===>> 190
GetDeflection L1 ===>> 400
GetDeflection L2 ===>> 825
GetDeflection CDD ===>> 50
GetGain H2 ===>> 0.0113
GetGain H1 ===>> 0.1
GetGain AX ===>> 0.097049
GetGain L1 ===>> 0.010355
GetGain L2 ===>> 0.095649
GetGain CDD ===>> 0
pre measurement save
New frame /Users/jan/PychronDev/data/isotopes/68/b4fd2d-e615-4090-be7a-df7f01498945.h5
flush and close file /Users/jan/PychronDev/data/isotopes/68/b4fd2d-e615-4090-be7a-df7f01498945.h5
testing...
no interpolation path defined
executed snippet estimated_duration=226.132928, duration=0.000244140625
unknown measurement script
activate_detectors ('H2', 'H1', 'AX', 'L1', 'L2', 'CDD') {}
activate detectors
*************** Set Analysis View Ar/Ar
create graphs
clearing graphs
clear isotope group
setting isotope det=H2, iso=PM41
setting isotope det=H1, iso=Ar40
setting isotope det=AX, iso=Ar39
setting isotope det=L1, iso=Ar38
setting isotope det=L2, iso=Ar37
setting isotope det=CDD, iso=Ar36
setting previous blanks
 - setting Ar40 blank 0.560+/-0.008
 - setting Ar36 blank 0.00482+/-0.00017
 - setting Ar37 blank 0.062+/-0.005
 - setting Ar38 blank 0.0071+/-0.0024
 - setting PM41 blank 0.02+/-0.07
 - setting Ar39 blank 0.009+/-0.009
load analysis view
position_magnet ('Ar40',) {'detector': 'H1'}
detector Detector(H1)
POSITION Ar40 H1
setting detector H2 to PM41 (40.9624)
setting detector H1 to Ar40 (39.9624)
setting detector AX to Ar39 (38.9624)
setting detector L1 to Ar38 (37.9624)
setting detector L2 to Ar37 (36.9624)
setting detector CDD to Ar36 (35.9624)
Mapping mass to dac mass func: "parabolic"
H1 map mass coeffs = [-0.00063987  0.15840543  0.57249999]
H1 map mass to dac 39.9624 >> 5.88089
GetDeflection H1 ===>> 0
GetHighVoltage ===>> 4499.94659342336
positioning Ar40 (5.88085536799) on H1
setting magnet DAC
current  : 5.241515
requested: 5.880855
Delta Dac: 0.639340
Checking detector protection. dv=0.63934
Checking detector "CDD". Protection Threshold: 0.1 (V)
ProtectDetector CDD,On ===>> OK
GetDeflection CDD ===>> 2000
Protected = 2000
SetMagnetDAC 5.88085536799 ===>> OK
Magnet settling time: 0.500
GetMagnetMoving ===>> True
GetMagnetMoving ===>> True
GetMagnetMoving ===>> True
GetMagnetMoving ===>> True
GetMagnetMoving ===>> True
GetMagnetMoving ===>> True
GetMagnetMoving ===>> True
GetMagnetMoving ===>> True
GetMagnetMoving ===>> False
ProtectDetector CDD,Off ===>> OK
GetDeflection CDD ===>> 50
equilibrate () {'delay': 3, 'inlet': 'R', 'outlet': 'O', 'eqtime': 12.0}
Equilibration Started
14:39:31 -- ******* Equilibration Started *******
checking ownership. requestor=129.138.12.150
check software interlocks O
interlocks []
actuate state mode=None-script, software_lock=False
doing actuation None-script close_channel True
Close O ===>> OK
GetIndicatorState O ===>> False
change switch state (True, True)
update switch state O False args=() kw={} ncanvase=6
14:39:31 -- CLOSE  VALVE-O (Jan Ion Pump)
waiting 3s before opening inlet value ('R',)
update labels <pychron.experiment.plot_panel.PlotPanel object at 0x19e582350>
update labels "<pychron.graph.stacked_regression_graph.StackedRegressionGraph object at 0x1a47a0fb0>"
setting label 0 H2 PM41
setting label 1 H1 Ar40
setting label 2 AX Ar39
setting label 3 L1 Ar38
setting label 4 L2 Ar37
setting label 5 CDD Ar36
update labels "<pychron.graph.stacked_graph.StackedGraph object at 0x1359da110>"
setting label 0 H2 PM41
setting label 1 H1 Ar40
setting label 2 AX Ar39
setting label 3 L1 Ar38
setting label 4 L2 Ar37
setting label 5 CDD Ar36
checking ownership. requestor=129.138.12.150
check software interlocks R
interlocks []
actuate state mode=None-script, software_lock=False
doing actuation None-script open_channel True
Open R ===>> OK
State checksums do not match. Local:176217748 Remote:-1447199934
State checksum failed
GetIndicatorState R ===>> OK
change switch state (True, True)
update switch state R True args=() kw={} ncanvase=6
14:39:35 -- OPEN   VALVE-R (Jan Inlet)
set_time_zero () {}
equilibrating for 12.0sec
sniff (12.0,) {}
py_sniff
build tables- sniff [Detector(H2), Detector(H1), Detector(AX), Detector(L1), Detector(L2), Detector(CDD)]
add group /sniff/PM41 (Group) '' table H2
add group /sniff/Ar40 (Group) '' table H1
add group /sniff/Ar39 (Group) '' table AX
add group /sniff/Ar38 (Group) '' table L1
add group /sniff/Ar37 (Group) '' table L2
add group /sniff/Ar36 (Group) '' table CDD
flush and close file /Users/jan/PychronDev/data/isotopes/68/b4fd2d-e615-4090-be7a-df7f01498945.h5
measuring sniff. ncounts=12.0
"sniff" increment series count="1" fit count="0" regressing="False"
starting measurement
check iteration duration=2.98023223877e-05
GetData ===>> H2,-0.0490951524097931,H1,0.0466013056197535,AX,0.287302638779623,L1,-0.0643426070590537,L2,0.075...
check iteration duration=1.81198120117e-05
GetData ===>> H2,0.75673089324525,H1,0.397012079379544,AX,1.00388300542291,L1,0.0895395338231993,L2,0.263545215...
check iteration duration=1.62124633789e-05
GetData ===>> H2,0.532883582209091,H1,0.610967368217819,AX,0.35039307609777,L1,0.127014849183788,L2,0.281536245...
check iteration duration=2.88486480713e-05
GetData ===>> H2,0.199750213965617,H1,0.634042991454531,AX,0.137681452491353,L1,0.1144215590871,L2,0.0459663293...
check iteration duration=2.00271606445e-05
GetData ===>> H2,0.1351644702199,H1,0.609052617025374,AX,0.136010179465126,L1,0.0883551389104652,L2,0.025716533...
check iteration duration=4.50611114502e-05
GetData ===>> H2,-0.00349403622641746,H1,0.615778341717977,AX,-0.03051646403569,L1,0.0562483743331592,L2,0.1630...
check iteration duration=4.00543212891e-05
GetData ===>> H2,-0.0470766212372994,H1,0.685401453941448,AX,-0.0364772133835383,L1,0.0162034474191587,L2,-0.03...
check iteration duration=3.40938568115e-05
GetData ===>> H2,-0.0959878314642028,H1,0.707502907613144,AX,-0.00317815711921982,L1,-0.0019656672051424,L2,0.0...
check iteration duration=4.19616699219e-05
GetData ===>> H2,0.0109603944704577,H1,0.641177400408499,AX,0.0195264764584982,L1,0.0116169976221496,L2,0.02329...
check iteration duration=4.50611114502e-05
GetData ===>> H2,-0.00925438260834454,H1,0.720799627610291,AX,0.130694793386592,L1,-0.0113998618083674,L2,-0.07...
check iteration duration=2.69412994385e-05
GetData ===>> H2,-0.119537876324901,H1,0.807097526762868,AX,-0.0683274035699141,L1,-0.0476807847799161,L2,0.180...
check iteration duration=2.69412994385e-05
GetData ===>> H2,-0.134398551894077,H1,0.775944142416418,AX,0.00773843289369015,L1,-0.0207538551674452,L2,0.035...
Equilibration Finished
14:39:47 -- ******* Equilibration Finished *******
checking ownership. requestor=129.138.12.150
check software interlocks R
interlocks []
actuate state mode=None-script, software_lock=False
doing actuation None-script close_channel True
Close R ===>> OK
GetIndicatorState R ===>> False
change switch state (True, True)
update switch state R False args=() kw={} ncanvase=6
14:39:48 -- CLOSE  VALVE-R (Jan Inlet)
Post Equilibration Started jan_pump_extraction_line.py
14:39:48 -- ******* Post Equilibration Started jan_pump_extraction_line.py *******
testing...
no interpolation path defined
calculate duration
testing...
no interpolation path defined
executed snippet estimated_duration=4.0, duration=0.000164031982422
executed snippet estimated_duration=4.0, duration=0.00182318687439
Pump after analysis
doing GOSUB
testing...
no interpolation path defined
executed snippet estimated_duration=4.0, duration=0.000180959701538
Pump Microbone
close () {'description': 'Jan Inlet'}
closing name=--- desc=Jan Inlet
checking ownership. requestor=129.138.12.150
check software interlocks R
interlocks []
actuate state mode=None-script, software_lock=False
doing actuation None-script close_channel False
check iteration duration=1.81198120117e-05
waiting for write to finish
measurement finished
estimated time: 12.583 actual time: :12.686
flush and close file /Users/jan/PychronDev/data/isotopes/68/b4fd2d-e615-4090-be7a-df7f01498945.h5
set_fits () {}
using default fits file=/Users/jan/PychronDev/scripts/measurement/fits/nominal_linear.yaml
Close R ===>> OK
set "Ar40" to "('Linear', 'SEM')"
No fit for "PM41". defaulting to linear. check the measurement script "jan_unknown120_60.py"
set "PM41" to "linear"
set "Ar36" to "('Linear', 'SEM')"
set "Ar37" to "('linear', 'SEM')"
set "Ar38" to "('linear', 'SEM')"
set "Ar39" to "('Linear', 'SEM')"
set_baseline_fits () {}
using default fits file=/Users/jan/PychronDev/scripts/measurement/fits/nominal_linear.yaml
set "H1" to "('average', 'SEM')"
set "H2" to "('average', 'SEM')"
set "CDD" to "('average', 'SEM')"
set "L2" to "('average', 'SEM')"
set "L1" to "('average', 'SEM')"
set "AX" to "('average', 'SEM')"
multicollect () {'integration_time': 1, 'ncounts': 120}
build tables- signal [Detector(H2), Detector(H1), Detector(AX), Detector(L1), Detector(L2), Detector(CDD)]
add group /signal/PM41 (Group) '' table H2
add group /signal/Ar40 (Group) '' table H1
add group /signal/Ar39 (Group) '' table AX
add group /signal/Ar38 (Group) '' table L1
add group /signal/Ar37 (Group) '' table L2
add group /signal/Ar36 (Group) '' table CDD
flush and close file /Users/jan/PychronDev/data/isotopes/68/b4fd2d-e615-4090-be7a-df7f01498945.h5
measuring signal. ncounts=120
GetIndicatorState R ===>> False
change switch state (True, True)
update switch state R False args=() kw={} ncanvase=6
14:39:48 -- CLOSE  VALVE-R (Jan Inlet)
---------------------------------------- close None (Jan Inlet) result=[(True, True)]
action=close, ok=True, locked=[False]
is_closed ('F',) {}
is F () closed?
is closed True
open () {'description': 'CO2 Laser to Jan'}
opening name=--- desc=CO2 Laser to Jan
checking ownership. requestor=129.138.12.150
check software interlocks A
interlocks []
actuate state mode=None-script, software_lock=False
doing actuation None-script open_channel False
Open A ===>> OK
GetIndicatorState A ===>> OK
change switch state (True, True)
update switch state A True args=() kw={} ncanvase=6
14:39:49 -- OPEN   VALVE-A (CO2 Laser to Jan)
---------------------------------------- open None (CO2 Laser to Jan) result=[(True, True)], time=0.13 sec
starting measurement
check iteration duration=0.000107049942017
GetData ===>> H2,-0.202228880487996,H1,0.742322261249329,AX,0.0350294625270028,L1,0.00559774959335187,L2,0.0498...
"signal" increment series count="2" fit count="1" regressing="True"
action=open, ok=True, locked=[False]
sleep (1,) {}
SLEEP 1.0
check iteration duration=8.70227813721e-05
GetData ===>> H2,-0.106129803326686,H1,0.766543729975555,AX,-0.00897818510814255,L1,0.0209926314161516,L2,0.152...
close () {'description': 'CO2 Laser to Roughing'}
closing name=--- desc=CO2 Laser to Roughing
checking ownership. requestor=129.138.12.150
check software interlocks G
interlocks []
actuate state mode=None-script, software_lock=True
VALVE-G(CO2 Laser to Roughing) software locked
change switch state (True, False)
---------------------------------------- close None (CO2 Laser to Roughing) result=[(True, False)]
action=close, ok=True, locked=[True]
open () {'description': 'Microbone to Turbo'}
opening name=--- desc=Microbone to Turbo
checking ownership. requestor=129.138.12.150
check software interlocks U
interlocks []
actuate state mode=None-script, software_lock=False
doing actuation None-script open_channel True
Open U ===>> OK
GetIndicatorState U ===>> OK
change switch state (True, True)
update switch state U True args=() kw={} ncanvase=6
14:39:50 -- OPEN   VALVE-U (Microbone to Turbo)
---------------------------------------- open None (Microbone to Turbo) result=[(True, True)], time=0.17 sec
action=open, ok=True, locked=[False]
open () {'description': 'Microbone to Getter NP-10'}
opening name=--- desc=Microbone to Getter NP-10
checking ownership. requestor=129.138.12.150
check software interlocks M
interlocks []
actuate state mode=None-script, software_lock=False
doing actuation None-script open_channel False
Open M ===>> OK
GetIndicatorState M ===>> OK
change switch state (True, True)
update switch state M True args=() kw={} ncanvase=6
14:39:50 -- OPEN   VALVE-M (Microbone to Getter NP-10)
---------------------------------------- open None (Microbone to Getter NP-10) result=[(True, True)], time=0.16 sec
action=open, ok=True, locked=[False]
open () {'description': 'Microbone to Getter D-50'}
opening name=--- desc=Microbone to Getter D-50
checking ownership. requestor=129.138.12.150
check software interlocks K
interlocks []
actuate state mode=None-script, software_lock=False
doing actuation None-script open_channel False
check iteration duration=5.10215759277e-05
GetData ===>> H2,-0.1184325942972,H1,0.755659510282602,AX,0.0113814356827615,L1,0.0137130583425468,L2,0.1680114...
Open K ===>> OK
GetIndicatorState K ===>> OK
change switch state (True, True)
update switch state K True args=() kw={} ncanvase=6
14:39:51 -- OPEN   VALVE-K (Microbone to Getter D-50)
---------------------------------------- open None (Microbone to Getter D-50) result=[(True, True)], time=0.42 sec
action=open, ok=True, locked=[False]
open () {'description': 'Microbone to CO2 Laser'}
opening name=--- desc=Microbone to CO2 Laser
checking ownership. requestor=129.138.12.150
check software interlocks T
interlocks []
actuate state mode=None-script, software_lock=False
doing actuation None-script open_channel False
Open T ===>> OK
GetIndicatorState T ===>> OK
change switch state (True, True)
update switch state T True args=() kw={} ncanvase=6
14:39:52 -- OPEN   VALVE-T (Microbone to CO2 Laser)
---------------------------------------- open None (Microbone to CO2 Laser) result=[(True, True)], time=0.42 sec
check iteration duration=4.60147857666e-05
GetData ===>> H2,-0.258732497193206,H1,0.677349452914755,AX,0.0110217701062138,L1,-0.0213832386866544,L2,0.0112...
action=open, ok=True, locked=[False]
open () {'description': 'Microbone to Inlet Pipette'}
opening name=--- desc=Microbone to Inlet Pipette
checking ownership. requestor=129.138.12.150
check software interlocks S
interlocks []
actuate state mode=None-script, software_lock=False
doing actuation None-script open_channel False
Open S ===>> OK
GetIndicatorState S ===>> OK
change switch state (True, True)
update switch state S True args=() kw={} ncanvase=6
14:39:53 -- OPEN   VALVE-S (Microbone to Inlet Pipette)
---------------------------------------- open None (Microbone to Inlet Pipette) result=[(True, True)], time=0.43 sec
action=open, ok=True, locked=[False]
sleep (1,) {}
SLEEP 1.0
testing H1>-5.0
evaluate ot="H1.bs>-5.0" t="H1>-5.0", ctx="{'H1': None}"
check iteration duration=0.00111699104309
GetData ===>> H2,-0.260705993319131,H1,0.739820227731403,AX,-0.063249695349325,L1,0.0165240967085487,L2,0.03049...
set_resource () {'name': 'CO2PumpTimeFlag', 'value': 30}
Set CO2PumpTimeFlag 30 ===>> OK
release ('JanCO2Flag',) {}
release JanCO2Flag
Set JanCO2Flag 0 ===>> OK
executed snippet estimated_duration=6.0, duration=5.97591090202
PumpMicrobone.py completed successfully
gosub finished
get_resource_value () {'name': 'JanMiniboneFlag'}
Read JanMiniboneFlag ===>> 0
Get Resource Value JanMiniboneFlag=0.0
get resource value 0.0
get_resource_value () {'name': 'JanMiniboneFlag'}
Read JanMiniboneFlag ===>> 0
Get Resource Value JanMiniboneFlag=0.0
executed snippet estimated_duration=4.0, duration=5.98986005783
jan_pump_extraction_line.py completed successfully
Post Equilibration Finished
14:39:54 -- ******* Post Equilibration Finished *******
check iteration duration=5.69820404053e-05
GetData ===>> H2,-0.203831621546755,H1,0.81958075425852,AX,-0.077206959628501,L1,-0.00700409465228158,L2,-0.069...
check iteration duration=5.88893890381e-05
GetData ===>> H2,-0.183123148931462,H1,0.765489980594025,AX,-0.0461829442205561,L1,0.00685386265426854,L2,0.014...
check iteration duration=5.10215759277e-05
GetData ===>> H2,-0.0534255745318762,H1,0.785405317985188,AX,0.039555500359001,L1,0.000706922163661642,L2,-0.04...
check iteration duration=7.20024108887e-05
GetData ===>> H2,-0.231758946808002,H1,0.826517881931044,AX,-0.16631447265919,L1,-0.0231249272236955,L2,-0.0031...
testing H1>-5.0
evaluate ot="H1.bs>-5.0" t="H1>-5.0", ctx="{'H1': None}"
check iteration duration=0.00088906288147
GetData ===>> H2,-0.232200371847427,H1,0.907257481982282,AX,-0.0244857624447137,L1,-0.0489481488160092,L2,0.081...
check iteration duration=8.10623168945e-05
GetData ===>> H2,-0.188500583745288,H1,0.87858170032431,AX,-0.0579978142677445,L1,-0.0570885071815326,L2,0.0581...
check iteration duration=7.79628753662e-05
GetData ===>> H2,-0.199493316783784,H1,0.855218303028482,AX,-0.0040829842377081,L1,-0.0125842083049356,L2,0.032...
check iteration duration=7.79628753662e-05
GetData ===>> H2,-0.148595590254555,H1,0.881300398011154,AX,-0.105903481484154,L1,-0.0241304861681599,L2,0.0409...
check iteration duration=7.9870223999e-05
GetData ===>> H2,-0.170092456289474,H1,0.804545963818249,AX,-0.0294263264176007,L1,0.00326856925371528,L2,0.003...
testing H1>-5.0
evaluate ot="H1.bs>-5.0" t="H1>-5.0", ctx="{'H1': None}"
check iteration duration=0.00115489959717
GetData ===>> H2,-0.262926291117637,H1,0.821893076950997,AX,-0.0941639646737441,L1,-0.0276233930487738,L2,0.089...
check iteration duration=9.01222229004e-05
GetData ===>> H2,-0.374055972786461,H1,0.885037230215669,AX,-0.00164689206513373,L1,-0.0298143781604178,L2,0.06...
check iteration duration=0.0001380443573
GetData ===>> H2,-0.300313499566704,H1,0.922700753787153,AX,-0.0970033656404516,L1,0.00167796661347324,L2,0.106...
check iteration duration=3.79085540771e-05
GetData ===>> H2,-0.277354969784969,H1,0.896404281923835,AX,0.00536011291080889,L1,-0.0292921308935098,L2,-0.01...
check iteration duration=6.5803527832e-05
GetData ===>> H2,-0.162329790089347,H1,0.837187532621653,AX,-0.0789688639616241,L1,-0.0231381116027846,L2,-0.04...
testing H1>-5.0
evaluate ot="H1.bs>-5.0" t="H1>-5.0", ctx="{'H1': None}"
check iteration duration=0.00104784965515
GetData ===>> H2,-0.237964230099761,H1,0.918135815982635,AX,-0.0193361753214044,L1,-0.0473061697068701,L2,0.069...
check iteration duration=4.10079956055e-05
GetData ===>> H2,-0.283875987493627,H1,0.994472992353601,AX,0.0289370515406554,L1,-0.0127400329949553,L2,0.1261...
check iteration duration=6.69956207275e-05
GetData ===>> H2,-0.252196543503098,H1,0.981404426169674,AX,-0.0150794415387078,L1,-0.0126657169052789,L2,-0.01...
check iteration duration=8.39233398438e-05
GetData ===>> H2,-0.205323624617836,H1,0.993765567784766,AX,-0.0541485735206998,L1,-0.0460541598389485,L2,0.057...
check iteration duration=8.41617584229e-05
GetData ===>> H2,-0.174152377796227,H1,0.9595033982013,AX,-0.129922776798126,L1,-0.00247082329125803,L2,0.02929...
testing H1>-5.0
evaluate ot="H1.bs>-5.0" t="H1>-5.0", ctx="{'H1': None}"
check iteration duration=0.000543832778931
14:40:14 -- collecting point 25
GetData ===>> H2,-0.240606155227377,H1,0.986295947544291,AX,0.0374549284305418,L1,-0.00213245550866269,L2,-0.01...
check iteration duration=6.103515625e-05
GetData ===>> H2,-0.251434082735503,H1,1.04832084623394,AX,0.0618994904802645,L1,-0.0196508405073411,L2,0.09820...
check iteration duration=4.38690185547e-05
GetData ===>> H2,-0.156822105361329,H1,0.997038946943296,AX,-0.0902118441680656,L1,-0.0308755585446634,L2,-0.04...
check iteration duration=8.29696655273e-05
GetData ===>> H2,-0.142148648008622,H1,1.01873227192042,AX,-0.107154994978375,L1,0.039117155836425,L2,0.0789999...
check iteration duration=6.91413879395e-05
GetData ===>> H2,-0.15198106353838,H1,1.06265634306137,AX,-0.0118896688681059,L1,-0.00855710130859899,L2,0.0293...
testing H1>-5.0
evaluate ot="H1.bs>-5.0" t="H1>-5.0", ctx="{'H1': None}"
check iteration duration=0.000616073608398
GetData ===>> H2,-0.132112932312918,H1,1.11279869709062,AX,0.0209420658766342,L1,-0.00836763533666378,L2,0.1191...
check iteration duration=6.5803527832e-05
GetData ===>> H2,-0.0502542547296577,H1,1.15096775023897,AX,-0.0614759129090467,L1,-0.0342212563803421,L2,0.061...
check iteration duration=6.60419464111e-05
GetData ===>> H2,-0.151839290962034,H1,1.12617181251287,AX,0.00380553515594859,L1,-0.0488344635748541,L2,0.0672...
check iteration duration=3.40938568115e-05
GetData ===>> H2,-0.208433690166027,H1,1.18259833134686,AX,-0.067921660370372,L1,-0.00657112885423858,L2,0.0575...
check iteration duration=5.10215759277e-05
GetData ===>> H2,-0.216302054559832,H1,1.13322489747001,AX,-0.0433768467247476,L1,0.0118390681704132,L2,-0.0153...
testing H1>-5.0
evaluate ot="H1.bs>-5.0" t="H1>-5.0", ctx="{'H1': None}"
check iteration duration=0.00111508369446
GetData ===>> H2,-0.116053911381693,H1,1.09416325557097,AX,-0.0689881817307333,L1,-0.0476724069597407,L2,0.0932...
check iteration duration=8.9168548584e-05
GetData ===>> H2,-0.115790033595789,H1,1.08499070504371,AX,-0.0452089360762638,L1,-0.0376870654458273,L2,0.0262...
check iteration duration=5.00679016113e-05
GetData ===>> H2,-0.264118966028204,H1,1.11983885119009,AX,0.0746687729865515,L1,-0.0408182066749587,L2,0.04123...
check iteration duration=4.88758087158e-05
GetData ===>> H2,-0.242097495392118,H1,1.13652370375317,AX,0.0246783925488436,L1,-0.0208449683621094,L2,-0.0371...
check iteration duration=5.29289245605e-05
GetData ===>> H2,-0.208739529971053,H1,1.11777592709574,AX,-0.0755609412290033,L1,0.02122572225941,L2,-0.009243...
testing H1>-5.0
evaluate ot="H1.bs>-5.0" t="H1>-5.0", ctx="{'H1': None}"
check iteration duration=0.001305103302
GetData ===>> H2,-0.232653891194937,H1,1.20661589025011,AX,-0.0769055780603494,L1,0.01810707676823,L2,0.0395009...
check iteration duration=6.50882720947e-05
GetData ===>> H2,-0.196885219286599,H1,1.1806781341775,AX,-0.0314674251775238,L1,-0.0454185195941764,L2,0.07232...
check iteration duration=4.41074371338e-05
GetData ===>> H2,-0.241368001616265,H1,1.17009370455066,AX,0.0290182811793864,L1,-0.0419906362963843,L2,0.10032...
check iteration duration=3.71932983398e-05
GetData ===>> H2,-0.21893259755358,H1,1.22520960602446,AX,-0.0126436245697182,L1,0.000319250717692214,L2,0.0120...
check iteration duration=8.70227813721e-05
GetData ===>> H2,-0.236335202334441,H1,1.217844904091,AX,-0.00148448375253717,L1,-0.0191460510720137,L2,0.04351...
testing H1>-5.0
evaluate ot="H1.bs>-5.0" t="H1>-5.0", ctx="{'H1': None}"
check iteration duration=0.000643014907837
GetData ===>> H2,-0.198665371649857,H1,1.13910284577974,AX,-0.065614688307841,L1,-0.0499664718615388,L2,0.13262...
check iteration duration=7.79628753662e-05
GetData ===>> H2,-0.211560411102967,H1,1.13612784129147,AX,0.0199325860711861,L1,-0.00868301026688891,L2,-0.015...
check iteration duration=6.19888305664e-05
GetData ===>> H2,-0.106726506013617,H1,1.2098930927827,AX,-0.0534297225331083,L1,-0.0172549638294866,L2,-0.0097...
check iteration duration=3.88622283936e-05
GetData ===>> H2,-0.0824975994069592,H1,1.30296764710913,AX,-0.0898177822957342,L1,-0.00618852031009896,L2,0.06...
check iteration duration=5.19752502441e-05
GetData ===>> H2,-0.26987484111165,H1,1.23346255034276,AX,-0.0669130913734413,L1,-0.00447080059048311,L2,0.0489...
testing H1>-5.0
evaluate ot="H1.bs>-5.0" t="H1>-5.0", ctx="{'H1': None}"
check iteration duration=0.000656843185425
14:40:40 -- collecting point 50
GetData ===>> H2,-0.294786437962398,H1,1.30233141962519,AX,-0.0097321633623789,L1,-0.011192466959031,L2,-0.0078...
check iteration duration=5.00679016113e-05
GetData ===>> H2,-0.19726554809151,H1,1.32349714286939,AX,-0.041996959188719,L1,-0.00379298836222284,L2,0.11791...
check iteration duration=4.10079956055e-05
GetData ===>> H2,-0.181460981920608,H1,1.3202073398898,AX,0.0461592509476876,L1,0.0197527748363746,L2,0.0054140...
check iteration duration=7.00950622559e-05
GetData ===>> H2,-0.271838049055742,H1,1.31827433057314,AX,0.0709688721484326,L1,-0.0103580491206561,L2,0.08596...
check iteration duration=6.29425048828e-05
GetData ===>> H2,-0.290806186844729,H1,1.32457775852404,AX,0.0944116859763081,L1,-0.0397570339616084,L2,0.09495...
testing H1>-5.0
evaluate ot="H1.bs>-5.0" t="H1>-5.0", ctx="{'H1': None}"
check iteration duration=0.00114488601685
GetData ===>> H2,-0.293516669101214,H1,1.38978433755137,AX,0.0605078442642075,L1,-0.0261233291764965,L2,0.03862...
check iteration duration=3.40938568115e-05
GetData ===>> H2,-0.195885783725054,H1,1.40026167980987,AX,-0.0436667365773319,L1,-0.025356436935115,L2,0.00451...
check iteration duration=8.89301300049e-05
GetData ===>> H2,-0.208610189036414,H1,1.33339121221703,AX,-0.0357698283700384,L1,-0.0123396785429916,L2,0.0109...
check iteration duration=9.29832458496e-05
GetData ===>> H2,-0.183195998072234,H1,1.31946294681822,AX,-0.0771374101187156,L1,0.00308128525404878,L2,0.0109...
check iteration duration=3.48091125488e-05
GetData ===>> H2,-0.117711464913234,H1,1.41178666714625,AX,0.0217426952345893,L1,-0.0092633702470138,L2,-0.0426...
testing H1>-5.0
evaluate ot="H1.bs>-5.0" t="H1>-5.0", ctx="{'H1': None}"
check iteration duration=0.000724077224731
GetData ===>> H2,-0.164545344629335,H1,1.36001636602499,AX,0.0148157287558314,L1,-0.035598696511228,L2,0.049136...
check iteration duration=4.88758087158e-05
GetData ===>> H2,-0.167791611875541,H1,1.47027255925567,AX,-0.08998004325994,L1,-0.0378188469806028,L2,-0.00490...
check iteration duration=7.41481781006e-05
GetData ===>> H2,-0.0869467054629397,H1,1.38572345876378,AX,0.0911054550246724,L1,-0.056492440166091,L2,-0.0551...
check iteration duration=9.29832458496e-05
GetData ===>> H2,-0.0844250819019131,H1,1.3865644557306,AX,0.0450102357938541,L1,-0.0815509525347294,L2,0.09587...
check iteration duration=0.000118970870972
GetData ===>> H2,-0.200720290152763,H1,1.38535101949182,AX,-0.0286493059810756,L1,-0.0193259076945338,L2,-0.004...
testing H1>-5.0
evaluate ot="H1.bs>-5.0" t="H1>-5.0", ctx="{'H1': None}"
check iteration duration=0.000710010528564
GetData ===>> H2,-0.24553974703426,H1,1.48950705812003,AX,-0.0748538402678821,L1,-0.0384322073882664,L2,0.05867...
check iteration duration=3.81469726562e-05
GetData ===>> H2,-0.185104748312632,H1,1.50089810994773,AX,-0.0480033856864724,L1,-0.0176723047055119,L2,0.0258...
check iteration duration=5.31673431396e-05
GetData ===>> H2,-0.167247707637366,H1,1.54318121633696,AX,0.0654250832471956,L1,-0.00731471515145499,L2,0.1090...
check iteration duration=5.50746917725e-05
GetData ===>> H2,-0.135234243387874,H1,1.45154617585737,AX,-0.00629861512846444,L1,0.0126601715105714,L2,0.1301...
check iteration duration=3.88622283936e-05
GetData ===>> H2,-0.166468920873926,H1,1.54319323793237,AX,0.0803754787434366,L1,0.00604043059221488,L2,0.03617...
testing H1>-5.0
evaluate ot="H1.bs>-5.0" t="H1>-5.0", ctx="{'H1': None}"
check iteration duration=0.000623941421509
GetData ===>> H2,-0.147420498840264,H1,1.39609223998687,AX,-0.0143835000534731,L1,-0.0383747064400548,L2,0.1628...
check iteration duration=4.88758087158e-05
GetData ===>> H2,-0.205776442986529,H1,1.5272298214527,AX,0.0229610568914914,L1,-0.0343254173598823,L2,0.016562...
check iteration duration=7.60555267334e-05
GetData ===>> H2,-0.217885648185455,H1,1.52351580445596,AX,0.0193872392670078,L1,-0.0362864803809734,L2,0.04578...
check iteration duration=7.60555267334e-05
GetData ===>> H2,-0.182008768461996,H1,1.52367205484245,AX,-0.148658274192295,L1,-0.0326000371972875,L2,0.00124...
check iteration duration=8.10623168945e-05
GetData ===>> H2,-0.25775006059581,H1,1.49191012652332,AX,0.0831245600161574,L1,0.00245462950028264,L2,0.063597...
testing H1>-5.0
evaluate ot="H1.bs>-5.0" t="H1>-5.0", ctx="{'H1': None}"
check iteration duration=0.00114798545837
14:41:07 -- collecting point 75
GetData ===>> H2,-0.27815400767137,H1,1.56539957010431,AX,0.0272312447836215,L1,0.00922614802327114,L2,0.108326...
check iteration duration=7.79628753662e-05
GetData ===>> H2,-0.144579516212046,H1,1.63990702785022,AX,0.0473314925026352,L1,-0.00294355923732561,L2,0.0279...
check iteration duration=4.79221343994e-05
GetData ===>> H2,-0.200403447137873,H1,1.60526625515576,AX,-0.0300061883728596,L1,-0.0534897191843139,L2,-0.032...
check iteration duration=4.2200088501e-05
GetData ===>> H2,-0.222017637282738,H1,1.59746711069892,AX,0.0419114443417302,L1,-0.0302815029636464,L2,0.00388...
check iteration duration=4.79221343994e-05
GetData ===>> H2,-0.254369341372292,H1,1.58782727567537,AX,0.0791691553425679,L1,0.00353389421473805,L2,0.10541...
testing H1>-5.0
evaluate ot="H1.bs>-5.0" t="H1>-5.0", ctx="{'H1': None}"
check iteration duration=0.000595092773438
GetData ===>> H2,-0.250691743405648,H1,1.52212158095428,AX,0.0900150034666614,L1,-0.059103861273624,L2,0.033332...
check iteration duration=5.10215759277e-05
GetData ===>> H2,-0.193062723535345,H1,1.64500438379143,AX,-0.0636554580299965,L1,-0.0678845983845327,L2,0.1137...
check iteration duration=3.60012054443e-05
GetData ===>> H2,-0.101004446852631,H1,1.55965214576421,AX,-0.0551456806154771,L1,-0.0187755362952434,L2,-0.011...
check iteration duration=0.000174999237061
GetData ===>> H2,-0.218547245228062,H1,1.61833027133811,AX,-0.0479222202317953,L1,-0.0421642735896536,L2,0.0364...
check iteration duration=6.29425048828e-05
GetData ===>> H2,-0.147216533789746,H1,1.61086662902961,AX,-0.0306324354041198,L1,0.022469365007586,L2,0.066505...
testing H1>-5.0
evaluate ot="H1.bs>-5.0" t="H1>-5.0", ctx="{'H1': None}"
check iteration duration=0.000578165054321
GetData ===>> H2,-0.167490645759703,H1,1.65519986809841,AX,0.0358186026964661,L1,0.0218637458962409,L2,0.058921...
check iteration duration=4.29153442383e-05
GetData ===>> H2,-0.176536459380008,H1,1.78335639977545,AX,-0.0273387947725626,L1,-0.0200920608838829,L2,0.0098...
check iteration duration=8.60691070557e-05
GetData ===>> H2,-0.266475708101559,H1,1.75374515496951,AX,-0.00845619674150776,L1,-0.0258022001669884,L2,-0.00...
check iteration duration=3.69548797607e-05
GetData ===>> H2,-0.239195392291094,H1,1.66890768476711,AX,0.115260927581377,L1,0.00151471897225376,L2,-0.02046...
check iteration duration=8.79764556885e-05
GetData ===>> H2,-0.146064264964259,H1,1.68171535357271,AX,0.138575131083883,L1,-0.0408421596191258,L2,-0.00933...
testing H1>-5.0
evaluate ot="H1.bs>-5.0" t="H1>-5.0", ctx="{'H1': None}"
check iteration duration=0.000534057617188
GetData ===>> H2,-0.0030465221605023,H1,1.66966527629093,AX,0.0170086346723305,L1,-0.0359378014083466,L2,0.1134...
check iteration duration=4.00543212891e-05
GetData ===>> H2,-0.0548013025077629,H1,1.63917370301447,AX,-0.0188142425009104,L1,-0.0161407707772785,L2,0.051...
check iteration duration=4.10079956055e-05
GetData ===>> H2,-0.211183256672987,H1,1.69203482661435,AX,-0.000950854531808651,L1,0.012273620374913,L2,0.0827...
check iteration duration=5.50746917725e-05
GetData ===>> H2,-0.128237030892785,H1,1.72058124145409,AX,-0.117015894587729,L1,0.0152379583579492,L2,0.057324...
check iteration duration=3.69548797607e-05
GetData ===>> H2,-0.0254228052020035,H1,1.76852561784322,AX,0.0371647977484608,L1,0.0230702135692799,L2,0.14070...
testing H1>-5.0
evaluate ot="H1.bs>-5.0" t="H1>-5.0", ctx="{'H1': None}"
check iteration duration=0.00108408927917
GetData ===>> H2,-0.0652644174494339,H1,1.74613911495534,AX,0.00583577225881608,L1,-0.0301820910412007,L2,-0.07...
check iteration duration=3.69548797607e-05
GetData ===>> H2,-0.0934983349333956,H1,1.79042748784826,AX,-0.0146154811014608,L1,-0.060155658009149,L2,-0.018...
check iteration duration=8.70227813721e-05
GetData ===>> H2,-0.115179708146549,H1,1.7666719232355,AX,0.0520424249569532,L1,-0.0225687704028021,L2,0.044803...
check iteration duration=5.88893890381e-05
GetData ===>> H2,-0.133098915807213,H1,1.70867088350419,AX,0.01944525473923,L1,-0.00686257325442439,L2,-0.01515...
check iteration duration=6.98566436768e-05
GetData ===>> H2,-0.127481376265165,H1,1.7520481881615,AX,-0.0560152424161192,L1,0.000688918515302212,L2,0.0046...
testing H1>-5.0
evaluate ot="H1.bs>-5.0" t="H1>-5.0", ctx="{'H1': None}"
check iteration duration=0.00086784362793
14:41:33 -- collecting point 100
GetData ===>> H2,-0.157457016686326,H1,1.82529163679022,AX,0.0189115136985896,L1,0.0257941869159636,L2,0.048235...
check iteration duration=4.81605529785e-05
GetData ===>> H2,-0.200267269328275,H1,1.81994935088288,AX,-0.0511919749814741,L1,-0.0089480134999504,L2,-0.000...
check iteration duration=8.01086425781e-05
GetData ===>> H2,-0.264803318933554,H1,1.84720518441692,AX,0.076188208721361,L1,-0.0411499498715216,L2,0.065992...
check iteration duration=3.2901763916e-05
GetData ===>> H2,-0.276353070838059,H1,1.79624937270699,AX,0.0334163870812937,L1,-0.0431174290144973,L2,0.07052...
check iteration duration=8.60691070557e-05
GetData ===>> H2,-0.21388636769698,H1,1.80913329029526,AX,0.0695539002129928,L1,-0.0290896928922761,L2,-0.03755...
testing H1>-5.0
evaluate ot="H1.bs>-5.0" t="H1>-5.0", ctx="{'H1': None}"
check iteration duration=0.000540018081665
GetData ===>> H2,-0.117930649796053,H1,1.84688023712869,AX,0.00566175027649318,L1,0.0142449460791058,L2,-0.0285...
check iteration duration=7.41481781006e-05
GetData ===>> H2,-0.1225028015819,H1,1.869171637328,AX,0.0912330618560587,L1,0.0127129933142505,L2,0.1142662868...
check iteration duration=8.20159912109e-05
GetData ===>> H2,-0.1457373397083,H1,1.88104152759447,AX,0.02123214821669,L1,-0.0168747848036761,L2,0.082737994...
check iteration duration=3.79085540771e-05
GetData ===>> H2,-0.206334354975521,H1,1.87342104225323,AX,-0.0363148631792831,L1,-0.0185944707128146,L2,0.0263...
check iteration duration=7.20024108887e-05
GetData ===>> H2,-0.2128924737446,H1,1.88724187257183,AX,-0.020217655507643,L1,0.00509597154086167,L2,0.0720830...
testing H1>-5.0
evaluate ot="H1.bs>-5.0" t="H1>-5.0", ctx="{'H1': None}"
check iteration duration=0.000594139099121
GetData ===>> H2,-0.241096111806947,H1,1.94521845509563,AX,0.0425961875219503,L1,-0.00173407886438727,L2,0.0928...
check iteration duration=4.00543212891e-05
GetData ===>> H2,-0.0735873837158897,H1,1.94153220659297,AX,0.12382468042579,L1,0.0139435796030871,L2,0.0055394...
check iteration duration=6.60419464111e-05
GetData ===>> H2,-0.157496190901042,H1,1.94880846030905,AX,-0.0102889435550157,L1,-0.0187035900963587,L2,-0.047...
check iteration duration=6.60419464111e-05
GetData ===>> H2,-0.227687064234301,H1,1.9762918853458,AX,0.0163588796212586,L1,-0.0251563163703925,L2,-0.06650...
check iteration duration=5.00679016113e-05
GetData ===>> H2,-0.10838520186977,H1,1.91842995929032,AX,0.0728941948530587,L1,-0.0846196215845731,L2,0.077370...
testing H1>-5.0
evaluate ot="H1.bs>-5.0" t="H1>-5.0", ctx="{'H1': None}"
check iteration duration=0.00107717514038
GetData ===>> H2,-0.0276552083828062,H1,1.98276638451873,AX,0.00128809995457,L1,-0.083874050041986,L2,0.0868636...
check iteration duration=3.79085540771e-05
GetData ===>> H2,-0.0602428886195042,H1,1.95774788640259,AX,0.0566577267006227,L1,-0.111241990138619,L2,-0.0353...
check iteration duration=3.50475311279e-05
GetData ===>> H2,-0.0740794910094778,H1,2.02585433007954,AX,-0.0057302120131305,L1,-0.054010026186429,L2,0.1344...
check iteration duration=5.79357147217e-05
GetData ===>> H2,-0.129092657770243,H1,2.0090890341175,AX,0.054837091593189,L1,-0.00958111515140227,L2,-0.00306...
check iteration duration=5.10215759277e-05
GetData ===>> H2,-0.207331520408454,H1,1.97117055796501,AX,0.0214526113732027,L1,-0.0196244625892109,L2,0.04617...
testing H1>-5.0
evaluate ot="H1.bs>-5.0" t="H1>-5.0", ctx="{'H1': None}"
check iteration duration=0.00134611129761
GetData ===>> H2,-0.280588373982978,H1,1.96091663287883,AX,-0.0439102433861341,L1,-0.0016872805734875,L2,0.0708...
check iteration duration=1.59740447998e-05
waiting for write to finish
measurement finished
estimated time: 125.829 actual time: :126.198
flush and close file /Users/jan/PychronDev/data/isotopes/68/b4fd2d-e615-4090-be7a-df7f01498945.h5
baselines () {'settling_time': 15.0, 'detector': 'H1', 'mass': 34.2, 'ncounts': 60}
%%%%%%%%%%%%%%%%%%%%%%%%%%%%%%%% Baseline
build tables- baseline [Detector(H2), Detector(H1), Detector(AX), Detector(L1), Detector(L2), Detector(CDD)]
add group baseline table H2
add group baseline table H1
add group baseline table AX
add group baseline table L1
add group baseline table L2
add group baseline table CDD
flush and close file /Users/jan/PychronDev/data/isotopes/68/b4fd2d-e615-4090-be7a-df7f01498945.h5
detector Detector(H1)
POSITION 34.2 H1
Mapping mass to dac mass func: "parabolic"
H1 map mass coeffs = [-0.00063987  0.15840543  0.57249999]
H1 map mass to dac 34.2 >> 5.24154599104
GetDeflection H1 ===>> 0
GetHighVoltage ===>> 4499.94659342336
positioning 34.2 (5.24151512407) on H1
setting magnet DAC
current  : 5.880855
requested: 5.241515
Delta Dac: 0.639340
Checking detector protection. dv=0.63934
Checking detector "CDD". Protection Threshold: 0.1 (V)
ProtectDetector CDD,On ===>> OK
GetDeflection CDD ===>> 2000
Protected = 2000
SetMagnetDAC 5.24151512407 ===>> OK
Magnet settling time: 0.500
GetMagnetMoving ===>> True
GetMagnetMoving ===>> True
GetMagnetMoving ===>> True
GetMagnetMoving ===>> True
GetMagnetMoving ===>> True
GetMagnetMoving ===>> True
GetMagnetMoving ===>> True
GetMagnetMoving ===>> True
GetMagnetMoving ===>> False
ProtectDetector CDD,Off ===>> OK
GetDeflection CDD ===>> 50
Delaying 15.0s for detectors to settle
Join finished
measuring baseline. ncounts=60
"baseline" increment series count="2" fit count="1" regressing="True"
starting measurement
check iteration duration=3.60012054443e-05
GetData ===>> H2,-0.149596347951558,H1,-0.0507696869701533,AX,-0.0449422416700045,L1,-0.0252006548029577,L2,-0....
check iteration duration=6.103515625e-05
GetData ===>> H2,-0.157050407358309,H1,-0.109530523443779,AX,-0.0164829083979426,L1,0.00862132419171887,L2,-0.0...
check iteration duration=6.41345977783e-05
GetData ===>> H2,-0.155550824943529,H1,-0.0309763232214653,AX,-0.0238362799845577,L1,-0.0127364370677671,L2,0.0...
check iteration duration=3.40938568115e-05
GetData ===>> H2,-0.228664449895949,H1,0.0350974581763587,AX,-0.0391095681846575,L1,-0.0160903953021743,L2,0.05...
testing H1>-5.0
evaluate ot="H1.bs>-5.0" t="H1>-5.0", ctx="{'H1': None}"
check iteration duration=0.00129199028015
GetData ===>> H2,-0.291774195181961,H1,-0.128120028823519,AX,-0.0723963346698676,L1,-0.0286033458898586,L2,0.03...
check iteration duration=5.00679016113e-05
GetData ===>> H2,-0.183073233508812,H1,-0.0989013020387784,AX,-0.12892643575688,L1,-0.056475682750723,L2,-0.043...
check iteration duration=3.09944152832e-05
GetData ===>> H2,-0.250858505043109,H1,-0.0632398805850308,AX,-0.074135142222123,L1,-0.0358742950013561,L2,-0.0...
check iteration duration=7.00950622559e-05
GetData ===>> H2,-0.168443452777673,H1,-0.0633590909983937,AX,0.0815934165677799,L1,-0.00734109946263937,L2,-0....
check iteration duration=8.70227813721e-05
GetData ===>> H2,-0.0620652113422328,H1,-0.0457859436460815,AX,-0.0923096172719613,L1,-0.0128347252818446,L2,-0...
testing H1>-5.0
evaluate ot="H1.bs>-5.0" t="H1>-5.0", ctx="{'H1': None}"
check iteration duration=0.00075888633728
GetData ===>> H2,-0.193539862416847,H1,-0.0141369588263938,AX,-0.105497894953164,L1,-0.0434371229606388,L2,0.04...
check iteration duration=8.10623168945e-05
GetData ===>> H2,-0.163266829454896,H1,-0.0208754297818857,AX,-0.0313630518475861,L1,-0.00555280625170046,L2,-0...
check iteration duration=8.60691070557e-05
GetData ===>> H2,-0.155992614431169,H1,0.0474844356748828,AX,-0.0790152294343122,L1,-0.00406411872936798,L2,0.0...
check iteration duration=5.19752502441e-05
GetData ===>> H2,-0.133547922420634,H1,0.0159591306789999,AX,-0.102125667179149,L1,-0.0470440505348562,L2,0.009...
check iteration duration=8.20159912109e-05
GetData ===>> H2,-0.0601750882462555,H1,-0.0710359425662997,AX,-0.11935640787998,L1,-0.0324790938254463,L2,0.05...
testing H1>-5.0
evaluate ot="H1.bs>-5.0" t="H1>-5.0", ctx="{'H1': None}"
check iteration duration=0.000702857971191
GetData ===>> H2,-0.17910627738931,H1,-0.00671815288331139,AX,-0.07399603876139,L1,-0.0588944460409705,L2,-0.03...
check iteration duration=6.50882720947e-05
GetData ===>> H2,-0.19152334175045,H1,0.0124874196840931,AX,-0.116807331264842,L1,-0.0561716505015493,L2,-0.065...
check iteration duration=7.20024108887e-05
GetData ===>> H2,-0.264433585289908,H1,-0.00133857829991406,AX,-0.103724882551468,L1,-0.0153299348726009,L2,0.0...
check iteration duration=4.19616699219e-05
GetData ===>> H2,-0.250464459464877,H1,-0.0192057624424756,AX,-0.0180487359679641,L1,-0.018825898328342,L2,0.04...
check iteration duration=4.19616699219e-05
GetData ===>> H2,-0.196163638368442,H1,-0.0258723391883596,AX,-0.0562587183278841,L1,-0.0392311969371322,L2,-0....
testing H1>-5.0
evaluate ot="H1.bs>-5.0" t="H1>-5.0", ctx="{'H1': None}"
check iteration duration=0.00109219551086
GetData ===>> H2,-0.233996847636329,H1,-0.0237138003378099,AX,0.0276838028471061,L1,-0.0169371495404809,L2,-0.0...
check iteration duration=6.103515625e-05
GetData ===>> H2,-0.223496541114747,H1,-0.0192176887365168,AX,-0.0792818304733749,L1,-0.00250801905594231,L2,-0...
check iteration duration=3.50475311279e-05
GetData ===>> H2,-0.150709097598401,H1,-0.0519142436933738,AX,-0.0713762197773195,L1,3.96084446299212E-05,L2,0....
check iteration duration=8.32080841064e-05
GetData ===>> H2,-0.10013397578568,H1,0.0441190358317246,AX,-0.167067948884571,L1,-0.0124115996779734,L2,-0.086...
check iteration duration=6.48498535156e-05
GetData ===>> H2,-0.0663198839585918,H1,-0.116941711398488,AX,-0.127559346558009,L1,-0.0263426016761789,L2,-0.0...
testing H1>-5.0
evaluate ot="H1.bs>-5.0" t="H1>-5.0", ctx="{'H1': None}"
check iteration duration=0.000663995742798
14:42:40 -- collecting point 25
GetData ===>> H2,-0.110251244884019,H1,-0.115452368831303,AX,-0.0759550608459685,L1,-0.0130996192253608,L2,-0.0...
check iteration duration=8.51154327393e-05
GetData ===>> H2,-0.164885537672114,H1,-0.0233441011692424,AX,0.0253514107310923,L1,-0.0202958789800939,L2,-0.1...
check iteration duration=4.19616699219e-05
GetData ===>> H2,-0.238870945736729,H1,-0.00746960037700788,AX,-0.102172021617867,L1,-0.049834849544947,L2,0.03...
check iteration duration=8.51154327393e-05
GetData ===>> H2,-0.235043650840678,H1,0.0315176923317618,AX,-0.0416606811098977,L1,-0.021447973043829,L2,0.073...
check iteration duration=8.89301300049e-05
GetData ===>> H2,-0.19937600576678,H1,-0.0857442892393977,AX,-0.171808919211001,L1,-0.0559298545038694,L2,-0.02...
testing H1>-5.0
evaluate ot="H1.bs>-5.0" t="H1>-5.0", ctx="{'H1': None}"
check iteration duration=0.00174498558044
GetData ===>> H2,-0.113110311861353,H1,-0.0787479628282071,AX,-0.11443199520891,L1,-0.0585019302969078,L2,0.039...
check iteration duration=0.000241994857788
GetData ===>> H2,-0.199361173252726,H1,-0.0329677604186117,AX,-0.0995066055158789,L1,-0.0428384368480108,L2,-0....
check iteration duration=9.01222229004e-05
GetData ===>> H2,-0.176286734841592,H1,-0.143585139922986,AX,-0.0301105631578861,L1,-0.0144587391112202,L2,-0.0...
check iteration duration=0.000113010406494
GetData ===>> H2,-0.150125727907472,H1,0.0179276800927443,AX,-0.186667871589618,L1,-0.0245295657253055,L2,0.073...
check iteration duration=5.79357147217e-05
GetData ===>> H2,-0.234619828325751,H1,-0.0674836838392199,AX,-0.0775199318074345,L1,-0.00750779873912722,L2,-0...
testing H1>-5.0
evaluate ot="H1.bs>-5.0" t="H1>-5.0", ctx="{'H1': None}"
check iteration duration=0.000586032867432
GetData ===>> H2,-0.231228675632972,H1,-0.060426473605024,AX,0.0250961274246018,L1,-0.0367130265247875,L2,-0.10...
check iteration duration=4.19616699219e-05
GetData ===>> H2,-0.206851813958224,H1,-0.0478128548457189,AX,-0.110503873203722,L1,-0.0646523719055924,L2,0.04...
check iteration duration=5.41210174561e-05
GetData ===>> H2,-0.180507014507855,H1,-0.0671618286637308,AX,-0.0455915832955345,L1,-0.0422780343274676,L2,-0....
check iteration duration=4.41074371338e-05
GetData ===>> H2,-0.241565857906737,H1,0.0266732797087556,AX,-0.0322676169881429,L1,-0.0373755749498277,L2,-0.0...
check iteration duration=4.10079956055e-05
GetData ===>> H2,-0.242647949349837,H1,0.00715481977573447,AX,-0.0874070160931504,L1,-0.0436562331616466,L2,-0....
testing H1>-5.0
evaluate ot="H1.bs>-5.0" t="H1>-5.0", ctx="{'H1': None}"
check iteration duration=0.00124883651733
GetData ===>> H2,-0.204245412671852,H1,-0.0933240839580794,AX,-0.0670406121687572,L1,-0.0556856585775973,L2,-0....
check iteration duration=6.38961791992e-05
GetData ===>> H2,-0.252199232867912,H1,-0.00653923598188373,AX,-0.183086631283811,L1,-0.0206591445245763,L2,-0....
check iteration duration=4.98294830322e-05
GetData ===>> H2,-0.16101726462533,H1,-0.103632159988476,AX,-0.0198349085126571,L1,-0.00822733228711164,L2,-0.0...
check iteration duration=3.60012054443e-05
GetData ===>> H2,-0.23128116551404,H1,-0.0479201607649802,AX,-0.00505740403585264,L1,-0.00434843786443871,L2,0....
check iteration duration=9.41753387451e-05
GetData ===>> H2,-0.148868410152171,H1,-0.0911669995758533,AX,-0.0818202994282089,L1,-0.025657209455819,L2,-0.0...
testing H1>-5.0
evaluate ot="H1.bs>-5.0" t="H1>-5.0", ctx="{'H1': None}"
check iteration duration=0.000901937484741
GetData ===>> H2,-0.204869440364737,H1,-0.0593654648399998,AX,-0.0740771824709778,L1,-0.0598876338075212,L2,0.0...
check iteration duration=3.19480895996e-05
GetData ===>> H2,-0.353656592184449,H1,0.0165437261609781,AX,-0.108047267916442,L1,-0.0574116612542568,L2,-0.04...
check iteration duration=6.48498535156e-05
GetData ===>> H2,-0.311868788716719,H1,-0.057350709368653,AX,-0.0905711344842254,L1,-0.0457165931907958,L2,0.04...
check iteration duration=3.50475311279e-05
GetData ===>> H2,-0.342722184440105,H1,-0.0657075071861744,AX,-0.0814493857215187,L1,-0.000897676616631722,L2,-...
check iteration duration=3.79085540771e-05
GetData ===>> H2,-0.288675201408702,H1,-0.0897249448535085,AX,-0.0390515875682343,L1,0.00385685574824884,L2,-0....
testing H1>-5.0
evaluate ot="H1.bs>-5.0" t="H1>-5.0", ctx="{'H1': None}"
check iteration duration=0.000699996948242
14:43:06 -- collecting point 50
GetData ===>> H2,-0.225668751102998,H1,-0.088056425850591,AX,-0.194084907802772,L1,-0.034351756746973,L2,-0.003...
check iteration duration=5.50746917725e-05
GetData ===>> H2,-0.0865039044264855,H1,-0.0766740003527165,AX,0.0323023361897415,L1,-0.0426863648947195,L2,-0....
check iteration duration=4.81605529785e-05
GetData ===>> H2,-0.131758552431282,H1,-0.0326696435996475,AX,-0.124153125492987,L1,-0.00734349803295294,L2,-0....
check iteration duration=6.19888305664e-05
GetData ===>> H2,-0.197617543146974,H1,-0.0378686736256072,AX,-0.155220308538555,L1,-0.0404373471922525,L2,-0.0...
check iteration duration=5.19752502441e-05
GetData ===>> H2,-0.155514346142861,H1,-0.0270291060435966,AX,-0.0599803457280969,L1,-0.0234569285991361,L2,0.0...
testing H1>-5.0
evaluate ot="H1.bs>-5.0" t="H1>-5.0", ctx="{'H1': None}"
check iteration duration=0.00147318840027
GetData ===>> H2,-0.118032122845946,H1,-0.00545379992484814,AX,-0.112450572960063,L1,-0.00850194069741453,L2,0....
check iteration duration=8.58306884766e-05
GetData ===>> H2,-0.202111597835354,H1,-0.0101652227477931,AX,-0.0544384312875493,L1,-0.000214823271459881,L2,0...
check iteration duration=4.72068786621e-05
GetData ===>> H2,-0.24544018138964,H1,0.00921863347203029,AX,-0.0838255271699634,L1,-0.0134436113608869,L2,0.03...
check iteration duration=5.60283660889e-05
GetData ===>> H2,-0.218704890949078,H1,-0.110150129319941,AX,-0.0819246186534325,L1,-0.0318875280556523,L2,-0.0...
check iteration duration=7.60555267334e-05
GetData ===>> H2,-0.268744598583009,H1,-0.0678174584832767,AX,-0.106216361367059,L1,-0.0227150042707394,L2,0.02...
testing H1>-5.0
evaluate ot="H1.bs>-5.0" t="H1>-5.0", ctx="{'H1': None}"
check iteration duration=0.000788927078247
GetData ===>> H2,-0.14311754453208,H1,-0.0952546946299869,AX,-0.15889531811642,L1,-0.0441794442058751,L2,0.0272...
check iteration duration=1.28746032715e-05
waiting for write to finish
measurement finished
estimated time: 62.915 actual time: :63.128
flush and close file /Users/jan/PychronDev/data/isotopes/68/b4fd2d-e615-4090-be7a-df7f01498945.h5
activate_detectors ('H1', 'AX', 'CDD') {'peak_center': True}
peak_center () {'detector': 'H1', 'integration_time': 0.262144, 'isotope': 'Ar40'}
peak center: mean=1.96926073375 threshold=3
Skipping peak center. intensities to small. 1.96926073375<3
finished measure script
executed snippet estimated_duration=226.132928, duration=229.768563032
jan_unknown120_60.py completed successfully
Measurement Finished
14:43:18 -- ******* Measurement Finished *******
Post Measurement Started jan_pump_ms.py
14:43:18 -- ******* Post Measurement Started jan_pump_ms.py *******
testing...
no interpolation path defined
executed snippet estimated_duration=0, duration=5.29289245605e-05
Pumping spectrometer
open () {'name': 'O'}
opening name=O desc=---
checking ownership. requestor=129.138.12.150
check software interlocks O
interlocks []
actuate state mode=None-script, software_lock=False
doing actuation None-script open_channel True
Open O ===>> OK
GetIndicatorState O ===>> OK
change switch state (True, True)
update switch state O True args=() kw={} ncanvase=6
14:43:18 -- OPEN   VALVE-O (Jan Ion Pump)
---------------------------------------- open O () result=[(True, True)], time=0.11 sec
action=open, ok=True, locked=[False]
executed snippet estimated_duration=0, duration=0.364449977875
jan_pump_ms.py completed successfully
setting _ms_pumptime
Post Measurement Finished
14:43:18 -- ******* Post Measurement Finished *******
$$$$$$$$$$$$$$$$$$$$ state at run end measurement
state changed from measurement to success
post measurement save measured=True aborted=False
Set filtering
setting fod for Ar40= {'filter_outliers': True, 'std_devs': 2, 'iterations': 1}
setting fod for H1= {'filter_outliers': True, 'std_devs': 2, 'iterations': 1}
setting fod for PM41= {'filter_outliers': False, 'std_devs': 2, 'iterations': 1}
setting fod for H2= {'filter_outliers': True, 'std_devs': 2, 'iterations': 1}
setting fod for Ar36= {'filter_outliers': True, 'std_devs': 2, 'iterations': 1}
setting fod for CDD= {'filter_outliers': True, 'std_devs': 10, 'iterations': 1}
setting fod for Ar37= {'filter_outliers': True, 'std_devs': 2, 'iterations': 1}
setting fod for L2= {'filter_outliers': True, 'std_devs': 2, 'iterations': 1}
setting fod for Ar38= {'filter_outliers': True, 'std_devs': 2, 'iterations': 1}
setting fod for L1= {'filter_outliers': True, 'std_devs': 2, 'iterations': 1}
setting fod for Ar39= {'filter_outliers': True, 'std_devs': 2, 'iterations': 1}
setting fod for AX= {'filter_outliers': True, 'std_devs': 2, 'iterations': 1}
persistence save...
persistence save - db
post measurement save
7060711568 connecting to database sqlite:////Users/jan/PychronDev/.appdata/local_lab.db
connected to db sqlite:////Users/jan/PychronDev/.appdata/local_lab.db
create new session 7060711568
close session 7060711568
No database instance. Not saving post measurement to isotopedb database
$$$$$$$$$$$$$$$ auto_save_detector_ic=False
massspec enabled True
create new session 4997822608
MassSpec Database Version: 16.0
close session 4997822608
saving post measurement to secondary database
saving to massspec database 129.138.12.160/massspecdata
setting labnumber to 65448
setting aliquot to 2
setting step to B
setting uuid to 68b4fd2d-e615-4090-be7a-df7f01498945
setting irradpos to 65448
setting extract_device to Fusions CO2
setting tray to 
setting position to 163
setting power_requested to 0.4
setting extract_value to 0.4
setting duration to 30.0
setting duration_at_request to 30.0
setting first_stage_delay to 30.0
setting cleanup to 30.0
setting comment to J:2 10 crystals
setting irradiation to NM-288
setting level to J
setting irradiation_level to J
setting sample to MB.46.1
setting material to Plagioclase
setting project to IR973
setting mass_spectrometer to Jan
no attribute chron_dosages
no attribute production_ratios
no attribute interference_corrections
no attribute production_name
no attribute j
Reference Isotope=Ar40
Reference Detector=H1
%%%%%%%%%%%%%%%%%%%% Comment: J:2 10 crystals %%%%%%%%%%%%%%%%%%%
adding isotope PM41 H2
add baseline dbdet= PM41. original det= H2
get baseline data PM41 H2
Get data baseline <pychron.processing.isotope.Baseline object at 0x1a95dc8d0> len t=60
baseline PM41. v=-0.19301210207, e=0.00716227076
get signal data PM41 H2
Get data signal PM41 -0.03+/-0.07 len t=120
adding isotope Ar40 H1
add baseline dbdet= Ar40. original det= H1
get baseline data Ar40 H1
Get data baseline <pychron.processing.isotope.Baseline object at 0x1a95dcad0> len t=60
baseline Ar40. v=-0.0415246003594, e=0.00587500568308
get signal data Ar40 H1
Get data signal Ar40 0.649+/-0.008 len t=120
adding isotope Ar39 AX
add baseline dbdet= Ar39. original det= AX
get baseline data Ar39 AX
Get data baseline <pychron.processing.isotope.Baseline object at 0x1a95dcc90> len t=60
baseline Ar39. v=-0.0775160158168, e=0.00672766721375
get signal data Ar39 AX
Get data signal Ar39 0.031+/-0.011 len t=120
adding isotope Ar38 L1
add baseline dbdet= Ar38. original det= L1
get baseline data Ar38 L1
Get data baseline <pychron.processing.isotope.Baseline object at 0x1a95dce50> len t=60
baseline Ar38. v=-0.0273783002984, e=0.00251566347325
get signal data Ar38 L1
Get data signal Ar38 0.010+/-0.005 len t=120
adding isotope Ar37 L2
add baseline dbdet= Ar37. original det= L2
get baseline data Ar37 L2
Get data baseline <pychron.processing.isotope.Baseline object at 0x1a95e5050> len t=60
baseline Ar37. v=-0.00465389556792, e=0.00650056617356
get signal data Ar37 L2
Get data signal Ar37 0.047+/-0.011 len t=120
adding isotope Ar36 CDD
add baseline dbdet= Ar36. original det= CDD
get baseline data Ar36 CDD
Get data baseline <pychron.processing.isotope.Baseline object at 0x1a95e5210> len t=60
baseline Ar36. v=1.24054509335e-05, e=5.3565219893e-06
get signal data Ar36 CDD
Get data signal Ar36 0.00580+/-0.00020 len t=120
65448-02B added analysis time 0.466679096222s
analysis added to mass spec database
mass spec save time= 0.488
persistence save - dvc
================= post measurement started
create new session 4992585168
close session 4992585168
---------------- Experiment Queue saving disabled
DVC saving peakcenter
Smart pull ahead: 0 behind: 0
Up-to-date with origin
add to repo msg=modified - ad8224ebc6dbfeb9f5997218dfa5fe690569839d.json
add to repo msg=modified - 48-02B.json
add to repo msg=modified - 48-02B.dat.json
add to repo msg=modified - 48-02B.blan.json
add to repo msg=modified - 48-02B.inte.json
add to repo msg=modified - 48-02B.icfa.json
add to repo msg=modified - 48-02B.base.json
not at valid file /Users/jan/PychronDev/data/.dvc/repositories/Load1794/654/tags/48-02B.tags.json
add to repo msg=modified - 48-02B.peak.json
add to repo msg=modified - 48-02B.extr.json
not at valid file /Users/jan/PychronDev/data/.dvc/repositories/Load1794/654/monitor/48-02B.moni.json
commit message=<COLLECTION>
add to repo msg=modified - 48-02B.inte.json
add to repo msg=modified - 48-02B.base.json
commit message=<ISOEVO> default collection fits
add to repo msg=modified - 48-02B.blan.json
commit message=<BLANKS> preceding bu-FC-J-7801
add to repo msg=modified - 48-02B.icfa.json
commit message=<ICFactor> default
push repository <pychron.git_archive.repo_manager.GitRepoManager object at 0x1aad71290>
pushing to remote=origin, url=https://github.com
no changes to meta repo
create new session 4992585168
add association Load1794
get identifier "65448"
setting analysis irradiation position=<pychron.dvc.dvc_orm.IrradiationPositionTbl object at 0x12c616890>
close session 4992585168
================= post measurement finished
14:43:31 -- ******* Post Run Check *******
loading queue conditionals post_run_actions
loading system conditionals post_run_actions
loading conditionals from /Users/jan/PychronDev/setupfiles/spectrometer/default_conditionals.yaml
loading queue conditionals post_run_terminations
loading system conditionals post_run_terminations
loading conditionals from /Users/jan/PychronDev/setupfiles/spectrometer/default_conditionals.yaml
Checking default post run terminations n=1
GetDeflection CDD ===>> 50
testing CDD==2000
evaluate ot="CDD.deflection==2000" t="CDD==2000", ctx="{'CDD': 50.0}"
14:43:31 -- ******* Post Run Check Passed *******
14:43:31 -- Automated run 65448-02B success duration: 319.379 s
----------------- finish -----------------
----------------- stop -----------------
retroactive repository identifiers disabled
finish run. runs completed=4
update duration runid=65448-02B, duration=319.379245043, md5=301e91d8
loading script "jan_unknown120_60.py"
loading script "jan_pump_ms.py"
loading script "jan_co2.py"
loading script "jan_pump_extraction_line.py"
testing...
no interpolation path defined
executed snippet estimated_duration=213.652928, duration=0.000305891036987
script duration name:unknown120_60 seconds:214.0
loading script "jan_unknown120_60.py"
loading script "jan_pump_ms.py"
loading script "jan_co2.py"
loading script "jan_pump_extraction_line.py"
testing...
no interpolation path defined
executed snippet estimated_duration=0, duration=2.50339508057e-05
loading script "jan_unknown120_60.py"
loading script "jan_pump_ms.py"
loading script "jan_co2.py"
loading script "jan_pump_extraction_line.py"
testing...
no interpolation path defined
calculate duration
testing...
no interpolation path defined
executed snippet estimated_duration=0, duration=5.19752502441e-05
calculate duration
testing...
no interpolation path defined
executed snippet estimated_duration=0, duration=9.70363616943e-05
executed snippet estimated_duration=0.0, duration=0.00273394584656
script duration name:co2 seconds:0.0
loading script "jan_unknown120_60.py"
loading script "jan_pump_ms.py"
loading script "jan_co2.py"
loading script "jan_pump_extraction_line.py"
testing...
no interpolation path defined
calculate duration
testing...
no interpolation path defined
executed snippet estimated_duration=4.0, duration=0.000191926956177
executed snippet estimated_duration=4.0, duration=0.00164890289307
Script duration 214.0
Run total estimated duration= 215.000
unknown120_60 in script context. using previous estimated duration
script duration name:unknown120_60 seconds:214.0
pump_ms in script context. using previous estimated duration
co2 in script context. using previous estimated duration
script duration name:co2 seconds:0.0
pump_extraction_line in script context. using previous estimated duration
Script duration 214.0
Run total estimated duration= 215.000
script duration name:unknown120_60 seconds:214.0
script duration name:co2 seconds:0.0
Script duration 214.0
Run total estimated duration= 215.000
script duration name:unknown120_60 seconds:214.0
script duration name:co2 seconds:0.0
Script duration 214.0
Run total estimated duration= 215.000
loading script "jan_unknown400_120.py"
loading script "jan_pump_ms.py"
loading script "jan_co2.py"
loading script "jan_pump_extraction_line.py"
testing...
no interpolation path defined
executed snippet estimated_duration=556.052928, duration=0.000134944915771
script duration name:unknown400_120 seconds:556.0
script duration name:co2 seconds:0.0
Script duration 556.0
Run total estimated duration= 557.000
unknown400_120 in script context. using previous estimated duration
script duration name:unknown400_120 seconds:556.0
loading script "jan_unknown400_120.py"
loading script "jan_pump_ms.py"
loading script "jan_sniffair_x2.py"
loading script "jan_pump_extraction_line.py"
testing...
no interpolation path defined
calculate duration
testing...
no interpolation path defined
executed snippet estimated_duration=0, duration=4.6968460083e-05
calculate duration
testing...
no interpolation path defined
executed snippet estimated_duration=0, duration=0.000126838684082
calculate duration
testing...
no interpolation path defined
executed snippet estimated_duration=32.0, duration=0.000171899795532
calculate duration
testing...
no interpolation path defined
executed snippet estimated_duration=34.0, duration=0.000102043151855
calculate duration
testing...
no interpolation path defined
executed snippet estimated_duration=4.0, duration=6.19888305664e-05
calculate duration
testing...
no interpolation path defined
executed snippet estimated_duration=36.0, duration=8.89301300049e-05
calculate duration
testing...
no interpolation path defined
executed snippet estimated_duration=34.0, duration=9.29832458496e-05
calculate duration
testing...
no interpolation path defined
executed snippet estimated_duration=4.0, duration=6.29425048828e-05
calculate duration
testing...
no interpolation path defined
executed snippet estimated_duration=36.0, duration=8.98838043213e-05
calculate duration
testing...
no interpolation path defined
executed snippet estimated_duration=70.0, duration=9.48905944824e-05
executed snippet estimated_duration=250.0, duration=0.0172650814056
script duration name:sniffair_x2 seconds:250.0
Script duration 806.0
Run total estimated duration= 807.000
script duration name:unknown400_120 seconds:556.0
sniffair_x2 in script context. using previous estimated duration
script duration name:sniffair_x2 seconds:250.0
Script duration 806.0
Run total estimated duration= 807.000
script duration name:unknown120_60 seconds:214.0
loading script "jan_unknown120_60.py"
loading script "jan_pump_ms.py"
loading script "jan_cocktail_x1.py"
loading script "jan_pump_extraction_line.py"
testing...
no interpolation path defined
calculate duration
testing...
no interpolation path defined
executed snippet estimated_duration=0, duration=4.79221343994e-05
calculate duration
testing...
no interpolation path defined
executed snippet estimated_duration=0, duration=0.000153064727783
calculate duration
testing...
no interpolation path defined
executed snippet estimated_duration=32.0, duration=0.000133991241455
calculate duration
testing...
no interpolation path defined
executed snippet estimated_duration=34.0, duration=0.000112056732178
calculate duration
testing...
no interpolation path defined
executed snippet estimated_duration=4.0, duration=0.00010085105896
calculate duration
testing...
no interpolation path defined
executed snippet estimated_duration=38.0, duration=0.000124216079712
executed snippet estimated_duration=108.0, duration=0.0208420753479
script duration name:cocktail_x1 seconds:108.0
Script duration 322.0
Run total estimated duration= 323.000
script duration name:unknown120_60 seconds:214.0
cocktail_x1 in script context. using previous estimated duration
script duration name:cocktail_x1 seconds:108.0
Script duration 322.0
Run total estimated duration= 323.000
loading script "jan_ic_peak_hop3.py"
loading script "jan_pump_ms.py"
loading script "jan_air_x1.py"
loading script "jan_pump_extraction_line.py"
testing...
no interpolation path defined
executed snippet estimated_duration=133.8, duration=0.00764989852905
script duration name:ic_peak_hop3 seconds:134.0
loading script "jan_ic_peak_hop3.py"
loading script "jan_pump_ms.py"
loading script "jan_air_x1.py"
loading script "jan_pump_extraction_line.py"
testing...
no interpolation path defined
calculate duration
testing...
no interpolation path defined
executed snippet estimated_duration=0, duration=4.41074371338e-05
calculate duration
testing...
no interpolation path defined
executed snippet estimated_duration=0, duration=9.70363616943e-05
calculate duration
testing...
no interpolation path defined
executed snippet estimated_duration=32.0, duration=0.000144004821777
calculate duration
testing...
no interpolation path defined
executed snippet estimated_duration=34.0, duration=0.000304937362671
calculate duration
testing...
no interpolation path defined
executed snippet estimated_duration=4.0, duration=6.79492950439e-05
calculate duration
testing...
no interpolation path defined
executed snippet estimated_duration=36.0, duration=9.91821289062e-05
executed snippet estimated_duration=106.0, duration=0.0139598846436
script duration name:air_x1 seconds:106.0
Script duration 240.0
Run total estimated duration= 241.000
script duration name:unknown120_60 seconds:214.0
script duration name:co2 seconds:0.0
Script duration 214.0
Run total estimated duration= 215.000
script duration name:unknown120_60 seconds:214.0
script duration name:co2 seconds:0.0
Script duration 214.0
Run total estimated duration= 215.000
script duration name:unknown120_60 seconds:214.0
script duration name:co2 seconds:0.0
Script duration 214.0
Run total estimated duration= 215.000
script duration name:unknown120_60 seconds:214.0
script duration name:co2 seconds:0.0
Script duration 214.0
Run total estimated duration= 215.000
script duration name:unknown120_60 seconds:214.0
script duration name:co2 seconds:0.0
Script duration 214.0
Run total estimated duration= 215.000
script duration name:unknown120_60 seconds:214.0
script duration name:co2 seconds:0.0
Script duration 214.0
Run total estimated duration= 215.000
script duration name:unknown120_60 seconds:214.0
script duration name:co2 seconds:0.0
Script duration 214.0
Run total estimated duration= 215.000
script duration name:unknown120_60 seconds:214.0
script duration name:co2 seconds:0.0
Script duration 214.0
Run total estimated duration= 215.000
script duration name:unknown120_60 seconds:214.0
script duration name:co2 seconds:0.0
Script duration 214.0
Run total estimated duration= 215.000
script duration name:unknown120_60 seconds:214.0
script duration name:co2 seconds:0.0
Script duration 214.0
Run total estimated duration= 215.000
script duration name:unknown120_60 seconds:214.0
script duration name:co2 seconds:0.0
Script duration 214.0
Run total estimated duration= 215.000
script duration name:unknown120_60 seconds:214.0
script duration name:co2 seconds:0.0
Script duration 214.0
Run total estimated duration= 215.000
script duration name:unknown120_60 seconds:214.0
script duration name:co2 seconds:0.0
Script duration 214.0
Run total estimated duration= 215.000
script duration name:unknown120_60 seconds:214.0
script duration name:co2 seconds:0.0
Script duration 214.0
Run total estimated duration= 215.000
script duration name:unknown120_60 seconds:214.0
script duration name:co2 seconds:0.0
Script duration 214.0
Run total estimated duration= 215.000
script duration name:unknown120_60 seconds:214.0
script duration name:co2 seconds:0.0
Script duration 214.0
Run total estimated duration= 215.000
script duration name:unknown120_60 seconds:214.0
script duration name:co2 seconds:0.0
Script duration 214.0
Run total estimated duration= 215.000
script duration name:unknown120_60 seconds:214.0
script duration name:co2 seconds:0.0
Script duration 214.0
Run total estimated duration= 215.000
script duration name:unknown120_60 seconds:214.0
script duration name:co2 seconds:0.0
Script duration 214.0
Run total estimated duration= 215.000
script duration name:unknown120_60 seconds:214.0
script duration name:co2 seconds:0.0
Script duration 214.0
Run total estimated duration= 215.000
script duration name:unknown120_60 seconds:214.0
script duration name:co2 seconds:0.0
Script duration 214.0
Run total estimated duration= 215.000
script duration name:unknown120_60 seconds:214.0
script duration name:co2 seconds:0.0
Script duration 214.0
Run total estimated duration= 215.000
script duration name:unknown120_60 seconds:214.0
script duration name:co2 seconds:0.0
Script duration 214.0
Run total estimated duration= 215.000
script duration name:unknown120_60 seconds:214.0
script duration name:co2 seconds:0.0
Script duration 214.0
Run total estimated duration= 215.000
script duration name:unknown120_60 seconds:214.0
script duration name:co2 seconds:0.0
Script duration 214.0
Run total estimated duration= 215.000
script duration name:unknown120_60 seconds:214.0
script duration name:co2 seconds:0.0
Script duration 214.0
Run total estimated duration= 215.000
script duration name:unknown120_60 seconds:214.0
script duration name:co2 seconds:0.0
Script duration 214.0
Run total estimated duration= 215.000
script duration name:unknown120_60 seconds:214.0
script duration name:co2 seconds:0.0
Script duration 214.0
Run total estimated duration= 215.000
script duration name:unknown120_60 seconds:214.0
script duration name:co2 seconds:0.0
Script duration 214.0
Run total estimated duration= 215.000
script duration name:unknown120_60 seconds:214.0
script duration name:co2 seconds:0.0
Script duration 214.0
Run total estimated duration= 215.000
nruns=40 before=0.0, run_dur=10368.0, btw=0.0
write rem/ex queues
/Users/jan/PychronDev/experiments/rem/Load1794.rem.txt
/Users/jan/PychronDev/experiments/rem/Load1794.ex.txt
doing event level: 3
