do run
loading script "jan_unknown120_60.py"
loading script "jan_pump_ms.py"
loading script "jan_co2.py"
loading script "jan_pump_extraction_line.py"
testing...
no interpolation path defined
executed snippet estimated_duration=213.652928, duration=0.000176906585693
script duration name:unknown120_60 seconds:214.0
loading script "jan_unknown120_60.py"
loading script "jan_pump_ms.py"
loading script "jan_co2.py"
loading script "jan_pump_extraction_line.py"
testing...
no interpolation path defined
executed snippet estimated_duration=0, duration=1.81198120117e-05
loading script "jan_unknown120_60.py"
loading script "jan_pump_ms.py"
loading script "jan_co2.py"
loading script "jan_pump_extraction_line.py"
testing...
no interpolation path defined
calculate duration
testing...
no interpolation path defined
executed snippet estimated_duration=0, duration=3.88622283936e-05
calculate duration
testing...
no interpolation path defined
executed snippet estimated_duration=0, duration=8.10623168945e-05
executed snippet estimated_duration=0.0, duration=0.00183510780334
script duration name:co2 seconds:0.0
loading script "jan_unknown120_60.py"
loading script "jan_pump_ms.py"
loading script "jan_co2.py"
loading script "jan_pump_extraction_line.py"
testing...
no interpolation path defined
calculate duration
testing...
no interpolation path defined
executed snippet estimated_duration=4.0, duration=0.000109910964966
executed snippet estimated_duration=4.0, duration=0.00100183486938
Script duration 214.0
Run total estimated duration= 215.000
run duration: 0:03:35
doing event level: 2
14:44:08 -- Setting default integration. t=1.048576
setting integration time = 1.048576
SetIntegrationTime 1.048576 ===>> OK
----------------- start -----------------
**************** Experiment Type: Ar/Ar, Ar/Ar
create new session 4419438256
close session 4419438256
$$$$$ Clearing conditionals
adding conditionals 
Add queue conditionals
add default conditionals
adding default conditionals from /Users/jan/PychronDev/setupfiles/spectrometer/default_conditionals.yaml
Start automated run 65448-02C
loading script "jan_unknown120_60.py"
loading script "jan_pump_ms.py"
loading script "jan_co2.py"
loading script "jan_pump_extraction_line.py"
%%%%%%%%%%%%%%%%%% setting automated run 65448-02C
No value "sensitivity_multiplier" in metadata
$$$$$$$$$$$$$$$ auto_save_detector_ic=False
============================= Pre Extraction Check =============================
loading queue conditionals pre_run_terminations
loading system conditionals pre_run_terminations
loading conditionals from /Users/jan/PychronDev/setupfiles/spectrometer/default_conditionals.yaml
14:44:08 -- ******* Pre Extraction Check *******
Get a measurement from the spectrometer
GetData ===>> H2,-0.143547237834398,H1,-0.0682465956755028,AX,-0.161376160898599,L1,-0.0234677154636315,L2,-0.0...
Pre Extraction Termination data. keys=H2,H1,AX,L1,L2,CDD, signals=-0.14355,-0.06825,-0.16138,-0.02347,-0.04599,0.00000
14:44:08 -- testing system defined conditionals
Checking default pre extraction terminations n=2
testing CDD
evaluate ot="CDD.inactive" t="CDD", ctx="{'CDD': False}"
GetDeflection CDD ===>> 50
testing CDD==2000
evaluate ot="CDD.deflection==2000" t="CDD==2000", ctx="{'CDD': 50.0}"
14:44:08 -- ******* Pre Extraction Check Passed *******
=================================================================================
14:44:08 -- stopping status monitor
stop 5288834736
Alive clients [5025639504, 4992986192]
14:44:08 -- starting status monitor
start 5288834736
Monitor already running
start extraction
do extraction
Analysis started at 14:44:08.243729
Extraction Started jan_co2.py
14:44:08 -- ******* Extraction Started jan_co2.py *******
state changed from not run to extraction
DO EXTRACTION <pychron.extraction_line.pyscript_runner.RemotePyScriptRunner object at 0x12bfe48f0>
testing...
no interpolation path defined
calculate duration
testing...
no interpolation path defined
executed snippet estimated_duration=0, duration=4.19616699219e-05
calculate duration
testing...
no interpolation path defined
executed snippet estimated_duration=0, duration=7.5101852417e-05
executed snippet estimated_duration=100.0, duration=0.00188899040222
Jan CO2 laser analysis
doing GOSUB
testing...
no interpolation path defined
executed snippet estimated_duration=0, duration=6.29425048828e-05
Waiting for CO2 access
wait ('FelixCO2Flag', 0) {}
waiting for FelixCO2Flag = 0
Read FelixCO2Flag ===>> 0
finished waiting
CO2 free
wait ('CO2PumpTimeFlag', 0) {}
waiting for CO2PumpTimeFlag = 0
Read CO2PumpTimeFlag ===>> 0
finished waiting
acquire ('JanCO2Flag',) {'clear': True}
acquire JanCO2Flag
Set JanCO2Flag 1 ===>> OK
JanCO2Flag acquired
set extraction state False (0.75, 'red', 1.5)
CO2 acquired
executed snippet estimated_duration=0, duration=0.017324924469
WaitForCO2Access.py completed successfully
gosub finished
doing GOSUB
testing...
no interpolation path defined
executed snippet estimated_duration=0, duration=0.000171184539795
Prepare for CO2 analysis
close () {'description': 'Jan Inlet'}
closing name=--- desc=Jan Inlet
checking ownership. requestor=129.138.12.150
check software interlocks R
interlocks []
actuate state mode=None-script, software_lock=False
doing actuation None-script close_channel False
Close R ===>> OK
GetIndicatorState R ===>> False
change switch state (True, True)
update switch state R False args=() kw={} ncanvase=6
14:44:08 -- CLOSE  VALVE-R (Jan Inlet)
---------------------------------------- close None (Jan Inlet) result=[(True, True)]
action=close, ok=True, locked=[False]
open () {'description': 'Jan Ion Pump'}
opening name=--- desc=Jan Ion Pump
checking ownership. requestor=129.138.12.150
check software interlocks O
interlocks []
actuate state mode=None-script, software_lock=False
doing actuation None-script open_channel False
Open O ===>> OK
GetIndicatorState O ===>> OK
change switch state (True, True)
update switch state O True args=() kw={} ncanvase=6
14:44:09 -- OPEN   VALVE-O (Jan Ion Pump)
---------------------------------------- open None (Jan Ion Pump) result=[(True, True)], time=0.11 sec
action=open, ok=True, locked=[False]
close () {'description': 'Microbone to Minibone'}
closing name=--- desc=Microbone to Minibone
checking ownership. requestor=129.138.12.150
check software interlocks L
interlocks []
actuate state mode=None-script, software_lock=False
doing actuation None-script close_channel False
Close L ===>> OK
GetIndicatorState L ===>> False
change switch state (True, True)
update switch state L False args=() kw={} ncanvase=6
14:44:09 -- CLOSE  VALVE-L (Microbone to Minibone)
---------------------------------------- close None (Microbone to Minibone) result=[(True, True)]
action=close, ok=True, locked=[False]
open () {'description': 'Microbone to Turbo'}
opening name=--- desc=Microbone to Turbo
checking ownership. requestor=129.138.12.150
check software interlocks U
interlocks []
actuate state mode=None-script, software_lock=False
doing actuation None-script open_channel False
Open U ===>> OK
GetIndicatorState U ===>> OK
change switch state (True, True)
update switch state U True args=() kw={} ncanvase=6
14:44:10 -- OPEN   VALVE-U (Microbone to Turbo)
---------------------------------------- open None (Microbone to Turbo) result=[(True, True)], time=0.15 sec
action=open, ok=True, locked=[False]
open () {'description': 'Microbone to Inlet Pipette'}
opening name=--- desc=Microbone to Inlet Pipette
checking ownership. requestor=129.138.12.150
check software interlocks S
interlocks []
actuate state mode=None-script, software_lock=False
doing actuation None-script open_channel False
Open S ===>> OK
GetIndicatorState S ===>> OK
change switch state (True, True)
update switch state S True args=() kw={} ncanvase=6
14:44:10 -- OPEN   VALVE-S (Microbone to Inlet Pipette)
---------------------------------------- open None (Microbone to Inlet Pipette) result=[(True, True)], time=0.42 sec
action=open, ok=True, locked=[False]
open () {'description': 'Microbone to Getter D-50'}
opening name=--- desc=Microbone to Getter D-50
checking ownership. requestor=129.138.12.150
check software interlocks K
interlocks []
actuate state mode=None-script, software_lock=False
doing actuation None-script open_channel False
Open K ===>> OK
GetIndicatorState K ===>> OK
change switch state (True, True)
update switch state K True args=() kw={} ncanvase=6
14:44:11 -- OPEN   VALVE-K (Microbone to Getter D-50)
---------------------------------------- open None (Microbone to Getter D-50) result=[(True, True)], time=0.43 sec
action=open, ok=True, locked=[False]
open () {'description': 'Microbone to Getter NP-10'}
opening name=--- desc=Microbone to Getter NP-10
checking ownership. requestor=129.138.12.150
check software interlocks M
interlocks []
actuate state mode=None-script, software_lock=False
doing actuation None-script open_channel False
Open M ===>> OK
GetIndicatorState M ===>> OK
change switch state (True, True)
update switch state M True args=() kw={} ncanvase=6
14:44:11 -- OPEN   VALVE-M (Microbone to Getter NP-10)
---------------------------------------- open None (Microbone to Getter NP-10) result=[(True, True)], time=0.15 sec
action=open, ok=True, locked=[False]
close () {'description': 'CO2 Laser to Felix'}
closing name=--- desc=CO2 Laser to Felix
checking ownership. requestor=129.138.12.150
check software interlocks F
interlocks []
actuate state mode=None-script, software_lock=True
VALVE-F(CO2 Laser to Felix) software locked
change switch state (True, False)
---------------------------------------- close None (CO2 Laser to Felix) result=[(True, False)]
action=close, ok=True, locked=[True]
open () {'description': 'CO2 Laser to Jan'}
opening name=--- desc=CO2 Laser to Jan
checking ownership. requestor=129.138.12.150
check software interlocks A
interlocks []
actuate state mode=None-script, software_lock=False
doing actuation None-script open_channel False
Open A ===>> OK
GetIndicatorState A ===>> OK
change switch state (True, True)
update switch state A True args=() kw={} ncanvase=6
14:44:12 -- OPEN   VALVE-A (CO2 Laser to Jan)
---------------------------------------- open None (CO2 Laser to Jan) result=[(True, True)], time=0.15 sec
action=open, ok=True, locked=[False]
open () {'description': 'Microbone to CO2 Laser'}
opening name=--- desc=Microbone to CO2 Laser
checking ownership. requestor=129.138.12.150
check software interlocks T
interlocks []
actuate state mode=None-script, software_lock=False
doing actuation None-script open_channel False
Open T ===>> OK
GetIndicatorState T ===>> OK
change switch state (True, True)
update switch state T True args=() kw={} ncanvase=6
14:44:13 -- OPEN   VALVE-T (Microbone to CO2 Laser)
---------------------------------------- open None (Microbone to CO2 Laser) result=[(True, True)], time=0.42 sec
action=open, ok=True, locked=[False]
executed snippet estimated_duration=0, duration=4.99311900139
PrepareForCO2Analysis.py completed successfully
gosub finished
set_motor ('beam', '1.25') {}
setting motor "beam" to 1.25
set motor beam to 1.25
SetMotor beam,1.25 ===>> OK
GetMotorMoving beam ===>> False
GetMotorMoving beam ===>> False
Block completed
move_to_position ('163',) {'autocenter': True}
FusionsCO2 move to position 163
sending GoToHole 163,True
GoToHole 163,True ===>> OK
GetDriveMoving ===>> False
GetDriveMoving ===>> OK
GetDriveMoving ===>> OK
GetDriveMoving ===>> OK
GetDriveMoving ===>> OK
GetDriveMoving ===>> OK
GetDriveMoving ===>> OK
GetDriveMoving ===>> False
Block completed
GetAutoCorrecting ===>> False
GetAutoCorrecting ===>> False
Block completed
update position
GetPosition ===>> 3.98780,-5.98170,1.00000
got position (3.9878, -5.9817, 1.0)
move to position succeeded
sleep (5,) {}
SLEEP 5.0
block started
WaitControl setup for 5.0  
Join finished
block finished. duration 5.02683281898
close () {'description': 'Microbone to Turbo'}
closing name=--- desc=Microbone to Turbo
checking ownership. requestor=129.138.12.150
check software interlocks U
interlocks []
actuate state mode=None-script, software_lock=False
doing actuation None-script close_channel True
Close U ===>> OK
GetIndicatorState U ===>> False
change switch state (True, True)
update switch state U False args=() kw={} ncanvase=6
14:44:23 -- CLOSE  VALVE-U (Microbone to Turbo)
---------------------------------------- close None (Microbone to Turbo) result=[(True, True)]
action=close, ok=True, locked=[False]
enable laser
enable () {}
set extraction state FusionsCO2 Enabled (False, 'red', 1.5)
enabling laser
Enable ===>> OK
begin interval
BEGIN INTERVAL Interval 1 waiting for 30.0
block started
set extract to 5.0
WaitControl setup for 30.0  
extract (5.0,) {}
GetPosition ===>> 3.98780,-5.98170,1.00000
set extraction state FusionsCO2 ON! 5.0(watts) (0.75, 'red', 1.5)
extract sample to 5.0 (watts)
set laser output
SetLaserOutput 5.0,watts ===>> OK
executing pattern triangle.lp
execute_pattern ('triangle.lp',) {}
executing pattern triangle.lp
IsPatterning ===>> OK
IsPatterning ===>> OK
IsPatterning ===>> OK
IsPatterning ===>> OK
IsPatterning ===>> OK
IsPatterning ===>> OK
IsPatterning ===>> OK
IsPatterning ===>> OK
IsPatterning ===>> OK
IsPatterning ===>> OK
IsPatterning ===>> OK
IsPatterning ===>> OK
IsPatterning ===>> OK
IsPatterning ===>> OK
IsPatterning ===>> OK
IsPatterning ===>> OK
IsPatterning ===>> OK
IsPatterning ===>> OK
IsPatterning ===>> OK
IsPatterning ===>> OK
IsPatterning ===>> OK
IsPatterning ===>> OK
IsPatterning ===>> OK
IsPatterning ===>> OK
IsPatterning ===>> OK
IsPatterning ===>> OK
IsPatterning ===>> False
IsPatterning ===>> False
Block completed
COMPLETE INTERVAL waiting for Interval 1 to complete
Join finished
block finished. duration 30.0784311295
Interval 1 finished
end_extract () {}
ending extraction. set laser power to 0
set laser power 0
SetLaserPower 0 ===>> OK
disable () {}
%%%%%%%%%%%%%%%%%%%%%%%%%%%%%%%%%%% disable
set extraction state False (0.75, 'red', 1.5)
disabling laser
Disable ===>> OK
sleep (30.0,) {}
SLEEP 30.0
block started
WaitControl setup for 30.0  
Join finished
block finished. duration 30.0541880131
executed snippet estimated_duration=166.0, duration=75.7617008686
jan_co2.py completed successfully
GetAchievedOutput ===>> No Response
Requested Output= 0.000
Achieved Output=  0.000
GetResponseBlob ===>> No Response
GetOutputBlob ===>> No Response
persistence save...
persistence save - db
AutomatedRunPersister post_extraction_save deprecated
persistence save - dvc
no extraction position for 163
create new session 4992585168
close session 4992585168
Extraction Finished
14:45:24 -- ******* Extraction Finished *******
no overlap. not waiting for min ms pumptime
14:45:24 -- Sending spectrometer configuration
======== Sending configuration ========
SetDeflection CDD,50.0 ===>> OK
SetDeflection H2,0.0 ===>> OK
SetDeflection H1,0.0 ===>> OK
SetDeflection L2,825.0 ===>> OK
SetDeflection L1,400.0 ===>> OK
SetDeflection AX,190.0 ===>> OK
SetZFocus 74.64 ===>> OK
SetZSymmetry -50.72 ===>> OK
SetExtractionLens 26.13 ===>> OK
SetIonRepeller -3.81 ===>> OK
SetElectronEnergy 75.08 ===>> OK
SetYSymmetry -2.81 ===>> OK
SetIonCounterVoltage 1590.0 ===>> OK
send trap current 200.0
GetParameter Trap Current Readback ===>> 198.147042666178
SetParameter Trap Current Set,200.0 ===>> OK
updating mftable name mftable
Using mftable located at /Users/jan/PychronDev/setupfiles/spectrometer/mftables/mftable.csv
============ MFtable ===========
Isotope  H2     H1     AX     L1     L2     CDD    
Ar40     5.8227 5.8809 5.9941 6.1626 6.2326 6.3908
Ar39     5.7219 5.7732 5.8865 6.0487 6.1177 6.2773
Ar36     5.3994 5.4422 5.5499 5.7075 5.7727 5.9284
================================
get initial guess parabolic
get initial guess parabolic
get initial guess parabolic
get initial guess parabolic
get initial guess parabolic
get initial guess parabolic
======== Configuration Finished ========
GetYSymmetry ===>> -2.81
GetZSymmetry ===>> -50.72
GetParameter Trap Current Readback ===>> 198.035158395898
GetHighVoltage ===>> 4499.94659342336
start measurement
do measurement
L#=65448 analysis type=unknown
Measurement Started jan_unknown120_60.py
14:45:24 -- ******* Measurement Started jan_unknown120_60.py *******
state changed from extraction to measurement
setting spec, defl, and gains
GetExtractionLens ===>> 26.13
GetYSymmetry ===>> -2.81
GetZSymmetry ===>> -50.72
GetZFocus ===>> 74.64
GetDeflection H2 ===>> 0
GetDeflection H1 ===>> 0
GetDeflection AX ===>> 190
GetDeflection L1 ===>> 400
GetDeflection L2 ===>> 825
GetDeflection CDD ===>> 50
GetGain H2 ===>> 0.0113
GetGain H1 ===>> 0.1
GetGain AX ===>> 0.097049
GetGain L1 ===>> 0.010355
GetGain L2 ===>> 0.095649
GetGain CDD ===>> 0
pre measurement save
New frame /Users/jan/PychronDev/data/isotopes/9f/e7ac62-2705-4772-a661-f10436e4354c.h5
flush and close file /Users/jan/PychronDev/data/isotopes/9f/e7ac62-2705-4772-a661-f10436e4354c.h5
testing...
no interpolation path defined
executed snippet estimated_duration=226.132928, duration=0.000242948532104
unknown measurement script
activate_detectors ('H2', 'H1', 'AX', 'L1', 'L2', 'CDD') {}
activate detectors
*************** Set Analysis View Ar/Ar
create graphs
clearing graphs
clear isotope group
setting isotope det=H2, iso=PM41
setting isotope det=H1, iso=Ar40
setting isotope det=AX, iso=Ar39
setting isotope det=L1, iso=Ar38
setting isotope det=L2, iso=Ar37
setting isotope det=CDD, iso=Ar36
setting previous blanks
 - setting Ar40 blank 0.560+/-0.008
 - setting Ar36 blank 0.00482+/-0.00017
 - setting Ar37 blank 0.062+/-0.005
 - setting Ar38 blank 0.0071+/-0.0024
 - setting PM41 blank 0.02+/-0.07
 - setting Ar39 blank 0.009+/-0.009
load analysis view
position_magnet ('Ar40',) {'detector': 'H1'}
detector Detector(H1)
POSITION Ar40 H1
setting detector H2 to PM41 (40.9624)
setting detector H1 to Ar40 (39.9624)
setting detector AX to Ar39 (38.9624)
setting detector L1 to Ar38 (37.9624)
setting detector L2 to Ar37 (36.9624)
setting detector CDD to Ar36 (35.9624)
Mapping mass to dac mass func: "parabolic"
H1 map mass coeffs = [-0.00063987  0.15840543  0.57249999]
H1 map mass to dac 39.9624 >> 5.88089
GetDeflection H1 ===>> 0
GetHighVoltage ===>> 4499.94659342336
positioning Ar40 (5.88085536799) on H1
setting magnet DAC
current  : 5.241515
requested: 5.880855
Delta Dac: 0.639340
Checking detector protection. dv=0.63934
Checking detector "CDD". Protection Threshold: 0.1 (V)
ProtectDetector CDD,On ===>> OK
GetDeflection CDD ===>> 2000
Protected = 2000
SetMagnetDAC 5.88085536799 ===>> OK
Magnet settling time: 0.500
GetMagnetMoving ===>> True
GetMagnetMoving ===>> True
GetMagnetMoving ===>> True
GetMagnetMoving ===>> True
GetMagnetMoving ===>> True
GetMagnetMoving ===>> True
GetMagnetMoving ===>> True
GetMagnetMoving ===>> True
GetMagnetMoving ===>> False
ProtectDetector CDD,Off ===>> OK
GetDeflection CDD ===>> 50
update labels <pychron.experiment.plot_panel.PlotPanel object at 0x13c0cbd70>
update labels "<pychron.graph.stacked_regression_graph.StackedRegressionGraph object at 0x1a55d56b0>"
setting label 0 H2 PM41
setting label 1 H1 Ar40
setting label 2 AX Ar39
setting label 3 L1 Ar38
setting label 4 L2 Ar37
setting label 5 CDD Ar36
update labels "<pychron.graph.stacked_graph.StackedGraph object at 0x1995b2350>"
setting label 0 H2 PM41
setting label 1 H1 Ar40
setting label 2 AX Ar39
setting label 3 L1 Ar38
setting label 4 L2 Ar37
setting label 5 CDD Ar36
equilibrate () {'delay': 3, 'inlet': 'R', 'outlet': 'O', 'eqtime': 12.0}
Equilibration Started
14:45:28 -- ******* Equilibration Started *******
checking ownership. requestor=129.138.12.150
check software interlocks O
interlocks []
actuate state mode=None-script, software_lock=False
doing actuation None-script close_channel True
Close O ===>> OK
GetIndicatorState O ===>> False
change switch state (True, True)
update switch state O False args=() kw={} ncanvase=6
14:45:28 -- CLOSE  VALVE-O (Jan Ion Pump)
waiting 3s before opening inlet value ('R',)
checking ownership. requestor=129.138.12.150
check software interlocks R
interlocks []
actuate state mode=None-script, software_lock=False
doing actuation None-script open_channel True
Open R ===>> OK
set states for children of R. state=True
handle state [('R', True)]
update switch state R True args=() kw={'refresh': False} ncanvase=6
refresh_canvas_needed fired
GetIndicatorState R ===>> OK
change switch state (True, True)
update switch state R True args=() kw={} ncanvase=6
14:45:31 -- OPEN   VALVE-R (Jan Inlet)
equilibrating for 12.0sec
set_time_zero () {}
sniff (12.0,) {}
py_sniff
build tables- sniff [Detector(H2), Detector(H1), Detector(AX), Detector(L1), Detector(L2), Detector(CDD)]
add group /sniff/PM41 (Group) '' table H2
add group /sniff/Ar40 (Group) '' table H1
add group /sniff/Ar39 (Group) '' table AX
add group /sniff/Ar38 (Group) '' table L1
add group /sniff/Ar37 (Group) '' table L2
add group /sniff/Ar36 (Group) '' table CDD
flush and close file /Users/jan/PychronDev/data/isotopes/9f/e7ac62-2705-4772-a661-f10436e4354c.h5
measuring sniff. ncounts=12.0
"sniff" increment series count="1" fit count="0" regressing="False"
starting measurement
check iteration duration=2.90870666504e-05
GetData ===>> H2,0.110792609652786,H1,0.441870413268997,AX,0.549471920864106,L1,0.00275834858833836,L2,0.231100...
check iteration duration=4.19616699219e-05
GetData ===>> H2,0.857121655393702,H1,1.9012933827377,AX,0.766224512585339,L1,0.142110732463136,L2,0.2246400966...
check iteration duration=4.31537628174e-05
GetData ===>> H2,0.364989001491604,H1,2.41779378076072,AX,0.362072362702473,L1,0.142394818612858,L2,0.103504920...
check iteration duration=1.78813934326e-05
GetData ===>> H2,0.0781219766195913,H1,2.70465692051303,AX,0.0781020355600425,L1,0.0832676715504645,L2,0.060027...
check iteration duration=2.00271606445e-05
GetData ===>> H2,0.0244395249918673,H1,2.85139535870271,AX,0.166468988063842,L1,0.101230670805234,L2,0.00756833...
check iteration duration=1.59740447998e-05
GetData ===>> H2,-0.0193415780920843,H1,2.88845819330532,AX,0.0890289673573748,L1,0.0985553590222506,L2,0.10361...
check iteration duration=4.60147857666e-05
GetData ===>> H2,-0.167969758455158,H1,2.89918147096608,AX,-0.0361409162313848,L1,0.0654871267552063,L2,0.05998...
check iteration duration=3.19480895996e-05
GetData ===>> H2,-0.0150933511912361,H1,2.80879526074538,AX,0.0459155193273882,L1,0.0149713843899254,L2,0.06072...
check iteration duration=5.10215759277e-05
GetData ===>> H2,-0.0373257160774853,H1,2.90027080632058,AX,0.0426890344256343,L1,0.0334539154334808,L2,0.01997...
check iteration duration=1.50203704834e-05
GetData ===>> H2,-0.107622177740839,H1,3.02437586786797,AX,0.046542259012306,L1,0.0456766067277565,L2,0.1740115...
check iteration duration=3.00407409668e-05
GetData ===>> H2,-0.0544377140356885,H1,2.95558172819461,AX,0.119484689895642,L1,0.0349069889112534,L2,0.084755...
check iteration duration=2.71797180176e-05
Equilibration Finished
GetData ===>> H2,-0.0483295915759143,H1,3.08163492973461,AX,0.145167714803969,L1,0.0324696942492131,L2,0.000877...
14:45:43 -- ******* Equilibration Finished *******
checking ownership. requestor=129.138.12.150
check software interlocks R
interlocks []
actuate state mode=None-script, software_lock=False
doing actuation None-script close_channel True
Close R ===>> OK
GetIndicatorState R ===>> False
change switch state (True, True)
update switch state R False args=() kw={} ncanvase=6
14:45:44 -- CLOSE  VALVE-R (Jan Inlet)
Post Equilibration Started jan_pump_extraction_line.py
14:45:44 -- ******* Post Equilibration Started jan_pump_extraction_line.py *******
testing...
no interpolation path defined
calculate duration
testing...
no interpolation path defined
executed snippet estimated_duration=4.0, duration=0.000123023986816
executed snippet estimated_duration=4.0, duration=0.00111198425293
Pump after analysis
doing GOSUB
testing...
no interpolation path defined
executed snippet estimated_duration=4.0, duration=0.000142097473145
Pump Microbone
close () {'description': 'Jan Inlet'}
closing name=--- desc=Jan Inlet
checking ownership. requestor=129.138.12.150
check software interlocks R
interlocks []
actuate state mode=None-script, software_lock=False
doing actuation None-script close_channel False
check iteration duration=3.19480895996e-05
waiting for write to finish
Close R ===>> OK
measurement finished
estimated time: 12.583 actual time: :12.687
flush and close file /Users/jan/PychronDev/data/isotopes/9f/e7ac62-2705-4772-a661-f10436e4354c.h5
set_fits () {}
using default fits file=/Users/jan/PychronDev/scripts/measurement/fits/nominal_linear.yaml
GetIndicatorState R ===>> False
change switch state (True, True)
update switch state R False args=() kw={} ncanvase=6
set "Ar40" to "('Linear', 'SEM')"
No fit for "PM41". defaulting to linear. check the measurement script "jan_unknown120_60.py"
set "PM41" to "linear"
set "Ar36" to "('Linear', 'SEM')"
set "Ar37" to "('linear', 'SEM')"
set "Ar38" to "('linear', 'SEM')"
set "Ar39" to "('Linear', 'SEM')"
set_baseline_fits () {}
using default fits file=/Users/jan/PychronDev/scripts/measurement/fits/nominal_linear.yaml
set "H1" to "('average', 'SEM')"
set "H2" to "('average', 'SEM')"
set "CDD" to "('average', 'SEM')"
set "L2" to "('average', 'SEM')"
set "L1" to "('average', 'SEM')"
set "AX" to "('average', 'SEM')"
multicollect () {'integration_time': 1, 'ncounts': 120}
14:45:45 -- CLOSE  VALVE-R (Jan Inlet)
build tables- signal [Detector(H2), Detector(H1), Detector(AX), Detector(L1), Detector(L2), Detector(CDD)]
---------------------------------------- close None (Jan Inlet) result=[(True, True)]
add group /signal/PM41 (Group) '' table H2
add group /signal/Ar40 (Group) '' table H1
add group /signal/Ar39 (Group) '' table AX
add group /signal/Ar38 (Group) '' table L1
add group /signal/Ar37 (Group) '' table L2
add group /signal/Ar36 (Group) '' table CDD
flush and close file /Users/jan/PychronDev/data/isotopes/9f/e7ac62-2705-4772-a661-f10436e4354c.h5
measuring signal. ncounts=120
action=close, ok=True, locked=[False]
is_closed ('F',) {}
is F () closed?
is closed True
open () {'description': 'CO2 Laser to Jan'}
opening name=--- desc=CO2 Laser to Jan
checking ownership. requestor=129.138.12.150
check software interlocks A
interlocks []
actuate state mode=None-script, software_lock=False
doing actuation None-script open_channel False
Open A ===>> OK
GetIndicatorState A ===>> OK
change switch state (True, True)
update switch state A True args=() kw={} ncanvase=6
14:45:45 -- OPEN   VALVE-A (CO2 Laser to Jan)
---------------------------------------- open None (CO2 Laser to Jan) result=[(True, True)], time=0.14 sec
starting measurement
check iteration duration=0.000125885009766
GetData ===>> H2,-0.0653294767176192,H1,3.08875823655581,AX,-0.0241378259514792,L1,0.00829012652706877,L2,0.064...
action=open, ok=True, locked=[False]
sleep (1,) {}
SLEEP 1.0
"signal" increment series count="2" fit count="1" regressing="True"
check iteration duration=7.20024108887e-05
GetData ===>> H2,-0.0298830994459867,H1,3.07578401542734,AX,0.0326736850705105,L1,-0.00992762551886256,L2,0.091...
close () {'description': 'CO2 Laser to Roughing'}
closing name=--- desc=CO2 Laser to Roughing
checking ownership. requestor=129.138.12.150
check software interlocks G
interlocks []
actuate state mode=None-script, software_lock=True
VALVE-G(CO2 Laser to Roughing) software locked
change switch state (True, False)
---------------------------------------- close None (CO2 Laser to Roughing) result=[(True, False)]
action=close, ok=True, locked=[True]
open () {'description': 'Microbone to Turbo'}
opening name=--- desc=Microbone to Turbo
checking ownership. requestor=129.138.12.150
check software interlocks U
interlocks []
actuate state mode=None-script, software_lock=False
doing actuation None-script open_channel True
Open U ===>> OK
GetIndicatorState U ===>> OK
change switch state (True, True)
update switch state U True args=() kw={} ncanvase=6
14:45:46 -- OPEN   VALVE-U (Microbone to Turbo)
---------------------------------------- open None (Microbone to Turbo) result=[(True, True)], time=0.17 sec
action=open, ok=True, locked=[False]
open () {'description': 'Microbone to Getter NP-10'}
opening name=--- desc=Microbone to Getter NP-10
checking ownership. requestor=129.138.12.150
check software interlocks M
interlocks []
actuate state mode=None-script, software_lock=False
doing actuation None-script open_channel False
Open M ===>> OK
GetIndicatorState M ===>> OK
change switch state (True, True)
update switch state M True args=() kw={} ncanvase=6
14:45:47 -- OPEN   VALVE-M (Microbone to Getter NP-10)
---------------------------------------- open None (Microbone to Getter NP-10) result=[(True, True)], time=0.15 sec
action=open, ok=True, locked=[False]
open () {'description': 'Microbone to Getter D-50'}
opening name=--- desc=Microbone to Getter D-50
checking ownership. requestor=129.138.12.150
check software interlocks K
interlocks []
actuate state mode=None-script, software_lock=False
doing actuation None-script open_channel False
check iteration duration=3.79085540771e-05
GetData ===>> H2,-0.200191764093769,H1,2.97865718753731,AX,-0.123237828073408,L1,0.00513469489561408,L2,-0.0032...
Open K ===>> OK
GetIndicatorState K ===>> OK
change switch state (True, True)
update switch state K True args=() kw={} ncanvase=6
14:45:47 -- OPEN   VALVE-K (Microbone to Getter D-50)
---------------------------------------- open None (Microbone to Getter D-50) result=[(True, True)], time=0.43 sec
action=open, ok=True, locked=[False]
open () {'description': 'Microbone to CO2 Laser'}
opening name=--- desc=Microbone to CO2 Laser
checking ownership. requestor=129.138.12.150
check software interlocks T
interlocks []
actuate state mode=None-script, software_lock=False
doing actuation None-script open_channel False
Open T ===>> OK
GetIndicatorState T ===>> OK
change switch state (True, True)
update switch state T True args=() kw={} ncanvase=6
14:45:48 -- OPEN   VALVE-T (Microbone to CO2 Laser)
---------------------------------------- open None (Microbone to CO2 Laser) result=[(True, True)], time=0.43 sec
check iteration duration=6.19888305664e-05
GetData ===>> H2,-0.339579041493719,H1,3.02243873122288,AX,-0.134292134142871,L1,-0.00207485986002744,L2,0.0517...
action=open, ok=True, locked=[False]
open () {'description': 'Microbone to Inlet Pipette'}
opening name=--- desc=Microbone to Inlet Pipette
checking ownership. requestor=129.138.12.150
check software interlocks S
interlocks []
actuate state mode=None-script, software_lock=False
doing actuation None-script open_channel False
Open S ===>> OK
GetIndicatorState S ===>> OK
change switch state (True, True)
update switch state S True args=() kw={} ncanvase=6
14:45:49 -- OPEN   VALVE-S (Microbone to Inlet Pipette)
---------------------------------------- open None (Microbone to Inlet Pipette) result=[(True, True)], time=0.43 sec
action=open, ok=True, locked=[False]
sleep (1,) {}
SLEEP 1.0
testing H1>-5.0
evaluate ot="H1.bs>-5.0" t="H1>-5.0", ctx="{'H1': None}"
check iteration duration=0.00120115280151
GetData ===>> H2,-0.358285936780658,H1,3.03624163568952,AX,-0.0233027732928349,L1,-0.00136928642658743,L2,0.124...
set_resource () {'name': 'CO2PumpTimeFlag', 'value': 30}
Set CO2PumpTimeFlag 30 ===>> OK
release ('JanCO2Flag',) {}
release JanCO2Flag
Set JanCO2Flag 0 ===>> OK
executed snippet estimated_duration=6.0, duration=5.98727917671
PumpMicrobone.py completed successfully
gosub finished
get_resource_value () {'name': 'JanMiniboneFlag'}
Read JanMiniboneFlag ===>> 0
Get Resource Value JanMiniboneFlag=0.0
get resource value 0.0
get_resource_value () {'name': 'JanMiniboneFlag'}
Read JanMiniboneFlag ===>> 0
Get Resource Value JanMiniboneFlag=0.0
executed snippet estimated_duration=4.0, duration=5.9995200634
jan_pump_extraction_line.py completed successfully
Post Equilibration Finished
14:45:50 -- ******* Post Equilibration Finished *******
check iteration duration=3.69548797607e-05
GetData ===>> H2,-0.266995926516778,H1,3.08755886933454,AX,-0.069150477434717,L1,-0.0266685060662325,L2,-0.0967...
check iteration duration=7.70092010498e-05
GetData ===>> H2,-0.216102786660301,H1,3.04837521060983,AX,0.0435478724820329,L1,-0.0349228491004504,L2,0.05392...
check iteration duration=3.79085540771e-05
GetData ===>> H2,-0.177308545822341,H1,3.14674049658914,AX,-0.00409458453072118,L1,-0.0146761808361584,L2,0.074...
check iteration duration=4.10079956055e-05
GetData ===>> H2,-0.0774558845186496,H1,3.14239294047429,AX,-0.0379615455504,L1,-0.030766571137525,L2,0.0165166...
testing H1>-5.0
evaluate ot="H1.bs>-5.0" t="H1>-5.0", ctx="{'H1': None}"
check iteration duration=0.00128602981567
GetData ===>> H2,-0.0655246522906232,H1,3.13492139113867,AX,-0.0620787706988619,L1,-0.0629371831556861,L2,0.029...
check iteration duration=8.60691070557e-05
GetData ===>> H2,-0.107132408295964,H1,3.13974090143396,AX,-0.096968597966456,L1,0.00693424962491647,L2,0.10634...
check iteration duration=9.29832458496e-05
GetData ===>> H2,-0.067434924114094,H1,3.10116464295234,AX,-0.088044484119361,L1,-0.0102945058472919,L2,0.08256...
check iteration duration=3.81469726562e-05
GetData ===>> H2,-0.1452915173516,H1,3.1503373618069,AX,-0.0175383949344941,L1,-0.0278713852501519,L2,0.0778375...
check iteration duration=8.60691070557e-05
GetData ===>> H2,-0.189994536504661,H1,3.24003369058479,AX,0.00337629044837734,L1,-0.026775141606576,L2,-0.0460...
testing H1>-5.0
evaluate ot="H1.bs>-5.0" t="H1>-5.0", ctx="{'H1': None}"
check iteration duration=0.000586032867432
GetData ===>> H2,-0.272200822145847,H1,3.23111261518367,AX,-0.0484092119445447,L1,-0.0351804913271867,L2,0.0849...
check iteration duration=7.79628753662e-05
GetData ===>> H2,-0.191900792738055,H1,3.15030102919887,AX,0.00776163630171418,L1,-0.0131823222409892,L2,-0.013...
check iteration duration=9.10758972168e-05
GetData ===>> H2,-0.137215046104856,H1,3.30120533816374,AX,-0.00231972361638202,L1,0.0201828628479519,L2,0.0538...
check iteration duration=7.29560852051e-05
GetData ===>> H2,-0.140822868867794,H1,3.23963367996047,AX,-0.090884063678525,L1,-0.0131092080156295,L2,0.08753...
check iteration duration=3.91006469727e-05
GetData ===>> H2,-0.114812955790023,H1,3.21527236193286,AX,-0.109820201546779,L1,0.026401851248568,L2,0.0447005...
testing H1>-5.0
evaluate ot="H1.bs>-5.0" t="H1>-5.0", ctx="{'H1': None}"
check iteration duration=0.00113677978516
GetData ===>> H2,-0.0419658946522587,H1,3.25662945705669,AX,-0.127107507767873,L1,-0.0248663142345664,L2,-0.002...
check iteration duration=8.01086425781e-05
GetData ===>> H2,-0.155525154688635,H1,3.27059672889314,AX,0.0483992891725985,L1,-0.042136731322651,L2,0.244410...
check iteration duration=8.01086425781e-05
GetData ===>> H2,-0.215736555414976,H1,3.28637283752522,AX,-0.02569193265796,L1,-0.0583499459946634,L2,0.049638...
check iteration duration=7.9870223999e-05
GetData ===>> H2,-0.263781480057389,H1,3.2994951848863,AX,-0.0410692927043362,L1,-0.0139901391435873,L2,0.06462...
check iteration duration=3.60012054443e-05
GetData ===>> H2,-0.263035210292656,H1,3.41423610016778,AX,-0.106227949491579,L1,-0.0259963166895268,L2,0.03783...
testing H1>-5.0
evaluate ot="H1.bs>-5.0" t="H1>-5.0", ctx="{'H1': None}"
check iteration duration=0.00153994560242
14:46:10 -- collecting point 25
GetData ===>> H2,-0.253252069960382,H1,3.31661659341671,AX,0.00198415847514181,L1,0.016073749480773,L2,0.065171...
check iteration duration=5.60283660889e-05
GetData ===>> H2,-0.273948687416445,H1,3.34351293495321,AX,-0.0265617576695791,L1,-0.0110138402239717,L2,0.0991...
check iteration duration=8.60691070557e-05
GetData ===>> H2,-0.178453080611196,H1,3.28914997687921,AX,-0.127258120931124,L1,-0.0170954582901984,L2,0.02516...
check iteration duration=3.88622283936e-05
GetData ===>> H2,-0.173629851952164,H1,3.34490703555688,AX,-0.0724427032745174,L1,0.00431790428226568,L2,0.0207...
check iteration duration=4.60147857666e-05
GetData ===>> H2,-0.120413096766764,H1,3.35892183816282,AX,-0.0908492938177589,L1,-0.0119261220423448,L2,-0.020...
testing H1>-5.0
evaluate ot="H1.bs>-5.0" t="H1>-5.0", ctx="{'H1': None}"
check iteration duration=0.0110330581665
GetData ===>> H2,-0.115748083229005,H1,3.3888006620449,AX,-0.0988228565731803,L1,0.00579209495332497,L2,0.06063...
check iteration duration=8.20159912109e-05
GetData ===>> H2,-0.225868040220917,H1,3.37274455444698,AX,-0.0516673557090112,L1,0.0254807617242742,L2,0.05648...
check iteration duration=7.89165496826e-05
GetData ===>> H2,-0.144975378150805,H1,3.36557833298878,AX,-0.00972056374114087,L1,0.00842812423079872,L2,0.037...
check iteration duration=3.50475311279e-05
GetData ===>> H2,-0.16210564527002,H1,3.40683648558728,AX,-0.000788445057882156,L1,-0.0373647924136495,L2,0.101...
check iteration duration=4.10079956055e-05
GetData ===>> H2,-0.208511835043881,H1,3.47538234725151,AX,-0.137701240738664,L1,-0.0207898210007596,L2,0.11674...
testing H1>-5.0
evaluate ot="H1.bs>-5.0" t="H1>-5.0", ctx="{'H1': None}"
check iteration duration=0.000694990158081
GetData ===>> H2,-0.145477954287494,H1,3.43413281299856,AX,0.0203967134173838,L1,-0.0312276636326339,L2,0.04385...
check iteration duration=7.79628753662e-05
GetData ===>> H2,-0.133308544600085,H1,3.41058474772271,AX,-0.00490660160988291,L1,0.0113157097300062,L2,-0.018...
check iteration duration=4.00543212891e-05
GetData ===>> H2,-0.234272685657407,H1,3.49946747037044,AX,0.0714791949406284,L1,0.0166333840033706,L2,0.048132...
check iteration duration=5.81741333008e-05
GetData ===>> H2,-0.298152109382935,H1,3.49888469853987,AX,0.0405303668168223,L1,-0.0212501723108959,L2,-0.0259...
check iteration duration=5.3882598877e-05
GetData ===>> H2,-0.281945248681391,H1,3.50207784344734,AX,-0.0512615430379292,L1,-0.01199564867136,L2,-0.05973...
testing H1>-5.0
evaluate ot="H1.bs>-5.0" t="H1>-5.0", ctx="{'H1': None}"
check iteration duration=0.00289988517761
GetData ===>> H2,-0.201371475806521,H1,3.51828752768613,AX,0.0330334306494371,L1,-0.0124799242801387,L2,0.08429...
check iteration duration=6.31809234619e-05
GetData ===>> H2,-0.22668401170889,H1,3.53182773797405,AX,0.00133450370110609,L1,-0.0381123541894844,L2,0.13979...
check iteration duration=5.10215759277e-05
GetData ===>> H2,-0.193817510246491,H1,3.44967679194557,AX,-0.0987069664455621,L1,-0.0365177281491992,L2,0.1726...
check iteration duration=3.60012054443e-05
GetData ===>> H2,-0.311300011094329,H1,3.54806380373478,AX,-0.049023745627895,L1,0.00332379468770167,L2,0.04402...
check iteration duration=4.60147857666e-05
GetData ===>> H2,-0.264628537266838,H1,3.53505532971934,AX,-0.00699461442263574,L1,0.0108127830808749,L2,-0.039...
testing H1>-5.0
evaluate ot="H1.bs>-5.0" t="H1>-5.0", ctx="{'H1': None}"
check iteration duration=0.00744891166687
GetData ===>> H2,-0.127501653879918,H1,3.5311482580058,AX,0.0116366830271168,L1,-0.0172633587878253,L2,-0.01891...
check iteration duration=6.19888305664e-05
GetData ===>> H2,-0.0813000388539522,H1,3.62630742915553,AX,0.0344608213700792,L1,-0.00381338337830709,L2,0.037...
check iteration duration=6.29425048828e-05
GetData ===>> H2,-0.0704756340431098,H1,3.68425491801927,AX,0.110259951343749,L1,0.00505154324302532,L2,0.10779...
check iteration duration=4.2200088501e-05
GetData ===>> H2,-0.18055829061361,H1,3.66340460586601,AX,0.0631635863651885,L1,0.0124572903387996,L2,0.1146767...
check iteration duration=4.6968460083e-05
GetData ===>> H2,-0.146793733622987,H1,3.5785892728992,AX,-0.106390183089456,L1,-0.0221768052054492,L2,0.101088...
testing H1>-5.0
evaluate ot="H1.bs>-5.0" t="H1>-5.0", ctx="{'H1': None}"
check iteration duration=0.00367903709412
14:46:37 -- collecting point 50
GetData ===>> H2,-0.148062086832371,H1,3.65918888976957,AX,0.00646225397098107,L1,-0.0647958890573849,L2,0.0739...
check iteration duration=6.41345977783e-05
GetData ===>> H2,-0.128065357066904,H1,3.65350341625057,AX,0.0552081736936135,L1,-0.058311650374554,L2,0.017724...
check iteration duration=3.60012054443e-05
GetData ===>> H2,-0.206388258057549,H1,3.69999229420011,AX,0.0239125499320535,L1,-0.0246062638862009,L2,-0.0311...
check iteration duration=5.3882598877e-05
GetData ===>> H2,-0.231954091101943,H1,3.66495972671801,AX,-0.0325691368333743,L1,-0.00154088451552302,L2,0.030...
check iteration duration=8.60691070557e-05
GetData ===>> H2,-0.0717651812945628,H1,3.6646438408747,AX,0.0612848442824713,L1,0.0138475284370069,L2,0.060734...
testing H1>-5.0
evaluate ot="H1.bs>-5.0" t="H1>-5.0", ctx="{'H1': None}"
check iteration duration=0.000566005706787
GetData ===>> H2,-0.00225346780710416,H1,3.71072664516474,AX,0.018018084157786,L1,0.0403148857778388,L2,0.01871...
check iteration duration=8.41617584229e-05
GetData ===>> H2,-0.20030771835375,H1,3.68921296248559,AX,-0.0216674410826574,L1,0.00711542261227862,L2,0.10368...
check iteration duration=9.29832458496e-05
GetData ===>> H2,-0.246850164363963,H1,3.70191079434325,AX,-0.0825273497648991,L1,-0.0412469557405745,L2,0.0257...
check iteration duration=3.91006469727e-05
GetData ===>> H2,-0.257393889404201,H1,3.79120955169776,AX,-0.0915330987989112,L1,-0.060521786650311,L2,0.09709...
check iteration duration=8.39233398438e-05
GetData ===>> H2,-0.226556099280923,H1,3.8157132616351,AX,-0.0269792709139859,L1,-0.0232196146535339,L2,0.00869...
testing H1>-5.0
evaluate ot="H1.bs>-5.0" t="H1>-5.0", ctx="{'H1': None}"
check iteration duration=0.00105881690979
GetData ===>> H2,-0.201530558943809,H1,3.73666861113293,AX,0.0522279605050063,L1,-0.0116635947502866,L2,0.00439...
check iteration duration=6.38961791992e-05
GetData ===>> H2,-0.228776184193765,H1,3.70101225180679,AX,0.0376057967269203,L1,-0.000368439308466816,L2,0.010...
check iteration duration=9.29832458496e-05
GetData ===>> H2,-0.377192824049826,H1,3.83028944056256,AX,0.0019609564442414,L1,0.00707342858339354,L2,0.07812...
check iteration duration=5.00679016113e-05
GetData ===>> H2,-0.25979278763731,H1,3.76077043321772,AX,-0.00648421542688482,L1,0.022922401502024,L2,-0.00298...
check iteration duration=5.48362731934e-05
GetData ===>> H2,-0.248671580148702,H1,3.80656014553107,AX,0.0842381340089361,L1,0.00466370453269891,L2,0.00376...
testing H1>-5.0
evaluate ot="H1.bs>-5.0" t="H1>-5.0", ctx="{'H1': None}"
check iteration duration=0.00217604637146
GetData ===>> H2,-0.288487193430354,H1,3.85134894985668,AX,0.0764897789388546,L1,-0.00618012434827758,L2,0.0645...
check iteration duration=7.5101852417e-05
GetData ===>> H2,-0.18747978241045,H1,3.81894682964747,AX,0.0611688737368333,L1,-0.0282799001311123,L2,0.053047...
check iteration duration=7.70092010498e-05
GetData ===>> H2,-0.242254962956352,H1,3.88351808037515,AX,0.000858866347943365,L1,-0.0193354999574203,L2,0.039...
check iteration duration=8.01086425781e-05
GetData ===>> H2,-0.172302446233355,H1,3.77107375639303,AX,0.0726390294147821,L1,-0.00866022685780893,L2,0.0213...
check iteration duration=4.72068786621e-05
GetData ===>> H2,-0.161549314873836,H1,3.8957427707605,AX,0.125611791558816,L1,-0.00430645031182534,L2,0.167863...
testing H1>-5.0
evaluate ot="H1.bs>-5.0" t="H1>-5.0", ctx="{'H1': None}"
check iteration duration=0.000980138778687
GetData ===>> H2,-0.168077724715828,H1,3.88179078433628,AX,0.101256520806186,L1,-0.00820574702899198,L2,0.14144...
check iteration duration=5.98430633545e-05
GetData ===>> H2,-0.15780147496985,H1,3.9388143937878,AX,0.0509527634770799,L1,-0.00581309403076025,L2,0.084937...
check iteration duration=5.29289245605e-05
GetData ===>> H2,-0.228397898554734,H1,3.83613751725804,AX,0.130010081334416,L1,-0.00834365204796172,L2,-0.0043...
check iteration duration=4.10079956055e-05
GetData ===>> H2,-0.179639333614393,H1,3.86636805669995,AX,-0.0709704892905595,L1,-0.0308899304222736,L2,0.0283...
check iteration duration=4.29153442383e-05
GetData ===>> H2,-0.155304928534276,H1,3.86032366446571,AX,0.00611420807755205,L1,0.0262277144453774,L2,0.03912...
testing H1>-5.0
evaluate ot="H1.bs>-5.0" t="H1>-5.0", ctx="{'H1': None}"
check iteration duration=0.000715970993042
14:47:03 -- collecting point 75
GetData ===>> H2,-0.159668121693107,H1,3.84817515438145,AX,-0.0448958599596011,L1,-0.0126597236483262,L2,0.0488...
check iteration duration=8.89301300049e-05
GetData ===>> H2,-0.123030239083065,H1,3.97888744311163,AX,0.0262449075755425,L1,0.00748257786359406,L2,-0.0094...
check iteration duration=8.08238983154e-05
GetData ===>> H2,-0.132530869934557,H1,4.00207497002245,AX,0.0751327203148557,L1,-0.00691534417776885,L2,0.1058...
check iteration duration=7.00950622559e-05
GetData ===>> H2,-0.157425947385272,H1,3.85514304182093,AX,0.0458110631054955,L1,-0.0147565528882405,L2,-0.0813...
check iteration duration=4.41074371338e-05
GetData ===>> H2,-0.214688960834928,H1,4.00775708238406,AX,0.116931844621301,L1,0.0148056798015738,L2,0.0617951...
testing H1>-5.0
evaluate ot="H1.bs>-5.0" t="H1>-5.0", ctx="{'H1': None}"
check iteration duration=0.00091290473938
GetData ===>> H2,-0.274745280169832,H1,4.010799028378,AX,0.037930744620874,L1,-0.00594983237968506,L2,0.0243256...
check iteration duration=6.19888305664e-05
GetData ===>> H2,-0.276566619768492,H1,4.03556384050823,AX,0.0293315961350026,L1,-0.0149916674444906,L2,0.08067...
check iteration duration=4.81605529785e-05
GetData ===>> H2,-0.281883438078863,H1,3.95722536796492,AX,-0.071329850664453,L1,-0.0143760465848702,L2,0.02272...
check iteration duration=3.88622283936e-05
GetData ===>> H2,-0.243110902074728,H1,4.05852076947151,AX,0.093205188692691,L1,-0.0171050526798218,L2,0.088299...
check iteration duration=8.01086425781e-05
GetData ===>> H2,-0.233968590678213,H1,4.05939727624338,AX,-0.0367555273892624,L1,-0.0413283920434472,L2,0.0507...
testing H1>-5.0
evaluate ot="H1.bs>-5.0" t="H1>-5.0", ctx="{'H1': None}"
check iteration duration=0.00130105018616
GetData ===>> H2,-0.258345446200586,H1,4.11149426663375,AX,0.0572027642137758,L1,-0.0262731059915785,L2,0.06255...
check iteration duration=6.19888305664e-05
GetData ===>> H2,-0.177860582349837,H1,4.06485126518514,AX,0.0604498594368538,L1,-0.0378883310941772,L2,0.09696...
check iteration duration=5.69820404053e-05
GetData ===>> H2,-0.278912705516237,H1,4.06405993176178,AX,-0.0398401209918936,L1,-0.0630065618885371,L2,0.0067...
check iteration duration=4.60147857666e-05
GetData ===>> H2,-0.117294731367354,H1,4.03885004087818,AX,-0.0844398372260316,L1,-0.0285925645321745,L2,0.1013...
check iteration duration=8.58306884766e-05
GetData ===>> H2,-0.0451269805129683,H1,4.02109364590666,AX,-0.037265767665968,L1,0.00600084044247357,L2,0.1005...
testing H1>-5.0
evaluate ot="H1.bs>-5.0" t="H1>-5.0", ctx="{'H1': None}"
check iteration duration=0.000545978546143
GetData ===>> H2,-0.124002553217039,H1,3.99437359658077,AX,0.0806886613005103,L1,-0.0063996164775051,L2,-0.0022...
check iteration duration=3.981590271e-05
GetData ===>> H2,-0.237430214679859,H1,4.08068800144543,AX,0.0685680712634725,L1,0.00319533599305666,L2,0.00468...
check iteration duration=6.69956207275e-05
GetData ===>> H2,-0.147782494001899,H1,4.06404775744933,AX,0.0461824635147711,L1,-0.00832086787076402,L2,0.0560...
check iteration duration=4.50611114502e-05
GetData ===>> H2,-0.17535528123329,H1,4.10993669691513,AX,-0.00393218030204412,L1,-0.00699569937063073,L2,0.037...
check iteration duration=9.29832458496e-05
GetData ===>> H2,-0.25652559101392,H1,4.08767091390565,AX,0.0755038797690457,L1,-0.0536296664762693,L2,-0.03727...
testing H1>-5.0
evaluate ot="H1.bs>-5.0" t="H1>-5.0", ctx="{'H1': None}"
check iteration duration=0.000620126724243
GetData ===>> H2,-0.29963064705327,H1,4.16350395715994,AX,-0.0349000856505303,L1,-0.0236930384329017,L2,0.05727...
check iteration duration=4.10079956055e-05
GetData ===>> H2,-0.259455494386036,H1,4.22699091800436,AX,0.0607977689190196,L1,0.0129518953844955,L2,-0.03093...
check iteration duration=5.69820404053e-05
GetData ===>> H2,-0.279107407349614,H1,4.15393501063528,AX,0.0444299302636875,L1,-0.0508865833413231,L2,0.03372...
check iteration duration=4.19616699219e-05
GetData ===>> H2,-0.107922523142497,H1,4.10807494551924,AX,0.0397876105350081,L1,-0.0242131796292421,L2,-0.0126...
check iteration duration=4.00543212891e-05
GetData ===>> H2,-0.131271600190633,H1,4.12976097754256,AX,0.0249104672585196,L1,0.00537701620154706,L2,0.12802...
testing H1>-5.0
evaluate ot="H1.bs>-5.0" t="H1>-5.0", ctx="{'H1': None}"
check iteration duration=0.000715017318726
14:47:29 -- collecting point 100
GetData ===>> H2,-0.0824230942280167,H1,4.20975432097459,AX,0.0656338394534991,L1,0.0150962650105502,L2,0.02687...
check iteration duration=3.91006469727e-05
GetData ===>> H2,-0.126645907040821,H1,4.2311817384505,AX,0.0303063602231875,L1,-0.00743824110325571,L2,0.11280...
check iteration duration=5.00679016113e-05
GetData ===>> H2,-0.211211543691604,H1,4.2220815416705,AX,0.0247944298345303,L1,-0.0482396892886549,L2,0.019811...
check iteration duration=7.91549682617e-05
GetData ===>> H2,-0.252622799827685,H1,4.25665928880743,AX,-0.00567221150859941,L1,-0.0141866901244037,L2,0.035...
check iteration duration=4.79221343994e-05
GetData ===>> H2,-0.240396167328457,H1,4.20656312864078,AX,0.0456601820938783,L1,0.00250024680250924,L2,0.06704...
testing H1>-5.0
evaluate ot="H1.bs>-5.0" t="H1>-5.0", ctx="{'H1': None}"
check iteration duration=0.000566005706787
GetData ===>> H2,-0.15197026188067,H1,4.29157258402644,AX,0.107138822535235,L1,0.00130826250964282,L2,0.0037384...
check iteration duration=6.38961791992e-05
GetData ===>> H2,-0.234619828325751,H1,4.26362986361066,AX,-0.0548906076799723,L1,-0.0200632862317826,L2,0.1255...
check iteration duration=4.10079956055e-05
GetData ===>> H2,-0.232991663804705,H1,4.22914721985539,AX,0.0714791949406284,L1,-0.0631596718781353,L2,0.01420...
check iteration duration=6.60419464111e-05
GetData ===>> H2,-0.274553189595917,H1,4.31453202142087,AX,-0.0326155244189533,L1,-0.0678104709271285,L2,0.0048...
check iteration duration=7.91549682617e-05
GetData ===>> H2,-0.146334444013006,H1,4.31599380471883,AX,0.00413037024691573,L1,-0.0311342491987483,L2,0.0703...
testing H1>-5.0
evaluate ot="H1.bs>-5.0" t="H1>-5.0", ctx="{'H1': None}"
check iteration duration=0.00127482414246
GetData ===>> H2,-0.178678464748802,H1,4.31233938565414,AX,0.00566175027649318,L1,0.0112676965555306,L2,-0.0164...
check iteration duration=6.38961791992e-05
GetData ===>> H2,-0.190412484375709,H1,4.2939839961541,AX,0.162637897867357,L1,-0.00814698692516377,L2,0.015479...
check iteration duration=9.51290130615e-05
GetData ===>> H2,-0.12565353844464,H1,4.34725660583208,AX,0.112371701170685,L1,-0.0195561194796015,L2,0.1299317...
check iteration duration=4.29153442383e-05
GetData ===>> H2,-0.164199741238251,H1,4.42326042517254,AX,0.158180091648146,L1,-0.00540286784029312,L2,0.13197...
check iteration duration=7.89165496826e-05
GetData ===>> H2,-0.122744884913609,H1,4.27240509832789,AX,-0.0497194394540428,L1,0.0250388607646138,L2,0.05994...
testing H1>-5.0
evaluate ot="H1.bs>-5.0" t="H1>-5.0", ctx="{'H1': None}"
check iteration duration=0.000904083251953
GetData ===>> H2,-0.187510798866531,H1,4.28667686162025,AX,0.00998918922216721,L1,0.00555216295306776,L2,0.0995...
check iteration duration=4.00543212891e-05
GetData ===>> H2,-0.243198376474977,H1,4.31902707172902,AX,0.0834609508174576,L1,-0.0271944838889838,L2,0.03856...
check iteration duration=6.38961791992e-05
GetData ===>> H2,-0.241607582260066,H1,4.42469937404006,AX,0.0420855311344132,L1,-0.0158517080750548,L2,0.05705...
check iteration duration=4.10079956055e-05
GetData ===>> H2,-0.0881626372143468,H1,4.44180978312534,AX,-0.00865339267568371,L1,0.00880732765462085,L2,0.02...
check iteration duration=4.38690185547e-05
GetData ===>> H2,-0.134998957833738,H1,4.41606598439066,AX,0.0834725505210136,L1,-0.0132182798618792,L2,0.05254...
testing H1>-5.0
evaluate ot="H1.bs>-5.0" t="H1>-5.0", ctx="{'H1': None}"
check iteration duration=0.000584840774536
GetData ===>> H2,-0.312379859189774,H1,4.39257173327434,AX,0.128779932789919,L1,-0.0185033371338843,L2,0.029923...
check iteration duration=1.81198120117e-05
waiting for write to finish
measurement finished
estimated time: 125.829 actual time: :126.175
flush and close file /Users/jan/PychronDev/data/isotopes/9f/e7ac62-2705-4772-a661-f10436e4354c.h5
baselines () {'settling_time': 15.0, 'detector': 'H1', 'mass': 34.2, 'ncounts': 60}
%%%%%%%%%%%%%%%%%%%%%%%%%%%%%%%% Baseline
build tables- baseline [Detector(H2), Detector(H1), Detector(AX), Detector(L1), Detector(L2), Detector(CDD)]
add group baseline table H2
add group baseline table H1
add group baseline table AX
add group baseline table L1
add group baseline table L2
add group baseline table CDD
flush and close file /Users/jan/PychronDev/data/isotopes/9f/e7ac62-2705-4772-a661-f10436e4354c.h5
detector Detector(H1)
POSITION 34.2 H1
Mapping mass to dac mass func: "parabolic"
H1 map mass coeffs = [-0.00063987  0.15840543  0.57249999]
H1 map mass to dac 34.2 >> 5.24154599104
GetDeflection H1 ===>> 0
GetHighVoltage ===>> 4499.94659342336
positioning 34.2 (5.24151512407) on H1
setting magnet DAC
current  : 5.880855
requested: 5.241515
Delta Dac: 0.639340
Checking detector protection. dv=0.63934
Checking detector "CDD". Protection Threshold: 0.1 (V)
ProtectDetector CDD,On ===>> OK
GetDeflection CDD ===>> 2000
Protected = 2000
SetMagnetDAC 5.24151512407 ===>> OK
Magnet settling time: 0.500
GetMagnetMoving ===>> True
GetMagnetMoving ===>> True
GetMagnetMoving ===>> True
GetMagnetMoving ===>> True
GetMagnetMoving ===>> True
GetMagnetMoving ===>> True
GetMagnetMoving ===>> True
GetMagnetMoving ===>> True
GetMagnetMoving ===>> False
ProtectDetector CDD,Off ===>> OK
GetDeflection CDD ===>> 50
Delaying 15.0s for detectors to settle
Join finished
measuring baseline. ncounts=60
"baseline" increment series count="2" fit count="1" regressing="True"
starting measurement
check iteration duration=7.5101852417e-05
GetData ===>> H2,-0.227437992387042,H1,-0.0198855589350398,AX,-0.0823418944360094,L1,-0.0492329546134079,L2,-0....
check iteration duration=6.69956207275e-05
GetData ===>> H2,-0.265186484649957,H1,-0.0225212174722376,AX,-0.0064262153716116,L1,-0.0361450931144939,L2,0.0...
check iteration duration=3.38554382324e-05
GetData ===>> H2,-0.209076348379491,H1,-0.0594846798689595,AX,-0.0609310190009288,L1,-0.0442644484619046,L2,0.0...
check iteration duration=6.69956207275e-05
GetData ===>> H2,-0.0923089270295842,H1,-0.0570049780208802,AX,-0.0165872976863181,L1,-0.0334454027142386,L2,-0...
testing H1>-5.0
evaluate ot="H1.bs>-5.0" t="H1>-5.0", ctx="{'H1': None}"
check iteration duration=0.00084400177002
GetData ===>> H2,-0.212237910499817,H1,-0.0887000007623094,AX,-0.207689063087768,L1,-0.0339099642622602,L2,-0.0...
check iteration duration=7.41481781006e-05
GetData ===>> H2,-0.128362743149682,H1,-0.0899513845739495,AX,-0.0802670888448492,L1,-0.0331819819900922,L2,0.0...
check iteration duration=5.10215759277e-05
GetData ===>> H2,-0.134326879692914,H1,-0.0476817030102826,AX,-0.057429713012192,L1,-0.0508734223928537,L2,0.01...
check iteration duration=6.41345977783e-05
GetData ===>> H2,-0.25163714169315,H1,-0.0385721913464419,AX,-0.0771374101187156,L1,-0.00845517385550949,L2,-0....
check iteration duration=6.69956207275e-05
GetData ===>> H2,-0.267619619294795,H1,-0.0976023623517229,AX,-0.0505194812057254,L1,-0.0104791399082909,L2,0.0...
testing H1>-5.0
evaluate ot="H1.bs>-5.0" t="H1>-5.0", ctx="{'H1': None}"
check iteration duration=0.000771045684814
GetData ===>> H2,-0.188874090422203,H1,-0.0313459941992498,AX,0.0190507502096854,L1,-0.000492050511734698,L2,0....
check iteration duration=4.29153442383e-05
GetData ===>> H2,-0.124040416338558,H1,0.0298352466009401,AX,-0.032998221156405,L1,0.0109448138999673,L2,0.0272...
check iteration duration=5.50746917725e-05
GetData ===>> H2,-0.244906010169558,H1,0.0733631365410272,AX,-0.0341463023397715,L1,0.0243645630209679,L2,0.038...
check iteration duration=6.07967376709e-05
GetData ===>> H2,-0.1490372310584,H1,-0.046215175326325,AX,-0.104501303723729,L1,-0.0199481868003498,L2,-0.0807...
check iteration duration=3.79085540771e-05
GetData ===>> H2,-0.115440893562545,H1,-0.0621789016495676,AX,-0.112786606475599,L1,-0.0520889426983594,L2,-0.1...
testing H1>-5.0
evaluate ot="H1.bs>-5.0" t="H1>-5.0", ctx="{'H1': None}"
check iteration duration=0.000581979751587
GetData ===>> H2,-0.232921687838483,H1,-0.0773295678505591,AX,-0.0326503150936242,L1,-0.113961250507367,L2,0.02...
check iteration duration=7.79628753662e-05
GetData ===>> H2,-0.231488430866736,H1,-0.0447009331346891,AX,-0.0160305535212831,L1,-0.0659953730045474,L2,0.0...
check iteration duration=7.79628753662e-05
GetData ===>> H2,-0.191830695649362,H1,0.0441309696738613,AX,-0.0676202500412267,L1,-0.0260873824089675,L2,0.01...
check iteration duration=9.70363616943e-05
GetData ===>> H2,-0.162667349222035,H1,-0.00565657458777553,AX,-0.0402227893213275,L1,-0.023696633971283,L2,-0....
check iteration duration=5.07831573486e-05
GetData ===>> H2,-0.11845829975251,H1,-0.0582448366256426,AX,-0.0511919749814741,L1,-0.0230566078916337,L2,0.01...
testing H1>-5.0
evaluate ot="H1.bs>-5.0" t="H1>-5.0", ctx="{'H1': None}"
check iteration duration=0.00122308731079
GetData ===>> H2,-0.203394900487767,H1,0.0112109101762627,AX,-0.228786802894689,L1,-0.00342947026274143,L2,0.02...
check iteration duration=4.00543212891e-05
GetData ===>> H2,-0.188236289986127,H1,-0.0079586346044767,AX,-0.188267217863068,L1,-0.0493574050318386,L2,0.13...
check iteration duration=3.91006469727e-05
GetData ===>> H2,-0.10901425236465,H1,-0.0266236428944964,AX,-0.00577661239187035,L1,-0.0393449908809549,L2,-0....
check iteration duration=5.10215759277e-05
GetData ===>> H2,-0.215856389738653,H1,-0.048540148268139,AX,-0.0114140938064598,L1,-0.0482313119345511,L2,-0.0...
check iteration duration=6.29425048828e-05
GetData ===>> H2,-0.242734081526538,H1,-0.104537789903936,AX,-0.174324205719931,L1,-0.012883869028914,L2,0.0361...
testing H1>-5.0
evaluate ot="H1.bs>-5.0" t="H1>-5.0", ctx="{'H1': None}"
check iteration duration=0.000978231430054
14:48:35 -- collecting point 25
GetData ===>> H2,-0.176149046524792,H1,-0.0269575538424992,AX,-0.0199276958011929,L1,-0.0215990182572422,L2,-0....
check iteration duration=3.69548797607e-05
GetData ===>> H2,-0.149725994307774,H1,0.0207910937978674,AX,-0.083060531866608,L1,-0.0326467377138922,L2,-0.06...
check iteration duration=4.10079956055e-05
GetData ===>> H2,-0.238818441061236,H1,-0.00500053742820121,AX,-0.124894625948742,L1,-0.0726120816658394,L2,0.0...
check iteration duration=3.69548797607e-05
GetData ===>> H2,-0.253404003858147,H1,0.0356463669238806,AX,-0.138663653967677,L1,-0.0349887582055915,L2,-0.03...
check iteration duration=7.20024108887e-05
GetData ===>> H2,-0.201499551389192,H1,0.00126185187003816,AX,-0.0300641743783947,L1,0.0149653805529239,L2,0.10...
testing H1>-5.0
evaluate ot="H1.bs>-5.0" t="H1>-5.0", ctx="{'H1': None}"
check iteration duration=0.00115704536438
GetData ===>> H2,-0.166364988608924,H1,-0.0129442618465923,AX,-0.131869087997788,L1,-0.0234988774516305,L2,-0.0...
check iteration duration=3.60012054443e-05
GetData ===>> H2,-0.0985052170624458,H1,-0.0199809685996087,AX,-0.0058230127484577,L1,-0.0479225417238629,L2,-0...
check iteration duration=5.19752502441e-05
GetData ===>> H2,-0.0740211984195096,H1,-0.0224377361395021,AX,0.0422944356964901,L1,-0.0651403218499242,L2,0.0...
check iteration duration=5.10215759277e-05
GetData ===>> H2,-0.139276606515075,H1,-0.039919592836246,AX,-0.120074771952726,L1,-0.0503529528787697,L2,-0.02...
check iteration duration=5.00679016113e-05
GetData ===>> H2,-0.199117108183293,H1,0.00373113020251132,AX,-0.0244161752456241,L1,-0.0407535334405471,L2,-0....
testing H1>-5.0
evaluate ot="H1.bs>-5.0" t="H1>-5.0", ctx="{'H1': None}"
check iteration duration=0.000623941421509
GetData ===>> H2,-0.300269229440694,H1,-0.0283766629436187,AX,-0.0610121736061404,L1,-0.0292861416620397,L2,0.0...
check iteration duration=0.000108957290649
GetData ===>> H2,-0.218032523377969,H1,-0.0535714432505106,AX,-0.12889167948987,L1,-0.0327365457899749,L2,-0.04...
check iteration duration=4.19616699219e-05
GetData ===>> H2,-0.131167443804084,H1,-0.0946945830243127,AX,-0.0283013843719212,L1,-0.0502237286825309,L2,-0....
check iteration duration=4.50611114502e-05
GetData ===>> H2,-0.203882840813113,H1,-0.189310677530829,AX,-0.0849730088476285,L1,-0.0345789163955796,L2,-0.0...
check iteration duration=4.00543212891e-05
GetData ===>> H2,-0.190965230436357,H1,-0.0466920972564065,AX,-0.100885677746415,L1,-0.0577443793963911,L2,0.04...
testing H1>-5.0
evaluate ot="H1.bs>-5.0" t="H1>-5.0", ctx="{'H1': None}"
check iteration duration=0.000922918319702
GetData ===>> H2,-0.139637510029722,H1,-0.0039866533607434,AX,-0.02663134333471,L1,-0.0393917059164522,L2,-0.00...
check iteration duration=5.50746917725e-05
GetData ===>> H2,-0.137805839746957,H1,-0.0406827148370813,AX,-0.102461736359355,L1,-0.0598409681482462,L2,0.00...
check iteration duration=8.10623168945e-05
GetData ===>> H2,-0.1995081491246,H1,-0.043329749178622,AX,-0.213459245739028,L1,-0.0407738935777483,L2,-0.0073...
check iteration duration=3.79085540771e-05
GetData ===>> H2,-0.269219018574547,H1,-0.0208992819706875,AX,-0.0170048537202091,L1,-0.0276066204085632,L2,0.0...
check iteration duration=6.48498535156e-05
GetData ===>> H2,-0.22746895837502,H1,-0.0328485137976341,AX,-0.111164364987261,L1,0.00561814368342729,L2,-0.05...
testing H1>-5.0
evaluate ot="H1.bs>-5.0" t="H1>-5.0", ctx="{'H1': None}"
check iteration duration=0.00101494789124
GetData ===>> H2,-0.115665535280539,H1,-0.0421254764695565,AX,-0.126759938039683,L1,-0.00722956531182764,L2,-0....
check iteration duration=3.50475311279e-05
GetData ===>> H2,-0.20671571376001,H1,-0.00911560850791455,AX,-0.0662175204571599,L1,-0.00296995500646237,L2,-0...
check iteration duration=5.10215759277e-05
GetData ===>> H2,-0.167775416593031,H1,0.00531770349485612,AX,-0.0626700314418364,L1,-0.0105462787271045,L2,-0....
check iteration duration=0.000107049942017
GetData ===>> H2,-0.137408375557595,H1,-0.0898202879561659,AX,-0.169374709036081,L1,-0.018089628271209,L2,-0.07...
check iteration duration=3.2901763916e-05
GetData ===>> H2,-0.178986167585886,H1,-0.114951944752239,AX,-0.144484311747589,L1,-0.0214048168520008,L2,-0.02...
testing H1>-5.0
evaluate ot="H1.bs>-5.0" t="H1>-5.0", ctx="{'H1': None}"
check iteration duration=0.000609159469604
14:49:01 -- collecting point 50
GetData ===>> H2,-0.266400429031103,H1,-0.0366285625505779,AX,-0.082759168429054,L1,-0.0581895821106887,L2,0.04...
check iteration duration=3.88622283936e-05
GetData ===>> H2,-0.194440171385526,H1,-0.0382263951186122,AX,-0.0437826922765577,L1,-0.0400696484007156,L2,-0....
check iteration duration=7.08103179932e-05
GetData ===>> H2,-0.212166525796762,H1,-0.0651829926147094,AX,-0.116262747147001,L1,-0.020081270398993,L2,-0.08...
check iteration duration=3.50475311279e-05
GetData ===>> H2,-0.179351891223126,H1,-0.00325903611229068,AX,-0.122832313805485,L1,-0.0396528269876815,L2,-0....
check iteration duration=3.69548797607e-05
GetData ===>> H2,-0.242361285967204,H1,-0.0638597731837941,AX,-0.124616563940176,L1,-0.0347191273161677,L2,0.03...
testing H1>-5.0
evaluate ot="H1.bs>-5.0" t="H1>-5.0", ctx="{'H1': None}"
check iteration duration=0.000581979751587
GetData ===>> H2,-0.272941111763145,H1,-0.0519261660903545,AX,-0.172770995005208,L1,-0.0417427488926386,L2,0.02...
check iteration duration=5.69820404053e-05
GetData ===>> H2,-0.215779642059631,H1,0.0161619491329425,AX,-0.0744829000039062,L1,-0.0367250078966886,L2,-0.0...
check iteration duration=8.58306884766e-05
GetData ===>> H2,-0.140513362945158,H1,-0.00675393622520097,AX,-0.111766914983591,L1,-0.0523473414417075,L2,0.0...
check iteration duration=6.48498535156e-05
GetData ===>> H2,-0.161890948183512,H1,0.0019656496327737,AX,-0.0863291061104808,L1,-0.0803413904127518,L2,-0.0...
check iteration duration=4.88758087158e-05
GetData ===>> H2,-0.160015213848254,H1,0.0166272400799584,AX,-0.160019820115573,L1,-0.039035947484345,L2,-0.063...
testing H1>-5.0
evaluate ot="H1.bs>-5.0" t="H1>-5.0", ctx="{'H1': None}"
check iteration duration=0.00300192832947
GetData ===>> H2,-0.102475838058314,H1,-0.0471332480181495,AX,-0.0318385294439797,L1,-0.0418936376057386,L2,-0....
check iteration duration=1.59740447998e-05
waiting for write to finish
measurement finished
estimated time: 62.915 actual time: :63.123
flush and close file /Users/jan/PychronDev/data/isotopes/9f/e7ac62-2705-4772-a661-f10436e4354c.h5
activate_detectors ('H1', 'AX', 'CDD') {'peak_center': True}
peak_center () {'detector': 'H1', 'integration_time': 0.262144, 'isotope': 'Ar40'}
peak center: mean=4.36177569337 threshold=3
peak center started
setup peak center. detector=['H1', 'AX', 'CDD'], isotope=Ar40
VersionedUnpickler [<apptools.sweet_pickle.versioned_unpickler.VersionedUnpickler object at 0x1a53d73b0>] using Updater [<apptools.sweet_pickle.updater.Updater object at 0x12e273d10>]
VersionedUnpickler [<apptools.sweet_pickle.versioned_unpickler.VersionedUnpickler object at 0x1a53d73b0>] using Updater [<apptools.sweet_pickle.updater.Updater object at 0x12e273d10>]
VersionedUnpickler [<apptools.sweet_pickle.versioned_unpickler.VersionedUnpickler object at 0x1b28475f0>] using Updater [<apptools.sweet_pickle.updater.Updater object at 0x12e273d10>]
setting integration time = 0.524288
SetIntegrationTime 0.524288 ===>> OK
Mapping mass to dac mass func: "parabolic"
H1 map mass coeffs = [-0.00063987  0.15840543  0.57249999]
H1 map mass to dac 39.9624 >> 5.88089
GetDeflection H1 ===>> 0
GetHighVoltage ===>> 4499.94659342336
do peak center. <pychron.spectrometer.jobs.peak_center.PeakCenter object at 0x16275af50>
doing pc
starting peak center. center dac= 5.88085536799 step_width=0.001
width = 0.001
get scan parameters. half-width=0.015,window=0.015, i=0, scalar=1
Scan parameters center=5.88086 width=0.03000 (5.86586 - 5.89586)
GetData ===>> H2,-0.175869615088869,H1,-0.0294499253709056,AX,-0.0213310927531199,L1,-0.0203534268714587,L2,-0....
Moving to starting dac 5.86585536799
setting magnet DAC
current  : 5.241515
requested: 5.865855
Delta Dac: 0.624340
Checking detector protection. dv=0.62434
Checking detector "CDD". Protection Threshold: 0.1 (V)
ProtectDetector CDD,On ===>> OK
GetDeflection CDD ===>> 2000
Protected = 2000
SetMagnetDAC 5.86585536799 ===>> OK
Magnet settling time: 0.500
GetMagnetMoving ===>> True
GetMagnetMoving ===>> True
GetMagnetMoving ===>> True
GetMagnetMoving ===>> True
GetMagnetMoving ===>> True
GetMagnetMoving ===>> True
GetMagnetMoving ===>> True
GetMagnetMoving ===>> True
GetMagnetMoving ===>> False
ProtectDetector CDD,Off ===>> OK
GetDeflection CDD ===>> 50
Wait until signal near baseline. tol= -0.0220874440282. timeout= 10
GetData ===>> H2,-0.118492122631348,H1,-0.0362231382892151,AX,0.0785046801994745,L1,0.0463073562790927,L2,0.122...
Peak center baseline intensity achieved
_do_sweep sm= 5.86585536799, em= 5.89585536799, stm= 0.001
calculated step values: start=5.86585536799, end=5.89585536799, width=0.001, nsteps=31.0
setting magnet DAC
current  : 5.865855
requested: 5.865855
Delta Dac: 0.000000
Checking detector protection. dv=0.00000
Checking detector "CDD". Protection Threshold: 0.1 (V)
SetMagnetDAC 5.86585536799 ===>> OK
GetData ===>> H2,0.0658713598379383,H1,-0.0547517341155988,AX,-0.0886008164382816,L1,0.024133504613957,L2,-0.14...
setting magnet DAC
current  : 5.865855
requested: 5.866890
Delta Dac: 0.001034
Checking detector protection. dv=0.00103
Checking detector "CDD". Protection Threshold: 0.1 (V)
SetMagnetDAC 5.86688985075 ===>> OK
Magnet settling time: 1.049
GetData ===>> H2,-0.0808353405607291,H1,0.0182856023269508,AX,-0.135020175947999,L1,-0.0284790730119251,L2,0.04...
setting magnet DAC
current  : 5.866890
requested: 5.867924
Delta Dac: 0.001034
Checking detector protection. dv=0.00103
Checking detector "CDD". Protection Threshold: 0.1 (V)
SetMagnetDAC 5.86792433351 ===>> OK
Magnet settling time: 1.049
GetData ===>> H2,-0.288197117824817,H1,-0.0607841144738995,AX,-0.143592472160494,L1,-0.0243661360663475,L2,0.07...
setting magnet DAC
current  : 5.867924
requested: 5.868959
Delta Dac: 0.001034
Checking detector protection. dv=0.00103
Checking detector "CDD". Protection Threshold: 0.1 (V)
SetMagnetDAC 5.86895881627 ===>> OK
Magnet settling time: 1.049
GetData ===>> H2,-0.280148766750084,H1,-0.0265163141388801,AX,-0.0834082577501346,L1,0.00115582353547014,L2,-0....
setting magnet DAC
current  : 5.868959
requested: 5.869993
Delta Dac: 0.001034
Checking detector protection. dv=0.00103
Checking detector "CDD". Protection Threshold: 0.1 (V)
SetMagnetDAC 5.86999329902 ===>> OK
Magnet settling time: 1.049
GetData ===>> H2,-0.198208222885176,H1,0.396378563216549,AX,-0.13835651075559,L1,-0.0378272330197969,L2,0.00430...
setting magnet DAC
current  : 5.869993
requested: 5.871028
Delta Dac: 0.001034
Checking detector protection. dv=0.00103
Checking detector "CDD". Protection Threshold: 0.1 (V)
SetMagnetDAC 5.87102778178 ===>> OK
Magnet settling time: 1.049
GetData ===>> H2,-0.122652920904062,H1,1.01469558000533,AX,-0.00792260574015084,L1,-0.0345825115718187,L2,-0.04...
setting magnet DAC
current  : 5.871028
requested: 5.872062
Delta Dac: 0.001034
Checking detector protection. dv=0.00103
Checking detector "CDD". Protection Threshold: 0.1 (V)
SetMagnetDAC 5.87206226454 ===>> OK
Magnet settling time: 1.049
GetData ===>> H2,-0.229222730853382,H1,2.15012907680376,AX,-0.0438522656298077,L1,-0.0532720195207466,L2,0.0610...
setting magnet DAC
current  : 5.872062
requested: 5.873097
Delta Dac: 0.001034
Checking detector protection. dv=0.00103
Checking detector "CDD". Protection Threshold: 0.1 (V)
SetMagnetDAC 5.8730967473 ===>> OK
Magnet settling time: 1.049
GetData ===>> H2,-0.168003498022147,H1,3.48400086489418,AX,-0.0780763243065236,L1,-0.0267723365354598,L2,0.0345...
setting magnet DAC
current  : 5.873097
requested: 5.874131
Delta Dac: 0.001034
Checking detector protection. dv=0.00103
Checking detector "CDD". Protection Threshold: 0.1 (V)
SetMagnetDAC 5.87413123006 ===>> OK
Magnet settling time: 1.049
GetData ===>> H2,-0.266168554844141,H1,4.5603931628331,AX,0.0818189353792756,L1,0.0148205023535248,L2,-0.003461...
setting magnet DAC
current  : 5.874131
requested: 5.875166
Delta Dac: 0.001034
Checking detector protection. dv=0.00103
Checking detector "CDD". Protection Threshold: 0.1 (V)
SetMagnetDAC 5.87516571282 ===>> OK
Magnet settling time: 1.049
GetData ===>> H2,-0.128583074176279,H1,4.98313870373026,AX,0.223928054201649,L1,0.0193463148266578,L2,0.0344170...
setting magnet DAC
current  : 5.875166
requested: 5.876200
Delta Dac: 0.001034
Checking detector protection. dv=0.00103
Checking detector "CDD". Protection Threshold: 0.1 (V)
SetMagnetDAC 5.87620019558 ===>> OK
Magnet settling time: 1.049
GetData ===>> H2,-0.107253673913981,H1,5.2310598232207,AX,0.0133538189212958,L1,-0.0126141747788574,L2,0.050388...
setting magnet DAC
current  : 5.876200
requested: 5.877235
Delta Dac: 0.001034
Checking detector protection. dv=0.00103
Checking detector "CDD". Protection Threshold: 0.1 (V)
SetMagnetDAC 5.87723467834 ===>> OK
Magnet settling time: 1.049
GetData ===>> H2,-0.0717489103154405,H1,5.14988355609141,AX,0.0797098508502606,L1,-0.015950683176066,L2,0.11514...
setting magnet DAC
current  : 5.877235
requested: 5.878269
Delta Dac: 0.001034
Checking detector protection. dv=0.00103
Checking detector "CDD". Protection Threshold: 0.1 (V)
SetMagnetDAC 5.87826916109 ===>> OK
Magnet settling time: 1.049
GetData ===>> H2,-0.146554699259011,H1,5.17365013679474,AX,0.0914842256956189,L1,-0.0401942123645198,L2,-0.0418...
setting magnet DAC
current  : 5.878269
requested: 5.879304
Delta Dac: 0.001034
Checking detector protection. dv=0.00103
Checking detector "CDD". Protection Threshold: 0.1 (V)
SetMagnetDAC 5.87930364385 ===>> OK
Magnet settling time: 1.049
GetData ===>> H2,-0.128239734396832,H1,5.25477177879543,AX,0.226666971670492,L1,-0.0252041816619362,L2,0.193246...
setting magnet DAC
current  : 5.879304
requested: 5.880338
Delta Dac: 0.001034
Checking detector protection. dv=0.00103
Checking detector "CDD". Protection Threshold: 0.1 (V)
SetMagnetDAC 5.88033812661 ===>> OK
Magnet settling time: 1.049
GetData ===>> H2,-0.185140997322642,H1,5.30857832697096,AX,0.207310510542463,L1,-0.0146876380678294,L2,-0.05712...
setting magnet DAC
current  : 5.880338
requested: 5.881373
Delta Dac: 0.001034
Checking detector protection. dv=0.00103
Checking detector "CDD". Protection Threshold: 0.1 (V)
SetMagnetDAC 5.88137260937 ===>> OK
Magnet settling time: 1.049
GetData ===>> H2,-0.190282042005444,H1,5.2252856040323,AX,0.0851564811555797,L1,-0.0138894652032693,L2,0.058135...
setting magnet DAC
current  : 5.881373
requested: 5.882407
Delta Dac: 0.001034
Checking detector protection. dv=0.00103
Checking detector "CDD". Protection Threshold: 0.1 (V)
SetMagnetDAC 5.88240709213 ===>> OK
Magnet settling time: 1.049
GetData ===>> H2,-0.077054727639107,H1,5.21960956935248,AX,0.0532690520865122,L1,-0.0299653494458318,L2,0.00291...
setting magnet DAC
current  : 5.882407
requested: 5.883442
Delta Dac: 0.001034
Checking detector protection. dv=0.00103
Checking detector "CDD". Protection Threshold: 0.1 (V)
SetMagnetDAC 5.88344157489 ===>> OK
Magnet settling time: 1.049
GetData ===>> H2,-0.0861152544440009,H1,5.2736424777682,AX,0.0910901783167238,L1,-0.0438370254129821,L2,0.07436...
setting magnet DAC
current  : 5.883442
requested: 5.884476
Delta Dac: 0.001034
Checking detector protection. dv=0.00103
Checking detector "CDD". Protection Threshold: 0.1 (V)
SetMagnetDAC 5.88447605765 ===>> OK
Magnet settling time: 1.049
GetData ===>> H2,-0.402800579214247,H1,5.26485530082768,AX,0.167913192421948,L1,-0.00412170300005866,L2,0.07256...
setting magnet DAC
current  : 5.884476
requested: 5.885511
Delta Dac: 0.001034
Checking detector protection. dv=0.00103
Checking detector "CDD". Protection Threshold: 0.1 (V)
SetMagnetDAC 5.8855105404 ===>> OK
Magnet settling time: 1.049
GetData ===>> H2,-0.303756645615218,H1,5.28808543195745,AX,0.228361425256637,L1,-0.00854271161308703,L2,0.04259...
setting magnet DAC
current  : 5.885511
requested: 5.886545
Delta Dac: 0.001034
Checking detector protection. dv=0.00103
Checking detector "CDD". Protection Threshold: 0.1 (V)
SetMagnetDAC 5.88654502316 ===>> OK
Magnet settling time: 1.049
GetData ===>> H2,-0.245752330201607,H1,5.26801272357813,AX,-0.00915218060825716,L1,-0.00686377259666514,L2,0.05...
setting magnet DAC
current  : 5.886545
requested: 5.887580
Delta Dac: 0.001034
Checking detector protection. dv=0.00103
Checking detector "CDD". Protection Threshold: 0.1 (V)
SetMagnetDAC 5.88757950592 ===>> OK
Magnet settling time: 1.049
GetData ===>> H2,-0.184364787720381,H1,4.98697806396746,AX,-0.0399096971637369,L1,0.000471677029119351,L2,0.094...
setting magnet DAC
current  : 5.887580
requested: 5.888614
Delta Dac: 0.001034
Checking detector protection. dv=0.00103
Checking detector "CDD". Protection Threshold: 0.1 (V)
SetMagnetDAC 5.88861398868 ===>> OK
Magnet settling time: 1.049
GetData ===>> H2,-0.225518394499117,H1,4.06388960508546,AX,-0.00857219439824602,L1,-0.00689975279739147,L2,-0.0...
setting magnet DAC
current  : 5.888614
requested: 5.889648
Delta Dac: 0.001034
Checking detector protection. dv=0.00103
Checking detector "CDD". Protection Threshold: 0.1 (V)
SetMagnetDAC 5.88964847144 ===>> OK
Magnet settling time: 1.049
GetData ===>> H2,-0.202964902477486,H1,2.70495921698519,AX,-0.139375923566704,L1,0.0126159248881371,L2,0.016785...
setting magnet DAC
current  : 5.889648
requested: 5.890683
Delta Dac: 0.001034
Checking detector protection. dv=0.00103
Checking detector "CDD". Protection Threshold: 0.1 (V)
SetMagnetDAC 5.8906829542 ===>> OK
Magnet settling time: 1.049
GetData ===>> H2,-0.236294451528515,H1,1.38764561158655,AX,-0.0252512183515481,L1,0.00788454891462512,L2,0.0471...
setting magnet DAC
current  : 5.890683
requested: 5.891717
Delta Dac: 0.001034
Checking detector protection. dv=0.00103
Checking detector "CDD". Protection Threshold: 0.1 (V)
SetMagnetDAC 5.89171743696 ===>> OK
Magnet settling time: 1.049
GetData ===>> H2,-0.317534783855807,H1,0.53709939176565,AX,0.0868716533417358,L1,-0.0670615057895059,L2,-0.0527...
setting magnet DAC
current  : 5.891717
requested: 5.892752
Delta Dac: 0.001034
Checking detector protection. dv=0.00103
Checking detector "CDD". Protection Threshold: 0.1 (V)
SetMagnetDAC 5.89275191971 ===>> OK
Magnet settling time: 1.049
GetData ===>> H2,-0.203787141469387,H1,0.125433617921167,AX,-0.0702401701511137,L1,0.00209690097775186,L2,-0.00...
setting magnet DAC
current  : 5.892752
requested: 5.893786
Delta Dac: 0.001034
Checking detector protection. dv=0.00103
Checking detector "CDD". Protection Threshold: 0.1 (V)
SetMagnetDAC 5.89378640247 ===>> OK
Magnet settling time: 1.049
GetData ===>> H2,-0.273762110682572,H1,0.0182378792884521,AX,-0.192856940907822,L1,0.0428334684926976,L2,0.0132...
setting magnet DAC
current  : 5.893786
requested: 5.894821
Delta Dac: 0.001034
Checking detector protection. dv=0.00103
Checking detector "CDD". Protection Threshold: 0.1 (V)
SetMagnetDAC 5.89482088523 ===>> OK
Magnet settling time: 1.049
GetData ===>> H2,-0.194122828898973,H1,-0.056325433614801,AX,-0.0762216702699137,L1,-0.011554506053317,L2,0.141...
setting magnet DAC
current  : 5.894821
requested: 5.895855
Delta Dac: 0.001034
Checking detector protection. dv=0.00103
Checking detector "CDD". Protection Threshold: 0.1 (V)
SetMagnetDAC 5.89585536799 ===>> OK
Magnet settling time: 1.049
GetData ===>> H2,-0.285792963169641,H1,-0.0777825028856814,AX,-0.127675202319944,L1,-0.0143257116709178,L2,-0.0...
result of _do_sweep=True
result of _calculate_peak_center=([5.8735206986515731, 5.8811259090724146, 5.8887311194932561], [3.9251275681576399, 5.308077569117569, 3.9100227374950336], 5.8803443459461624, 5.308077569117569)
Failed to find a valid peak. No peak greater than 1.0. max = 0.227409466917
Failed to find a valid peak. No peak greater than 1.0. max = 0.0208322353482
new center pos Detector(H1) (Ar40) @ 5.88112590907
GetHighVoltage ===>> 4499.94659342336
GetDeflection H1 ===>> 0
dac uncorrected for HV and deflection 5.88116054268
update mftable H1 Ar40 5.88116054268 message=automated run peakcenter
get initial guess parabolic
get initial guess parabolic
get initial guess parabolic
get initial guess parabolic
get initial guess parabolic
get initial guess parabolic
dump mftable to /Users/jan/PychronDev/setupfiles/spectrometer/mftables/mftable.csv
add to repo msg=modified - automated run peakcenter
locally archiving mftable
setting magnet DAC
current  : 5.895855
requested: 5.881126
Delta Dac: 0.014729
Checking detector protection. dv=0.01473
Checking detector "CDD". Protection Threshold: 0.1 (V)
SetMagnetDAC 5.88112590907 ===>> OK
Magnet settling time: 0.500
sweep finished
setting integration time = 1.048576
SetIntegrationTime 1.048576 ===>> OK
Failed to find a valid peak. No peak greater than 1.0. max = 0.227409466917
Failed to find a valid peak. No peak greater than 1.0. max = 0.0208322353482
flush and close file /Users/jan/PychronDev/data/isotopes/9f/e7ac62-2705-4772-a661-f10436e4354c.h5
finished measure script
executed snippet estimated_duration=226.132928, duration=265.040188789
jan_unknown120_60.py completed successfully
Measurement Finished
14:49:49 -- ******* Measurement Finished *******
Post Measurement Started jan_pump_ms.py
14:49:49 -- ******* Post Measurement Started jan_pump_ms.py *******
testing...
no interpolation path defined
executed snippet estimated_duration=0, duration=3.00407409668e-05
Pumping spectrometer
open () {'name': 'O'}
opening name=O desc=---
checking ownership. requestor=129.138.12.150
check software interlocks O
interlocks []
actuate state mode=None-script, software_lock=False
doing actuation None-script open_channel True
Open O ===>> OK
GetIndicatorState O ===>> OK
change switch state (True, True)
update switch state O True args=() kw={} ncanvase=6
14:49:49 -- OPEN   VALVE-O (Jan Ion Pump)
---------------------------------------- open O () result=[(True, True)], time=0.42 sec
action=open, ok=True, locked=[False]
executed snippet estimated_duration=0, duration=0.670902013779
jan_pump_ms.py completed successfully
setting _ms_pumptime
Post Measurement Finished
14:49:50 -- ******* Post Measurement Finished *******
$$$$$$$$$$$$$$$$$$$$ state at run end measurement
state changed from measurement to success
post measurement save measured=True aborted=False
Set filtering
setting fod for Ar40= {'filter_outliers': True, 'std_devs': 2, 'iterations': 1}
setting fod for H1= {'filter_outliers': True, 'std_devs': 2, 'iterations': 1}
setting fod for PM41= {'filter_outliers': False, 'std_devs': 2, 'iterations': 1}
setting fod for H2= {'filter_outliers': True, 'std_devs': 2, 'iterations': 1}
setting fod for Ar36= {'filter_outliers': True, 'std_devs': 2, 'iterations': 1}
setting fod for CDD= {'filter_outliers': True, 'std_devs': 10, 'iterations': 1}
setting fod for Ar37= {'filter_outliers': True, 'std_devs': 2, 'iterations': 1}
setting fod for L2= {'filter_outliers': True, 'std_devs': 2, 'iterations': 1}
setting fod for Ar38= {'filter_outliers': True, 'std_devs': 2, 'iterations': 1}
setting fod for L1= {'filter_outliers': True, 'std_devs': 2, 'iterations': 1}
setting fod for Ar39= {'filter_outliers': True, 'std_devs': 2, 'iterations': 1}
setting fod for AX= {'filter_outliers': True, 'std_devs': 2, 'iterations': 1}
persistence save...
persistence save - db
post measurement save
5041335184 connecting to database sqlite:////Users/jan/PychronDev/.appdata/local_lab.db
connected to db sqlite:////Users/jan/PychronDev/.appdata/local_lab.db
create new session 5041335184
close session 5041335184
No database instance. Not saving post measurement to isotopedb database
$$$$$$$$$$$$$$$ auto_save_detector_ic=False
massspec enabled True
create new session 4997822608
MassSpec Database Version: 16.0
close session 4997822608
saving post measurement to secondary database
saving to massspec database 129.138.12.160/massspecdata
setting labnumber to 65448
setting aliquot to 2
setting step to C
setting uuid to 9fe7ac62-2705-4772-a661-f10436e4354c
setting irradpos to 65448
setting extract_device to Fusions CO2
setting tray to 
setting position to 163
setting power_requested to 5.0
setting extract_value to 5.0
setting duration to 30.0
setting duration_at_request to 30.0
setting first_stage_delay to 30.0
setting cleanup to 30.0
setting comment to J:2 10 crystals
setting irradiation to NM-288
setting level to J
setting irradiation_level to J
setting sample to MB.46.1
setting material to Plagioclase
setting project to IR973
setting mass_spectrometer to Jan
no attribute chron_dosages
no attribute production_ratios
no attribute interference_corrections
no attribute production_name
no attribute j
Reference Isotope=Ar40
Reference Detector=H1
%%%%%%%%%%%%%%%%%%%% Comment: J:2 10 crystals %%%%%%%%%%%%%%%%%%%
adding isotope PM41 H2
add baseline dbdet= PM41. original det= H2
get baseline data PM41 H2
Get data baseline <pychron.processing.isotope.Baseline object at 0x19fd69910> len t=60
baseline PM41. v=-0.186250537355, e=0.00657058682436
get signal data PM41 H2
Get data signal PM41 0.01+/-0.08 len t=120
adding isotope Ar40 H1
add baseline dbdet= Ar40. original det= H1
get baseline data Ar40 H1
Get data baseline <pychron.processing.isotope.Baseline object at 0x19fd69d90> len t=60
baseline Ar40. v=-0.0329200334778, e=0.00474138922331
get signal data Ar40 H1
Get data signal Ar40 2.918+/-0.010 len t=120
adding isotope Ar39 AX
add baseline dbdet= Ar39. original det= AX
get baseline data Ar39 AX
Get data baseline <pychron.processing.isotope.Baseline object at 0x18d5dcd50> len t=60
baseline Ar39. v=-0.0771715719689, e=0.00685178385402
get signal data Ar39 AX
Get data signal Ar39 0.009+/-0.012 len t=120
adding isotope Ar38 L1
add baseline dbdet= Ar38. original det= L1
get baseline data Ar38 L1
Get data baseline <pychron.processing.isotope.Baseline object at 0x18d5dcf90> len t=60
baseline Ar38. v=-0.0342942692007, e=0.00257853347625
get signal data Ar38 L1
Get data signal Ar38 0.025+/-0.004 len t=120
adding isotope Ar37 L2
add baseline dbdet= Ar37. original det= L2
get baseline data Ar37 L2
Get data baseline <pychron.processing.isotope.Baseline object at 0x18d5dce10> len t=60
baseline Ar37. v=-0.00989712006052, e=0.00609219098027
get signal data Ar37 L2
Get data signal Ar37 0.060+/-0.010 len t=120
adding isotope Ar36 CDD
add baseline dbdet= Ar36. original det= CDD
get baseline data Ar36 CDD
Get data baseline <pychron.processing.isotope.Baseline object at 0x18d5dc650> len t=60
baseline Ar36. v=3.22541725217e-05, e=9.42282937834e-06
get signal data Ar36 CDD
Get data signal Ar36 0.01327+/-0.00029 len t=120
65448-02C added analysis time 0.550050020218s
analysis added to mass spec database
mass spec save time= 0.558
persistence save - dvc
================= post measurement started
create new session 4992585168
close session 4992585168
---------------- Experiment Queue saving disabled
DVC saving peakcenter
Failed to find a valid peak. No peak greater than 1.0. max = 0.227409466917
Failed to find a valid peak. No peak greater than 1.0. max = 0.0208322353482
Smart pull ahead: 0 behind: 0
Up-to-date with origin
add to repo msg=modified - ad8224ebc6dbfeb9f5997218dfa5fe690569839d.json
add to repo msg=modified - 48-02C.json
add to repo msg=modified - 48-02C.dat.json
add to repo msg=modified - 48-02C.blan.json
add to repo msg=modified - 48-02C.inte.json
add to repo msg=modified - 48-02C.icfa.json
add to repo msg=modified - 48-02C.base.json
not at valid file /Users/jan/PychronDev/data/.dvc/repositories/Load1794/654/tags/48-02C.tags.json
add to repo msg=modified - 48-02C.peak.json
add to repo msg=modified - 48-02C.extr.json
not at valid file /Users/jan/PychronDev/data/.dvc/repositories/Load1794/654/monitor/48-02C.moni.json
commit message=<COLLECTION>
add to repo msg=modified - 48-02C.inte.json
add to repo msg=modified - 48-02C.base.json
commit message=<ISOEVO> default collection fits
add to repo msg=modified - 48-02C.blan.json
commit message=<BLANKS> preceding bu-FC-J-7801
add to repo msg=modified - 48-02C.icfa.json
commit message=<ICFactor> default
push repository <pychron.git_archive.repo_manager.GitRepoManager object at 0x12cfd4170>
pushing to remote=origin, url=https://github.com
no changes to meta repo
create new session 4992585168
add association Load1794
get identifier "65448"
setting analysis irradiation position=<pychron.dvc.dvc_orm.IrradiationPositionTbl object at 0x1aabd6490>
close session 4992585168
================= post measurement finished
14:50:03 -- ******* Post Run Check *******
loading queue conditionals post_run_actions
loading system conditionals post_run_actions
loading conditionals from /Users/jan/PychronDev/setupfiles/spectrometer/default_conditionals.yaml
loading queue conditionals post_run_terminations
loading system conditionals post_run_terminations
loading conditionals from /Users/jan/PychronDev/setupfiles/spectrometer/default_conditionals.yaml
Checking default post run terminations n=1
GetDeflection CDD ===>> 50
testing CDD==2000
evaluate ot="CDD.deflection==2000" t="CDD==2000", ctx="{'CDD': 50.0}"
14:50:03 -- ******* Post Run Check Passed *******
14:50:03 -- Automated run 65448-02C success duration: 354.926 s
----------------- finish -----------------
----------------- stop -----------------
retroactive repository identifiers disabled
finish run. runs completed=5
update duration runid=65448-02C, duration=354.925628185, md5=301e91d8
loading script "jan_unknown120_60.py"
loading script "jan_pump_ms.py"
loading script "jan_co2.py"
loading script "jan_pump_extraction_line.py"
testing...
no interpolation path defined
executed snippet estimated_duration=213.652928, duration=0.00019097328186
script duration name:unknown120_60 seconds:214.0
loading script "jan_unknown120_60.py"
loading script "jan_pump_ms.py"
loading script "jan_co2.py"
loading script "jan_pump_extraction_line.py"
testing...
no interpolation path defined
executed snippet estimated_duration=0, duration=2.8133392334e-05
loading script "jan_unknown120_60.py"
loading script "jan_pump_ms.py"
loading script "jan_co2.py"
loading script "jan_pump_extraction_line.py"
testing...
no interpolation path defined
calculate duration
testing...
no interpolation path defined
executed snippet estimated_duration=0, duration=5.00679016113e-05
calculate duration
testing...
no interpolation path defined
executed snippet estimated_duration=0, duration=9.20295715332e-05
executed snippet estimated_duration=0.0, duration=0.00387597084045
script duration name:co2 seconds:0.0
loading script "jan_unknown120_60.py"
loading script "jan_pump_ms.py"
loading script "jan_co2.py"
loading script "jan_pump_extraction_line.py"
testing...
no interpolation path defined
calculate duration
testing...
no interpolation path defined
executed snippet estimated_duration=4.0, duration=0.000184774398804
executed snippet estimated_duration=4.0, duration=0.0014750957489
Script duration 214.0
Run total estimated duration= 215.000
unknown120_60 in script context. using previous estimated duration
script duration name:unknown120_60 seconds:214.0
pump_ms in script context. using previous estimated duration
co2 in script context. using previous estimated duration
script duration name:co2 seconds:0.0
pump_extraction_line in script context. using previous estimated duration
Script duration 214.0
Run total estimated duration= 215.000
script duration name:unknown120_60 seconds:214.0
script duration name:co2 seconds:0.0
Script duration 214.0
Run total estimated duration= 215.000
loading script "jan_unknown400_120.py"
loading script "jan_pump_ms.py"
loading script "jan_co2.py"
loading script "jan_pump_extraction_line.py"
testing...
no interpolation path defined
executed snippet estimated_duration=556.052928, duration=0.000144004821777
script duration name:unknown400_120 seconds:556.0
script duration name:co2 seconds:0.0
Script duration 556.0
Run total estimated duration= 557.000
unknown400_120 in script context. using previous estimated duration
script duration name:unknown400_120 seconds:556.0
loading script "jan_unknown400_120.py"
loading script "jan_pump_ms.py"
loading script "jan_sniffair_x2.py"
loading script "jan_pump_extraction_line.py"
testing...
no interpolation path defined
calculate duration
testing...
no interpolation path defined
executed snippet estimated_duration=0, duration=4.81605529785e-05
calculate duration
testing...
no interpolation path defined
executed snippet estimated_duration=0, duration=9.98973846436e-05
calculate duration
testing...
no interpolation path defined
executed snippet estimated_duration=32.0, duration=9.10758972168e-05
calculate duration
testing...
no interpolation path defined
executed snippet estimated_duration=34.0, duration=0.000155925750732
calculate duration
testing...
no interpolation path defined
executed snippet estimated_duration=4.0, duration=8.08238983154e-05
calculate duration
testing...
no interpolation path defined
executed snippet estimated_duration=36.0, duration=9.48905944824e-05
calculate duration
testing...
no interpolation path defined
executed snippet estimated_duration=34.0, duration=0.000109910964966
calculate duration
testing...
no interpolation path defined
executed snippet estimated_duration=4.0, duration=0.000104904174805
calculate duration
testing...
no interpolation path defined
executed snippet estimated_duration=36.0, duration=0.000124931335449
calculate duration
testing...
no interpolation path defined
executed snippet estimated_duration=70.0, duration=0.000355005264282
executed snippet estimated_duration=250.0, duration=0.0186128616333
script duration name:sniffair_x2 seconds:250.0
Script duration 806.0
Run total estimated duration= 807.000
script duration name:unknown400_120 seconds:556.0
sniffair_x2 in script context. using previous estimated duration
script duration name:sniffair_x2 seconds:250.0
Script duration 806.0
Run total estimated duration= 807.000
script duration name:unknown120_60 seconds:214.0
loading script "jan_unknown120_60.py"
loading script "jan_pump_ms.py"
loading script "jan_cocktail_x1.py"
loading script "jan_pump_extraction_line.py"
testing...
no interpolation path defined
calculate duration
testing...
no interpolation path defined
executed snippet estimated_duration=0, duration=4.48226928711e-05
calculate duration
testing...
no interpolation path defined
executed snippet estimated_duration=0, duration=0.000104904174805
calculate duration
testing...
no interpolation path defined
executed snippet estimated_duration=32.0, duration=9.3936920166e-05
calculate duration
testing...
no interpolation path defined
executed snippet estimated_duration=34.0, duration=0.000102043151855
calculate duration
testing...
no interpolation path defined
executed snippet estimated_duration=4.0, duration=8.51154327393e-05
calculate duration
testing...
no interpolation path defined
executed snippet estimated_duration=38.0, duration=0.000125885009766
executed snippet estimated_duration=108.0, duration=0.0221371650696
script duration name:cocktail_x1 seconds:108.0
Script duration 322.0
Run total estimated duration= 323.000
script duration name:unknown120_60 seconds:214.0
cocktail_x1 in script context. using previous estimated duration
script duration name:cocktail_x1 seconds:108.0
Script duration 322.0
Run total estimated duration= 323.000
loading script "jan_ic_peak_hop3.py"
loading script "jan_pump_ms.py"
loading script "jan_air_x1.py"
loading script "jan_pump_extraction_line.py"
testing...
no interpolation path defined
executed snippet estimated_duration=133.8, duration=0.00733995437622
script duration name:ic_peak_hop3 seconds:134.0
loading script "jan_ic_peak_hop3.py"
loading script "jan_pump_ms.py"
loading script "jan_air_x1.py"
loading script "jan_pump_extraction_line.py"
testing...
no interpolation path defined
calculate duration
testing...
no interpolation path defined
executed snippet estimated_duration=0, duration=7.20024108887e-05
calculate duration
testing...
no interpolation path defined
executed snippet estimated_duration=0, duration=9.79900360107e-05
calculate duration
testing...
no interpolation path defined
executed snippet estimated_duration=32.0, duration=0.00016188621521
calculate duration
testing...
no interpolation path defined
executed snippet estimated_duration=34.0, duration=9.20295715332e-05
calculate duration
testing...
no interpolation path defined
executed snippet estimated_duration=4.0, duration=0.0001060962677
calculate duration
testing...
no interpolation path defined
executed snippet estimated_duration=36.0, duration=8.48770141602e-05
executed snippet estimated_duration=106.0, duration=0.00841999053955
script duration name:air_x1 seconds:106.0
Script duration 240.0
Run total estimated duration= 241.000
script duration name:unknown120_60 seconds:214.0
script duration name:co2 seconds:0.0
Script duration 214.0
Run total estimated duration= 215.000
script duration name:unknown120_60 seconds:214.0
script duration name:co2 seconds:0.0
Script duration 214.0
Run total estimated duration= 215.000
script duration name:unknown120_60 seconds:214.0
script duration name:co2 seconds:0.0
Script duration 214.0
Run total estimated duration= 215.000
script duration name:unknown120_60 seconds:214.0
script duration name:co2 seconds:0.0
Script duration 214.0
Run total estimated duration= 215.000
script duration name:unknown120_60 seconds:214.0
script duration name:co2 seconds:0.0
Script duration 214.0
Run total estimated duration= 215.000
script duration name:unknown120_60 seconds:214.0
script duration name:co2 seconds:0.0
Script duration 214.0
Run total estimated duration= 215.000
script duration name:unknown120_60 seconds:214.0
script duration name:co2 seconds:0.0
Script duration 214.0
Run total estimated duration= 215.000
script duration name:unknown120_60 seconds:214.0
script duration name:co2 seconds:0.0
Script duration 214.0
Run total estimated duration= 215.000
script duration name:unknown120_60 seconds:214.0
script duration name:co2 seconds:0.0
Script duration 214.0
Run total estimated duration= 215.000
script duration name:unknown120_60 seconds:214.0
script duration name:co2 seconds:0.0
Script duration 214.0
Run total estimated duration= 215.000
script duration name:unknown120_60 seconds:214.0
script duration name:co2 seconds:0.0
Script duration 214.0
Run total estimated duration= 215.000
script duration name:unknown120_60 seconds:214.0
script duration name:co2 seconds:0.0
Script duration 214.0
Run total estimated duration= 215.000
script duration name:unknown120_60 seconds:214.0
script duration name:co2 seconds:0.0
Script duration 214.0
Run total estimated duration= 215.000
script duration name:unknown120_60 seconds:214.0
script duration name:co2 seconds:0.0
Script duration 214.0
Run total estimated duration= 215.000
script duration name:unknown120_60 seconds:214.0
script duration name:co2 seconds:0.0
Script duration 214.0
Run total estimated duration= 215.000
script duration name:unknown120_60 seconds:214.0
script duration name:co2 seconds:0.0
Script duration 214.0
Run total estimated duration= 215.000
script duration name:unknown120_60 seconds:214.0
script duration name:co2 seconds:0.0
Script duration 214.0
Run total estimated duration= 215.000
script duration name:unknown120_60 seconds:214.0
script duration name:co2 seconds:0.0
Script duration 214.0
Run total estimated duration= 215.000
script duration name:unknown120_60 seconds:214.0
script duration name:co2 seconds:0.0
Script duration 214.0
Run total estimated duration= 215.000
script duration name:unknown120_60 seconds:214.0
script duration name:co2 seconds:0.0
Script duration 214.0
Run total estimated duration= 215.000
script duration name:unknown120_60 seconds:214.0
script duration name:co2 seconds:0.0
Script duration 214.0
Run total estimated duration= 215.000
script duration name:unknown120_60 seconds:214.0
script duration name:co2 seconds:0.0
Script duration 214.0
Run total estimated duration= 215.000
script duration name:unknown120_60 seconds:214.0
script duration name:co2 seconds:0.0
Script duration 214.0
Run total estimated duration= 215.000
script duration name:unknown120_60 seconds:214.0
script duration name:co2 seconds:0.0
Script duration 214.0
Run total estimated duration= 215.000
script duration name:unknown120_60 seconds:214.0
script duration name:co2 seconds:0.0
Script duration 214.0
Run total estimated duration= 215.000
script duration name:unknown120_60 seconds:214.0
script duration name:co2 seconds:0.0
Script duration 214.0
Run total estimated duration= 215.000
script duration name:unknown120_60 seconds:214.0
script duration name:co2 seconds:0.0
Script duration 214.0
Run total estimated duration= 215.000
script duration name:unknown120_60 seconds:214.0
script duration name:co2 seconds:0.0
Script duration 214.0
Run total estimated duration= 215.000
script duration name:unknown120_60 seconds:214.0
script duration name:co2 seconds:0.0
Script duration 214.0
Run total estimated duration= 215.000
script duration name:unknown120_60 seconds:214.0
script duration name:co2 seconds:0.0
Script duration 214.0
Run total estimated duration= 215.000
nruns=39 before=0.0, run_dur=10153.0, btw=0.0
write rem/ex queues
/Users/jan/PychronDev/experiments/rem/Load1794.rem.txt
/Users/jan/PychronDev/experiments/rem/Load1794.ex.txt
doing event level: 3
