do run
loading script "jan_unknown120_60.py"
loading script "jan_pump_ms.py"
loading script "jan_co2.py"
loading script "jan_pump_extraction_line.py"
testing...
no interpolation path defined
executed snippet estimated_duration=213.652928, duration=0.000180959701538
script duration name:unknown120_60 seconds:214.0
loading script "jan_unknown120_60.py"
loading script "jan_pump_ms.py"
loading script "jan_co2.py"
loading script "jan_pump_extraction_line.py"
testing...
no interpolation path defined
executed snippet estimated_duration=0, duration=1.78813934326e-05
loading script "jan_unknown120_60.py"
loading script "jan_pump_ms.py"
loading script "jan_co2.py"
loading script "jan_pump_extraction_line.py"
testing...
no interpolation path defined
calculate duration
testing...
no interpolation path defined
executed snippet estimated_duration=0, duration=4.00543212891e-05
calculate duration
testing...
no interpolation path defined
executed snippet estimated_duration=0, duration=6.79492950439e-05
executed snippet estimated_duration=0.0, duration=0.00193095207214
script duration name:co2 seconds:0.0
loading script "jan_unknown120_60.py"
loading script "jan_pump_ms.py"
loading script "jan_co2.py"
loading script "jan_pump_extraction_line.py"
testing...
no interpolation path defined
calculate duration
testing...
no interpolation path defined
executed snippet estimated_duration=4.0, duration=0.000118970870972
executed snippet estimated_duration=4.0, duration=0.00101494789124
Script duration 214.0
Run total estimated duration= 215.000
run duration: 0:03:35
doing event level: 2
10:46:43 -- Setting default integration. t=1.048576
setting integration time = 1.048576
SetIntegrationTime 1.048576 ===>> OK
----------------- start -----------------
**************** Experiment Type: Ar/Ar, Ar/Ar
create new session 4419438256
close session 4419438256
$$$$$ Clearing conditionals
adding conditionals 
Add queue conditionals
add default conditionals
adding default conditionals from /Users/jan/PychronDev/setupfiles/spectrometer/default_conditionals.yaml
Start automated run 65448-07B
loading script "jan_unknown120_60.py"
loading script "jan_pump_ms.py"
loading script "jan_co2.py"
loading script "jan_pump_extraction_line.py"
%%%%%%%%%%%%%%%%%% setting automated run 65448-07B
No value "sensitivity_multiplier" in metadata
$$$$$$$$$$$$$$$ auto_save_detector_ic=False
============================= Pre Extraction Check =============================
loading queue conditionals pre_run_terminations
loading system conditionals pre_run_terminations
loading conditionals from /Users/jan/PychronDev/setupfiles/spectrometer/default_conditionals.yaml
10:46:43 -- ******* Pre Extraction Check *******
Get a measurement from the spectrometer
GetData ===>> H2,-0.103731852005296,H1,-0.0305351012348297,AX,-0.0285101374866465,L1,-0.033325666877075,L2,0.07...
Pre Extraction Termination data. keys=H2,H1,AX,L1,L2,CDD, signals=-0.10373,-0.03054,-0.02851,-0.03333,0.07260,0.00342
10:46:43 -- testing system defined conditionals
Checking default pre extraction terminations n=2
testing CDD
evaluate ot="CDD.inactive" t="CDD", ctx="{'CDD': False}"
GetDeflection CDD ===>> 50
testing CDD==2000
evaluate ot="CDD.deflection==2000" t="CDD==2000", ctx="{'CDD': 50.0}"
10:46:43 -- ******* Pre Extraction Check Passed *******
=================================================================================
10:46:43 -- stopping status monitor
stop 5288834736
Alive clients [5025639504, 4992986192]
10:46:43 -- starting status monitor
start 5288834736
Monitor already running
start extraction
do extraction
Analysis started at 10:46:43.856636
Extraction Started jan_co2.py
10:46:43 -- ******* Extraction Started jan_co2.py *******
state changed from not run to extraction
DO EXTRACTION <pychron.extraction_line.pyscript_runner.RemotePyScriptRunner object at 0x12bfe48f0>
testing...
no interpolation path defined
calculate duration
testing...
no interpolation path defined
executed snippet estimated_duration=0, duration=9.51290130615e-05
calculate duration
testing...
no interpolation path defined
executed snippet estimated_duration=0, duration=0.000126838684082
executed snippet estimated_duration=100.0, duration=0.00320386886597
Jan CO2 laser analysis
doing GOSUB
testing...
no interpolation path defined
executed snippet estimated_duration=0, duration=4.29153442383e-05
Waiting for CO2 access
wait ('FelixCO2Flag', 0) {}
waiting for FelixCO2Flag = 0
Read FelixCO2Flag ===>> 0
finished waiting
CO2 free
wait ('CO2PumpTimeFlag', 0) {}
waiting for CO2PumpTimeFlag = 0
Read CO2PumpTimeFlag ===>> 0
finished waiting
acquire ('JanCO2Flag',) {'clear': True}
acquire JanCO2Flag
Set JanCO2Flag 1 ===>> OK
JanCO2Flag acquired
set extraction state False (0.75, 'red', 1.5)
CO2 acquired
executed snippet estimated_duration=0, duration=0.0193328857422
WaitForCO2Access.py completed successfully
gosub finished
doing GOSUB
testing...
no interpolation path defined
executed snippet estimated_duration=0, duration=8.20159912109e-05
Prepare for CO2 analysis
close () {'description': 'Jan Inlet'}
closing name=--- desc=Jan Inlet
checking ownership. requestor=129.138.12.150
check software interlocks R
interlocks []
actuate state mode=None-script, software_lock=False
doing actuation None-script close_channel False
Close R ===>> OK
GetIndicatorState R ===>> False
change switch state (True, True)
update switch state R False args=() kw={} ncanvase=6
10:46:44 -- CLOSE  VALVE-R (Jan Inlet)
---------------------------------------- close None (Jan Inlet) result=[(True, True)]
action=close, ok=True, locked=[False]
open () {'description': 'Jan Ion Pump'}
opening name=--- desc=Jan Ion Pump
checking ownership. requestor=129.138.12.150
check software interlocks O
interlocks []
actuate state mode=None-script, software_lock=False
doing actuation None-script open_channel False
Open O ===>> OK
GetIndicatorState O ===>> OK
change switch state (True, True)
update switch state O True args=() kw={} ncanvase=6
10:46:44 -- OPEN   VALVE-O (Jan Ion Pump)
---------------------------------------- open None (Jan Ion Pump) result=[(True, True)], time=0.09 sec
action=open, ok=True, locked=[False]
close () {'description': 'Microbone to Minibone'}
closing name=--- desc=Microbone to Minibone
checking ownership. requestor=129.138.12.150
check software interlocks L
interlocks []
actuate state mode=None-script, software_lock=False
doing actuation None-script close_channel False
Close L ===>> OK
GetIndicatorState L ===>> False
change switch state (True, True)
update switch state L False args=() kw={} ncanvase=6
10:46:45 -- CLOSE  VALVE-L (Microbone to Minibone)
---------------------------------------- close None (Microbone to Minibone) result=[(True, True)]
action=close, ok=True, locked=[False]
open () {'description': 'Microbone to Turbo'}
opening name=--- desc=Microbone to Turbo
checking ownership. requestor=129.138.12.150
check software interlocks U
interlocks []
actuate state mode=None-script, software_lock=False
doing actuation None-script open_channel False
Open U ===>> OK
GetIndicatorState U ===>> OK
change switch state (True, True)
update switch state U True args=() kw={} ncanvase=6
10:46:45 -- OPEN   VALVE-U (Microbone to Turbo)
---------------------------------------- open None (Microbone to Turbo) result=[(True, True)], time=0.13 sec
action=open, ok=True, locked=[False]
open () {'description': 'Microbone to Inlet Pipette'}
opening name=--- desc=Microbone to Inlet Pipette
checking ownership. requestor=129.138.12.150
check software interlocks S
interlocks []
actuate state mode=None-script, software_lock=False
doing actuation None-script open_channel False
Open S ===>> OK
GetIndicatorState S ===>> OK
change switch state (True, True)
update switch state S True args=() kw={} ncanvase=6
10:46:46 -- OPEN   VALVE-S (Microbone to Inlet Pipette)
---------------------------------------- open None (Microbone to Inlet Pipette) result=[(True, True)], time=0.43 sec
action=open, ok=True, locked=[False]
open () {'description': 'Microbone to Getter D-50'}
opening name=--- desc=Microbone to Getter D-50
checking ownership. requestor=129.138.12.150
check software interlocks K
interlocks []
actuate state mode=None-script, software_lock=False
doing actuation None-script open_channel False
Open K ===>> OK
GetIndicatorState K ===>> OK
change switch state (True, True)
update switch state K True args=() kw={} ncanvase=6
10:46:47 -- OPEN   VALVE-K (Microbone to Getter D-50)
---------------------------------------- open None (Microbone to Getter D-50) result=[(True, True)], time=0.42 sec
action=open, ok=True, locked=[False]
open () {'description': 'Microbone to Getter NP-10'}
opening name=--- desc=Microbone to Getter NP-10
checking ownership. requestor=129.138.12.150
check software interlocks M
interlocks []
actuate state mode=None-script, software_lock=False
doing actuation None-script open_channel False
Open M ===>> OK
GetIndicatorState M ===>> OK
change switch state (True, True)
update switch state M True args=() kw={} ncanvase=6
10:46:47 -- OPEN   VALVE-M (Microbone to Getter NP-10)
---------------------------------------- open None (Microbone to Getter NP-10) result=[(True, True)], time=0.15 sec
action=open, ok=True, locked=[False]
close () {'description': 'CO2 Laser to Felix'}
closing name=--- desc=CO2 Laser to Felix
checking ownership. requestor=129.138.12.150
check software interlocks F
interlocks []
actuate state mode=None-script, software_lock=True
VALVE-F(CO2 Laser to Felix) software locked
change switch state (True, False)
---------------------------------------- close None (CO2 Laser to Felix) result=[(True, False)]
action=close, ok=True, locked=[True]
open () {'description': 'CO2 Laser to Jan'}
opening name=--- desc=CO2 Laser to Jan
checking ownership. requestor=129.138.12.150
check software interlocks A
interlocks []
actuate state mode=None-script, software_lock=False
doing actuation None-script open_channel False
Open A ===>> OK
GetIndicatorState A ===>> OK
change switch state (True, True)
update switch state A True args=() kw={} ncanvase=6
10:46:47 -- OPEN   VALVE-A (CO2 Laser to Jan)
---------------------------------------- open None (CO2 Laser to Jan) result=[(True, True)], time=0.13 sec
action=open, ok=True, locked=[False]
open () {'description': 'Microbone to CO2 Laser'}
opening name=--- desc=Microbone to CO2 Laser
checking ownership. requestor=129.138.12.150
check software interlocks T
interlocks []
actuate state mode=None-script, software_lock=False
doing actuation None-script open_channel False
Open T ===>> OK
GetIndicatorState T ===>> OK
change switch state (True, True)
update switch state T True args=() kw={} ncanvase=6
10:46:48 -- OPEN   VALVE-T (Microbone to CO2 Laser)
---------------------------------------- open None (Microbone to CO2 Laser) result=[(True, True)], time=0.43 sec
action=open, ok=True, locked=[False]
executed snippet estimated_duration=0, duration=4.97070908546
PrepareForCO2Analysis.py completed successfully
gosub finished
set_motor ('beam', '1.25') {}
setting motor "beam" to 1.25
set motor beam to 1.25
SetMotor beam,1.25 ===>> OK
GetMotorMoving beam ===>> False
GetMotorMoving beam ===>> False
Block completed
move_to_position ('186',) {'autocenter': True}
FusionsCO2 move to position 186
sending GoToHole 186,True
GoToHole 186,True ===>> OK
GetDriveMoving ===>> False
GetDriveMoving ===>> False
Block completed
GetAutoCorrecting ===>> False
GetAutoCorrecting ===>> False
Block completed
update position
GetPosition ===>> -7.97560,-9.96950,1.00000
got position (-7.9756, -9.9695, 1.0)
move to position succeeded
sleep (5,) {}
SLEEP 5.0
block started
WaitControl setup for 5.0  
Join finished
block finished. duration 5.02272200584
close () {'description': 'Microbone to Turbo'}
closing name=--- desc=Microbone to Turbo
checking ownership. requestor=129.138.12.150
check software interlocks U
interlocks []
actuate state mode=None-script, software_lock=False
doing actuation None-script close_channel True
Close U ===>> OK
GetIndicatorState U ===>> False
change switch state (True, True)
update switch state U False args=() kw={} ncanvase=6
10:46:57 -- CLOSE  VALVE-U (Microbone to Turbo)
---------------------------------------- close None (Microbone to Turbo) result=[(True, True)]
action=close, ok=True, locked=[False]
enable laser
enable () {}
set extraction state FusionsCO2 Enabled (False, 'red', 1.5)
enabling laser
Enable ===>> OK
begin interval
BEGIN INTERVAL Interval 1 waiting for 30.0
block started
WaitControl setup for 30.0  
set extract to 0.4
extract (0.4,) {}
GetPosition ===>> -7.97560,-9.96950,1.00000
set extraction state FusionsCO2 ON! 0.4(watts) (0.75, 'red', 1.5)
extract sample to 0.4 (watts)
set laser output
SetLaserOutput 0.4,watts ===>> OK
executing pattern triangle.lp
execute_pattern ('triangle.lp',) {}
executing pattern triangle.lp
IsPatterning ===>> OK
IsPatterning ===>> OK
IsPatterning ===>> OK
IsPatterning ===>> OK
IsPatterning ===>> OK
IsPatterning ===>> OK
IsPatterning ===>> OK
IsPatterning ===>> OK
IsPatterning ===>> OK
IsPatterning ===>> OK
IsPatterning ===>> OK
IsPatterning ===>> OK
IsPatterning ===>> OK
IsPatterning ===>> OK
IsPatterning ===>> OK
IsPatterning ===>> OK
IsPatterning ===>> OK
IsPatterning ===>> OK
IsPatterning ===>> OK
IsPatterning ===>> OK
IsPatterning ===>> OK
IsPatterning ===>> OK
IsPatterning ===>> OK
IsPatterning ===>> OK
IsPatterning ===>> OK
IsPatterning ===>> OK
IsPatterning ===>> False
IsPatterning ===>> False
Block completed
COMPLETE INTERVAL waiting for Interval 1 to complete
Join finished
block finished. duration 30.0649330616
Interval 1 finished
end_extract () {}
ending extraction. set laser power to 0
set laser power 0
SetLaserPower 0 ===>> OK
disable () {}
%%%%%%%%%%%%%%%%%%%%%%%%%%%%%%%%%%% disable
set extraction state False (0.75, 'red', 1.5)
disabling laser
Disable ===>> OK
sleep (30.0,) {}
SLEEP 30.0
block started
WaitControl setup for 30.0  
Join finished
block finished. duration 30.0842659473
executed snippet estimated_duration=166.0, duration=74.237842083
jan_co2.py completed successfully
GetAchievedOutput ===>> No Response
Requested Output= 0.000
Achieved Output=  0.000
GetResponseBlob ===>> No Response
GetOutputBlob ===>> No Response
persistence save...
persistence save - db
AutomatedRunPersister post_extraction_save deprecated
persistence save - dvc
no extraction position for 186
create new session 4992585168
close session 4992585168
Extraction Finished
10:47:58 -- ******* Extraction Finished *******
no overlap. not waiting for min ms pumptime
10:47:58 -- Sending spectrometer configuration
======== Sending configuration ========
SetDeflection CDD,50.0 ===>> OK
SetDeflection H2,0.0 ===>> OK
SetDeflection H1,0.0 ===>> OK
SetDeflection L2,825.0 ===>> OK
SetDeflection L1,400.0 ===>> OK
SetDeflection AX,190.0 ===>> OK
SetZFocus 74.64 ===>> OK
SetZSymmetry -50.72 ===>> OK
SetExtractionLens 26.13 ===>> OK
SetIonRepeller -3.81 ===>> OK
SetElectronEnergy 75.08 ===>> OK
SetYSymmetry -2.81 ===>> OK
SetIonCounterVoltage 1590.0 ===>> OK
send trap current 200.0
GetParameter Trap Current Readback ===>> 198.482695477019
SetParameter Trap Current Set,200.0 ===>> OK
updating mftable name mftable
Using mftable located at /Users/jan/PychronDev/setupfiles/spectrometer/mftables/mftable.csv
============ MFtable ===========
Isotope  H2     H1     AX     L1     L2     CDD    
Ar40     5.8246 5.8811 5.9944 6.1645 6.2327 6.3928
Ar39     5.7238 5.7734 5.8868 6.0506 6.1178 6.2793
Ar36     5.4014 5.4424 5.5502 5.7095 5.7728 5.9303
================================
get initial guess parabolic
get initial guess parabolic
get initial guess parabolic
get initial guess parabolic
get initial guess parabolic
get initial guess parabolic
======== Configuration Finished ========
GetYSymmetry ===>> -2.81
GetZSymmetry ===>> -50.72
GetParameter Trap Current Readback ===>> 198.035158395898
GetHighVoltage ===>> 4499.94659342336
start measurement
do measurement
L#=65448 analysis type=unknown
Measurement Started jan_unknown120_60.py
10:47:58 -- ******* Measurement Started jan_unknown120_60.py *******
state changed from extraction to measurement
setting spec, defl, and gains
GetExtractionLens ===>> 26.13
GetYSymmetry ===>> -2.81
GetZSymmetry ===>> -50.72
GetZFocus ===>> 74.64
GetDeflection H2 ===>> 0
GetDeflection H1 ===>> 0
GetDeflection AX ===>> 190
GetDeflection L1 ===>> 400
GetDeflection L2 ===>> 825
GetDeflection CDD ===>> 50
GetGain H2 ===>> 0.0113
GetGain H1 ===>> 0.1
GetGain AX ===>> 0.097049
GetGain L1 ===>> 0.010355
GetGain L2 ===>> 0.095649
GetGain CDD ===>> 0
pre measurement save
New frame /Users/jan/PychronDev/data/isotopes/e8/c2e04c-dc80-484c-a33d-0608665d4d02.h5
flush and close file /Users/jan/PychronDev/data/isotopes/e8/c2e04c-dc80-484c-a33d-0608665d4d02.h5
testing...
no interpolation path defined
executed snippet estimated_duration=226.132928, duration=0.000133991241455
unknown measurement script
activate_detectors ('H2', 'H1', 'AX', 'L1', 'L2', 'CDD') {}
activate detectors
*************** Set Analysis View Ar/Ar
create graphs
clearing graphs
clear isotope group
setting isotope det=H2, iso=PM41
setting isotope det=H1, iso=Ar40
setting isotope det=AX, iso=Ar39
setting isotope det=L1, iso=Ar38
setting isotope det=L2, iso=Ar37
setting isotope det=CDD, iso=Ar36
setting previous blanks
 - setting Ar40 blank 0.438+/-0.007
 - setting Ar36 blank 0.00468+/-0.00018
 - setting Ar37 blank 0.048+/-0.005
 - setting Ar38 blank 0.0111+/-0.0022
 - setting PM41 blank 0.02+/-0.06
 - setting Ar39 blank 0.013+/-0.008
load analysis view
position_magnet ('Ar40',) {'detector': 'H1'}
detector Detector(H1)
POSITION Ar40 H1
setting detector H2 to PM41 (40.9624)
setting detector H1 to Ar40 (39.9624)
setting detector AX to Ar39 (38.9624)
setting detector L1 to Ar38 (37.9624)
setting detector L2 to Ar37 (36.9624)
setting detector CDD to Ar36 (35.9624)
Mapping mass to dac mass func: "parabolic"
H1 map mass coeffs = [-0.00063987  0.15840543  0.57273999]
H1 map mass to dac 39.9624 >> 5.88113
GetDeflection H1 ===>> 0
GetHighVoltage ===>> 4499.94659342336
positioning Ar40 (5.88109536658) on H1
setting magnet DAC
current  : 5.881096
requested: 5.881095
Delta Dac: 0.000000
Checking detector protection. dv=0.00000
Checking detector "CDD". Protection Threshold: 0.1 (V)
SetMagnetDAC 5.88109536658 ===>> OK
Magnet settling time: 0.500
equilibrate () {'delay': 3, 'inlet': 'R', 'outlet': 'O', 'eqtime': 12.0}
Equilibration Started
10:47:59 -- ******* Equilibration Started *******
checking ownership. requestor=129.138.12.150
check software interlocks O
interlocks []
actuate state mode=None-script, software_lock=False
doing actuation None-script close_channel True
Close O ===>> OK
GetIndicatorState O ===>> False
change switch state (True, True)
update switch state O False args=() kw={} ncanvase=6
10:47:59 -- CLOSE  VALVE-O (Jan Ion Pump)
waiting 3s before opening inlet value ('R',)
update labels <pychron.experiment.plot_panel.PlotPanel object at 0x1c94d9170>
update labels "<pychron.graph.stacked_regression_graph.StackedRegressionGraph object at 0x1e1c843b0>"
setting label 0 H2 PM41
setting label 1 H1 Ar40
setting label 2 AX Ar39
setting label 3 L1 Ar38
setting label 4 L2 Ar37
setting label 5 CDD Ar36
update labels "<pychron.graph.stacked_graph.StackedGraph object at 0x1d125d710>"
setting label 0 H2 PM41
setting label 1 H1 Ar40
setting label 2 AX Ar39
setting label 3 L1 Ar38
setting label 4 L2 Ar37
setting label 5 CDD Ar36
checking ownership. requestor=129.138.12.150
check software interlocks R
interlocks []
actuate state mode=None-script, software_lock=False
doing actuation None-script open_channel True
Open R ===>> OK
GetIndicatorState R ===>> OK
change switch state (True, True)
update switch state R True args=() kw={} ncanvase=6
10:48:03 -- OPEN   VALVE-R (Jan Inlet)
equilibrating for 12.0sec
set_time_zero () {}
sniff (12.0,) {}
py_sniff
build tables- sniff [Detector(H2), Detector(H1), Detector(AX), Detector(L1), Detector(L2), Detector(CDD)]
add group /sniff/PM41 (Group) '' table H2
add group /sniff/Ar40 (Group) '' table H1
add group /sniff/Ar39 (Group) '' table AX
add group /sniff/Ar38 (Group) '' table L1
add group /sniff/Ar37 (Group) '' table L2
add group /sniff/Ar36 (Group) '' table CDD
flush and close file /Users/jan/PychronDev/data/isotopes/e8/c2e04c-dc80-484c-a33d-0608665d4d02.h5
measuring sniff. ncounts=12.0
"sniff" increment series count="1" fit count="0" regressing="False"
starting measurement
check iteration duration=4.41074371338e-05
GetData ===>> H2,0.102074565061181,H1,0.399725486330982,AX,0.351624855267949,L1,0.063576928830607,L2,0.30063758...
check iteration duration=1.78813934326e-05
GetData ===>> H2,0.843520699805842,H1,3.05298925551265,AX,1.81401843560761,L1,0.1632325689657,L2,2.274096195791...
check iteration duration=4.00543212891e-05
GetData ===>> H2,0.481899354982302,H1,4.60522348666828,AX,1.65167607562131,L1,0.126544106127168,L2,2.7748634690...
check iteration duration=5.31673431396e-05
GetData ===>> H2,0.303032194666311,H1,5.0608699251552,AX,1.43177463221049,L1,0.136118973662641,L2,2.81198367385...
check iteration duration=3.48091125488e-05
GetData ===>> H2,0.27032593225669,H1,5.22462501490246,AX,1.49777185319079,L1,0.152746546823549,L2,2.93763154626...
check iteration duration=1.78813934326e-05
GetData ===>> H2,0.0850432516638006,H1,5.43201112966585,AX,1.5042956831012,L1,0.104434703540642,L2,2.9561283170...
check iteration duration=1.8835067749e-05
GetData ===>> H2,0.0510844137101932,H1,5.47528692411381,AX,1.34413421727193,L1,0.0664401526387112,L2,3.02519145...
check iteration duration=1.59740447998e-05
GetData ===>> H2,-0.0246550183600798,H1,5.48935272250961,AX,1.38717832623648,L1,0.0764138088108292,L2,2.9577142...
check iteration duration=4.6968460083e-05
GetData ===>> H2,-0.0545014785252075,H1,5.47151350061814,AX,1.30577219113416,L1,0.0877105875458187,L2,2.9743854...
check iteration duration=1.69277191162e-05
GetData ===>> H2,-0.00269693209410235,H1,5.45263621092163,AX,1.39272547851603,L1,0.0629326984955871,L2,2.969603...
check iteration duration=4.50611114502e-05
GetData ===>> H2,-0.0253684503121856,H1,5.49968275256296,AX,1.37497569598143,L1,0.023262492672199,L2,2.93311785...
Equilibration Finished
10:48:15 -- ******* Equilibration Finished *******
checking ownership. requestor=129.138.12.150
check software interlocks R
interlocks []
actuate state mode=None-script, software_lock=False
doing actuation None-script close_channel True
check iteration duration=2.00271606445e-05
GetData ===>> H2,0.0722085069425785,H1,5.63115615467613,AX,1.38869646303263,L1,0.00912894174433718,L2,2.9020022...
Close R ===>> OK
GetIndicatorState R ===>> False
change switch state (True, True)
update switch state R False args=() kw={} ncanvase=6
10:48:16 -- CLOSE  VALVE-R (Jan Inlet)
Post Equilibration Started jan_pump_extraction_line.py
10:48:16 -- ******* Post Equilibration Started jan_pump_extraction_line.py *******
testing...
no interpolation path defined
calculate duration
testing...
no interpolation path defined
executed snippet estimated_duration=4.0, duration=0.000137090682983
executed snippet estimated_duration=4.0, duration=0.0015389919281
Pump after analysis
doing GOSUB
testing...
no interpolation path defined
executed snippet estimated_duration=4.0, duration=0.000117063522339
Pump Microbone
close () {'description': 'Jan Inlet'}
closing name=--- desc=Jan Inlet
checking ownership. requestor=129.138.12.150
check software interlocks R
interlocks []
actuate state mode=None-script, software_lock=False
doing actuation None-script close_channel False
check iteration duration=3.50475311279e-05
waiting for write to finish
Close R ===>> OK
measurement finished
estimated time: 12.583 actual time: :12.700
flush and close file /Users/jan/PychronDev/data/isotopes/e8/c2e04c-dc80-484c-a33d-0608665d4d02.h5
set_fits () {}
using default fits file=/Users/jan/PychronDev/scripts/measurement/fits/nominal_linear.yaml
set "Ar40" to "('Linear', 'SEM')"
No fit for "PM41". defaulting to linear. check the measurement script "jan_unknown120_60.py"
set "PM41" to "linear"
set "Ar36" to "('Linear', 'SEM')"
set "Ar37" to "('linear', 'SEM')"
set "Ar38" to "('linear', 'SEM')"
set "Ar39" to "('Linear', 'SEM')"
set_baseline_fits () {}
using default fits file=/Users/jan/PychronDev/scripts/measurement/fits/nominal_linear.yaml
GetIndicatorState R ===>> False
change switch state (True, True)
update switch state R False args=() kw={} ncanvase=6
set "H1" to "('average', 'SEM')"
set "H2" to "('average', 'SEM')"
set "CDD" to "('average', 'SEM')"
set "L2" to "('average', 'SEM')"
set "L1" to "('average', 'SEM')"
set "AX" to "('average', 'SEM')"
multicollect () {'integration_time': 1, 'ncounts': 120}
build tables- signal [Detector(H2), Detector(H1), Detector(AX), Detector(L1), Detector(L2), Detector(CDD)]
add group /signal/PM41 (Group) '' table H2
add group /signal/Ar40 (Group) '' table H1
add group /signal/Ar39 (Group) '' table AX
10:48:16 -- CLOSE  VALVE-R (Jan Inlet)
add group /signal/Ar38 (Group) '' table L1
---------------------------------------- close None (Jan Inlet) result=[(True, True)]
add group /signal/Ar37 (Group) '' table L2
add group /signal/Ar36 (Group) '' table CDD
flush and close file /Users/jan/PychronDev/data/isotopes/e8/c2e04c-dc80-484c-a33d-0608665d4d02.h5
measuring signal. ncounts=120
action=close, ok=True, locked=[False]
is_closed ('F',) {}
is F () closed?
is closed True
open () {'description': 'CO2 Laser to Jan'}
opening name=--- desc=CO2 Laser to Jan
checking ownership. requestor=129.138.12.150
check software interlocks A
interlocks []
actuate state mode=None-script, software_lock=False
doing actuation None-script open_channel False
Open A ===>> OK
GetIndicatorState A ===>> OK
change switch state (True, True)
update switch state A True args=() kw={} ncanvase=6
10:48:17 -- OPEN   VALVE-A (CO2 Laser to Jan)
---------------------------------------- open None (CO2 Laser to Jan) result=[(True, True)], time=0.13 sec
"signal" increment series count="2" fit count="1" regressing="True"
starting measurement
check iteration duration=6.103515625e-05
GetData ===>> H2,-0.00607268110713874,H1,5.5659519565584,AX,1.24721846263061,L1,0.0300450022633396,L2,2.9160602...
action=open, ok=True, locked=[False]
sleep (1,) {}
SLEEP 1.0
check iteration duration=5.29289245605e-05
GetData ===>> H2,0.00444208250113201,H1,5.54606426036888,AX,1.5466574561257,L1,0.0637804419054766,L2,2.99461473...
close () {'description': 'CO2 Laser to Roughing'}
closing name=--- desc=CO2 Laser to Roughing
checking ownership. requestor=129.138.12.150
check software interlocks G
interlocks []
actuate state mode=None-script, software_lock=True
VALVE-G(CO2 Laser to Roughing) software locked
change switch state (True, False)
---------------------------------------- close None (CO2 Laser to Roughing) result=[(True, False)]
action=close, ok=True, locked=[True]
open () {'description': 'Microbone to Turbo'}
opening name=--- desc=Microbone to Turbo
checking ownership. requestor=129.138.12.150
check software interlocks U
interlocks []
actuate state mode=None-script, software_lock=False
doing actuation None-script open_channel True
Open U ===>> OK
GetIndicatorState U ===>> OK
change switch state (True, True)
update switch state U True args=() kw={} ncanvase=6
10:48:18 -- OPEN   VALVE-U (Microbone to Turbo)
---------------------------------------- open None (Microbone to Turbo) result=[(True, True)], time=0.16 sec
action=open, ok=True, locked=[False]
open () {'description': 'Microbone to Getter NP-10'}
opening name=--- desc=Microbone to Getter NP-10
checking ownership. requestor=129.138.12.150
check software interlocks M
interlocks []
actuate state mode=None-script, software_lock=False
doing actuation None-script open_channel False
Open M ===>> OK
GetIndicatorState M ===>> OK
change switch state (True, True)
update switch state M True args=() kw={} ncanvase=6
10:48:18 -- OPEN   VALVE-M (Microbone to Getter NP-10)
---------------------------------------- open None (Microbone to Getter NP-10) result=[(True, True)], time=0.15 sec
action=open, ok=True, locked=[False]
open () {'description': 'Microbone to Getter D-50'}
opening name=--- desc=Microbone to Getter D-50
checking ownership. requestor=129.138.12.150
check software interlocks K
interlocks []
actuate state mode=None-script, software_lock=False
doing actuation None-script open_channel False
check iteration duration=5.07831573486e-05
GetData ===>> H2,0.00246229732604999,H1,5.51625217971765,AX,1.32701897337592,L1,0.0722360520392712,L2,3.0526822...
Open K ===>> OK
GetIndicatorState K ===>> OK
change switch state (True, True)
update switch state K True args=() kw={} ncanvase=6
10:48:19 -- OPEN   VALVE-K (Microbone to Getter D-50)
---------------------------------------- open None (Microbone to Getter D-50) result=[(True, True)], time=0.45 sec
action=open, ok=True, locked=[False]
open () {'description': 'Microbone to CO2 Laser'}
opening name=--- desc=Microbone to CO2 Laser
checking ownership. requestor=129.138.12.150
check software interlocks T
interlocks []
actuate state mode=None-script, software_lock=False
doing actuation None-script open_channel False
Open T ===>> OK
GetIndicatorState T ===>> OK
change switch state (True, True)
update switch state T True args=() kw={} ncanvase=6
10:48:20 -- OPEN   VALVE-T (Microbone to CO2 Laser)
---------------------------------------- open None (Microbone to CO2 Laser) result=[(True, True)], time=0.44 sec
check iteration duration=3.19480895996e-05
GetData ===>> H2,-0.164344193937819,H1,5.57204655163466,AX,1.31934437050994,L1,0.0760777420262618,L2,2.99423257...
action=open, ok=True, locked=[False]
open () {'description': 'Microbone to Inlet Pipette'}
opening name=--- desc=Microbone to Inlet Pipette
checking ownership. requestor=129.138.12.150
check software interlocks S
interlocks []
actuate state mode=None-script, software_lock=False
doing actuation None-script open_channel False
Open S ===>> OK
GetIndicatorState S ===>> OK
change switch state (True, True)
update switch state S True args=() kw={} ncanvase=6
10:48:21 -- OPEN   VALVE-S (Microbone to Inlet Pipette)
---------------------------------------- open None (Microbone to Inlet Pipette) result=[(True, True)], time=0.43 sec
action=open, ok=True, locked=[False]
sleep (1,) {}
SLEEP 1.0
testing H1>-5.0
evaluate ot="H1.bs>-5.0" t="H1>-5.0", ctx="{'H1': None}"
check iteration duration=0.0110859870911
GetData ===>> H2,-0.186600497952698,H1,5.63279884900398,AX,1.26336248719385,L1,0.0309953447746783,L2,2.92141793...
set_resource () {'name': 'CO2PumpTimeFlag', 'value': 30}
Set CO2PumpTimeFlag 30 ===>> OK
release ('JanCO2Flag',) {}
release JanCO2Flag
Set JanCO2Flag 0 ===>> OK
executed snippet estimated_duration=6.0, duration=6.08322000504
PumpMicrobone.py completed successfully
gosub finished
get_resource_value () {'name': 'JanMiniboneFlag'}
Read JanMiniboneFlag ===>> 0
Get Resource Value JanMiniboneFlag=0.0
get resource value 0.0
get_resource_value () {'name': 'JanMiniboneFlag'}
Read JanMiniboneFlag ===>> 0
Get Resource Value JanMiniboneFlag=0.0
executed snippet estimated_duration=4.0, duration=6.0954580307
jan_pump_extraction_line.py completed successfully
Post Equilibration Finished
10:48:22 -- ******* Post Equilibration Finished *******
check iteration duration=7.79628753662e-05
GetData ===>> H2,-0.282973136188966,H1,5.6072787531557,AX,1.26772871803097,L1,0.000414066813435607,L2,2.9216725...
check iteration duration=8.29696655273e-05
GetData ===>> H2,-0.244063663649776,H1,5.59127693642305,AX,1.29374334534508,L1,0.00622038777938961,L2,2.8314995...
check iteration duration=4.50611114502e-05
GetData ===>> H2,-0.277768596466768,H1,5.67686716647014,AX,1.3105607833637,L1,-0.00025202737046446,L2,2.8259502...
check iteration duration=7.39097595215e-05
GetData ===>> H2,-0.178025243291582,H1,5.73351910650117,AX,1.21924412143653,L1,-0.0308563960092209,L2,2.9093376...
testing H1>-5.0
evaluate ot="H1.bs>-5.0" t="H1>-5.0", ctx="{'H1': None}"
check iteration duration=0.000569105148315
GetData ===>> H2,-0.147631213847422,H1,5.66639402077265,AX,1.28685370074126,L1,0.00601163774060727,L2,2.9654474...
check iteration duration=8.48770141602e-05
GetData ===>> H2,-0.0713855190518625,H1,5.70182796258834,AX,1.3142399826921,L1,0.00864292441762017,L2,2.9625879...
check iteration duration=8.10623168945e-05
GetData ===>> H2,-0.110077944963565,H1,5.73879577646703,AX,1.35880517235334,L1,-0.0273130946764622,L2,2.8811791...
check iteration duration=9.01222229004e-05
GetData ===>> H2,-0.20624810950991,H1,5.77526127449339,AX,1.27332104654623,L1,-0.00384817478097983,L2,2.9354556...
check iteration duration=8.08238983154e-05
GetData ===>> H2,-0.191597484902268,H1,5.74463724276362,AX,1.33630639695667,L1,0.0327424785348615,L2,3.01160520...
testing H1>-5.0
evaluate ot="H1.bs>-5.0" t="H1>-5.0", ctx="{'H1': None}"
check iteration duration=0.000593185424805
GetData ===>> H2,-0.094396404444354,H1,5.81412106736183,AX,1.21533511881303,L1,-0.0010164811690701,L2,2.9296227...
check iteration duration=8.60691070557e-05
GetData ===>> H2,-0.115762968860767,H1,5.87839521930531,AX,1.34280227534862,L1,0.00661390536324838,L2,2.9369023...
check iteration duration=7.20024108887e-05
GetData ===>> H2,-0.10057801912558,H1,5.85863128151349,AX,1.35261787981086,L1,0.0189142761150329,L2,3.011535778...
check iteration duration=8.08238983154e-05
GetData ===>> H2,-0.0604815427207295,H1,5.77636611917638,AX,1.27717398468183,L1,-0.0110126413761181,L2,2.942238...
check iteration duration=3.69548797607e-05
GetData ===>> H2,-0.165482200801474,H1,5.8021715030012,AX,1.20397072564262,L1,0.00758936736047676,L2,2.89613659...
testing H1>-5.0
evaluate ot="H1.bs>-5.0" t="H1>-5.0", ctx="{'H1': None}"
check iteration duration=0.000655174255371
GetData ===>> H2,-0.168875293590149,H1,5.89945228021953,AX,1.26921141286651,L1,0.0091613437331076,L2,2.88287953...
check iteration duration=8.29696655273e-05
GetData ===>> H2,-0.0614591587098808,H1,5.93778349084968,AX,1.43256909288598,L1,0.00909533979197776,L2,2.770017...
check iteration duration=9.20295715332e-05
GetData ===>> H2,-0.123786190099733,H1,5.91578520866605,AX,1.34765665379528,L1,0.0385327729568247,L2,2.87568492...
check iteration duration=7.39097595215e-05
GetData ===>> H2,-0.149152027838881,H1,5.90594830036772,AX,1.25960348176336,L1,0.0197287481143692,L2,2.90797230...
check iteration duration=9.10758972168e-05
GetData ===>> H2,-0.137398911954784,H1,5.93456513514379,AX,1.22741269020647,L1,0.00373079146393667,L2,2.8467383...
testing H1>-5.0
evaluate ot="H1.bs>-5.0" t="H1>-5.0", ctx="{'H1': None}"
check iteration duration=0.000962972640991
10:48:42 -- collecting point 25
GetData ===>> H2,-0.0624149988451768,H1,5.96244041212939,AX,1.29125601099394,L1,-0.0256128730359214,L2,2.898612...
check iteration duration=9.10758972168e-05
GetData ===>> H2,-0.0350816292792983,H1,6.02551615493769,AX,1.30572547431381,L1,-0.0103736351453074,L2,2.873892...
check iteration duration=8.39233398438e-05
GetData ===>> H2,-0.199953110306744,H1,6.01233724388732,AX,1.35358680737873,L1,-0.000510052016703681,L2,3.01869...
check iteration duration=9.51290130615e-05
GetData ===>> H2,-0.289569539268055,H1,6.00717913534019,AX,1.38053383489046,L1,-0.00977535426608223,L2,2.885216...
check iteration duration=7.79628753662e-05
GetData ===>> H2,-0.273604778380592,H1,6.04244363938575,AX,1.2839812123579,L1,0.00753057300303634,L2,2.87733894...
testing H1>-5.0
evaluate ot="H1.bs>-5.0" t="H1>-5.0", ctx="{'H1': None}"
check iteration duration=0.000756025314331
GetData ===>> H2,-0.229625597966196,H1,6.08250085836854,AX,1.26618767316358,L1,-0.00653874562226607,L2,2.915516...
check iteration duration=8.32080841064e-05
GetData ===>> H2,-0.237233819787071,H1,6.0440898565185,AX,1.20477575732752,L1,-0.0231213314809456,L2,2.88240527...
check iteration duration=4.41074371338e-05
GetData ===>> H2,-0.324378649660952,H1,6.12655718479618,AX,1.31214924612886,L1,0.00202367623610703,L2,2.9135724...
check iteration duration=8.20159912109e-05
GetData ===>> H2,-0.211335466939097,H1,6.11961067184377,AX,1.36425731797435,L1,-0.00628567307331192,L2,2.921753...
check iteration duration=8.79764556885e-05
GetData ===>> H2,-0.160868718217175,H1,6.09702851604788,AX,1.33128290133909,L1,-0.0244588590901121,L2,2.9374347...
testing H1>-5.0
evaluate ot="H1.bs>-5.0" t="H1>-5.0", ctx="{'H1': None}"
check iteration duration=0.000592947006226
GetData ===>> H2,-0.143799911514563,H1,6.18675780255515,AX,1.26074751162645,L1,-0.0332849563675837,L2,2.8057593...
check iteration duration=7.20024108887e-05
GetData ===>> H2,-0.172325380376353,H1,6.20514669232122,AX,1.24244463677592,L1,0.00712982060533629,L2,2.8118679...
check iteration duration=8.60691070557e-05
GetData ===>> H2,-0.191546258776511,H1,6.28793726379773,AX,1.27218854505891,L1,0.00303446479827149,L2,2.9232231...
check iteration duration=6.60419464111e-05
GetData ===>> H2,-0.106381477669725,H1,6.24862436983758,AX,1.27251545136077,L1,-0.0201244322691238,L2,2.8757890...
check iteration duration=8.70227813721e-05
GetData ===>> H2,-0.107063405931203,H1,6.18262812817283,AX,1.31109805465265,L1,-0.0295676316851544,L2,2.9424348...
testing H1>-5.0
evaluate ot="H1.bs>-5.0" t="H1>-5.0", ctx="{'H1': None}"
check iteration duration=0.000585079193115
GetData ===>> H2,-0.08632515416813,H1,6.18120244563152,AX,1.22596563694758,L1,0.00688505752193365,L2,2.84539707...
check iteration duration=8.29696655273e-05
GetData ===>> H2,-0.0651600507631625,H1,6.25743033774462,AX,1.34058241236595,L1,0.00780654949234462,L2,2.857515...
check iteration duration=4.72068786621e-05
GetData ===>> H2,-0.138784569741988,H1,6.25953355015081,AX,1.36596190538425,L1,0.0111704705779504,L2,2.82471332...
check iteration duration=6.07967376709e-05
GetData ===>> H2,-0.163224974882894,H1,6.23552749709793,AX,1.26596585809491,L1,0.0302828798500394,L2,2.92122121...
check iteration duration=6.31809234619e-05
GetData ===>> H2,-0.203040389204519,H1,6.28849090017092,AX,1.28812649690754,L1,0.0384005099241479,L2,2.90439714...
testing H1>-5.0
evaluate ot="H1.bs>-5.0" t="H1>-5.0", ctx="{'H1': None}"
check iteration duration=0.00315999984741
GetData ===>> H2,-0.276410823463542,H1,6.30891600576387,AX,1.31209084630662,L1,0.0100254352102566,L2,2.91018225...
check iteration duration=4.19616699219e-05
GetData ===>> H2,-0.272515216050944,H1,6.3228467687005,AX,1.29354482338344,L1,-0.0512646541345168,L2,2.83971987...
check iteration duration=6.69956207275e-05
GetData ===>> H2,-0.174199632306154,H1,6.303021840662,AX,1.22160126707121,L1,-0.0362780930562449,L2,2.845050188...
check iteration duration=8.48770141602e-05
GetData ===>> H2,-0.19297511110259,H1,6.33977049746013,AX,1.27400989405967,L1,0.0135149583473321,L2,2.784752319...
check iteration duration=8.58306884766e-05
GetData ===>> H2,-0.204405803206306,H1,6.34129684643694,AX,1.32114323415031,L1,-0.00857988495109414,L2,2.806638...
testing H1>-5.0
evaluate ot="H1.bs>-5.0" t="H1>-5.0", ctx="{'H1': None}"
check iteration duration=0.00124311447144
10:49:08 -- collecting point 50
GetData ===>> H2,-0.186480467628848,H1,6.47324357235373,AX,1.35729917273416,L1,-0.00216485291624417,L2,2.899954...
check iteration duration=3.50475311279e-05
GetData ===>> H2,-0.237866037723153,H1,6.40417438350054,AX,1.28117886581983,L1,-0.0269057386493445,L2,2.8453276...
check iteration duration=8.29696655273e-05
GetData ===>> H2,-0.203917885440676,H1,6.42406197006349,AX,1.26866269641436,L1,0.0227661797215075,L2,2.89001683...
check iteration duration=3.88622283936e-05
GetData ===>> H2,-0.10171512416934,H1,6.47067003706046,AX,1.32044237426027,L1,0.0139087609495958,L2,2.940582922...
check iteration duration=8.51154327393e-05
GetData ===>> H2,-0.180280317362892,H1,6.54434281130112,AX,1.36967473946243,L1,0.00852772374796801,L2,2.9864854...
testing H1>-5.0
evaluate ot="H1.bs>-5.0" t="H1>-5.0", ctx="{'H1': None}"
check iteration duration=0.000586986541748
GetData ===>> H2,-0.155533261091194,H1,6.46128764256895,AX,1.30995343675795,L1,0.0017211796673298,L2,2.89362617...
check iteration duration=8.79764556885e-05
GetData ===>> H2,-0.264726684228449,H1,6.50687781262553,AX,1.3553729278767,L1,-0.00521214295416243,L2,2.8182975...
check iteration duration=8.29696655273e-05
GetData ===>> H2,-0.242750231236527,H1,6.41800668065684,AX,1.34364349972058,L1,0.00684426425288021,L2,2.9248664...
check iteration duration=9.51290130615e-05
GetData ===>> H2,-0.22269919624225,H1,6.42745899512984,AX,1.3535751334956,L1,-0.0046675375420427,L2,2.855549794...
check iteration duration=4.10079956055e-05
GetData ===>> H2,-0.176531059988776,H1,6.47666684302821,AX,1.30818981698823,L1,0.00570811810315564,L2,2.8705958...
testing H1>-5.0
evaluate ot="H1.bs>-5.0" t="H1>-5.0", ctx="{'H1': None}"
check iteration duration=0.000643014907837
GetData ===>> H2,-0.248812815033092,H1,6.56976847324409,AX,1.25551776987577,L1,-0.000705666295873459,L2,2.85386...
check iteration duration=7.41481781006e-05
GetData ===>> H2,-0.224091819358195,H1,6.55706134616596,AX,1.28895557486222,L1,0.0256620908198135,L2,2.86107757...
check iteration duration=5.19752502441e-05
GetData ===>> H2,-0.240067716887217,H1,6.54461389990384,AX,1.30496632910401,L1,0.0248683498117748,L2,2.90044032...
check iteration duration=4.6968460083e-05
GetData ===>> H2,-0.206523014638671,H1,6.63570560940581,AX,1.3574859621276,L1,-0.0188762601093393,L2,2.90467481...
check iteration duration=8.89301300049e-05
GetData ===>> H2,-0.17737333389909,H1,6.71062414542096,AX,1.31183388750202,L1,-0.00342347150416005,L2,2.8477443...
testing H1>-5.0
evaluate ot="H1.bs>-5.0" t="H1>-5.0", ctx="{'H1': None}"
check iteration duration=0.00139212608337
GetData ===>> H2,-0.148272789917296,H1,6.60219596294958,AX,1.29485274018166,L1,0.0391989240414613,L2,2.80317949...
check iteration duration=3.19480895996e-05
GetData ===>> H2,-0.176502713142555,H1,6.56912815427886,AX,1.37778975633688,L1,0.0622415512594785,L2,2.79136858...
check iteration duration=3.50475311279e-05
GetData ===>> H2,-0.147498842056615,H1,6.65617401036867,AX,1.33210066214915,L1,0.000530487797576055,L2,2.930375...
check iteration duration=7.20024108887e-05
GetData ===>> H2,-0.179728398790082,H1,6.73764412101299,AX,1.40060881382681,L1,-0.0271357770220691,L2,2.9069541...
check iteration duration=6.31809234619e-05
GetData ===>> H2,-0.159635707875207,H1,6.77662257653255,AX,1.34017349572142,L1,-0.033015544429006,L2,2.85294791...
testing H1>-5.0
evaluate ot="H1.bs>-5.0" t="H1>-5.0", ctx="{'H1': None}"
check iteration duration=0.000924110412598
GetData ===>> H2,-0.218818071136516,H1,6.65012302577883,AX,1.3025371039528,L1,0.0119338997876835,L2,2.870642076...
check iteration duration=9.29832458496e-05
GetData ===>> H2,-0.174389998477736,H1,6.64871816349797,AX,1.3267152485989,L1,0.0567489736055969,L2,3.058216026...
check iteration duration=8.39233398438e-05
GetData ===>> H2,-0.0592326212364769,H1,6.81734717444138,AX,1.2970832457081,L1,0.012909877021954,L2,2.888744344...
check iteration duration=8.70227813721e-05
GetData ===>> H2,-0.0954013996054107,H1,6.78616423284797,AX,1.32005690345726,L1,0.00382563968324909,L2,2.797696...
check iteration duration=3.79085540771e-05
GetData ===>> H2,-0.1041243278893,H1,6.74432929324993,AX,1.33422687218928,L1,0.00295763170146931,L2,2.818482469...
testing H1>-5.0
evaluate ot="H1.bs>-5.0" t="H1>-5.0", ctx="{'H1': None}"
check iteration duration=0.000580787658691
10:49:35 -- collecting point 75
GetData ===>> H2,-0.145463093484732,H1,6.73057705619085,AX,1.36439741993107,L1,0.0187136714315911,L2,2.87589312...
check iteration duration=8.89301300049e-05
GetData ===>> H2,-0.198131355349612,H1,6.84420976547802,AX,1.50919468649671,L1,0.0107995800941256,L2,2.89265441...
check iteration duration=7.60555267334e-05
GetData ===>> H2,-0.0615296631356114,H1,6.89573440115086,AX,1.44149553468484,L1,-0.0027575870844756,L2,2.850091...
check iteration duration=4.29153442383e-05
GetData ===>> H2,-0.0529343966649106,H1,6.83247965002745,AX,1.35050495050136,L1,-0.00554920775597943,L2,2.86259...
check iteration duration=8.89301300049e-05
GetData ===>> H2,-0.109327850755307,H1,6.89171120074039,AX,1.41020982045346,L1,-0.00161288284279631,L2,2.812932...
testing H1>-5.0
evaluate ot="H1.bs>-5.0" t="H1>-5.0", ctx="{'H1': None}"
check iteration duration=0.00058388710022
GetData ===>> H2,-0.159882860895143,H1,6.89632678742,AX,1.38355824874714,L1,0.0230401702907078,L2,2.95495914274...
check iteration duration=0.000103950500488
GetData ===>> H2,-0.248157739279722,H1,6.75993295717825,AX,1.25765399226545,L1,0.00976860028112446,L2,2.8424717...
check iteration duration=6.60419464111e-05
GetData ===>> H2,-0.320850054209329,H1,6.87945744610106,AX,1.42739353087357,L1,0.0169192179157547,L2,2.76156426...
check iteration duration=8.51154327393e-05
GetData ===>> H2,-0.0946537566831659,H1,6.88819411371833,AX,1.38109433697833,L1,0.0229596547456061,L2,2.8211990...
check iteration duration=7.41481781006e-05
GetData ===>> H2,-0.148786024637309,H1,6.89014392264438,AX,1.52822010543959,L1,0.0331739013415707,L2,2.79119507...
testing H1>-5.0
evaluate ot="H1.bs>-5.0" t="H1>-5.0", ctx="{'H1': None}"
check iteration duration=0.00134205818176
GetData ===>> H2,-0.172054214890757,H1,6.90924905614276,AX,1.49477898680665,L1,-0.00770087862336679,L2,2.839627...
check iteration duration=4.79221343994e-05
GetData ===>> H2,-0.22749049988183,H1,6.9512563279426,AX,1.34347992774948,L1,0.00957297806880449,L2,2.796088148...
check iteration duration=3.50475311279e-05
GetData ===>> H2,-0.165299965395661,H1,6.99471496222344,AX,1.40341193026111,L1,0.0181815478106074,L2,2.89575481...
check iteration duration=7.10487365723e-05
GetData ===>> H2,-0.197771284677637,H1,7.00625516988065,AX,1.28144742055731,L1,-0.00602659695455461,L2,2.874829...
check iteration duration=8.70227813721e-05
GetData ===>> H2,-0.2061335637341,H1,6.98202838853612,AX,1.40962579076131,L1,0.00651792404726598,L2,2.767195965...
testing H1>-5.0
evaluate ot="H1.bs>-5.0" t="H1>-5.0", ctx="{'H1': None}"
check iteration duration=0.000578880310059
GetData ===>> H2,-0.180376124448153,H1,7.01604375461125,AX,1.30359988254649,L1,0.0286094460379368,L2,2.75096090...
check iteration duration=3.19480895996e-05
GetData ===>> H2,-0.252707511312205,H1,7.01290834432873,AX,1.40231403344321,L1,0.00106100045576426,L2,2.8949450...
check iteration duration=4.60147857666e-05
GetData ===>> H2,-0.178249286301489,H1,7.05950488073375,AX,1.36725787866132,L1,0.0343865506128847,L2,2.88196572...
check iteration duration=8.10623168945e-05
GetData ===>> H2,-0.233908039815659,H1,7.08467621929774,AX,1.43450853863031,L1,0.0398182194615887,L2,2.79849429...
check iteration duration=5.88893890381e-05
GetData ===>> H2,-0.176751083096661,H1,7.10958185197239,AX,1.42534908390421,L1,-0.000979279894295683,L2,2.82939...
testing H1>-5.0
evaluate ot="H1.bs>-5.0" t="H1>-5.0", ctx="{'H1': None}"
check iteration duration=0.000607967376709
GetData ===>> H2,-0.111852790100538,H1,7.08584971346833,AX,1.40823581408686,L1,-0.0190369364873143,L2,2.8703644...
check iteration duration=8.89301300049e-05
GetData ===>> H2,-0.0947648226913839,H1,7.00062684384675,AX,1.37331765674636,L1,0.0126181543644642,L2,2.7547419...
check iteration duration=7.29560852051e-05
GetData ===>> H2,-0.0718072145495884,H1,7.06246880322665,AX,1.28584948791146,L1,-0.0192635577628463,L2,2.714522...
check iteration duration=8.58306884766e-05
GetData ===>> H2,-0.207851628568635,H1,7.07809254575917,AX,1.36315985957441,L1,0.00953817451491667,L2,2.8062105...
check iteration duration=7.20024108887e-05
GetData ===>> H2,-0.176128798101718,H1,7.16392070283602,AX,1.38709658107603,L1,0.00152312135977898,L2,2.7719953...
testing H1>-5.0
evaluate ot="H1.bs>-5.0" t="H1>-5.0", ctx="{'H1': None}"
check iteration duration=0.00066089630127
10:50:01 -- collecting point 100
GetData ===>> H2,-0.212194810355655,H1,7.09252035380852,AX,1.36652232415818,L1,-0.0099108398244439,L2,2.8062105...
check iteration duration=8.89301300049e-05
GetData ===>> H2,-0.25411120906614,H1,7.03350009600874,AX,1.34693836469783,L1,0.00536861883106054,L2,2.88832789...
check iteration duration=9.3936920166e-05
GetData ===>> H2,-0.253941806531598,H1,7.18705592880313,AX,1.3137377346426,L1,0.0586842157049712,L2,2.909407032...
check iteration duration=9.08374786377e-05
GetData ===>> H2,-0.170887184859697,H1,7.23697543829671,AX,1.40803724759912,L1,0.0830482952541719,L2,2.84361640...
check iteration duration=3.69548797607e-05
GetData ===>> H2,-0.234282104397737,H1,7.31368081742365,AX,1.41369070957543,L1,0.031319755260648,L2,2.854023349...
testing H1>-5.0
evaluate ot="H1.bs>-5.0" t="H1>-5.0", ctx="{'H1': None}"
check iteration duration=0.000937938690186
GetData ===>> H2,-0.13166927941819,H1,7.30130075709125,AX,1.32106146690486,L1,0.0315684770332914,L2,2.806279958...
check iteration duration=8.82148742676e-05
GetData ===>> H2,-0.132824363852911,H1,7.20550110684577,AX,1.31565329915597,L1,0.0453436376130465,L2,2.85884560...
check iteration duration=3.2901763916e-05
GetData ===>> H2,-0.069792155420084,H1,7.20694671489406,AX,1.30675324950707,L1,-0.0106613728031352,L2,2.8311526...
check iteration duration=3.60012054443e-05
GetData ===>> H2,-0.0613100132933086,H1,7.22284973353651,AX,1.39479260290227,L1,0.030556806445729,L2,2.87176397...
check iteration duration=4.00543212891e-05
GetData ===>> H2,-0.163492301425023,H1,7.21560842964297,AX,1.37439187615049,L1,0.0257881825104119,L2,2.83500261...
testing H1>-5.0
evaluate ot="H1.bs>-5.0" t="H1>-5.0", ctx="{'H1': None}"
check iteration duration=0.00104808807373
GetData ===>> H2,-0.220620717060533,H1,7.2987779289863,AX,1.29130272091643,L1,0.0255095820248104,L2,2.864153842...
check iteration duration=7.39097595215e-05
GetData ===>> H2,-0.187204676210412,H1,7.34016132602731,AX,1.44736125690481,L1,0.0357447947202493,L2,2.83711841...
check iteration duration=8.08238983154e-05
GetData ===>> H2,-0.190690208941538,H1,7.35409223673369,AX,1.37399488065154,L1,0.0243813894561322,L2,2.78509931...
check iteration duration=8.79764556885e-05
GetData ===>> H2,-0.148168789524971,H1,7.44975549849081,AX,1.38883659992209,L1,0.0043431184826001,L2,2.85115554...
check iteration duration=8.60691070557e-05
GetData ===>> H2,-0.112451111682966,H1,7.36153435909361,AX,1.33268478119112,L1,0.0305724252916125,L2,2.82353416...
testing H1>-5.0
evaluate ot="H1.bs>-5.0" t="H1>-5.0", ctx="{'H1': None}"
check iteration duration=0.000578165054321
GetData ===>> H2,-0.149580142052788,H1,7.33869046945508,AX,1.34503387249712,L1,0.0111152562429264,L2,2.83352274...
check iteration duration=3.79085540771e-05
GetData ===>> H2,-0.179589402830656,H1,7.35259645927708,AX,1.34012676249928,L1,-0.0210871336311794,L2,2.8909422...
check iteration duration=8.29696655273e-05
GetData ===>> H2,-0.158830734992867,H1,7.36830937970743,AX,1.28499708277136,L1,-0.00683258965201005,L2,2.789807...
check iteration duration=3.91006469727e-05
GetData ===>> H2,-0.136045535463898,H1,7.36806210840501,AX,1.39541158083082,L1,-0.0110785777962435,L2,2.7688496...
check iteration duration=3.981590271e-05
GetData ===>> H2,-0.161610080444801,H1,7.40241373550183,AX,1.3979576066148,L1,-0.00457996608105046,L2,2.7892286...
testing H1>-5.0
evaluate ot="H1.bs>-5.0" t="H1>-5.0", ctx="{'H1': None}"
check iteration duration=0.00060510635376
GetData ===>> H2,-0.219580660475916,H1,7.35882694717287,AX,1.46368663765375,L1,0.0150290214071524,L2,2.75225590...
check iteration duration=1.69277191162e-05
waiting for write to finish
measurement finished
estimated time: 125.829 actual time: :126.188
flush and close file /Users/jan/PychronDev/data/isotopes/e8/c2e04c-dc80-484c-a33d-0608665d4d02.h5
baselines () {'settling_time': 15.0, 'detector': 'H1', 'mass': 34.2, 'ncounts': 60}
%%%%%%%%%%%%%%%%%%%%%%%%%%%%%%%% Baseline
build tables- baseline [Detector(H2), Detector(H1), Detector(AX), Detector(L1), Detector(L2), Detector(CDD)]
add group baseline table H2
add group baseline table H1
add group baseline table AX
add group baseline table L1
add group baseline table L2
add group baseline table CDD
flush and close file /Users/jan/PychronDev/data/isotopes/e8/c2e04c-dc80-484c-a33d-0608665d4d02.h5
detector Detector(H1)
POSITION 34.2 H1
Mapping mass to dac mass func: "parabolic"
H1 map mass coeffs = [-0.00063987  0.15840543  0.57273999]
H1 map mass to dac 34.2 >> 5.24178599104
GetDeflection H1 ===>> 0
GetHighVoltage ===>> 4499.94659342336
positioning 34.2 (5.24175512266) on H1
setting magnet DAC
current  : 5.881095
requested: 5.241755
Delta Dac: 0.639340
Checking detector protection. dv=0.63934
Checking detector "CDD". Protection Threshold: 0.1 (V)
ProtectDetector CDD,On ===>> OK
GetDeflection CDD ===>> 2000
Protected = 2000
SetMagnetDAC 5.24175512266 ===>> OK
Magnet settling time: 0.500
GetMagnetMoving ===>> True
GetMagnetMoving ===>> True
GetMagnetMoving ===>> True
GetMagnetMoving ===>> True
GetMagnetMoving ===>> True
GetMagnetMoving ===>> True
GetMagnetMoving ===>> True
GetMagnetMoving ===>> True
GetMagnetMoving ===>> False
ProtectDetector CDD,Off ===>> OK
GetDeflection CDD ===>> 50
Delaying 15.0s for detectors to settle
Join finished
measuring baseline. ncounts=60
"baseline" increment series count="2" fit count="1" regressing="True"
starting measurement
check iteration duration=3.981590271e-05
GetData ===>> H2,-0.185207258653824,H1,-0.00922295592407068,AX,-0.17512398365157,L1,-0.0466981385119009,L2,-0.0...
check iteration duration=6.91413879395e-05
GetData ===>> H2,-0.216557866308929,H1,-0.0223184769718941,AX,-0.0399096971637369,L1,-0.0330179392335928,L2,-0....
check iteration duration=8.89301300049e-05
GetData ===>> H2,-0.256650597840289,H1,-0.0318110621996269,AX,-0.130177653099747,L1,-0.0431425738506988,L2,0.04...
check iteration duration=3.09944152832e-05
GetData ===>> H2,-0.189243539774832,H1,-0.091631789644153,AX,-0.0876620038048174,L1,-0.0350486751989207,L2,-0.1...
testing H1>-5.0
evaluate ot="H1.bs>-5.0" t="H1>-5.0", ctx="{'H1': None}"
check iteration duration=0.000978946685791
GetData ===>> H2,-0.204420629107266,H1,-0.0183828447213984,AX,0.0182037311796708,L1,-0.0307833385078228,L2,-0.0...
check iteration duration=8.79764556885e-05
GetData ===>> H2,-0.180840305044575,H1,-0.0837539020434484,AX,-0.107977740448996,L1,-0.0405139993174344,L2,0.01...
check iteration duration=8.20159912109e-05
GetData ===>> H2,-0.147910810408059,H1,-0.0741351256986931,AX,0.020756413632644,L1,-0.0279899880542296,L2,0.012...
check iteration duration=7.39097595215e-05
GetData ===>> H2,-0.119100917221302,H1,-0.0925017755073697,AX,-0.0700430989680115,L1,0.00102139107924702,L2,0.0...
check iteration duration=3.19480895996e-05
GetData ===>> H2,-0.127665225314052,H1,-0.0592939357544562,AX,-0.0257731166546089,L1,-0.0531488137740489,L2,0.0...
testing H1>-5.0
evaluate ot="H1.bs>-5.0" t="H1>-5.0", ctx="{'H1': None}"
check iteration duration=0.000650882720947
GetData ===>> H2,-0.165407957101071,H1,-0.0824070906427775,AX,-0.0640264395716937,L1,-0.0254966387910375,L2,0.0...
check iteration duration=3.91006469727e-05
GetData ===>> H2,-0.116860392140785,H1,-0.129431734739627,AX,-0.0628207443899394,L1,-0.0325293872854924,L2,0.02...
check iteration duration=8.79764556885e-05
GetData ===>> H2,-0.108612475745524,H1,-0.0326219448262275,AX,-0.251339290222813,L1,-0.0557586785700327,L2,0.02...
check iteration duration=9.48905944824e-05
GetData ===>> H2,-0.184098479107382,H1,-0.0722041074800781,AX,-0.161051568244828,L1,-0.0635878889812466,L2,-0.0...
check iteration duration=8.10623168945e-05
GetData ===>> H2,-0.160928137014094,H1,-0.0520215452150861,AX,-0.0803830009385652,L1,-0.0157557518152751,L2,-0....
testing H1>-5.0
evaluate ot="H1.bs>-5.0" t="H1>-5.0", ctx="{'H1': None}"
check iteration duration=0.00120210647583
GetData ===>> H2,-0.185851973468648,H1,-0.0102487143170514,AX,-0.0554471295862721,L1,0.0313257629606447,L2,0.06...
check iteration duration=8.29696655273e-05
GetData ===>> H2,-0.253234590708218,H1,-0.0434847535242476,AX,-0.0667971632326775,L1,-0.00962188169614287,L2,-0...
check iteration duration=6.79492950439e-05
GetData ===>> H2,-0.205261630215985,H1,-0.0541556293579991,AX,0.00650866018412567,L1,-0.0464300185777478,L2,0.0...
check iteration duration=8.39233398438e-05
GetData ===>> H2,-0.243795875793012,H1,-0.0772342128451118,AX,-0.136170636230131,L1,-0.0457022284009946,L2,0.12...
check iteration duration=8.51154327393e-05
GetData ===>> H2,-0.177679722490709,H1,0.0142888766840656,AX,-0.155892718146377,L1,-0.00854151247086454,L2,-0.0...
testing H1>-5.0
evaluate ot="H1.bs>-5.0" t="H1>-5.0", ctx="{'H1': None}"
check iteration duration=0.000581979751587
GetData ===>> H2,-0.103358310640254,H1,-0.0443193881812352,AX,-0.0577775305010523,L1,-0.0236606785296314,L2,-0....
check iteration duration=4.10079956055e-05
GetData ===>> H2,-0.0502786841882402,H1,0.0066060672254455,AX,-0.073474399012566,L1,-0.0132842018331662,L2,-0.0...
check iteration duration=6.19888305664e-05
GetData ===>> H2,-0.128096447794863,H1,-0.0386795071742217,AX,-0.121279757840182,L1,-0.0421654710778121,L2,-0.0...
check iteration duration=6.5803527832e-05
GetData ===>> H2,-0.0312562958422323,H1,-0.0585905636899085,AX,-0.12950570504594,L1,-0.0502931270686496,L2,0.08...
check iteration duration=7.29560852051e-05
GetData ===>> H2,-0.0622699332396651,H1,-0.114713646691933,AX,-0.0411040803570756,L1,-0.0413930615785694,L2,0.0...
testing H1>-5.0
evaluate ot="H1.bs>-5.0" t="H1>-5.0", ctx="{'H1': None}"
check iteration duration=0.00201892852783
10:51:06 -- collecting point 25
GetData ===>> H2,-0.0829635843610841,H1,-0.0802259328425368,AX,-0.106784177843722,L1,-0.00630366422287309,L2,0....
check iteration duration=4.79221343994e-05
GetData ===>> H2,-0.307757918886128,H1,-0.00459498503355675,AX,-0.101418759252332,L1,-0.00185167360978914,L2,-0...
check iteration duration=6.29425048828e-05
GetData ===>> H2,-0.340997381388328,H1,-0.0578991083669099,AX,-0.0335084811321456,L1,-0.0163650585219133,L2,0.0...
check iteration duration=6.31809234619e-05
GetData ===>> H2,-0.190914001448721,H1,0.00995827648304655,AX,-0.0946970830106603,L1,-0.0221372482361533,L2,0.0...
check iteration duration=6.00814819336e-05
GetData ===>> H2,-0.12382405394297,H1,0.00521034059912675,AX,-0.0975480575773354,L1,-0.0314049091471672,L2,0.01...
testing H1>-5.0
evaluate ot="H1.bs>-5.0" t="H1>-5.0", ctx="{'H1': None}"
check iteration duration=0.000789880752563
GetData ===>> H2,-0.19273653227037,H1,-0.0428051173045894,AX,-0.0413707852817183,L1,-0.0329197517776697,L2,0.02...
check iteration duration=3.60012054443e-05
GetData ===>> H2,-0.151897350421943,H1,-0.102738438219396,AX,-0.0550529268980627,L1,-0.0150060620347845,L2,-0.1...
check iteration duration=7.79628753662e-05
GetData ===>> H2,-0.211264076538444,H1,-0.0608198784904922,AX,-0.140797162594793,L1,-0.0506987390798424,L2,-0.0...
check iteration duration=4.29153442383e-05
GetData ===>> H2,-0.277481208108492,H1,-0.0631325910916079,AX,-0.0962848311866602,L1,-0.0873624653751157,L2,0.0...
check iteration duration=7.60555267334e-05
GetData ===>> H2,-0.155246831350861,H1,-0.0629180117595716,AX,0.00392154756402402,L1,-0.0531488137740489,L2,0.0...
testing H1>-5.0
evaluate ot="H1.bs>-5.0" t="H1>-5.0", ctx="{'H1': None}"
check iteration duration=0.000571012496948
GetData ===>> H2,-0.286206675476785,H1,-0.0560869958875053,AX,-0.0512267590159294,L1,-0.0574906528902912,L2,-0....
check iteration duration=8.20159912109e-05
GetData ===>> H2,-0.307198327394717,H1,-0.00677779177935529,AX,-0.0845325629352952,L1,-0.0216613537159351,L2,0....
check iteration duration=8.48770141602e-05
GetData ===>> H2,-0.278497777976826,H1,-0.0636690374085756,AX,-0.115996247425198,L1,-0.0257398903654175,L2,0.02...
check iteration duration=3.91006469727e-05
GetData ===>> H2,-0.345196439710495,H1,-0.0966013331054725,AX,-0.0778329029796754,L1,-0.0175535801836414,L2,0.0...
check iteration duration=8.41617584229e-05
GetData ===>> H2,-0.277105174894031,H1,-0.0626557475067234,AX,-0.094152375112193,L1,0.0241626479893243,L2,-0.05...
testing H1>-5.0
evaluate ot="H1.bs>-5.0" t="H1>-5.0", ctx="{'H1': None}"
check iteration duration=0.000568151473999
GetData ===>> H2,-0.288843063024486,H1,-0.0188241202826454,AX,-0.16924720110952,L1,-0.00802346967023476,L2,-0.0...
check iteration duration=5.69820404053e-05
GetData ===>> H2,-0.269377602110075,H1,-0.0570288216004798,AX,-0.0685592560671858,L1,-0.0200189251485496,L2,0.0...
check iteration duration=8.79764556885e-05
GetData ===>> H2,-0.274742593610944,H1,-0.133915254180672,AX,0.0138179149029677,L1,-0.0389413160167977,L2,-0.00...
check iteration duration=6.00814819336e-05
GetData ===>> H2,-0.320658382133758,H1,-0.107635935516614,AX,-0.0413591894306002,L1,-0.0627900508080069,L2,0.00...
check iteration duration=7.79628753662e-05
GetData ===>> H2,-0.220192311561456,H1,0.0423886437773692,AX,-0.0122608477895479,L1,-0.00283917529057563,L2,-0....
testing H1>-5.0
evaluate ot="H1.bs>-5.0" t="H1>-5.0", ctx="{'H1': None}"
check iteration duration=0.00259590148926
GetData ===>> H2,-0.143525618434545,H1,-0.0136837356482509,AX,-0.136704031444489,L1,0.0100518391722395,L2,-0.05...
check iteration duration=5.98430633545e-05
GetData ===>> H2,-0.0615337306853129,H1,-0.0262301035612865,AX,-0.00585781300136312,L1,0.0036611566309981,L2,-0...
check iteration duration=8.41617584229e-05
GetData ===>> H2,-0.159772115399684,H1,-0.0798683614539051,AX,-0.102542856332406,L1,-0.00739986427082855,L2,-0....
check iteration duration=8.70227813721e-05
GetData ===>> H2,-0.137535457459127,H1,-0.0418273869279282,AX,-0.170835242452222,L1,-0.0278486229358475,L2,0.06...
check iteration duration=3.79085540771e-05
GetData ===>> H2,-0.224823079800508,H1,-0.0414696783059164,AX,-0.109715912227674,L1,-0.0433652825104183,L2,0.07...
testing H1>-5.0
evaluate ot="H1.bs>-5.0" t="H1>-5.0", ctx="{'H1': None}"
check iteration duration=0.000576972961426
10:51:33 -- collecting point 50
GetData ===>> H2,-0.194998111351866,H1,-0.00729068481872801,AX,-0.041347593578146,L1,-0.0484479241313841,L2,-0....
check iteration duration=8.20159912109e-05
GetData ===>> H2,-0.179655527334804,H1,-0.0633710120319762,AX,-0.045788704003153,L1,-0.0496721141146819,L2,-0.1...
check iteration duration=8.79764556885e-05
GetData ===>> H2,-0.0523400702542635,H1,-0.0835274482969826,AX,-0.101835951436872,L1,-0.0204493392921872,L2,0.0...
check iteration duration=8.48770141602e-05
GetData ===>> H2,-0.10495118960195,H1,-0.0236422457666084,AX,-0.103979827500285,L1,-0.039888788358986,L2,-0.005...
check iteration duration=4.00543212891e-05
GetData ===>> H2,-0.26515825183081,H1,-0.0985676310682358,AX,-0.061197669592522,L1,-0.04384181456747,L2,0.08133...
testing H1>-5.0
evaluate ot="H1.bs>-5.0" t="H1>-5.0", ctx="{'H1': None}"
check iteration duration=0.000663042068481
GetData ===>> H2,-0.228086914042138,H1,-0.0398480498503549,AX,-0.130849596511899,L1,-0.0330442820464261,L2,-0.0...
check iteration duration=8.48770141602e-05
GetData ===>> H2,-0.232332257689454,H1,-0.0797372516245563,AX,-0.0657885825803841,L1,-0.0447852334862703,L2,-0....
check iteration duration=3.91006469727e-05
GetData ===>> H2,-0.219602217023997,H1,-0.0231055848519233,AX,-0.0404894966611623,L1,-0.0139206262924209,L2,-0....
check iteration duration=8.79764556885e-05
GetData ===>> H2,-0.240198290542665,H1,0.0364100710571027,AX,-0.0826316682321508,L1,-0.0186160548605997,L2,-0.0...
check iteration duration=8.29696655273e-05
GetData ===>> H2,-0.180741803194677,H1,0.0366606627452139,AX,-0.105474718528841,L1,-0.0363439932763004,L2,0.036...
testing H1>-5.0
evaluate ot="H1.bs>-5.0" t="H1>-5.0", ctx="{'H1': None}"
check iteration duration=0.000562906265259
GetData ===>> H2,-0.0440254793948682,H1,-0.0359727283661513,AX,-0.155776785787011,L1,-0.0059774197161599,L2,0.0...
check iteration duration=4.10079956055e-05
waiting for write to finish
measurement finished
estimated time: 62.915 actual time: :63.117
flush and close file /Users/jan/PychronDev/data/isotopes/e8/c2e04c-dc80-484c-a33d-0608665d4d02.h5
activate_detectors ('H1', 'AX', 'CDD') {'peak_center': True}
peak_center () {'detector': 'H1', 'integration_time': 0.262144, 'isotope': 'Ar40'}
peak center: mean=7.36944425199 threshold=3
peak center started
setup peak center. detector=['H1', 'AX', 'CDD'], isotope=Ar40
VersionedUnpickler [<apptools.sweet_pickle.versioned_unpickler.VersionedUnpickler object at 0x1e1a36f50>] using Updater [<apptools.sweet_pickle.updater.Updater object at 0x12e273d10>]
VersionedUnpickler [<apptools.sweet_pickle.versioned_unpickler.VersionedUnpickler object at 0x1e1a36f50>] using Updater [<apptools.sweet_pickle.updater.Updater object at 0x12e273d10>]
VersionedUnpickler [<apptools.sweet_pickle.versioned_unpickler.VersionedUnpickler object at 0x1dfb2bef0>] using Updater [<apptools.sweet_pickle.updater.Updater object at 0x12e273d10>]
setting integration time = 0.524288
SetIntegrationTime 0.524288 ===>> OK
Mapping mass to dac mass func: "parabolic"
H1 map mass coeffs = [-0.00063987  0.15840543  0.57273999]
H1 map mass to dac 39.9624 >> 5.88113
GetDeflection H1 ===>> 0
GetHighVoltage ===>> 4499.94659342336
do peak center. <pychron.spectrometer.jobs.peak_center.PeakCenter object at 0x16275af50>
doing pc
starting peak center. center dac= 5.88109536658 step_width=0.001
width = 0.001
get scan parameters. half-width=0.015,window=0.015, i=0, scalar=1
Scan parameters center=5.88110 width=0.03000 (5.86610 - 5.89610)
GetData ===>> H2,-0.0630115108738024,H1,-0.0764236916295456,AX,-0.0102425453272745,L1,-0.0257374938268809,L2,0....
Moving to starting dac 5.86609536658
setting magnet DAC
current  : 5.241755
requested: 5.866095
Delta Dac: 0.624340
Checking detector protection. dv=0.62434
Checking detector "CDD". Protection Threshold: 0.1 (V)
ProtectDetector CDD,On ===>> OK
GetDeflection CDD ===>> 2000
Protected = 2000
SetMagnetDAC 5.86609536658 ===>> OK
Magnet settling time: 0.500
GetMagnetMoving ===>> True
GetMagnetMoving ===>> True
GetMagnetMoving ===>> True
GetMagnetMoving ===>> True
GetMagnetMoving ===>> True
GetMagnetMoving ===>> True
GetMagnetMoving ===>> True
GetMagnetMoving ===>> True
GetMagnetMoving ===>> True
GetMagnetMoving ===>> False
ProtectDetector CDD,Off ===>> OK
GetDeflection CDD ===>> 50
Wait until signal near baseline. tol= -0.0573177687222. timeout= 10
GetData ===>> H2,0.311929941519828,H1,0.151805963465823,AX,-0.0102657444439034,L1,0.0210842292156403,L2,0.00951...
GetData ===>> H2,0.358454013954476,H1,0.204571491163885,AX,0.040135776836613,L1,0.0206137145265363,L2,-0.029373...
GetData ===>> H2,0.140332938948433,H1,0.120212430826006,AX,-0.106656709127237,L1,0.0276425128861018,L2,-0.09439...
GetData ===>> H2,-0.0560973568846164,H1,0.0119386379010102,AX,-0.132819059083767,L1,0.0482363073039389,L2,-0.01...
GetData ===>> H2,-0.165455203148528,H1,-0.00748152806948605,AX,-0.154086714332889,L1,0.025569624582182,L2,-0.12...
GetData ===>> H2,-0.207070109865758,H1,0.0591448696110276,AX,0.00950190766512947,L1,0.00547295378037265,L2,-0.0...
GetData ===>> H2,-0.198685599044557,H1,0.0310284676081409,AX,0.000916870778783043,L1,-0.0179084492349729,L2,-0....
GetData ===>> H2,-0.139577969396939,H1,0.0427943881956551,AX,-0.0358973899819656,L1,-0.0151166597832942,L2,0.01...
GetData ===>> H2,-0.139577969396939,H1,0.0427943881956551,AX,-0.0358973899819656,L1,-0.0151166597832942,L2,0.01...
GetData ===>> H2,-0.161394023601018,H1,0.0990682142562484,AX,-0.0973626308773859,L1,-0.00506939680738145,L2,0.0...
GetData ===>> H2,-0.141411666701191,H1,0.0191446209101056,AX,-0.0162045364148964,L1,0.0023513911055448,L2,0.003...
GetData ===>> H2,-0.176640220089909,H1,-0.0653141215153362,AX,-0.0955315232386907,L1,-0.0160633189680461,L2,-0....
Peak center baseline intensity achieved
_do_sweep sm= 5.86609536658, em= 5.89609536658, stm= 0.001
calculated step values: start=5.86609536658, end=5.89609536658, width=0.001, nsteps=31.0
setting magnet DAC
current  : 5.866095
requested: 5.866095
Delta Dac: 0.000000
Checking detector protection. dv=0.00000
Checking detector "CDD". Protection Threshold: 0.1 (V)
SetMagnetDAC 5.86609536658 ===>> OK
GetData ===>> H2,-0.176640220089909,H1,-0.0653141215153362,AX,-0.0955315232386907,L1,-0.0160633189680461,L2,-0....
setting magnet DAC
current  : 5.866095
requested: 5.867130
Delta Dac: 0.001034
Checking detector protection. dv=0.00103
Checking detector "CDD". Protection Threshold: 0.1 (V)
SetMagnetDAC 5.86712984934 ===>> OK
Magnet settling time: 1.049
GetData ===>> H2,-0.250024672217852,H1,0.0656380642037437,AX,-0.0480265758039369,L1,-0.118512751517683,L2,-0.00...
setting magnet DAC
current  : 5.867130
requested: 5.868164
Delta Dac: 0.001034
Checking detector protection. dv=0.00103
Checking detector "CDD". Protection Threshold: 0.1 (V)
SetMagnetDAC 5.86816433209 ===>> OK
Magnet settling time: 1.049
GetData ===>> H2,-0.378508836616867,H1,0.0524372688380794,AX,-0.07327733437969,L1,-0.0826026271230886,L2,-0.083...
setting magnet DAC
current  : 5.868164
requested: 5.869199
Delta Dac: 0.001034
Checking detector protection. dv=0.00103
Checking detector "CDD". Protection Threshold: 0.1 (V)
SetMagnetDAC 5.86919881485 ===>> OK
Magnet settling time: 1.049
GetData ===>> H2,-0.25474980687171,H1,0.164183806998053,AX,-0.0522238960488904,L1,-0.0201173679343135,L2,0.0479...
setting magnet DAC
current  : 5.869199
requested: 5.870233
Delta Dac: 0.001034
Checking detector protection. dv=0.00103
Checking detector "CDD". Protection Threshold: 0.1 (V)
SetMagnetDAC 5.87023329761 ===>> OK
Magnet settling time: 1.049
GetData ===>> H2,-0.198963384939839,H1,0.686191135158265,AX,0.0821202368980712,L1,-0.0318486080347119,L2,-0.121...
setting magnet DAC
current  : 5.870233
requested: 5.871268
Delta Dac: 0.001034
Checking detector protection. dv=0.00103
Checking detector "CDD". Protection Threshold: 0.1 (V)
SetMagnetDAC 5.87126778037 ===>> OK
Magnet settling time: 1.049
GetData ===>> H2,-0.217026390712696,H1,2.03154512184234,AX,0.301924461757693,L1,-0.0227497080617035,L2,0.121186...
setting magnet DAC
current  : 5.871268
requested: 5.872302
Delta Dac: 0.001034
Checking detector protection. dv=0.00103
Checking detector "CDD". Protection Threshold: 0.1 (V)
SetMagnetDAC 5.87230226313 ===>> OK
Magnet settling time: 1.049
GetData ===>> H2,-0.145807012127558,H1,4.25134637266933,AX,0.612161632401341,L1,-0.0211785305821298,L2,0.223213...
setting magnet DAC
current  : 5.872302
requested: 5.873337
Delta Dac: 0.001034
Checking detector protection. dv=0.00103
Checking detector "CDD". Protection Threshold: 0.1 (V)
SetMagnetDAC 5.87333674589 ===>> OK
Magnet settling time: 1.049
GetData ===>> H2,-0.190624156550746,H1,6.3208629057024,AX,0.864352875401346,L1,-0.0225509293493624,L2,0.7814618...
setting magnet DAC
current  : 5.873337
requested: 5.874371
Delta Dac: 0.001034
Checking detector protection. dv=0.00103
Checking detector "CDD". Protection Threshold: 0.1 (V)
SetMagnetDAC 5.87437122865 ===>> OK
Magnet settling time: 1.049
GetData ===>> H2,-0.204037845074594,H1,7.57425993822769,AX,1.19357518449428,L1,0.0159193728499932,L2,1.32269401...
setting magnet DAC
current  : 5.874371
requested: 5.875406
Delta Dac: 0.001034
Checking detector protection. dv=0.00103
Checking detector "CDD". Protection Threshold: 0.1 (V)
SetMagnetDAC 5.8754057114 ===>> OK
Magnet settling time: 1.049
GetData ===>> H2,-0.17212436777817,H1,8.24326202749417,AX,1.29927160539666,L1,-0.0165186422977722,L2,2.09619641...
setting magnet DAC
current  : 5.875406
requested: 5.876440
Delta Dac: 0.001034
Checking detector protection. dv=0.00103
Checking detector "CDD". Protection Threshold: 0.1 (V)
SetMagnetDAC 5.87644019416 ===>> OK
Magnet settling time: 1.049
GetData ===>> H2,-0.12780446195007,H1,8.53203620148644,AX,1.37637687776208,L1,-0.0503720970627554,L2,2.45058269...
setting magnet DAC
current  : 5.876440
requested: 5.877475
Delta Dac: 0.001034
Checking detector protection. dv=0.00103
Checking detector "CDD". Protection Threshold: 0.1 (V)
SetMagnetDAC 5.87747467692 ===>> OK
Magnet settling time: 1.049
GetData ===>> H2,-0.210691590045356,H1,8.58710834855543,AX,1.28020890246852,L1,-0.0115353255008512,L2,2.5696113...
setting magnet DAC
current  : 5.877475
requested: 5.878509
Delta Dac: 0.001034
Checking detector protection. dv=0.00103
Checking detector "CDD". Protection Threshold: 0.1 (V)
SetMagnetDAC 5.87850915968 ===>> OK
Magnet settling time: 1.049
GetData ===>> H2,-0.103673840704929,H1,8.57781164279186,AX,1.4988708192381,L1,0.00538187104459315,L2,2.72988480...
setting magnet DAC
current  : 5.878509
requested: 5.879544
Delta Dac: 0.001034
Checking detector protection. dv=0.00103
Checking detector "CDD". Protection Threshold: 0.1 (V)
SetMagnetDAC 5.87954364244 ===>> OK
Magnet settling time: 1.049
GetData ===>> H2,-0.100349858849074,H1,8.53558916798465,AX,1.25536529132275,L1,0.0263934445751953,L2,2.49483227...
setting magnet DAC
current  : 5.879544
requested: 5.880578
Delta Dac: 0.001034
Checking detector protection. dv=0.00103
Checking detector "CDD". Protection Threshold: 0.1 (V)
SetMagnetDAC 5.8805781252 ===>> OK
Magnet settling time: 1.049
GetData ===>> H2,-0.178541518800563,H1,8.50376585570214,AX,1.31880480601323,L1,0.0839897183557656,L2,2.70223732...
setting magnet DAC
current  : 5.880578
requested: 5.881613
Delta Dac: 0.001034
Checking detector protection. dv=0.00103
Checking detector "CDD". Protection Threshold: 0.1 (V)
SetMagnetDAC 5.88161260796 ===>> OK
Magnet settling time: 1.049
GetData ===>> H2,-0.0427406569787025,H1,8.65342731737566,AX,1.4375579857166,L1,0.0459230514218194,L2,2.68922539...
setting magnet DAC
current  : 5.881613
requested: 5.882647
Delta Dac: 0.001034
Checking detector protection. dv=0.00103
Checking detector "CDD". Protection Threshold: 0.1 (V)
SetMagnetDAC 5.88264709071 ===>> OK
Magnet settling time: 1.049
GetData ===>> H2,-0.133023927374171,H1,8.50254876321486,AX,1.53494136988398,L1,-0.00563317232097817,L2,2.582653...
setting magnet DAC
current  : 5.882647
requested: 5.883682
Delta Dac: 0.001034
Checking detector protection. dv=0.00103
Checking detector "CDD". Protection Threshold: 0.1 (V)
SetMagnetDAC 5.88368157347 ===>> OK
Magnet settling time: 1.049
GetData ===>> H2,-0.201091052625554,H1,8.64265725604378,AX,1.44613433379569,L1,0.00344144988289747,L2,2.6429928...
setting magnet DAC
current  : 5.883682
requested: 5.884716
Delta Dac: 0.001034
Checking detector protection. dv=0.00103
Checking detector "CDD". Protection Threshold: 0.1 (V)
SetMagnetDAC 5.88471605623 ===>> OK
Magnet settling time: 1.049
GetData ===>> H2,-0.157380018697279,H1,8.58666089455371,AX,1.35877014884359,L1,0.0484669413125226,L2,2.48669105...
setting magnet DAC
current  : 5.884716
requested: 5.885751
Delta Dac: 0.001034
Checking detector protection. dv=0.00103
Checking detector "CDD". Protection Threshold: 0.1 (V)
SetMagnetDAC 5.88575053899 ===>> OK
Magnet settling time: 1.049
GetData ===>> H2,-0.151560503541156,H1,8.49358245812388,AX,1.3732943042814,L1,-0.00701728722358672,L2,2.5362870...
setting magnet DAC
current  : 5.885751
requested: 5.886785
Delta Dac: 0.001034
Checking detector protection. dv=0.00103
Checking detector "CDD". Protection Threshold: 0.1 (V)
SetMagnetDAC 5.88678502175 ===>> OK
Magnet settling time: 1.049
GetData ===>> H2,-0.284774736379889,H1,8.27916095713184,AX,1.17161993825295,L1,-0.018823699990893,L2,2.37691736...
setting magnet DAC
current  : 5.886785
requested: 5.887820
Delta Dac: 0.001034
Checking detector protection. dv=0.00103
Checking detector "CDD". Protection Threshold: 0.1 (V)
SetMagnetDAC 5.88781950451 ===>> OK
Magnet settling time: 1.049
GetData ===>> H2,-0.22165404539087,H1,7.69562304613582,AX,1.29124475214332,L1,-0.00176527760415272,L2,1.6695661...
setting magnet DAC
current  : 5.887820
requested: 5.888854
Delta Dac: 0.001034
Checking detector protection. dv=0.00103
Checking detector "CDD". Protection Threshold: 0.1 (V)
SetMagnetDAC 5.88885398727 ===>> OK
Magnet settling time: 1.049
GetData ===>> H2,-0.251799855175062,H1,6.2076336550122,AX,0.886164257097334,L1,-0.00914945925390201,L2,1.120665...
setting magnet DAC
current  : 5.888854
requested: 5.889888
Delta Dac: 0.001034
Checking detector protection. dv=0.00103
Checking detector "CDD". Protection Threshold: 0.1 (V)
SetMagnetDAC 5.88988847003 ===>> OK
Magnet settling time: 1.049
GetData ===>> H2,-0.111043246019616,H1,3.97125006442847,AX,0.358690455244795,L1,0.0414790808439311,L2,0.4458682...
setting magnet DAC
current  : 5.889888
requested: 5.890923
Delta Dac: 0.001034
Checking detector protection. dv=0.00103
Checking detector "CDD". Protection Threshold: 0.1 (V)
SetMagnetDAC 5.89092295278 ===>> OK
Magnet settling time: 1.049
GetData ===>> H2,-0.277597221767697,H1,2.01732149876455,AX,0.0741939995744502,L1,0.0408584808073786,L2,0.081267...
setting magnet DAC
current  : 5.890923
requested: 5.891957
Delta Dac: 0.001034
Checking detector protection. dv=0.00103
Checking detector "CDD". Protection Threshold: 0.1 (V)
SetMagnetDAC 5.89195743554 ===>> OK
Magnet settling time: 1.049
GetData ===>> H2,-0.180477548855934,H1,0.826062580805576,AX,-0.0919851028430189,L1,-0.0173836998633203,L2,0.076...
setting magnet DAC
current  : 5.891957
requested: 5.892992
Delta Dac: 0.001034
Checking detector protection. dv=0.00103
Checking detector "CDD". Protection Threshold: 0.1 (V)
SetMagnetDAC 5.8929919183 ===>> OK
Magnet settling time: 1.049
GetData ===>> H2,-0.19477719486806,H1,0.15602713710019,AX,-0.020635195967405,L1,-0.0170841731128447,L2,-0.12361...
setting magnet DAC
current  : 5.892992
requested: 5.894026
Delta Dac: 0.001034
Checking detector protection. dv=0.00103
Checking detector "CDD". Protection Threshold: 0.1 (V)
SetMagnetDAC 5.89402640106 ===>> OK
Magnet settling time: 1.049
GetData ===>> H2,-0.207867797350871,H1,0.0671659358902012,AX,-0.140186812491875,L1,-0.0107488913758801,L2,-0.02...
setting magnet DAC
current  : 5.894026
requested: 5.895061
Delta Dac: 0.001034
Checking detector protection. dv=0.00103
Checking detector "CDD". Protection Threshold: 0.1 (V)
SetMagnetDAC 5.89506088382 ===>> OK
Magnet settling time: 1.049
GetData ===>> H2,-0.206172644187989,H1,0.0493103914373407,AX,0.0159063742011074,L1,-0.0112380222632997,L2,-0.10...
setting magnet DAC
current  : 5.895061
requested: 5.896095
Delta Dac: 0.001034
Checking detector protection. dv=0.00103
Checking detector "CDD". Protection Threshold: 0.1 (V)
SetMagnetDAC 5.89609536658 ===>> OK
Magnet settling time: 1.049
GetData ===>> H2,-0.315597749493021,H1,-0.0208635036853753,AX,-0.0363612489795967,L1,-0.032193155931708,L2,0.00...
result of _do_sweep=True
result of _calculate_peak_center=([5.8734383283625515, 5.8810715257918931, 5.8887047232212346], [6.4439419730251455, 8.6507280124556711, 6.4223335270784503], 5.8815939499505552, 8.6507280124556711)
Failed to find a valid peak. No peak greater than 1.0. max = 0.023726616786
new center pos Detector(H1) (Ar40) @ 5.88107152579
GetHighVoltage ===>> 4499.94659342336
GetDeflection H1 ===>> 0
dac uncorrected for HV and deflection 5.88110615907
update mftable H1 Ar40 5.88110615907 message=automated run peakcenter
get initial guess parabolic
get initial guess parabolic
get initial guess parabolic
get initial guess parabolic
get initial guess parabolic
get initial guess parabolic
dump mftable to /Users/jan/PychronDev/setupfiles/spectrometer/mftables/mftable.csv
add to repo msg=modified - automated run peakcenter
locally archiving mftable
setting magnet DAC
current  : 5.896095
requested: 5.881072
Delta Dac: 0.015024
Checking detector protection. dv=0.01502
Checking detector "CDD". Protection Threshold: 0.1 (V)
SetMagnetDAC 5.88107152579 ===>> OK
Magnet settling time: 0.500
sweep finished
setting integration time = 1.048576
SetIntegrationTime 1.048576 ===>> OK
Failed to find a valid peak. No peak greater than 1.0. max = 0.02379881224
flush and close file /Users/jan/PychronDev/data/isotopes/e8/c2e04c-dc80-484c-a33d-0608665d4d02.h5
finished measure script
executed snippet estimated_duration=226.132928, duration=268.096144915
jan_unknown120_60.py completed successfully
Measurement Finished
10:52:26 -- ******* Measurement Finished *******
Post Measurement Started jan_pump_ms.py
10:52:26 -- ******* Post Measurement Started jan_pump_ms.py *******
testing...
no interpolation path defined
executed snippet estimated_duration=0, duration=2.98023223877e-05
Pumping spectrometer
open () {'name': 'O'}
opening name=O desc=---
checking ownership. requestor=129.138.12.150
check software interlocks O
interlocks []
actuate state mode=None-script, software_lock=False
doing actuation None-script open_channel True
Open O ===>> OK
GetIndicatorState O ===>> OK
change switch state (True, True)
update switch state O True args=() kw={} ncanvase=6
10:52:26 -- OPEN   VALVE-O (Jan Ion Pump)
---------------------------------------- open O () result=[(True, True)], time=0.10 sec
action=open, ok=True, locked=[False]
executed snippet estimated_duration=0, duration=0.359182834625
jan_pump_ms.py completed successfully
setting _ms_pumptime
Post Measurement Finished
10:52:26 -- ******* Post Measurement Finished *******
$$$$$$$$$$$$$$$$$$$$ state at run end measurement
state changed from measurement to success
post measurement save measured=True aborted=False
Set filtering
setting fod for Ar40= {'filter_outliers': True, 'std_devs': 2, 'iterations': 1}
setting fod for H1= {'filter_outliers': True, 'std_devs': 2, 'iterations': 1}
setting fod for PM41= {'filter_outliers': False, 'std_devs': 2, 'iterations': 1}
setting fod for H2= {'filter_outliers': True, 'std_devs': 2, 'iterations': 1}
setting fod for Ar36= {'filter_outliers': True, 'std_devs': 2, 'iterations': 1}
setting fod for CDD= {'filter_outliers': True, 'std_devs': 10, 'iterations': 1}
setting fod for Ar37= {'filter_outliers': True, 'std_devs': 2, 'iterations': 1}
setting fod for L2= {'filter_outliers': True, 'std_devs': 2, 'iterations': 1}
setting fod for Ar38= {'filter_outliers': True, 'std_devs': 2, 'iterations': 1}
setting fod for L1= {'filter_outliers': True, 'std_devs': 2, 'iterations': 1}
setting fod for Ar39= {'filter_outliers': True, 'std_devs': 2, 'iterations': 1}
setting fod for AX= {'filter_outliers': True, 'std_devs': 2, 'iterations': 1}
persistence save...
persistence save - db
post measurement save
7363172496 connecting to database sqlite:////Users/jan/PychronDev/.appdata/local_lab.db
connected to db sqlite:////Users/jan/PychronDev/.appdata/local_lab.db
create new session 7363172496
close session 7363172496
No database instance. Not saving post measurement to isotopedb database
$$$$$$$$$$$$$$$ auto_save_detector_ic=False
massspec enabled True
create new session 4997822608
MassSpec Database Version: 16.0
close session 4997822608
saving post measurement to secondary database
saving to massspec database 129.138.12.160/massspecdata
setting labnumber to 65448
setting aliquot to 7
setting step to B
setting uuid to e8c2e04c-dc80-484c-a33d-0608665d4d02
setting irradpos to 65448
setting extract_device to Fusions CO2
setting tray to 
setting position to 186
setting power_requested to 0.4
setting extract_value to 0.4
setting duration to 30.0
setting duration_at_request to 30.0
setting first_stage_delay to 30.0
setting cleanup to 30.0
setting comment to J:2 Plag, 5 crystals
setting irradiation to NM-288
setting level to J
setting irradiation_level to J
setting sample to MB.46.1
setting material to Plagioclase
setting project to IR973
setting mass_spectrometer to Jan
no attribute chron_dosages
no attribute production_ratios
no attribute interference_corrections
no attribute production_name
no attribute j
Reference Isotope=Ar40
Reference Detector=H1
%%%%%%%%%%%%%%%%%%%% Comment: J:2 Plag, 5 crystals %%%%%%%%%%%%%%%%%%%
adding isotope PM41 H2
add baseline dbdet= PM41. original det= H2
get baseline data PM41 H2
Get data baseline <pychron.processing.isotope.Baseline object at 0x1ccfcec10> len t=60
baseline PM41. v=-0.19230022305, e=0.00988405320277
get signal data PM41 H2
Get data signal PM41 0.04+/-0.07 len t=120
adding isotope Ar40 H1
add baseline dbdet= Ar40. original det= H1
get baseline data Ar40 H1
Get data baseline <pychron.processing.isotope.Baseline object at 0x1ccfcee10> len t=60
baseline Ar40. v=-0.049640457458, e=0.00441269501785
get signal data Ar40 H1
Get data signal Ar40 5.422+/-0.010 len t=120
adding isotope Ar39 AX
add baseline dbdet= Ar39. original det= AX
get baseline data Ar39 AX
Get data baseline <pychron.processing.isotope.Baseline object at 0x1ccfcefd0> len t=60
baseline Ar39. v=-0.0800446772193, e=0.00646056251401
get signal data Ar39 AX
Get data signal Ar39 1.340+/-0.010 len t=120
adding isotope Ar38 L1
add baseline dbdet= Ar38. original det= L1
get baseline data Ar38 L1
Get data baseline <pychron.processing.isotope.Baseline object at 0x1ccfda1d0> len t=60
baseline Ar38. v=-0.0296197421157, e=0.00241143018575
get signal data Ar38 L1
Get data signal Ar38 0.027+/-0.004 len t=120
adding isotope Ar37 L2
add baseline dbdet= Ar37. original det= L2
get baseline data Ar37 L2
Get data baseline <pychron.processing.isotope.Baseline object at 0x1ccfda390> len t=60
baseline Ar37. v=-0.000148421083408, e=0.00662461118207
get signal data Ar37 L2
Get data signal Ar37 2.940+/-0.010 len t=120
adding isotope Ar36 CDD
add baseline dbdet= Ar36. original det= CDD
get baseline data Ar36 CDD
Get data baseline <pychron.processing.isotope.Baseline object at 0x1ccfda550> len t=60
baseline Ar36. v=1.98487215409e-05, e=7.47823212825e-06
get signal data Ar36 CDD
Get data signal Ar36 0.01585+/-0.00033 len t=120
65448-07B added analysis time 0.499750852585s
analysis added to mass spec database
mass spec save time= 0.509
persistence save - dvc
================= post measurement started
create new session 4992585168
close session 4992585168
---------------- Experiment Queue saving disabled
DVC saving peakcenter
Failed to find a valid peak. No peak greater than 1.0. max = 0.02379881224
Smart pull ahead: 0 behind: 0
Up-to-date with origin
add to repo msg=modified - ad8224ebc6dbfeb9f5997218dfa5fe690569839d.json
add to repo msg=modified - 48-07B.json
add to repo msg=modified - 48-07B.dat.json
add to repo msg=modified - 48-07B.blan.json
add to repo msg=modified - 48-07B.inte.json
add to repo msg=modified - 48-07B.icfa.json
add to repo msg=modified - 48-07B.base.json
not at valid file /Users/jan/PychronDev/data/.dvc/repositories/Load1794/654/tags/48-07B.tags.json
add to repo msg=modified - 48-07B.peak.json
add to repo msg=modified - 48-07B.extr.json
not at valid file /Users/jan/PychronDev/data/.dvc/repositories/Load1794/654/monitor/48-07B.moni.json
commit message=<COLLECTION>
add to repo msg=modified - 48-07B.inte.json
add to repo msg=modified - 48-07B.base.json
commit message=<ISOEVO> default collection fits
add to repo msg=modified - 48-07B.blan.json
commit message=<BLANKS> preceding bu-FC-J-7809
add to repo msg=modified - 48-07B.icfa.json
commit message=<ICFactor> default
push repository <pychron.git_archive.repo_manager.GitRepoManager object at 0x1e1d2a830>
pushing to remote=origin, url=https://github.com
no changes to meta repo
create new session 4992585168
add association Load1794
get identifier "65448"
setting analysis irradiation position=<pychron.dvc.dvc_orm.IrradiationPositionTbl object at 0x1d4f2d990>
close session 4992585168
================= post measurement finished
10:52:39 -- ******* Post Run Check *******
loading queue conditionals post_run_actions
loading system conditionals post_run_actions
loading conditionals from /Users/jan/PychronDev/setupfiles/spectrometer/default_conditionals.yaml
loading queue conditionals post_run_terminations
loading system conditionals post_run_terminations
loading conditionals from /Users/jan/PychronDev/setupfiles/spectrometer/default_conditionals.yaml
Checking default post run terminations n=1
GetDeflection CDD ===>> 50
testing CDD==2000
evaluate ot="CDD.deflection==2000" t="CDD==2000", ctx="{'CDD': 50.0}"
10:52:39 -- ******* Post Run Check Passed *******
10:52:39 -- Automated run 65448-07B success duration: 355.572 s
----------------- finish -----------------
----------------- stop -----------------
retroactive repository identifiers disabled
finish run. runs completed=133
update duration runid=65448-07B, duration=355.572413921, md5=301e91d8
loading script "jan_unknown120_60.py"
loading script "jan_pump_ms.py"
loading script "jan_co2.py"
loading script "jan_pump_extraction_line.py"
testing...
no interpolation path defined
executed snippet estimated_duration=213.652928, duration=0.000200986862183
script duration name:unknown120_60 seconds:214.0
loading script "jan_unknown120_60.py"
loading script "jan_pump_ms.py"
loading script "jan_co2.py"
loading script "jan_pump_extraction_line.py"
testing...
no interpolation path defined
executed snippet estimated_duration=0, duration=2.71797180176e-05
loading script "jan_unknown120_60.py"
loading script "jan_pump_ms.py"
loading script "jan_co2.py"
loading script "jan_pump_extraction_line.py"
testing...
no interpolation path defined
calculate duration
testing...
no interpolation path defined
executed snippet estimated_duration=0, duration=5.00679016113e-05
calculate duration
testing...
no interpolation path defined
executed snippet estimated_duration=0, duration=9.41753387451e-05
executed snippet estimated_duration=0.0, duration=0.00352907180786
script duration name:co2 seconds:0.0
loading script "jan_unknown120_60.py"
loading script "jan_pump_ms.py"
loading script "jan_co2.py"
loading script "jan_pump_extraction_line.py"
testing...
no interpolation path defined
calculate duration
testing...
no interpolation path defined
executed snippet estimated_duration=4.0, duration=0.000145196914673
executed snippet estimated_duration=4.0, duration=0.00153994560242
Script duration 214.0
Run total estimated duration= 215.000
loading script "jan_unknown400_120.py"
loading script "jan_pump_ms.py"
loading script "jan_co2.py"
loading script "jan_pump_extraction_line.py"
testing...
no interpolation path defined
executed snippet estimated_duration=556.052928, duration=0.000166893005371
script duration name:unknown400_120 seconds:556.0
pump_ms in script context. using previous estimated duration
co2 in script context. using previous estimated duration
script duration name:co2 seconds:0.0
pump_extraction_line in script context. using previous estimated duration
Script duration 556.0
Run total estimated duration= 557.000
unknown120_60 in script context. using previous estimated duration
script duration name:unknown120_60 seconds:214.0
script duration name:co2 seconds:0.0
Script duration 214.0
Run total estimated duration= 215.000
script duration name:unknown120_60 seconds:214.0
script duration name:co2 seconds:0.0
Script duration 214.0
Run total estimated duration= 215.000
script duration name:unknown120_60 seconds:214.0
script duration name:co2 seconds:0.0
Script duration 214.0
Run total estimated duration= 215.000
unknown400_120 in script context. using previous estimated duration
script duration name:unknown400_120 seconds:556.0
loading script "jan_unknown400_120.py"
loading script "jan_pump_ms.py"
loading script "jan_cocktail_x1.py"
loading script "jan_pump_extraction_line.py"
testing...
no interpolation path defined
calculate duration
testing...
no interpolation path defined
executed snippet estimated_duration=0, duration=4.81605529785e-05
calculate duration
testing...
no interpolation path defined
executed snippet estimated_duration=0, duration=0.000102043151855
calculate duration
testing...
no interpolation path defined
executed snippet estimated_duration=32.0, duration=8.9168548584e-05
calculate duration
testing...
no interpolation path defined
executed snippet estimated_duration=34.0, duration=0.000138998031616
calculate duration
testing...
no interpolation path defined
executed snippet estimated_duration=4.0, duration=9.08374786377e-05
calculate duration
testing...
no interpolation path defined
executed snippet estimated_duration=38.0, duration=9.48905944824e-05
executed snippet estimated_duration=108.0, duration=0.0129899978638
script duration name:cocktail_x1 seconds:108.0
Script duration 664.0
Run total estimated duration= 665.000
script duration name:unknown400_120 seconds:556.0
cocktail_x1 in script context. using previous estimated duration
script duration name:cocktail_x1 seconds:108.0
Script duration 664.0
Run total estimated duration= 665.000
loading script "jan_ic_peak_hop3.py"
loading script "jan_pump_ms.py"
loading script "jan_air_x1.py"
loading script "jan_pump_extraction_line.py"
testing...
no interpolation path defined
executed snippet estimated_duration=133.8, duration=0.00859403610229
script duration name:ic_peak_hop3 seconds:134.0
loading script "jan_ic_peak_hop3.py"
loading script "jan_pump_ms.py"
loading script "jan_air_x1.py"
loading script "jan_pump_extraction_line.py"
testing...
no interpolation path defined
calculate duration
testing...
no interpolation path defined
executed snippet estimated_duration=0, duration=7.79628753662e-05
calculate duration
testing...
no interpolation path defined
executed snippet estimated_duration=0, duration=0.00014591217041
calculate duration
testing...
no interpolation path defined
executed snippet estimated_duration=32.0, duration=0.00012993812561
calculate duration
testing...
no interpolation path defined
executed snippet estimated_duration=34.0, duration=0.000180959701538
calculate duration
testing...
no interpolation path defined
executed snippet estimated_duration=4.0, duration=0.000102043151855
calculate duration
testing...
no interpolation path defined
executed snippet estimated_duration=36.0, duration=0.000113964080811
executed snippet estimated_duration=106.0, duration=0.0103089809418
script duration name:air_x1 seconds:106.0
Script duration 240.0
Run total estimated duration= 241.000
script duration name:unknown120_60 seconds:214.0
script duration name:co2 seconds:0.0
Script duration 214.0
Run total estimated duration= 215.000
script duration name:unknown120_60 seconds:214.0
script duration name:co2 seconds:0.0
Script duration 214.0
Run total estimated duration= 215.000
script duration name:unknown120_60 seconds:214.0
script duration name:co2 seconds:0.0
Script duration 214.0
Run total estimated duration= 215.000
script duration name:unknown400_120 seconds:556.0
loading script "jan_unknown400_120.py"
loading script "jan_pump_ms.py"
loading script "jan_sniffair_x2.py"
loading script "jan_pump_extraction_line.py"
testing...
no interpolation path defined
calculate duration
testing...
no interpolation path defined
executed snippet estimated_duration=0, duration=7.00950622559e-05
calculate duration
testing...
no interpolation path defined
executed snippet estimated_duration=0, duration=0.000111818313599
calculate duration
testing...
no interpolation path defined
executed snippet estimated_duration=32.0, duration=0.000108003616333
calculate duration
testing...
no interpolation path defined
executed snippet estimated_duration=34.0, duration=0.00011420249939
calculate duration
testing...
no interpolation path defined
executed snippet estimated_duration=4.0, duration=6.41345977783e-05
calculate duration
testing...
no interpolation path defined
executed snippet estimated_duration=36.0, duration=9.70363616943e-05
calculate duration
testing...
no interpolation path defined
executed snippet estimated_duration=34.0, duration=0.000102043151855
calculate duration
testing...
no interpolation path defined
executed snippet estimated_duration=4.0, duration=6.19888305664e-05
calculate duration
testing...
no interpolation path defined
executed snippet estimated_duration=36.0, duration=7.70092010498e-05
calculate duration
testing...
no interpolation path defined
executed snippet estimated_duration=70.0, duration=9.60826873779e-05
executed snippet estimated_duration=250.0, duration=0.0176069736481
script duration name:sniffair_x2 seconds:250.0
Script duration 806.0
Run total estimated duration= 807.000
script duration name:unknown400_120 seconds:556.0
sniffair_x2 in script context. using previous estimated duration
script duration name:sniffair_x2 seconds:250.0
Script duration 806.0
Run total estimated duration= 807.000
nruns=13 before=0.0, run_dur=5247.0, btw=0.0
write rem/ex queues
/Users/jan/PychronDev/experiments/rem/CurrentExperiment.rem.txt
/Users/jan/PychronDev/experiments/rem/CurrentExperiment.ex.txt
doing event level: 3
