do run
loading script "jan_unknown120_60.py"
loading script "jan_pump_ms.py"
loading script "jan_co2.py"
loading script "jan_pump_extraction_line.py"
testing...
no interpolation path defined
executed snippet estimated_duration=213.652928, duration=0.00018310546875
script duration name:unknown120_60 seconds:214.0
loading script "jan_unknown120_60.py"
loading script "jan_pump_ms.py"
loading script "jan_co2.py"
loading script "jan_pump_extraction_line.py"
testing...
no interpolation path defined
executed snippet estimated_duration=0, duration=1.71661376953e-05
loading script "jan_unknown120_60.py"
loading script "jan_pump_ms.py"
loading script "jan_co2.py"
loading script "jan_pump_extraction_line.py"
testing...
no interpolation path defined
calculate duration
testing...
no interpolation path defined
executed snippet estimated_duration=0, duration=3.71932983398e-05
calculate duration
testing...
no interpolation path defined
executed snippet estimated_duration=0, duration=6.89029693604e-05
executed snippet estimated_duration=0.0, duration=0.00183987617493
script duration name:co2 seconds:0.0
loading script "jan_unknown120_60.py"
loading script "jan_pump_ms.py"
loading script "jan_co2.py"
loading script "jan_pump_extraction_line.py"
testing...
no interpolation path defined
calculate duration
testing...
no interpolation path defined
executed snippet estimated_duration=4.0, duration=0.000118017196655
executed snippet estimated_duration=4.0, duration=0.0011830329895
Script duration 214.0
Run total estimated duration= 215.000
run duration: 0:03:35
doing event level: 2
10:27:04 -- Setting default integration. t=1.048576
setting integration time = 1.048576
SetIntegrationTime 1.048576 ===>> OK
----------------- start -----------------
**************** Experiment Type: Ar/Ar, Ar/Ar
create new session 4419438256
close session 4419438256
$$$$$ Clearing conditionals
adding conditionals 
Add queue conditionals
add default conditionals
adding default conditionals from /Users/jan/PychronDev/setupfiles/spectrometer/default_conditionals.yaml
Start automated run 65448-06B
loading script "jan_unknown120_60.py"
loading script "jan_pump_ms.py"
loading script "jan_co2.py"
loading script "jan_pump_extraction_line.py"
%%%%%%%%%%%%%%%%%% setting automated run 65448-06B
No value "sensitivity_multiplier" in metadata
$$$$$$$$$$$$$$$ auto_save_detector_ic=False
============================= Pre Extraction Check =============================
loading queue conditionals pre_run_terminations
loading system conditionals pre_run_terminations
loading conditionals from /Users/jan/PychronDev/setupfiles/spectrometer/default_conditionals.yaml
10:27:04 -- ******* Pre Extraction Check *******
Get a measurement from the spectrometer
GetData ===>> H2,-0.154650980259406,H1,-0.0332420271077936,AX,-0.0628671175578062,L1,-0.0293244726818239,L2,0.0...
Pre Extraction Termination data. keys=H2,H1,AX,L1,L2,CDD, signals=-0.15465,-0.03324,-0.06287,-0.02932,0.02439,0.00328
10:27:04 -- testing system defined conditionals
Checking default pre extraction terminations n=2
testing CDD
evaluate ot="CDD.inactive" t="CDD", ctx="{'CDD': False}"
GetDeflection CDD ===>> 50
testing CDD==2000
evaluate ot="CDD.deflection==2000" t="CDD==2000", ctx="{'CDD': 50.0}"
10:27:04 -- ******* Pre Extraction Check Passed *******
=================================================================================
10:27:04 -- stopping status monitor
stop 5288834736
Alive clients [5025639504, 4992986192]
10:27:04 -- starting status monitor
start 5288834736
Monitor already running
start extraction
do extraction
Analysis started at 10:27:04.888831
Extraction Started jan_co2.py
10:27:04 -- ******* Extraction Started jan_co2.py *******
state changed from not run to extraction
DO EXTRACTION <pychron.extraction_line.pyscript_runner.RemotePyScriptRunner object at 0x12bfe48f0>
testing...
no interpolation path defined
calculate duration
testing...
no interpolation path defined
executed snippet estimated_duration=0, duration=6.48498535156e-05
calculate duration
testing...
no interpolation path defined
executed snippet estimated_duration=0, duration=0.000114917755127
executed snippet estimated_duration=100.0, duration=0.0035719871521
Jan CO2 laser analysis
doing GOSUB
testing...
no interpolation path defined
executed snippet estimated_duration=0, duration=5.79357147217e-05
Waiting for CO2 access
wait ('FelixCO2Flag', 0) {}
waiting for FelixCO2Flag = 0
Read FelixCO2Flag ===>> 0
finished waiting
CO2 free
wait ('CO2PumpTimeFlag', 0) {}
waiting for CO2PumpTimeFlag = 0
Read CO2PumpTimeFlag ===>> 0
finished waiting
acquire ('JanCO2Flag',) {'clear': True}
acquire JanCO2Flag
Set JanCO2Flag 1 ===>> OK
JanCO2Flag acquired
set extraction state False (0.75, 'red', 1.5)
CO2 acquired
executed snippet estimated_duration=0, duration=0.0161261558533
WaitForCO2Access.py completed successfully
gosub finished
doing GOSUB
testing...
no interpolation path defined
executed snippet estimated_duration=0, duration=0.000135898590088
Prepare for CO2 analysis
close () {'description': 'Jan Inlet'}
closing name=--- desc=Jan Inlet
checking ownership. requestor=129.138.12.150
check software interlocks R
interlocks []
actuate state mode=None-script, software_lock=False
doing actuation None-script close_channel False
Close R ===>> OK
GetIndicatorState R ===>> False
change switch state (True, True)
update switch state R False args=() kw={} ncanvase=6
10:27:05 -- CLOSE  VALVE-R (Jan Inlet)
---------------------------------------- close None (Jan Inlet) result=[(True, True)]
action=close, ok=True, locked=[False]
open () {'description': 'Jan Ion Pump'}
opening name=--- desc=Jan Ion Pump
checking ownership. requestor=129.138.12.150
check software interlocks O
interlocks []
actuate state mode=None-script, software_lock=False
doing actuation None-script open_channel False
Open O ===>> OK
GetIndicatorState O ===>> OK
change switch state (True, True)
update switch state O True args=() kw={} ncanvase=6
10:27:05 -- OPEN   VALVE-O (Jan Ion Pump)
---------------------------------------- open None (Jan Ion Pump) result=[(True, True)], time=0.09 sec
action=open, ok=True, locked=[False]
close () {'description': 'Microbone to Minibone'}
closing name=--- desc=Microbone to Minibone
checking ownership. requestor=129.138.12.150
check software interlocks L
interlocks []
actuate state mode=None-script, software_lock=False
doing actuation None-script close_channel False
Close L ===>> OK
GetIndicatorState L ===>> False
change switch state (True, True)
update switch state L False args=() kw={} ncanvase=6
10:27:06 -- CLOSE  VALVE-L (Microbone to Minibone)
---------------------------------------- close None (Microbone to Minibone) result=[(True, True)]
action=close, ok=True, locked=[False]
open () {'description': 'Microbone to Turbo'}
opening name=--- desc=Microbone to Turbo
checking ownership. requestor=129.138.12.150
check software interlocks U
interlocks []
actuate state mode=None-script, software_lock=False
doing actuation None-script open_channel False
Open U ===>> OK
GetIndicatorState U ===>> OK
change switch state (True, True)
update switch state U True args=() kw={} ncanvase=6
10:27:06 -- OPEN   VALVE-U (Microbone to Turbo)
---------------------------------------- open None (Microbone to Turbo) result=[(True, True)], time=0.14 sec
action=open, ok=True, locked=[False]
open () {'description': 'Microbone to Inlet Pipette'}
opening name=--- desc=Microbone to Inlet Pipette
checking ownership. requestor=129.138.12.150
check software interlocks S
interlocks []
actuate state mode=None-script, software_lock=False
doing actuation None-script open_channel False
Open S ===>> OK
GetIndicatorState S ===>> OK
change switch state (True, True)
update switch state S True args=() kw={} ncanvase=6
10:27:07 -- OPEN   VALVE-S (Microbone to Inlet Pipette)
---------------------------------------- open None (Microbone to Inlet Pipette) result=[(True, True)], time=0.42 sec
action=open, ok=True, locked=[False]
open () {'description': 'Microbone to Getter D-50'}
opening name=--- desc=Microbone to Getter D-50
checking ownership. requestor=129.138.12.150
check software interlocks K
interlocks []
actuate state mode=None-script, software_lock=False
doing actuation None-script open_channel False
Open K ===>> OK
GetIndicatorState K ===>> OK
change switch state (True, True)
update switch state K True args=() kw={} ncanvase=6
10:27:08 -- OPEN   VALVE-K (Microbone to Getter D-50)
---------------------------------------- open None (Microbone to Getter D-50) result=[(True, True)], time=0.41 sec
action=open, ok=True, locked=[False]
open () {'description': 'Microbone to Getter NP-10'}
opening name=--- desc=Microbone to Getter NP-10
checking ownership. requestor=129.138.12.150
check software interlocks M
interlocks []
actuate state mode=None-script, software_lock=False
doing actuation None-script open_channel False
Open M ===>> OK
GetIndicatorState M ===>> OK
change switch state (True, True)
update switch state M True args=() kw={} ncanvase=6
10:27:08 -- OPEN   VALVE-M (Microbone to Getter NP-10)
---------------------------------------- open None (Microbone to Getter NP-10) result=[(True, True)], time=0.15 sec
action=open, ok=True, locked=[False]
close () {'description': 'CO2 Laser to Felix'}
closing name=--- desc=CO2 Laser to Felix
checking ownership. requestor=129.138.12.150
check software interlocks F
interlocks []
actuate state mode=None-script, software_lock=True
VALVE-F(CO2 Laser to Felix) software locked
change switch state (True, False)
---------------------------------------- close None (CO2 Laser to Felix) result=[(True, False)]
action=close, ok=True, locked=[True]
open () {'description': 'CO2 Laser to Jan'}
opening name=--- desc=CO2 Laser to Jan
checking ownership. requestor=129.138.12.150
check software interlocks A
interlocks []
actuate state mode=None-script, software_lock=False
doing actuation None-script open_channel False
Open A ===>> OK
GetIndicatorState A ===>> OK
change switch state (True, True)
update switch state A True args=() kw={} ncanvase=6
10:27:08 -- OPEN   VALVE-A (CO2 Laser to Jan)
---------------------------------------- open None (CO2 Laser to Jan) result=[(True, True)], time=0.14 sec
action=open, ok=True, locked=[False]
open () {'description': 'Microbone to CO2 Laser'}
opening name=--- desc=Microbone to CO2 Laser
checking ownership. requestor=129.138.12.150
check software interlocks T
interlocks []
actuate state mode=None-script, software_lock=False
doing actuation None-script open_channel False
Open T ===>> OK
GetIndicatorState T ===>> OK
change switch state (True, True)
update switch state T True args=() kw={} ncanvase=6
10:27:09 -- OPEN   VALVE-T (Microbone to CO2 Laser)
---------------------------------------- open None (Microbone to CO2 Laser) result=[(True, True)], time=0.42 sec
action=open, ok=True, locked=[False]
executed snippet estimated_duration=0, duration=4.93179512024
PrepareForCO2Analysis.py completed successfully
gosub finished
set_motor ('beam', '1.25') {}
setting motor "beam" to 1.25
set motor beam to 1.25
SetMotor beam,1.25 ===>> OK
GetMotorMoving beam ===>> False
GetMotorMoving beam ===>> False
Block completed
move_to_position ('184',) {'autocenter': True}
FusionsCO2 move to position 184
sending GoToHole 184,True
GoToHole 184,True ===>> OK
GetDriveMoving ===>> False
GetDriveMoving ===>> OK
GetDriveMoving ===>> OK
GetDriveMoving ===>> OK
GetDriveMoving ===>> False
Block completed
GetAutoCorrecting ===>> False
GetAutoCorrecting ===>> False
Block completed
update position
GetPosition ===>> -11.96340,-9.96950,1.00000
got position (-11.9634, -9.9695, 1.0)
move to position succeeded
sleep (5,) {}
SLEEP 5.0
block started
WaitControl setup for 5.0  
Join finished
block finished. duration 5.03958201408
close () {'description': 'Microbone to Turbo'}
closing name=--- desc=Microbone to Turbo
checking ownership. requestor=129.138.12.150
check software interlocks U
interlocks []
actuate state mode=None-script, software_lock=False
doing actuation None-script close_channel True
Close U ===>> OK
GetIndicatorState U ===>> False
change switch state (True, True)
update switch state U False args=() kw={} ncanvase=6
10:27:18 -- CLOSE  VALVE-U (Microbone to Turbo)
---------------------------------------- close None (Microbone to Turbo) result=[(True, True)]
action=close, ok=True, locked=[False]
enable laser
enable () {}
set extraction state FusionsCO2 Enabled (False, 'red', 1.5)
enabling laser
Enable ===>> OK
begin interval
BEGIN INTERVAL Interval 1 waiting for 30.0
block started
set extract to 0.4
WaitControl setup for 30.0  
extract (0.4,) {}
GetPosition ===>> -11.96340,-9.96950,1.00000
set extraction state FusionsCO2 ON! 0.4(watts) (0.75, 'red', 1.5)
extract sample to 0.4 (watts)
set laser output
SetLaserOutput 0.4,watts ===>> OK
executing pattern triangle.lp
execute_pattern ('triangle.lp',) {}
executing pattern triangle.lp
IsPatterning ===>> OK
IsPatterning ===>> OK
IsPatterning ===>> OK
IsPatterning ===>> OK
IsPatterning ===>> OK
IsPatterning ===>> OK
IsPatterning ===>> OK
IsPatterning ===>> OK
IsPatterning ===>> OK
IsPatterning ===>> OK
IsPatterning ===>> OK
IsPatterning ===>> OK
IsPatterning ===>> OK
set states for children of V. state=True
handle state [('V', True)]
update switch state V True args=() kw={'refresh': False} ncanvase=6
refresh_canvas_needed fired
IsPatterning ===>> OK
IsPatterning ===>> OK
IsPatterning ===>> OK
IsPatterning ===>> OK
IsPatterning ===>> OK
IsPatterning ===>> OK
IsPatterning ===>> OK
IsPatterning ===>> OK
IsPatterning ===>> OK
IsPatterning ===>> OK
IsPatterning ===>> OK
IsPatterning ===>> OK
IsPatterning ===>> OK
IsPatterning ===>> False
IsPatterning ===>> False
Block completed
COMPLETE INTERVAL waiting for Interval 1 to complete
Join finished
block finished. duration 30.0671441555
Interval 1 finished
end_extract () {}
ending extraction. set laser power to 0
set laser power 0
SetLaserPower 0 ===>> OK
disable () {}
%%%%%%%%%%%%%%%%%%%%%%%%%%%%%%%%%%% disable
set extraction state False (0.75, 'red', 1.5)
disabling laser
Disable ===>> OK
sleep (30.0,) {}
SLEEP 30.0
block started
WaitControl setup for 30.0  
Join finished
block finished. duration 30.0792961121
executed snippet estimated_duration=166.0, duration=75.0297310352
jan_co2.py completed successfully
GetAchievedOutput ===>> No Response
Requested Output= 0.000
Achieved Output=  0.000
GetResponseBlob ===>> No Response
GetOutputBlob ===>> No Response
persistence save...
persistence save - db
AutomatedRunPersister post_extraction_save deprecated
persistence save - dvc
no extraction position for 184
create new session 4992585168
close session 4992585168
Extraction Finished
10:28:20 -- ******* Extraction Finished *******
no overlap. not waiting for min ms pumptime
10:28:20 -- Sending spectrometer configuration
======== Sending configuration ========
SetDeflection CDD,50.0 ===>> OK
SetDeflection H2,0.0 ===>> OK
SetDeflection H1,0.0 ===>> OK
SetDeflection L2,825.0 ===>> OK
SetDeflection L1,400.0 ===>> OK
SetDeflection AX,190.0 ===>> OK
SetZFocus 74.64 ===>> OK
SetZSymmetry -50.72 ===>> OK
SetExtractionLens 26.13 ===>> OK
SetIonRepeller -3.81 ===>> OK
SetElectronEnergy 75.08 ===>> OK
SetYSymmetry -2.81 ===>> OK
SetIonCounterVoltage 1590.0 ===>> OK
send trap current 200.0
GetParameter Trap Current Readback ===>> 198.482695477019
SetParameter Trap Current Set,200.0 ===>> OK
updating mftable name mftable
Using mftable located at /Users/jan/PychronDev/setupfiles/spectrometer/mftables/mftable.csv
============ MFtable ===========
Isotope  H2     H1     AX     L1     L2     CDD    
Ar40     5.8244 5.8809 5.9942 6.1643 6.2325 6.3925
Ar39     5.7236 5.7732 5.8866 6.0503 6.1176 6.2790
Ar36     5.4011 5.4422 5.5500 5.7092 5.7726 5.9301
================================
get initial guess parabolic
get initial guess parabolic
get initial guess parabolic
get initial guess parabolic
get initial guess parabolic
get initial guess parabolic
======== Configuration Finished ========
GetYSymmetry ===>> -2.81
GetZSymmetry ===>> -50.72
GetParameter Trap Current Readback ===>> 197.923274125618
GetHighVoltage ===>> 4499.94659342336
start measurement
do measurement
L#=65448 analysis type=unknown
Measurement Started jan_unknown120_60.py
10:28:20 -- ******* Measurement Started jan_unknown120_60.py *******
state changed from extraction to measurement
setting spec, defl, and gains
GetExtractionLens ===>> 26.13
GetYSymmetry ===>> -2.81
GetZSymmetry ===>> -50.72
GetZFocus ===>> 74.64
GetDeflection H2 ===>> 0
GetDeflection H1 ===>> 0
GetDeflection AX ===>> 190
GetDeflection L1 ===>> 400
GetDeflection L2 ===>> 825
GetDeflection CDD ===>> 50
GetGain H2 ===>> 0.0113
GetGain H1 ===>> 0.1
GetGain AX ===>> 0.097049
GetGain L1 ===>> 0.010355
GetGain L2 ===>> 0.095649
GetGain CDD ===>> 0
pre measurement save
New frame /Users/jan/PychronDev/data/isotopes/8b/6eb8d6-b8ae-47de-8836-b9cc368a9fa2.h5
flush and close file /Users/jan/PychronDev/data/isotopes/8b/6eb8d6-b8ae-47de-8836-b9cc368a9fa2.h5
testing...
no interpolation path defined
executed snippet estimated_duration=226.132928, duration=0.000176906585693
unknown measurement script
activate_detectors ('H2', 'H1', 'AX', 'L1', 'L2', 'CDD') {}
activate detectors
*************** Set Analysis View Ar/Ar
create graphs
clearing graphs
clear isotope group
setting isotope det=H2, iso=PM41
setting isotope det=H1, iso=Ar40
setting isotope det=AX, iso=Ar39
setting isotope det=L1, iso=Ar38
setting isotope det=L2, iso=Ar37
setting isotope det=CDD, iso=Ar36
setting previous blanks
 - setting Ar40 blank 0.438+/-0.007
 - setting Ar36 blank 0.00468+/-0.00018
 - setting Ar37 blank 0.048+/-0.005
 - setting Ar38 blank 0.0111+/-0.0022
 - setting PM41 blank 0.02+/-0.06
 - setting Ar39 blank 0.013+/-0.008
load analysis view
position_magnet ('Ar40',) {'detector': 'H1'}
detector Detector(H1)
POSITION Ar40 H1
setting detector H2 to PM41 (40.9624)
setting detector H1 to Ar40 (39.9624)
setting detector AX to Ar39 (38.9624)
setting detector L1 to Ar38 (37.9624)
setting detector L2 to Ar37 (36.9624)
setting detector CDD to Ar36 (35.9624)
Mapping mass to dac mass func: "parabolic"
H1 map mass coeffs = [-0.00063987  0.15840543  0.57249999]
H1 map mass to dac 39.9624 >> 5.88089
GetDeflection H1 ===>> 0
GetHighVoltage ===>> 4499.94659342336
positioning Ar40 (5.88085536799) on H1
setting magnet DAC
current  : 5.880855
requested: 5.880855
Delta Dac: 0.000001
Checking detector protection. dv=0.00000
Checking detector "CDD". Protection Threshold: 0.1 (V)
SetMagnetDAC 5.88085536799 ===>> OK
Magnet settling time: 0.500
update labels <pychron.experiment.plot_panel.PlotPanel object at 0x1e3b62d10>
update labels "<pychron.graph.stacked_regression_graph.StackedRegressionGraph object at 0x1e39ba4d0>"
setting label 0 H2 PM41
setting label 1 H1 Ar40
setting label 2 AX Ar39
setting label 3 L1 Ar38
setting label 4 L2 Ar37
setting label 5 CDD Ar36
update labels "<pychron.graph.stacked_graph.StackedGraph object at 0x1d180dc50>"
setting label 0 H2 PM41
setting label 1 H1 Ar40
setting label 2 AX Ar39
setting label 3 L1 Ar38
equilibrate () {'delay': 3, 'inlet': 'R', 'outlet': 'O', 'eqtime': 12.0}
setting label 4 L2 Ar37
Equilibration Started
setting label 5 CDD Ar36
10:28:21 -- ******* Equilibration Started *******
checking ownership. requestor=129.138.12.150
check software interlocks O
interlocks []
actuate state mode=None-script, software_lock=False
doing actuation None-script close_channel True
Close O ===>> OK
GetIndicatorState O ===>> False
change switch state (True, True)
update switch state O False args=() kw={} ncanvase=6
10:28:21 -- CLOSE  VALVE-O (Jan Ion Pump)
waiting 3s before opening inlet value ('R',)
checking ownership. requestor=129.138.12.150
check software interlocks R
interlocks []
actuate state mode=None-script, software_lock=False
doing actuation None-script open_channel True
Open R ===>> OK
GetIndicatorState R ===>> OK
change switch state (True, True)
update switch state R True args=() kw={} ncanvase=6
10:28:24 -- OPEN   VALVE-R (Jan Inlet)
equilibrating for 12.0sec
set_time_zero () {}
sniff (12.0,) {}
py_sniff
build tables- sniff [Detector(H2), Detector(H1), Detector(AX), Detector(L1), Detector(L2), Detector(CDD)]
add group /sniff/PM41 (Group) '' table H2
add group /sniff/Ar40 (Group) '' table H1
add group /sniff/Ar39 (Group) '' table AX
add group /sniff/Ar38 (Group) '' table L1
add group /sniff/Ar37 (Group) '' table L2
add group /sniff/Ar36 (Group) '' table CDD
flush and close file /Users/jan/PychronDev/data/isotopes/8b/6eb8d6-b8ae-47de-8836-b9cc368a9fa2.h5
measuring sniff. ncounts=12.0
"sniff" increment series count="1" fit count="0" regressing="False"
starting measurement
check iteration duration=1.8835067749e-05
GetData ===>> H2,0.0447543594749075,H1,-0.0387391270288305,AX,-0.0530007282846418,L1,0.0119855173721914,L2,0.06...
check iteration duration=1.69277191162e-05
GetData ===>> H2,0.566192428317416,H1,2.0427067355661,AX,1.31652933199009,L1,0.0665616939684785,L2,1.4107896908...
check iteration duration=3.79085540771e-05
GetData ===>> H2,0.700470580174375,H1,5.48078803953829,AX,1.79003433961587,L1,0.170109412903894,L2,2.9381407969...
check iteration duration=4.41074371338e-05
GetData ===>> H2,0.247496807859325,H1,6.62754895295936,AX,1.7354393964129,L1,0.139561566513989,L2,3.20274552358...
check iteration duration=1.50203704834e-05
GetData ===>> H2,0.142152990726353,H1,7.05363903403977,AX,1.57143461933208,L1,0.0606029747461898,L2,3.254747117...
check iteration duration=4.29153442383e-05
GetData ===>> H2,0.0459639655929953,H1,7.17040496254728,AX,1.64246988444091,L1,0.0542714904030674,L2,3.21881345...
check iteration duration=1.90734863281e-05
GetData ===>> H2,-0.0597248835243062,H1,7.29012163226359,AX,1.65191004344493,L1,0.0450347194130668,L2,3.2749851...
check iteration duration=1.81198120117e-05
GetData ===>> H2,-0.0380274964238629,H1,7.18636414403175,AX,1.52921415929801,L1,0.0557201246075756,L2,3.1535791...
check iteration duration=1.78813934326e-05
GetData ===>> H2,-0.0182793301100433,H1,7.28664695058809,AX,1.55667275408079,L1,0.0572628356875134,L2,3.3284056...
check iteration duration=1.78813934326e-05
GetData ===>> H2,-0.0745403986445981,H1,7.31932097503807,AX,1.53575514929675,L1,0.0596531795729707,L2,3.3266658...
check iteration duration=1.81198120117e-05
GetData ===>> H2,-0.0496217849494945,H1,7.2857566594221,AX,1.59015019978703,L1,0.0144226484641334,L2,3.28999840...
check iteration duration=3.00407409668e-05
Equilibration Finished
10:28:37 -- ******* Equilibration Finished *******
GetData ===>> H2,-0.117221666117803,H1,7.25104126229576,AX,1.66125751415333,L1,0.00878572707623433,L2,3.3585669...
checking ownership. requestor=129.138.12.150
check software interlocks R
interlocks []
actuate state mode=None-script, software_lock=False
doing actuation None-script close_channel True
Close R ===>> OK
GetIndicatorState R ===>> False
change switch state (True, True)
update switch state R False args=() kw={} ncanvase=6
10:28:37 -- CLOSE  VALVE-R (Jan Inlet)
Post Equilibration Started jan_pump_extraction_line.py
10:28:37 -- ******* Post Equilibration Started jan_pump_extraction_line.py *******
testing...
no interpolation path defined
calculate duration
testing...
no interpolation path defined
executed snippet estimated_duration=4.0, duration=0.000283002853394
executed snippet estimated_duration=4.0, duration=0.0148479938507
Pump after analysis
doing GOSUB
testing...
no interpolation path defined
executed snippet estimated_duration=4.0, duration=0.000118017196655
Pump Microbone
close () {'description': 'Jan Inlet'}
closing name=--- desc=Jan Inlet
checking ownership. requestor=129.138.12.150
check software interlocks R
interlocks []
actuate state mode=None-script, software_lock=False
doing actuation None-script close_channel False
check iteration duration=3.79085540771e-05
waiting for write to finish
measurement finished
estimated time: 12.583 actual time: :12.663
flush and close file /Users/jan/PychronDev/data/isotopes/8b/6eb8d6-b8ae-47de-8836-b9cc368a9fa2.h5
set_fits () {}
using default fits file=/Users/jan/PychronDev/scripts/measurement/fits/nominal_linear.yaml
set "Ar40" to "('Linear', 'SEM')"
No fit for "PM41". defaulting to linear. check the measurement script "jan_unknown120_60.py"
set "PM41" to "linear"
set "Ar36" to "('Linear', 'SEM')"
set "Ar37" to "('linear', 'SEM')"
set "Ar38" to "('linear', 'SEM')"
set "Ar39" to "('Linear', 'SEM')"
set_baseline_fits () {}
using default fits file=/Users/jan/PychronDev/scripts/measurement/fits/nominal_linear.yaml
set "H1" to "('average', 'SEM')"
set "H2" to "('average', 'SEM')"
set "CDD" to "('average', 'SEM')"
set "L2" to "('average', 'SEM')"
set "L1" to "('average', 'SEM')"
set "AX" to "('average', 'SEM')"
multicollect () {'integration_time': 1, 'ncounts': 120}
build tables- signal [Detector(H2), Detector(H1), Detector(AX), Detector(L1), Detector(L2), Detector(CDD)]
add group /signal/PM41 (Group) '' table H2
add group /signal/Ar40 (Group) '' table H1
add group /signal/Ar39 (Group) '' table AX
add group /signal/Ar38 (Group) '' table L1
add group /signal/Ar37 (Group) '' table L2
add group /signal/Ar36 (Group) '' table CDD
flush and close file /Users/jan/PychronDev/data/isotopes/8b/6eb8d6-b8ae-47de-8836-b9cc368a9fa2.h5
measuring signal. ncounts=120
Close R ===>> OK
GetIndicatorState R ===>> False
change switch state (True, True)
update switch state R False args=() kw={} ncanvase=6
10:28:38 -- CLOSE  VALVE-R (Jan Inlet)
---------------------------------------- close None (Jan Inlet) result=[(True, True)]
"signal" increment series count="2" fit count="1" regressing="True"
action=close, ok=True, locked=[False]
is_closed ('F',) {}
is F () closed?
is closed True
open () {'description': 'CO2 Laser to Jan'}
opening name=--- desc=CO2 Laser to Jan
checking ownership. requestor=129.138.12.150
check software interlocks A
interlocks []
actuate state mode=None-script, software_lock=False
doing actuation None-script open_channel False
Open A ===>> OK
GetIndicatorState A ===>> OK
change switch state (True, True)
update switch state A True args=() kw={} ncanvase=6
10:28:38 -- OPEN   VALVE-A (CO2 Laser to Jan)
---------------------------------------- open None (CO2 Laser to Jan) result=[(True, True)], time=0.14 sec
starting measurement
check iteration duration=0.000121831893921
GetData ===>> H2,-0.0359288137913395,H1,7.44061204406117,AX,1.54863238728617,L1,0.0331330415660435,L2,3.3283128...
action=open, ok=True, locked=[False]
sleep (1,) {}
SLEEP 1.0
check iteration duration=3.981590271e-05
GetData ===>> H2,-0.00793286048741237,H1,7.42405936732575,AX,1.66159680079299,L1,0.039323982577974,L2,3.2645526...
close () {'description': 'CO2 Laser to Roughing'}
closing name=--- desc=CO2 Laser to Roughing
checking ownership. requestor=129.138.12.150
check software interlocks G
interlocks []
actuate state mode=None-script, software_lock=True
VALVE-G(CO2 Laser to Roughing) software locked
change switch state (True, False)
---------------------------------------- close None (CO2 Laser to Roughing) result=[(True, False)]
action=close, ok=True, locked=[True]
open () {'description': 'Microbone to Turbo'}
opening name=--- desc=Microbone to Turbo
checking ownership. requestor=129.138.12.150
check software interlocks U
interlocks []
actuate state mode=None-script, software_lock=False
doing actuation None-script open_channel True
Open U ===>> OK
GetIndicatorState U ===>> OK
change switch state (True, True)
update switch state U True args=() kw={} ncanvase=6
10:28:40 -- OPEN   VALVE-U (Microbone to Turbo)
---------------------------------------- open None (Microbone to Turbo) result=[(True, True)], time=0.18 sec
action=open, ok=True, locked=[False]
open () {'description': 'Microbone to Getter NP-10'}
opening name=--- desc=Microbone to Getter NP-10
checking ownership. requestor=129.138.12.150
check software interlocks M
interlocks []
actuate state mode=None-script, software_lock=False
doing actuation None-script open_channel False
Open M ===>> OK
GetIndicatorState M ===>> OK
change switch state (True, True)
update switch state M True args=() kw={} ncanvase=6
10:28:40 -- OPEN   VALVE-M (Microbone to Getter NP-10)
---------------------------------------- open None (Microbone to Getter NP-10) result=[(True, True)], time=0.16 sec
action=open, ok=True, locked=[False]
open () {'description': 'Microbone to Getter D-50'}
opening name=--- desc=Microbone to Getter D-50
checking ownership. requestor=129.138.12.150
check software interlocks K
interlocks []
actuate state mode=None-script, software_lock=False
doing actuation None-script open_channel False
check iteration duration=8.58306884766e-05
GetData ===>> H2,-0.13175043673184,H1,7.3827015844979,AX,1.63239904284924,L1,0.0274119040139378,L2,3.1497665238...
Open K ===>> OK
GetIndicatorState K ===>> OK
change switch state (True, True)
update switch state K True args=() kw={} ncanvase=6
10:28:41 -- OPEN   VALVE-K (Microbone to Getter D-50)
---------------------------------------- open None (Microbone to Getter D-50) result=[(True, True)], time=0.41 sec
action=open, ok=True, locked=[False]
open () {'description': 'Microbone to CO2 Laser'}
opening name=--- desc=Microbone to CO2 Laser
checking ownership. requestor=129.138.12.150
check software interlocks T
interlocks []
actuate state mode=None-script, software_lock=False
doing actuation None-script open_channel False
Open T ===>> OK
GetIndicatorState T ===>> OK
change switch state (True, True)
update switch state T True args=() kw={} ncanvase=6
10:28:41 -- OPEN   VALVE-T (Microbone to CO2 Laser)
---------------------------------------- open None (Microbone to CO2 Laser) result=[(True, True)], time=0.43 sec
check iteration duration=3.50475311279e-05
GetData ===>> H2,-0.0587091454218348,H1,7.42248836100432,AX,1.42822300437119,L1,0.047858607588234,L2,3.26864440...
action=open, ok=True, locked=[False]
open () {'description': 'Microbone to Inlet Pipette'}
opening name=--- desc=Microbone to Inlet Pipette
checking ownership. requestor=129.138.12.150
check software interlocks S
interlocks []
actuate state mode=None-script, software_lock=False
doing actuation None-script open_channel False
Open S ===>> OK
GetIndicatorState S ===>> OK
change switch state (True, True)
update switch state S True args=() kw={} ncanvase=6
10:28:42 -- OPEN   VALVE-S (Microbone to Inlet Pipette)
---------------------------------------- open None (Microbone to Inlet Pipette) result=[(True, True)], time=0.43 sec
action=open, ok=True, locked=[False]
sleep (1,) {}
SLEEP 1.0
testing H1>-5.0
evaluate ot="H1.bs>-5.0" t="H1>-5.0", ctx="{'H1': None}"
check iteration duration=0.000604152679443
GetData ===>> H2,-0.18734897294322,H1,7.49568291220244,AX,1.437417779173,L1,0.0264943251183015,L2,3.19276087739...
set_resource () {'name': 'CO2PumpTimeFlag', 'value': 30}
Set CO2PumpTimeFlag 30 ===>> OK
release ('JanCO2Flag',) {}
release JanCO2Flag
Set JanCO2Flag 0 ===>> OK
executed snippet estimated_duration=6.0, duration=5.99960207939
PumpMicrobone.py completed successfully
gosub finished
get_resource_value () {'name': 'JanMiniboneFlag'}
Read JanMiniboneFlag ===>> 0
Get Resource Value JanMiniboneFlag=0.0
get resource value 0.0
get_resource_value () {'name': 'JanMiniboneFlag'}
Read JanMiniboneFlag ===>> 0
Get Resource Value JanMiniboneFlag=0.0
executed snippet estimated_duration=4.0, duration=6.02211117744
jan_pump_extraction_line.py completed successfully
Post Equilibration Finished
10:28:43 -- ******* Post Equilibration Finished *******
check iteration duration=3.69548797607e-05
GetData ===>> H2,-0.0913415946668435,H1,7.4905210983067,AX,1.52044344347963,L1,0.00851692375272857,L2,3.1153207...
check iteration duration=3.88622283936e-05
GetData ===>> H2,-0.11537593609288,H1,7.53044306914348,AX,1.55812196003632,L1,0.03507165973833,L2,3.14308032665...
check iteration duration=6.00814819336e-05
GetData ===>> H2,-0.207280316757394,H1,7.64768006712144,AX,1.53978640776524,L1,0.0171065756346303,L2,3.18371534...
check iteration duration=4.50611114502e-05
GetData ===>> H2,-0.121537121727462,H1,7.55496635924133,AX,1.45921061862095,L1,-0.00772366420390224,L2,3.096903...
testing H1>-5.0
evaluate ot="H1.bs>-5.0" t="H1>-5.0", ctx="{'H1': None}"
check iteration duration=0.000582933425903
GetData ===>> H2,-0.105669739040308,H1,7.61893727425089,AX,1.4362143479189,L1,0.0370310882577974,L2,3.225116241...
check iteration duration=8.79764556885e-05
GetData ===>> H2,-0.0918577864651582,H1,7.50105543224564,AX,1.48026020461086,L1,0.0399757550404358,L2,3.2760285...
check iteration duration=5.19752502441e-05
GetData ===>> H2,-0.176581004259469,H1,7.51384178720136,AX,1.50461136329587,L1,0.0184349937065721,L2,3.22516258...
check iteration duration=6.5803527832e-05
GetData ===>> H2,-0.156738348446147,H1,7.61046827360323,AX,1.34993294984869,L1,-0.00343906826904362,L2,3.344157...
check iteration duration=7.48634338379e-05
GetData ===>> H2,-0.142058105332091,H1,7.6379950497852,AX,1.52798621187786,L1,-0.00898638443057427,L2,3.2092094...
testing H1>-5.0
evaluate ot="H1.bs>-5.0" t="H1>-5.0", ctx="{'H1': None}"
check iteration duration=0.000681161880493
GetData ===>> H2,-0.281575723731236,H1,7.54556219326188,AX,1.48978718238542,L1,-0.0244996053473558,L2,3.2151061...
check iteration duration=4.31537628174e-05
GetData ===>> H2,-0.255681422647254,H1,7.71978317549469,AX,1.56864103186638,L1,-0.0189410106001965,L2,3.1794071...
check iteration duration=4.10079956055e-05
GetData ===>> H2,-0.234139476917482,H1,7.69189335455802,AX,1.51833858835832,L1,-0.0215630553169017,L2,3.1536486...
check iteration duration=3.81469726562e-05
GetData ===>> H2,-0.196998510054759,H1,7.72857529558146,AX,1.56310084680929,L1,-0.0012888863159456,L2,3.2093137...
check iteration duration=7.41481781006e-05
GetData ===>> H2,-0.153857814680161,H1,7.78064979298148,AX,1.52898026336639,L1,0.0198729093054579,L2,3.26998903...
testing H1>-5.0
evaluate ot="H1.bs>-5.0" t="H1>-5.0", ctx="{'H1': None}"
check iteration duration=0.00058388710022
GetData ===>> H2,-0.268667990650684,H1,7.74509658588725,AX,1.51179043900776,L1,0.0211824678812273,L2,3.19678009...
check iteration duration=8.20159912109e-05
GetData ===>> H2,-0.270703971986751,H1,7.69542478673733,AX,1.43536143956534,L1,-0.0291400033086477,L2,3.1652033...
check iteration duration=4.29153442383e-05
GetData ===>> H2,-0.192433246832944,H1,7.66604940144051,AX,1.5602958091039,L1,-0.00969502125962353,L2,3.2652133...
check iteration duration=4.10079956055e-05
GetData ===>> H2,-0.124396053065533,H1,7.73513891219169,AX,1.47966406866794,L1,-0.030540208901771,L2,3.21129467...
check iteration duration=7.29560852051e-05
GetData ===>> H2,-0.274006452358457,H1,7.75405187557736,AX,1.50191057668793,L1,-0.0228156886489609,L2,3.1881048...
testing H1>-5.0
evaluate ot="H1.bs>-5.0" t="H1>-5.0", ctx="{'H1': None}"
check iteration duration=0.000608921051025
10:29:04 -- collecting point 25
GetData ===>> H2,-0.289868978875654,H1,7.71923833618155,AX,1.51384838170445,L1,-0.00817216986880528,L2,3.211422...
check iteration duration=4.29153442383e-05
GetData ===>> H2,-0.239954641574027,H1,7.74478694236345,AX,1.56325278864117,L1,0.0182307950924895,L2,3.19537856...
check iteration duration=7.20024108887e-05
GetData ===>> H2,-0.107177056661574,H1,7.76734378964134,AX,1.44946458937757,L1,0.0083153259666755,L2,3.09502740...
check iteration duration=8.39233398438e-05
GetData ===>> H2,-0.228260581773304,H1,7.81031567197934,AX,1.50870360591048,L1,-0.00742384980824375,L2,3.163290...
check iteration duration=4.19616699219e-05
GetData ===>> H2,-0.202081939960455,H1,7.82042928404734,AX,1.4947672961014,L1,0.0271608826426171,L2,3.296537702...
testing H1>-5.0
evaluate ot="H1.bs>-5.0" t="H1>-5.0", ctx="{'H1': None}"
check iteration duration=0.000555992126465
GetData ===>> H2,-0.205182115159668,H1,7.90064391260652,AX,1.53036025742398,L1,-0.00556839971828992,L2,3.257262...
check iteration duration=8.01086425781e-05
GetData ===>> H2,-0.17696975213409,H1,7.90646875589032,AX,1.46944849813665,L1,0.00754497158945787,L2,3.06341439...
check iteration duration=4.00543212891e-05
GetData ===>> H2,-0.176867167185523,H1,7.82645329972367,AX,1.58951888531268,L1,-0.00645718739130226,L2,3.258676...
check iteration duration=3.91006469727e-05
GetData ===>> H2,-0.168007546763434,H1,7.84849475019016,AX,1.45147448255812,L1,0.0073793890880977,L2,3.23644837...
check iteration duration=5.98430633545e-05
GetData ===>> H2,-0.157408386438309,H1,7.90250286971708,AX,1.49245256391015,L1,0.0133060571165425,L2,3.13893210...
testing H1>-5.0
evaluate ot="H1.bs>-5.0" t="H1>-5.0", ctx="{'H1': None}"
check iteration duration=0.000598907470703
GetData ===>> H2,-0.195630852831971,H1,7.85543790657803,AX,1.57065147172695,L1,-0.00447799835158322,L2,3.188903...
check iteration duration=7.82012939453e-05
GetData ===>> H2,-0.216242813118757,H1,7.96070502048309,AX,1.53588367961897,L1,-0.0120555850350133,L2,3.1847461...
check iteration duration=4.2200088501e-05
GetData ===>> H2,-0.14937351481314,H1,7.94395384522193,AX,1.52929602300587,L1,0.0144670745500151,L2,3.225626043...
check iteration duration=8.20159912109e-05
GetData ===>> H2,-0.152969997944899,H1,7.9824074427117,AX,1.51280771210395,L1,0.037378535859089,L2,3.2679605072...
check iteration duration=4.19616699219e-05
GetData ===>> H2,-0.24626358978417,H1,7.99272698154867,AX,1.48689976746609,L1,0.0407646724947272,L2,3.157345542...
testing H1>-5.0
evaluate ot="H1.bs>-5.0" t="H1>-5.0", ctx="{'H1': None}"
check iteration duration=0.000602006912231
GetData ===>> H2,-0.235740568845521,H1,7.93373831578086,AX,1.46065975124479,L1,-0.00540646638832019,L2,3.173050...
check iteration duration=3.69548797607e-05
GetData ===>> H2,-0.255451550576896,H1,7.94242889062657,AX,1.57858843602034,L1,-0.0167020804382102,L2,3.1731080...
check iteration duration=6.69956207275e-05
GetData ===>> H2,-0.177026443417526,H1,7.93926747057363,AX,1.53624590234215,L1,-0.0115676926619318,L2,3.1798240...
check iteration duration=4.50611114502e-05
GetData ===>> H2,-0.112899155394583,H1,8.15059610394633,AX,1.50091679946521,L1,0.0117166286681995,L2,3.16243331...
check iteration duration=7.48634338379e-05
GetData ===>> H2,-0.162710556065104,H1,8.19137539976042,AX,1.51257385528599,L1,0.00699903959050352,L2,3.2087808...
testing H1>-5.0
evaluate ot="H1.bs>-5.0" t="H1>-5.0", ctx="{'H1': None}"
check iteration duration=0.000555992126465
GetData ===>> H2,-0.115431420621365,H1,8.14852342753338,AX,1.4694134350816,L1,0.00636075661718735,L2,3.24023763...
check iteration duration=4.41074371338e-05
GetData ===>> H2,-0.0966893429902474,H1,8.08119200689934,AX,1.33791864315235,L1,-0.00639721768228368,L2,3.28012...
check iteration duration=4.10079956055e-05
GetData ===>> H2,-0.0660214361850596,H1,8.11825712140693,AX,1.5541951289621,L1,-0.0140129104904203,L2,3.1302886...
set states for children of B. state=False
set states for children of D. state=False
handle state [('B', False), ('D', False)]
update switch state B False args=() kw={'refresh': True} ncanvase=6
update switch state D False args=() kw={'refresh': False} ncanvase=6
check iteration duration=5.69820404053e-05
GetData ===>> H2,-0.0515747275401708,H1,8.22040856263693,AX,1.54097828982131,L1,0.0387419925672057,L2,3.2162994...
refresh_canvas_needed fired
check iteration duration=3.981590271e-05
GetData ===>> H2,-0.118895283588573,H1,8.23692804396818,AX,1.44407781139472,L1,0.0236422546740302,L2,3.27426647...
testing H1>-5.0
evaluate ot="H1.bs>-5.0" t="H1>-5.0", ctx="{'H1': None}"
check iteration duration=0.000572919845581
10:29:30 -- collecting point 50
GetData ===>> H2,-0.10172866044874,H1,8.10840602676908,AX,1.51363790831033,L1,-0.0177574497121019,L2,3.21992568...
check iteration duration=4.10079956055e-05
GetData ===>> H2,-0.142391893411024,H1,8.04913041804418,AX,1.50002825423854,L1,0.0025314587599265,L2,3.16693025...
check iteration duration=7.41481781006e-05
GetData ===>> H2,-0.29771468263432,H1,8.14549516008938,AX,1.4957376293798,L1,0.0253582763660075,L2,3.2080278391...
check iteration duration=5.79357147217e-05
GetData ===>> H2,-0.236993029607613,H1,8.13363115702839,AX,1.48446832609225,L1,0.00501672120063474,L2,3.2023285...
check iteration duration=9.29832458496e-05
GetData ===>> H2,-0.227389523713744,H1,8.22957468829719,AX,1.45866135620659,L1,0.0399372728399566,L2,3.23440895...
testing H1>-5.0
evaluate ot="H1.bs>-5.0" t="H1>-5.0", ctx="{'H1': None}"
check iteration duration=0.00055718421936
GetData ===>> H2,-0.14766903407526,H1,8.21378908436354,AX,1.46568513509563,L1,0.0363602717260003,L2,3.211978179...
check iteration duration=4.10079956055e-05
GetData ===>> H2,-0.0646056714110836,H1,8.14651284670462,AX,1.59970224954181,L1,0.0168831879844906,L2,3.2992857...
check iteration duration=6.19888305664e-05
GetData ===>> H2,-0.0388663183469779,H1,8.16372814991226,AX,1.58009641491499,L1,-0.000676864431975402,L2,3.2370...
check iteration duration=6.69956207275e-05
GetData ===>> H2,-0.238869599466046,H1,8.21285767182294,AX,1.48744918804827,L1,-0.0331927584278518,L2,3.1628969...
check iteration duration=7.89165496826e-05
GetData ===>> H2,-0.300348378937373,H1,8.31123466847112,AX,1.42642387356806,L1,-0.0281780724613275,L2,3.2495202...
testing H1>-5.0
evaluate ot="H1.bs>-5.0" t="H1>-5.0", ctx="{'H1': None}"
check iteration duration=0.000598192214966
GetData ===>> H2,-0.260002561326822,H1,8.23789693694741,AX,1.53845432142548,L1,0.00614720480207576,L2,3.1662232...
check iteration duration=4.98294830322e-05
GetData ===>> H2,-0.252644313915732,H1,8.23583494475402,AX,1.5477325616499,L1,0.0151466980075485,L2,3.176353631...
check iteration duration=8.20159912109e-05
GetData ===>> H2,-0.165815616512366,H1,8.22213491221524,AX,1.65774772117096,L1,-0.0228876054449591,L2,3.1294544...
check iteration duration=6.103515625e-05
GetData ===>> H2,-0.181579716228547,H1,8.31125950675966,AX,1.58404766332069,L1,-0.0368388302174765,L2,3.1692483...
check iteration duration=8.60691070557e-05
GetData ===>> H2,-0.220541234248235,H1,8.41814375975927,AX,1.42404066021443,L1,0.0047153354497901,L2,3.18830170...
testing H1>-5.0
evaluate ot="H1.bs>-5.0" t="H1>-5.0", ctx="{'H1': None}"
check iteration duration=0.000632047653198
GetData ===>> H2,-0.216551134494954,H1,8.33910695009832,AX,1.48293701654608,L1,0.00113301790311335,L2,3.1837616...
check iteration duration=4.29153442383e-05
GetData ===>> H2,-0.233773481181252,H1,8.36450155687609,AX,1.45642927889823,L1,0.0202116962201521,L2,3.24655339...
check iteration duration=8.60691070557e-05
GetData ===>> H2,-0.185432508379519,H1,8.34683400850331,AX,1.56085681022989,L1,0.0488301404392624,L2,3.23137308...
check iteration duration=4.19616699219e-05
GetData ===>> H2,-0.263977787866387,H1,8.39781961412982,AX,1.61752275632405,L1,0.0328902898418585,L2,3.09267633...
check iteration duration=8.08238983154e-05
GetData ===>> H2,-0.145376630246048,H1,8.33290832522125,AX,1.611441904767,L1,0.00745738050692311,L2,3.088796624...
testing H1>-5.0
evaluate ot="H1.bs>-5.0" t="H1>-5.0", ctx="{'H1': None}"
check iteration duration=0.000557899475098
GetData ===>> H2,-0.0206264670670019,H1,8.43067584884787,AX,1.49425290644931,L1,0.0170933643992915,L2,3.1973824...
check iteration duration=3.88622283936e-05
GetData ===>> H2,-0.170533679205464,H1,8.59395570100159,AX,1.52647761180258,L1,0.0165409100613894,L2,3.10925081...
check iteration duration=4.10079956055e-05
GetData ===>> H2,-0.269470332127362,H1,8.48993464145711,AX,1.52548358567212,L1,0.0273566547547489,L2,3.08436120...
check iteration duration=8.51154327393e-05
GetData ===>> H2,-0.145634667021995,H1,8.45044678838465,AX,1.63315929100123,L1,-0.0159500622916747,L2,3.1959692...
check iteration duration=4.00543212891e-05
GetData ===>> H2,-0.118559768086763,H1,8.44573375259558,AX,1.54754558592986,L1,0.018403763062333,L2,3.137506915...
testing H1>-5.0
evaluate ot="H1.bs>-5.0" t="H1>-5.0", ctx="{'H1': None}"
check iteration duration=0.00055980682373
10:29:56 -- collecting point 75
GetData ===>> H2,-0.132584970766712,H1,8.51286881020263,AX,1.54437873879879,L1,0.0348216496131312,L2,3.16653618...
check iteration duration=4.19616699219e-05
GetData ===>> H2,-0.137736892875699,H1,8.47475984089978,AX,1.42210142150433,L1,0.00851932375066688,L2,3.2039039...
check iteration duration=7.89165496826e-05
GetData ===>> H2,-0.166306948098,H1,8.45425219163556,AX,1.42161077682593,L1,0.0146723976533009,L2,3.18088951740...
check iteration duration=9.29832458496e-05
GetData ===>> H2,-0.145856222710056,H1,8.46263451715565,AX,1.49277989645938,L1,0.0242371637802138,L2,3.16586395...
check iteration duration=8.79764556885e-05
GetData ===>> H2,-0.177760704874318,H1,8.50968631541693,AX,1.43735935983899,L1,0.0196446550383376,L2,3.15717170...
testing H1>-5.0
evaluate ot="H1.bs>-5.0" t="H1>-5.0", ctx="{'H1': None}"
check iteration duration=0.000638961791992
GetData ===>> H2,-0.228640218215688,H1,8.50986035559182,AX,1.50821252778268,L1,0.00382323845148462,L2,3.1016292...
check iteration duration=7.39097595215e-05
GetData ===>> H2,-0.116014668406827,H1,8.50958686401879,AX,1.54381783188154,L1,-0.0393234300221131,L2,3.1995600...
check iteration duration=3.88622283936e-05
GetData ===>> H2,-0.166949426484836,H1,8.53465161418188,AX,1.51665473677771,L1,0.0185971543765366,L2,3.18065789...
check iteration duration=3.81469726562e-05
GetData ===>> H2,-0.239203469679754,H1,8.57262075774214,AX,1.57781692089571,L1,0.021159639256453,L2,3.061596672...
check iteration duration=4.00543212891e-05
GetData ===>> H2,-0.198624916751965,H1,8.50874153096084,AX,1.53470354389416,L1,0.00913134188807928,L2,3.2027571...
testing H1>-5.0
evaluate ot="H1.bs>-5.0" t="H1>-5.0", ctx="{'H1': None}"
check iteration duration=0.000550031661987
GetData ===>> H2,-0.238382546960522,H1,8.68175066634958,AX,1.5023197820002,L1,-0.0138139590870797,L2,3.17059286...
check iteration duration=7.29560852051e-05
GetData ===>> H2,-0.257428834999635,H1,8.6317846267266,AX,1.50945192016593,L1,-0.00373900135552404,L2,3.1385381...
check iteration duration=4.10079956055e-05
GetData ===>> H2,-0.192511427856595,H1,8.6384558851708,AX,1.50354740817944,L1,0.0121211648431271,L2,3.164310880...
check iteration duration=4.00543212891e-05
GetData ===>> H2,-0.0944790286929673,H1,8.5873868107506,AX,1.56672413919786,L1,-0.0294622235781184,L2,3.1097141...
check iteration duration=5.69820404053e-05
GetData ===>> H2,-0.150646980957372,H1,8.70789158614416,AX,1.60089485959405,L1,-0.0150936286820763,L2,3.0941819...
testing H1>-5.0
evaluate ot="H1.bs>-5.0" t="H1>-5.0", ctx="{'H1': None}"
check iteration duration=0.000788927078247
GetData ===>> H2,-0.0169737977673338,H1,8.7420675470528,AX,1.57351525079347,L1,-0.0329437000260706,L2,3.1182978...
check iteration duration=4.10079956055e-05
GetData ===>> H2,-0.126325492333208,H1,8.75337072553266,AX,1.58571939323316,L1,0.0324480640929033,L2,3.12890988...
check iteration duration=6.00814819336e-05
GetData ===>> H2,-0.210605377803605,H1,8.71824524876594,AX,1.55684806011476,L1,0.00918774543063181,L2,3.1065982...
check iteration duration=6.50882720947e-05
GetData ===>> H2,-0.101330687101841,H1,8.68650307424448,AX,1.56031918408676,L1,0.00925615015062246,L2,3.1727951...
check iteration duration=4.10079956055e-05
GetData ===>> H2,-0.0916274675615273,H1,8.77030288419773,AX,1.52695708683098,L1,-0.0137911872900516,L2,3.173687...
testing H1>-5.0
evaluate ot="H1.bs>-5.0" t="H1>-5.0", ctx="{'H1': None}"
check iteration duration=0.000581026077271
GetData ===>> H2,-0.20279101149304,H1,8.72579959004749,AX,1.46140769904166,L1,0.0152847896480887,L2,3.161645217...
check iteration duration=4.10079956055e-05
GetData ===>> H2,-0.221950287328048,H1,8.71370295070946,AX,1.48473718443401,L1,0.0258422222890839,L2,3.12739216...
check iteration duration=9.70363616943e-05
GetData ===>> H2,-0.22593940641523,H1,8.78578077956484,AX,1.51305326236284,L1,-0.0051065829733391,L2,3.10142073...
check iteration duration=7.5101852417e-05
GetData ===>> H2,-0.216767896891229,H1,8.77401338549106,AX,1.54544213363188,L1,-0.0205248696799161,L2,3.1636850...
check iteration duration=7.10487365723e-05
GetData ===>> H2,-0.329468690786214,H1,8.83062109069617,AX,1.54648216829849,L1,-0.012953389041733,L2,3.02759875...
testing H1>-5.0
evaluate ot="H1.bs>-5.0" t="H1>-5.0", ctx="{'H1': None}"
check iteration duration=0.000579833984375
10:30:22 -- collecting point 100
GetData ===>> H2,-0.376529409626786,H1,8.80377687082874,AX,1.53494891747989,L1,0.0247407607400552,L2,3.00923301...
check iteration duration=4.10079956055e-05
GetData ===>> H2,-0.25420532048663,H1,8.77204605631399,AX,1.49398402202298,L1,0.00899813477513025,L2,3.12849280...
check iteration duration=4.29153442383e-05
GetData ===>> H2,-0.114015803728657,H1,8.76895817129284,AX,1.43349207734191,L1,-0.0127028750187147,L2,3.1331272...
check iteration duration=7.60555267334e-05
GetData ===>> H2,-0.0891776695090847,H1,8.87944649694845,AX,1.54981269056757,L1,-0.00958111515140227,L2,3.13567...
check iteration duration=6.69956207275e-05
GetData ===>> H2,-0.160863316492913,H1,8.87051823986022,AX,1.5748127455553,L1,-0.00518335397824887,L2,3.1357109...
testing H1>-5.0
evaluate ot="H1.bs>-5.0" t="H1>-5.0", ctx="{'H1': None}"
check iteration duration=0.000584840774536
GetData ===>> H2,-0.0826127428142763,H1,8.86151604140972,AX,1.640071971295,L1,-0.0387963724213168,L2,3.05627105...
check iteration duration=4.50611114502e-05
GetData ===>> H2,-0.247520113641681,H1,8.88801435597924,AX,1.66590233310774,L1,-0.0229139748079907,L2,3.0405274...
check iteration duration=8.70227813721e-05
GetData ===>> H2,-0.195258204398377,H1,8.88912274950291,AX,1.54973088691189,L1,0.00745858037962428,L2,3.1928187...
check iteration duration=7.79628753662e-05
GetData ===>> H2,-0.241089381778144,H1,8.9262295787081,AX,1.452561244285,L1,-0.00780281371449953,L2,3.118297898...
check iteration duration=8.82148742676e-05
GetData ===>> H2,-0.139544243929589,H1,8.96361129936343,AX,1.57033587669772,L1,-0.00298435266954693,L2,3.070118...
testing H1>-5.0
evaluate ot="H1.bs>-5.0" t="H1>-5.0", ctx="{'H1': None}"
check iteration duration=0.000655889511108
GetData ===>> H2,-0.156125012820229,H1,8.92905766163048,AX,1.49766663368319,L1,0.037004639449535,L2,3.179175528...
check iteration duration=7.91549682617e-05
GetData ===>> H2,-0.104635879550226,H1,8.97314577665276,AX,1.56871116279609,L1,0.0295560492879705,L2,3.21274277...
check iteration duration=4.38690185547e-05
GetData ===>> H2,-0.239533291449238,H1,8.93792862060063,AX,1.58963579509408,L1,0.0265940056938867,L2,3.15105282...
check iteration duration=8.01086425781e-05
GetData ===>> H2,-0.212811665517782,H1,8.9567320595253,AX,1.56397743753751,L1,-0.0321390076360897,L2,3.16047466...
check iteration duration=6.38961791992e-05
GetData ===>> H2,-0.277616845582948,H1,8.93248385573957,AX,1.50873868301368,L1,-0.00813019826106758,L2,3.100482...
testing H1>-5.0
evaluate ot="H1.bs>-5.0" t="H1>-5.0", ctx="{'H1': None}"
check iteration duration=0.000555038452148
GetData ===>> H2,-0.327933588491124,H1,8.9722857685264,AX,1.61850508307522,L1,0.000163226174231464,L2,3.1360006...
check iteration duration=4.00543212891e-05
GetData ===>> H2,-0.175433580282907,H1,9.04395435580396,AX,1.65648422641509,L1,0.0236867214135657,L2,3.11087250...
check iteration duration=8.79764556885e-05
GetData ===>> H2,-0.127496246519526,H1,9.12008147850896,AX,1.64154580365719,L1,0.011929098165357,L2,3.126384223...
check iteration duration=3.88622283936e-05
GetData ===>> H2,-0.118600355166555,H1,8.98360354272552,AX,1.55113324473197,L1,0.0197227414428138,L2,3.08666574...
check iteration duration=8.51154327393e-05
GetData ===>> H2,-0.135439776200808,H1,9.03673967521856,AX,1.54093154907574,L1,0.0221064698222104,L2,3.14105254...
testing H1>-5.0
evaluate ot="H1.bs>-5.0" t="H1>-5.0", ctx="{'H1': None}"
check iteration duration=0.000642061233521
GetData ===>> H2,-0.156354679827027,H1,9.06790717381656,AX,1.46369832465487,L1,0.000434470393799434,L2,2.989090...
check iteration duration=2.00271606445e-05
waiting for write to finish
measurement finished
estimated time: 125.829 actual time: :126.185
flush and close file /Users/jan/PychronDev/data/isotopes/8b/6eb8d6-b8ae-47de-8836-b9cc368a9fa2.h5
baselines () {'settling_time': 15.0, 'detector': 'H1', 'mass': 34.2, 'ncounts': 60}
%%%%%%%%%%%%%%%%%%%%%%%%%%%%%%%% Baseline
build tables- baseline [Detector(H2), Detector(H1), Detector(AX), Detector(L1), Detector(L2), Detector(CDD)]
add group baseline table H2
add group baseline table H1
add group baseline table AX
add group baseline table L1
add group baseline table L2
add group baseline table CDD
flush and close file /Users/jan/PychronDev/data/isotopes/8b/6eb8d6-b8ae-47de-8836-b9cc368a9fa2.h5
detector Detector(H1)
POSITION 34.2 H1
Mapping mass to dac mass func: "parabolic"
H1 map mass coeffs = [-0.00063987  0.15840543  0.57249999]
H1 map mass to dac 34.2 >> 5.24154599104
GetDeflection H1 ===>> 0
GetHighVoltage ===>> 4499.94659342336
positioning 34.2 (5.24151512407) on H1
setting magnet DAC
current  : 5.880855
requested: 5.241515
Delta Dac: 0.639340
Checking detector protection. dv=0.63934
Checking detector "CDD". Protection Threshold: 0.1 (V)
ProtectDetector CDD,On ===>> OK
GetDeflection CDD ===>> 2000
Protected = 2000
SetMagnetDAC 5.24151512407 ===>> OK
Magnet settling time: 0.500
GetMagnetMoving ===>> True
GetMagnetMoving ===>> True
GetMagnetMoving ===>> True
GetMagnetMoving ===>> True
GetMagnetMoving ===>> True
GetMagnetMoving ===>> True
GetMagnetMoving ===>> True
GetMagnetMoving ===>> True
GetMagnetMoving ===>> False
ProtectDetector CDD,Off ===>> OK
GetDeflection CDD ===>> 50
Delaying 15.0s for detectors to settle
Join finished
measuring baseline. ncounts=60
"baseline" increment series count="2" fit count="1" regressing="True"
starting measurement
check iteration duration=3.40938568115e-05
GetData ===>> H2,-0.342845374532532,H1,-0.10561023578084,AX,0.0116482851950402,L1,0.0110228329244811,L2,0.03553...
check iteration duration=3.91006469727e-05
GetData ===>> H2,-0.208871563982651,H1,-0.0527011188472091,AX,-0.158141778573737,L1,-0.00806424252390607,L2,-0....
check iteration duration=8.89301300049e-05
GetData ===>> H2,-0.124333851248089,H1,-0.0499470287396829,AX,-0.00786460654197577,L1,-0.0207454631211689,L2,-0...
check iteration duration=9.01222229004e-05
GetData ===>> H2,-0.0903863747945806,H1,-0.0266355683047113,AX,-0.164598843476289,L1,-0.00772486344355639,L2,-0...
testing H1>-5.0
evaluate ot="H1.bs>-5.0" t="H1>-5.0", ctx="{'H1': None}"
check iteration duration=0.000916957855225
GetData ===>> H2,-0.0967705963533032,H1,-0.00298468725203878,AX,-0.00737741191318857,L1,0.0310001507798033,L2,-...
check iteration duration=4.6968460083e-05
GetData ===>> H2,-0.276713012610425,H1,-0.0508769897190174,AX,-0.0941060168523692,L1,0.00432991103645893,L2,-0....
check iteration duration=8.29696655273e-05
GetData ===>> H2,-0.285654607938015,H1,-0.00234056088592709,AX,-0.140240599638332,L1,-0.0082752993616597,L2,-0....
check iteration duration=3.91006469727e-05
GetData ===>> H2,-0.272774517248517,H1,-0.0621789016495676,AX,-0.114918654149326,L1,-0.0455597764571659,L2,-0.0...
check iteration duration=4.10079956055e-05
GetData ===>> H2,-0.250882712172806,H1,-0.04418823176755,AX,0.00618381715667183,L1,-0.0307785478334473,L2,0.062...
testing H1>-5.0
evaluate ot="H1.bs>-5.0" t="H1>-5.0", ctx="{'H1': None}"
check iteration duration=0.000606060028076
GetData ===>> H2,-0.192662396580693,H1,-0.0165819432054402,AX,-0.0670753905384862,L1,-0.0255517603529862,L2,-0....
check iteration duration=4.00543212891e-05
GetData ===>> H2,-0.243859122744112,H1,-0.0569096036457715,AX,-0.0396893724489399,L1,-0.0302455710569095,L2,0.0...
check iteration duration=4.31537628174e-05
GetData ===>> H2,-0.141079657764435,H1,-0.038369483357825,AX,-0.235146508444818,L1,-0.0416074261356184,L2,-0.03...
check iteration duration=4.07695770264e-05
GetData ===>> H2,-0.121181395419768,H1,0.0180231258967158,AX,-0.089458489197615,L1,-0.034141039717972,L2,-0.044...
check iteration duration=7.89165496826e-05
GetData ===>> H2,-0.189511854920281,H1,-0.0475743968352703,AX,-0.0850541434034579,L1,-0.0252821411422886,L2,0.0...
testing H1>-5.0
evaluate ot="H1.bs>-5.0" t="H1>-5.0", ctx="{'H1': None}"
check iteration duration=0.00059700012207
GetData ===>> H2,-0.228202692826174,H1,-0.0148287165628201,AX,-0.0483976169320786,L1,-0.0267272156609206,L2,-0....
check iteration duration=4.10079956055e-05
GetData ===>> H2,-0.177610887009303,H1,-0.0678293789856841,AX,-0.103991415891111,L1,0.0107851768555804,L2,-0.02...
check iteration duration=8.10623168945e-05
GetData ===>> H2,-0.180142677596187,H1,-0.0928473842302545,AX,-0.129065460700836,L1,-0.00730512083933312,L2,-0....
check iteration duration=7.48634338379e-05
GetData ===>> H2,-0.267338692980114,H1,-0.00507210532731932,AX,-0.0682230697658764,L1,-0.0275491140011767,L2,-0...
check iteration duration=9.60826873779e-05
GetData ===>> H2,-0.151197916679074,H1,-0.111436990801406,AX,-0.139208630730082,L1,-0.0260466425837804,L2,0.009...
testing H1>-5.0
evaluate ot="H1.bs>-5.0" t="H1>-5.0", ctx="{'H1': None}"
check iteration duration=0.000603199005127
GetData ===>> H2,-0.194639631344525,H1,-0.0495297357477441,AX,-0.0971540254174383,L1,-0.0485125478601312,L2,-0....
check iteration duration=4.00543212891e-05
GetData ===>> H2,-0.104717076108325,H1,-0.138315108477482,AX,-0.0543920541029104,L1,-0.0649286405959391,L2,0.01...
check iteration duration=3.91006469727e-05
GetData ===>> H2,-0.222093068755506,H1,-0.0907379606734036,AX,-0.0196261367901057,L1,-0.0289495411193903,L2,-0....
check iteration duration=4.29153442383e-05
GetData ===>> H2,-0.263461464113963,H1,-0.0923945173851191,AX,-0.123805545208659,L1,-0.0425235136370421,L2,-0.0...
check iteration duration=4.41074371338e-05
GetData ===>> H2,-0.300604604849019,H1,-0.104311383193578,AX,-0.0756884506915482,L1,-0.053800710518256,L2,-0.04...
testing H1>-5.0
evaluate ot="H1.bs>-5.0" t="H1>-5.0", ctx="{'H1': None}"
check iteration duration=0.00106692314148
10:31:28 -- collecting point 25
GetData ===>> H2,-0.231238096911634,H1,-0.120976892029101,AX,0.00199575949268242,L1,-0.0397115184047469,L2,-0.0...
check iteration duration=4.60147857666e-05
GetData ===>> H2,-0.167508191089059,H1,-0.0415531437653936,AX,-0.0921821295896738,L1,-0.0400983940678543,L2,0.0...
check iteration duration=4.29153442383e-05
GetData ===>> H2,-0.175557777665066,H1,-0.0741947244335737,AX,-0.172260980106916,L1,-0.00153128469965479,L2,-0....
check iteration duration=3.88622283936e-05
GetData ===>> H2,-0.195423127116808,H1,-0.0581494634322109,AX,-0.0832807584038218,L1,-0.0289136044527237,L2,0.0...
check iteration duration=8.58306884766e-05
GetData ===>> H2,-0.0160635046877365,H1,-0.074743031129265,AX,-0.095415629190539,L1,-0.0550260604886522,L2,-0.0...
testing H1>-5.0
evaluate ot="H1.bs>-5.0" t="H1>-5.0", ctx="{'H1': None}"
check iteration duration=0.00053596496582
GetData ===>> H2,-0.194902427949727,H1,-0.0464178674243641,AX,-0.0636206784379535,L1,-0.0320563793249223,L2,-0....
check iteration duration=4.00543212891e-05
GetData ===>> H2,-0.218160532310416,H1,0.0352764498285697,AX,-0.0690809221661646,L1,-0.0380836028415668,L2,-0.0...
check iteration duration=6.00814819336e-05
GetData ===>> H2,-0.169595891292104,H1,0.0366606627452139,AX,-0.0423216403692168,L1,-0.0470548226903691,L2,0.09...
check iteration duration=3.88622283936e-05
GetData ===>> H2,-0.132244131217558,H1,-0.0453447869451782,AX,-0.0703676865862923,L1,-0.00656513196728748,L2,-0...
check iteration duration=3.79085540771e-05
GetData ===>> H2,-0.0647927266317378,H1,0.0481646898119916,AX,-0.102554444894418,L1,-0.0352080526627961,L2,-0.0...
testing H1>-5.0
evaluate ot="H1.bs>-5.0" t="H1>-5.0", ctx="{'H1': None}"
check iteration duration=0.000580072402954
GetData ===>> H2,-0.0534337154229988,H1,0.0239170806018098,AX,-0.124338501136789,L1,-0.0126669155562389,L2,-0.0...
check iteration duration=3.79085540771e-05
GetData ===>> H2,-0.22321505247429,H1,-0.00977161869768466,AX,-0.0612904174530344,L1,0.0257713701938944,L2,-0.0...
check iteration duration=3.81469726562e-05
GetData ===>> H2,-0.208272009394028,H1,-0.0702015307070035,AX,-0.171994380345592,L1,-0.00927655985768229,L2,0.0...
check iteration duration=4.88758087158e-05
GetData ===>> H2,-0.148937289385472,H1,-0.0282574108523502,AX,-0.0855641304911191,L1,-0.0279324838390656,L2,0.0...
check iteration duration=4.19616699219e-05
GetData ===>> H2,-0.176633647982031,H1,-0.046215175326325,AX,-0.0583224420674954,L1,-0.0257219163124557,L2,-0.0...
testing H1>-5.0
evaluate ot="H1.bs>-5.0" t="H1>-5.0", ctx="{'H1': None}"
check iteration duration=0.00140595436096
GetData ===>> H2,-0.188979263363566,H1,-0.0431508977124072,AX,-0.00784140685304307,L1,-0.0502847514267999,L2,0....
check iteration duration=7.79628753662e-05
GetData ===>> H2,-0.182173369091563,H1,-0.006443813503698,AX,-0.137643263734017,L1,-0.0556485498533745,L2,0.025...
check iteration duration=4.29153442383e-05
GetData ===>> H2,-0.231395565691888,H1,-0.134296821024615,AX,-0.147985814569108,L1,-0.0690609995753318,L2,0.085...
check iteration duration=3.79085540771e-05
GetData ===>> H2,-0.170524234246596,H1,-0.0351976460619017,AX,-0.0197769164124029,L1,-0.0263965204109815,L2,-0....
check iteration duration=6.91413879395e-05
GetData ===>> H2,-0.195352985105,H1,-0.0641101133370679,AX,-0.00150768495663778,L1,-0.0459165010504925,L2,0.147...
testing H1>-5.0
evaluate ot="H1.bs>-5.0" t="H1>-5.0", ctx="{'H1': None}"
check iteration duration=0.00056004524231
GetData ===>> H2,-0.144198502934188,H1,0.0105189772460214,AX,0.100467600060229,L1,-0.010800443055728,L2,0.03074...
check iteration duration=4.10079956055e-05
GetData ===>> H2,-0.199293752489173,H1,-0.0442001550849501,AX,-0.127014822628482,L1,-0.00242882790791552,L2,-0....
check iteration duration=5.60283660889e-05
GetData ===>> H2,-0.240413666469172,H1,0.000235986028207691,AX,-0.179377764446591,L1,-0.0135119289569294,L2,-0....
check iteration duration=7.9870223999e-05
GetData ===>> H2,-0.192092209499383,H1,0.0372334461018699,AX,-0.0298902162581807,L1,-0.0146377939579043,L2,-0.0...
check iteration duration=3.88622283936e-05
GetData ===>> H2,-0.261058365325073,H1,-0.0169158876555773,AX,-0.0790847776018837,L1,0.00505154324302532,L2,0.0...
testing H1>-5.0
evaluate ot="H1.bs>-5.0" t="H1>-5.0", ctx="{'H1': None}"
check iteration duration=0.000550031661987
10:31:54 -- collecting point 50
GetData ===>> H2,-0.185207258653824,H1,-0.0524388278167141,AX,-0.15333058078551,L1,-0.011691166431564,L2,-0.086...
check iteration duration=4.07695770264e-05
GetData ===>> H2,-0.236324440015532,H1,0.00841934797481971,AX,-0.132251394550345,L1,-0.0456076596888359,L2,0.11...
check iteration duration=8.48770141602e-05
GetData ===>> H2,-0.172680179143136,H1,-0.0750410226385555,AX,-0.0493484033656572,L1,-0.0124595468157509,L2,-0....
check iteration duration=8.79764556885e-05
GetData ===>> H2,-0.196527806452687,H1,-0.0832652380555075,AX,0.00722795931695315,L1,-0.0132086911755399,L2,0.0...
check iteration duration=8.60691070557e-05
GetData ===>> H2,-0.243554995862889,H1,-0.154458173539162,AX,-0.10727087504316,L1,-0.0329832145112141,L2,0.0165...
testing H1>-5.0
evaluate ot="H1.bs>-5.0" t="H1>-5.0", ctx="{'H1': None}"
check iteration duration=0.000590085983276
GetData ===>> H2,-0.253164673428844,H1,-0.0217818089592868,AX,-0.112369461247944,L1,-0.0496637379550199,L2,-0.0...
check iteration duration=7.79628753662e-05
GetData ===>> H2,-0.12939407177848,H1,0.0171402556820911,AX,-0.0546123455333197,L1,-0.0409104251967883,L2,-0.05...
check iteration duration=7.58171081543e-05
GetData ===>> H2,-0.163220924432245,H1,-0.0198974851480791,AX,0.0257343369460047,L1,-0.0523449488912395,L2,-0.0...
check iteration duration=4.10079956055e-05
GetData ===>> H2,-0.120050571601001,H1,-0.0423281768507476,AX,-0.0382166628616691,L1,-0.0354117645391713,L2,-0....
check iteration duration=7.29560852051e-05
GetData ===>> H2,-0.175785919307314,H1,-0.0656240618700952,AX,-0.0894353089521869,L1,-0.0200009408698865,L2,-0....
testing H1>-5.0
evaluate ot="H1.bs>-5.0" t="H1>-5.0", ctx="{'H1': None}"
check iteration duration=0.000684022903442
GetData ===>> H2,-0.205723884641596,H1,-0.127965007896979,AX,0.0569708329841926,L1,-0.0441974029114293,L2,-0.07...
check iteration duration=1.90734863281e-05
waiting for write to finish
measurement finished
estimated time: 62.915 actual time: :63.118
flush and close file /Users/jan/PychronDev/data/isotopes/8b/6eb8d6-b8ae-47de-8836-b9cc368a9fa2.h5
activate_detectors ('H1', 'AX', 'CDD') {'peak_center': True}
peak_center () {'detector': 'H1', 'integration_time': 0.262144, 'isotope': 'Ar40'}
peak center: mean=9.00248623071 threshold=3
peak center started
setup peak center. detector=['H1', 'AX', 'CDD'], isotope=Ar40
VersionedUnpickler [<apptools.sweet_pickle.versioned_unpickler.VersionedUnpickler object at 0x19fb16950>] using Updater [<apptools.sweet_pickle.updater.Updater object at 0x12e273d10>]
VersionedUnpickler [<apptools.sweet_pickle.versioned_unpickler.VersionedUnpickler object at 0x19fb16950>] using Updater [<apptools.sweet_pickle.updater.Updater object at 0x12e273d10>]
VersionedUnpickler [<apptools.sweet_pickle.versioned_unpickler.VersionedUnpickler object at 0x1c7647230>] using Updater [<apptools.sweet_pickle.updater.Updater object at 0x12e273d10>]
setting integration time = 0.524288
SetIntegrationTime 0.524288 ===>> OK
Mapping mass to dac mass func: "parabolic"
H1 map mass coeffs = [-0.00063987  0.15840543  0.57249999]
H1 map mass to dac 39.9624 >> 5.88089
GetDeflection H1 ===>> 0
GetHighVoltage ===>> 4499.94659342336
do peak center. <pychron.spectrometer.jobs.peak_center.PeakCenter object at 0x16275af50>
doing pc
starting peak center. center dac= 5.88085536799 step_width=0.001
width = 0.001
get scan parameters. half-width=0.015,window=0.015, i=0, scalar=1
Scan parameters center=5.88086 width=0.03000 (5.86586 - 5.89586)
GetData ===>> H2,-0.227604938448124,H1,-0.027947354750135,AX,-0.0911042725081953,L1,-0.00262680461019152,L2,-0....
Moving to starting dac 5.86585536799
setting magnet DAC
current  : 5.241515
requested: 5.865855
Delta Dac: 0.624340
Checking detector protection. dv=0.62434
Checking detector "CDD". Protection Threshold: 0.1 (V)
ProtectDetector CDD,On ===>> OK
GetDeflection CDD ===>> 2000
Protected = 2000
SetMagnetDAC 5.86585536799 ===>> OK
Magnet settling time: 0.500
GetMagnetMoving ===>> True
GetMagnetMoving ===>> True
GetMagnetMoving ===>> True
GetMagnetMoving ===>> True
GetMagnetMoving ===>> True
GetMagnetMoving ===>> True
GetMagnetMoving ===>> True
GetMagnetMoving ===>> True
GetMagnetMoving ===>> False
ProtectDetector CDD,Off ===>> OK
GetDeflection CDD ===>> 50
Wait until signal near baseline. tol= -0.0209605160626. timeout= 10
GetData ===>> H2,-0.0755448414711337,H1,0.162180352864572,AX,-0.0215166643890266,L1,0.0368711942471456,L2,0.065...
GetData ===>> H2,0.533654788499676,H1,0.375343317851251,AX,-0.0649307011543486,L1,0.0795377167402749,L2,0.05624...
GetData ===>> H2,0.550760679083872,H1,0.397310909147275,AX,-0.206008440821562,L1,0.085626367240763,L2,0.0227079...
GetData ===>> H2,0.207654286347368,H1,0.0895583479586516,AX,-0.115694985990987,L1,0.0815477443689484,L2,-0.0737...
GetData ===>> H2,-0.0657857317935089,H1,0.0289284081467002,AX,-0.0699619518942477,L1,0.0548114421766133,L2,-0.1...
GetData ===>> H2,-0.182380899136978,H1,-0.0825024407187456,AX,-0.0514122736561233,L1,0.0126998771111295,L2,0.00...
Peak center baseline intensity achieved
_do_sweep sm= 5.86585536799, em= 5.89585536799, stm= 0.001
calculated step values: start=5.86585536799, end=5.89585536799, width=0.001, nsteps=31.0
setting magnet DAC
current  : 5.865855
requested: 5.865855
Delta Dac: 0.000000
Checking detector protection. dv=0.00000
Checking detector "CDD". Protection Threshold: 0.1 (V)
SetMagnetDAC 5.86585536799 ===>> OK
GetData ===>> H2,-0.182380899136978,H1,-0.0825024407187456,AX,-0.0514122736561233,L1,0.0126998771111295,L2,0.00...
setting magnet DAC
current  : 5.865855
requested: 5.866890
Delta Dac: 0.001034
Checking detector protection. dv=0.00103
Checking detector "CDD". Protection Threshold: 0.1 (V)
SetMagnetDAC 5.86688985075 ===>> OK
Magnet settling time: 1.049
GetData ===>> H2,-0.116319136207648,H1,-0.0718226673750209,AX,-0.157839347285838,L1,-0.0105043170178289,L2,0.00...
setting magnet DAC
current  : 5.866890
requested: 5.867924
Delta Dac: 0.001034
Checking detector protection. dv=0.00103
Checking detector "CDD". Protection Threshold: 0.1 (V)
SetMagnetDAC 5.86792433351 ===>> OK
Magnet settling time: 1.049
GetData ===>> H2,-0.156029091692707,H1,-0.0034260307025356,AX,0.0123328155497769,L1,-0.0354644892935043,L2,0.01...
setting magnet DAC
current  : 5.867924
requested: 5.868959
Delta Dac: 0.001034
Checking detector protection. dv=0.00103
Checking detector "CDD". Protection Threshold: 0.1 (V)
SetMagnetDAC 5.86895881627 ===>> OK
Magnet settling time: 1.049
GetData ===>> H2,-0.210435645531761,H1,0.245978010723724,AX,-0.131127640704098,L1,0.00452922524684208,L2,-0.149...
setting magnet DAC
current  : 5.868959
requested: 5.869993
Delta Dac: 0.001034
Checking detector protection. dv=0.00103
Checking detector "CDD". Protection Threshold: 0.1 (V)
SetMagnetDAC 5.86999329902 ===>> OK
Magnet settling time: 1.049
GetData ===>> H2,-0.203717051295528,H1,0.79280721304833,AX,0.0850174144644309,L1,0.00482700322217808,L2,0.06766...
setting magnet DAC
current  : 5.869993
requested: 5.871028
Delta Dac: 0.001034
Checking detector protection. dv=0.00103
Checking detector "CDD". Protection Threshold: 0.1 (V)
SetMagnetDAC 5.87102778178 ===>> OK
Magnet settling time: 1.049
GetData ===>> H2,-0.30114923323453,H1,2.25157997302075,AX,0.0590617767933537,L1,-0.0201916290081642,L2,-0.01744...
setting magnet DAC
current  : 5.871028
requested: 5.872062
Delta Dac: 0.001034
Checking detector protection. dv=0.00103
Checking detector "CDD". Protection Threshold: 0.1 (V)
SetMagnetDAC 5.87206226454 ===>> OK
Magnet settling time: 1.049
GetData ===>> H2,-0.22217349508452,H1,4.53731454318824,AX,0.491102475264384,L1,0.00188082950197308,L2,0.2241264...
setting magnet DAC
current  : 5.872062
requested: 5.873097
Delta Dac: 0.001034
Checking detector protection. dv=0.00103
Checking detector "CDD". Protection Threshold: 0.1 (V)
SetMagnetDAC 5.8730967473 ===>> OK
Magnet settling time: 1.049
GetData ===>> H2,-0.287987614132498,H1,7.02943600809063,AX,0.836077484152925,L1,-0.00561877844528192,L2,0.64818...
setting magnet DAC
current  : 5.873097
requested: 5.874131
Delta Dac: 0.001034
Checking detector protection. dv=0.00103
Checking detector "CDD". Protection Threshold: 0.1 (V)
SetMagnetDAC 5.87413123006 ===>> OK
Magnet settling time: 1.049
GetData ===>> H2,-0.289832724279294,H1,8.75578588037522,AX,1.22917551707954,L1,-0.0248091117240212,L2,1.5236647...
setting magnet DAC
current  : 5.874131
requested: 5.875166
Delta Dac: 0.001034
Checking detector protection. dv=0.00103
Checking detector "CDD". Protection Threshold: 0.1 (V)
SetMagnetDAC 5.87516571282 ===>> OK
Magnet settling time: 1.049
GetData ===>> H2,-0.269471896600039,H1,9.65144964362625,AX,1.50993131198573,L1,-0.0118158374387226,L2,2.1629093...
setting magnet DAC
current  : 5.875166
requested: 5.876200
Delta Dac: 0.001034
Checking detector protection. dv=0.00103
Checking detector "CDD". Protection Threshold: 0.1 (V)
SetMagnetDAC 5.87620019558 ===>> OK
Magnet settling time: 1.049
GetData ===>> H2,-0.10728611437416,H1,9.9313034623995,AX,1.46184010896388,L1,0.00492066101811612,L2,2.557286466...
setting magnet DAC
current  : 5.876200
requested: 5.877235
Delta Dac: 0.001034
Checking detector protection. dv=0.00103
Checking detector "CDD". Protection Threshold: 0.1 (V)
SetMagnetDAC 5.87723467834 ===>> OK
Magnet settling time: 1.049
GetData ===>> H2,-0.0989566887630417,H1,9.90285888599727,AX,1.63839946953821,L1,0.0419938710747294,L2,2.8534433...
setting magnet DAC
current  : 5.877235
requested: 5.878269
Delta Dac: 0.001034
Checking detector protection. dv=0.00103
Checking detector "CDD". Protection Threshold: 0.1 (V)
SetMagnetDAC 5.87826916109 ===>> OK
Magnet settling time: 1.049
GetData ===>> H2,-0.269643751319903,H1,9.9105201355518,AX,1.51350928590293,L1,0.0146333704098537,L2,2.862917296...
setting magnet DAC
current  : 5.878269
requested: 5.879304
Delta Dac: 0.001034
Checking detector protection. dv=0.00103
Checking detector "CDD". Protection Threshold: 0.1 (V)
SetMagnetDAC 5.87930364385 ===>> OK
Magnet settling time: 1.049
GetData ===>> H2,-0.17144980278677,H1,10.0014585344184,AX,1.55357399376025,L1,-0.0264778772436695,L2,2.90616235...
setting magnet DAC
current  : 5.879304
requested: 5.880338
Delta Dac: 0.001034
Checking detector protection. dv=0.00103
Checking detector "CDD". Protection Threshold: 0.1 (V)
SetMagnetDAC 5.88033812661 ===>> OK
Magnet settling time: 1.049
GetData ===>> H2,-0.265155873435786,H1,10.0649130782419,AX,1.51423425076646,L1,6.36117685547909E-05,L2,2.986462...
setting magnet DAC
current  : 5.880338
requested: 5.881373
Delta Dac: 0.001034
Checking detector protection. dv=0.00103
Checking detector "CDD". Protection Threshold: 0.1 (V)
SetMagnetDAC 5.88137260937 ===>> OK
Magnet settling time: 1.049
GetData ===>> H2,-0.300612653736109,H1,9.97824383394106,AX,1.63246327219158,L1,-0.0299797085331468,L2,2.9230171...
setting magnet DAC
current  : 5.881373
requested: 5.882407
Delta Dac: 0.001034
Checking detector protection. dv=0.00103
Checking detector "CDD". Protection Threshold: 0.1 (V)
SetMagnetDAC 5.88240709213 ===>> OK
Magnet settling time: 1.049
GetData ===>> H2,-0.303402587998845,H1,9.98505869374851,AX,1.50209764176175,L1,-0.00586587045568747,L2,2.932081...
setting magnet DAC
current  : 5.882407
requested: 5.883442
Delta Dac: 0.001034
Checking detector protection. dv=0.00103
Checking detector "CDD". Protection Threshold: 0.1 (V)
SetMagnetDAC 5.88344157489 ===>> OK
Magnet settling time: 1.049
GetData ===>> H2,-0.232385385844526,H1,10.0737487081092,AX,1.4957376293798,L1,0.0221021524635357,L2,2.811347340...
setting magnet DAC
current  : 5.883442
requested: 5.884476
Delta Dac: 0.001034
Checking detector protection. dv=0.00103
Checking detector "CDD". Protection Threshold: 0.1 (V)
SetMagnetDAC 5.88447605765 ===>> OK
Magnet settling time: 1.049
GetData ===>> H2,-0.195659178770395,H1,9.98555980382363,AX,1.70718269690704,L1,-0.0139709632326043,L2,3.0402727...
setting magnet DAC
current  : 5.884476
requested: 5.885511
Delta Dac: 0.001034
Checking detector protection. dv=0.00103
Checking detector "CDD". Protection Threshold: 0.1 (V)
SetMagnetDAC 5.8855105404 ===>> OK
Magnet settling time: 1.049
GetData ===>> H2,-0.154934722780615,H1,9.85312442705066,AX,1.52779909743002,L1,0.018556670968332,L2,2.894788727...
setting magnet DAC
current  : 5.885511
requested: 5.886545
Delta Dac: 0.001034
Checking detector protection. dv=0.00103
Checking detector "CDD". Protection Threshold: 0.1 (V)
SetMagnetDAC 5.88654502316 ===>> OK
Magnet settling time: 1.049
GetData ===>> H2,-0.141768109524336,H1,9.85014661338217,AX,1.60115226726927,L1,0.0597407943252909,L2,2.63352263...
setting magnet DAC
current  : 5.886545
requested: 5.887580
Delta Dac: 0.001034
Checking detector protection. dv=0.00103
Checking detector "CDD". Protection Threshold: 0.1 (V)
SetMagnetDAC 5.88757950592 ===>> OK
Magnet settling time: 1.049
GetData ===>> H2,-0.152510522103365,H1,9.17032304382122,AX,1.3728272561495,L1,0.054027776655573,L2,2.2562649829...
setting magnet DAC
current  : 5.887580
requested: 5.888614
Delta Dac: 0.001034
Checking detector protection. dv=0.00103
Checking detector "CDD". Protection Threshold: 0.1 (V)
SetMagnetDAC 5.88861398868 ===>> OK
Magnet settling time: 1.049
GetData ===>> H2,-0.266853473486642,H1,7.61402170298113,AX,1.13173213472302,L1,-0.0251395349158335,L2,1.4255944...
setting magnet DAC
current  : 5.888614
requested: 5.889648
Delta Dac: 0.001034
Checking detector protection. dv=0.00103
Checking detector "CDD". Protection Threshold: 0.1 (V)
SetMagnetDAC 5.88964847144 ===>> OK
Magnet settling time: 1.049
GetData ===>> H2,-0.110748113590563,H1,5.13230667180002,AX,0.645660717691344,L1,-0.0348533444850918,L2,0.888864...
setting magnet DAC
current  : 5.889648
requested: 5.890683
Delta Dac: 0.001034
Checking detector protection. dv=0.00103
Checking detector "CDD". Protection Threshold: 0.1 (V)
SetMagnetDAC 5.8906829542 ===>> OK
Magnet settling time: 1.049
GetData ===>> H2,-0.00117547846285839,H1,2.76024949259937,AX,0.0673575587100638,L1,-0.047744216620255,L2,0.2992...
setting magnet DAC
current  : 5.890683
requested: 5.891717
Delta Dac: 0.001034
Checking detector protection. dv=0.00103
Checking detector "CDD". Protection Threshold: 0.1 (V)
SetMagnetDAC 5.89171743696 ===>> OK
Magnet settling time: 1.049
GetData ===>> H2,-0.0405125643560082,H1,1.12783907881078,AX,0.00950190766512947,L1,-0.0267148817408937,L2,0.074...
setting magnet DAC
current  : 5.891717
requested: 5.892752
Delta Dac: 0.001034
Checking detector protection. dv=0.00103
Checking detector "CDD". Protection Threshold: 0.1 (V)
SetMagnetDAC 5.89275191971 ===>> OK
Magnet settling time: 1.049
GetData ===>> H2,-0.258983804444218,H1,0.324040607071319,AX,-0.00748181096749213,L1,-0.0236980439859863,L2,0.02...
setting magnet DAC
current  : 5.892752
requested: 5.893786
Delta Dac: 0.001034
Checking detector protection. dv=0.00103
Checking detector "CDD". Protection Threshold: 0.1 (V)
SetMagnetDAC 5.89378640247 ===>> OK
Magnet settling time: 1.049
GetData ===>> H2,-0.252136032625392,H1,0.0738773829372931,AX,-0.0363612489795967,L1,-0.0425223161915533,L2,0.02...
setting magnet DAC
current  : 5.893786
requested: 5.894821
Delta Dac: 0.001034
Checking detector protection. dv=0.00103
Checking detector "CDD". Protection Threshold: 0.1 (V)
SetMagnetDAC 5.89482088523 ===>> OK
Magnet settling time: 1.049
GetData ===>> H2,-0.21425535215493,H1,0.056590676839874,AX,-0.0647915845347217,L1,-0.0258027429090383,L2,-0.124...
setting magnet DAC
current  : 5.894821
requested: 5.895855
Delta Dac: 0.001034
Checking detector protection. dv=0.00103
Checking detector "CDD". Protection Threshold: 0.1 (V)
SetMagnetDAC 5.89585536799 ===>> OK
Magnet settling time: 1.049
GetData ===>> H2,-0.231183358531914,H1,-0.106789912967797,AX,-0.0564905995822707,L1,-0.0133141662228187,L2,0.00...
result of _do_sweep=True
result of _calculate_peak_center=([5.8733403379301308, 5.8810056685914534, 5.8886709992527759], [7.4359412385390904, 10.071274470313581, 7.4772538405406959], 5.8834705984511722, 10.071274470313581)
Failed to find a valid peak. No peak greater than 1.0. max = 0.029150228638
new center pos Detector(H1) (Ar40) @ 5.88100566859
GetHighVoltage ===>> 4499.94659342336
GetDeflection H1 ===>> 0
dac uncorrected for HV and deflection 5.88104030149
update mftable H1 Ar40 5.88104030149 message=automated run peakcenter
get initial guess parabolic
get initial guess parabolic
get initial guess parabolic
get initial guess parabolic
get initial guess parabolic
get initial guess parabolic
dump mftable to /Users/jan/PychronDev/setupfiles/spectrometer/mftables/mftable.csv
add to repo msg=modified - automated run peakcenter
sweep finished
locally archiving mftable
setting magnet DAC
current  : 5.895855
requested: 5.881006
Delta Dac: 0.014850
Checking detector protection. dv=0.01485
Checking detector "CDD". Protection Threshold: 0.1 (V)
SetMagnetDAC 5.88100566859 ===>> OK
Magnet settling time: 0.500
setting integration time = 1.048576
SetIntegrationTime 1.048576 ===>> OK
Failed to find a valid peak. No peak greater than 1.0. max = 0.029150228638
flush and close file /Users/jan/PychronDev/data/isotopes/8b/6eb8d6-b8ae-47de-8836-b9cc368a9fa2.h5
finished measure script
executed snippet estimated_duration=226.132928, duration=264.308169842
jan_unknown120_60.py completed successfully
Measurement Finished
10:32:44 -- ******* Measurement Finished *******
Post Measurement Started jan_pump_ms.py
10:32:44 -- ******* Post Measurement Started jan_pump_ms.py *******
testing...
no interpolation path defined
executed snippet estimated_duration=0, duration=4.50611114502e-05
Pumping spectrometer
open () {'name': 'O'}
opening name=O desc=---
checking ownership. requestor=129.138.12.150
check software interlocks O
interlocks []
actuate state mode=None-script, software_lock=False
doing actuation None-script open_channel True
Open O ===>> OK
GetIndicatorState O ===>> OK
change switch state (True, True)
update switch state O True args=() kw={} ncanvase=6
10:32:44 -- OPEN   VALVE-O (Jan Ion Pump)
---------------------------------------- open O () result=[(True, True)], time=0.10 sec
action=open, ok=True, locked=[False]
executed snippet estimated_duration=0, duration=0.360554933548
jan_pump_ms.py completed successfully
setting _ms_pumptime
Post Measurement Finished
10:32:45 -- ******* Post Measurement Finished *******
$$$$$$$$$$$$$$$$$$$$ state at run end measurement
state changed from measurement to success
post measurement save measured=True aborted=False
Set filtering
setting fod for Ar40= {'filter_outliers': True, 'std_devs': 2, 'iterations': 1}
setting fod for H1= {'filter_outliers': True, 'std_devs': 2, 'iterations': 1}
setting fod for PM41= {'filter_outliers': False, 'std_devs': 2, 'iterations': 1}
setting fod for H2= {'filter_outliers': True, 'std_devs': 2, 'iterations': 1}
setting fod for Ar36= {'filter_outliers': True, 'std_devs': 2, 'iterations': 1}
setting fod for CDD= {'filter_outliers': True, 'std_devs': 10, 'iterations': 1}
setting fod for Ar37= {'filter_outliers': True, 'std_devs': 2, 'iterations': 1}
setting fod for L2= {'filter_outliers': True, 'std_devs': 2, 'iterations': 1}
setting fod for Ar38= {'filter_outliers': True, 'std_devs': 2, 'iterations': 1}
setting fod for L1= {'filter_outliers': True, 'std_devs': 2, 'iterations': 1}
setting fod for Ar39= {'filter_outliers': True, 'std_devs': 2, 'iterations': 1}
setting fod for AX= {'filter_outliers': True, 'std_devs': 2, 'iterations': 1}
persistence save...
persistence save - db
post measurement save
7998810448 connecting to database sqlite:////Users/jan/PychronDev/.appdata/local_lab.db
connected to db sqlite:////Users/jan/PychronDev/.appdata/local_lab.db
create new session 7998810448
close session 7998810448
No database instance. Not saving post measurement to isotopedb database
$$$$$$$$$$$$$$$ auto_save_detector_ic=False
massspec enabled True
create new session 4997822608
MassSpec Database Version: 16.0
close session 4997822608
saving post measurement to secondary database
saving to massspec database 129.138.12.160/massspecdata
setting labnumber to 65448
setting aliquot to 6
setting step to B
setting uuid to 8b6eb8d6-b8ae-47de-8836-b9cc368a9fa2
setting irradpos to 65448
setting extract_device to Fusions CO2
setting tray to 
setting position to 184
setting power_requested to 0.4
setting extract_value to 0.4
setting duration to 30.0
setting duration_at_request to 30.0
setting first_stage_delay to 30.0
setting cleanup to 30.0
setting comment to J:2 Plag, 10 crystals
setting irradiation to NM-288
setting level to J
setting irradiation_level to J
setting sample to MB.46.1
setting material to Plagioclase
setting project to IR973
setting mass_spectrometer to Jan
no attribute chron_dosages
no attribute production_ratios
no attribute interference_corrections
no attribute production_name
no attribute j
Reference Isotope=Ar40
Reference Detector=H1
%%%%%%%%%%%%%%%%%%%% Comment: J:2 Plag, 10 crystals %%%%%%%%%%%%%%%%%%%
adding isotope PM41 H2
add baseline dbdet= PM41. original det= H2
get baseline data PM41 H2
Get data baseline <pychron.processing.isotope.Baseline object at 0x1e0121b10> len t=60
baseline PM41. v=-0.194883842685, e=0.00663872447539
get signal data PM41 H2
Get data signal PM41 0.04+/-0.07 len t=120
adding isotope Ar40 H1
add baseline dbdet= Ar40. original det= H1
get baseline data Ar40 H1
Get data baseline <pychron.processing.isotope.Baseline object at 0x1e0121110> len t=60
baseline Ar40. v=-0.0413582674024, e=0.00567421017511
get signal data Ar40 H1
Get data signal Ar40 7.298+/-0.010 len t=120
adding isotope Ar39 AX
add baseline dbdet= Ar39. original det= AX
get baseline data Ar39 AX
Get data baseline <pychron.processing.isotope.Baseline object at 0x1e01212d0> len t=60
baseline Ar39. v=-0.0795585964192, e=0.00707182677905
get signal data Ar39 AX
Get data signal Ar39 1.568+/-0.011 len t=120
adding isotope Ar38 L1
add baseline dbdet= Ar38. original det= L1
get baseline data Ar38 L1
Get data baseline <pychron.processing.isotope.Baseline object at 0x1e0121cd0> len t=60
baseline Ar38. v=-0.0272119518715, e=0.00243496314778
get signal data Ar38 L1
Get data signal Ar38 0.038+/-0.004 len t=120
adding isotope Ar37 L2
add baseline dbdet= Ar37. original det= L2
get baseline data Ar37 L2
Get data baseline <pychron.processing.isotope.Baseline object at 0x1e0121d90> len t=60
baseline Ar37. v=-0.0186920715215, e=0.00634374037871
get signal data Ar37 L2
Get data signal Ar37 3.270+/-0.010 len t=120
adding isotope Ar36 CDD
add baseline dbdet= Ar36. original det= CDD
get baseline data Ar36 CDD
Get data baseline <pychron.processing.isotope.Baseline object at 0x1e01211d0> len t=60
baseline Ar36. v=1.24054509335e-05, e=5.3565219893e-06
get signal data Ar36 CDD
Get data signal Ar36 0.02132+/-0.00035 len t=120
65448-06B added analysis time 0.488924980164s
analysis added to mass spec database
mass spec save time= 0.497
persistence save - dvc
================= post measurement started
create new session 4992585168
close session 4992585168
---------------- Experiment Queue saving disabled
DVC saving peakcenter
Failed to find a valid peak. No peak greater than 1.0. max = 0.029150228638
Smart pull ahead: 0 behind: 0
Up-to-date with origin
add to repo msg=modified - ad8224ebc6dbfeb9f5997218dfa5fe690569839d.json
add to repo msg=modified - 48-06B.json
add to repo msg=modified - 48-06B.dat.json
add to repo msg=modified - 48-06B.blan.json
add to repo msg=modified - 48-06B.inte.json
add to repo msg=modified - 48-06B.icfa.json
add to repo msg=modified - 48-06B.base.json
not at valid file /Users/jan/PychronDev/data/.dvc/repositories/Load1794/654/tags/48-06B.tags.json
add to repo msg=modified - 48-06B.peak.json
add to repo msg=modified - 48-06B.extr.json
not at valid file /Users/jan/PychronDev/data/.dvc/repositories/Load1794/654/monitor/48-06B.moni.json
commit message=<COLLECTION>
add to repo msg=modified - 48-06B.inte.json
add to repo msg=modified - 48-06B.base.json
commit message=<ISOEVO> default collection fits
add to repo msg=modified - 48-06B.blan.json
commit message=<BLANKS> preceding bu-FC-J-7809
add to repo msg=modified - 48-06B.icfa.json
commit message=<ICFactor> default
push repository <pychron.git_archive.repo_manager.GitRepoManager object at 0x1e3b1edd0>
pushing to remote=origin, url=https://github.com
no changes to meta repo
create new session 4992585168
add association Load1794
get identifier "65448"
setting analysis irradiation position=<pychron.dvc.dvc_orm.IrradiationPositionTbl object at 0x1b85dbbd0>
close session 4992585168
================= post measurement finished
10:32:56 -- ******* Post Run Check *******
loading queue conditionals post_run_actions
loading system conditionals post_run_actions
loading conditionals from /Users/jan/PychronDev/setupfiles/spectrometer/default_conditionals.yaml
loading queue conditionals post_run_terminations
loading system conditionals post_run_terminations
loading conditionals from /Users/jan/PychronDev/setupfiles/spectrometer/default_conditionals.yaml
Checking default post run terminations n=1
GetDeflection CDD ===>> 50
testing CDD==2000
evaluate ot="CDD.deflection==2000" t="CDD==2000", ctx="{'CDD': 50.0}"
10:32:56 -- ******* Post Run Check Passed *******
10:32:56 -- Automated run 65448-06B success duration: 352.127 s
----------------- finish -----------------
----------------- stop -----------------
retroactive repository identifiers disabled
finish run. runs completed=130
update duration runid=65448-06B, duration=352.127352953, md5=301e91d8
loading script "jan_unknown120_60.py"
loading script "jan_pump_ms.py"
loading script "jan_co2.py"
loading script "jan_pump_extraction_line.py"
testing...
no interpolation path defined
executed snippet estimated_duration=213.652928, duration=0.000319004058838
script duration name:unknown120_60 seconds:214.0
loading script "jan_unknown120_60.py"
loading script "jan_pump_ms.py"
loading script "jan_co2.py"
loading script "jan_pump_extraction_line.py"
testing...
no interpolation path defined
executed snippet estimated_duration=0, duration=4.38690185547e-05
loading script "jan_unknown120_60.py"
loading script "jan_pump_ms.py"
loading script "jan_co2.py"
loading script "jan_pump_extraction_line.py"
testing...
no interpolation path defined
calculate duration
testing...
no interpolation path defined
executed snippet estimated_duration=0, duration=8.08238983154e-05
calculate duration
testing...
no interpolation path defined
executed snippet estimated_duration=0, duration=9.48905944824e-05
executed snippet estimated_duration=0.0, duration=0.00345087051392
script duration name:co2 seconds:0.0
loading script "jan_unknown120_60.py"
loading script "jan_pump_ms.py"
loading script "jan_co2.py"
loading script "jan_pump_extraction_line.py"
testing...
no interpolation path defined
calculate duration
testing...
no interpolation path defined
executed snippet estimated_duration=4.0, duration=0.000178813934326
executed snippet estimated_duration=4.0, duration=0.00177407264709
Script duration 214.0
Run total estimated duration= 215.000
unknown120_60 in script context. using previous estimated duration
script duration name:unknown120_60 seconds:214.0
pump_ms in script context. using previous estimated duration
co2 in script context. using previous estimated duration
script duration name:co2 seconds:0.0
pump_extraction_line in script context. using previous estimated duration
Script duration 214.0
Run total estimated duration= 215.000
script duration name:unknown120_60 seconds:214.0
script duration name:co2 seconds:0.0
Script duration 214.0
Run total estimated duration= 215.000
script duration name:unknown120_60 seconds:214.0
script duration name:co2 seconds:0.0
Script duration 214.0
Run total estimated duration= 215.000
loading script "jan_unknown400_120.py"
loading script "jan_pump_ms.py"
loading script "jan_co2.py"
loading script "jan_pump_extraction_line.py"
testing...
no interpolation path defined
executed snippet estimated_duration=556.052928, duration=0.000283002853394
script duration name:unknown400_120 seconds:556.0
script duration name:co2 seconds:0.0
Script duration 556.0
Run total estimated duration= 557.000
script duration name:unknown120_60 seconds:214.0
script duration name:co2 seconds:0.0
Script duration 214.0
Run total estimated duration= 215.000
script duration name:unknown120_60 seconds:214.0
script duration name:co2 seconds:0.0
Script duration 214.0
Run total estimated duration= 215.000
script duration name:unknown120_60 seconds:214.0
script duration name:co2 seconds:0.0
Script duration 214.0
Run total estimated duration= 215.000
unknown400_120 in script context. using previous estimated duration
script duration name:unknown400_120 seconds:556.0
loading script "jan_unknown400_120.py"
loading script "jan_pump_ms.py"
loading script "jan_cocktail_x1.py"
loading script "jan_pump_extraction_line.py"
testing...
no interpolation path defined
calculate duration
testing...
no interpolation path defined
executed snippet estimated_duration=0, duration=5.10215759277e-05
calculate duration
testing...
no interpolation path defined
executed snippet estimated_duration=0, duration=0.000136137008667
calculate duration
testing...
no interpolation path defined
executed snippet estimated_duration=32.0, duration=9.67979431152e-05
calculate duration
testing...
no interpolation path defined
executed snippet estimated_duration=34.0, duration=0.000144004821777
calculate duration
testing...
no interpolation path defined
executed snippet estimated_duration=4.0, duration=8.20159912109e-05
calculate duration
testing...
no interpolation path defined
executed snippet estimated_duration=38.0, duration=8.79764556885e-05
executed snippet estimated_duration=108.0, duration=0.0121788978577
script duration name:cocktail_x1 seconds:108.0
Script duration 664.0
Run total estimated duration= 665.000
script duration name:unknown400_120 seconds:556.0
cocktail_x1 in script context. using previous estimated duration
script duration name:cocktail_x1 seconds:108.0
Script duration 664.0
Run total estimated duration= 665.000
loading script "jan_ic_peak_hop3.py"
loading script "jan_pump_ms.py"
loading script "jan_air_x1.py"
loading script "jan_pump_extraction_line.py"
testing...
no interpolation path defined
executed snippet estimated_duration=133.8, duration=0.00862908363342
script duration name:ic_peak_hop3 seconds:134.0
loading script "jan_ic_peak_hop3.py"
loading script "jan_pump_ms.py"
loading script "jan_air_x1.py"
loading script "jan_pump_extraction_line.py"
testing...
no interpolation path defined
calculate duration
testing...
no interpolation path defined
executed snippet estimated_duration=0, duration=5.88893890381e-05
calculate duration
testing...
no interpolation path defined
executed snippet estimated_duration=0, duration=0.000101089477539
calculate duration
testing...
no interpolation path defined
executed snippet estimated_duration=32.0, duration=0.000113010406494
calculate duration
testing...
no interpolation path defined
executed snippet estimated_duration=34.0, duration=0.000108957290649
calculate duration
testing...
no interpolation path defined
executed snippet estimated_duration=4.0, duration=6.69956207275e-05
calculate duration
testing...
no interpolation path defined
executed snippet estimated_duration=36.0, duration=0.000123977661133
executed snippet estimated_duration=106.0, duration=0.0209732055664
script duration name:air_x1 seconds:106.0
Script duration 240.0
Run total estimated duration= 241.000
script duration name:unknown120_60 seconds:214.0
script duration name:co2 seconds:0.0
Script duration 214.0
Run total estimated duration= 215.000
script duration name:unknown120_60 seconds:214.0
script duration name:co2 seconds:0.0
Script duration 214.0
Run total estimated duration= 215.000
script duration name:unknown120_60 seconds:214.0
script duration name:co2 seconds:0.0
Script duration 214.0
Run total estimated duration= 215.000
script duration name:unknown400_120 seconds:556.0
loading script "jan_unknown400_120.py"
loading script "jan_pump_ms.py"
loading script "jan_sniffair_x2.py"
loading script "jan_pump_extraction_line.py"
testing...
no interpolation path defined
calculate duration
testing...
no interpolation path defined
executed snippet estimated_duration=0, duration=8.79764556885e-05
calculate duration
testing...
no interpolation path defined
executed snippet estimated_duration=0, duration=0.000128984451294
calculate duration
testing...
no interpolation path defined
executed snippet estimated_duration=32.0, duration=9.70363616943e-05
calculate duration
testing...
no interpolation path defined
executed snippet estimated_duration=34.0, duration=0.000102043151855
calculate duration
testing...
no interpolation path defined
executed snippet estimated_duration=4.0, duration=6.69956207275e-05
calculate duration
testing...
no interpolation path defined
executed snippet estimated_duration=36.0, duration=0.000120878219604
calculate duration
testing...
no interpolation path defined
executed snippet estimated_duration=34.0, duration=0.00010085105896
calculate duration
testing...
no interpolation path defined
executed snippet estimated_duration=4.0, duration=6.79492950439e-05
calculate duration
testing...
no interpolation path defined
executed snippet estimated_duration=36.0, duration=0.000108003616333
calculate duration
testing...
no interpolation path defined
executed snippet estimated_duration=70.0, duration=0.000104188919067
executed snippet estimated_duration=250.0, duration=0.0165719985962
script duration name:sniffair_x2 seconds:250.0
Script duration 806.0
Run total estimated duration= 807.000
script duration name:unknown400_120 seconds:556.0
sniffair_x2 in script context. using previous estimated duration
script duration name:sniffair_x2 seconds:250.0
Script duration 806.0
Run total estimated duration= 807.000
nruns=16 before=0.0, run_dur=5892.0, btw=0.0
write rem/ex queues
/Users/jan/PychronDev/experiments/rem/CurrentExperiment.rem.txt
/Users/jan/PychronDev/experiments/rem/CurrentExperiment.ex.txt
doing event level: 3
