do run
loading script "jan_unknown120_60.py"
loading script "jan_pump_ms.py"
loading script "jan_co2.py"
loading script "jan_pump_extraction_line.py"
testing...
no interpolation path defined
executed snippet estimated_duration=213.652928, duration=0.000324010848999
script duration name:unknown120_60 seconds:214.0
loading script "jan_unknown120_60.py"
loading script "jan_pump_ms.py"
loading script "jan_co2.py"
loading script "jan_pump_extraction_line.py"
testing...
no interpolation path defined
executed snippet estimated_duration=0, duration=2.09808349609e-05
loading script "jan_unknown120_60.py"
loading script "jan_pump_ms.py"
loading script "jan_co2.py"
loading script "jan_pump_extraction_line.py"
testing...
no interpolation path defined
calculate duration
testing...
no interpolation path defined
executed snippet estimated_duration=0, duration=5.50746917725e-05
calculate duration
testing...
no interpolation path defined
executed snippet estimated_duration=0, duration=0.0001380443573
executed snippet estimated_duration=0.0, duration=0.00278401374817
script duration name:co2 seconds:0.0
loading script "jan_unknown120_60.py"
loading script "jan_pump_ms.py"
loading script "jan_co2.py"
loading script "jan_pump_extraction_line.py"
testing...
no interpolation path defined
calculate duration
testing...
no interpolation path defined
executed snippet estimated_duration=4.0, duration=0.000118017196655
executed snippet estimated_duration=4.0, duration=0.000922918319702
Script duration 214.0
Run total estimated duration= 215.000
run duration: 0:03:35
doing event level: 2
11:18:44 -- Setting default integration. t=1.048576
setting integration time = 1.048576
SetIntegrationTime 1.048576 ===>> OK
----------------- start -----------------
**************** Experiment Type: Ar/Ar, Ar/Ar
create new session 4419438256
close session 4419438256
$$$$$ Clearing conditionals
adding conditionals 
Add queue conditionals
add default conditionals
adding default conditionals from /Users/jan/PychronDev/setupfiles/spectrometer/default_conditionals.yaml
Start automated run 65450-03B
loading script "jan_unknown120_60.py"
loading script "jan_pump_ms.py"
loading script "jan_co2.py"
loading script "jan_pump_extraction_line.py"
%%%%%%%%%%%%%%%%%% setting automated run 65450-03B
No value "sensitivity_multiplier" in metadata
$$$$$$$$$$$$$$$ auto_save_detector_ic=False
============================= Pre Extraction Check =============================
loading queue conditionals pre_run_terminations
loading system conditionals pre_run_terminations
loading conditionals from /Users/jan/PychronDev/setupfiles/spectrometer/default_conditionals.yaml
11:18:44 -- ******* Pre Extraction Check *******
Get a measurement from the spectrometer
GetData ===>> H2,-0.192403591820612,H1,-0.0328008151094348,AX,-0.209809471206731,L1,-0.0296155440958009,L2,0.15...
Pre Extraction Termination data. keys=H2,H1,AX,L1,L2,CDD, signals=-0.19240,-0.03280,-0.20981,-0.02962,0.15710,0.00387
11:18:44 -- testing system defined conditionals
Checking default pre extraction terminations n=2
testing CDD
evaluate ot="CDD.inactive" t="CDD", ctx="{'CDD': False}"
GetDeflection CDD ===>> 50
testing CDD==2000
evaluate ot="CDD.deflection==2000" t="CDD==2000", ctx="{'CDD': 50.0}"
11:18:44 -- ******* Pre Extraction Check Passed *******
=================================================================================
11:18:44 -- stopping status monitor
stop 5288834736
Alive clients [5025639504, 4992986192]
11:18:44 -- starting status monitor
start 5288834736
Monitor already running
start extraction
do extraction
Analysis started at 11:18:44.853010
Extraction Started jan_co2.py
11:18:44 -- ******* Extraction Started jan_co2.py *******
state changed from not run to extraction
DO EXTRACTION <pychron.extraction_line.pyscript_runner.RemotePyScriptRunner object at 0x12bfe48f0>
testing...
no interpolation path defined
calculate duration
testing...
no interpolation path defined
executed snippet estimated_duration=0, duration=4.60147857666e-05
calculate duration
testing...
no interpolation path defined
executed snippet estimated_duration=0, duration=0.0002601146698
executed snippet estimated_duration=100.0, duration=0.00358891487122
Jan CO2 laser analysis
doing GOSUB
testing...
no interpolation path defined
executed snippet estimated_duration=0, duration=5.79357147217e-05
Waiting for CO2 access
wait ('FelixCO2Flag', 0) {}
waiting for FelixCO2Flag = 0
Read FelixCO2Flag ===>> 0
finished waiting
CO2 free
wait ('CO2PumpTimeFlag', 0) {}
waiting for CO2PumpTimeFlag = 0
Read CO2PumpTimeFlag ===>> 0
finished waiting
acquire ('JanCO2Flag',) {'clear': True}
acquire JanCO2Flag
Set JanCO2Flag 1 ===>> OK
JanCO2Flag acquired
set extraction state False (0.75, 'red', 1.5)
CO2 acquired
executed snippet estimated_duration=0, duration=0.0200779438019
WaitForCO2Access.py completed successfully
gosub finished
doing GOSUB
testing...
no interpolation path defined
executed snippet estimated_duration=0, duration=9.48905944824e-05
Prepare for CO2 analysis
close () {'description': 'Jan Inlet'}
closing name=--- desc=Jan Inlet
checking ownership. requestor=129.138.12.150
check software interlocks R
interlocks []
actuate state mode=None-script, software_lock=False
doing actuation None-script close_channel False
Close R ===>> OK
GetIndicatorState R ===>> False
change switch state (True, True)
update switch state R False args=() kw={} ncanvase=6
11:18:45 -- CLOSE  VALVE-R (Jan Inlet)
---------------------------------------- close None (Jan Inlet) result=[(True, True)]
action=close, ok=True, locked=[False]
open () {'description': 'Jan Ion Pump'}
opening name=--- desc=Jan Ion Pump
checking ownership. requestor=129.138.12.150
check software interlocks O
interlocks []
actuate state mode=None-script, software_lock=False
doing actuation None-script open_channel False
Open O ===>> OK
GetIndicatorState O ===>> OK
change switch state (True, True)
update switch state O True args=() kw={} ncanvase=6
11:18:45 -- OPEN   VALVE-O (Jan Ion Pump)
---------------------------------------- open None (Jan Ion Pump) result=[(True, True)], time=0.11 sec
action=open, ok=True, locked=[False]
close () {'description': 'Microbone to Minibone'}
closing name=--- desc=Microbone to Minibone
checking ownership. requestor=129.138.12.150
check software interlocks L
interlocks []
actuate state mode=None-script, software_lock=False
doing actuation None-script close_channel False
Close L ===>> OK
GetIndicatorState L ===>> False
change switch state (True, True)
update switch state L False args=() kw={} ncanvase=6
11:18:46 -- CLOSE  VALVE-L (Microbone to Minibone)
---------------------------------------- close None (Microbone to Minibone) result=[(True, True)]
action=close, ok=True, locked=[False]
open () {'description': 'Microbone to Turbo'}
opening name=--- desc=Microbone to Turbo
checking ownership. requestor=129.138.12.150
check software interlocks U
interlocks []
actuate state mode=None-script, software_lock=False
doing actuation None-script open_channel False
Open U ===>> OK
GetIndicatorState U ===>> OK
change switch state (True, True)
update switch state U True args=() kw={} ncanvase=6
11:18:46 -- OPEN   VALVE-U (Microbone to Turbo)
---------------------------------------- open None (Microbone to Turbo) result=[(True, True)], time=0.13 sec
action=open, ok=True, locked=[False]
open () {'description': 'Microbone to Inlet Pipette'}
opening name=--- desc=Microbone to Inlet Pipette
checking ownership. requestor=129.138.12.150
check software interlocks S
interlocks []
actuate state mode=None-script, software_lock=False
doing actuation None-script open_channel False
Open S ===>> OK
GetIndicatorState S ===>> OK
change switch state (True, True)
update switch state S True args=() kw={} ncanvase=6
11:18:47 -- OPEN   VALVE-S (Microbone to Inlet Pipette)
---------------------------------------- open None (Microbone to Inlet Pipette) result=[(True, True)], time=0.44 sec
action=open, ok=True, locked=[False]
open () {'description': 'Microbone to Getter D-50'}
opening name=--- desc=Microbone to Getter D-50
checking ownership. requestor=129.138.12.150
check software interlocks K
interlocks []
actuate state mode=None-script, software_lock=False
doing actuation None-script open_channel False
Open K ===>> OK
GetIndicatorState K ===>> OK
change switch state (True, True)
update switch state K True args=() kw={} ncanvase=6
11:18:48 -- OPEN   VALVE-K (Microbone to Getter D-50)
---------------------------------------- open None (Microbone to Getter D-50) result=[(True, True)], time=0.44 sec
action=open, ok=True, locked=[False]
open () {'description': 'Microbone to Getter NP-10'}
opening name=--- desc=Microbone to Getter NP-10
checking ownership. requestor=129.138.12.150
check software interlocks M
interlocks []
actuate state mode=None-script, software_lock=False
doing actuation None-script open_channel False
Open M ===>> OK
GetIndicatorState M ===>> OK
change switch state (True, True)
update switch state M True args=() kw={} ncanvase=6
11:18:48 -- OPEN   VALVE-M (Microbone to Getter NP-10)
---------------------------------------- open None (Microbone to Getter NP-10) result=[(True, True)], time=0.15 sec
action=open, ok=True, locked=[False]
close () {'description': 'CO2 Laser to Felix'}
closing name=--- desc=CO2 Laser to Felix
checking ownership. requestor=129.138.12.150
check software interlocks F
interlocks []
actuate state mode=None-script, software_lock=True
VALVE-F(CO2 Laser to Felix) software locked
change switch state (True, False)
---------------------------------------- close None (CO2 Laser to Felix) result=[(True, False)]
action=close, ok=True, locked=[True]
open () {'description': 'CO2 Laser to Jan'}
opening name=--- desc=CO2 Laser to Jan
checking ownership. requestor=129.138.12.150
check software interlocks A
interlocks []
actuate state mode=None-script, software_lock=False
doing actuation None-script open_channel False
Open A ===>> OK
GetIndicatorState A ===>> OK
change switch state (True, True)
update switch state A True args=() kw={} ncanvase=6
11:18:49 -- OPEN   VALVE-A (CO2 Laser to Jan)
---------------------------------------- open None (CO2 Laser to Jan) result=[(True, True)], time=0.14 sec
action=open, ok=True, locked=[False]
open () {'description': 'Microbone to CO2 Laser'}
opening name=--- desc=Microbone to CO2 Laser
checking ownership. requestor=129.138.12.150
check software interlocks T
interlocks []
actuate state mode=None-script, software_lock=False
doing actuation None-script open_channel False
Open T ===>> OK
GetIndicatorState T ===>> OK
change switch state (True, True)
update switch state T True args=() kw={} ncanvase=6
11:18:49 -- OPEN   VALVE-T (Microbone to CO2 Laser)
---------------------------------------- open None (Microbone to CO2 Laser) result=[(True, True)], time=0.43 sec
action=open, ok=True, locked=[False]
executed snippet estimated_duration=0, duration=5.08421707153
PrepareForCO2Analysis.py completed successfully
gosub finished
set_motor ('beam', '1.25') {}
setting motor "beam" to 1.25
set motor beam to 1.25
SetMotor beam,1.25 ===>> OK
GetMotorMoving beam ===>> False
GetMotorMoving beam ===>> False
Block completed
move_to_position ('190',) {'autocenter': True}
FusionsCO2 move to position 190
sending GoToHole 190,True
GoToHole 190,True ===>> OK
GetDriveMoving ===>> False
GetDriveMoving ===>> OK
GetDriveMoving ===>> OK
GetDriveMoving ===>> OK
GetDriveMoving ===>> False
Block completed
GetAutoCorrecting ===>> False
GetAutoCorrecting ===>> False
Block completed
update position
GetPosition ===>> 0.00000,-9.96950,1.00000
got position (0.0, -9.9695, 1.0)
move to position succeeded
sleep (5,) {}
SLEEP 5.0
block started
WaitControl setup for 5.0  
State checksums do not match. Local:2035211824 Remote:-1772432964
State checksum failed
Join finished
block finished. duration 5.02012491226
close () {'description': 'Microbone to Turbo'}
closing name=--- desc=Microbone to Turbo
checking ownership. requestor=129.138.12.150
check software interlocks U
interlocks []
actuate state mode=None-script, software_lock=False
doing actuation None-script close_channel True
Close U ===>> OK
GetIndicatorState U ===>> False
change switch state (True, True)
update switch state U False args=() kw={} ncanvase=6
11:18:59 -- CLOSE  VALVE-U (Microbone to Turbo)
---------------------------------------- close None (Microbone to Turbo) result=[(True, True)]
action=close, ok=True, locked=[False]
enable laser
enable () {}
set extraction state FusionsCO2 Enabled (False, 'red', 1.5)
enabling laser
Enable ===>> OK
begin interval
BEGIN INTERVAL Interval 1 waiting for 30.0
block started
set extract to 0.4
WaitControl setup for 30.0  
extract (0.4,) {}
GetPosition ===>> 0.00000,-9.96950,1.00000
set extraction state FusionsCO2 ON! 0.4(watts) (0.75, 'red', 1.5)
extract sample to 0.4 (watts)
set laser output
SetLaserOutput 0.4,watts ===>> OK
executing pattern triangle.lp
execute_pattern ('triangle.lp',) {}
executing pattern triangle.lp
set states for children of V. state=True
handle state [('V', True)]
update switch state V True args=() kw={'refresh': False} ncanvase=6
refresh_canvas_needed fired
IsPatterning ===>> OK
IsPatterning ===>> OK
IsPatterning ===>> OK
IsPatterning ===>> OK
IsPatterning ===>> OK
IsPatterning ===>> OK
IsPatterning ===>> OK
IsPatterning ===>> OK
IsPatterning ===>> OK
IsPatterning ===>> OK
IsPatterning ===>> OK
IsPatterning ===>> OK
IsPatterning ===>> OK
IsPatterning ===>> OK
IsPatterning ===>> OK
IsPatterning ===>> OK
IsPatterning ===>> OK
IsPatterning ===>> OK
IsPatterning ===>> OK
IsPatterning ===>> OK
IsPatterning ===>> OK
IsPatterning ===>> OK
IsPatterning ===>> OK
IsPatterning ===>> OK
IsPatterning ===>> OK
IsPatterning ===>> OK
IsPatterning ===>> False
IsPatterning ===>> False
Block completed
COMPLETE INTERVAL waiting for Interval 1 to complete
Join finished
block finished. duration 30.0825989246
Interval 1 finished
end_extract () {}
ending extraction. set laser power to 0
set laser power 0
SetLaserPower 0 ===>> OK
disable () {}
%%%%%%%%%%%%%%%%%%%%%%%%%%%%%%%%%%% disable
set extraction state False (0.75, 'red', 1.5)
disabling laser
Disable ===>> OK
sleep (30.0,) {}
SLEEP 30.0
block started
WaitControl setup for 30.0  
Join finished
block finished. duration 30.035859108
executed snippet estimated_duration=166.0, duration=75.0938689709
jan_co2.py completed successfully
GetAchievedOutput ===>> No Response
Requested Output= 0.000
Achieved Output=  0.000
GetResponseBlob ===>> No Response
GetOutputBlob ===>> No Response
persistence save...
persistence save - db
AutomatedRunPersister post_extraction_save deprecated
persistence save - dvc
no extraction position for 190
create new session 4992585168
close session 4992585168
Extraction Finished
11:20:00 -- ******* Extraction Finished *******
no overlap. not waiting for min ms pumptime
11:20:00 -- Sending spectrometer configuration
======== Sending configuration ========
SetDeflection CDD,50.0 ===>> OK
SetDeflection H2,0.0 ===>> OK
SetDeflection H1,0.0 ===>> OK
SetDeflection L2,825.0 ===>> OK
SetDeflection L1,400.0 ===>> OK
SetDeflection AX,190.0 ===>> OK
SetZFocus 74.64 ===>> OK
SetZSymmetry -50.72 ===>> OK
SetExtractionLens 26.13 ===>> OK
SetIonRepeller -3.81 ===>> OK
SetElectronEnergy 75.08 ===>> OK
SetYSymmetry -2.81 ===>> OK
SetIonCounterVoltage 1590.0 ===>> OK
send trap current 200.0
GetParameter Trap Current Readback ===>> 198.258926936459
SetParameter Trap Current Set,200.0 ===>> OK
updating mftable name mftable
Using mftable located at /Users/jan/PychronDev/setupfiles/spectrometer/mftables/mftable.csv
============ MFtable ===========
Isotope  H2     H1     AX     L1     L2     CDD    
Ar40     5.8247 5.8812 5.9945 6.1646 6.2328 6.3928
Ar39     5.7239 5.7735 5.8869 6.0507 6.1179 6.2793
Ar36     5.4014 5.4425 5.5503 5.7095 5.7729 5.9304
================================
get initial guess parabolic
get initial guess parabolic
get initial guess parabolic
get initial guess parabolic
get initial guess parabolic
get initial guess parabolic
======== Configuration Finished ========
GetYSymmetry ===>> -2.81
GetZSymmetry ===>> -50.72
GetParameter Trap Current Readback ===>> 197.587621314778
GetHighVoltage ===>> 4499.94659342336
start measurement
do measurement
L#=65450 analysis type=unknown
Measurement Started jan_unknown120_60.py
11:20:00 -- ******* Measurement Started jan_unknown120_60.py *******
state changed from extraction to measurement
setting spec, defl, and gains
GetExtractionLens ===>> 26.13
GetYSymmetry ===>> -2.81
GetZSymmetry ===>> -50.72
GetZFocus ===>> 74.64
GetDeflection H2 ===>> 0
GetDeflection H1 ===>> 0
GetDeflection AX ===>> 190
GetDeflection L1 ===>> 400
GetDeflection L2 ===>> 825
GetDeflection CDD ===>> 50
GetGain H2 ===>> 0.0113
GetGain H1 ===>> 0.1
GetGain AX ===>> 0.097049
GetGain L1 ===>> 0.010355
GetGain L2 ===>> 0.095649
GetGain CDD ===>> 0
pre measurement save
New frame /Users/jan/PychronDev/data/isotopes/b9/96ac17-bb5f-46d3-9e71-3cc19fdb23c7.h5
flush and close file /Users/jan/PychronDev/data/isotopes/b9/96ac17-bb5f-46d3-9e71-3cc19fdb23c7.h5
testing...
no interpolation path defined
executed snippet estimated_duration=226.132928, duration=0.000124931335449
unknown measurement script
activate_detectors ('H2', 'H1', 'AX', 'L1', 'L2', 'CDD') {}
activate detectors
*************** Set Analysis View Ar/Ar
create graphs
clearing graphs
clear isotope group
setting isotope det=H2, iso=PM41
setting isotope det=H1, iso=Ar40
setting isotope det=AX, iso=Ar39
setting isotope det=L1, iso=Ar38
setting isotope det=L2, iso=Ar37
setting isotope det=CDD, iso=Ar36
setting previous blanks
 - setting Ar40 blank 0.450+/-0.007
 - setting Ar36 blank 0.00525+/-0.00018
 - setting Ar37 blank 0.054+/-0.005
 - setting Ar38 blank 0.0076+/-0.0022
 - setting PM41 blank 0.02+/-0.07
 - setting Ar39 blank 0.030+/-0.009
load analysis view
position_magnet ('Ar40',) {'detector': 'H1'}
detector Detector(H1)
POSITION Ar40 H1
setting detector H2 to PM41 (40.9624)
setting detector H1 to Ar40 (39.9624)
setting detector AX to Ar39 (38.9624)
setting detector L1 to Ar38 (37.9624)
setting detector L2 to Ar37 (36.9624)
setting detector CDD to Ar36 (35.9624)
Mapping mass to dac mass func: "parabolic"
H1 map mass coeffs = [-0.00063987  0.15840543  0.57280999]
H1 map mass to dac 39.9624 >> 5.8812
GetDeflection H1 ===>> 0
GetHighVoltage ===>> 4499.94659342336
positioning Ar40 (5.88116536616) on H1
setting magnet DAC
current  : 5.881165
requested: 5.881165
Delta Dac: 0.000000
Checking detector protection. dv=0.00000
Checking detector "CDD". Protection Threshold: 0.1 (V)
SetMagnetDAC 5.88116536616 ===>> OK
Magnet settling time: 0.500
equilibrate () {'delay': 3, 'inlet': 'R', 'outlet': 'O', 'eqtime': 12.0}
Equilibration Started
11:20:01 -- ******* Equilibration Started *******
checking ownership. requestor=129.138.12.150
check software interlocks O
interlocks []
actuate state mode=None-script, software_lock=False
doing actuation None-script close_channel True
Close O ===>> OK
update labels <pychron.experiment.plot_panel.PlotPanel object at 0x1c3e4e0b0>
update labels "<pychron.graph.stacked_regression_graph.StackedRegressionGraph object at 0x1c14db0b0>"
setting label 0 H2 PM41
setting label 1 H1 Ar40
setting label 2 AX Ar39
setting label 3 L1 Ar38
setting label 4 L2 Ar37
setting label 5 CDD Ar36
update labels "<pychron.graph.stacked_graph.StackedGraph object at 0x1b9828e90>"
setting label 0 H2 PM41
setting label 1 H1 Ar40
setting label 2 AX Ar39
setting label 3 L1 Ar38
setting label 4 L2 Ar37
setting label 5 CDD Ar36
GetIndicatorState O ===>> False
change switch state (True, True)
update switch state O False args=() kw={} ncanvase=6
11:20:02 -- CLOSE  VALVE-O (Jan Ion Pump)
waiting 3s before opening inlet value ('R',)
checking ownership. requestor=129.138.12.150
check software interlocks R
interlocks []
actuate state mode=None-script, software_lock=False
doing actuation None-script open_channel True
Open R ===>> OK
GetIndicatorState R ===>> OK
change switch state (True, True)
update switch state R True args=() kw={} ncanvase=6
11:20:05 -- OPEN   VALVE-R (Jan Inlet)
equilibrating for 12.0sec
set_time_zero () {}
sniff (12.0,) {}
py_sniff
build tables- sniff [Detector(H2), Detector(H1), Detector(AX), Detector(L1), Detector(L2), Detector(CDD)]
add group /sniff/PM41 (Group) '' table H2
add group /sniff/Ar40 (Group) '' table H1
add group /sniff/Ar39 (Group) '' table AX
add group /sniff/Ar38 (Group) '' table L1
add group /sniff/Ar37 (Group) '' table L2
add group /sniff/Ar36 (Group) '' table CDD
flush and close file /Users/jan/PychronDev/data/isotopes/b9/96ac17-bb5f-46d3-9e71-3cc19fdb23c7.h5
measuring sniff. ncounts=12.0
"sniff" increment series count="1" fit count="0" regressing="False"
starting measurement
check iteration duration=2.88486480713e-05
GetData ===>> H2,-0.0333191750893705,H1,0.653615957619702,AX,0.558034319153648,L1,0.0134837429456837,L2,0.46051...
check iteration duration=2.90870666504e-05
GetData ===>> H2,0.995654002236059,H1,7.74842840854768,AX,5.05150668870869,L1,0.144184740839144,L2,4.8028051495...
check iteration duration=4.19616699219e-05
GetData ===>> H2,0.660409971761057,H1,12.262656028753,AX,6.74487002748419,L1,0.184052091107858,L2,6.57741999469...
check iteration duration=4.41074371338e-05
GetData ===>> H2,0.156290587896541,H1,13.7560815574077,AX,7.0996064468825,L1,0.158822136450496,L2,7.05835501576...
check iteration duration=3.88622283936e-05
GetData ===>> H2,0.0402825477487,H1,14.1056786178666,AX,7.18509434711694,L1,0.128793006786469,L2,7.074412871218...
check iteration duration=3.09944152832e-05
GetData ===>> H2,0.0338694227700891,H1,14.233852338705,AX,7.36267092821606,L1,0.154134517810848,L2,7.2321063047...
check iteration duration=1.90734863281e-05
GetData ===>> H2,0.0225996554405328,H1,14.2956135647026,AX,7.26478072536172,L1,0.131428827174085,L2,7.172198558...
check iteration duration=2.00271606445e-05
GetData ===>> H2,-0.0546249364153877,H1,14.4484970018194,AX,7.32156037983763,L1,0.114668943186641,L2,7.19105902...
check iteration duration=3.60012054443e-05
GetData ===>> H2,-0.141072900236368,H1,14.4763889872776,AX,7.24604161156242,L1,0.130543704306599,L2,7.171003882...
check iteration duration=4.60147857666e-05
GetData ===>> H2,-0.0703983379245842,H1,14.5164428388384,AX,7.29586275246798,L1,0.105811532158856,L2,7.18627552...
check iteration duration=1.97887420654e-05
GetData ===>> H2,-0.0491155123677454,H1,14.5078960807109,AX,7.400474661013,L1,0.0815429236807905,L2,7.213803174...
check iteration duration=3.00407409668e-05
GetData ===>> H2,-0.0177196404775375,H1,14.5934075624504,AX,7.26450388591151,L1,0.10622027652648,L2,7.228452503...
Equilibration Finished
11:20:17 -- ******* Equilibration Finished *******
checking ownership. requestor=129.138.12.150
check software interlocks R
interlocks []
actuate state mode=None-script, software_lock=False
doing actuation None-script close_channel True
Close R ===>> OK
set states for children of R. state=False
handle state [('R', False)]
update switch state R False args=() kw={'refresh': False} ncanvase=6
refresh_canvas_needed fired
GetIndicatorState R ===>> False
change switch state (True, True)
update switch state R False args=() kw={} ncanvase=6
11:20:18 -- CLOSE  VALVE-R (Jan Inlet)
Post Equilibration Started jan_pump_extraction_line.py
11:20:18 -- ******* Post Equilibration Started jan_pump_extraction_line.py *******
testing...
no interpolation path defined
calculate duration
testing...
no interpolation path defined
executed snippet estimated_duration=4.0, duration=0.000180006027222
executed snippet estimated_duration=4.0, duration=0.00136399269104
Pump after analysis
doing GOSUB
testing...
no interpolation path defined
executed snippet estimated_duration=4.0, duration=0.000113010406494
Pump Microbone
close () {'description': 'Jan Inlet'}
closing name=--- desc=Jan Inlet
checking ownership. requestor=129.138.12.150
check software interlocks R
interlocks []
actuate state mode=None-script, software_lock=False
doing actuation None-script close_channel False
check iteration duration=1.69277191162e-05
waiting for write to finish
measurement finished
estimated time: 12.583 actual time: :12.677
flush and close file /Users/jan/PychronDev/data/isotopes/b9/96ac17-bb5f-46d3-9e71-3cc19fdb23c7.h5
set_fits () {}
using default fits file=/Users/jan/PychronDev/scripts/measurement/fits/nominal_linear.yaml
set "Ar40" to "('Linear', 'SEM')"
No fit for "PM41". defaulting to linear. check the measurement script "jan_unknown120_60.py"
set "PM41" to "linear"
set "Ar36" to "('Linear', 'SEM')"
set "Ar37" to "('linear', 'SEM')"
set "Ar38" to "('linear', 'SEM')"
set "Ar39" to "('Linear', 'SEM')"
set_baseline_fits () {}
using default fits file=/Users/jan/PychronDev/scripts/measurement/fits/nominal_linear.yaml
set "H1" to "('average', 'SEM')"
set "H2" to "('average', 'SEM')"
set "CDD" to "('average', 'SEM')"
set "L2" to "('average', 'SEM')"
set "L1" to "('average', 'SEM')"
set "AX" to "('average', 'SEM')"
multicollect () {'integration_time': 1, 'ncounts': 120}
build tables- signal [Detector(H2), Detector(H1), Detector(AX), Detector(L1), Detector(L2), Detector(CDD)]
add group /signal/PM41 (Group) '' table H2
add group /signal/Ar40 (Group) '' table H1
add group /signal/Ar39 (Group) '' table AX
add group /signal/Ar38 (Group) '' table L1
add group /signal/Ar37 (Group) '' table L2
add group /signal/Ar36 (Group) '' table CDD
flush and close file /Users/jan/PychronDev/data/isotopes/b9/96ac17-bb5f-46d3-9e71-3cc19fdb23c7.h5
measuring signal. ncounts=120
Close R ===>> OK
GetIndicatorState R ===>> False
change switch state (True, True)
update switch state R False args=() kw={} ncanvase=6
11:20:18 -- CLOSE  VALVE-R (Jan Inlet)
---------------------------------------- close None (Jan Inlet) result=[(True, True)]
action=close, ok=True, locked=[False]
is_closed ('F',) {}
is F () closed?
is closed True
open () {'description': 'CO2 Laser to Jan'}
opening name=--- desc=CO2 Laser to Jan
checking ownership. requestor=129.138.12.150
check software interlocks A
interlocks []
actuate state mode=None-script, software_lock=False
doing actuation None-script open_channel False
Open A ===>> OK
GetIndicatorState A ===>> OK
change switch state (True, True)
update switch state A True args=() kw={} ncanvase=6
11:20:19 -- OPEN   VALVE-A (CO2 Laser to Jan)
---------------------------------------- open None (CO2 Laser to Jan) result=[(True, True)], time=0.14 sec
starting measurement
check iteration duration=6.00814819336e-05
GetData ===>> H2,-0.0829703572574231,H1,14.5877916391661,AX,7.32603647791904,L1,0.0634215872899752,L2,7.1881210...
"signal" increment series count="2" fit count="1" regressing="True"
action=open, ok=True, locked=[False]
sleep (1,) {}
SLEEP 1.0
check iteration duration=7.39097595215e-05
GetData ===>> H2,0.0339170957868469,H1,14.674288948363,AX,7.4702759295365,L1,0.0861493772974991,L2,7.1155441798...
close () {'description': 'CO2 Laser to Roughing'}
closing name=--- desc=CO2 Laser to Roughing
checking ownership. requestor=129.138.12.150
check software interlocks G
interlocks []
actuate state mode=None-script, software_lock=True
VALVE-G(CO2 Laser to Roughing) software locked
change switch state (True, False)
---------------------------------------- close None (CO2 Laser to Roughing) result=[(True, False)]
action=close, ok=True, locked=[True]
open () {'description': 'Microbone to Turbo'}
opening name=--- desc=Microbone to Turbo
checking ownership. requestor=129.138.12.150
check software interlocks U
interlocks []
actuate state mode=None-script, software_lock=False
doing actuation None-script open_channel True
Open U ===>> OK
GetIndicatorState U ===>> OK
change switch state (True, True)
update switch state U True args=() kw={} ncanvase=6
11:20:20 -- OPEN   VALVE-U (Microbone to Turbo)
---------------------------------------- open None (Microbone to Turbo) result=[(True, True)], time=0.15 sec
action=open, ok=True, locked=[False]
open () {'description': 'Microbone to Getter NP-10'}
opening name=--- desc=Microbone to Getter NP-10
checking ownership. requestor=129.138.12.150
check software interlocks M
interlocks []
actuate state mode=None-script, software_lock=False
doing actuation None-script open_channel False
Open M ===>> OK
GetIndicatorState M ===>> OK
change switch state (True, True)
update switch state M True args=() kw={} ncanvase=6
11:20:21 -- OPEN   VALVE-M (Microbone to Getter NP-10)
---------------------------------------- open None (Microbone to Getter NP-10) result=[(True, True)], time=0.16 sec
action=open, ok=True, locked=[False]
open () {'description': 'Microbone to Getter D-50'}
opening name=--- desc=Microbone to Getter D-50
checking ownership. requestor=129.138.12.150
check software interlocks K
interlocks []
actuate state mode=None-script, software_lock=False
doing actuation None-script open_channel False
check iteration duration=3.60012054443e-05
GetData ===>> H2,-0.0336722308882778,H1,14.7056596690236,AX,7.31969539751498,L1,0.100317511495563,L2,7.19717011...
Open K ===>> OK
GetIndicatorState K ===>> OK
change switch state (True, True)
update switch state K True args=() kw={} ncanvase=6
11:20:21 -- OPEN   VALVE-K (Microbone to Getter D-50)
---------------------------------------- open None (Microbone to Getter D-50) result=[(True, True)], time=0.44 sec
action=open, ok=True, locked=[False]
open () {'description': 'Microbone to CO2 Laser'}
opening name=--- desc=Microbone to CO2 Laser
checking ownership. requestor=129.138.12.150
check software interlocks T
interlocks []
actuate state mode=None-script, software_lock=False
doing actuation None-script open_channel False
Open T ===>> OK
check iteration duration=4.88758087158e-05
GetData ===>> H2,-0.118383889064388,H1,14.7315698264778,AX,7.21368661607859,L1,0.0626906711737134,L2,7.17449332...
GetIndicatorState T ===>> OK
change switch state (True, True)
update switch state T True args=() kw={} ncanvase=6
11:20:22 -- OPEN   VALVE-T (Microbone to CO2 Laser)
---------------------------------------- open None (Microbone to CO2 Laser) result=[(True, True)], time=0.45 sec
action=open, ok=True, locked=[False]
open () {'description': 'Microbone to Inlet Pipette'}
opening name=--- desc=Microbone to Inlet Pipette
checking ownership. requestor=129.138.12.150
check software interlocks S
interlocks []
actuate state mode=None-script, software_lock=False
doing actuation None-script open_channel False
Open S ===>> OK
GetIndicatorState S ===>> OK
change switch state (True, True)
update switch state S True args=() kw={} ncanvase=6
11:20:23 -- OPEN   VALVE-S (Microbone to Inlet Pipette)
---------------------------------------- open None (Microbone to Inlet Pipette) result=[(True, True)], time=0.43 sec
action=open, ok=True, locked=[False]
sleep (1,) {}
SLEEP 1.0
testing H1>-5.0
evaluate ot="H1.bs>-5.0" t="H1>-5.0", ctx="{'H1': None}"
check iteration duration=0.00102114677429
GetData ===>> H2,-0.05614837799348,H1,14.6377568064472,AX,7.21215876374317,L1,0.0918388366392727,L2,7.150850332...
set_resource () {'name': 'CO2PumpTimeFlag', 'value': 30}
Set CO2PumpTimeFlag 30 ===>> OK
release ('JanCO2Flag',) {}
release JanCO2Flag
Set JanCO2Flag 0 ===>> OK
executed snippet estimated_duration=6.0, duration=6.02386188507
PumpMicrobone.py completed successfully
gosub finished
get_resource_value () {'name': 'JanMiniboneFlag'}
Read JanMiniboneFlag ===>> 0
Get Resource Value JanMiniboneFlag=0.0
get resource value 0.0
get_resource_value () {'name': 'JanMiniboneFlag'}
Read JanMiniboneFlag ===>> 0
Get Resource Value JanMiniboneFlag=0.0
executed snippet estimated_duration=4.0, duration=6.0344851017
jan_pump_extraction_line.py completed successfully
Post Equilibration Finished
11:20:24 -- ******* Post Equilibration Finished *******
check iteration duration=7.79628753662e-05
GetData ===>> H2,-0.237361611372541,H1,14.7408441839799,AX,7.14619444424224,L1,0.106043031366989,L2,7.170660859...
check iteration duration=8.51154327393e-05
GetData ===>> H2,-0.305586494808295,H1,14.6969133595519,AX,7.15968445880367,L1,0.0716918303594629,L2,7.18724560...
check iteration duration=8.10623168945e-05
GetData ===>> H2,-0.237288972122369,H1,14.5850541429383,AX,7.20215009833834,L1,0.0603898950542893,L2,7.07728441...
check iteration duration=8.17775726318e-05
GetData ===>> H2,-0.120107386011325,H1,14.6052672081272,AX,7.20413491102911,L1,0.0661934643361139,L2,7.16349313...
set states for children of D. state=False
handle state [('D', False)]
update switch state D False args=() kw={'refresh': False} ncanvase=6
refresh_canvas_needed fired
testing H1>-5.0
evaluate ot="H1.bs>-5.0" t="H1>-5.0", ctx="{'H1': None}"
check iteration duration=0.00117111206055
GetData ===>> H2,-0.0667105673962019,H1,14.6644058678049,AX,7.22488756257374,L1,0.0692805103779754,L2,7.1328054...
check iteration duration=6.00814819336e-05
GetData ===>> H2,-0.198674811105222,H1,14.6350564299446,AX,7.21654989769054,L1,0.059404008556644,L2,7.291650290...
set states for children of B. state=False
handle state [('B', False)]
update switch state B False args=() kw={'refresh': False} ncanvase=6
refresh_canvas_needed fired
check iteration duration=5.29289245605e-05
GetData ===>> H2,-0.181564874508149,H1,14.6930974768771,AX,7.21007755327804,L1,0.0529998956225659,L2,7.18920946...
check iteration duration=6.50882720947e-05
GetData ===>> H2,-0.17943016264416,H1,14.7537322581515,AX,7.25722207728353,L1,0.0685956222637216,L2,7.098652276...
check iteration duration=5.50746917725e-05
GetData ===>> H2,-0.204318195213054,H1,14.7280345086316,AX,7.13898127265939,L1,0.0795714549137168,L2,7.15968474...
testing H1>-5.0
evaluate ot="H1.bs>-5.0" t="H1>-5.0", ctx="{'H1': None}"
check iteration duration=0.00201797485352
GetData ===>> H2,-0.135268048382682,H1,14.7403701987894,AX,7.22493568962246,L1,0.0432869763820455,L2,7.08386683...
check iteration duration=4.00543212891e-05
GetData ===>> H2,-0.23611457274701,H1,14.6685023711857,AX,7.20352141930292,L1,0.0483323384113897,L2,7.044118988...
check iteration duration=4.2200088501e-05
GetData ===>> H2,-0.233169293156853,H1,14.6502357311717,AX,7.1811615891352,L1,0.0642994790188358,L2,7.137688867...
check iteration duration=6.69956207275e-05
GetData ===>> H2,-0.206372087159918,H1,14.7596325390856,AX,7.23110817378483,L1,0.0971130587481369,L2,7.13182412...
check iteration duration=8.01086425781e-05
GetData ===>> H2,-0.230666076464425,H1,14.7495556354226,AX,7.18813722831799,L1,0.0861264909766884,L2,7.10190276...
testing H1>-5.0
evaluate ot="H1.bs>-5.0" t="H1>-5.0", ctx="{'H1': None}"
check iteration duration=0.00115704536438
GetData ===>> H2,-0.175950610417572,H1,14.8134627639404,AX,7.13869275652034,L1,0.0926909646937707,L2,7.12307494...
check iteration duration=7.9870223999e-05
GetData ===>> H2,-0.106416657510054,H1,14.8024102594557,AX,7.04984902285703,L1,0.0940036474967672,L2,7.09481092...
check iteration duration=7.29560852051e-05
GetData ===>> H2,-0.186051584837373,H1,14.700089096776,AX,7.14804590810259,L1,0.061050817903047,L2,7.0924589058...
check iteration duration=7.82012939453e-05
GetData ===>> H2,-0.191728245277187,H1,14.6895122072426,AX,7.08071402867247,L1,0.0716508945155765,L2,7.19148095...
check iteration duration=8.10623168945e-05
GetData ===>> H2,-0.244001763503532,H1,14.9068845108562,AX,7.10489399180374,L1,0.102534809972208,L2,7.142229553...
testing H1>-5.0
evaluate ot="H1.bs>-5.0" t="H1>-5.0", ctx="{'H1': None}"
check iteration duration=0.000675916671753
11:20:44 -- collecting point 25
GetData ===>> H2,-0.179180501911808,H1,14.828922807917,AX,7.09916182505414,L1,0.118251259446688,L2,7.0748500971...
check iteration duration=3.69548797607e-05
GetData ===>> H2,-0.130652058523644,H1,14.9460276244734,AX,7.06109015006636,L1,0.113714435912114,L2,7.047344067...
check iteration duration=9.3936920166e-05
GetData ===>> H2,-0.266134259717756,H1,14.8598880063241,AX,7.04031608601527,L1,0.135716668967529,L2,7.092435267...
check iteration duration=3.81469726562e-05
GetData ===>> H2,-0.315272804955082,H1,14.83598111477,AX,7.21342194708896,L1,0.111501676609915,L2,7.06178141868...
check iteration duration=6.41345977783e-05
GetData ===>> H2,-0.241206483706995,H1,14.8590679605958,AX,7.17562952843122,L1,0.0733558923743268,L2,7.07692990...
testing H1>-5.0
evaluate ot="H1.bs>-5.0" t="H1>-5.0", ctx="{'H1': None}"
check iteration duration=0.000977039337158
GetData ===>> H2,-0.152714585731743,H1,14.980185411846,AX,7.20390635485221,L1,0.076071719425937,L2,7.1411416619...
check iteration duration=8.29696655273e-05
GetData ===>> H2,-0.293846876464351,H1,14.9461302127608,AX,7.2686084094695,L1,0.0522396618998874,L2,7.091678852...
check iteration duration=3.60012054443e-05
GetData ===>> H2,-0.0467833818385697,H1,14.9909772272099,AX,7.15381692249876,L1,0.0211908784402292,L2,7.1005907...
check iteration duration=3.40938568115e-05
GetData ===>> H2,-0.211382611296196,H1,14.9257811763869,AX,7.07923489009315,L1,0.0534389807327536,L2,7.07869067...
check iteration duration=8.89301300049e-05
GetData ===>> H2,-0.240839021856881,H1,14.9821463144489,AX,6.99206415945829,L1,0.0720759129710242,L2,7.13774799...
testing H1>-5.0
evaluate ot="H1.bs>-5.0" t="H1>-5.0", ctx="{'H1': None}"
check iteration duration=0.000591993331909
GetData ===>> H2,-0.229893466402237,H1,14.9750334066863,AX,6.99837225263309,L1,0.0662464115616967,L2,7.06754749...
check iteration duration=6.31809234619e-05
GetData ===>> H2,-0.259554936472379,H1,14.9080253958099,AX,7.13547104900332,L1,0.0727441792654525,L2,7.08813323...
check iteration duration=6.103515625e-05
GetData ===>> H2,-0.164765391295885,H1,14.9243452209361,AX,7.17097561655776,L1,0.137443188349481,L2,7.103179355...
check iteration duration=8.48770141602e-05
GetData ===>> H2,-0.0457977163009785,H1,14.8897214213893,AX,7.12253716918699,L1,0.107528610599815,L2,7.09546098...
check iteration duration=8.60691070557e-05
GetData ===>> H2,-0.184327797653268,H1,14.9571186526477,AX,7.06743863422568,L1,0.0842861185154432,L2,7.01625537...
testing H1>-5.0
evaluate ot="H1.bs>-5.0" t="H1>-5.0", ctx="{'H1': None}"
check iteration duration=0.000550985336304
GetData ===>> H2,-0.217171457205106,H1,15.0405411946017,AX,7.1519172604892,L1,0.0666579653663959,L2,7.045690167...
check iteration duration=4.00543212891e-05
GetData ===>> H2,-0.292754202118721,H1,14.9977963669408,AX,7.15424976188284,L1,0.0858735403541998,L2,7.08097146...
check iteration duration=8.01086425781e-05
GetData ===>> H2,-0.261319274910013,H1,15.0417850745717,AX,7.12009722718629,L1,0.0404303371400866,L2,7.04579648...
check iteration duration=7.9870223999e-05
GetData ===>> H2,-0.265507796041984,H1,15.0763245142816,AX,7.20904297907133,L1,0.017558170091817,L2,7.117329286...
check iteration duration=3.71932983398e-05
GetData ===>> H2,-0.193591079519193,H1,15.1322677978128,AX,7.11583047534519,L1,0.0573530951931555,L2,7.03621621...
testing H1>-5.0
evaluate ot="H1.bs>-5.0" t="H1>-5.0", ctx="{'H1': None}"
check iteration duration=0.000566959381104
GetData ===>> H2,-0.186825719957139,H1,15.0418748396618,AX,7.10816279454243,L1,0.0565756864337813,L2,7.10959799...
check iteration duration=8.79764556885e-05
GetData ===>> H2,-0.123166827876789,H1,15.0467992107459,AX,7.09787603782017,L1,0.12166698521162,L2,7.1052479331...
check iteration duration=4.48226928711e-05
GetData ===>> H2,-0.278492406646417,H1,15.1128639900677,AX,7.00793727620706,L1,0.0610688765113345,L2,7.16784574...
check iteration duration=3.60012054443e-05
GetData ===>> H2,-0.163044053341619,H1,15.1369652770336,AX,6.97735882314649,L1,0.03925183323313,L2,7.0175899049...
check iteration duration=7.48634338379e-05
GetData ===>> H2,-0.229721169845479,H1,15.2120147957554,AX,7.12039770946868,L1,0.0667181354559269,L2,6.96553419...
testing H1>-5.0
evaluate ot="H1.bs>-5.0" t="H1>-5.0", ctx="{'H1': None}"
check iteration duration=0.00108098983765
11:21:10 -- collecting point 50
GetData ===>> H2,-0.240608847354577,H1,15.0622919308935,AX,7.10191370513397,L1,0.0563831486191948,L2,6.93914348...
check iteration duration=7.39097595215e-05
GetData ===>> H2,-0.253161984294068,H1,15.0729252288273,AX,7.1196645342717,L1,0.0747444258579207,L2,6.981639054...
check iteration duration=3.50475311279e-05
GetData ===>> H2,-0.176487864766221,H1,15.1939994662803,AX,7.23272054175499,L1,0.0927319457867966,L2,7.09879411...
check iteration duration=6.00814819336e-05
GetData ===>> H2,-0.179355939758179,H1,15.1305608411052,AX,7.12452041674538,L1,0.094923470721397,L2,6.973745812...
check iteration duration=3.91006469727e-05
GetData ===>> H2,-0.161202269701909,H1,15.1416899725213,AX,7.0801849034372,L1,0.0639333804646557,L2,7.013090350...
testing H1>-5.0
evaluate ot="H1.bs>-5.0" t="H1>-5.0", ctx="{'H1': None}"
check iteration duration=0.000832080841064
GetData ===>> H2,-0.105556073228711,H1,15.1026373321591,AX,7.07086553887717,L1,0.0805029139486134,L2,6.98149725...
check iteration duration=5.48362731934e-05
GetData ===>> H2,-0.0794167417291807,H1,15.1198576843496,AX,7.06410803494861,L1,0.08529177793169,L2,7.042843162...
check iteration duration=8.48770141602e-05
GetData ===>> H2,-0.201316200633416,H1,15.0576618363383,AX,7.13295866937577,L1,0.0968128063673526,L2,6.95727600...
check iteration duration=8.41617584229e-05
GetData ===>> H2,-0.149019673801265,H1,15.135668957648,AX,7.17095156589103,L1,0.0754104597372742,L2,6.959638796...
check iteration duration=4.29153442383e-05
GetData ===>> H2,-0.265780701877223,H1,15.1641986679939,AX,7.05030585708109,L1,0.086684209225296,L2,7.036275279...
State checksums do not match. Local:-1131948088 Remote:1334048640
State checksum failed
set states for children of C. state=False
set states for children of B. state=True
handle state [('C', False), ('B', True)]
update switch state C False args=() kw={'refresh': True} ncanvase=6
testing H1>-5.0
update switch state B True args=() kw={'refresh': False} ncanvase=6
evaluate ot="H1.bs>-5.0" t="H1>-5.0", ctx="{'H1': None}"
check iteration duration=0.00181102752686
GetData ===>> H2,-0.164805890216731,H1,15.159991557126,AX,7.08426164454475,L1,0.0719675496275011,L2,7.120320298...
refresh_canvas_needed fired
check iteration duration=3.79085540771e-05
GetData ===>> H2,-0.113172575198178,H1,15.274463028521,AX,7.21478139063458,L1,0.047995674626966,L2,7.0619822804...
check iteration duration=0.000114917755127
GetData ===>> H2,-0.12302347721889,H1,15.2524704461892,AX,7.09963048055069,L1,0.0956106802602676,L2,6.904494200...
check iteration duration=4.00543212891e-05
GetData ===>> H2,-0.124190515327543,H1,15.2336910767854,AX,7.19967214454472,L1,0.0514289693876201,L2,7.14453544...
check iteration duration=7.70092010498e-05
GetData ===>> H2,-0.113678790527227,H1,15.2107187206034,AX,7.02753879578449,L1,0.0297722909234137,L2,7.08688047...
testing H1>-5.0
evaluate ot="H1.bs>-5.0" t="H1>-5.0", ctx="{'H1': None}"
check iteration duration=0.000664949417114
GetData ===>> H2,-0.131937096350446,H1,15.2526244941987,AX,7.108234901679,L1,0.0805378603949876,L2,6.9223960005...
check iteration duration=8.39233398438e-05
GetData ===>> H2,-0.0973637283047131,H1,15.2359757465325,AX,7.07447293270531,L1,0.0723070919873074,L2,7.0883814...
check iteration duration=5.10215759277e-05
GetData ===>> H2,-0.118451535164652,H1,15.2321893820528,AX,7.159395883468,L1,0.109026468790874,L2,7.03848421296...
check iteration duration=8.79764556885e-05
GetData ===>> H2,-0.259681253534577,H1,15.2489915873008,AX,7.11242922213722,L1,0.0909626779701089,L2,6.89676058...
check iteration duration=9.32216644287e-05
GetData ===>> H2,-0.199208801755028,H1,15.315032054285,AX,7.16848640294755,L1,0.103590549850817,L2,6.9361551881...
testing H1>-5.0
evaluate ot="H1.bs>-5.0" t="H1>-5.0", ctx="{'H1': None}"
check iteration duration=0.000885009765625
GetData ===>> H2,-0.171132743362831,H1,15.2972691859466,AX,7.12637148297002,L1,0.0604308252677716,L2,6.94683316...
check iteration duration=6.19888305664e-05
GetData ===>> H2,-0.116352965459354,H1,15.2897950147366,AX,6.97466788262899,L1,0.0421682802628744,L2,7.05491691...
check iteration duration=6.48498535156e-05
GetData ===>> H2,-0.271268337390177,H1,15.1752431161224,AX,7.01315275920105,L1,0.0518403215479181,L2,6.93404099...
check iteration duration=8.89301300049e-05
GetData ===>> H2,-0.293713989299007,H1,15.2156721216198,AX,7.16671873780816,L1,0.0550908335545669,L2,7.06184049...
check iteration duration=5.10215759277e-05
GetData ===>> H2,-0.183935255430234,H1,15.2552946946994,AX,7.03505111747996,L1,0.0643356078848673,L2,7.04813558...
testing H1>-5.0
evaluate ot="H1.bs>-5.0" t="H1>-5.0", ctx="{'H1': None}"
check iteration duration=0.00107002258301
11:21:37 -- collecting point 75
GetData ===>> H2,-0.17632588121427,H1,15.2555000974793,AX,7.13554317565791,L1,0.0712680320035352,L2,6.983257956...
check iteration duration=3.91006469727e-05
GetData ===>> H2,-0.177686471044795,H1,15.1658789929644,AX,7.01322486454293,L1,0.0560149302723878,L2,6.93448981...
check iteration duration=3.19480895996e-05
GetData ===>> H2,-0.147621758770757,H1,15.2671573470368,AX,7.08578803571723,L1,0.0589562384115009,L2,6.93302524...
check iteration duration=3.79085540771e-05
GetData ===>> H2,-0.079549531170054,H1,15.4498564211216,AX,7.13764689243129,L1,0.0721529720555526,L2,7.05756341...
check iteration duration=7.00950622559e-05
GetData ===>> H2,-0.190571570154999,H1,15.4776148839961,AX,7.21470920733126,L1,0.071729154361638,L2,7.043020359...
testing H1>-5.0
evaluate ot="H1.bs>-5.0" t="H1>-5.0", ctx="{'H1': None}"
check iteration duration=0.000573873519897
GetData ===>> H2,-0.12579685589121,H1,15.4392946607408,AX,7.14786556922037,L1,0.0813778164987994,L2,6.976274417...
set states for children of B. state=False
handle state [('B', False)]
update switch state B False args=() kw={'refresh': False} ncanvase=6
refresh_canvas_needed fired
check iteration duration=6.60419464111e-05
GetData ===>> H2,-0.050513475756793,H1,15.5043134425888,AX,7.10386049532622,L1,0.0591199370226485,L2,6.93907261...
check iteration duration=6.19888305664e-05
GetData ===>> H2,-0.155583250445569,H1,15.4261517249794,AX,7.09220434951698,L1,0.0509647148596832,L2,6.90947709...
check iteration duration=5.69820404053e-05
GetData ===>> H2,-0.200066370358783,H1,15.3746489168613,AX,6.99582493703073,L1,0.0778292664574336,L2,6.84514382...
check iteration duration=5.69820404053e-05
GetData ===>> H2,-0.32117441489967,H1,15.3352357112919,AX,6.96951445148618,L1,0.0575661108249088,L2,6.973166841...
testing H1>-5.0
evaluate ot="H1.bs>-5.0" t="H1>-5.0", ctx="{'H1': None}"
check iteration duration=0.000631093978882
GetData ===>> H2,-0.247545673168153,H1,15.3694999891894,AX,7.05898610048017,L1,0.0608088356668898,L2,6.95753591...
check iteration duration=3.69548797607e-05
GetData ===>> H2,-0.267029531532544,H1,15.4537241858464,AX,7.04308090557633,L1,0.091685774565013,L2,6.914129596...
check iteration duration=6.103515625e-05
GetData ===>> H2,-0.223388795094948,H1,15.3697567877343,AX,7.02777918141242,L1,0.143612197533076,L2,6.953897320...
check iteration duration=3.91006469727e-05
GetData ===>> H2,-0.150055505457678,H1,15.4893758321818,AX,7.12527766700558,L1,0.108942042548894,L2,6.937915084...
check iteration duration=8.79764556885e-05
GetData ===>> H2,-0.158336377671079,H1,15.3524114211332,AX,6.92034786904338,L1,0.0702519515163136,L2,6.98793755...
testing H1>-5.0
evaluate ot="H1.bs>-5.0" t="H1>-5.0", ctx="{'H1': None}"
check iteration duration=0.000730037689209
GetData ===>> H2,-0.116680427406147,H1,15.3820196304012,AX,6.98646530637348,L1,0.0745204170922691,L2,6.99816018...
check iteration duration=8.48770141602e-05
GetData ===>> H2,-0.0884580765246379,H1,15.4197157396733,AX,6.9655144172807,L1,0.096422129860971,L2,6.947778170...
check iteration duration=9.89437103271e-05
GetData ===>> H2,-0.152538902033171,H1,15.4599308889531,AX,7.11629920827473,L1,0.0708141540422298,L2,6.88705604...
check iteration duration=6.19888305664e-05
GetData ===>> H2,-0.160289368619883,H1,15.4338086071207,AX,7.13869275652034,L1,0.0557526129731572,L2,6.94911301...
check iteration duration=7.79628753662e-05
GetData ===>> H2,-0.172786751507121,H1,15.4987469483354,AX,7.12192417328259,L1,0.0523996430384696,L2,6.89881495...
testing H1>-5.0
evaluate ot="H1.bs>-5.0" t="H1>-5.0", ctx="{'H1': None}"
check iteration duration=0.000638961791992
GetData ===>> H2,-0.213006951077306,H1,15.500315307946,AX,7.04453547150905,L1,0.0584567333148061,L2,7.069556247...
check iteration duration=7.79628753662e-05
GetData ===>> H2,-0.255690832515286,H1,15.5548447457347,AX,7.14052003933299,L1,0.0531538739803907,L2,6.96404554...
check iteration duration=4.6968460083e-05
GetData ===>> H2,-0.150275624374055,H1,15.579430818609,AX,7.17025409904777,L1,0.0480173169611095,L2,6.940714447...
check iteration duration=4.6968460083e-05
GetData ===>> H2,-0.174768021105777,H1,15.5574663078492,AX,7.0101724501761,L1,0.0875672256301838,L2,6.954830583...
check iteration duration=3.88622283936e-05
GetData ===>> H2,-0.186400896263188,H1,15.5632622423643,AX,7.07637287865092,L1,0.0927379724321246,L2,7.00893939...
testing H1>-5.0
evaluate ot="H1.bs>-5.0" t="H1>-5.0", ctx="{'H1': None}"
check iteration duration=0.00059700012207
11:22:03 -- collecting point 100
GetData ===>> H2,-0.116921281818735,H1,15.4748901260029,AX,7.0649015973601,L1,0.0867107106418579,L2,6.971477211...
check iteration duration=8.79764556885e-05
GetData ===>> H2,-0.134577054276133,H1,15.5584686866704,AX,6.98111905228485,L1,0.0942833227749117,L2,6.89207347...
check iteration duration=8.29696655273e-05
GetData ===>> H2,-0.188449343600761,H1,15.4638247173673,AX,6.91777851164873,L1,0.128547933264594,L2,6.874011901...
check iteration duration=7.79628753662e-05
GetData ===>> H2,-0.263891735548715,H1,15.4528760926693,AX,7.12345066018966,L1,0.107649202895671,L2,6.926860145...
check iteration duration=7.10487365723e-05
GetData ===>> H2,-0.213658776388136,H1,15.5074632028709,AX,7.03035134349609,L1,0.0935142343624667,L2,6.90634799...
testing H1>-5.0
evaluate ot="H1.bs>-5.0" t="H1>-5.0", ctx="{'H1': None}"
check iteration duration=0.000740051269531
GetData ===>> H2,-0.122163335253883,H1,15.4684769343422,AX,7.01053296674634,L1,0.0955190496249116,L2,6.90274670...
check iteration duration=4.41074371338e-05
GetData ===>> H2,-0.154921211393038,H1,15.5757933203382,AX,6.96377271023917,L1,0.0484946624622823,L2,6.96893691...
check iteration duration=7.9870223999e-05
GetData ===>> H2,-0.170143730783034,H1,15.6301757802841,AX,6.9286807216692,L1,0.0192806602425565,L2,6.905332537...
check iteration duration=8.39233398438e-05
GetData ===>> H2,-0.11103512321136,H1,15.5798549871691,AX,6.99803581103513,L1,0.0349454519295258,L2,6.848825629...
check iteration duration=7.20024108887e-05
GetData ===>> H2,-0.13359525641987,H1,15.6446309541842,AX,7.05983973816423,L1,0.0898275205859548,L2,6.871651154...
testing H1>-5.0
evaluate ot="H1.bs>-5.0" t="H1>-5.0", ctx="{'H1': None}"
check iteration duration=0.000718116760254
GetData ===>> H2,-0.152315914956519,H1,15.6315389079487,AX,7.00433226129267,L1,0.0602659015963419,L2,6.87313841...
check iteration duration=6.41345977783e-05
GetData ===>> H2,-0.229181380028534,H1,15.6717846507319,AX,6.99348194411636,L1,0.0334226688404964,L2,6.89496599...
check iteration duration=6.50882720947e-05
GetData ===>> H2,-0.0668367227247352,H1,15.5856135617064,AX,7.03918613809845,L1,0.0692251398425805,L2,6.8545846...
check iteration duration=3.31401824951e-05
GetData ===>> H2,-0.0419238307412207,H1,15.6190913625415,AX,6.94811071051519,L1,0.0948969477799624,L2,6.9335921...
check iteration duration=3.60012054443e-05
GetData ===>> H2,-0.169572951622202,H1,15.6626769176807,AX,6.95364738177249,L1,0.064924017350329,L2,6.874330606...
testing H1>-5.0
evaluate ot="H1.bs>-5.0" t="H1>-5.0", ctx="{'H1': None}"
check iteration duration=0.000601053237915
GetData ===>> H2,-0.221531361597815,H1,15.6484379768833,AX,6.89244038923939,L1,0.058611998518057,L2,6.858998507...
check iteration duration=3.60012054443e-05
GetData ===>> H2,-0.259698722804205,H1,15.6181141367061,AX,7.03658970999891,L1,0.0543304423895589,L2,6.95745321...
check iteration duration=9.89437103271e-05
GetData ===>> H2,-0.188430465594303,H1,15.6559237982824,AX,7.09636195423648,L1,0.0648987503563944,L2,6.88352628...
check iteration duration=4.41074371338e-05
GetData ===>> H2,-0.123888963094678,H1,15.7721842885597,AX,7.08299891951068,L1,0.0776606057838024,L2,6.90308911...
check iteration duration=5.50746917725e-05
GetData ===>> H2,-0.218218472719074,H1,15.7073481870167,AX,7.05189277098919,L1,0.066608626160369,L2,6.850914406...
testing H1>-5.0
evaluate ot="H1.bs>-5.0" t="H1>-5.0", ctx="{'H1': None}"
check iteration duration=0.000927925109863
GetData ===>> H2,-0.178380200948212,H1,15.6566698364259,AX,7.00233754175689,L1,0.0845366207294057,L2,6.73907303...
check iteration duration=1.90734863281e-05
waiting for write to finish
measurement finished
estimated time: 125.829 actual time: :126.183
flush and close file /Users/jan/PychronDev/data/isotopes/b9/96ac17-bb5f-46d3-9e71-3cc19fdb23c7.h5
baselines () {'settling_time': 15.0, 'detector': 'H1', 'mass': 34.2, 'ncounts': 60}
%%%%%%%%%%%%%%%%%%%%%%%%%%%%%%%% Baseline
build tables- baseline [Detector(H2), Detector(H1), Detector(AX), Detector(L1), Detector(L2), Detector(CDD)]
add group baseline table H2
add group baseline table H1
add group baseline table AX
add group baseline table L1
add group baseline table L2
add group baseline table CDD
flush and close file /Users/jan/PychronDev/data/isotopes/b9/96ac17-bb5f-46d3-9e71-3cc19fdb23c7.h5
detector Detector(H1)
POSITION 34.2 H1
Mapping mass to dac mass func: "parabolic"
H1 map mass coeffs = [-0.00063987  0.15840543  0.57280999]
H1 map mass to dac 34.2 >> 5.24185599104
GetDeflection H1 ===>> 0
GetHighVoltage ===>> 4499.94659342336
positioning 34.2 (5.24182512225) on H1
setting magnet DAC
current  : 5.881165
requested: 5.241825
Delta Dac: 0.639340
Checking detector protection. dv=0.63934
Checking detector "CDD". Protection Threshold: 0.1 (V)
ProtectDetector CDD,On ===>> OK
GetDeflection CDD ===>> 2000
Protected = 2000
SetMagnetDAC 5.24182512225 ===>> OK
Magnet settling time: 0.500
GetMagnetMoving ===>> True
GetMagnetMoving ===>> True
GetMagnetMoving ===>> True
GetMagnetMoving ===>> True
GetMagnetMoving ===>> True
GetMagnetMoving ===>> True
GetMagnetMoving ===>> True
GetMagnetMoving ===>> True
GetMagnetMoving ===>> False
ProtectDetector CDD,Off ===>> OK
GetDeflection CDD ===>> 50
Delaying 15.0s for detectors to settle
Join finished
measuring baseline. ncounts=60
"baseline" increment series count="2" fit count="1" regressing="True"
starting measurement
check iteration duration=3.19480895996e-05
GetData ===>> H2,-0.241700452041423,H1,-0.0556220406851658,AX,-0.0853670903423227,L1,-0.0151955888865417,L2,0.0...
State checksums do not match. Local:1334048640 Remote:1459125137
State checksum failed
check iteration duration=5.88893890381e-05
GetData ===>> H2,-0.158451189354017,H1,-0.0463701752029476,AX,-0.0218298157222477,L1,-0.0135742533768456,L2,-0....
set states for children of V. state=False
handle state [('V', False)]
update switch state V False args=() kw={'refresh': False} ncanvase=6
refresh_canvas_needed fired
check iteration duration=4.79221343994e-05
GetData ===>> H2,-0.26142551986792,H1,-0.0471690169135951,AX,-0.0737178312433559,L1,-0.00969502125962353,L2,0.0...
check iteration duration=3.79085540771e-05
GetData ===>> H2,-0.251015850458169,H1,-0.0134094153591889,AX,-0.00823580081291773,L1,-0.0434311362760698,L2,-0...
set states for children of H. state=True
handle state [('H', True)]
update switch state H True args=() kw={'refresh': False} ncanvase=6
refresh_canvas_needed fired
testing H1>-5.0
evaluate ot="H1.bs>-5.0" t="H1>-5.0", ctx="{'H1': None}"
check iteration duration=0.000584840774536
GetData ===>> H2,-0.20366852707458,H1,-0.0166892826144903,AX,-0.134338517347237,L1,-0.0213628592657749,L2,-0.10...
check iteration duration=6.103515625e-05
GetData ===>> H2,-0.144686251678993,H1,-0.0687591737986491,AX,-0.0673536170487415,L1,-0.0237206041943173,L2,0.0...
check iteration duration=5.79357147217e-05
GetData ===>> H2,-0.169985858573226,H1,-0.102059204335547,AX,-0.0968642948699948,L1,-0.0520052009386026,L2,0.00...
check iteration duration=3.38554382324e-05
GetData ===>> H2,-0.187692850264881,H1,0.013071994892644,AX,-0.112995178418643,L1,-0.073306373925857,L2,0.01749...
check iteration duration=9.79900360107e-05
GetData ===>> H2,-0.332035664493917,H1,0.0167346152209592,AX,-0.0492556441225521,L1,-0.0414014446359872,L2,-0.0...
testing H1>-5.0
evaluate ot="H1.bs>-5.0" t="H1>-5.0", ctx="{'H1': None}"
check iteration duration=0.00058388710022
GetData ===>> H2,-0.222010902305329,H1,-0.0320257082401685,AX,-0.0262486215609588,L1,-0.0602166803765374,L2,-0....
check iteration duration=9.29832458496e-05
GetData ===>> H2,-0.153819979160126,H1,-0.0727405051676786,AX,-0.045440843661497,L1,-0.0296706430858228,L2,0.06...
check iteration duration=8.29696655273e-05
GetData ===>> H2,-0.18212479866287,H1,-0.0146021067963574,AX,-0.1584663809387,L1,-0.00619811568646182,L2,-0.030...
check iteration duration=7.29560852051e-05
GetData ===>> H2,-0.204637624161146,H1,-0.0561704491566893,AX,-0.218707728951669,L1,0.00931855486169909,L2,0.01...
check iteration duration=7.5101852417e-05
GetData ===>> H2,-0.27368538300195,H1,-0.0509962148606434,AX,-0.164726357497224,L1,-0.00030963344612987,L2,-0.0...
testing H1>-5.0
evaluate ot="H1.bs>-5.0" t="H1>-5.0", ctx="{'H1': None}"
check iteration duration=0.000926971435547
GetData ===>> H2,-0.207695329148519,H1,-0.0558485575920862,AX,-0.0978261969647075,L1,-0.00842879246421639,L2,-0...
check iteration duration=8.39233398438e-05
GetData ===>> H2,-0.0379772737344653,H1,-0.0452017086786104,AX,-0.066333449288533,L1,-0.015827719095894,L2,-0.0...
check iteration duration=4.38690185547e-05
GetData ===>> H2,-0.0660974054518299,H1,-0.167666365517704,AX,-0.0960066873927769,L1,-0.0280534819098238,L2,0.0...
check iteration duration=6.60419464111e-05
GetData ===>> H2,-0.0689974242872226,H1,-0.00639610223054348,AX,-0.0745176757137304,L1,-0.0394312338538169,L2,0...
check iteration duration=7.70092010498e-05
GetData ===>> H2,-0.0912643671064292,H1,-0.038369483357825,AX,-0.0765694205945508,L1,-0.0534418735089898,L2,0.0...
testing H1>-5.0
evaluate ot="H1.bs>-5.0" t="H1>-5.0", ctx="{'H1': None}"
check iteration duration=0.000604867935181
GetData ===>> H2,-0.203265498417252,H1,0.0160784356021405,AX,-0.139591272164209,L1,-0.0630962750563509,L2,-0.00...
check iteration duration=3.981590271e-05
GetData ===>> H2,-0.254924574710078,H1,-0.00676586400303307,AX,-0.0601310628420495,L1,-0.0329317259090025,L2,-0...
check iteration duration=3.71932983398e-05
GetData ===>> H2,-0.157901433453183,H1,-0.074504637282957,AX,0.0384065631366241,L1,-0.0607383466537597,L2,-0.06...
check iteration duration=6.60419464111e-05
GetData ===>> H2,-0.181985832118734,H1,-0.0442836182672711,AX,-0.0389124339479297,L1,-0.0604703380070053,L2,-0....
check iteration duration=4.19616699219e-05
GetData ===>> H2,-0.15848360655982,H1,-0.047514782243918,AX,-0.164216300410541,L1,-0.0449971313910571,L2,-0.032...
testing H1>-5.0
evaluate ot="H1.bs>-5.0" t="H1>-5.0", ctx="{'H1': None}"
check iteration duration=0.000586986541748
11:23:08 -- collecting point 25
GetData ===>> H2,-0.16603698832563,H1,0.0571516388276684,AX,-0.0827939411809909,L1,0.0102834768958916,L2,0.0096...
check iteration duration=0.000178098678589
GetData ===>> H2,-0.175931711559356,H1,-0.0347683671259034,AX,-0.203100480666497,L1,-0.0185477049004269,L2,0.07...
check iteration duration=4.00543212891e-05
GetData ===>> H2,-0.188519461634802,H1,-0.019241541320336,AX,-0.123898233405882,L1,-0.0380859987903655,L2,-0.05...
check iteration duration=3.69548797607e-05
GetData ===>> H2,-0.246665854075469,H1,-0.106754165378597,AX,-0.0640612190187106,L1,-0.0361762464118246,L2,0.04...
check iteration duration=3.71932983398e-05
GetData ===>> H2,-0.271879701373939,H1,-0.0736940939570328,AX,-0.0620439905432638,L1,-0.0505838771637862,L2,0.0...
set states for children of H. state=False
handle state [('H', False)]
update switch state H False args=() kw={'refresh': False} ncanvase=6
refresh_canvas_needed fired
testing H1>-5.0
evaluate ot="H1.bs>-5.0" t="H1>-5.0", ctx="{'H1': None}"
check iteration duration=0.00108695030212
GetData ===>> H2,-0.375642566608713,H1,-0.0422447120376422,AX,-0.08998004325994,L1,-0.0610314729195169,L2,-0.00...
State checksums do not match. Local:1459125137 Remote:772584979
State checksum failed
check iteration duration=6.31809234619e-05
GetData ===>> H2,-0.164859888552688,H1,-0.0134809772462273,AX,-0.0517253288095452,L1,-0.0468764821840216,L2,-0....
set states for children of C. state=True
set states for children of B. state=True
set states for children of D. state=True
handle state [('C', True), ('B', True), ('D', True)]
update switch state C True args=() kw={'refresh': True} ncanvase=6
update switch state B True args=() kw={'refresh': True} ncanvase=6
update switch state D True args=() kw={'refresh': False} ncanvase=6
refresh_canvas_needed fired
check iteration duration=7.60555267334e-05
GetData ===>> H2,-0.267764784217853,H1,-0.024119275275125,AX,0.0484573219358182,L1,-0.0773419554727234,L2,0.017...
check iteration duration=7.10487365723e-05
GetData ===>> H2,-0.245629893549719,H1,-0.00506017734769311,AX,-0.119298475062283,L1,-0.0262635203422256,L2,0.0...
check iteration duration=4.60147857666e-05
GetData ===>> H2,-0.281904937457314,H1,-0.0529157200880757,AX,-0.0836632559415687,L1,-0.00842039837066842,L2,-0...
testing H1>-5.0
evaluate ot="H1.bs>-5.0" t="H1>-5.0", ctx="{'H1': None}"
check iteration duration=0.00234699249268
GetData ===>> H2,-0.26551182918121,H1,-0.0908213850485005,AX,-0.0506122392442298,L1,-0.0232459831462037,L2,0.09...
check iteration duration=5.69820404053e-05
GetData ===>> H2,-0.128077523014074,H1,-0.0415650673967648,AX,0.00966433457982026,L1,-0.016698482399074,L2,0.02...
check iteration duration=7.20024108887e-05
GetData ===>> H2,-0.0884865358693033,H1,0.0150882090474315,AX,0.0345188458258212,L1,-0.0383759043798272,L2,-0.0...
check iteration duration=5.50746917725e-05
GetData ===>> H2,-0.138059993221585,H1,0.0141337830841916,AX,0.00722795931695315,L1,-0.057634272454739,L2,-0.07...
check iteration duration=6.103515625e-05
GetData ===>> H2,-0.121581755800308,H1,-0.015759003911797,AX,-0.154304432801661,L1,-0.0322348077265018,L2,0.003...
testing H1>-5.0
evaluate ot="H1.bs>-5.0" t="H1>-5.0", ctx="{'H1': None}"
check iteration duration=0.000943899154663
GetData ===>> H2,-0.199679393832955,H1,0.000474558541596792,AX,-0.0465076114356595,L1,-0.0180464576705659,L2,-0...
check iteration duration=7.5101852417e-05
GetData ===>> H2,-0.239937141722006,H1,0.0161977406674787,AX,-0.18918277381861,L1,-0.00414689601492025,L2,-0.04...
check iteration duration=8.79764556885e-05
GetData ===>> H2,-0.197411202546072,H1,-0.0514969589042956,AX,-0.143788633925951,L1,0.0231339056159462,L2,-0.07...
check iteration duration=8.60691070557e-05
GetData ===>> H2,-0.24560567515359,H1,0.016245462733422,AX,-0.0691156998066685,L1,-0.0251011926411201,L2,0.1041...
check iteration duration=4.00543212891e-05
GetData ===>> H2,-0.271920009922488,H1,-0.113426827357643,AX,-0.0865029633670462,L1,-0.0283457880738836,L2,-0.0...
testing H1>-5.0
evaluate ot="H1.bs>-5.0" t="H1>-5.0", ctx="{'H1': None}"
check iteration duration=0.000599145889282
GetData ===>> H2,-0.290889430774471,H1,-0.111186769031923,AX,-0.0335896586089096,L1,0.0107395667360262,L2,-0.02...
check iteration duration=5.48362731934e-05
GetData ===>> H2,-0.287481297462172,H1,-0.0471690169135951,AX,-0.0372773640048309,L1,-0.0524119400888565,L2,-0....
check iteration duration=3.60012054443e-05
GetData ===>> H2,-0.217116206588562,H1,-0.0219010687663389,AX,-0.0711327816882914,L1,-0.0457393373993044,L2,-0....
check iteration duration=4.79221343994e-05
GetData ===>> H2,-0.0838142285769181,H1,-0.0716915470031275,AX,-0.0234535472196337,L1,0.0120767490984736,L2,-0....
check iteration duration=3.2901763916e-05
GetData ===>> H2,-0.0639495983646098,H1,-0.04213740003276,AX,-0.0373817309921475,L1,0.00577769887214637,L2,-0.0...
testing H1>-5.0
evaluate ot="H1.bs>-5.0" t="H1>-5.0", ctx="{'H1': None}"
check iteration duration=0.000757932662964
11:23:35 -- collecting point 50
GetData ===>> H2,-0.231419791463271,H1,-0.0952070256792446,AX,-0.110596574075413,L1,-0.0299257714300657,L2,0.03...
check iteration duration=5.29289245605e-05
GetData ===>> H2,-0.243402929350367,H1,-0.0972091020565944,AX,-0.0598760029739838,L1,-0.0675043904667408,L2,0.0...
check iteration duration=9.70363616943e-05
GetData ===>> H2,-0.263171021618038,H1,-0.0574937702666699,AX,-0.0571398641550774,L1,-0.0773503250124573,L2,0.0...
check iteration duration=4.81605529785e-05
GetData ===>> H2,-0.306830619042947,H1,-0.0234514333266265,AX,-0.0784820251647187,L1,-0.0439411890079741,L2,0.0...
check iteration duration=5.00679016113e-05
GetData ===>> H2,-0.276667348992155,H1,0.0108768729921273,AX,-0.000579632478939542,L1,-0.0377733226457445,L2,0....
testing H1>-5.0
evaluate ot="H1.bs>-5.0" t="H1>-5.0", ctx="{'H1': None}"
check iteration duration=0.000859975814819
GetData ===>> H2,-0.272460130572708,H1,-0.025240285670791,AX,-0.150258245639957,L1,-0.0554857486686561,L2,0.144...
check iteration duration=7.41481781006e-05
GetData ===>> H2,-0.286702304316297,H1,0.0214711665886604,AX,-0.0557833600290202,L1,-0.0290729226975504,L2,-0.0...
check iteration duration=8.29696655273e-05
GetData ===>> H2,-0.312414734544326,H1,-0.00296083079389649,AX,-0.158837353743487,L1,0.000415267022901966,L2,-0...
check iteration duration=8.89301300049e-05
GetData ===>> H2,-0.295733973480743,H1,0.042293174741448,AX,-0.140368145597131,L1,0.0156846656799058,L2,-0.0153...
check iteration duration=8.48770141602e-05
GetData ===>> H2,-0.0979663078324487,H1,-0.0219129947392148,AX,-0.17076569373924,L1,-0.0160748028421025,L2,0.04...
testing H1>-5.0
evaluate ot="H1.bs>-5.0" t="H1>-5.0", ctx="{'H1': None}"
check iteration duration=0.000633955001831
GetData ===>> H2,-0.160378501254937,H1,-0.0334328208831057,AX,-0.197260153495604,L1,-0.0329173569496902,L2,0.06...
check iteration duration=1.78813934326e-05
waiting for write to finish
measurement finished
estimated time: 62.915 actual time: :63.124
flush and close file /Users/jan/PychronDev/data/isotopes/b9/96ac17-bb5f-46d3-9e71-3cc19fdb23c7.h5
activate_detectors ('H1', 'AX', 'CDD') {'peak_center': True}
peak_center () {'detector': 'H1', 'integration_time': 0.262144, 'isotope': 'Ar40'}
peak center: mean=15.6597844717 threshold=3
peak center started
setup peak center. detector=['H1', 'AX', 'CDD'], isotope=Ar40
VersionedUnpickler [<apptools.sweet_pickle.versioned_unpickler.VersionedUnpickler object at 0x1dac1c470>] using Updater [<apptools.sweet_pickle.updater.Updater object at 0x12e273d10>]
VersionedUnpickler [<apptools.sweet_pickle.versioned_unpickler.VersionedUnpickler object at 0x1dac1c470>] using Updater [<apptools.sweet_pickle.updater.Updater object at 0x12e273d10>]
VersionedUnpickler [<apptools.sweet_pickle.versioned_unpickler.VersionedUnpickler object at 0x1db4bd770>] using Updater [<apptools.sweet_pickle.updater.Updater object at 0x12e273d10>]
setting integration time = 0.524288
SetIntegrationTime 0.524288 ===>> OK
Mapping mass to dac mass func: "parabolic"
H1 map mass coeffs = [-0.00063987  0.15840543  0.57280999]
H1 map mass to dac 39.9624 >> 5.8812
GetDeflection H1 ===>> 0
GetHighVoltage ===>> 4499.94659342336
do peak center. <pychron.spectrometer.jobs.peak_center.PeakCenter object at 0x16275af50>
doing pc
starting peak center. center dac= 5.88116536616 step_width=0.001
width = 0.001
get scan parameters. half-width=0.015,window=0.015, i=0, scalar=1
Scan parameters center=5.88117 width=0.03000 (5.86617 - 5.89617)
GetData ===>> H2,-0.25123102012475,H1,-0.113736618710036,AX,-0.0822607576184182,L1,0.00402974647538484,L2,-0.02...
Moving to starting dac 5.86616536616
setting magnet DAC
current  : 5.241825
requested: 5.866165
Delta Dac: 0.624340
Checking detector protection. dv=0.62434
Checking detector "CDD". Protection Threshold: 0.1 (V)
ProtectDetector CDD,On ===>> OK
GetDeflection CDD ===>> 2000
Protected = 2000
SetMagnetDAC 5.86616536616 ===>> OK
Magnet settling time: 0.500
GetMagnetMoving ===>> True
GetMagnetMoving ===>> True
GetMagnetMoving ===>> True
GetMagnetMoving ===>> True
GetMagnetMoving ===>> True
GetMagnetMoving ===>> True
GetMagnetMoving ===>> True
GetMagnetMoving ===>> True
GetMagnetMoving ===>> True
GetMagnetMoving ===>> False
ProtectDetector CDD,Off ===>> OK
GetDeflection CDD ===>> 50
Wait until signal near baseline. tol= -0.0853024640325. timeout= 10
GetData ===>> H2,0.742180420824962,H1,0.766412010698514,AX,0.23388601279554,L1,0.0597143377216047,L2,-0.0115682...
GetData ===>> H2,0.837750791946967,H1,0.795082986154783,AX,0.0896298989916769,L1,0.13301390712995,L2,0.04922635...
GetData ===>> H2,0.320217875967562,H1,0.319382368852073,AX,-0.0174108092580072,L1,0.130270467055153,L2,0.062852...
GetData ===>> H2,0.0326993478929615,H1,0.133635484190431,AX,0.048538567862431,L1,0.0970979915015124,L2,0.134367...
GetData ===>> H2,-0.0816644682537346,H1,0.0176413432267931,AX,0.0432229058400107,L1,0.0761596497468945,L2,0.117...
GetData ===>> H2,-0.22784013587465,H1,0.000486487182160955,AX,0.00258741321910384,L1,0.0748323446333097,L2,0.01...
GetData ===>> H2,-0.299169127999638,H1,0.0552777993661604,AX,-0.0757116342122402,L1,0.0593511677124416,L2,0.067...
GetData ===>> H2,-0.201918820258562,H1,-0.0191461309509087,AX,-0.0725354404175316,L1,0.0578336912828841,L2,-0.0...
GetData ===>> H2,-0.178069595004352,H1,0.0199320610866362,AX,-0.0260166682383099,L1,0.0307129959930426,L2,-0.05...
GetData ===>> H2,-0.178069595004352,H1,0.0199320610866362,AX,-0.0260166682383099,L1,0.0307129959930426,L2,-0.05...
GetData ===>> H2,-0.189430751484928,H1,-0.0323357517082233,AX,-0.0122608477895479,L1,-0.0068014066107648,L2,-0....
GetData ===>> H2,-0.167196420034455,H1,-0.0549186428113966,AX,0.047261853996134,L1,-0.0046015591147856,L2,0.009...
GetData ===>> H2,-0.126460689515517,H1,-0.0324549989401788,AX,-0.11995890713853,L1,-0.00598821474028848,L2,-0.0...
GetData ===>> H2,-0.171768202468526,H1,0.000653488299762373,AX,-0.115602289977393,L1,-0.0346112729354428,L2,-0....
GetData ===>> H2,-0.18207088514041,H1,0.0641340882814535,AX,-0.094743440988836,L1,-0.0468657098372899,L2,0.0714...
GetData ===>> H2,-0.151946303992604,H1,0.0164960039528374,AX,-0.246401133033131,L1,-0.042603742159983,L2,-0.030...
GetData ===>> H2,-0.17546961645067,H1,-0.0461913291702086,AX,-0.109762263049919,L1,-0.00126608616773625,L2,0.03...
GetData ===>> H2,-0.214785914538089,H1,-0.0187406358661989,AX,-0.0767780701927906,L1,0.00900184532124034,L2,-0....
GetData ===>> H2,-0.160608082086637,H1,-0.100688806146754,AX,-0.153646581228455,L1,-0.00252841667501615,L2,-0.0...
Peak center baseline intensity achieved
_do_sweep sm= 5.86616536616, em= 5.89616536616, stm= 0.001
calculated step values: start=5.86616536616, end=5.89616536616, width=0.001, nsteps=31.0
setting magnet DAC
current  : 5.866165
requested: 5.866165
Delta Dac: 0.000000
Checking detector protection. dv=0.00000
Checking detector "CDD". Protection Threshold: 0.1 (V)
SetMagnetDAC 5.86616536616 ===>> OK
GetData ===>> H2,-0.160608082086637,H1,-0.100688806146754,AX,-0.153646581228455,L1,-0.00252841667501615,L2,-0.0...
setting magnet DAC
current  : 5.866165
requested: 5.867200
Delta Dac: 0.001034
Checking detector protection. dv=0.00103
Checking detector "CDD". Protection Threshold: 0.1 (V)
SetMagnetDAC 5.86719984892 ===>> OK
Magnet settling time: 1.049
GetData ===>> H2,-0.19280859692291,H1,-0.0362946838664112,AX,-0.0157405813406867,L1,-0.0628463428691067,L2,-0.0...
setting magnet DAC
current  : 5.867200
requested: 5.868234
Delta Dac: 0.001034
Checking detector protection. dv=0.00103
Checking detector "CDD". Protection Threshold: 0.1 (V)
SetMagnetDAC 5.86823433168 ===>> OK
Magnet settling time: 1.049
GetData ===>> H2,-0.231621696506462,H1,0.00435144157859848,AX,-0.097733483923964,L1,-0.10446679281402,L2,0.0486...
setting magnet DAC
current  : 5.868234
requested: 5.869269
Delta Dac: 0.001034
Checking detector protection. dv=0.00103
Checking detector "CDD". Protection Threshold: 0.1 (V)
SetMagnetDAC 5.86926881444 ===>> OK
Magnet settling time: 1.049
GetData ===>> H2,-0.342276278579895,H1,0.238196575426719,AX,0.160258318400352,L1,-0.0715590723627928,L2,-0.0326...
setting magnet DAC
current  : 5.869269
requested: 5.870303
Delta Dac: 0.001034
Checking detector protection. dv=0.00103
Checking detector "CDD". Protection Threshold: 0.1 (V)
SetMagnetDAC 5.8703032972 ===>> OK
Magnet settling time: 1.049
GetData ===>> H2,-0.154613147386611,H1,1.44719840473815,AX,0.397630164601048,L1,-0.0322338309458699,L2,-0.13926...
setting magnet DAC
current  : 5.870303
requested: 5.871338
Delta Dac: 0.001034
Checking detector protection. dv=0.00103
Checking detector "CDD". Protection Threshold: 0.1 (V)
SetMagnetDAC 5.87133777996 ===>> OK
Magnet settling time: 1.049
GetData ===>> H2,-0.176359717798808,H1,4.29581380979844,AX,1.09561004719847,L1,-0.0373480195566037,L2,0.1682395...
setting magnet DAC
current  : 5.871338
requested: 5.872372
Delta Dac: 0.001034
Checking detector protection. dv=0.00103
Checking detector "CDD". Protection Threshold: 0.1 (V)
SetMagnetDAC 5.87237226272 ===>> OK
Magnet settling time: 1.049
GetData ===>> H2,-0.262480023054327,H1,8.4087332501632,AX,2.82647777822913,L1,0.00759685316374506,L2,0.83737939...
setting magnet DAC
current  : 5.872372
requested: 5.873407
Delta Dac: 0.001034
Checking detector protection. dv=0.00103
Checking detector "CDD". Protection Threshold: 0.1 (V)
SetMagnetDAC 5.87340674548 ===>> OK
Magnet settling time: 1.049
GetData ===>> H2,-0.155337354739728,H1,12.3556387239805,AX,4.44753429481867,L1,0.00956293789229225,L2,1.8279553...
setting magnet DAC
current  : 5.873407
requested: 5.874441
Delta Dac: 0.001034
Checking detector protection. dv=0.00103
Checking detector "CDD". Protection Threshold: 0.1 (V)
SetMagnetDAC 5.87444122823 ===>> OK
Magnet settling time: 1.049
GetData ===>> H2,-0.0692184898849739,H1,14.7550497643331,AX,5.72726244677552,L1,0.0132323903570214,L2,3.6854143...
setting magnet DAC
current  : 5.874441
requested: 5.875476
Delta Dac: 0.001034
Checking detector protection. dv=0.00103
Checking detector "CDD". Protection Threshold: 0.1 (V)
SetMagnetDAC 5.87547571099 ===>> OK
Magnet settling time: 1.049
GetData ===>> H2,-0.185003547416712,H1,15.8172556641132,AX,6.33302218730135,L1,0.0381648455447343,L2,5.19669688...
setting magnet DAC
current  : 5.875476
requested: 5.876510
Delta Dac: 0.001034
Checking detector protection. dv=0.00103
Checking detector "CDD". Protection Threshold: 0.1 (V)
SetMagnetDAC 5.87651019375 ===>> OK
Magnet settling time: 1.049
GetData ===>> H2,-0.203277629924244,H1,16.0586092535657,AX,6.447879735378,L1,0.0299681137382154,L2,6.1253367634...
setting magnet DAC
current  : 5.876510
requested: 5.877545
Delta Dac: 0.001034
Checking detector protection. dv=0.00103
Checking detector "CDD". Protection Threshold: 0.1 (V)
SetMagnetDAC 5.87754467651 ===>> OK
Magnet settling time: 1.049
GetData ===>> H2,-0.207560586535304,H1,16.3207629307305,AX,6.68480204428195,L1,0.0638448120478772,L2,6.49718949...
setting magnet DAC
current  : 5.877545
requested: 5.878579
Delta Dac: 0.001034
Checking detector protection. dv=0.00103
Checking detector "CDD". Protection Threshold: 0.1 (V)
SetMagnetDAC 5.87857915927 ===>> OK
Magnet settling time: 1.049
GetData ===>> H2,-0.149758128908267,H1,16.2398549414758,AX,6.79267965180138,L1,0.0758392497959393,L2,6.60077138...
setting magnet DAC
current  : 5.878579
requested: 5.879614
Delta Dac: 0.001034
Checking detector protection. dv=0.00103
Checking detector "CDD". Protection Threshold: 0.1 (V)
SetMagnetDAC 5.87961364203 ===>> OK
Magnet settling time: 1.049
GetData ===>> H2,-0.176427146868504,H1,16.2618678887108,AX,6.66032405050709,L1,0.0407165660060106,L2,6.55586787...
setting magnet DAC
current  : 5.879614
requested: 5.880648
Delta Dac: 0.001034
Checking detector protection. dv=0.00103
Checking detector "CDD". Protection Threshold: 0.1 (V)
SetMagnetDAC 5.88064812479 ===>> OK
Magnet settling time: 1.049
GetData ===>> H2,-0.163295182464219,H1,16.3545569507746,AX,6.74165762877713,L1,0.047318628343774,L2,6.555914978...
setting magnet DAC
current  : 5.880648
requested: 5.881683
Delta Dac: 0.001034
Checking detector protection. dv=0.00103
Checking detector "CDD". Protection Threshold: 0.1 (V)
SetMagnetDAC 5.88168260754 ===>> OK
Magnet settling time: 1.049
GetData ===>> H2,-0.122604233773854,H1,16.2764339509271,AX,6.75515389224273,L1,0.0737075237536117,L2,6.60762885...
setting magnet DAC
current  : 5.881683
requested: 5.882717
Delta Dac: 0.001034
Checking detector protection. dv=0.00103
Checking detector "CDD". Protection Threshold: 0.1 (V)
SetMagnetDAC 5.8827170903 ===>> OK
Magnet settling time: 1.049
GetData ===>> H2,-0.173896933083485,H1,16.3035861979917,AX,6.68398601526597,L1,0.0609723056571712,L2,6.58738772...
setting magnet DAC
current  : 5.882717
requested: 5.883752
Delta Dac: 0.001034
Checking detector protection. dv=0.00103
Checking detector "CDD". Protection Threshold: 0.1 (V)
SetMagnetDAC 5.88375157306 ===>> OK
Magnet settling time: 1.049
GetData ===>> H2,-0.198917537252323,H1,16.2831633602246,AX,6.75527376058925,L1,0.011208030404445,L2,6.551958037...
setting magnet DAC
current  : 5.883752
requested: 5.884786
Delta Dac: 0.001034
Checking detector protection. dv=0.00103
Checking detector "CDD". Protection Threshold: 0.1 (V)
SetMagnetDAC 5.88478605582 ===>> OK
Magnet settling time: 1.049
GetData ===>> H2,-0.155637292742836,H1,16.3038698756473,AX,6.66313151821447,L1,0.0564198297041966,L2,6.53657928...
setting magnet DAC
current  : 5.884786
requested: 5.885821
Delta Dac: 0.001034
Checking detector protection. dv=0.00103
Checking detector "CDD". Protection Threshold: 0.1 (V)
SetMagnetDAC 5.88582053858 ===>> OK
Magnet settling time: 1.049
GetData ===>> H2,-0.249182707546604,H1,16.2367879189786,AX,6.54451828253081,L1,0.0328374140035267,L2,6.29205384...
setting magnet DAC
current  : 5.885821
requested: 5.886855
Delta Dac: 0.001034
Checking detector protection. dv=0.00103
Checking detector "CDD". Protection Threshold: 0.1 (V)
SetMagnetDAC 5.88685502134 ===>> OK
Magnet settling time: 1.049
GetData ===>> H2,-0.0522289156497376,H1,15.8919677124491,AX,6.29315863734216,L1,0.0893115686141137,L2,5.7789819...
setting magnet DAC
current  : 5.886855
requested: 5.887890
Delta Dac: 0.001034
Checking detector protection. dv=0.00103
Checking detector "CDD". Protection Threshold: 0.1 (V)
SetMagnetDAC 5.8878895041 ===>> OK
Magnet settling time: 1.049
GetData ===>> H2,-0.235095528443187,H1,14.950011798741,AX,5.67723850984311,L1,0.0585743644471673,L2,4.649239794...
setting magnet DAC
current  : 5.887890
requested: 5.888924
Delta Dac: 0.001034
Checking detector protection. dv=0.00103
Checking detector "CDD". Protection Threshold: 0.1 (V)
SetMagnetDAC 5.88892398685 ===>> OK
Magnet settling time: 1.049
GetData ===>> H2,-0.199661864966147,H1,12.4701176331589,AX,4.35326661593358,L1,0.0221789810310873,L2,3.21777446...
setting magnet DAC
current  : 5.888924
requested: 5.889958
Delta Dac: 0.001034
Checking detector protection. dv=0.00103
Checking detector "CDD". Protection Threshold: 0.1 (V)
SetMagnetDAC 5.88995846961 ===>> OK
Magnet settling time: 1.049
GetData ===>> H2,-0.182868817015874,H1,8.63666331507005,AX,2.56754207650168,L1,0.0184846700465972,L2,1.72957716...
setting magnet DAC
current  : 5.889958
requested: 5.890993
Delta Dac: 0.001034
Checking detector protection. dv=0.00103
Checking detector "CDD". Protection Threshold: 0.1 (V)
SetMagnetDAC 5.89099295237 ===>> OK
Magnet settling time: 1.049
GetData ===>> H2,-0.248841061797927,H1,2.89263791569037,AX,0.575511911616592,L1,-0.0091566536705526,L2,0.359403...
setting magnet DAC
current  : 5.890993
requested: 5.892027
Delta Dac: 0.001034
Checking detector protection. dv=0.00103
Checking detector "CDD". Protection Threshold: 0.1 (V)
SetMagnetDAC 5.89202743513 ===>> OK
Magnet settling time: 1.049
GetData ===>> H2,-0.253093411140705,H1,1.05136517057833,AX,0.139338064548394,L1,0.0131340411974017,L2,0.0979081...
setting magnet DAC
current  : 5.892027
requested: 5.893062
Delta Dac: 0.001034
Checking detector protection. dv=0.00103
Checking detector "CDD". Protection Threshold: 0.1 (V)
SetMagnetDAC 5.89306191789 ===>> OK
Magnet settling time: 1.049
GetData ===>> H2,-0.213326134695493,H1,0.327910692645728,AX,0.101567745149854,L1,-0.0038457753777597,L2,0.00883...
setting magnet DAC
current  : 5.893062
requested: 5.894096
Delta Dac: 0.001034
Checking detector protection. dv=0.00103
Checking detector "CDD". Protection Threshold: 0.1 (V)
SetMagnetDAC 5.89409640065 ===>> OK
Magnet settling time: 1.049
GetData ===>> H2,-0.193234123164997,H1,0.0668317119667307,AX,-0.0804409569335975,L1,-0.0577351152985903,L2,-0.0...
setting magnet DAC
current  : 5.894096
requested: 5.895131
Delta Dac: 0.001034
Checking detector protection. dv=0.00103
Checking detector "CDD". Protection Threshold: 0.1 (V)
SetMagnetDAC 5.89513088341 ===>> OK
Magnet settling time: 1.049
GetData ===>> H2,-0.25411793133649,H1,0.0744254603622931,AX,0.0148389338508136,L1,-0.0435784076810936,L2,0.0485...
setting magnet DAC
current  : 5.895131
requested: 5.896165
Delta Dac: 0.001034
Checking detector protection. dv=0.00103
Checking detector "CDD". Protection Threshold: 0.1 (V)
SetMagnetDAC 5.89616536616 ===>> OK
Magnet settling time: 1.049
GetData ===>> H2,-0.335281410655263,H1,-0.0592820142352178,AX,-0.194199957301175,L1,-0.0488691676269992,L2,-0.1...
result of _do_sweep=True
result of _calculate_peak_center=([5.8733497349021633, 5.8811954262849291, 5.8890411176676949], [12.138123893258161, 16.35408727342076, 12.036069198345473], 5.8806543441206012, 16.35408727342076)
Failed to find a valid peak. No peak greater than 1.0. max = 0.028228990031
new center pos Detector(H1) (Ar40) @ 5.88119542628
GetHighVoltage ===>> 4499.94659342336
GetDeflection H1 ===>> 0
dac uncorrected for HV and deflection 5.8812300603
update mftable H1 Ar40 5.8812300603 message=automated run peakcenter
get initial guess parabolic
get initial guess parabolic
get initial guess parabolic
get initial guess parabolic
get initial guess parabolic
get initial guess parabolic
dump mftable to /Users/jan/PychronDev/setupfiles/spectrometer/mftables/mftable.csv
add to repo msg=modified - automated run peakcenter
sweep finished
locally archiving mftable
setting magnet DAC
current  : 5.896165
requested: 5.881195
Delta Dac: 0.014970
Checking detector protection. dv=0.01497
Checking detector "CDD". Protection Threshold: 0.1 (V)
SetMagnetDAC 5.88119542628 ===>> OK
Magnet settling time: 0.500
setting integration time = 1.048576
SetIntegrationTime 1.048576 ===>> OK
Failed to find a valid peak. No peak greater than 1.0. max = 0.028228990031
flush and close file /Users/jan/PychronDev/data/isotopes/b9/96ac17-bb5f-46d3-9e71-3cc19fdb23c7.h5
finished measure script
executed snippet estimated_duration=226.132928, duration=272.187263966
jan_unknown120_60.py completed successfully
Measurement Finished
11:24:32 -- ******* Measurement Finished *******
Post Measurement Started jan_pump_ms.py
11:24:32 -- ******* Post Measurement Started jan_pump_ms.py *******
testing...
no interpolation path defined
executed snippet estimated_duration=0, duration=2.69412994385e-05
Pumping spectrometer
open () {'name': 'O'}
opening name=O desc=---
checking ownership. requestor=129.138.12.150
check software interlocks O
interlocks []
actuate state mode=None-script, software_lock=False
doing actuation None-script open_channel True
Open O ===>> OK
GetIndicatorState O ===>> OK
change switch state (True, True)
update switch state O True args=() kw={} ncanvase=6
11:24:32 -- OPEN   VALVE-O (Jan Ion Pump)
---------------------------------------- open O () result=[(True, True)], time=0.11 sec
action=open, ok=True, locked=[False]
executed snippet estimated_duration=0, duration=0.364597082138
jan_pump_ms.py completed successfully
setting _ms_pumptime
Post Measurement Finished
11:24:32 -- ******* Post Measurement Finished *******
$$$$$$$$$$$$$$$$$$$$ state at run end measurement
state changed from measurement to success
post measurement save measured=True aborted=False
Set filtering
setting fod for Ar40= {'filter_outliers': True, 'std_devs': 2, 'iterations': 1}
setting fod for H1= {'filter_outliers': True, 'std_devs': 2, 'iterations': 1}
setting fod for PM41= {'filter_outliers': False, 'std_devs': 2, 'iterations': 1}
setting fod for H2= {'filter_outliers': True, 'std_devs': 2, 'iterations': 1}
setting fod for Ar36= {'filter_outliers': True, 'std_devs': 2, 'iterations': 1}
setting fod for CDD= {'filter_outliers': True, 'std_devs': 10, 'iterations': 1}
setting fod for Ar37= {'filter_outliers': True, 'std_devs': 2, 'iterations': 1}
setting fod for L2= {'filter_outliers': True, 'std_devs': 2, 'iterations': 1}
setting fod for Ar38= {'filter_outliers': True, 'std_devs': 2, 'iterations': 1}
setting fod for L1= {'filter_outliers': True, 'std_devs': 2, 'iterations': 1}
setting fod for Ar39= {'filter_outliers': True, 'std_devs': 2, 'iterations': 1}
setting fod for AX= {'filter_outliers': True, 'std_devs': 2, 'iterations': 1}
persistence save...
persistence save - db
post measurement save
7902349744 connecting to database sqlite:////Users/jan/PychronDev/.appdata/local_lab.db
connected to db sqlite:////Users/jan/PychronDev/.appdata/local_lab.db
create new session 7902349744
close session 7902349744
No database instance. Not saving post measurement to isotopedb database
$$$$$$$$$$$$$$$ auto_save_detector_ic=False
massspec enabled True
create new session 4997822608
MassSpec Database Version: 16.0
close session 4997822608
saving post measurement to secondary database
saving to massspec database 129.138.12.160/massspecdata
setting labnumber to 65450
setting aliquot to 3
setting step to B
setting uuid to b996ac17-bb5f-46d3-9e71-3cc19fdb23c7
setting irradpos to 65450
setting extract_device to Fusions CO2
setting tray to 
setting position to 190
setting power_requested to 0.4
setting extract_value to 0.4
setting duration to 30.0
setting duration_at_request to 30.0
setting first_stage_delay to 30.0
setting cleanup to 30.0
setting comment to J:4 Plag, 10 crystals
setting irradiation to NM-288
setting level to J
setting irradiation_level to J
setting sample to MB.46.6
setting material to Plagioclase
setting project to IR973
setting mass_spectrometer to Jan
no attribute chron_dosages
no attribute production_ratios
no attribute interference_corrections
no attribute production_name
no attribute j
Reference Isotope=Ar40
Reference Detector=H1
%%%%%%%%%%%%%%%%%%%% Comment: J:4 Plag, 10 crystals %%%%%%%%%%%%%%%%%%%
adding isotope PM41 H2
add baseline dbdet= PM41. original det= H2
get baseline data PM41 H2
Get data baseline <pychron.processing.isotope.Baseline object at 0x1c940fad0> len t=60
baseline PM41. v=-0.206438259096, e=0.00911528174125
get signal data PM41 H2
Get data signal PM41 0.03+/-0.07 len t=120
adding isotope Ar40 H1
add baseline dbdet= Ar40. original det= H1
get baseline data Ar40 H1
Get data baseline <pychron.processing.isotope.Baseline object at 0x1c971ff50> len t=60
baseline Ar40. v=-0.0353305925903, e=0.00490682678325
get signal data Ar40 H1
Get data signal Ar40 14.546+/-0.012 len t=120
adding isotope Ar39 AX
add baseline dbdet= Ar39. original det= AX
get baseline data Ar39 AX
Get data baseline <pychron.processing.isotope.Baseline object at 0x1df6350d0> len t=60
baseline Ar39. v=-0.0822842801024, e=0.00749786305946
get signal data Ar39 AX
Get data signal Ar39 7.313+/-0.014 len t=120
adding isotope Ar38 L1
add baseline dbdet= Ar38. original det= L1
get baseline data Ar38 L1
Get data baseline <pychron.processing.isotope.Baseline object at 0x1df635490> len t=60
baseline Ar38. v=-0.0309925939374, e=0.00312522428371
get signal data Ar38 L1
Get data signal Ar38 0.109+/-0.004 len t=120
adding isotope Ar37 L2
add baseline dbdet= Ar37. original det= L2
get baseline data Ar37 L2
Get data baseline <pychron.processing.isotope.Baseline object at 0x1df635d10> len t=60
baseline Ar37. v=-0.00265644170011, e=0.00579737941313
get signal data Ar37 L2
Get data signal Ar37 7.194+/-0.010 len t=120
adding isotope Ar36 CDD
add baseline dbdet= Ar36. original det= CDD
get baseline data Ar36 CDD
Get data baseline <pychron.processing.isotope.Baseline object at 0x1df6356d0> len t=60
baseline Ar36. v=2.97730822877e-05, e=8.52160042208e-06
get signal data Ar36 CDD
Get data signal Ar36 0.01828+/-0.00035 len t=120
65450-03B added analysis time 0.512546777725s
analysis added to mass spec database
mass spec save time= 0.524
persistence save - dvc
================= post measurement started
create new session 4992585168
close session 4992585168
---------------- Experiment Queue saving disabled
DVC saving peakcenter
Failed to find a valid peak. No peak greater than 1.0. max = 0.028228990031
Smart pull ahead: 0 behind: 0
Up-to-date with origin
add to repo msg=modified - ad8224ebc6dbfeb9f5997218dfa5fe690569839d.json
add to repo msg=modified - 50-03B.json
add to repo msg=modified - 50-03B.dat.json
add to repo msg=modified - 50-03B.blan.json
add to repo msg=modified - 50-03B.inte.json
add to repo msg=modified - 50-03B.icfa.json
add to repo msg=modified - 50-03B.base.json
not at valid file /Users/jan/PychronDev/data/.dvc/repositories/Load1794/654/tags/50-03B.tags.json
add to repo msg=modified - 50-03B.peak.json
add to repo msg=modified - 50-03B.extr.json
not at valid file /Users/jan/PychronDev/data/.dvc/repositories/Load1794/654/monitor/50-03B.moni.json
commit message=<COLLECTION>
add to repo msg=modified - 50-03B.inte.json
add to repo msg=modified - 50-03B.base.json
commit message=<ISOEVO> default collection fits
add to repo msg=modified - 50-03B.blan.json
commit message=<BLANKS> preceding bu-FC-J-7810
add to repo msg=modified - 50-03B.icfa.json
commit message=<ICFactor> default
push repository <pychron.git_archive.repo_manager.GitRepoManager object at 0x1d7ac04d0>
pushing to remote=origin, url=https://github.com
no changes to meta repo
create new session 4992585168
add association Load1794
get identifier "65450"
setting analysis irradiation position=<pychron.dvc.dvc_orm.IrradiationPositionTbl object at 0x1e3cb41d0>
close session 4992585168
================= post measurement finished
11:24:45 -- ******* Post Run Check *******
loading queue conditionals post_run_actions
loading system conditionals post_run_actions
loading conditionals from /Users/jan/PychronDev/setupfiles/spectrometer/default_conditionals.yaml
loading queue conditionals post_run_terminations
loading system conditionals post_run_terminations
loading conditionals from /Users/jan/PychronDev/setupfiles/spectrometer/default_conditionals.yaml
Checking default post run terminations n=1
GetDeflection CDD ===>> 50
testing CDD==2000
evaluate ot="CDD.deflection==2000" t="CDD==2000", ctx="{'CDD': 50.0}"
11:24:45 -- ******* Post Run Check Passed *******
11:24:45 -- Automated run 65450-03B success duration: 361.086 s
----------------- finish -----------------
----------------- stop -----------------
retroactive repository identifiers disabled
finish run. runs completed=137
update duration runid=65450-03B, duration=361.086200953, md5=301e91d8
loading script "jan_unknown120_60.py"
loading script "jan_pump_ms.py"
loading script "jan_co2.py"
loading script "jan_pump_extraction_line.py"
testing...
no interpolation path defined
executed snippet estimated_duration=213.652928, duration=0.000315189361572
script duration name:unknown120_60 seconds:214.0
loading script "jan_unknown120_60.py"
loading script "jan_pump_ms.py"
loading script "jan_co2.py"
loading script "jan_pump_extraction_line.py"
testing...
no interpolation path defined
executed snippet estimated_duration=0, duration=2.90870666504e-05
loading script "jan_unknown120_60.py"
loading script "jan_pump_ms.py"
loading script "jan_co2.py"
loading script "jan_pump_extraction_line.py"
testing...
no interpolation path defined
calculate duration
testing...
no interpolation path defined
executed snippet estimated_duration=0, duration=6.29425048828e-05
calculate duration
testing...
no interpolation path defined
executed snippet estimated_duration=0, duration=9.29832458496e-05
executed snippet estimated_duration=0.0, duration=0.00343704223633
script duration name:co2 seconds:0.0
loading script "jan_unknown120_60.py"
loading script "jan_pump_ms.py"
loading script "jan_co2.py"
loading script "jan_pump_extraction_line.py"
testing...
no interpolation path defined
calculate duration
testing...
no interpolation path defined
executed snippet estimated_duration=4.0, duration=0.0001540184021
executed snippet estimated_duration=4.0, duration=0.00146007537842
Script duration 214.0
Run total estimated duration= 215.000
loading script "jan_unknown400_120.py"
loading script "jan_pump_ms.py"
loading script "jan_cocktail_x1.py"
loading script "jan_pump_extraction_line.py"
testing...
no interpolation path defined
executed snippet estimated_duration=556.052928, duration=0.000203847885132
script duration name:unknown400_120 seconds:556.0
pump_ms in script context. using previous estimated duration
loading script "jan_unknown400_120.py"
loading script "jan_pump_ms.py"
loading script "jan_cocktail_x1.py"
loading script "jan_pump_extraction_line.py"
testing...
no interpolation path defined
calculate duration
testing...
no interpolation path defined
executed snippet estimated_duration=0, duration=4.79221343994e-05
calculate duration
testing...
no interpolation path defined
executed snippet estimated_duration=0, duration=0.000102996826172
calculate duration
testing...
no interpolation path defined
executed snippet estimated_duration=32.0, duration=0.000108003616333
calculate duration
testing...
no interpolation path defined
executed snippet estimated_duration=34.0, duration=0.000126123428345
calculate duration
testing...
no interpolation path defined
executed snippet estimated_duration=4.0, duration=7.9870223999e-05
calculate duration
testing...
no interpolation path defined
executed snippet estimated_duration=38.0, duration=0.000107049942017
executed snippet estimated_duration=108.0, duration=0.0210289955139
script duration name:cocktail_x1 seconds:108.0
pump_extraction_line in script context. using previous estimated duration
Script duration 664.0
Run total estimated duration= 665.000
unknown400_120 in script context. using previous estimated duration
script duration name:unknown400_120 seconds:556.0
cocktail_x1 in script context. using previous estimated duration
script duration name:cocktail_x1 seconds:108.0
Script duration 664.0
Run total estimated duration= 665.000
loading script "jan_ic_peak_hop3.py"
loading script "jan_pump_ms.py"
loading script "jan_air_x1.py"
loading script "jan_pump_extraction_line.py"
testing...
no interpolation path defined
executed snippet estimated_duration=133.8, duration=0.00710010528564
script duration name:ic_peak_hop3 seconds:134.0
loading script "jan_ic_peak_hop3.py"
loading script "jan_pump_ms.py"
loading script "jan_air_x1.py"
loading script "jan_pump_extraction_line.py"
testing...
no interpolation path defined
calculate duration
testing...
no interpolation path defined
executed snippet estimated_duration=0, duration=4.91142272949e-05
calculate duration
testing...
no interpolation path defined
executed snippet estimated_duration=0, duration=0.000131130218506
calculate duration
testing...
no interpolation path defined
executed snippet estimated_duration=32.0, duration=9.60826873779e-05
calculate duration
testing...
no interpolation path defined
executed snippet estimated_duration=34.0, duration=0.000101089477539
calculate duration
testing...
no interpolation path defined
executed snippet estimated_duration=4.0, duration=6.29425048828e-05
calculate duration
testing...
no interpolation path defined
executed snippet estimated_duration=36.0, duration=8.89301300049e-05
executed snippet estimated_duration=106.0, duration=0.0080840587616
script duration name:air_x1 seconds:106.0
Script duration 240.0
Run total estimated duration= 241.000
unknown120_60 in script context. using previous estimated duration
script duration name:unknown120_60 seconds:214.0
co2 in script context. using previous estimated duration
script duration name:co2 seconds:0.0
Script duration 214.0
Run total estimated duration= 215.000
script duration name:unknown120_60 seconds:214.0
script duration name:co2 seconds:0.0
Script duration 214.0
Run total estimated duration= 215.000
script duration name:unknown120_60 seconds:214.0
script duration name:co2 seconds:0.0
Script duration 214.0
Run total estimated duration= 215.000
script duration name:unknown400_120 seconds:556.0
loading script "jan_unknown400_120.py"
loading script "jan_pump_ms.py"
loading script "jan_sniffair_x2.py"
loading script "jan_pump_extraction_line.py"
testing...
no interpolation path defined
calculate duration
testing...
no interpolation path defined
executed snippet estimated_duration=0, duration=4.79221343994e-05
calculate duration
testing...
no interpolation path defined
executed snippet estimated_duration=0, duration=9.89437103271e-05
calculate duration
testing...
no interpolation path defined
executed snippet estimated_duration=32.0, duration=0.00011682510376
calculate duration
testing...
no interpolation path defined
executed snippet estimated_duration=34.0, duration=0.000111103057861
calculate duration
testing...
no interpolation path defined
executed snippet estimated_duration=4.0, duration=7.39097595215e-05
calculate duration
testing...
no interpolation path defined
executed snippet estimated_duration=36.0, duration=0.000149965286255
calculate duration
testing...
no interpolation path defined
executed snippet estimated_duration=34.0, duration=9.29832458496e-05
calculate duration
testing...
no interpolation path defined
executed snippet estimated_duration=4.0, duration=6.98566436768e-05
calculate duration
testing...
no interpolation path defined
executed snippet estimated_duration=36.0, duration=0.000100135803223
calculate duration
testing...
no interpolation path defined
executed snippet estimated_duration=70.0, duration=0.000117778778076
executed snippet estimated_duration=250.0, duration=0.0185029506683
script duration name:sniffair_x2 seconds:250.0
Script duration 806.0
Run total estimated duration= 807.000
script duration name:unknown400_120 seconds:556.0
sniffair_x2 in script context. using previous estimated duration
script duration name:sniffair_x2 seconds:250.0
Script duration 806.0
Run total estimated duration= 807.000
nruns=9 before=0.0, run_dur=4045.0, btw=0.0
write rem/ex queues
/Users/jan/PychronDev/experiments/rem/CurrentExperiment.rem.txt
/Users/jan/PychronDev/experiments/rem/CurrentExperiment.ex.txt
doing event level: 3
