do run
loading script "jan_unknown120_60.py"
loading script "jan_pump_ms.py"
loading script "jan_co2.py"
loading script "jan_pump_extraction_line.py"
testing...
no interpolation path defined
executed snippet estimated_duration=213.652928, duration=0.000176906585693
script duration name:unknown120_60 seconds:214.0
loading script "jan_unknown120_60.py"
loading script "jan_pump_ms.py"
loading script "jan_co2.py"
loading script "jan_pump_extraction_line.py"
testing...
no interpolation path defined
executed snippet estimated_duration=0, duration=1.69277191162e-05
loading script "jan_unknown120_60.py"
loading script "jan_pump_ms.py"
loading script "jan_co2.py"
loading script "jan_pump_extraction_line.py"
testing...
no interpolation path defined
calculate duration
testing...
no interpolation path defined
executed snippet estimated_duration=0, duration=4.60147857666e-05
calculate duration
testing...
no interpolation path defined
executed snippet estimated_duration=0, duration=7.29560852051e-05
executed snippet estimated_duration=0.0, duration=0.00224089622498
script duration name:co2 seconds:0.0
loading script "jan_unknown120_60.py"
loading script "jan_pump_ms.py"
loading script "jan_co2.py"
loading script "jan_pump_extraction_line.py"
testing...
no interpolation path defined
calculate duration
testing...
no interpolation path defined
executed snippet estimated_duration=4.0, duration=0.000128984451294
executed snippet estimated_duration=4.0, duration=0.00115704536438
Script duration 214.0
Run total estimated duration= 215.000
run duration: 0:03:35
doing event level: 2
11:12:06 -- Setting default integration. t=1.048576
setting integration time = 1.048576
SetIntegrationTime 1.048576 ===>> OK
----------------- start -----------------
**************** Experiment Type: Ar/Ar, Ar/Ar
create new session 4419438256
close session 4419438256
$$$$$ Clearing conditionals
adding conditionals 
Add queue conditionals
add default conditionals
adding default conditionals from /Users/jan/PychronDev/setupfiles/spectrometer/default_conditionals.yaml
Start automated run 65450-03A
loading script "jan_unknown120_60.py"
loading script "jan_pump_ms.py"
loading script "jan_co2.py"
loading script "jan_pump_extraction_line.py"
%%%%%%%%%%%%%%%%%% setting automated run 65450-03A
No value "sensitivity_multiplier" in metadata
$$$$$$$$$$$$$$$ auto_save_detector_ic=False
============================= Pre Extraction Check =============================
loading queue conditionals pre_run_terminations
loading system conditionals pre_run_terminations
loading conditionals from /Users/jan/PychronDev/setupfiles/spectrometer/default_conditionals.yaml
11:12:06 -- ******* Pre Extraction Check *******
Get a measurement from the spectrometer
GetData ===>> H2,-0.163215523829116,H1,-0.0540006415393755,AX,-0.118835011278959,L1,-0.044029787078032,L2,0.025...
Pre Extraction Termination data. keys=H2,H1,AX,L1,L2,CDD, signals=-0.16322,-0.05400,-0.11884,-0.04403,0.02543,0.00283
11:12:06 -- testing system defined conditionals
Checking default pre extraction terminations n=2
testing CDD
evaluate ot="CDD.inactive" t="CDD", ctx="{'CDD': False}"
GetDeflection CDD ===>> 50
testing CDD==2000
evaluate ot="CDD.deflection==2000" t="CDD==2000", ctx="{'CDD': 50.0}"
11:12:06 -- ******* Pre Extraction Check Passed *******
=================================================================================
11:12:06 -- stopping status monitor
stop 5288834736
Alive clients [5025639504, 4992986192]
11:12:06 -- starting status monitor
start 5288834736
Monitor already running
start extraction
do extraction
Analysis started at 11:12:06.365038
Extraction Started jan_co2.py
11:12:06 -- ******* Extraction Started jan_co2.py *******
state changed from not run to extraction
DO EXTRACTION <pychron.extraction_line.pyscript_runner.RemotePyScriptRunner object at 0x12bfe48f0>
testing...
no interpolation path defined
calculate duration
testing...
no interpolation path defined
executed snippet estimated_duration=0, duration=4.10079956055e-05
calculate duration
testing...
no interpolation path defined
executed snippet estimated_duration=0, duration=6.89029693604e-05
executed snippet estimated_duration=100.0, duration=0.0019199848175
Jan CO2 laser analysis
doing GOSUB
testing...
no interpolation path defined
executed snippet estimated_duration=0, duration=3.50475311279e-05
Waiting for CO2 access
wait ('FelixCO2Flag', 0) {}
waiting for FelixCO2Flag = 0
Read FelixCO2Flag ===>> 0
finished waiting
CO2 free
wait ('CO2PumpTimeFlag', 0) {}
waiting for CO2PumpTimeFlag = 0
Read CO2PumpTimeFlag ===>> 0
finished waiting
acquire ('JanCO2Flag',) {'clear': True}
acquire JanCO2Flag
Set JanCO2Flag 1 ===>> OK
JanCO2Flag acquired
set extraction state False (0.75, 'red', 1.5)
CO2 acquired
executed snippet estimated_duration=0, duration=0.0362889766693
WaitForCO2Access.py completed successfully
gosub finished
doing GOSUB
testing...
no interpolation path defined
executed snippet estimated_duration=0, duration=8.29696655273e-05
Prepare for CO2 analysis
close () {'description': 'Jan Inlet'}
closing name=--- desc=Jan Inlet
checking ownership. requestor=129.138.12.150
check software interlocks R
interlocks []
actuate state mode=None-script, software_lock=False
doing actuation None-script close_channel False
Close R ===>> OK
GetIndicatorState R ===>> False
change switch state (True, True)
update switch state R False args=() kw={} ncanvase=6
11:12:06 -- CLOSE  VALVE-R (Jan Inlet)
---------------------------------------- close None (Jan Inlet) result=[(True, True)]
action=close, ok=True, locked=[False]
open () {'description': 'Jan Ion Pump'}
opening name=--- desc=Jan Ion Pump
checking ownership. requestor=129.138.12.150
check software interlocks O
interlocks []
actuate state mode=None-script, software_lock=False
doing actuation None-script open_channel False
Open O ===>> OK
GetIndicatorState O ===>> OK
change switch state (True, True)
update switch state O True args=() kw={} ncanvase=6
11:12:07 -- OPEN   VALVE-O (Jan Ion Pump)
---------------------------------------- open None (Jan Ion Pump) result=[(True, True)], time=0.09 sec
action=open, ok=True, locked=[False]
close () {'description': 'Microbone to Minibone'}
closing name=--- desc=Microbone to Minibone
checking ownership. requestor=129.138.12.150
check software interlocks L
interlocks []
actuate state mode=None-script, software_lock=False
doing actuation None-script close_channel False
Close L ===>> OK
GetIndicatorState L ===>> False
change switch state (True, True)
update switch state L False args=() kw={} ncanvase=6
11:12:07 -- CLOSE  VALVE-L (Microbone to Minibone)
---------------------------------------- close None (Microbone to Minibone) result=[(True, True)]
action=close, ok=True, locked=[False]
open () {'description': 'Microbone to Turbo'}
opening name=--- desc=Microbone to Turbo
checking ownership. requestor=129.138.12.150
check software interlocks U
interlocks []
actuate state mode=None-script, software_lock=False
doing actuation None-script open_channel False
Open U ===>> OK
GetIndicatorState U ===>> OK
change switch state (True, True)
update switch state U True args=() kw={} ncanvase=6
11:12:08 -- OPEN   VALVE-U (Microbone to Turbo)
---------------------------------------- open None (Microbone to Turbo) result=[(True, True)], time=0.12 sec
action=open, ok=True, locked=[False]
open () {'description': 'Microbone to Inlet Pipette'}
opening name=--- desc=Microbone to Inlet Pipette
checking ownership. requestor=129.138.12.150
check software interlocks S
interlocks []
actuate state mode=None-script, software_lock=False
doing actuation None-script open_channel False
Open S ===>> OK
GetIndicatorState S ===>> OK
change switch state (True, True)
update switch state S True args=() kw={} ncanvase=6
11:12:08 -- OPEN   VALVE-S (Microbone to Inlet Pipette)
---------------------------------------- open None (Microbone to Inlet Pipette) result=[(True, True)], time=0.43 sec
action=open, ok=True, locked=[False]
open () {'description': 'Microbone to Getter D-50'}
opening name=--- desc=Microbone to Getter D-50
checking ownership. requestor=129.138.12.150
check software interlocks K
interlocks []
actuate state mode=None-script, software_lock=False
doing actuation None-script open_channel False
Open K ===>> OK
GetIndicatorState K ===>> OK
change switch state (True, True)
update switch state K True args=() kw={} ncanvase=6
11:12:09 -- OPEN   VALVE-K (Microbone to Getter D-50)
---------------------------------------- open None (Microbone to Getter D-50) result=[(True, True)], time=0.44 sec
action=open, ok=True, locked=[False]
open () {'description': 'Microbone to Getter NP-10'}
opening name=--- desc=Microbone to Getter NP-10
checking ownership. requestor=129.138.12.150
check software interlocks M
interlocks []
actuate state mode=None-script, software_lock=False
doing actuation None-script open_channel False
Open M ===>> OK
GetIndicatorState M ===>> OK
change switch state (True, True)
update switch state M True args=() kw={} ncanvase=6
11:12:10 -- OPEN   VALVE-M (Microbone to Getter NP-10)
---------------------------------------- open None (Microbone to Getter NP-10) result=[(True, True)], time=0.16 sec
action=open, ok=True, locked=[False]
close () {'description': 'CO2 Laser to Felix'}
closing name=--- desc=CO2 Laser to Felix
checking ownership. requestor=129.138.12.150
check software interlocks F
interlocks []
actuate state mode=None-script, software_lock=True
VALVE-F(CO2 Laser to Felix) software locked
change switch state (True, False)
---------------------------------------- close None (CO2 Laser to Felix) result=[(True, False)]
action=close, ok=True, locked=[True]
open () {'description': 'CO2 Laser to Jan'}
opening name=--- desc=CO2 Laser to Jan
checking ownership. requestor=129.138.12.150
check software interlocks A
interlocks []
actuate state mode=None-script, software_lock=False
doing actuation None-script open_channel False
Open A ===>> OK
GetIndicatorState A ===>> OK
change switch state (True, True)
update switch state A True args=() kw={} ncanvase=6
11:12:10 -- OPEN   VALVE-A (CO2 Laser to Jan)
---------------------------------------- open None (CO2 Laser to Jan) result=[(True, True)], time=0.15 sec
action=open, ok=True, locked=[False]
open () {'description': 'Microbone to CO2 Laser'}
opening name=--- desc=Microbone to CO2 Laser
checking ownership. requestor=129.138.12.150
check software interlocks T
interlocks []
actuate state mode=None-script, software_lock=False
doing actuation None-script open_channel False
Open T ===>> OK
GetIndicatorState T ===>> OK
change switch state (True, True)
update switch state T True args=() kw={} ncanvase=6
11:12:11 -- OPEN   VALVE-T (Microbone to CO2 Laser)
---------------------------------------- open None (Microbone to CO2 Laser) result=[(True, True)], time=0.44 sec
action=open, ok=True, locked=[False]
executed snippet estimated_duration=0, duration=5.03669309616
PrepareForCO2Analysis.py completed successfully
gosub finished
set_motor ('beam', '1.25') {}
setting motor "beam" to 1.25
set motor beam to 1.25
SetMotor beam,1.25 ===>> OK
GetMotorMoving beam ===>> False
GetMotorMoving beam ===>> False
Block completed
move_to_position ('190',) {'autocenter': True}
FusionsCO2 move to position 190
sending GoToHole 190,True
GoToHole 190,True ===>> OK
GetDriveMoving ===>> OK
GetDriveMoving ===>> OK
GetDriveMoving ===>> OK
GetDriveMoving ===>> OK
GetDriveMoving ===>> OK
GetDriveMoving ===>> OK
GetDriveMoving ===>> OK
GetDriveMoving ===>> OK
GetDriveMoving ===>> OK
GetDriveMoving ===>> OK
GetDriveMoving ===>> OK
GetDriveMoving ===>> OK
GetDriveMoving ===>> OK
GetDriveMoving ===>> OK
GetDriveMoving ===>> False
GetDriveMoving ===>> False
Block completed
GetAutoCorrecting ===>> OK
GetAutoCorrecting ===>> OK
GetAutoCorrecting ===>> False
GetAutoCorrecting ===>> False
Block completed
update position
GetPosition ===>> 0.00000,-9.96950,1.00000
got position (0.0, -9.9695, 1.0)
move to position succeeded
sleep (5,) {}
SLEEP 5.0
block started
WaitControl setup for 5.0  
Join finished
block finished. duration 5.04427909851
close () {'description': 'Microbone to Turbo'}
closing name=--- desc=Microbone to Turbo
checking ownership. requestor=129.138.12.150
check software interlocks U
interlocks []
actuate state mode=None-script, software_lock=False
doing actuation None-script close_channel True
Close U ===>> OK
GetIndicatorState U ===>> False
change switch state (True, True)
update switch state U False args=() kw={} ncanvase=6
11:12:24 -- CLOSE  VALVE-U (Microbone to Turbo)
---------------------------------------- close None (Microbone to Turbo) result=[(True, True)]
action=close, ok=True, locked=[False]
enable laser
enable () {}
set extraction state FusionsCO2 Enabled (False, 'red', 1.5)
enabling laser
Enable ===>> OK
begin interval
BEGIN INTERVAL Interval 1 waiting for 30.0
block started
set extract to 0.3
WaitControl setup for 30.0  
extract (0.3,) {}
GetPosition ===>> 0.00000,-9.96950,1.00000
set extraction state FusionsCO2 ON! 0.3(watts) (0.75, 'red', 1.5)
extract sample to 0.3 (watts)
set laser output
SetLaserOutput 0.3,watts ===>> OK
executing pattern triangle.lp
execute_pattern ('triangle.lp',) {}
executing pattern triangle.lp
IsPatterning ===>> OK
IsPatterning ===>> OK
IsPatterning ===>> OK
IsPatterning ===>> OK
IsPatterning ===>> OK
IsPatterning ===>> OK
IsPatterning ===>> OK
IsPatterning ===>> OK
IsPatterning ===>> OK
IsPatterning ===>> OK
IsPatterning ===>> OK
IsPatterning ===>> OK
IsPatterning ===>> OK
IsPatterning ===>> OK
IsPatterning ===>> OK
IsPatterning ===>> OK
IsPatterning ===>> OK
IsPatterning ===>> OK
IsPatterning ===>> OK
IsPatterning ===>> OK
IsPatterning ===>> OK
IsPatterning ===>> OK
IsPatterning ===>> OK
IsPatterning ===>> OK
IsPatterning ===>> OK
IsPatterning ===>> OK
IsPatterning ===>> False
IsPatterning ===>> False
Block completed
COMPLETE INTERVAL waiting for Interval 1 to complete
Join finished
block finished. duration 30.1047680378
Interval 1 finished
end_extract () {}
ending extraction. set laser power to 0
set laser power 0
SetLaserPower 0 ===>> OK
disable () {}
%%%%%%%%%%%%%%%%%%%%%%%%%%%%%%%%%%% disable
set extraction state False (0.75, 'red', 1.5)
disabling laser
Disable ===>> OK
sleep (30.0,) {}
SLEEP 30.0
block started
WaitControl setup for 30.0  
Join finished
block finished. duration 30.0453870296
executed snippet estimated_duration=166.5, duration=79.6036331654
jan_co2.py completed successfully
GetAchievedOutput ===>> No Response
Requested Output= 0.000
Achieved Output=  0.000
GetResponseBlob ===>> No Response
GetOutputBlob ===>> No Response
persistence save...
persistence save - db
AutomatedRunPersister post_extraction_save deprecated
persistence save - dvc
no extraction position for 190
create new session 4992585168
close session 4992585168
Extraction Finished
11:13:26 -- ******* Extraction Finished *******
no overlap. not waiting for min ms pumptime
11:13:26 -- Sending spectrometer configuration
======== Sending configuration ========
SetDeflection CDD,50.0 ===>> OK
SetDeflection H2,0.0 ===>> OK
SetDeflection H1,0.0 ===>> OK
SetDeflection L2,825.0 ===>> OK
SetDeflection L1,400.0 ===>> OK
SetDeflection AX,190.0 ===>> OK
SetZFocus 74.64 ===>> OK
SetZSymmetry -50.72 ===>> OK
SetExtractionLens 26.13 ===>> OK
SetIonRepeller -3.81 ===>> OK
SetElectronEnergy 75.08 ===>> OK
SetYSymmetry -2.81 ===>> OK
SetIonCounterVoltage 1590.0 ===>> OK
send trap current 200.0
GetParameter Trap Current Readback ===>> 198.035158395898
SetParameter Trap Current Set,200.0 ===>> OK
updating mftable name mftable
Using mftable located at /Users/jan/PychronDev/setupfiles/spectrometer/mftables/mftable.csv
============ MFtable ===========
Isotope  H2     H1     AX     L1     L2     CDD    
Ar40     5.8247 5.8813 5.9945 6.1646 6.2329 6.3929
Ar39     5.7240 5.7735 5.8870 6.0507 6.1180 6.2794
Ar36     5.4015 5.4425 5.5503 5.7096 5.7730 5.9305
================================
get initial guess parabolic
get initial guess parabolic
get initial guess parabolic
get initial guess parabolic
get initial guess parabolic
get initial guess parabolic
======== Configuration Finished ========
GetYSymmetry ===>> -2.81
GetZSymmetry ===>> -50.72
GetParameter Trap Current Readback ===>> 198.147042666178
GetHighVoltage ===>> 4499.94659342336
start measurement
do measurement
L#=65450 analysis type=unknown
Measurement Started jan_unknown120_60.py
11:13:26 -- ******* Measurement Started jan_unknown120_60.py *******
state changed from extraction to measurement
setting spec, defl, and gains
GetExtractionLens ===>> 26.13
GetYSymmetry ===>> -2.81
GetZSymmetry ===>> -50.72
GetZFocus ===>> 74.64
GetDeflection H2 ===>> 0
GetDeflection H1 ===>> 0
GetDeflection AX ===>> 190
GetDeflection L1 ===>> 400
GetDeflection L2 ===>> 825
GetDeflection CDD ===>> 50
GetGain H2 ===>> 0.0113
GetGain H1 ===>> 0.1
GetGain AX ===>> 0.097049
GetGain L1 ===>> 0.010355
GetGain L2 ===>> 0.095649
GetGain CDD ===>> 0
pre measurement save
New frame /Users/jan/PychronDev/data/isotopes/47/e95f65-9756-439b-be4e-be932cb9b91f.h5
flush and close file /Users/jan/PychronDev/data/isotopes/47/e95f65-9756-439b-be4e-be932cb9b91f.h5
testing...
no interpolation path defined
executed snippet estimated_duration=226.132928, duration=0.000159025192261
unknown measurement script
activate_detectors ('H2', 'H1', 'AX', 'L1', 'L2', 'CDD') {}
activate detectors
*************** Set Analysis View Ar/Ar
create graphs
clearing graphs
clear isotope group
setting isotope det=H2, iso=PM41
setting isotope det=H1, iso=Ar40
setting isotope det=AX, iso=Ar39
setting isotope det=L1, iso=Ar38
setting isotope det=L2, iso=Ar37
setting isotope det=CDD, iso=Ar36
setting previous blanks
 - setting Ar40 blank 0.450+/-0.007
 - setting Ar36 blank 0.00525+/-0.00018
 - setting Ar37 blank 0.054+/-0.005
 - setting Ar38 blank 0.0076+/-0.0022
 - setting PM41 blank 0.02+/-0.07
 - setting Ar39 blank 0.030+/-0.009
load analysis view
position_magnet ('Ar40',) {'detector': 'H1'}
detector Detector(H1)
POSITION Ar40 H1
setting detector H2 to PM41 (40.9624)
setting detector H1 to Ar40 (39.9624)
setting detector AX to Ar39 (38.9624)
setting detector L1 to Ar38 (37.9624)
setting detector L2 to Ar37 (36.9624)
setting detector CDD to Ar36 (35.9624)
Mapping mass to dac mass func: "parabolic"
H1 map mass coeffs = [-0.00063987  0.15840543  0.57286999]
H1 map mass to dac 39.9624 >> 5.88126
GetDeflection H1 ===>> 0
GetHighVoltage ===>> 4499.94659342336
positioning Ar40 (5.88122536581) on H1
setting magnet DAC
current  : 5.881226
requested: 5.881225
Delta Dac: 0.000000
Checking detector protection. dv=0.00000
Checking detector "CDD". Protection Threshold: 0.1 (V)
SetMagnetDAC 5.88122536581 ===>> OK
Magnet settling time: 0.500
equilibrate () {'delay': 3, 'inlet': 'R', 'outlet': 'O', 'eqtime': 12.0}
Equilibration Started
11:13:27 -- ******* Equilibration Started *******
checking ownership. requestor=129.138.12.150
check software interlocks O
interlocks []
actuate state mode=None-script, software_lock=False
doing actuation None-script close_channel True
Close O ===>> OK
GetIndicatorState O ===>> False
change switch state (True, True)
update switch state O False args=() kw={} ncanvase=6
11:13:27 -- CLOSE  VALVE-O (Jan Ion Pump)
waiting 3s before opening inlet value ('R',)
update labels <pychron.experiment.plot_panel.PlotPanel object at 0x1e0069950>
update labels "<pychron.graph.stacked_regression_graph.StackedRegressionGraph object at 0x1d77dd890>"
setting label 0 H2 PM41
setting label 1 H1 Ar40
setting label 2 AX Ar39
setting label 3 L1 Ar38
setting label 4 L2 Ar37
setting label 5 CDD Ar36
update labels "<pychron.graph.stacked_graph.StackedGraph object at 0x1a95c0590>"
setting label 0 H2 PM41
setting label 1 H1 Ar40
setting label 2 AX Ar39
setting label 3 L1 Ar38
setting label 4 L2 Ar37
setting label 5 CDD Ar36
checking ownership. requestor=129.138.12.150
check software interlocks R
interlocks []
actuate state mode=None-script, software_lock=False
doing actuation None-script open_channel True
Open R ===>> OK
GetIndicatorState R ===>> OK
change switch state (True, True)
update switch state R True args=() kw={} ncanvase=6
11:13:31 -- OPEN   VALVE-R (Jan Inlet)
equilibrating for 12.0sec
set_time_zero () {}
sniff (12.0,) {}
py_sniff
build tables- sniff [Detector(H2), Detector(H1), Detector(AX), Detector(L1), Detector(L2), Detector(CDD)]
add group /sniff/PM41 (Group) '' table H2
add group /sniff/Ar40 (Group) '' table H1
add group /sniff/Ar39 (Group) '' table AX
add group /sniff/Ar38 (Group) '' table L1
add group /sniff/Ar37 (Group) '' table L2
add group /sniff/Ar36 (Group) '' table CDD
flush and close file /Users/jan/PychronDev/data/isotopes/47/e95f65-9756-439b-be4e-be932cb9b91f.h5
measuring sniff. ncounts=12.0
"sniff" increment series count="1" fit count="0" regressing="False"
starting measurement
check iteration duration=1.71661376953e-05
GetData ===>> H2,-0.08532708024223,H1,0.333811666202233,AX,0.175362341818192,L1,0.00341983964197257,L2,0.116557...
check iteration duration=2.90870666504e-05
GetData ===>> H2,0.915734802161643,H1,11.8901771862516,AX,3.84690469678706,L1,0.159312066762567,L2,4.0019973726...
check iteration duration=2.09808349609e-05
GetData ===>> H2,0.799203539654347,H1,21.3368835317975,AX,5.12449143053644,L1,0.261719481657305,L2,6.1148305259...
check iteration duration=4.10079956055e-05
GetData ===>> H2,0.335524222776305,H1,24.2327834420281,AX,5.4008207883727,L1,0.274643519575147,L2,6.54507279758...
check iteration duration=5.10215759277e-05
GetData ===>> H2,0.20797166160005,H1,25.2605575050684,AX,5.45477480136156,L1,0.23965132735262,L2,6.560702812045...
check iteration duration=3.91006469727e-05
GetData ===>> H2,0.123786258125388,H1,25.6979218999636,AX,5.5762542047575,L1,0.244831518184615,L2,6.60344453079...
check iteration duration=3.79085540771e-05
GetData ===>> H2,0.242608024646317,H1,25.8445731642708,AX,5.64498039277707,L1,0.223794899666689,L2,6.6370141439...
check iteration duration=1.81198120117e-05
GetData ===>> H2,0.138859318896217,H1,25.9744075719797,AX,5.47476672245076,L1,0.188762574370853,L2,6.5943404710...
check iteration duration=1.78813934326e-05
GetData ===>> H2,0.0394784958800362,H1,25.9454856976626,AX,5.48533055453469,L1,0.202903916036976,L2,6.635551281...
check iteration duration=1.78813934326e-05
GetData ===>> H2,0.0254616515516838,H1,26.026220383671,AX,5.47746122831027,L1,0.21629141754817,L2,6.71048900368...
check iteration duration=4.10079956055e-05
GetData ===>> H2,0.0556999585707025,H1,26.0134076705784,AX,5.50512583791907,L1,0.203858543724915,L2,6.688516879...
check iteration duration=2.47955322266e-05
GetData ===>> H2,0.0847595051767865,H1,25.9879141680278,AX,5.5731751445821,L1,0.190063153980742,L2,6.5960621590...
Equilibration Finished
11:13:43 -- ******* Equilibration Finished *******
checking ownership. requestor=129.138.12.150
check software interlocks R
interlocks []
actuate state mode=None-script, software_lock=False
doing actuation None-script close_channel True
check iteration duration=1.78813934326e-05
waiting for write to finish
Close R ===>> OK
measurement finished
estimated time: 12.583 actual time: :12.717
flush and close file /Users/jan/PychronDev/data/isotopes/47/e95f65-9756-439b-be4e-be932cb9b91f.h5
set_fits () {}
using default fits file=/Users/jan/PychronDev/scripts/measurement/fits/nominal_linear.yaml
GetIndicatorState R ===>> False
change switch state (True, True)
update switch state R False args=() kw={} ncanvase=6
set "Ar40" to "('Linear', 'SEM')"
No fit for "PM41". defaulting to linear. check the measurement script "jan_unknown120_60.py"
set "PM41" to "linear"
set "Ar36" to "('Linear', 'SEM')"
set "Ar37" to "('linear', 'SEM')"
set "Ar38" to "('linear', 'SEM')"
set "Ar39" to "('Linear', 'SEM')"
set_baseline_fits () {}
using default fits file=/Users/jan/PychronDev/scripts/measurement/fits/nominal_linear.yaml
set "H1" to "('average', 'SEM')"
11:13:44 -- CLOSE  VALVE-R (Jan Inlet)
set "H2" to "('average', 'SEM')"
Post Equilibration Started jan_pump_extraction_line.py
set "CDD" to "('average', 'SEM')"
11:13:44 -- ******* Post Equilibration Started jan_pump_extraction_line.py *******
set "L2" to "('average', 'SEM')"
set "L1" to "('average', 'SEM')"
testing...
set "AX" to "('average', 'SEM')"
no interpolation path defined
multicollect () {'integration_time': 1, 'ncounts': 120}
build tables- signal [Detector(H2), Detector(H1), Detector(AX), Detector(L1), Detector(L2), Detector(CDD)]
calculate duration
testing...
add group /signal/PM41 (Group) '' table H2
no interpolation path defined
add group /signal/Ar40 (Group) '' table H1
add group /signal/Ar39 (Group) '' table AX
executed snippet estimated_duration=4.0, duration=0.00164103507996
add group /signal/Ar38 (Group) '' table L1
executed snippet estimated_duration=4.0, duration=0.0115330219269
add group /signal/Ar37 (Group) '' table L2
add group /signal/Ar36 (Group) '' table CDD
Pump after analysis
flush and close file /Users/jan/PychronDev/data/isotopes/47/e95f65-9756-439b-be4e-be932cb9b91f.h5
doing GOSUB
measuring signal. ncounts=120
testing...
no interpolation path defined
executed snippet estimated_duration=4.0, duration=0.000196218490601
Pump Microbone
close () {'description': 'Jan Inlet'}
closing name=--- desc=Jan Inlet
checking ownership. requestor=129.138.12.150
check software interlocks R
interlocks []
actuate state mode=None-script, software_lock=False
doing actuation None-script close_channel False
Close R ===>> OK
GetIndicatorState R ===>> False
change switch state (True, True)
update switch state R False args=() kw={} ncanvase=6
11:13:45 -- CLOSE  VALVE-R (Jan Inlet)
---------------------------------------- close None (Jan Inlet) result=[(True, True)]
"signal" increment series count="2" fit count="1" regressing="True"
starting measurement
check iteration duration=9.60826873779e-05
GetData ===>> H2,0.241326041266228,H1,26.6402804956317,AX,5.58829686490582,L1,0.190948466756327,L2,6.6167601369...
action=close, ok=True, locked=[False]
is_closed ('F',) {}
is F () closed?
is closed True
open () {'description': 'CO2 Laser to Jan'}
opening name=--- desc=CO2 Laser to Jan
checking ownership. requestor=129.138.12.150
check software interlocks A
interlocks []
actuate state mode=None-script, software_lock=False
doing actuation None-script open_channel False
Open A ===>> OK
GetIndicatorState A ===>> OK
change switch state (True, True)
update switch state A True args=() kw={} ncanvase=6
11:13:45 -- OPEN   VALVE-A (CO2 Laser to Jan)
---------------------------------------- open None (CO2 Laser to Jan) result=[(True, True)], time=0.15 sec
action=open, ok=True, locked=[False]
sleep (1,) {}
SLEEP 1.0
check iteration duration=9.01222229004e-05
GetData ===>> H2,0.0532570046794714,H1,26.6578754474009,AX,5.5782353555509,L1,0.13940082977946,L2,6.65380543803...
close () {'description': 'CO2 Laser to Roughing'}
closing name=--- desc=CO2 Laser to Roughing
checking ownership. requestor=129.138.12.150
check software interlocks G
interlocks []
actuate state mode=None-script, software_lock=True
VALVE-G(CO2 Laser to Roughing) software locked
change switch state (True, False)
---------------------------------------- close None (CO2 Laser to Roughing) result=[(True, False)]
action=close, ok=True, locked=[True]
open () {'description': 'Microbone to Turbo'}
opening name=--- desc=Microbone to Turbo
checking ownership. requestor=129.138.12.150
check software interlocks U
interlocks []
actuate state mode=None-script, software_lock=False
doing actuation None-script open_channel True
Open U ===>> OK
GetIndicatorState U ===>> OK
change switch state (True, True)
update switch state U True args=() kw={} ncanvase=6
11:13:46 -- OPEN   VALVE-U (Microbone to Turbo)
---------------------------------------- open None (Microbone to Turbo) result=[(True, True)], time=0.16 sec
action=open, ok=True, locked=[False]
open () {'description': 'Microbone to Getter NP-10'}
opening name=--- desc=Microbone to Getter NP-10
checking ownership. requestor=129.138.12.150
check software interlocks M
interlocks []
actuate state mode=None-script, software_lock=False
doing actuation None-script open_channel False
Open M ===>> OK
GetIndicatorState M ===>> OK
change switch state (True, True)
update switch state M True args=() kw={} ncanvase=6
check iteration duration=7.29560852051e-05
GetData ===>> H2,-0.00506223727959998,H1,26.7365185017923,AX,5.56422492592445,L1,0.125027013855664,L2,6.7662018...
11:13:47 -- OPEN   VALVE-M (Microbone to Getter NP-10)
---------------------------------------- open None (Microbone to Getter NP-10) result=[(True, True)], time=0.16 sec
action=open, ok=True, locked=[False]
open () {'description': 'Microbone to Getter D-50'}
opening name=--- desc=Microbone to Getter D-50
checking ownership. requestor=129.138.12.150
check software interlocks K
interlocks []
actuate state mode=None-script, software_lock=False
doing actuation None-script open_channel False
Open K ===>> OK
GetIndicatorState K ===>> OK
change switch state (True, True)
update switch state K True args=() kw={} ncanvase=6
11:13:48 -- OPEN   VALVE-K (Microbone to Getter D-50)
---------------------------------------- open None (Microbone to Getter D-50) result=[(True, True)], time=0.45 sec
action=open, ok=True, locked=[False]
open () {'description': 'Microbone to CO2 Laser'}
opening name=--- desc=Microbone to CO2 Laser
checking ownership. requestor=129.138.12.150
check software interlocks T
interlocks []
actuate state mode=None-script, software_lock=False
doing actuation None-script open_channel False
check iteration duration=5.10215759277e-05
GetData ===>> H2,0.0289969273103374,H1,26.5773183582105,AX,5.2756665014911,L1,0.144280167865873,L2,6.6423584956...
Open T ===>> OK
GetIndicatorState T ===>> OK
change switch state (True, True)
update switch state T True args=() kw={} ncanvase=6
11:13:48 -- OPEN   VALVE-T (Microbone to CO2 Laser)
---------------------------------------- open None (Microbone to CO2 Laser) result=[(True, True)], time=0.45 sec
action=open, ok=True, locked=[False]
open () {'description': 'Microbone to Inlet Pipette'}
opening name=--- desc=Microbone to Inlet Pipette
checking ownership. requestor=129.138.12.150
check software interlocks S
interlocks []
actuate state mode=None-script, software_lock=False
doing actuation None-script open_channel False
Open S ===>> OK
GetIndicatorState S ===>> OK
change switch state (True, True)
update switch state S True args=() kw={} ncanvase=6
testing H1>-5.0
evaluate ot="H1.bs>-5.0" t="H1>-5.0", ctx="{'H1': None}"
check iteration duration=0.00246286392212
GetData ===>> H2,-0.159564127032263,H1,26.5919287087196,AX,5.27808420622665,L1,0.16608626874855,L2,6.6753925428...
11:13:49 -- OPEN   VALVE-S (Microbone to Inlet Pipette)
---------------------------------------- open None (Microbone to Inlet Pipette) result=[(True, True)], time=0.44 sec
action=open, ok=True, locked=[False]
sleep (1,) {}
SLEEP 1.0
check iteration duration=5.88893890381e-05
GetData ===>> H2,-0.128473585059712,H1,26.5788457440731,AX,5.35374144558491,L1,0.125947862979772,L2,6.593963118...
set_resource () {'name': 'CO2PumpTimeFlag', 'value': 30}
Set CO2PumpTimeFlag 30 ===>> OK
release ('JanCO2Flag',) {}
release JanCO2Flag
Set JanCO2Flag 0 ===>> OK
executed snippet estimated_duration=6.0, duration=6.04210996628
PumpMicrobone.py completed successfully
gosub finished
get_resource_value () {'name': 'JanMiniboneFlag'}
Read JanMiniboneFlag ===>> 0
Get Resource Value JanMiniboneFlag=0.0
get resource value 0.0
get_resource_value () {'name': 'JanMiniboneFlag'}
Read JanMiniboneFlag ===>> 0
Get Resource Value JanMiniboneFlag=0.0
executed snippet estimated_duration=4.0, duration=6.06787610054
jan_pump_extraction_line.py completed successfully
Post Equilibration Finished
11:13:50 -- ******* Post Equilibration Finished *******
check iteration duration=9.48905944824e-05
GetData ===>> H2,-0.138457434581081,H1,26.6088271994292,AX,5.32948915227838,L1,0.110283296949814,L2,6.669485390...
check iteration duration=7.70092010498e-05
GetData ===>> H2,-0.104457245079645,H1,26.6936548605501,AX,5.20321145157138,L1,0.138047358342602,L2,6.614082718...
check iteration duration=3.40938568115e-05
GetData ===>> H2,-0.113146857774346,H1,26.7517613077761,AX,5.2569461563136,L1,0.159100365577962,L2,6.5330749597...
testing H1>-5.0
evaluate ot="H1.bs>-5.0" t="H1>-5.0", ctx="{'H1': None}"
check iteration duration=0.000669956207275
GetData ===>> H2,-0.0763458922160319,H1,26.6932763263977,AX,5.21317048135634,L1,0.119232755179682,L2,6.60129816...
check iteration duration=9.20295715332e-05
GetData ===>> H2,-0.0703617237904173,H1,26.6913025616374,AX,5.14854976598769,L1,0.115195107023826,L2,6.47540429...
check iteration duration=4.31537628174e-05
GetData ===>> H2,-0.116825211289142,H1,26.61520362323,AX,5.32567605891063,L1,0.142904984782104,L2,6.54460134230...
check iteration duration=6.38961791992e-05
GetData ===>> H2,-0.119717795773668,H1,26.7176808440956,AX,5.3665552278239,L1,0.137816561155688,L2,6.6418393847...
check iteration duration=6.79492950439e-05
GetData ===>> H2,-0.120392806484954,H1,26.7903781022897,AX,5.24557513901349,L1,0.121543810714474,L2,6.618588371...
testing H1>-5.0
evaluate ot="H1.bs>-5.0" t="H1>-5.0", ctx="{'H1': None}"
check iteration duration=0.000602006912231
GetData ===>> H2,-0.114045579514579,H1,26.7339083597017,AX,5.27828667676402,L1,0.115753884329983,L2,6.576453197...
check iteration duration=4.10079956055e-05
GetData ===>> H2,-0.140995864131908,H1,26.7935010960155,AX,5.26023268078092,L1,0.143603742494362,L2,6.690356548...
check iteration duration=8.60691070557e-05
GetData ===>> H2,-0.0708160019317355,H1,26.806020972564,AX,5.29508124879878,L1,0.108942042548894,L2,6.548090164...
check iteration duration=7.79628753662e-05
GetData ===>> H2,-0.172843409824011,H1,26.7511255863972,AX,5.3624665589725,L1,0.105660819373755,L2,6.5841996290...
check iteration duration=5.50746917725e-05
GetData ===>> H2,-0.0428003562673877,H1,26.8520427088038,AX,5.37643786107844,L1,0.109428106125465,L2,6.58463589...
testing H1>-5.0
evaluate ot="H1.bs>-5.0" t="H1>-5.0", ctx="{'H1': None}"
check iteration duration=0.000550031661987
GetData ===>> H2,-0.136048239673806,H1,26.8376918787798,AX,5.29458094418536,L1,0.131370863147789,L2,6.586923404...
check iteration duration=7.79628753662e-05
GetData ===>> H2,-0.107785880498437,H1,26.8352438975789,AX,5.27794128609426,L1,0.151026354988367,L2,6.597052732...
check iteration duration=7.79628753662e-05
GetData ===>> H2,-0.0852634280512651,H1,26.7212101312455,AX,5.30493299484448,L1,0.144503639732785,L2,6.58943500...
check iteration duration=4.10079956055e-05
GetData ===>> H2,-0.0717895877196155,H1,26.7541960183366,AX,5.36212087743206,L1,0.1370662045146,L2,6.5933853008...
check iteration duration=8.51154327393e-05
GetData ===>> H2,-0.0419591101609886,H1,26.8362041491058,AX,5.37439926451588,L1,0.152408046113312,L2,6.62440356...
testing H1>-5.0
evaluate ot="H1.bs>-5.0" t="H1>-5.0", ctx="{'H1': None}"
check iteration duration=0.000922918319702
11:14:10 -- collecting point 25
GetData ===>> H2,-0.158317467399987,H1,26.8247357602916,AX,5.24715866913641,L1,0.108942042548894,L2,6.579966724...
check iteration duration=5.60283660889e-05
GetData ===>> H2,-0.265416377832714,H1,26.776954263715,AX,5.29815460348868,L1,0.130438653927121,L2,6.5235060183...
check iteration duration=5.10215759277e-05
GetData ===>> H2,-0.28161872362096,H1,26.7697117621749,AX,5.41557266184281,L1,0.143597703185312,L2,6.5435287899...
check iteration duration=9.10758972168e-05
GetData ===>> H2,-0.140462003066762,H1,26.813782366976,AX,5.40450557154648,L1,0.130297380995553,L2,6.5024387553...
check iteration duration=9.3936920166e-05
GetData ===>> H2,-0.238651501496774,H1,26.9235263072832,AX,5.25599356072326,L1,0.16369805422141,L2,6.5977720843...
testing H1>-5.0
evaluate ot="H1.bs>-5.0" t="H1>-5.0", ctx="{'H1': None}"
check iteration duration=0.00650095939636
GetData ===>> H2,-0.20201049112434,H1,26.9409338214829,AX,5.32038563266951,L1,0.136886175513156,L2,6.6015222308...
check iteration duration=3.91006469727e-05
GetData ===>> H2,-0.146749156328923,H1,26.8943212476555,AX,5.37172888509243,L1,0.114510858016321,L2,6.605437629...
check iteration duration=0.000114917755127
GetData ===>> H2,-0.203528344822523,H1,26.9214689858101,AX,5.42598010345285,L1,0.141334673844786,L2,6.520347999...
check iteration duration=5.00679016113e-05
GetData ===>> H2,-0.175792668990045,H1,26.9768258673311,AX,5.3942505247224,L1,0.128283550248344,L2,6.5735646533...
check iteration duration=8.08238983154e-05
GetData ===>> H2,-0.184412779228829,H1,26.8901671065923,AX,5.43931569040652,L1,0.113512926914264,L2,6.587477601...
testing H1>-5.0
evaluate ot="H1.bs>-5.0" t="H1>-5.0", ctx="{'H1': None}"
check iteration duration=0.000710010528564
GetData ===>> H2,-0.183870504889832,H1,26.9559204985272,AX,5.29583171041278,L1,0.185125710018675,L2,6.571560406...
check iteration duration=7.10487365723e-05
GetData ===>> H2,-0.176367727187146,H1,26.9954177810076,AX,5.31632268000825,L1,0.159768146603104,L2,6.524319106...
check iteration duration=7.91549682617e-05
GetData ===>> H2,-0.0512449629611244,H1,26.9744175305467,AX,5.35617295806091,L1,0.141288740772591,L2,6.59419896...
check iteration duration=4.41074371338e-05
GetData ===>> H2,-0.0377736659689905,H1,27.0954522675379,AX,5.34307447907912,L1,0.110172323117134,L2,6.54842019...
check iteration duration=7.89165496826e-05
GetData ===>> H2,-0.184689302162761,H1,27.0662545956414,AX,5.26173308656858,L1,0.101271686498945,L2,6.557897242...
testing H1>-5.0
evaluate ot="H1.bs>-5.0" t="H1>-5.0", ctx="{'H1': None}"
check iteration duration=0.00054407119751
GetData ===>> H2,-0.158806422841858,H1,27.0384993871042,AX,5.28114512810613,L1,0.157289593584488,L2,6.479444271...
check iteration duration=7.39097595215e-05
GetData ===>> H2,-0.338997724914161,H1,27.0913348873012,AX,5.30542143798061,L1,0.140791951627841,L2,6.491576964...
check iteration duration=8.70227813721e-05
GetData ===>> H2,-0.235188957756518,H1,27.0590375891954,AX,5.36175135710653,L1,0.101825414633289,L2,6.503251670...
check iteration duration=4.19616699219e-05
GetData ===>> H2,-0.187431234743345,H1,27.035697164826,AX,5.37705779341753,L1,0.125644926967186,L2,6.5217738090...
check iteration duration=8.82148742676e-05
GetData ===>> H2,-0.287744531249205,H1,27.0310134113598,AX,5.32726085818528,L1,0.113656516747629,L2,6.483390177...
testing H1>-5.0
evaluate ot="H1.bs>-5.0" t="H1>-5.0", ctx="{'H1': None}"
check iteration duration=0.000688791275024
GetData ===>> H2,-0.148160685558234,H1,27.0841704595527,AX,5.3542182080781,L1,0.148408548216003,L2,6.5464282440...
check iteration duration=4.10079956055e-05
GetData ===>> H2,-0.112285967246358,H1,27.0754897827322,AX,5.32703445675124,L1,0.168559720959829,L2,6.426172404...
check iteration duration=8.20159912109e-05
GetData ===>> H2,-0.143163487360536,H1,27.0824776078138,AX,5.25237378026267,L1,0.144256009040048,L2,6.526192770...
check iteration duration=7.89165496826e-05
GetData ===>> H2,-0.0977970471471599,H1,27.2183919977987,AX,5.3207788303974,L1,0.12533355197851,L2,6.6246512751...
check iteration duration=7.79628753662e-05
GetData ===>> H2,-0.163947282098656,H1,27.1477315859155,AX,5.17998551367052,L1,0.0911422421337572,L2,6.56034916...
testing H1>-5.0
evaluate ot="H1.bs>-5.0" t="H1>-5.0", ctx="{'H1': None}"
check iteration duration=0.00111389160156
11:14:36 -- collecting point 50
GetData ===>> H2,-0.227937476881004,H1,27.1698750281636,AX,5.33090718346188,L1,0.106760471391889,L2,6.504241315...
check iteration duration=7.70092010498e-05
GetData ===>> H2,-0.236148205584477,H1,27.2160753904306,AX,5.31435679443375,L1,0.111443770099998,L2,6.520300865...
check iteration duration=7.00950622559e-05
GetData ===>> H2,-0.129049404879059,H1,27.1433142118359,AX,5.4181965050165,L1,0.151558217311545,L2,6.5190636102...
check iteration duration=3.981590271e-05
GetData ===>> H2,-0.174862524791342,H1,27.1312960291641,AX,5.30606475697127,L1,0.127647369156757,L2,6.561598724...
check iteration duration=9.79900360107e-05
GetData ===>> H2,-0.186410336962938,H1,27.0808254088332,AX,5.34669754458622,L1,0.152906129646626,L2,6.511369407...
testing H1>-5.0
evaluate ot="H1.bs>-5.0" t="H1>-5.0", ctx="{'H1': None}"
check iteration duration=0.000943899154663
GetData ===>> H2,-0.178578594486826,H1,27.1665438016203,AX,5.27298684780521,L1,0.128959611874795,L2,6.562812935...
check iteration duration=6.103515625e-05
GetData ===>> H2,-0.126218685420511,H1,27.1274618594474,AX,5.29573641338772,L1,0.0893298749777208,L2,6.47380248...
check iteration duration=4.19616699219e-05
GetData ===>> H2,-0.234424730077121,H1,27.1509295466625,AX,5.25348113339611,L1,0.115248207645208,L2,6.485439755...
check iteration duration=4.38690185547e-05
GetData ===>> H2,-0.105871357741611,H1,27.1772555322251,AX,5.19856583214414,L1,0.12704502576658,L2,6.4044703032...
check iteration duration=4.48226928711e-05
GetData ===>> H2,-0.215631531030657,H1,27.2186223063737,AX,5.27380860063346,L1,0.125875447172988,L2,6.548066591...
testing H1>-5.0
evaluate ot="H1.bs>-5.0" t="H1>-5.0", ctx="{'H1': None}"
check iteration duration=0.00059700012207
GetData ===>> H2,-0.227819002772116,H1,27.278477703254,AX,5.4165506317088,L1,0.100382648268169,L2,6.45479771656...
check iteration duration=4.10079956055e-05
GetData ===>> H2,-0.240315401712222,H1,27.2441488062399,AX,5.26061373408578,L1,0.121302296439606,L2,6.461339451...
check iteration duration=7.41481781006e-05
GetData ===>> H2,-0.206132216129831,H1,27.2626875631725,AX,5.18725048331137,L1,0.130070382460353,L2,6.538496199...
check iteration duration=7.00950622559e-05
GetData ===>> H2,-0.206770962552807,H1,27.2795756399978,AX,5.3165252279908,L1,0.129760078858175,L2,6.5274418994...
check iteration duration=8.58306884766e-05
GetData ===>> H2,-0.117881942409983,H1,27.1147273829325,AX,5.28568308746327,L1,0.120434100173441,L2,6.596132913...
testing H1>-5.0
evaluate ot="H1.bs>-5.0" t="H1>-5.0", ctx="{'H1': None}"
check iteration duration=0.000749826431274
GetData ===>> H2,-0.0672124674062023,H1,27.2156283312836,AX,5.20182965502486,L1,0.131094331001979,L2,6.45387837...
check iteration duration=8.29696655273e-05
GetData ===>> H2,-0.137200174472023,H1,27.3213593304616,AX,5.17363802991434,L1,0.102392444334708,L2,6.472895590...
check iteration duration=3.71932983398e-05
GetData ===>> H2,-0.152428084761489,H1,27.2817308799835,AX,5.297832968921,L1,0.0703542772708736,L2,6.4809637210...
check iteration duration=3.81469726562e-05
GetData ===>> H2,-0.0832317879729741,H1,27.3735818567724,AX,5.41874513546934,L1,0.128223189796203,L2,6.46054970...
check iteration duration=7.79628753662e-05
GetData ===>> H2,-0.0629206803781489,H1,27.3420399356069,AX,5.33719919461182,L1,0.180659891088921,L2,6.53289818...
testing H1>-5.0
evaluate ot="H1.bs>-5.0" t="H1>-5.0", ctx="{'H1': None}"
check iteration duration=0.002601146698
GetData ===>> H2,-0.187823655758202,H1,27.3840601096392,AX,5.24711104380442,L1,0.179104956042607,L2,6.527677585...
check iteration duration=6.19888305664e-05
GetData ===>> H2,-0.210571700968141,H1,27.3733107634231,AX,5.33381480608203,L1,0.128063839929893,L2,6.439853539...
check iteration duration=4.6968460083e-05
GetData ===>> H2,-0.174132125803044,H1,27.2533229449319,AX,5.27296302898338,L1,0.136077896775795,L2,6.496701413...
check iteration duration=4.91142272949e-05
GetData ===>> H2,-0.257186901735439,H1,27.3139965864557,AX,5.27663119440019,L1,0.127851377338994,L2,6.426184188...
check iteration duration=8.39233398438e-05
GetData ===>> H2,-0.198727402212344,H1,27.3139423506989,AX,5.3500704505077,L1,0.105535428046572,L2,6.4241575140...
testing H1>-5.0
evaluate ot="H1.bs>-5.0" t="H1>-5.0", ctx="{'H1': None}"
check iteration duration=0.00108695030212
11:15:03 -- collecting point 75
GetData ===>> H2,-0.363928800457257,H1,27.3893877155698,AX,5.26998572094196,L1,0.0996263637891912,L2,6.43656565...
check iteration duration=8.60691070557e-05
GetData ===>> H2,-0.315087743064677,H1,27.4361267970403,AX,5.23226933966367,L1,0.0944557126813091,L2,6.41629865...
check iteration duration=7.20024108887e-05
GetData ===>> H2,-0.227374713799882,H1,27.4111345260559,AX,5.17229236752224,L1,0.127539934545967,L2,6.460478982...
check iteration duration=8.29696655273e-05
GetData ===>> H2,-0.139637510029722,H1,27.4048161341124,AX,5.17703203767641,L1,0.121723742591767,L2,6.414825923...
check iteration duration=9.10758972168e-05
GetData ===>> H2,-0.125677875497086,H1,27.3983082859831,AX,5.31451168098561,L1,0.108197915979133,L2,6.480115653...
testing H1>-5.0
evaluate ot="H1.bs>-5.0" t="H1>-5.0", ctx="{'H1': None}"
check iteration duration=0.000550031661987
GetData ===>> H2,-0.110803620733869,H1,27.4164498398768,AX,5.32911975249816,L1,0.117814264884831,L2,6.578186364...
check iteration duration=4.00543212891e-05
GetData ===>> H2,-0.262697691898669,H1,27.4405210136724,AX,5.19943538037887,L1,0.126911042425241,L2,6.401831501...
check iteration duration=5.29289245605e-05
GetData ===>> H2,-0.238437438283175,H1,27.416395600727,AX,5.35223965858574,L1,0.130113849871408,L2,6.3524258851...
check iteration duration=3.88622283936e-05
GetData ===>> H2,-0.19514365638401,H1,27.4002470434843,AX,5.28991155517434,L1,0.154156281933961,L2,6.4446029028...
check iteration duration=8.79764556885e-05
GetData ===>> H2,-0.196927029106919,H1,27.4853137251911,AX,5.36064280432081,L1,0.127003985635984,L2,6.387295795...
testing H1>-5.0
evaluate ot="H1.bs>-5.0" t="H1>-5.0", ctx="{'H1': None}"
check iteration duration=0.000679016113281
GetData ===>> H2,-0.18634155454163,H1,27.456132704554,AX,5.44239063552978,L1,0.121327655167938,L2,6.40464701124...
check iteration duration=9.70363616943e-05
GetData ===>> H2,-0.232391471240139,H1,27.5910298465818,AX,5.28252674221754,L1,0.0797136384531343,L2,6.41061992...
check iteration duration=4.00543212891e-05
GetData ===>> H2,-0.249583522841952,H1,27.3387172242565,AX,5.22824195299492,L1,0.122538910255999,L2,6.547453681...
check iteration duration=5.3882598877e-05
GetData ===>> H2,-0.184041823221648,H1,27.4558207210412,AX,5.38927839788563,L1,0.0988870206802106,L2,6.48229473...
check iteration duration=8.20159912109e-05
GetData ===>> H2,-0.144605186859133,H1,27.5074181376992,AX,5.26424572129427,L1,0.124780824597703,L2,6.419020317...
testing H1>-5.0
evaluate ot="H1.bs>-5.0" t="H1>-5.0", ctx="{'H1': None}"
check iteration duration=0.000717878341675
GetData ===>> H2,-0.0736795707246015,H1,27.5212745954532,AX,5.26020886499766,L1,0.0993803121247616,L2,6.4830485...
check iteration duration=3.50475311279e-05
GetData ===>> H2,-0.148407853938042,H1,27.5617512019734,AX,5.23558638058059,L1,0.0796774899060943,L2,6.41658142...
check iteration duration=7.20024108887e-05
GetData ===>> H2,-0.177073685936927,H1,27.5519842832072,AX,5.28903011334884,L1,0.084922020868167,L2,6.328774107...
check iteration duration=3.38554382324e-05
GetData ===>> H2,-0.154726645626185,H1,27.4996967102972,AX,5.26728240204324,L1,0.104217707357003,L2,6.424569915...
check iteration duration=8.10623168945e-05
GetData ===>> H2,-0.19414906135145,H1,27.4910938385508,AX,5.23203102824335,L1,0.114298472664501,L2,6.4907877054...
testing H1>-5.0
evaluate ot="H1.bs>-5.0" t="H1>-5.0", ctx="{'H1': None}"
check iteration duration=0.00119805335999
GetData ===>> H2,-0.119010276539585,H1,27.5952499567374,AX,5.33569765598851,L1,0.0989666210955885,L2,6.46920920...
check iteration duration=6.38961791992e-05
GetData ===>> H2,-0.0769354620546231,H1,27.6261524404804,AX,5.2856235328571,L1,0.0979017158680751,L2,6.43866328...
check iteration duration=4.29153442383e-05
GetData ===>> H2,-0.127390802476934,H1,27.5194830681911,AX,5.27102181408154,L1,0.119054074829228,L2,6.322747282...
check iteration duration=6.69956207275e-05
GetData ===>> H2,-0.190942312233712,H1,27.5810568957647,AX,5.20642777614079,L1,0.135375990988717,L2,6.446641781...
check iteration duration=4.00543212891e-05
GetData ===>> H2,-0.119535170747516,H1,27.5612221390817,AX,5.16805305403329,L1,0.124493611356604,L2,6.413011549...
testing H1>-5.0
evaluate ot="H1.bs>-5.0" t="H1>-5.0", ctx="{'H1': None}"
check iteration duration=0.000580072402954
11:15:29 -- collecting point 100
GetData ===>> H2,-0.102678866962297,H1,27.5541953317418,AX,5.24390829229956,L1,0.105130328219639,L2,6.361209917...
check iteration duration=7.00950622559e-05
GetData ===>> H2,-0.0896153657499383,H1,27.565346181586,AX,5.30181178040984,L1,0.0979005099234131,L2,6.51713116...
check iteration duration=4.2200088501e-05
GetData ===>> H2,-0.209632750415444,H1,27.6074498040225,AX,5.3154290908651,L1,0.121295051100315,L2,6.4340202659...
check iteration duration=4.00543212891e-05
GetData ===>> H2,-0.218981102509838,H1,27.6037313583989,AX,5.25508860332012,L1,0.120016329877639,L2,6.467148185...
check iteration duration=7.91549682617e-05
GetData ===>> H2,-0.183456362466012,H1,27.5753991609002,AX,5.35458770057353,L1,0.123079976267275,L2,6.347304188...
testing H1>-5.0
evaluate ot="H1.bs>-5.0" t="H1>-5.0", ctx="{'H1': None}"
check iteration duration=0.000550031661987
GetData ===>> H2,-0.275923274565198,H1,27.68731711134,AX,5.35855685120754,L1,0.16320597045288,L2,6.521962347332...
check iteration duration=6.38961791992e-05
GetData ===>> H2,-0.273235333160261,H1,27.7353495495073,AX,5.34569642125754,L1,0.159180206648963,L2,6.319592763...
check iteration duration=4.10079956055e-05
GetData ===>> H2,-0.261881420417945,H1,27.6861220152595,AX,5.28458728838817,L1,0.128696425380637,L2,6.389569067...
check iteration duration=4.50611114502e-05
GetData ===>> H2,-0.0931854162172555,H1,27.5958063173306,AX,5.24756348537432,L1,0.153754862283955,L2,6.35400365...
check iteration duration=8.39233398438e-05
GetData ===>> H2,-0.155375185195518,H1,27.6081826506912,AX,5.3894930169621,L1,0.13295050142823,L2,6.38385654109...
testing H1>-5.0
evaluate ot="H1.bs>-5.0" t="H1>-5.0", ctx="{'H1': None}"
check iteration duration=0.00149202346802
GetData ===>> H2,-0.161728909953061,H1,27.6522706932644,AX,5.32550923939531,L1,0.141795224832545,L2,6.434279515...
check iteration duration=4.91142272949e-05
GetData ===>> H2,-0.235215866239505,H1,27.6474511264537,AX,5.24314631448742,L1,0.132347842796508,L2,6.403233356...
check iteration duration=8.98838043213e-05
GetData ===>> H2,-0.264378460326798,H1,27.605536282172,AX,5.30822109710835,L1,0.139440711588701,L2,6.3996521876...
check iteration duration=6.89029693604e-05
GetData ===>> H2,-0.0937909264587208,H1,27.7779696748556,AX,5.28692183131444,L1,0.1620972557564,L2,6.3489172002...
check iteration duration=4.29153442383e-05
GetData ===>> H2,-0.105373393648811,H1,27.7754302148695,AX,5.27040253873015,L1,0.135257602031157,L2,6.408334389...
testing H1>-5.0
evaluate ot="H1.bs>-5.0" t="H1>-5.0", ctx="{'H1': None}"
check iteration duration=0.00106692314148
GetData ===>> H2,-0.168778130842571,H1,27.7117242582827,AX,5.31390405050396,L1,0.145548587042267,L2,6.382655185...
check iteration duration=0.000102043151855
GetData ===>> H2,-0.182443201012316,H1,27.688973969823,AX,5.30433733571241,L1,0.147352431472362,L2,6.3333533282...
check iteration duration=4.98294830322e-05
GetData ===>> H2,-0.186170271009607,H1,27.6621955702374,AX,5.29123373248249,L1,0.107414049249235,L2,6.435351871...
check iteration duration=3.88622283936e-05
GetData ===>> H2,-0.08565210715137,H1,27.631771974714,AX,5.22197480417801,L1,0.136064607230392,L2,6.33762667375...
check iteration duration=4.10079956055e-05
GetData ===>> H2,-0.0780033866163818,H1,27.6802961013639,AX,5.18821521572486,L1,0.128912527550456,L2,6.42098797...
testing H1>-5.0
evaluate ot="H1.bs>-5.0" t="H1>-5.0", ctx="{'H1': None}"
check iteration duration=0.000634908676147
GetData ===>> H2,-0.142675673120472,H1,27.7200241509398,AX,5.31956349696158,L1,0.0961375725177946,L2,6.43584680...
check iteration duration=1.47819519043e-05
waiting for write to finish
measurement finished
estimated time: 125.829 actual time: :126.161
flush and close file /Users/jan/PychronDev/data/isotopes/47/e95f65-9756-439b-be4e-be932cb9b91f.h5
baselines () {'settling_time': 15.0, 'detector': 'H1', 'mass': 34.2, 'ncounts': 60}
%%%%%%%%%%%%%%%%%%%%%%%%%%%%%%%% Baseline
build tables- baseline [Detector(H2), Detector(H1), Detector(AX), Detector(L1), Detector(L2), Detector(CDD)]
add group baseline table H2
add group baseline table H1
add group baseline table AX
add group baseline table L1
add group baseline table L2
add group baseline table CDD
flush and close file /Users/jan/PychronDev/data/isotopes/47/e95f65-9756-439b-be4e-be932cb9b91f.h5
detector Detector(H1)
POSITION 34.2 H1
Mapping mass to dac mass func: "parabolic"
H1 map mass coeffs = [-0.00063987  0.15840543  0.57286999]
H1 map mass to dac 34.2 >> 5.24191599104
GetDeflection H1 ===>> 0
GetHighVoltage ===>> 4499.94659342336
positioning 34.2 (5.24188512189) on H1
setting magnet DAC
current  : 5.881225
requested: 5.241885
Delta Dac: 0.639340
Checking detector protection. dv=0.63934
Checking detector "CDD". Protection Threshold: 0.1 (V)
ProtectDetector CDD,On ===>> OK
GetDeflection CDD ===>> 2000
Protected = 2000
SetMagnetDAC 5.24188512189 ===>> OK
Magnet settling time: 0.500
GetMagnetMoving ===>> True
GetMagnetMoving ===>> True
GetMagnetMoving ===>> True
GetMagnetMoving ===>> True
GetMagnetMoving ===>> True
GetMagnetMoving ===>> True
GetMagnetMoving ===>> True
GetMagnetMoving ===>> True
GetMagnetMoving ===>> False
ProtectDetector CDD,Off ===>> OK
GetDeflection CDD ===>> 50
Delaying 15.0s for detectors to settle
Join finished
measuring baseline. ncounts=60
"baseline" increment series count="2" fit count="1" regressing="True"
starting measurement
check iteration duration=3.79085540771e-05
GetData ===>> H2,-0.124318976849938,H1,-0.082240227791197,AX,-0.0740655905166459,L1,-0.0691387041484197,L2,-0.0...
check iteration duration=7.9870223999e-05
GetData ===>> H2,-0.23947136646374,H1,-0.100343224509491,AX,-0.110770387971784,L1,-0.0448917815788868,L2,0.0457...
check iteration duration=8.29696655273e-05
GetData ===>> H2,-0.148598291473837,H1,-0.0855416767840509,AX,-0.0187446512466911,L1,-0.0286680337932085,L2,-0....
check iteration duration=8.20159912109e-05
GetData ===>> H2,-0.0372469836708655,H1,-0.0269694792128792,AX,-0.0821796207332056,L1,-0.0305629651241247,L2,0....
testing H1>-5.0
evaluate ot="H1.bs>-5.0" t="H1>-5.0", ctx="{'H1': None}"
check iteration duration=0.000675916671753
GetData ===>> H2,-0.103599219158699,H1,-0.0908809738452863,AX,-0.139799985039324,L1,-0.0494375790040713,L2,0.07...
check iteration duration=3.38554382324e-05
GetData ===>> H2,-0.135707504149346,H1,-0.0309524734341203,AX,-0.136240209684835,L1,-0.0920770650230222,L2,0.01...
check iteration duration=7.10487365723e-05
GetData ===>> H2,-0.179799920317932,H1,-0.0711313034786219,AX,-0.0235579290320289,L1,-0.071887863333703,L2,-0.0...
check iteration duration=6.00814819336e-05
GetData ===>> H2,-0.224221106415727,H1,-0.0318468365716694,AX,-0.0928427457698889,L1,-0.0228768179583358,L2,-0....
check iteration duration=3.79085540771e-05
GetData ===>> H2,-0.135702095566448,H1,-0.0856489422526917,AX,-0.0185706728934958,L1,-0.00983290587650777,L2,0....
testing H1>-5.0
evaluate ot="H1.bs>-5.0" t="H1>-5.0", ctx="{'H1': None}"
check iteration duration=0.000861167907715
GetData ===>> H2,-0.23287324268487,H1,-0.0160452444334823,AX,-0.0618237159358895,L1,-0.0445003015756183,L2,-0.0...
check iteration duration=0.000113010406494
GetData ===>> H2,-0.179399124041934,H1,-0.0632994858095202,AX,-0.086989762032605,L1,-0.0424732208035152,L2,-0.0...
check iteration duration=4.79221343994e-05
GetData ===>> H2,-0.200863203672414,H1,-0.123123464205199,AX,-0.107224523033813,L1,-0.0244109221055603,L2,-0.10...
check iteration duration=8.51154327393e-05
GetData ===>> H2,-0.25189264115176,H1,-0.107862334703657,AX,0.000255622316264456,L1,-0.0124715335645061,L2,0.08...
check iteration duration=6.60419464111e-05
GetData ===>> H2,-0.271936133301568,H1,-0.070857140610747,AX,-0.00231972361638202,L1,-0.0439890799536622,L2,-0....
testing H1>-5.0
evaluate ot="H1.bs>-5.0" t="H1>-5.0", ctx="{'H1': None}"
check iteration duration=0.0135140419006
GetData ===>> H2,-0.232273043828394,H1,-0.0533687656409263,AX,-0.115440071741084,L1,-0.0229595217267757,L2,-0.0...
check iteration duration=4.91142272949e-05
GetData ===>> H2,-0.235147249481204,H1,-0.0500304871293043,AX,-0.0307716008638604,L1,-0.0144887000037837,L2,-0....
check iteration duration=8.20159912109e-05
GetData ===>> H2,-0.0668285837134834,H1,-0.0693671118898063,AX,-0.0853786809503466,L1,-0.0327042149750001,L2,-0...
check iteration duration=8.60691070557e-05
GetData ===>> H2,-0.105422108490684,H1,-0.0333254994292485,AX,-0.0609889865829695,L1,-0.00527931691114788,L2,0....
check iteration duration=8.6784362793e-05
GetData ===>> H2,-0.29231656571893,H1,-0.0680797092083239,AX,0.0129129297881082,L1,-0.0102525430883458,L2,0.032...
testing H1>-5.0
evaluate ot="H1.bs>-5.0" t="H1>-5.0", ctx="{'H1': None}"
check iteration duration=0.000555038452148
GetData ===>> H2,-0.191563783529844,H1,-0.020505720129038,AX,-0.0611512956290585,L1,-0.0130265043991416,L2,-0.0...
check iteration duration=7.00950622559e-05
GetData ===>> H2,-0.180543447554243,H1,-0.115357050152087,AX,-0.0209483501367174,L1,-0.000540054453474898,L2,0....
check iteration duration=3.71932983398e-05
GetData ===>> H2,-0.172670735973916,H1,0.00603345907583837,AX,-0.168366232685914,L1,-0.0115593011857208,L2,0.02...
check iteration duration=8.58306884766e-05
GetData ===>> H2,-0.194468473350505,H1,0.0265062351785474,AX,-0.112925654487292,L1,-0.0220089866900445,L2,0.049...
check iteration duration=4.00543212891e-05
GetData ===>> H2,-0.172194520231092,H1,-0.135322274705829,AX,-0.0330214148497018,L1,-0.0374822016292879,L2,0.00...
testing H1>-5.0
evaluate ot="H1.bs>-5.0" t="H1>-5.0", ctx="{'H1': None}"
check iteration duration=0.000607967376709
11:16:34 -- collecting point 25
GetData ===>> H2,-0.137081200707519,H1,0.000915919190336467,AX,-0.163230955281616,L1,-0.0289411559086561,L2,-0....
check iteration duration=4.91142272949e-05
GetData ===>> H2,-0.110618144584032,H1,0.0145632736416214,AX,-0.144495906335837,L1,0.0230605997103971,L2,0.0122...
check iteration duration=7.5101852417e-05
GetData ===>> H2,-0.094221672497765,H1,-0.00142207723181615,AX,-0.00215731642636993,L1,0.00953697439451027,L2,-...
check iteration duration=7.60555267334e-05
GetData ===>> H2,-0.178783732449806,H1,-0.0898083700732631,AX,-0.103493113836478,L1,-0.0851226120965053,L2,-0.0...
check iteration duration=5.91278076172e-05
GetData ===>> H2,-0.20108700800959,H1,-0.0327769657568087,AX,-0.202277757390826,L1,-0.0455861122628232,L2,0.013...
testing H1>-5.0
evaluate ot="H1.bs>-5.0" t="H1>-5.0", ctx="{'H1': None}"
check iteration duration=0.000822067260742
GetData ===>> H2,-0.14851860523455,H1,-0.0751125404687024,AX,-0.109321929346288,L1,-0.00804385611771446,L2,0.04...
check iteration duration=7.91549682617e-05
GetData ===>> H2,-0.244950413274354,H1,-0.109768833850299,AX,0.0140963735539932,L1,-0.0330370976497702,L2,-0.01...
check iteration duration=4.10079956055e-05
GetData ===>> H2,-0.267278205537586,H1,0.0119744279255986,AX,-0.0782617877658858,L1,-0.0184433803817572,L2,-0.0...
check iteration duration=6.19888305664e-05
GetData ===>> H2,-0.267208308533341,H1,0.0461955457737197,AX,-0.0592151629330657,L1,0.0105067182906757,L2,-0.01...
check iteration duration=6.00814819336e-05
GetData ===>> H2,-0.194239360172495,H1,-0.0317752878147946,AX,-0.0711791508950691,L1,-0.00878853275218656,L2,-0...
testing H1>-5.0
evaluate ot="H1.bs>-5.0" t="H1>-5.0", ctx="{'H1': None}"
check iteration duration=0.00224995613098
GetData ===>> H2,-0.203593044539352,H1,-0.040253459427597,AX,-0.0666232707625962,L1,-0.0176123430008819,L2,0.02...
check iteration duration=5.19752502441e-05
GetData ===>> H2,-0.253776434938061,H1,-0.105598319778699,AX,-0.112357873855019,L1,-0.0356466272261964,L2,-0.03...
check iteration duration=3.81469726562e-05
GetData ===>> H2,-0.196657285613682,H1,-0.00704020249993036,AX,-0.146953927830872,L1,-0.0326922405727004,L2,-0....
check iteration duration=7.70092010498e-05
GetData ===>> H2,-0.196906798567991,H1,-0.0734556976116128,AX,-0.0652437128212556,L1,-0.0454089427858182,L2,-0....
check iteration duration=8.51154327393e-05
GetData ===>> H2,-0.14140401437698,H1,-0.0454282491729295,AX,-0.0883458311869737,L1,-0.0307114781525299,L2,-0.0...
testing H1>-5.0
evaluate ot="H1.bs>-5.0" t="H1>-5.0", ctx="{'H1': None}"
check iteration duration=0.000672101974487
GetData ===>> H2,-0.144805145699936,H1,-0.0658028731765679,AX,-0.0629946436554337,L1,-0.0208725419294104,L2,0.1...
check iteration duration=8.10623168945e-05
GetData ===>> H2,-0.17258844516604,H1,-0.0621192957576565,AX,-0.155602886988919,L1,-0.0367585556620339,L2,0.000...
check iteration duration=7.91549682617e-05
GetData ===>> H2,-0.296062773836978,H1,-0.00186342757204621,AX,0.0352847718819159,L1,-0.0289435516838621,L2,0.0...
check iteration duration=8.60691070557e-05
GetData ===>> H2,-0.221829056398213,H1,-0.00694478049931819,AX,-0.114640563624306,L1,-0.018906237240246,L2,0.03...
check iteration duration=7.79628753662e-05
GetData ===>> H2,-0.211382611296196,H1,-0.0856131871092679,AX,-0.131208736777096,L1,-0.0403175770762421,L2,-0.0...
testing H1>-5.0
evaluate ot="H1.bs>-5.0" t="H1>-5.0", ctx="{'H1': None}"
check iteration duration=0.000656843185425
GetData ===>> H2,-0.289150579018067,H1,-0.109578185570513,AX,-0.172736221347126,L1,-0.016863990867678,L2,-0.009...
check iteration duration=3.79085540771e-05
GetData ===>> H2,-0.279759969661645,H1,-0.0372009234176794,AX,-0.0636554580299965,L1,-0.0394887287579187,L2,-0....
check iteration duration=3.69548797607e-05
GetData ===>> H2,-0.395065626221762,H1,-0.0729073838618309,AX,-0.0291827833661788,L1,-0.0679539429296779,L2,0.0...
check iteration duration=5.48362731934e-05
GetData ===>> H2,-0.381168476283113,H1,-0.0585071124389323,AX,-0.072964348554204,L1,-0.0187959209580559,L2,-0.0...
check iteration duration=3.50475311279e-05
GetData ===>> H2,-0.166694329133531,H1,-0.0420897057714196,AX,-0.170997522588972,L1,0.00157593652761226,L2,-0.0...
testing H1>-5.0
evaluate ot="H1.bs>-5.0" t="H1>-5.0", ctx="{'H1': None}"
check iteration duration=0.000808000564575
11:17:01 -- collecting point 50
GetData ===>> H2,-0.134165953667192,H1,0.0134656903241438,AX,-0.129575217128847,L1,0.0214600200332974,L2,0.0532...
check iteration duration=7.58171081543e-05
GetData ===>> H2,-0.158902320467993,H1,-0.0417677689130034,AX,-0.065603095345351,L1,-0.0215450737985214,L2,-0.0...
check iteration duration=4.31537628174e-05
GetData ===>> H2,-0.201858155306558,H1,-0.0816562056191959,AX,-0.0561543715832027,L1,-0.0251515230146221,L2,0.0...
check iteration duration=6.38961791992e-05
GetData ===>> H2,-0.223686440973875,H1,-0.0487666812054364,AX,-0.0575572462357975,L1,-0.0534514426622856,L2,0.0...
check iteration duration=3.2901763916e-05
GetData ===>> H2,-0.136575548288068,H1,-0.066077049892521,AX,-0.0159493613977819,L1,-0.0620352159936048,L2,0.01...
testing H1>-5.0
evaluate ot="H1.bs>-5.0" t="H1>-5.0", ctx="{'H1': None}"
check iteration duration=0.00181102752686
GetData ===>> H2,-0.174832823717992,H1,-0.0797134134552955,AX,-0.00666981537138111,L1,-0.0284931359109241,L2,-0...
check iteration duration=3.2901763916e-05
GetData ===>> H2,-0.168007546763434,H1,-0.0406230961402575,AX,0.159143610608295,L1,-0.037820044986631,L2,-0.032...
check iteration duration=7.91549682617e-05
GetData ===>> H2,-0.264058461318054,H1,0.0198366134626095,AX,-0.195846370772884,L1,-0.0417798725163087,L2,0.039...
check iteration duration=5.50746917725e-05
GetData ===>> H2,-0.332073192923456,H1,-0.0671737492442979,AX,-0.114397233762851,L1,-0.0453047944055222,L2,0.05...
check iteration duration=5.88893890381e-05
GetData ===>> H2,-0.174071369606223,H1,-0.015377348609502,AX,-0.0688722560621805,L1,-0.0329915963517353,L2,0.04...
testing H1>-5.0
evaluate ot="H1.bs>-5.0" t="H1>-5.0", ctx="{'H1': None}"
check iteration duration=0.000584840774536
GetData ===>> H2,-0.166996666104767,H1,-0.0356030744774525,AX,-0.0369642623712351,L1,-0.0228049010852132,L2,0.0...
check iteration duration=6.103515625e-05
waiting for write to finish
measurement finished
estimated time: 62.915 actual time: :63.109
flush and close file /Users/jan/PychronDev/data/isotopes/47/e95f65-9756-439b-be4e-be932cb9b91f.h5
activate_detectors ('H1', 'AX', 'CDD') {'peak_center': True}
peak_center () {'detector': 'H1', 'integration_time': 0.262144, 'isotope': 'Ar40'}
peak center: mean=27.6901373324 threshold=3
peak center started
setup peak center. detector=['H1', 'AX', 'CDD'], isotope=Ar40
VersionedUnpickler [<apptools.sweet_pickle.versioned_unpickler.VersionedUnpickler object at 0x1db4bd770>] using Updater [<apptools.sweet_pickle.updater.Updater object at 0x12e273d10>]
VersionedUnpickler [<apptools.sweet_pickle.versioned_unpickler.VersionedUnpickler object at 0x1db4bd770>] using Updater [<apptools.sweet_pickle.updater.Updater object at 0x12e273d10>]
VersionedUnpickler [<apptools.sweet_pickle.versioned_unpickler.VersionedUnpickler object at 0x1b155c7d0>] using Updater [<apptools.sweet_pickle.updater.Updater object at 0x12e273d10>]
setting integration time = 0.524288
SetIntegrationTime 0.524288 ===>> OK
Mapping mass to dac mass func: "parabolic"
H1 map mass coeffs = [-0.00063987  0.15840543  0.57286999]
H1 map mass to dac 39.9624 >> 5.88126
GetDeflection H1 ===>> 0
GetHighVoltage ===>> 4499.94659342336
do peak center. <pychron.spectrometer.jobs.peak_center.PeakCenter object at 0x16275af50>
doing pc
starting peak center. center dac= 5.88122536581 step_width=0.001
width = 0.001
get scan parameters. half-width=0.015,window=0.015, i=0, scalar=1
Scan parameters center=5.88123 width=0.03000 (5.86623 - 5.89623)
GetData ===>> H2,-0.149913708800577,H1,-0.0544298379874906,AX,-0.140982682872604,L1,-0.0141447435909664,L2,0.04...
Moving to starting dac 5.86622536581
setting magnet DAC
current  : 5.241885
requested: 5.866225
Delta Dac: 0.624340
Checking detector protection. dv=0.62434
Checking detector "CDD". Protection Threshold: 0.1 (V)
ProtectDetector CDD,On ===>> OK
GetDeflection CDD ===>> 2000
Protected = 2000
SetMagnetDAC 5.86622536581 ===>> OK
Magnet settling time: 0.500
GetMagnetMoving ===>> True
GetMagnetMoving ===>> True
GetMagnetMoving ===>> True
GetMagnetMoving ===>> True
GetMagnetMoving ===>> True
GetMagnetMoving ===>> True
GetMagnetMoving ===>> True
GetMagnetMoving ===>> True
GetMagnetMoving ===>> False
ProtectDetector CDD,Off ===>> OK
GetDeflection CDD ===>> 50
Wait until signal near baseline. tol= -0.0408223784906. timeout= 10
GetData ===>> H2,0.0703015984820522,H1,0.172031054807786,AX,0.19317854480176,L1,0.00273553932687992,L2,-0.13256...
GetData ===>> H2,1.75516787024627,H1,1.05858082683257,AX,0.169699416241902,L1,0.111212147371728,L2,0.0728576193...
GetData ===>> H2,1.72201119686204,H1,0.964673930708426,AX,0.0888418208342752,L1,0.153805643410488,L2,0.02730941...
GetData ===>> H2,0.797862054193,H1,0.356582645469072,AX,-0.144495994507606,L1,0.144806844570418,L2,0.1415741231...
GetData ===>> H2,0.239494820612442,H1,0.206432627386444,AX,-0.120584575495923,L1,0.0969534316951577,L2,-0.02249...
GetData ===>> H2,-0.0704525808697319,H1,0.0812647657160383,AX,0.0216846783931736,L1,0.0608303855638403,L2,-0.04...
GetData ===>> H2,-0.088633795413148,H1,-0.0238926865420595,AX,-0.0981043355569139,L1,0.00272593544276962,L2,-0....
GetData ===>> H2,-0.154115903608824,H1,0.0892961839843888,AX,-0.155244949827578,L1,-0.0182702467885378,L2,0.151...
GetData ===>> H2,-0.23965848657837,H1,0.0663065051979885,AX,-0.110619749279533,L1,-0.000394841828833769,L2,-0.0...
GetData ===>> H2,-0.231358157922549,H1,0.11379956433657,AX,0.0425961875219503,L1,0.0248635467281002,L2,0.023140...
GetData ===>> H2,-0.181394216411556,H1,0.0663065051979885,AX,-0.0889253421553019,L1,0.0353445143980276,L2,-0.01...
GetData ===>> H2,-0.245830366056144,H1,0.100593690388506,AX,-0.0819941647415056,L1,0.0238957720457977,L2,0.0954...
GetData ===>> H2,-0.286432330334201,H1,0.0767131202664253,AX,-0.0321168567152232,L1,0.00966844596868297,L2,-0.0...
GetData ===>> H2,-0.314306208021232,H1,-0.0179534936592727,AX,-0.00291134751702048,L1,-0.00625688716714021,L2,-...
GetData ===>> H2,-0.223255381010548,H1,-0.0710597828028846,AX,-0.0191274025290642,L1,0.0148492921917411,L2,-0.0...
Peak center baseline intensity achieved
_do_sweep sm= 5.86622536581, em= 5.89622536581, stm= 0.001
calculated step values: start=5.86622536581, end=5.89622536581, width=0.001, nsteps=31.0
setting magnet DAC
current  : 5.866225
requested: 5.866225
Delta Dac: 0.000000
Checking detector protection. dv=0.00000
Checking detector "CDD". Protection Threshold: 0.1 (V)
SetMagnetDAC 5.86622536581 ===>> OK
GetData ===>> H2,-0.223255381010548,H1,-0.0710597828028846,AX,-0.0191274025290642,L1,0.0148492921917411,L2,-0.0...
setting magnet DAC
current  : 5.866225
requested: 5.867260
Delta Dac: 0.001034
Checking detector protection. dv=0.00103
Checking detector "CDD". Protection Threshold: 0.1 (V)
SetMagnetDAC 5.86725984857 ===>> OK
Magnet settling time: 1.049
GetData ===>> H2,-0.260521091660109,H1,0.00852671431228487,AX,0.0183893785556523,L1,0.0152355638088943,L2,-0.10...
setting magnet DAC
current  : 5.867260
requested: 5.868294
Delta Dac: 0.001034
Checking detector protection. dv=0.00103
Checking detector "CDD". Protection Threshold: 0.1 (V)
SetMagnetDAC 5.86829433133 ===>> OK
Magnet settling time: 1.049
GetData ===>> H2,-0.212154403821294,H1,0.22101272385282,AX,-0.149592630032587,L1,-0.00625688716714021,L2,-0.036...
setting magnet DAC
current  : 5.868294
requested: 5.869329
Delta Dac: 0.001034
Checking detector protection. dv=0.00103
Checking detector "CDD". Protection Threshold: 0.1 (V)
SetMagnetDAC 5.86932881409 ===>> OK
Magnet settling time: 1.049
GetData ===>> H2,-0.20452575766567,H1,0.7254676604598,AX,0.0197121263569868,L1,-0.0393988928257134,L2,0.0757749...
setting magnet DAC
current  : 5.869329
requested: 5.870363
Delta Dac: 0.001034
Checking detector protection. dv=0.00103
Checking detector "CDD". Protection Threshold: 0.1 (V)
SetMagnetDAC 5.87036329685 ===>> OK
Magnet settling time: 1.049
GetData ===>> H2,-0.162574183906072,H1,2.39182828057685,AX,0.248673949828836,L1,-0.0685545487745571,L2,0.099184...
setting magnet DAC
current  : 5.870363
requested: 5.871398
Delta Dac: 0.001034
Checking detector protection. dv=0.00103
Checking detector "CDD". Protection Threshold: 0.1 (V)
SetMagnetDAC 5.8713977796 ===>> OK
Magnet settling time: 1.049
GetData ===>> H2,-0.186229757216099,H1,6.46238344260641,AX,0.67139768041495,L1,-0.00502621270034851,L2,0.126887...
setting magnet DAC
current  : 5.871398
requested: 5.872432
Delta Dac: 0.001034
Checking detector protection. dv=0.00103
Checking detector "CDD". Protection Threshold: 0.1 (V)
SetMagnetDAC 5.87243226236 ===>> OK
Magnet settling time: 1.049
GetData ===>> H2,-0.254825091810827,H1,12.7618374720688,AX,1.72138020427002,L1,-0.0141842931843476,L2,0.6238600...
setting magnet DAC
current  : 5.872432
requested: 5.873467
Delta Dac: 0.001034
Checking detector protection. dv=0.00103
Checking detector "CDD". Protection Threshold: 0.1 (V)
SetMagnetDAC 5.87346674512 ===>> OK
Magnet settling time: 1.049
GetData ===>> H2,-0.06477013985527,H1,19.6579710838662,AX,2.99461779640208,L1,-0.00776323903699555,L2,1.5111967...
setting magnet DAC
current  : 5.873467
requested: 5.874501
Delta Dac: 0.001034
Checking detector protection. dv=0.00103
Checking detector "CDD". Protection Threshold: 0.1 (V)
SetMagnetDAC 5.87450122788 ===>> OK
Magnet settling time: 1.049
GetData ===>> H2,-0.108967484714691,H1,24.6054206683341,AX,4.14673102908988,L1,0.038749207113908,L2,2.837778836...
setting magnet DAC
current  : 5.874501
requested: 5.875536
Delta Dac: 0.001034
Checking detector protection. dv=0.00103
Checking detector "CDD". Protection Threshold: 0.1 (V)
SetMagnetDAC 5.87553571064 ===>> OK
Magnet settling time: 1.049
GetData ===>> H2,-0.212356435049143,H1,27.5786109980312,AX,4.89807250581455,L1,0.0887650823127959,L2,5.13317668...
setting magnet DAC
current  : 5.875536
requested: 5.876570
Delta Dac: 0.001034
Checking detector protection. dv=0.00103
Checking detector "CDD". Protection Threshold: 0.1 (V)
SetMagnetDAC 5.8765701934 ===>> OK
Magnet settling time: 1.049
GetData ===>> H2,-0.150764580011265,H1,27.9792030512779,AX,5.02976673805256,L1,0.0929764378039945,L2,5.82236067...
setting magnet DAC
current  : 5.876570
requested: 5.877605
Delta Dac: 0.001034
Checking detector protection. dv=0.00103
Checking detector "CDD". Protection Threshold: 0.1 (V)
SetMagnetDAC 5.87760467616 ===>> OK
Magnet settling time: 1.049
GetData ===>> H2,-0.200344122353023,H1,28.1358772151457,AX,5.12789567237668,L1,0.0811765581057331,L2,6.05268815...
setting magnet DAC
current  : 5.877605
requested: 5.878639
Delta Dac: 0.001034
Checking detector protection. dv=0.00103
Checking detector "CDD". Protection Threshold: 0.1 (V)
SetMagnetDAC 5.87863915891 ===>> OK
Magnet settling time: 1.049
GetData ===>> H2,-0.114045579514579,H1,27.9677680649878,AX,5.17206610748366,L1,0.0587932100959984,L2,6.07788200...
setting magnet DAC
current  : 5.878639
requested: 5.879674
Delta Dac: 0.001034
Checking detector protection. dv=0.00103
Checking detector "CDD". Protection Threshold: 0.1 (V)
SetMagnetDAC 5.87967364167 ===>> OK
Magnet settling time: 1.049
GetData ===>> H2,-0.155729164056886,H1,27.9989249840083,AX,5.05312429214916,L1,0.0666531517747177,L2,6.14267727...
setting magnet DAC
current  : 5.879674
requested: 5.880708
Delta Dac: 0.001034
Checking detector protection. dv=0.00103
Checking detector "CDD". Protection Threshold: 0.1 (V)
SetMagnetDAC 5.88070812443 ===>> OK
Magnet settling time: 1.049
GetData ===>> H2,-0.0910110028293015,H1,28.0796139444926,AX,5.26870908281716,L1,0.125294599080092,L2,6.10774090...
setting magnet DAC
current  : 5.880708
requested: 5.881743
Delta Dac: 0.001034
Checking detector protection. dv=0.00103
Checking detector "CDD". Protection Threshold: 0.1 (V)
SetMagnetDAC 5.88174260719 ===>> OK
Magnet settling time: 1.049
GetData ===>> H2,-0.26030341161962,H1,28.0606663453774,AX,5.03618833159306,L1,0.107200606822151,L2,6.1360978575...
setting magnet DAC
current  : 5.881743
requested: 5.882777
Delta Dac: 0.001034
Checking detector protection. dv=0.00103
Checking detector "CDD". Protection Threshold: 0.1 (V)
SetMagnetDAC 5.88277708995 ===>> OK
Magnet settling time: 1.049
GetData ===>> H2,-0.273716478695657,H1,28.157639419618,AX,5.1311333806328,L1,0.129223474634708,L2,6.08054055009...
setting magnet DAC
current  : 5.882777
requested: 5.883812
Delta Dac: 0.001034
Checking detector protection. dv=0.00103
Checking detector "CDD". Protection Threshold: 0.1 (V)
SetMagnetDAC 5.88381157271 ===>> OK
Magnet settling time: 1.049
GetData ===>> H2,-0.125162730082446,H1,28.0843717267043,AX,5.11480306940965,L1,0.156127337721302,L2,5.963585075...
setting magnet DAC
current  : 5.883812
requested: 5.884846
Delta Dac: 0.001034
Checking detector protection. dv=0.00103
Checking detector "CDD". Protection Threshold: 0.1 (V)
SetMagnetDAC 5.88484605547 ===>> OK
Magnet settling time: 1.049
GetData ===>> H2,-0.132323993467336,H1,28.0200089463958,AX,4.98863076988458,L1,0.117699587114439,L2,6.029029198...
setting magnet DAC
current  : 5.884846
requested: 5.885881
Delta Dac: 0.001034
Checking detector protection. dv=0.00103
Checking detector "CDD". Protection Threshold: 0.1 (V)
SetMagnetDAC 5.88588053823 ===>> OK
Magnet settling time: 1.049
GetData ===>> H2,-0.23732929401004,H1,27.9057082094572,AX,5.14118046686192,L1,0.112032501715036,L2,5.8325453533...
setting magnet DAC
current  : 5.885881
requested: 5.886915
Delta Dac: 0.001034
Checking detector protection. dv=0.00103
Checking detector "CDD". Protection Threshold: 0.1 (V)
SetMagnetDAC 5.88691502098 ===>> OK
Magnet settling time: 1.049
GetData ===>> H2,-0.213587400655284,H1,26.9604150108346,AX,4.89386856839137,L1,0.146582768056114,L2,5.092746354...
setting magnet DAC
current  : 5.886915
requested: 5.887950
Delta Dac: 0.001034
Checking detector protection. dv=0.00103
Checking detector "CDD". Protection Threshold: 0.1 (V)
SetMagnetDAC 5.88794950374 ===>> OK
Magnet settling time: 1.049
GetData ===>> H2,-0.0716160297816054,H1,24.5515768918238,AX,3.90411422635207,L1,0.115189072879919,L2,3.86900344...
setting magnet DAC
current  : 5.887950
requested: 5.888984
Delta Dac: 0.001034
Checking detector protection. dv=0.00103
Checking detector "CDD". Protection Threshold: 0.1 (V)
SetMagnetDAC 5.8889839865 ===>> OK
Magnet settling time: 1.049
GetData ===>> H2,-0.168632385158667,H1,18.9057603261628,AX,2.5684352622935,L1,0.0884208351753901,L2,2.386888120...
setting magnet DAC
current  : 5.888984
requested: 5.890018
Delta Dac: 0.001034
Checking detector protection. dv=0.00103
Checking detector "CDD". Protection Threshold: 0.1 (V)
SetMagnetDAC 5.89001846926 ===>> OK
Magnet settling time: 1.049
GetData ===>> H2,-0.117317733293055,H1,11.3348173088365,AX,1.27286013602628,L1,0.0781834630316258,L2,1.00437472...
setting magnet DAC
current  : 5.890018
requested: 5.891053
Delta Dac: 0.001034
Checking detector protection. dv=0.00103
Checking detector "CDD". Protection Threshold: 0.1 (V)
SetMagnetDAC 5.89105295202 ===>> OK
Magnet settling time: 1.049
GetData ===>> H2,-0.142016532746595,H1,5.27388725668774,AX,0.489522818355917,L1,0.0648506229237183,L2,0.3529237...
setting magnet DAC
current  : 5.891053
requested: 5.892087
Delta Dac: 0.001034
Checking detector protection. dv=0.00103
Checking detector "CDD". Protection Threshold: 0.1 (V)
SetMagnetDAC 5.89208743478 ===>> OK
Magnet settling time: 1.049
GetData ===>> H2,-0.232253626228452,H1,1.84607389096543,AX,0.13214921412601,L1,0.00218093002581675,L2,0.0046231...
setting magnet DAC
current  : 5.892087
requested: 5.893122
Delta Dac: 0.001034
Checking detector protection. dv=0.00103
Checking detector "CDD". Protection Threshold: 0.1 (V)
SetMagnetDAC 5.89312191754 ===>> OK
Magnet settling time: 1.049
GetData ===>> H2,-0.140669041507292,H1,0.470671274571699,AX,-0.0384022023043536,L1,-0.0123049164768415,L2,-0.01...
setting magnet DAC
current  : 5.893122
requested: 5.894156
Delta Dac: 0.001034
Checking detector protection. dv=0.00103
Checking detector "CDD". Protection Threshold: 0.1 (V)
SetMagnetDAC 5.89415640029 ===>> OK
Magnet settling time: 1.049
GetData ===>> H2,-0.117634343300014,H1,0.0618184869790596,AX,-0.0652784918332371,L1,-0.0183996281859264,L2,-0.0...
setting magnet DAC
current  : 5.894156
requested: 5.895191
Delta Dac: 0.001034
Checking detector protection. dv=0.00103
Checking detector "CDD". Protection Threshold: 0.1 (V)
SetMagnetDAC 5.89519088305 ===>> OK
Magnet settling time: 1.049
GetData ===>> H2,-0.246793660799733,H1,0.0194548238766192,AX,-0.215569946357492,L1,-0.0316141172970459,L2,-0.03...
setting magnet DAC
current  : 5.895191
requested: 5.896225
Delta Dac: 0.001034
Checking detector protection. dv=0.00103
Checking detector "CDD". Protection Threshold: 0.1 (V)
SetMagnetDAC 5.89622536581 ===>> OK
Magnet settling time: 1.049
GetData ===>> H2,-0.138735287426123,H1,-0.0396572683045936,AX,-0.0754102480124315,L1,-0.0339252872906429,L2,0.0...
result of _do_sweep=True
result of _calculate_peak_center=([5.8737103357512357, 5.8811652455708749, 5.8886201553905142], [20.822951697445276, 28.155890406254926, 20.891413246551842], 5.8827584319436204, 28.155890406254926)
Failed to find a valid peak. No peak greater than 1.0. max = 0.0907618886327
new center pos Detector(H1) (Ar40) @ 5.88116524557
GetHighVoltage ===>> 4499.94659342336
GetDeflection H1 ===>> 0
dac uncorrected for HV and deflection 5.88119987941
update mftable H1 Ar40 5.88119987941 message=automated run peakcenter
get initial guess parabolic
get initial guess parabolic
get initial guess parabolic
get initial guess parabolic
get initial guess parabolic
get initial guess parabolic
dump mftable to /Users/jan/PychronDev/setupfiles/spectrometer/mftables/mftable.csv
add to repo msg=modified - automated run peakcenter
locally archiving mftable
setting magnet DAC
current  : 5.896225
requested: 5.881165
Delta Dac: 0.015060
Checking detector protection. dv=0.01506
Checking detector "CDD". Protection Threshold: 0.1 (V)
SetMagnetDAC 5.88116524557 ===>> OK
Magnet settling time: 0.500
sweep finished
setting integration time = 1.048576
SetIntegrationTime 1.048576 ===>> OK
Failed to find a valid peak. No peak greater than 1.0. max = 0.0907618886327
flush and close file /Users/jan/PychronDev/data/isotopes/47/e95f65-9756-439b-be4e-be932cb9b91f.h5
finished measure script
executed snippet estimated_duration=226.132928, duration=269.175668001
jan_unknown120_60.py completed successfully
Measurement Finished
11:17:55 -- ******* Measurement Finished *******
Post Measurement Started jan_pump_ms.py
11:17:55 -- ******* Post Measurement Started jan_pump_ms.py *******
testing...
no interpolation path defined
executed snippet estimated_duration=0, duration=2.50339508057e-05
Pumping spectrometer
open () {'name': 'O'}
opening name=O desc=---
checking ownership. requestor=129.138.12.150
check software interlocks O
interlocks []
actuate state mode=None-script, software_lock=False
doing actuation None-script open_channel True
Open O ===>> OK
set states for children of O. state=True
handle state [('O', True)]
update switch state O True args=() kw={'refresh': False} ncanvase=6
refresh_canvas_needed fired
GetIndicatorState O ===>> OK
change switch state (True, True)
update switch state O True args=() kw={} ncanvase=6
11:17:55 -- OPEN   VALVE-O (Jan Ion Pump)
---------------------------------------- open O () result=[(True, True)], time=0.10 sec
action=open, ok=True, locked=[False]
executed snippet estimated_duration=0, duration=0.360831975937
jan_pump_ms.py completed successfully
setting _ms_pumptime
Post Measurement Finished
11:17:56 -- ******* Post Measurement Finished *******
$$$$$$$$$$$$$$$$$$$$ state at run end measurement
state changed from measurement to success
post measurement save measured=True aborted=False
Set filtering
setting fod for Ar40= {'filter_outliers': True, 'std_devs': 2, 'iterations': 1}
setting fod for H1= {'filter_outliers': True, 'std_devs': 2, 'iterations': 1}
setting fod for PM41= {'filter_outliers': False, 'std_devs': 2, 'iterations': 1}
setting fod for H2= {'filter_outliers': True, 'std_devs': 2, 'iterations': 1}
setting fod for Ar36= {'filter_outliers': True, 'std_devs': 2, 'iterations': 1}
setting fod for CDD= {'filter_outliers': True, 'std_devs': 10, 'iterations': 1}
setting fod for Ar37= {'filter_outliers': True, 'std_devs': 2, 'iterations': 1}
setting fod for L2= {'filter_outliers': True, 'std_devs': 2, 'iterations': 1}
setting fod for Ar38= {'filter_outliers': True, 'std_devs': 2, 'iterations': 1}
setting fod for L1= {'filter_outliers': True, 'std_devs': 2, 'iterations': 1}
setting fod for Ar39= {'filter_outliers': True, 'std_devs': 2, 'iterations': 1}
setting fod for AX= {'filter_outliers': True, 'std_devs': 2, 'iterations': 1}
persistence save...
persistence save - db
post measurement save
7964284304 connecting to database sqlite:////Users/jan/PychronDev/.appdata/local_lab.db
connected to db sqlite:////Users/jan/PychronDev/.appdata/local_lab.db
create new session 7964284304
close session 7964284304
No database instance. Not saving post measurement to isotopedb database
$$$$$$$$$$$$$$$ auto_save_detector_ic=False
massspec enabled True
create new session 4997822608
MassSpec Database Version: 16.0
close session 4997822608
saving post measurement to secondary database
saving to massspec database 129.138.12.160/massspecdata
setting labnumber to 65450
setting aliquot to 3
setting step to A
setting uuid to 47e95f65-9756-439b-be4e-be932cb9b91f
setting irradpos to 65450
setting extract_device to Fusions CO2
setting tray to 
setting position to 190
setting power_requested to 0.3
setting extract_value to 0.3
setting duration to 30.0
setting duration_at_request to 30.0
setting first_stage_delay to 30.0
setting cleanup to 30.0
setting comment to J:4 Plag, 10 crystals
setting irradiation to NM-288
setting level to J
setting irradiation_level to J
setting sample to MB.46.6
setting material to Plagioclase
setting project to IR973
setting mass_spectrometer to Jan
no attribute chron_dosages
no attribute production_ratios
no attribute interference_corrections
no attribute production_name
no attribute j
Reference Isotope=Ar40
Reference Detector=H1
%%%%%%%%%%%%%%%%%%%% Comment: J:4 Plag, 10 crystals %%%%%%%%%%%%%%%%%%%
adding isotope PM41 H2
add baseline dbdet= PM41. original det= H2
get baseline data PM41 H2
Get data baseline <pychron.processing.isotope.Baseline object at 0x1c3336150> len t=60
baseline PM41. v=-0.19343222729, e=0.00757581057264
get signal data PM41 H2
Get data signal PM41 0.09+/-0.08 len t=120
adding isotope Ar40 H1
add baseline dbdet= Ar40. original det= H1
get baseline data Ar40 H1
Get data baseline <pychron.processing.isotope.Baseline object at 0x1c33360d0> len t=60
baseline Ar40. v=-0.0506087379111, e=0.00501386113826
get signal data Ar40 H1
Get data signal Ar40 26.550+/-0.011 len t=120
adding isotope Ar39 AX
add baseline dbdet= Ar39. original det= AX
get baseline data Ar39 AX
Get data baseline <pychron.processing.isotope.Baseline object at 0x1c3336250> len t=60
baseline Ar39. v=-0.0799373254157, e=0.00728098287571
get signal data Ar39 AX
Get data signal Ar39 5.406+/-0.014 len t=120
adding isotope Ar38 L1
add baseline dbdet= Ar38. original det= L1
get baseline data Ar38 L1
Get data baseline <pychron.processing.isotope.Baseline object at 0x1c3336190> len t=60
baseline Ar38. v=-0.0287323899877, e=0.00244265493917
get signal data Ar38 L1
Get data signal Ar38 0.161+/-0.004 len t=120
adding isotope Ar37 L2
add baseline dbdet= Ar37. original det= L2
get baseline data Ar37 L2
Get data baseline <pychron.processing.isotope.Baseline object at 0x1ac719610> len t=60
baseline Ar37. v=-0.00955719088835, e=0.00634236694632
get signal data Ar37 L2
Get data signal Ar37 6.669+/-0.009 len t=120
adding isotope Ar36 CDD
add baseline dbdet= Ar36. original det= CDD
get baseline data Ar36 CDD
Get data baseline <pychron.processing.isotope.Baseline object at 0x1ac719190> len t=60
baseline Ar36. v=4.46596234551e-05, e=1.01940372471e-05
get signal data Ar36 CDD
Get data signal Ar36 0.0906+/-0.0007 len t=120
65450-03A added analysis time 0.551601171494s
analysis added to mass spec database
mass spec save time= 0.563
persistence save - dvc
================= post measurement started
create new session 4992585168
close session 4992585168
---------------- Experiment Queue saving disabled
DVC saving peakcenter
Failed to find a valid peak. No peak greater than 1.0. max = 0.0907618886327
Smart pull ahead: 0 behind: 0
Up-to-date with origin
add to repo msg=modified - ad8224ebc6dbfeb9f5997218dfa5fe690569839d.json
add to repo msg=modified - 50-03A.json
add to repo msg=modified - 50-03A.dat.json
add to repo msg=modified - 50-03A.blan.json
add to repo msg=modified - 50-03A.inte.json
add to repo msg=modified - 50-03A.icfa.json
add to repo msg=modified - 50-03A.base.json
not at valid file /Users/jan/PychronDev/data/.dvc/repositories/Load1794/654/tags/50-03A.tags.json
add to repo msg=modified - 50-03A.peak.json
add to repo msg=modified - 50-03A.extr.json
not at valid file /Users/jan/PychronDev/data/.dvc/repositories/Load1794/654/monitor/50-03A.moni.json
commit message=<COLLECTION>
add to repo msg=modified - 50-03A.inte.json
add to repo msg=modified - 50-03A.base.json
commit message=<ISOEVO> default collection fits
add to repo msg=modified - 50-03A.blan.json
commit message=<BLANKS> preceding bu-FC-J-7810
add to repo msg=modified - 50-03A.icfa.json
commit message=<ICFactor> default
push repository <pychron.git_archive.repo_manager.GitRepoManager object at 0x1c738d950>
pushing to remote=origin, url=https://github.com
no changes to meta repo
create new session 4992585168
add association Load1794
get identifier "65450"
setting analysis irradiation position=<pychron.dvc.dvc_orm.IrradiationPositionTbl object at 0x1ce255d90>
close session 4992585168
================= post measurement finished
11:18:08 -- ******* Post Run Check *******
loading queue conditionals post_run_actions
loading system conditionals post_run_actions
loading conditionals from /Users/jan/PychronDev/setupfiles/spectrometer/default_conditionals.yaml
loading queue conditionals post_run_terminations
loading system conditionals post_run_terminations
loading conditionals from /Users/jan/PychronDev/setupfiles/spectrometer/default_conditionals.yaml
Checking default post run terminations n=1
GetDeflection CDD ===>> 50
testing CDD==2000
evaluate ot="CDD.deflection==2000" t="CDD==2000", ctx="{'CDD': 50.0}"
11:18:08 -- ******* Post Run Check Passed *******
11:18:08 -- Automated run 65450-03A success duration: 362.030 s
----------------- finish -----------------
----------------- stop -----------------
retroactive repository identifiers disabled
finish run. runs completed=136
update duration runid=65450-03A, duration=362.029874086, md5=301e91d8
loading script "jan_unknown120_60.py"
loading script "jan_pump_ms.py"
loading script "jan_co2.py"
loading script "jan_pump_extraction_line.py"
testing...
no interpolation path defined
executed snippet estimated_duration=213.652928, duration=0.000340938568115
script duration name:unknown120_60 seconds:214.0
loading script "jan_unknown120_60.py"
loading script "jan_pump_ms.py"
loading script "jan_co2.py"
loading script "jan_pump_extraction_line.py"
testing...
no interpolation path defined
executed snippet estimated_duration=0, duration=2.50339508057e-05
loading script "jan_unknown120_60.py"
loading script "jan_pump_ms.py"
loading script "jan_co2.py"
loading script "jan_pump_extraction_line.py"
testing...
no interpolation path defined
calculate duration
testing...
no interpolation path defined
executed snippet estimated_duration=0, duration=6.103515625e-05
calculate duration
testing...
no interpolation path defined
executed snippet estimated_duration=0, duration=0.000119209289551
executed snippet estimated_duration=0.0, duration=0.00292420387268
script duration name:co2 seconds:0.0
loading script "jan_unknown120_60.py"
loading script "jan_pump_ms.py"
loading script "jan_co2.py"
loading script "jan_pump_extraction_line.py"
testing...
no interpolation path defined
calculate duration
testing...
no interpolation path defined
executed snippet estimated_duration=4.0, duration=0.000149011611938
executed snippet estimated_duration=4.0, duration=0.00144696235657
Script duration 214.0
Run total estimated duration= 215.000
unknown120_60 in script context. using previous estimated duration
script duration name:unknown120_60 seconds:214.0
pump_ms in script context. using previous estimated duration
co2 in script context. using previous estimated duration
script duration name:co2 seconds:0.0
pump_extraction_line in script context. using previous estimated duration
Script duration 214.0
Run total estimated duration= 215.000
loading script "jan_unknown400_120.py"
loading script "jan_pump_ms.py"
loading script "jan_cocktail_x1.py"
loading script "jan_pump_extraction_line.py"
testing...
no interpolation path defined
executed snippet estimated_duration=556.052928, duration=0.000152111053467
script duration name:unknown400_120 seconds:556.0
loading script "jan_unknown400_120.py"
loading script "jan_pump_ms.py"
loading script "jan_cocktail_x1.py"
loading script "jan_pump_extraction_line.py"
testing...
no interpolation path defined
calculate duration
testing...
no interpolation path defined
executed snippet estimated_duration=0, duration=4.72068786621e-05
calculate duration
testing...
no interpolation path defined
executed snippet estimated_duration=0, duration=9.89437103271e-05
calculate duration
testing...
no interpolation path defined
executed snippet estimated_duration=32.0, duration=0.000102996826172
calculate duration
testing...
no interpolation path defined
executed snippet estimated_duration=34.0, duration=0.000125885009766
calculate duration
testing...
no interpolation path defined
executed snippet estimated_duration=4.0, duration=6.29425048828e-05
calculate duration
testing...
no interpolation path defined
executed snippet estimated_duration=38.0, duration=0.000123977661133
executed snippet estimated_duration=108.0, duration=0.0110678672791
script duration name:cocktail_x1 seconds:108.0
Script duration 664.0
Run total estimated duration= 665.000
unknown400_120 in script context. using previous estimated duration
script duration name:unknown400_120 seconds:556.0
cocktail_x1 in script context. using previous estimated duration
script duration name:cocktail_x1 seconds:108.0
Script duration 664.0
Run total estimated duration= 665.000
loading script "jan_ic_peak_hop3.py"
loading script "jan_pump_ms.py"
loading script "jan_air_x1.py"
loading script "jan_pump_extraction_line.py"
testing...
no interpolation path defined
executed snippet estimated_duration=133.8, duration=0.00959992408752
script duration name:ic_peak_hop3 seconds:134.0
loading script "jan_ic_peak_hop3.py"
loading script "jan_pump_ms.py"
loading script "jan_air_x1.py"
loading script "jan_pump_extraction_line.py"
testing...
no interpolation path defined
calculate duration
testing...
no interpolation path defined
executed snippet estimated_duration=0, duration=5.19752502441e-05
calculate duration
testing...
no interpolation path defined
executed snippet estimated_duration=0, duration=0.0001060962677
calculate duration
testing...
no interpolation path defined
executed snippet estimated_duration=32.0, duration=9.91821289062e-05
calculate duration
testing...
no interpolation path defined
executed snippet estimated_duration=34.0, duration=9.98973846436e-05
calculate duration
testing...
no interpolation path defined
executed snippet estimated_duration=4.0, duration=9.29832458496e-05
calculate duration
testing...
no interpolation path defined
executed snippet estimated_duration=36.0, duration=0.000142812728882
executed snippet estimated_duration=106.0, duration=0.0211570262909
script duration name:air_x1 seconds:106.0
Script duration 240.0
Run total estimated duration= 241.000
script duration name:unknown120_60 seconds:214.0
script duration name:co2 seconds:0.0
Script duration 214.0
Run total estimated duration= 215.000
script duration name:unknown120_60 seconds:214.0
script duration name:co2 seconds:0.0
Script duration 214.0
Run total estimated duration= 215.000
script duration name:unknown120_60 seconds:214.0
script duration name:co2 seconds:0.0
Script duration 214.0
Run total estimated duration= 215.000
script duration name:unknown400_120 seconds:556.0
loading script "jan_unknown400_120.py"
loading script "jan_pump_ms.py"
loading script "jan_sniffair_x2.py"
loading script "jan_pump_extraction_line.py"
testing...
no interpolation path defined
calculate duration
testing...
no interpolation path defined
executed snippet estimated_duration=0, duration=5.57899475098e-05
calculate duration
testing...
no interpolation path defined
executed snippet estimated_duration=0, duration=0.000144004821777
calculate duration
testing...
no interpolation path defined
executed snippet estimated_duration=32.0, duration=0.000135898590088
calculate duration
testing...
no interpolation path defined
executed snippet estimated_duration=34.0, duration=0.00019383430481
calculate duration
testing...
no interpolation path defined
executed snippet estimated_duration=4.0, duration=9.79900360107e-05
calculate duration
testing...
no interpolation path defined
executed snippet estimated_duration=36.0, duration=0.000137090682983
calculate duration
testing...
no interpolation path defined
executed snippet estimated_duration=34.0, duration=0.000128030776978
calculate duration
testing...
no interpolation path defined
executed snippet estimated_duration=4.0, duration=6.31809234619e-05
calculate duration
testing...
no interpolation path defined
executed snippet estimated_duration=36.0, duration=9.60826873779e-05
calculate duration
testing...
no interpolation path defined
executed snippet estimated_duration=70.0, duration=0.000176906585693
executed snippet estimated_duration=250.0, duration=0.0187921524048
script duration name:sniffair_x2 seconds:250.0
Script duration 806.0
Run total estimated duration= 807.000
script duration name:unknown400_120 seconds:556.0
sniffair_x2 in script context. using previous estimated duration
script duration name:sniffair_x2 seconds:250.0
Script duration 806.0
Run total estimated duration= 807.000
nruns=10 before=0.0, run_dur=4260.0, btw=0.0
write rem/ex queues
/Users/jan/PychronDev/experiments/rem/CurrentExperiment.rem.txt
/Users/jan/PychronDev/experiments/rem/CurrentExperiment.ex.txt
doing event level: 3
