do run
loading script "jan_unknown120_60.py"
loading script "jan_pump_ms.py"
loading script "jan_co2.py"
loading script "jan_pump_extraction_line.py"
testing...
no interpolation path defined
executed snippet estimated_duration=213.652928, duration=0.000217914581299
script duration name:unknown120_60 seconds:214.0
loading script "jan_unknown120_60.py"
loading script "jan_pump_ms.py"
loading script "jan_co2.py"
loading script "jan_pump_extraction_line.py"
testing...
no interpolation path defined
executed snippet estimated_duration=0, duration=2.09808349609e-05
loading script "jan_unknown120_60.py"
loading script "jan_pump_ms.py"
loading script "jan_co2.py"
loading script "jan_pump_extraction_line.py"
testing...
no interpolation path defined
calculate duration
testing...
no interpolation path defined
executed snippet estimated_duration=0, duration=3.79085540771e-05
calculate duration
testing...
no interpolation path defined
executed snippet estimated_duration=0, duration=6.98566436768e-05
executed snippet estimated_duration=0.0, duration=0.00183582305908
script duration name:co2 seconds:0.0
loading script "jan_unknown120_60.py"
loading script "jan_pump_ms.py"
loading script "jan_co2.py"
loading script "jan_pump_extraction_line.py"
testing...
no interpolation path defined
calculate duration
testing...
no interpolation path defined
executed snippet estimated_duration=4.0, duration=0.000112056732178
executed snippet estimated_duration=4.0, duration=0.000946998596191
Script duration 214.0
Run total estimated duration= 215.000
run duration: 0:03:35
doing event level: 2
16:34:50 -- Setting default integration. t=1.048576
setting integration time = 1.048576
SetIntegrationTime 1.048576 ===>> OK
----------------- start -----------------
**************** Experiment Type: Ar/Ar, Ar/Ar
create new session 4419438256
close session 4419438256
$$$$$ Clearing conditionals
adding conditionals 
Add queue conditionals
add default conditionals
adding default conditionals from /Users/jan/PychronDev/setupfiles/spectrometer/default_conditionals.yaml
Start automated run 65476-04
loading script "jan_unknown120_60.py"
loading script "jan_pump_ms.py"
loading script "jan_co2.py"
loading script "jan_pump_extraction_line.py"
%%%%%%%%%%%%%%%%%% setting automated run 65476-04
No value "sensitivity_multiplier" in metadata
$$$$$$$$$$$$$$$ auto_save_detector_ic=False
============================= Pre Extraction Check =============================
loading queue conditionals pre_run_terminations
loading system conditionals pre_run_terminations
loading conditionals from /Users/jan/PychronDev/setupfiles/spectrometer/default_conditionals.yaml
16:34:50 -- ******* Pre Extraction Check *******
Get a measurement from the spectrometer
GetData ===>> H2,-0.218866576584217,H1,0.0381880923117307,AX,-0.108719364206296,L1,-0.0272783502472289,L2,0.059...
Pre Extraction Termination data. keys=H2,H1,AX,L1,L2,CDD, signals=-0.21887,0.03819,-0.10872,-0.02728,0.05965,0.00238
16:34:50 -- testing system defined conditionals
Checking default pre extraction terminations n=2
testing CDD
evaluate ot="CDD.inactive" t="CDD", ctx="{'CDD': False}"
GetDeflection CDD ===>> 50
testing CDD==2000
evaluate ot="CDD.deflection==2000" t="CDD==2000", ctx="{'CDD': 50.0}"
16:34:50 -- ******* Pre Extraction Check Passed *******
=================================================================================
16:34:50 -- stopping status monitor
stop 5288834736
Alive clients [5025639504, 4992986192]
16:34:50 -- starting status monitor
start 5288834736
Monitor already running
start extraction
do extraction
Analysis started at 16:34:50.358406
Extraction Started jan_co2.py
16:34:50 -- ******* Extraction Started jan_co2.py *******
state changed from not run to extraction
DO EXTRACTION <pychron.extraction_line.pyscript_runner.RemotePyScriptRunner object at 0x12bfe48f0>
testing...
no interpolation path defined
calculate duration
testing...
no interpolation path defined
executed snippet estimated_duration=0, duration=4.50611114502e-05
calculate duration
testing...
no interpolation path defined
executed snippet estimated_duration=0, duration=9.20295715332e-05
executed snippet estimated_duration=100.0, duration=0.00284218788147
Jan CO2 laser analysis
doing GOSUB
testing...
no interpolation path defined
executed snippet estimated_duration=0, duration=4.19616699219e-05
Waiting for CO2 access
wait ('FelixCO2Flag', 0) {}
waiting for FelixCO2Flag = 0
Read FelixCO2Flag ===>> 0
finished waiting
CO2 free
wait ('CO2PumpTimeFlag', 0) {}
waiting for CO2PumpTimeFlag = 0
Read CO2PumpTimeFlag ===>> 0
finished waiting
acquire ('JanCO2Flag',) {'clear': True}
acquire JanCO2Flag
Set JanCO2Flag 1 ===>> OK
JanCO2Flag acquired
set extraction state False (0.75, 'red', 1.5)
CO2 acquired
executed snippet estimated_duration=0, duration=0.0156569480896
WaitForCO2Access.py completed successfully
gosub finished
doing GOSUB
testing...
no interpolation path defined
executed snippet estimated_duration=0, duration=9.89437103271e-05
Prepare for CO2 analysis
close () {'description': 'Jan Inlet'}
closing name=--- desc=Jan Inlet
checking ownership. requestor=129.138.12.150
check software interlocks R
interlocks []
actuate state mode=None-script, software_lock=False
doing actuation None-script close_channel False
Close R ===>> OK
GetIndicatorState R ===>> False
change switch state (True, True)
update switch state R False args=() kw={} ncanvase=6
16:34:50 -- CLOSE  VALVE-R (Jan Inlet)
---------------------------------------- close None (Jan Inlet) result=[(True, True)]
action=close, ok=True, locked=[False]
open () {'description': 'Jan Ion Pump'}
opening name=--- desc=Jan Ion Pump
checking ownership. requestor=129.138.12.150
check software interlocks O
interlocks []
actuate state mode=None-script, software_lock=False
doing actuation None-script open_channel False
Open O ===>> OK
GetIndicatorState O ===>> OK
change switch state (True, True)
update switch state O True args=() kw={} ncanvase=6
16:34:51 -- OPEN   VALVE-O (Jan Ion Pump)
---------------------------------------- open None (Jan Ion Pump) result=[(True, True)], time=0.10 sec
action=open, ok=True, locked=[False]
close () {'description': 'Microbone to Minibone'}
closing name=--- desc=Microbone to Minibone
checking ownership. requestor=129.138.12.150
check software interlocks L
interlocks []
actuate state mode=None-script, software_lock=False
doing actuation None-script close_channel False
Close L ===>> OK
GetIndicatorState L ===>> False
change switch state (True, True)
update switch state L False args=() kw={} ncanvase=6
16:34:51 -- CLOSE  VALVE-L (Microbone to Minibone)
---------------------------------------- close None (Microbone to Minibone) result=[(True, True)]
action=close, ok=True, locked=[False]
open () {'description': 'Microbone to Turbo'}
opening name=--- desc=Microbone to Turbo
checking ownership. requestor=129.138.12.150
check software interlocks U
interlocks []
actuate state mode=None-script, software_lock=False
doing actuation None-script open_channel False
Open U ===>> OK
GetIndicatorState U ===>> OK
change switch state (True, True)
update switch state U True args=() kw={} ncanvase=6
16:34:52 -- OPEN   VALVE-U (Microbone to Turbo)
---------------------------------------- open None (Microbone to Turbo) result=[(True, True)], time=0.13 sec
action=open, ok=True, locked=[False]
open () {'description': 'Microbone to Inlet Pipette'}
opening name=--- desc=Microbone to Inlet Pipette
checking ownership. requestor=129.138.12.150
check software interlocks S
interlocks []
actuate state mode=None-script, software_lock=False
doing actuation None-script open_channel False
Open S ===>> OK
GetIndicatorState S ===>> OK
change switch state (True, True)
update switch state S True args=() kw={} ncanvase=6
16:34:52 -- OPEN   VALVE-S (Microbone to Inlet Pipette)
---------------------------------------- open None (Microbone to Inlet Pipette) result=[(True, True)], time=0.41 sec
action=open, ok=True, locked=[False]
open () {'description': 'Microbone to Getter D-50'}
opening name=--- desc=Microbone to Getter D-50
checking ownership. requestor=129.138.12.150
check software interlocks K
interlocks []
actuate state mode=None-script, software_lock=False
doing actuation None-script open_channel False
Open K ===>> OK
GetIndicatorState K ===>> OK
change switch state (True, True)
update switch state K True args=() kw={} ncanvase=6
16:34:53 -- OPEN   VALVE-K (Microbone to Getter D-50)
---------------------------------------- open None (Microbone to Getter D-50) result=[(True, True)], time=0.43 sec
action=open, ok=True, locked=[False]
open () {'description': 'Microbone to Getter NP-10'}
opening name=--- desc=Microbone to Getter NP-10
checking ownership. requestor=129.138.12.150
check software interlocks M
interlocks []
actuate state mode=None-script, software_lock=False
doing actuation None-script open_channel False
Open M ===>> OK
GetIndicatorState M ===>> OK
change switch state (True, True)
update switch state M True args=() kw={} ncanvase=6
16:34:54 -- OPEN   VALVE-M (Microbone to Getter NP-10)
---------------------------------------- open None (Microbone to Getter NP-10) result=[(True, True)], time=0.15 sec
action=open, ok=True, locked=[False]
close () {'description': 'CO2 Laser to Felix'}
closing name=--- desc=CO2 Laser to Felix
checking ownership. requestor=129.138.12.150
check software interlocks F
interlocks []
actuate state mode=None-script, software_lock=True
VALVE-F(CO2 Laser to Felix) software locked
change switch state (True, False)
---------------------------------------- close None (CO2 Laser to Felix) result=[(True, False)]
action=close, ok=True, locked=[True]
open () {'description': 'CO2 Laser to Jan'}
opening name=--- desc=CO2 Laser to Jan
checking ownership. requestor=129.138.12.150
check software interlocks A
interlocks []
actuate state mode=None-script, software_lock=False
doing actuation None-script open_channel False
Open A ===>> OK
GetIndicatorState A ===>> OK
change switch state (True, True)
update switch state A True args=() kw={} ncanvase=6
16:34:54 -- OPEN   VALVE-A (CO2 Laser to Jan)
---------------------------------------- open None (CO2 Laser to Jan) result=[(True, True)], time=0.13 sec
action=open, ok=True, locked=[False]
open () {'description': 'Microbone to CO2 Laser'}
opening name=--- desc=Microbone to CO2 Laser
checking ownership. requestor=129.138.12.150
check software interlocks T
interlocks []
actuate state mode=None-script, software_lock=False
doing actuation None-script open_channel False
Open T ===>> OK
GetIndicatorState T ===>> OK
change switch state (True, True)
update switch state T True args=() kw={} ncanvase=6
16:34:55 -- OPEN   VALVE-T (Microbone to CO2 Laser)
---------------------------------------- open None (Microbone to CO2 Laser) result=[(True, True)], time=0.42 sec
action=open, ok=True, locked=[False]
executed snippet estimated_duration=0, duration=4.95379018784
PrepareForCO2Analysis.py completed successfully
gosub finished
set_motor ('beam', '1.25') {}
setting motor "beam" to 1.25
set motor beam to 1.25
SetMotor beam,1.25 ===>> OK
GetMotorMoving beam ===>> False
GetMotorMoving beam ===>> False
Block completed
move_to_position ('4',) {'autocenter': True}
FusionsCO2 move to position 4
sending GoToHole 4,True
GoToHole 4,True ===>> OK
GetDriveMoving ===>> OK
GetDriveMoving ===>> OK
GetDriveMoving ===>> OK
GetDriveMoving ===>> OK
GetDriveMoving ===>> OK
GetDriveMoving ===>> OK
GetDriveMoving ===>> False
GetDriveMoving ===>> OK
GetDriveMoving ===>> OK
GetDriveMoving ===>> False
Block completed
GetAutoCorrecting ===>> False
GetAutoCorrecting ===>> False
Block completed
update position
GetPosition ===>> 1.99390,15.95120,1.00000
got position (1.9939, 15.9512, 1.0)
move to position succeeded
sleep (5,) {}
SLEEP 5.0
block started
WaitControl setup for 5.0  
Join finished
block finished. duration 5.02783703804
close () {'description': 'Microbone to Turbo'}
closing name=--- desc=Microbone to Turbo
checking ownership. requestor=129.138.12.150
check software interlocks U
interlocks []
actuate state mode=None-script, software_lock=False
doing actuation None-script close_channel True
Close U ===>> OK
set states for children of U. state=False
handle state [('U', False)]
update switch state U False args=() kw={'refresh': False} ncanvase=6
refresh_canvas_needed fired
GetIndicatorState U ===>> False
change switch state (True, True)
update switch state U False args=() kw={} ncanvase=6
16:35:06 -- CLOSE  VALVE-U (Microbone to Turbo)
---------------------------------------- close None (Microbone to Turbo) result=[(True, True)]
action=close, ok=True, locked=[False]
enable laser
enable () {}
set extraction state FusionsCO2 Enabled (False, 'red', 1.5)
enabling laser
Enable ===>> OK
begin interval
BEGIN INTERVAL Interval 1 waiting for 30.0
block started
set extract to 5.0
WaitControl setup for 30.0  
extract (5.0,) {}
GetPosition ===>> 1.99390,15.95120,1.00000
set extraction state FusionsCO2 ON! 5.0(watts) (0.75, 'red', 1.5)
extract sample to 5.0 (watts)
set laser output
SetLaserOutput 5.0,watts ===>> OK
executing pattern triangle.lp
execute_pattern ('triangle.lp',) {}
executing pattern triangle.lp
IsPatterning ===>> OK
IsPatterning ===>> OK
IsPatterning ===>> OK
IsPatterning ===>> OK
IsPatterning ===>> OK
IsPatterning ===>> OK
IsPatterning ===>> OK
IsPatterning ===>> OK
IsPatterning ===>> OK
IsPatterning ===>> OK
IsPatterning ===>> OK
IsPatterning ===>> OK
IsPatterning ===>> OK
IsPatterning ===>> OK
IsPatterning ===>> OK
IsPatterning ===>> OK
IsPatterning ===>> OK
IsPatterning ===>> OK
IsPatterning ===>> OK
IsPatterning ===>> OK
IsPatterning ===>> OK
IsPatterning ===>> OK
IsPatterning ===>> OK
IsPatterning ===>> OK
IsPatterning ===>> OK
IsPatterning ===>> OK
IsPatterning ===>> False
IsPatterning ===>> False
Block completed
COMPLETE INTERVAL waiting for Interval 1 to complete
Join finished
block finished. duration 30.0885818005
Interval 1 finished
end_extract () {}
ending extraction. set laser power to 0
set laser power 0
SetLaserPower 0 ===>> OK
disable () {}
%%%%%%%%%%%%%%%%%%%%%%%%%%%%%%%%%%% disable
set extraction state False (0.75, 'red', 1.5)
disabling laser
Disable ===>> OK
sleep (30.0,) {}
SLEEP 30.0
block started
WaitControl setup for 30.0  
Join finished
block finished. duration 30.0550160408
executed snippet estimated_duration=166.0, duration=76.5244209766
jan_co2.py completed successfully
GetAchievedOutput ===>> No Response
Requested Output= 0.000
Achieved Output=  0.000
GetResponseBlob ===>> No Response
GetOutputBlob ===>> No Response
persistence save...
persistence save - db
AutomatedRunPersister post_extraction_save deprecated
persistence save - dvc
no extraction position for 4
create new session 4992585168
close session 4992585168
Extraction Finished
16:36:06 -- ******* Extraction Finished *******
no overlap. not waiting for min ms pumptime
16:36:06 -- Sending spectrometer configuration
======== Sending configuration ========
SetDeflection CDD,50.0 ===>> OK
SetDeflection H2,0.0 ===>> OK
SetDeflection H1,0.0 ===>> OK
SetDeflection L2,825.0 ===>> OK
SetDeflection L1,400.0 ===>> OK
SetDeflection AX,190.0 ===>> OK
SetZFocus 74.64 ===>> OK
SetZSymmetry -50.72 ===>> OK
SetExtractionLens 26.13 ===>> OK
SetIonRepeller -3.81 ===>> OK
SetElectronEnergy 75.08 ===>> OK
SetYSymmetry -2.81 ===>> OK
SetIonCounterVoltage 1590.0 ===>> OK
send trap current 200.0
GetParameter Trap Current Readback ===>> 198.035158395898
SetParameter Trap Current Set,200.0 ===>> OK
updating mftable name mftable
Using mftable located at /Users/jan/PychronDev/setupfiles/spectrometer/mftables/mftable.csv
============ MFtable ===========
Isotope  H2     H1     AX     L1     L2     CDD    
Ar40     5.8231 5.8812 5.9944 6.1630 6.2326 6.3912
Ar39     5.7223 5.7734 5.8868 6.0491 6.1178 6.2777
Ar36     5.3998 5.4424 5.5502 5.7079 5.7728 5.9288
================================
get initial guess parabolic
get initial guess parabolic
get initial guess parabolic
get initial guess parabolic
get initial guess parabolic
get initial guess parabolic
======== Configuration Finished ========
GetYSymmetry ===>> -2.81
GetZSymmetry ===>> -50.72
GetParameter Trap Current Readback ===>> 197.811389855338
GetHighVoltage ===>> 4499.94659342336
start measurement
do measurement
L#=65476 analysis type=unknown
Measurement Started jan_unknown120_60.py
16:36:07 -- ******* Measurement Started jan_unknown120_60.py *******
state changed from extraction to measurement
setting spec, defl, and gains
GetExtractionLens ===>> 26.13
GetYSymmetry ===>> -2.81
GetZSymmetry ===>> -50.72
GetZFocus ===>> 74.64
GetDeflection H2 ===>> 0
GetDeflection H1 ===>> 0
GetDeflection AX ===>> 190
GetDeflection L1 ===>> 400
GetDeflection L2 ===>> 825
GetDeflection CDD ===>> 50
GetGain H2 ===>> 0.0113
GetGain H1 ===>> 0.1
GetGain AX ===>> 0.097049
GetGain L1 ===>> 0.010355
GetGain L2 ===>> 0.095649
GetGain CDD ===>> 0
pre measurement save
New frame /Users/jan/PychronDev/data/isotopes/d5/01fed9-1bb5-4d83-be3c-575d2ee7390b.h5
flush and close file /Users/jan/PychronDev/data/isotopes/d5/01fed9-1bb5-4d83-be3c-575d2ee7390b.h5
testing...
no interpolation path defined
executed snippet estimated_duration=226.132928, duration=0.000168085098267
unknown measurement script
activate_detectors ('H2', 'H1', 'AX', 'L1', 'L2', 'CDD') {}
activate detectors
*************** Set Analysis View Ar/Ar
create graphs
clearing graphs
clear isotope group
setting isotope det=H2, iso=PM41
setting isotope det=H1, iso=Ar40
setting isotope det=AX, iso=Ar39
setting isotope det=L1, iso=Ar38
setting isotope det=L2, iso=Ar37
setting isotope det=CDD, iso=Ar36
setting previous blanks
 - setting Ar40 blank 0.060+/-0.007
 - setting Ar36 blank 0.00385+/-0.00015
 - setting Ar37 blank 0.053+/-0.005
 - setting Ar38 blank 0.0037+/-0.0020
 - setting PM41 blank 0.02+/-0.06
 - setting Ar39 blank 0.030+/-0.009
load analysis view
position_magnet ('Ar40',) {'detector': 'H1'}
detector Detector(H1)
POSITION Ar40 H1
setting detector H2 to PM41 (40.9624)
setting detector H1 to Ar40 (39.9624)
setting detector AX to Ar39 (38.9624)
setting detector L1 to Ar38 (37.9624)
setting detector L2 to Ar37 (36.9624)
setting detector CDD to Ar36 (35.9624)
Mapping mass to dac mass func: "parabolic"
H1 map mass coeffs = [-0.00063987  0.15840543  0.57276999]
H1 map mass to dac 39.9624 >> 5.88116
GetDeflection H1 ===>> 0
GetHighVoltage ===>> 4499.94659342336
positioning Ar40 (5.8811253664) on H1
setting magnet DAC
current  : 5.881125
requested: 5.881125
Delta Dac: 0.000000
Checking detector protection. dv=0.00000
Checking detector "CDD". Protection Threshold: 0.1 (V)
SetMagnetDAC 5.8811253664 ===>> OK
Magnet settling time: 0.500
update labels <pychron.experiment.plot_panel.PlotPanel object at 0x1a763bcb0>
update labels "<pychron.graph.stacked_regression_graph.StackedRegressionGraph object at 0x19fd36fb0>"
setting label 0 H2 PM41
setting label 1 H1 Ar40
setting label 2 AX Ar39
setting label 3 L1 Ar38
setting label 4 L2 Ar37
setting label 5 CDD Ar36
update labels "<pychron.graph.stacked_graph.StackedGraph object at 0x19f427350>"
setting label 0 H2 PM41
setting label 1 H1 Ar40
setting label 2 AX Ar39
setting label 3 L1 Ar38
setting label 4 L2 Ar37
setting label 5 CDD Ar36
equilibrate () {'delay': 3, 'inlet': 'R', 'outlet': 'O', 'eqtime': 12.0}
Equilibration Started
16:36:08 -- ******* Equilibration Started *******
checking ownership. requestor=129.138.12.150
check software interlocks O
interlocks []
actuate state mode=None-script, software_lock=False
doing actuation None-script close_channel True
Close O ===>> OK
GetIndicatorState O ===>> False
change switch state (True, True)
update switch state O False args=() kw={} ncanvase=6
16:36:08 -- CLOSE  VALVE-O (Jan Ion Pump)
waiting 3s before opening inlet value ('R',)
checking ownership. requestor=129.138.12.150
check software interlocks R
interlocks []
actuate state mode=None-script, software_lock=False
doing actuation None-script open_channel True
Open R ===>> OK
GetIndicatorState R ===>> OK
change switch state (True, True)
update switch state R True args=() kw={} ncanvase=6
16:36:11 -- OPEN   VALVE-R (Jan Inlet)
equilibrating for 12.0sec
set_time_zero () {}
sniff (12.0,) {}
py_sniff
build tables- sniff [Detector(H2), Detector(H1), Detector(AX), Detector(L1), Detector(L2), Detector(CDD)]
add group /sniff/PM41 (Group) '' table H2
add group /sniff/Ar40 (Group) '' table H1
add group /sniff/Ar39 (Group) '' table AX
add group /sniff/Ar38 (Group) '' table L1
add group /sniff/Ar37 (Group) '' table L2
add group /sniff/Ar36 (Group) '' table CDD
flush and close file /Users/jan/PychronDev/data/isotopes/d5/01fed9-1bb5-4d83-be3c-575d2ee7390b.h5
measuring sniff. ncounts=12.0
"sniff" increment series count="1" fit count="0" regressing="False"
starting measurement
check iteration duration=1.90734863281e-05
GetData ===>> H2,0.0347411893594599,H1,10.0136334166303,AX,2.78617960450154,L1,0.0385977027164569,L2,0.18837472...
check iteration duration=1.78813934326e-05
GetData ===>> H2,0.849364290198222,H1,68.1893239235045,AX,17.2640566178341,L1,0.22491065643896,L2,0.31329403719...
check iteration duration=4.10079956055e-05
GetData ===>> H2,0.377181736367094,H1,96.6211293464913,AX,22.9713345933785,L1,0.325069546942807,L2,0.2372871387...
check iteration duration=4.19616699219e-05
GetData ===>> H2,0.166735093975139,H1,105.836279599893,AX,24.5085905608179,L1,0.321363545870992,L2,0.1729164729...
check iteration duration=2.78949737549e-05
GetData ===>> H2,-0.112693409419722,H1,109.137266481027,AX,25.1097228407304,L1,0.322449249316818,L2,0.149864932...
check iteration duration=1.81198120117e-05
GetData ===>> H2,-0.166957524719384,H1,110.370015253845,AX,25.2397581015575,L1,0.371887450029564,L2,0.219915005...
check iteration duration=2.50339508057e-05
GetData ===>> H2,-0.098308883744534,H1,110.979825222333,AX,25.1745551851477,L1,0.32852205164989,L2,0.1538566378...
check iteration duration=1.71661376953e-05
GetData ===>> H2,-0.0219383713216984,H1,111.282961635376,AX,25.3688758873325,L1,0.308249856209509,L2,0.13754872...
check iteration duration=4.10079956055e-05
GetData ===>> H2,-0.0249825231423523,H1,111.473903315324,AX,25.3482241606397,L1,0.35791565027646,L2,0.114026878...
check iteration duration=4.72068786621e-05
GetData ===>> H2,-0.03607272028677,H1,111.397081041879,AX,25.3919054946324,L1,0.302770005312854,L2,0.0574955769...
check iteration duration=1.90734863281e-05
GetData ===>> H2,-0.0827265304479077,H1,111.478916386769,AX,25.3991852170423,L1,0.258831758850903,L2,0.15989013...
check iteration duration=1.38282775879e-05
GetData ===>> H2,-0.210170265366096,H1,111.487996026693,AX,25.2689444377775,L1,0.314449280680617,L2,0.103801298...
Equilibration Finished
16:36:24 -- ******* Equilibration Finished *******
checking ownership. requestor=129.138.12.150
check software interlocks R
interlocks []
actuate state mode=None-script, software_lock=False
doing actuation None-script close_channel True
Close R ===>> OK
State checksums do not match. Local:-1449001502 Remote:-598318598
State checksum failed
GetIndicatorState R ===>> False
change switch state (True, True)
update switch state R False args=() kw={} ncanvase=6
16:36:24 -- CLOSE  VALVE-R (Jan Inlet)
Post Equilibration Started jan_pump_extraction_line.py
16:36:24 -- ******* Post Equilibration Started jan_pump_extraction_line.py *******
testing...
no interpolation path defined
calculate duration
testing...
no interpolation path defined
executed snippet estimated_duration=4.0, duration=0.000237941741943
executed snippet estimated_duration=4.0, duration=0.00154495239258
Pump after analysis
doing GOSUB
testing...
no interpolation path defined
executed snippet estimated_duration=4.0, duration=0.000150918960571
Pump Microbone
close () {'description': 'Jan Inlet'}
closing name=--- desc=Jan Inlet
checking ownership. requestor=129.138.12.150
check software interlocks R
interlocks []
actuate state mode=None-script, software_lock=False
doing actuation None-script close_channel False
check iteration duration=1.69277191162e-05
waiting for write to finish
measurement finished
estimated time: 12.583 actual time: :12.679
flush and close file /Users/jan/PychronDev/data/isotopes/d5/01fed9-1bb5-4d83-be3c-575d2ee7390b.h5
set_fits () {}
Close R ===>> OK
using default fits file=/Users/jan/PychronDev/scripts/measurement/fits/nominal_linear.yaml
set "Ar40" to "('Linear', 'SEM')"
No fit for "PM41". defaulting to linear. check the measurement script "jan_unknown120_60.py"
set "PM41" to "linear"
set "Ar36" to "('Linear', 'SEM')"
set "Ar37" to "('linear', 'SEM')"
set "Ar38" to "('linear', 'SEM')"
set "Ar39" to "('Linear', 'SEM')"
set_baseline_fits () {}
using default fits file=/Users/jan/PychronDev/scripts/measurement/fits/nominal_linear.yaml
set "H1" to "('average', 'SEM')"
set "H2" to "('average', 'SEM')"
set "CDD" to "('average', 'SEM')"
set "L2" to "('average', 'SEM')"
set "L1" to "('average', 'SEM')"
set "AX" to "('average', 'SEM')"
multicollect () {'integration_time': 1, 'ncounts': 120}
build tables- signal [Detector(H2), Detector(H1), Detector(AX), Detector(L1), Detector(L2), Detector(CDD)]
add group /signal/PM41 (Group) '' table H2
add group /signal/Ar40 (Group) '' table H1
GetIndicatorState R ===>> False
add group /signal/Ar39 (Group) '' table AX
change switch state (True, True)
add group /signal/Ar38 (Group) '' table L1
update switch state R False args=() kw={} ncanvase=6
add group /signal/Ar37 (Group) '' table L2
add group /signal/Ar36 (Group) '' table CDD
flush and close file /Users/jan/PychronDev/data/isotopes/d5/01fed9-1bb5-4d83-be3c-575d2ee7390b.h5
measuring signal. ncounts=120
16:36:25 -- CLOSE  VALVE-R (Jan Inlet)
---------------------------------------- close None (Jan Inlet) result=[(True, True)]
"signal" increment series count="2" fit count="1" regressing="True"
action=close, ok=True, locked=[False]
is_closed ('F',) {}
is F () closed?
is closed True
open () {'description': 'CO2 Laser to Jan'}
opening name=--- desc=CO2 Laser to Jan
checking ownership. requestor=129.138.12.150
check software interlocks A
interlocks []
actuate state mode=None-script, software_lock=False
doing actuation None-script open_channel False
Open A ===>> OK
GetIndicatorState A ===>> OK
change switch state (True, True)
update switch state A True args=() kw={} ncanvase=6
16:36:25 -- OPEN   VALVE-A (CO2 Laser to Jan)
---------------------------------------- open None (CO2 Laser to Jan) result=[(True, True)], time=0.15 sec
starting measurement
check iteration duration=6.00814819336e-05
GetData ===>> H2,-0.0902237761837646,H1,111.357478743984,AX,25.41563608817,L1,0.345987204493388,L2,0.1812442227...
action=open, ok=True, locked=[False]
sleep (1,) {}
SLEEP 1.0
check iteration duration=5.60283660889e-05
GetData ===>> H2,-0.046602818638339,H1,111.183561133664,AX,25.4650249573897,L1,0.34991094834041,L2,0.2465109447...
close () {'description': 'CO2 Laser to Roughing'}
closing name=--- desc=CO2 Laser to Roughing
checking ownership. requestor=129.138.12.150
check software interlocks G
interlocks []
actuate state mode=None-script, software_lock=True
VALVE-G(CO2 Laser to Roughing) software locked
change switch state (True, False)
---------------------------------------- close None (CO2 Laser to Roughing) result=[(True, False)]
action=close, ok=True, locked=[True]
open () {'description': 'Microbone to Turbo'}
opening name=--- desc=Microbone to Turbo
checking ownership. requestor=129.138.12.150
check software interlocks U
interlocks []
actuate state mode=None-script, software_lock=False
doing actuation None-script open_channel True
Open U ===>> OK
GetIndicatorState U ===>> OK
change switch state (True, True)
update switch state U True args=() kw={} ncanvase=6
16:36:27 -- OPEN   VALVE-U (Microbone to Turbo)
---------------------------------------- open None (Microbone to Turbo) result=[(True, True)], time=0.18 sec
action=open, ok=True, locked=[False]
open () {'description': 'Microbone to Getter NP-10'}
opening name=--- desc=Microbone to Getter NP-10
checking ownership. requestor=129.138.12.150
check software interlocks M
interlocks []
actuate state mode=None-script, software_lock=False
doing actuation None-script open_channel False
Open M ===>> OK
GetIndicatorState M ===>> OK
change switch state (True, True)
update switch state M True args=() kw={} ncanvase=6
16:36:27 -- OPEN   VALVE-M (Microbone to Getter NP-10)
---------------------------------------- open None (Microbone to Getter NP-10) result=[(True, True)], time=0.15 sec
action=open, ok=True, locked=[False]
open () {'description': 'Microbone to Getter D-50'}
opening name=--- desc=Microbone to Getter D-50
checking ownership. requestor=129.138.12.150
check software interlocks K
interlocks []
actuate state mode=None-script, software_lock=False
doing actuation None-script open_channel False
check iteration duration=4.00543212891e-05
GetData ===>> H2,-0.116244711499129,H1,111.542670725439,AX,25.2913765453152,L1,0.346896305299775,L2,0.276413534...
Open K ===>> OK
GetIndicatorState K ===>> OK
change switch state (True, True)
update switch state K True args=() kw={} ncanvase=6
16:36:28 -- OPEN   VALVE-K (Microbone to Getter D-50)
---------------------------------------- open None (Microbone to Getter D-50) result=[(True, True)], time=0.42 sec
action=open, ok=True, locked=[False]
open () {'description': 'Microbone to CO2 Laser'}
opening name=--- desc=Microbone to CO2 Laser
checking ownership. requestor=129.138.12.150
check software interlocks T
interlocks []
actuate state mode=None-script, software_lock=False
doing actuation None-script open_channel False
Open T ===>> OK
GetIndicatorState T ===>> OK
change switch state (True, True)
update switch state T True args=() kw={} ncanvase=6
16:36:28 -- OPEN   VALVE-T (Microbone to CO2 Laser)
---------------------------------------- open None (Microbone to CO2 Laser) result=[(True, True)], time=0.43 sec
check iteration duration=7.20024108887e-05
GetData ===>> H2,-0.256432843118863,H1,111.44259991272,AX,25.3152681017983,L1,0.33574413598087,L2,0.01657360522...
action=open, ok=True, locked=[False]
open () {'description': 'Microbone to Inlet Pipette'}
opening name=--- desc=Microbone to Inlet Pipette
checking ownership. requestor=129.138.12.150
check software interlocks S
interlocks []
actuate state mode=None-script, software_lock=False
doing actuation None-script open_channel False
Open S ===>> OK
GetIndicatorState S ===>> OK
change switch state (True, True)
update switch state S True args=() kw={} ncanvase=6
16:36:29 -- OPEN   VALVE-S (Microbone to Inlet Pipette)
---------------------------------------- open None (Microbone to Inlet Pipette) result=[(True, True)], time=0.42 sec
action=open, ok=True, locked=[False]
sleep (1,) {}
SLEEP 1.0
testing H1>-5.0
evaluate ot="H1.bs>-5.0" t="H1>-5.0", ctx="{'H1': None}"
check iteration duration=0.000580072402954
GetData ===>> H2,-0.204807443473383,H1,111.166157747214,AX,25.2270799166458,L1,0.342479685875075,L2,0.176738021...
set_resource () {'name': 'CO2PumpTimeFlag', 'value': 30}
Set CO2PumpTimeFlag 30 ===>> OK
release ('JanCO2Flag',) {}
release JanCO2Flag
Set JanCO2Flag 0 ===>> OK
executed snippet estimated_duration=6.0, duration=5.99345803261
PumpMicrobone.py completed successfully
gosub finished
get_resource_value () {'name': 'JanMiniboneFlag'}
Read JanMiniboneFlag ===>> 0
Get Resource Value JanMiniboneFlag=0.0
get resource value 0.0
get_resource_value () {'name': 'JanMiniboneFlag'}
Read JanMiniboneFlag ===>> 0
Get Resource Value JanMiniboneFlag=0.0
executed snippet estimated_duration=4.0, duration=6.00666999817
jan_pump_extraction_line.py completed successfully
Post Equilibration Finished
16:36:30 -- ******* Post Equilibration Finished *******
check iteration duration=3.60012054443e-05
GetData ===>> H2,-0.0983968956513419,H1,111.326405509099,AX,25.2538132112259,L1,0.317488224779285,L2,0.16160102...
check iteration duration=8.58306884766e-05
GetData ===>> H2,-0.0847718044446473,H1,111.412011103085,AX,25.202883860009,L1,0.298836192299711,L2,0.105727773...
check iteration duration=5.10215759277e-05
GetData ===>> H2,-0.13768822424369,H1,111.367967824029,AX,25.2528569352542,L1,0.285898148065261,L2,0.0944544547...
check iteration duration=7.00950622559e-05
GetData ===>> H2,-0.158823981622817,H1,111.189313213637,AX,25.2819943362371,L1,0.301630565284674,L2,0.144345249...
testing H1>-5.0
evaluate ot="H1.bs>-5.0" t="H1>-5.0", ctx="{'H1': None}"
check iteration duration=0.000591993331909
GetData ===>> H2,-0.19233080191543,H1,111.242372254452,AX,25.102063362751,L1,0.324856241815992,L2,0.07632624761...
check iteration duration=7.41481781006e-05
GetData ===>> H2,-0.2468084593796,H1,111.099827497147,AX,25.0855809293317,L1,0.303860870326931,L2,0.16241085208...
check iteration duration=6.41345977783e-05
GetData ===>> H2,-0.237715384745931,H1,111.194434599154,AX,25.0592455875329,L1,0.320028075164101,L2,0.179156513...
check iteration duration=7.48634338379e-05
GetData ===>> H2,-0.247618315716909,H1,111.151724431321,AX,25.2649878467844,L1,0.32907197542799,L2,0.1222468945...
check iteration duration=4.2200088501e-05
GetData ===>> H2,-0.291147214526739,H1,111.098751903842,AX,25.164755844514,L1,0.295389478094367,L2,0.2004464393...
testing H1>-5.0
evaluate ot="H1.bs>-5.0" t="H1>-5.0", ctx="{'H1': None}"
check iteration duration=0.00054407119751
GetData ===>> H2,-0.189579269786119,H1,110.825530886351,AX,25.1376026108117,L1,0.314596757722172,L2,0.119316794...
check iteration duration=4.00543212891e-05
GetData ===>> H2,-0.179306007724773,H1,111.031509901911,AX,25.1259731762056,L1,0.333121104383905,L2,0.135370740...
check iteration duration=4.41074371338e-05
GetData ===>> H2,-0.141949993726757,H1,110.908585260158,AX,25.0697554069322,L1,0.279383788359544,L2,0.115508937...
check iteration duration=7.10487365723e-05
GetData ===>> H2,-0.164094438109807,H1,110.855560177736,AX,25.299724239326,L1,0.279532261480278,L2,0.1793960841...
check iteration duration=8.60691070557e-05
GetData ===>> H2,-0.166975070874376,H1,110.937870705009,AX,25.2321483957645,L1,0.290009812792518,L2,0.203789821...
testing H1>-5.0
evaluate ot="H1.bs>-5.0" t="H1>-5.0", ctx="{'H1': None}"
check iteration duration=0.000584840774536
GetData ===>> H2,-0.217830401059487,H1,110.777662840082,AX,25.1991359844993,L1,0.299433091288644,L2,0.098808602...
check iteration duration=7.39097595215e-05
GetData ===>> H2,-0.204153759916721,H1,110.744295501936,AX,25.0515111073534,L1,0.330603626216876,L2,0.147412967...
check iteration duration=7.70092010498e-05
GetData ===>> H2,-0.189588707835291,H1,110.732458394941,AX,25.0575965663949,L1,0.265605879912382,L2,0.195699722...
check iteration duration=4.00543212891e-05
GetData ===>> H2,-0.207415062709861,H1,110.835984870607,AX,25.0986855062016,L1,0.287154956635657,L2,0.119088774...
check iteration duration=4.10079956055e-05
GetData ===>> H2,-0.171132743362831,H1,110.838376040224,AX,25.0390369672472,L1,0.312097248368823,L2,0.104234466...
testing H1>-5.0
evaluate ot="H1.bs>-5.0" t="H1>-5.0", ctx="{'H1': None}"
check iteration duration=0.000546932220459
16:36:51 -- collecting point 25
GetData ===>> H2,-0.265800867071068,H1,110.908659393565,AX,24.9839551324705,L1,0.309729919668561,L2,0.147390159...
check iteration duration=4.19616699219e-05
GetData ===>> H2,-0.136134774050497,H1,110.745629316968,AX,24.9933015179381,L1,0.29584613136113,L2,0.1830011282...
check iteration duration=8.51154327393e-05
GetData ===>> H2,-0.215374351815926,H1,110.758653140076,AX,25.1057424641767,L1,0.299274726934692,L2,0.088493469...
check iteration duration=0.000184774398804
GetData ===>> H2,-0.240242712163735,H1,110.613830500395,AX,25.1857311678667,L1,0.322452905078591,L2,0.173897512...
check iteration duration=3.88622283936e-05
GetData ===>> H2,-0.0795129464788278,H1,110.545984579231,AX,25.0480824595346,L1,0.332137945719212,L2,0.16504570...
testing H1>-5.0
evaluate ot="H1.bs>-5.0" t="H1>-5.0", ctx="{'H1': None}"
check iteration duration=0.000539064407349
GetData ===>> H2,-0.00989605418745942,H1,110.46200363762,AX,25.0439342004501,L1,0.304905580099307,L2,0.09211788...
check iteration duration=8.29696655273e-05
GetData ===>> H2,-0.198391624018401,H1,110.546725095312,AX,24.9472579730683,L1,0.284184125085239,L2,0.095263718...
check iteration duration=4.60147857666e-05
GetData ===>> H2,-0.224941585324482,H1,110.650283990579,AX,24.9679869584251,L1,0.270848997744323,L2,0.146523433...
check iteration duration=3.88622283936e-05
GetData ===>> H2,-0.226484736981332,H1,110.622683763186,AX,25.1107834259133,L1,0.295747492527494,L2,0.176795060...
check iteration duration=3.91006469727e-05
GetData ===>> H2,-0.24711653450059,H1,110.526066020949,AX,25.0054242053647,L1,0.28986376498048,L2,0.01402012540...
testing H1>-5.0
evaluate ot="H1.bs>-5.0" t="H1>-5.0", ctx="{'H1': None}"
check iteration duration=0.000668048858643
GetData ===>> H2,-0.302145861811934,H1,110.449562585893,AX,24.9797534452122,L1,0.318386793947667,L2,0.089097529...
check iteration duration=4.10079956055e-05
GetData ===>> H2,-0.225468111886564,H1,110.407618407386,AX,25.0190932891858,L1,0.293286700966464,L2,0.136225962...
check iteration duration=6.50882720947e-05
GetData ===>> H2,-0.244515793556437,H1,110.321766278401,AX,24.9096966577837,L1,0.288039560332656,L2,0.126283055...
check iteration duration=4.00543212891e-05
GetData ===>> H2,-0.181829324065649,H1,110.248299119224,AX,25.0534217743209,L1,0.293841879748065,L2,0.096905063...
check iteration duration=8.60691070557e-05
GetData ===>> H2,-0.194260923963476,H1,110.381339654906,AX,25.0798735302705,L1,0.298230801793945,L2,0.128335405...
testing H1>-5.0
evaluate ot="H1.bs>-5.0" t="H1>-5.0", ctx="{'H1': None}"
check iteration duration=0.000593900680542
GetData ===>> H2,-0.176331280703332,H1,110.315543062455,AX,24.9079307679983,L1,0.307466666513783,L2,0.211709424...
check iteration duration=4.00543212891e-05
GetData ===>> H2,-0.274381245607335,H1,110.075855521726,AX,24.9260488382257,L1,0.315382931553682,L2,0.105511185...
check iteration duration=4.29153442383e-05
GetData ===>> H2,-0.19677327610386,H1,110.151240922423,AX,24.9495610004498,L1,0.30326550657562,L2,0.14196184789...
check iteration duration=7.82012939453e-05
GetData ===>> H2,-0.194890299009984,H1,110.181750010665,AX,24.9827770730982,L1,0.289598450130758,L2,0.193817074...
check iteration duration=0.000115156173706
GetData ===>> H2,-0.137638203487657,H1,110.201352953317,AX,24.9507910462247,L1,0.249580746757795,L2,0.172323290...
testing H1>-5.0
evaluate ot="H1.bs>-5.0" t="H1>-5.0", ctx="{'H1': None}"
check iteration duration=0.000811815261841
GetData ===>> H2,-0.123947110561225,H1,110.170007924277,AX,24.9780256952214,L1,0.299295435979973,L2,0.075174174...
check iteration duration=9.10758972168e-05
GetData ===>> H2,-0.165461952567797,H1,110.169823016637,AX,24.9283775868148,L1,0.289329491192982,L2,0.101703878...
check iteration duration=4.19616699219e-05
GetData ===>> H2,-0.20983482670232,H1,110.155493344657,AX,24.8975191360135,L1,0.264379673294819,L2,0.1333638501...
check iteration duration=4.00543212891e-05
GetData ===>> H2,-0.16766474820958,H1,109.995440882489,AX,25.0310878710521,L1,0.29015586269264,L2,0.10471323436...
check iteration duration=8.48770141602e-05
GetData ===>> H2,-0.199705012897129,H1,109.878923762968,AX,24.9337809970987,L1,0.319370799440099,L2,0.165707279...
testing H1>-5.0
evaluate ot="H1.bs>-5.0" t="H1>-5.0", ctx="{'H1': None}"
check iteration duration=0.000734090805054
16:37:17 -- collecting point 50
GetData ===>> H2,-0.196831270903059,H1,109.957743545226,AX,24.7792414305069,L1,0.303885221320741,L2,0.029262218...
check iteration duration=9.89437103271e-05
GetData ===>> H2,-0.2072520199034,H1,110.079831119665,AX,24.8947463552934,L1,0.300937675051983,L2,0.19163781431...
check iteration duration=7.89165496826e-05
GetData ===>> H2,-0.280429948042697,H1,110.009302501557,AX,24.8388591642238,L1,0.260008635176208,L2,0.235643385...
check iteration duration=8.79764556885e-05
GetData ===>> H2,-0.226296230626145,H1,109.998490332393,AX,24.8678592462885,L1,0.222296298252426,L2,0.112430841...
check iteration duration=4.38690185547e-05
GetData ===>> H2,-0.147255706170181,H1,109.940228488951,AX,24.8341230921175,L1,0.248797354181315,L2,0.059046600...
testing H1>-5.0
evaluate ot="H1.bs>-5.0" t="H1>-5.0", ctx="{'H1': None}"
check iteration duration=0.000550031661987
GetData ===>> H2,-0.0958700057831058,H1,109.789992289571,AX,24.8111390371227,L1,0.277266455865363,L2,0.24898828...
check iteration duration=7.89165496826e-05
GetData ===>> H2,-0.107827820494713,H1,109.907605527296,AX,24.8663947679902,L1,0.315898548134746,L2,0.054861175...
check iteration duration=8.79764556885e-05
GetData ===>> H2,-0.0971145624885556,H1,109.899085454433,AX,24.886219185513,L1,0.287129405260159,L2,0.157802887...
check iteration duration=5.22136688232e-05
GetData ===>> H2,-0.219344883047373,H1,109.625465186551,AX,24.8410571897691,L1,0.296183459012968,L2,0.242492543...
check iteration duration=8.9168548584e-05
GetData ===>> H2,-0.121369404248766,H1,109.61656773886,AX,25.0087365762289,L1,0.302808962773089,L2,0.0702694616...
testing H1>-5.0
evaluate ot="H1.bs>-5.0" t="H1>-5.0", ctx="{'H1': None}"
check iteration duration=0.000582933425903
GetData ===>> H2,-0.153769982029245,H1,109.682830917916,AX,24.8951125676011,L1,0.31458700710832,L2,0.1448584295...
check iteration duration=7.20024108887e-05
GetData ===>> H2,-0.168004847602737,H1,109.716868971856,AX,24.7271057383579,L1,0.299435527682488,L2,0.151370356...
check iteration duration=4.2200088501e-05
GetData ===>> H2,-0.178984818030292,H1,109.619724243763,AX,24.7456536883626,L1,0.308862564312051,L2,0.080811981...
check iteration duration=4.00543212891e-05
GetData ===>> H2,-0.225113954777301,H1,109.642246203747,AX,24.7410000672549,L1,0.309880983461429,L2,0.101293518...
check iteration duration=8.48770141602e-05
GetData ===>> H2,-0.239549445737434,H1,109.736116802048,AX,24.9011421672946,L1,0.303746421433034,L2,0.214003264...
testing H1>-5.0
evaluate ot="H1.bs>-5.0" t="H1>-5.0", ctx="{'H1': None}"
check iteration duration=0.00056004524231
GetData ===>> H2,-0.16603563851061,H1,109.583991197369,AX,24.8016171735561,L1,0.298084636422798,L2,0.1858989518...
check iteration duration=4.00543212891e-05
GetData ===>> H2,-0.220275838436209,H1,109.587903711724,AX,24.76013869378,L1,0.292741291540712,L2,0.07071429731...
check iteration duration=8.20159912109e-05
GetData ===>> H2,-0.197091569480007,H1,109.568637378995,AX,24.7778684329611,L1,0.279135526653298,L2,0.146660284...
check iteration duration=7.39097595215e-05
GetData ===>> H2,-0.0760856585664714,H1,109.632517053748,AX,24.7918476585444,L1,0.266055566445122,L2,0.15483748...
check iteration duration=4.19616699219e-05
GetData ===>> H2,-0.15345513016548,H1,109.464250135874,AX,24.7146376318489,L1,0.26213545282764,L2,0.15855565826...
testing H1>-5.0
evaluate ot="H1.bs>-5.0" t="H1>-5.0", ctx="{'H1': None}"
check iteration duration=0.00054407119751
GetData ===>> H2,-0.282763535364254,H1,109.321855600688,AX,24.7633941612476,L1,0.269721858726447,L2,0.194992298...
check iteration duration=4.00543212891e-05
GetData ===>> H2,-0.133842742400481,H1,109.221907816984,AX,24.716179731748,L1,0.273890583991741,L2,0.1057163740...
check iteration duration=9.08374786377e-05
GetData ===>> H2,-0.138429046374332,H1,109.255388665446,AX,24.6566169329324,L1,0.288307268436292,L2,0.122965181...
check iteration duration=9.10758972168e-05
GetData ===>> H2,-0.330849433528123,H1,109.207455768871,AX,24.6325658713395,L1,0.31740410226295,L2,0.1961333066...
check iteration duration=4.00543212891e-05
GetData ===>> H2,-0.273052621232565,H1,109.1840662202,AX,24.7632764920663,L1,0.303372645141993,L2,0.18658348998...
testing H1>-5.0
evaluate ot="H1.bs>-5.0" t="H1>-5.0", ctx="{'H1': None}"
check iteration duration=0.000618934631348
16:37:43 -- collecting point 75
GetData ===>> H2,-0.19613531369285,H1,109.239089814374,AX,24.7389347593318,L1,0.275306489452566,L2,0.1564912543...
check iteration duration=4.29153442383e-05
GetData ===>> H2,-0.187946368815846,H1,109.136160332727,AX,24.6538455634807,L1,0.262536387235995,L2,0.044358503...
check iteration duration=6.31809234619e-05
GetData ===>> H2,-0.140391720751041,H1,109.035018077535,AX,24.6932334331292,L1,0.254094017225062,L2,0.158304733...
check iteration duration=8.10623168945e-05
GetData ===>> H2,-0.0372062597988014,H1,109.06591768512,AX,24.7027066933144,L1,0.313991018486119,L2,0.171136938...
check iteration duration=8.01086425781e-05
GetData ===>> H2,-0.138953540820227,H1,109.144272270639,AX,24.5829641473047,L1,0.299815612234972,L2,0.141334646...
testing H1>-5.0
evaluate ot="H1.bs>-5.0" t="H1>-5.0", ctx="{'H1': None}"
check iteration duration=0.000571012496948
GetData ===>> H2,-0.151309991012059,H1,109.062692929447,AX,24.487143255911,L1,0.284844640681951,L2,0.1280845605...
check iteration duration=4.10079956055e-05
GetData ===>> H2,-0.1505403015841,H1,108.990660207006,AX,24.6644085166094,L1,0.311459977317463,L2,0.19992155036...
check iteration duration=6.91413879395e-05
GetData ===>> H2,-0.0983210700492094,H1,109.148273087582,AX,24.7400850526186,L1,0.271872893185231,L2,0.16625479...
check iteration duration=8.29696655273e-05
GetData ===>> H2,-0.141189129158152,H1,108.798601369108,AX,24.6266846209404,L1,0.268926735214312,L2,0.105967160...
check iteration duration=8.48770141602e-05
GetData ===>> H2,-0.296723029648144,H1,108.89246811754,AX,24.6469958753056,L1,0.288258593713753,L2,0.1157483493...
testing H1>-5.0
evaluate ot="H1.bs>-5.0" t="H1>-5.0", ctx="{'H1': None}"
check iteration duration=0.000552892684937
GetData ===>> H2,-0.190547302977271,H1,108.828294509589,AX,24.7554321645983,L1,0.308107342888424,L2,0.118883557...
check iteration duration=3.88622283936e-05
GetData ===>> H2,-0.0861707766834464,H1,108.729326874343,AX,24.7023800155501,L1,0.280090880515225,L2,0.16902663...
check iteration duration=3.81469726562e-05
GetData ===>> H2,-0.239461943066613,H1,108.869023707248,AX,24.4977554269064,L1,0.258346701619715,L2,0.086920651...
check iteration duration=8.48770141602e-05
GetData ===>> H2,-0.262396471737144,H1,108.872633141295,AX,24.4403226997543,L1,0.27942273192003,L2,0.0753680864...
check iteration duration=4.19616699219e-05
GetData ===>> H2,-0.191500424677976,H1,108.990862809541,AX,24.4972463325061,L1,0.282826735433019,L2,0.054792750...
testing H1>-5.0
evaluate ot="H1.bs>-5.0" t="H1>-5.0", ctx="{'H1': None}"
check iteration duration=0.000576972961426
GetData ===>> H2,-0.238763243575088,H1,108.808467768478,AX,24.5535221054996,L1,0.311746317905361,L2,0.191637814...
check iteration duration=8.08238983154e-05
GetData ===>> H2,-0.236389013775185,H1,108.619090452718,AX,24.5749954673579,L1,0.293275743794091,L2,0.160836819...
check iteration duration=7.58171081543e-05
GetData ===>> H2,-0.151438267503336,H1,108.732014754603,AX,24.5196356672884,L1,0.289546118198827,L2,0.138221509...
check iteration duration=4.00543212891e-05
GetData ===>> H2,-0.20172469126695,H1,108.677253823816,AX,24.4921685716416,L1,0.325992295197038,L2,0.1667794989...
check iteration duration=7.00950622559e-05
GetData ===>> H2,-0.180902374263302,H1,108.647056185321,AX,24.5189959085302,L1,0.316684822037846,L2,0.161931795...
testing H1>-5.0
evaluate ot="H1.bs>-5.0" t="H1>-5.0", ctx="{'H1': None}"
check iteration duration=0.00062084197998
GetData ===>> H2,-0.281947936091204,H1,108.717747431853,AX,24.6700433792458,L1,0.336928990581193,L2,0.151632667...
check iteration duration=7.41481781006e-05
GetData ===>> H2,-0.200171539391815,H1,108.459517595582,AX,24.6177587924539,L1,0.289829687458117,L2,0.089063336...
check iteration duration=4.19616699219e-05
GetData ===>> H2,-0.151490927958485,H1,108.537820222077,AX,24.619967311942,L1,0.245135033467326,L2,0.0925396043...
check iteration duration=3.79085540771e-05
GetData ===>> H2,-0.0925758095647833,H1,108.425464579378,AX,24.6371534656339,L1,0.253815752459894,L2,0.16792017...
check iteration duration=4.10079956055e-05
GetData ===>> H2,-0.103402973841208,H1,108.628822689005,AX,24.3023092052163,L1,0.277096114865369,L2,0.063323450...
testing H1>-5.0
evaluate ot="H1.bs>-5.0" t="H1>-5.0", ctx="{'H1': None}"
check iteration duration=0.000791072845459
16:38:09 -- collecting point 100
GetData ===>> H2,-0.159583035223394,H1,108.449201606706,AX,24.3963394245847,L1,0.270808870917392,L2,0.152362580...
check iteration duration=4.19616699219e-05
GetData ===>> H2,-0.139510451675068,H1,108.319692412254,AX,24.4184528801306,L1,0.277988003190006,L2,0.193121075...
check iteration duration=7.20024108887e-05
GetData ===>> H2,-0.174549309552072,H1,108.385244885898,AX,24.5428522972887,L1,0.295889971148392,L2,0.108691657...
check iteration duration=4.31537628174e-05
GetData ===>> H2,-0.242915764432171,H1,108.311475034739,AX,24.5159668973525,L1,0.296381963882718,L2,0.160836819...
check iteration duration=3.88622283936e-05
GetData ===>> H2,-0.149477504156053,H1,108.52094970306,AX,24.4241843092084,L1,0.272916350747059,L2,0.1520432426...
testing H1>-5.0
evaluate ot="H1.bs>-5.0" t="H1>-5.0", ctx="{'H1': None}"
check iteration duration=0.000539064407349
GetData ===>> H2,-0.168927923063805,H1,108.407960304395,AX,24.4582526799727,L1,0.290887360694352,L2,0.063015510...
check iteration duration=7.20024108887e-05
GetData ===>> H2,-0.202792359495448,H1,108.289306844023,AX,24.417029861064,L1,0.323153616870932,L2,0.1134112611...
check iteration duration=7.5101852417e-05
GetData ===>> H2,-0.303019013018933,H1,108.122747847836,AX,24.451500842639,L1,0.309228014060293,L2,0.1166946013...
check iteration duration=5.00679016113e-05
GetData ===>> H2,-0.193899725044122,H1,108.203035037753,AX,24.420802860341,L1,0.32810017893606,L2,0.16231960310...
check iteration duration=7.41481781006e-05
GetData ===>> H2,-0.245868038344599,H1,108.150895977935,AX,24.4197975848591,L1,0.311083482108361,L2,0.248531624...
testing H1>-5.0
evaluate ot="H1.bs>-5.0" t="H1>-5.0", ctx="{'H1': None}"
check iteration duration=0.000590085983276
GetData ===>> H2,-0.309028638477984,H1,108.275209826118,AX,24.35376988719,L1,0.315165965916281,L2,0.09454563906...
check iteration duration=8.70227813721e-05
GetData ===>> H2,-0.268944851948232,H1,108.008488690688,AX,24.3928152602696,L1,0.295966691228686,L2,0.160859631...
check iteration duration=3.91006469727e-05
GetData ===>> H2,-0.0906329782491678,H1,107.959964054361,AX,24.3095996285841,L1,0.293498541942134,L2,0.15463218...
check iteration duration=8.98838043213e-05
GetData ===>> H2,-0.158761850429541,H1,107.936313374726,AX,24.4117948766118,L1,0.278506380638173,L2,0.260556545...
check iteration duration=6.103515625e-05
GetData ===>> H2,-0.168188389065182,H1,107.946485660004,AX,24.4115076777211,L1,0.289003342343767,L2,0.143524166...
testing H1>-5.0
evaluate ot="H1.bs>-5.0" t="H1>-5.0", ctx="{'H1': None}"
check iteration duration=0.000592947006226
GetData ===>> H2,-0.0436673174921134,H1,108.013705723261,AX,24.3828437948072,L1,0.28994165688705,L2,0.177057441...
check iteration duration=4.00543212891e-05
GetData ===>> H2,-0.196360560343438,H1,107.968833995256,AX,24.3477290157998,L1,0.28624974688576,L2,0.1392478076...
check iteration duration=8.58306884766e-05
GetData ===>> H2,-0.232655236922584,H1,107.983012269632,AX,24.3548789386586,L1,0.330086546501168,L2,0.088767005...
check iteration duration=7.29560852051e-05
GetData ===>> H2,-0.225100488508478,H1,107.938865563694,AX,24.3506515555987,L1,0.367265191837532,L2,0.133318239...
check iteration duration=8.60691070557e-05
GetData ===>> H2,-0.179434211151222,H1,107.98758559235,AX,24.3618857940237,L1,0.325552242387953,L2,0.1802745159...
testing H1>-5.0
evaluate ot="H1.bs>-5.0" t="H1>-5.0", ctx="{'H1': None}"
check iteration duration=0.000723838806152
GetData ===>> H2,-0.191062295250683,H1,107.837966966097,AX,24.1438648352526,L1,0.291525182063886,L2,0.110515631...
check iteration duration=4.31537628174e-05
waiting for write to finish
measurement finished
estimated time: 125.829 actual time: :126.199
flush and close file /Users/jan/PychronDev/data/isotopes/d5/01fed9-1bb5-4d83-be3c-575d2ee7390b.h5
baselines () {'settling_time': 15.0, 'detector': 'H1', 'mass': 34.2, 'ncounts': 60}
%%%%%%%%%%%%%%%%%%%%%%%%%%%%%%%% Baseline
build tables- baseline [Detector(H2), Detector(H1), Detector(AX), Detector(L1), Detector(L2), Detector(CDD)]
add group baseline table H2
add group baseline table H1
add group baseline table AX
add group baseline table L1
add group baseline table L2
add group baseline table CDD
flush and close file /Users/jan/PychronDev/data/isotopes/d5/01fed9-1bb5-4d83-be3c-575d2ee7390b.h5
detector Detector(H1)
POSITION 34.2 H1
Mapping mass to dac mass func: "parabolic"
H1 map mass coeffs = [-0.00063987  0.15840543  0.57276999]
H1 map mass to dac 34.2 >> 5.24181599104
GetDeflection H1 ===>> 0
GetHighVoltage ===>> 4499.94659342336
positioning 34.2 (5.24178512248) on H1
setting magnet DAC
current  : 5.881125
requested: 5.241785
Delta Dac: 0.639340
Checking detector protection. dv=0.63934
Checking detector "CDD". Protection Threshold: 0.1 (V)
ProtectDetector CDD,On ===>> OK
GetDeflection CDD ===>> 2000
Protected = 2000
SetMagnetDAC 5.24178512248 ===>> OK
Magnet settling time: 0.500
GetMagnetMoving ===>> True
GetMagnetMoving ===>> True
GetMagnetMoving ===>> True
GetMagnetMoving ===>> True
GetMagnetMoving ===>> True
GetMagnetMoving ===>> True
GetMagnetMoving ===>> True
GetMagnetMoving ===>> True
GetMagnetMoving ===>> False
ProtectDetector CDD,Off ===>> OK
GetDeflection CDD ===>> 50
Delaying 15.0s for detectors to settle
Join finished
measuring baseline. ncounts=60
"baseline" increment series count="2" fit count="1" regressing="True"
starting measurement
check iteration duration=3.50475311279e-05
GetData ===>> H2,-0.192952196969812,H1,-0.0962080688757137,AX,-0.0589948819221721,L1,-0.0372521741222761,L2,0.0...
check iteration duration=7.89165496826e-05
GetData ===>> H2,-0.21413819416102,H1,-0.0185378877078478,AX,-0.149678548880487,L1,-0.0248183791919499,L2,-0.05...
check iteration duration=6.79492950439e-05
GetData ===>> H2,-0.183726163810592,H1,0.0155177036996303,AX,-0.0810436972358007,L1,-0.0163602609754234,L2,-0.0...
check iteration duration=7.89165496826e-05
GetData ===>> H2,-0.141506725370604,H1,-0.0073145402449402,AX,-0.0438754567364671,L1,-0.0190968897023129,L2,-0....
testing H1>-5.0
evaluate ot="H1.bs>-5.0" t="H1>-5.0", ctx="{'H1': None}"
check iteration duration=0.000540971755981
GetData ===>> H2,-0.127723353437771,H1,-0.0400626786546397,AX,-0.0670869833256089,L1,-0.0569556519350765,L2,-0....
check iteration duration=7.48634338379e-05
GetData ===>> H2,-0.159060347180227,H1,-0.082264065358406,AX,-0.126192238146211,L1,-0.0312599991960029,L2,0.002...
check iteration duration=8.20159912109e-05
GetData ===>> H2,-0.183711324903738,H1,0.0206121280417861,AX,-0.0489193911250251,L1,-0.0278258605700166,L2,0.03...
check iteration duration=7.10487365723e-05
GetData ===>> H2,-0.316223545970077,H1,0.0148853927688599,AX,-0.0941755542338731,L1,-0.0392120315145582,L2,0.05...
check iteration duration=3.40938568115e-05
GetData ===>> H2,-0.291035777482524,H1,0.0096958218858358,AX,-0.053592044187983,L1,-0.019487775905714,L2,-0.063...
testing H1>-5.0
evaluate ot="H1.bs>-5.0" t="H1>-5.0", ctx="{'H1': None}"
check iteration duration=0.000561952590942
GetData ===>> H2,-0.202941986764244,H1,-0.0754105308775397,AX,-0.0354219322149796,L1,-0.0121406940580973,L2,-0....
check iteration duration=4.19616699219e-05
GetData ===>> H2,-0.281148217308446,H1,-0.0398957451799962,AX,-0.0979884445734474,L1,-0.0137204745392548,L2,-0....
check iteration duration=6.41345977783e-05
GetData ===>> H2,-0.135764294114092,H1,-0.0839088437852407,AX,-0.124268985311775,L1,-0.00770087862336679,L2,-0....
check iteration duration=7.10487365723e-05
GetData ===>> H2,-0.198082807163338,H1,-0.0265282395618847,AX,-0.0698808047528194,L1,0.01262895875673,L2,-0.066...
check iteration duration=4.29153442383e-05
GetData ===>> H2,-0.281550192469106,H1,-0.10774317730069,AX,-0.0449886233583845,L1,0.0214720354505424,L2,0.0923...
testing H1>-5.0
evaluate ot="H1.bs>-5.0" t="H1>-5.0", ctx="{'H1': None}"
check iteration duration=0.000561952590942
GetData ===>> H2,-0.23124751818244,H1,-0.0274941941037053,AX,-0.108927944869399,L1,-0.00774405125855974,L2,-0.0...
check iteration duration=4.10079956055e-05
GetData ===>> H2,-0.135954944059519,H1,-0.0272199116630343,AX,-0.0212035120482508,L1,-0.0138642965608184,L2,-0....
check iteration duration=8.70227813721e-05
GetData ===>> H2,-0.246384674189059,H1,0.00179864632603457,AX,-0.0165525012693007,L1,-0.0247117229024503,L2,-0....
check iteration duration=4.10079956055e-05
GetData ===>> H2,-0.0680670029770377,H1,-0.0196828130958558,AX,-0.0403155571746338,L1,-0.0124547521122578,L2,-0...
check iteration duration=4.00543212891e-05
GetData ===>> H2,-0.125710324819175,H1,-0.0085669421384214,AX,-0.121499897880129,L1,-0.011251209286579,L2,-0.03...
testing H1>-5.0
evaluate ot="H1.bs>-5.0" t="H1>-5.0", ctx="{'H1': None}"
check iteration duration=0.000540018081665
GetData ===>> H2,-0.21660364253763,H1,-0.0069805637602059,AX,-0.138907154600563,L1,-0.0272807464186132,L2,0.011...
check iteration duration=4.10079956055e-05
GetData ===>> H2,-0.207664338489636,H1,-0.0382144710894703,AX,-0.161202272111622,L1,-0.0774352156637346,L2,-0.0...
check iteration duration=4.10079956055e-05
GetData ===>> H2,-0.187520238640642,H1,0.021089370768901,AX,-0.166812926815668,L1,-0.0336130304905622,L2,-0.013...
check iteration duration=4.00543212891e-05
GetData ===>> H2,-0.166706476756699,H1,0.0279380544816689,AX,-0.0475511772910636,L1,-0.050648487153179,L2,-0.06...
check iteration duration=3.91006469727e-05
GetData ===>> H2,-0.120238599158117,H1,0.04419063890595,AX,-0.0712718892422962,L1,-0.0666410976283724,L2,-0.014...
testing H1>-5.0
evaluate ot="H1.bs>-5.0" t="H1>-5.0", ctx="{'H1': None}"
check iteration duration=0.000654935836792
16:39:15 -- collecting point 25
GetData ===>> H2,-0.215035027879292,H1,-0.0421254764695565,AX,-0.100062872297283,L1,-0.0622924164809457,L2,-0.0...
check iteration duration=4.00543212891e-05
GetData ===>> H2,-0.164670893250962,H1,-0.0474909363973762,AX,-0.0185590743255829,L1,-0.0321737352743406,L2,-0....
check iteration duration=8.70227813721e-05
GetData ===>> H2,-0.21079935442322,H1,-0.0515565711235898,AX,0.0304804262659238,L1,-0.0179625143057137,L2,-0.02...
check iteration duration=3.91006469727e-05
GetData ===>> H2,-0.237407346957055,H1,-0.0144470577132292,AX,-0.0381934704064604,L1,-0.0147673490851334,L2,-0....
check iteration duration=5.69820404053e-05
GetData ===>> H2,-0.279665981533685,H1,-0.0583998178711241,AX,-0.0968758841084372,L1,-0.00860746508090364,L2,-0...
testing H1>-5.0
evaluate ot="H1.bs>-5.0" t="H1>-5.0", ctx="{'H1': None}"
check iteration duration=0.00062084197998
GetData ===>> H2,-0.239951949290867,H1,-0.0584475043599262,AX,-0.0972930957737625,L1,-0.0697268484821709,L2,0.0...
check iteration duration=8.20159912109e-05
GetData ===>> H2,-0.25936277056999,H1,-0.0365093202912224,AX,-0.060293373319135,L1,-0.0349228491004504,L2,-0.04...
check iteration duration=7.48634338379e-05
GetData ===>> H2,-0.155068484648704,H1,-0.0461794060899965,AX,-0.182391229526088,L1,-0.0513460092801118,L2,0.00...
check iteration duration=4.00543212891e-05
GetData ===>> H2,-0.132414552271916,H1,-0.0143158621475735,AX,-0.145852463615384,L1,-0.0692905251935128,L2,-0.0...
check iteration duration=4.31537628174e-05
GetData ===>> H2,-0.124919346163626,H1,-0.0645511873213821,AX,0.0904558228389464,L1,-0.0711420789400749,L2,-0.0...
testing H1>-5.0
evaluate ot="H1.bs>-5.0" t="H1>-5.0", ctx="{'H1': None}"
check iteration duration=0.000606060028076
GetData ===>> H2,-0.165973546845694,H1,-0.112580853777744,AX,-0.124616563940176,L1,-0.0365896175631064,L2,-0.04...
check iteration duration=6.89029693604e-05
GetData ===>> H2,-0.257076685973134,H1,0.021089370768901,AX,-0.109379868105403,L1,-0.0462995469145878,L2,-0.006...
check iteration duration=4.10079956055e-05
GetData ===>> H2,-0.143676953368028,H1,-0.0123479080271103,AX,-0.0715848805117152,L1,-0.0424624437350079,L2,0.0...
check iteration duration=9.20295715332e-05
GetData ===>> H2,-0.196666726744541,H1,-0.0108570079337287,AX,-0.120665680358756,L1,-0.0242587206653262,L2,0.00...
check iteration duration=4.41074371338e-05
GetData ===>> H2,-0.374905483878041,H1,-0.00743381729086929,AX,-0.0675506936788367,L1,0.00342224077756302,L2,-0...
testing H1>-5.0
evaluate ot="H1.bs>-5.0" t="H1>-5.0", ctx="{'H1': None}"
check iteration duration=0.000577211380005
GetData ===>> H2,-0.353335225059253,H1,-0.0568261509930277,AX,-0.000173606737574963,L1,0.01949208796283,L2,-0.0...
check iteration duration=3.91006469727e-05
GetData ===>> H2,-0.249857898261137,H1,-0.108517697883159,AX,-0.0436203542589392,L1,-0.0174492453563747,L2,0.00...
check iteration duration=3.981590271e-05
GetData ===>> H2,-0.112750260653883,H1,-0.0622265863375436,AX,-0.12423422738065,L1,-0.0154282941893598,L2,-0.14...
check iteration duration=3.91006469727e-05
GetData ===>> H2,-0.0631158972646197,H1,-0.0951712739512665,AX,-0.112137713126411,L1,-0.0720420330014539,L2,0.0...
check iteration duration=0.000108003616333
GetData ===>> H2,-0.16271460669819,H1,-0.0638836151301668,AX,-0.0471221571273916,L1,-0.0737329634139468,L2,0.13...
testing H1>-5.0
evaluate ot="H1.bs>-5.0" t="H1>-5.0", ctx="{'H1': None}"
check iteration duration=0.000581979751587
GetData ===>> H2,-0.206951529895533,H1,-0.0658624768744119,AX,0.0306660970546014,L1,-0.0674768905933752,L2,0.01...
check iteration duration=3.81469726562e-05
GetData ===>> H2,-0.196805645330766,H1,-0.0593058572722736,AX,-0.105636953382778,L1,-0.0201232333307869,L2,0.05...
check iteration duration=6.5803527832e-05
GetData ===>> H2,-0.184407383592201,H1,-0.0458455592673211,AX,-0.065939290698491,L1,0.0034930745350291,L2,-0.06...
check iteration duration=7.39097595215e-05
GetData ===>> H2,-0.240287133610079,H1,-0.0666611629998258,AX,-0.141469671918338,L1,-0.0142717811265741,L2,0.08...
check iteration duration=4.19616699219e-05
GetData ===>> H2,-0.230263625899473,H1,0.0462194139543961,AX,-0.111210715119457,L1,0.00230937578276017,L2,0.050...
testing H1>-5.0
evaluate ot="H1.bs>-5.0" t="H1>-5.0", ctx="{'H1': None}"
check iteration duration=0.000563859939575
16:39:41 -- collecting point 50
GetData ===>> H2,-0.145741392558426,H1,-0.0585190340504969,AX,-0.0818782545671774,L1,-0.00698850340935923,L2,0....
check iteration duration=7.10487365723e-05
GetData ===>> H2,-0.225892277846889,H1,-0.0281381586190175,AX,-0.184141314459595,L1,-0.0623151455094566,L2,-0.0...
check iteration duration=6.19888305664e-05
GetData ===>> H2,-0.242347827413579,H1,-0.0802378518668377,AX,-0.0447567146955187,L1,-0.0864188015205608,L2,-0....
check iteration duration=9.3936920166e-05
GetData ===>> H2,-0.233731767679124,H1,0.0213876486286459,AX,-0.100561191921415,L1,-0.0714600002191563,L2,-0.08...
check iteration duration=4.38690185547e-05
GetData ===>> H2,-0.202134515230885,H1,-0.0468113273837776,AX,-0.0538934979715779,L1,-0.0212741483644583,L2,0.0...
testing H1>-5.0
evaluate ot="H1.bs>-5.0" t="H1>-5.0", ctx="{'H1': None}"
check iteration duration=0.000578165054321
GetData ===>> H2,-0.220178839427075,H1,-0.0211497296096262,AX,-0.0485135669944628,L1,0.00219533507588247,L2,-0....
check iteration duration=3.79085540771e-05
GetData ===>> H2,-0.181200571635176,H1,-0.0401103738820073,AX,-0.0713994043254776,L1,-0.00967463815600032,L2,-0...
check iteration duration=7.91549682617e-05
GetData ===>> H2,-0.0497398667383481,H1,-0.0803332040099523,AX,-0.0342738660796828,L1,0.00283277916925575,L2,-0...
check iteration duration=7.5101852417e-05
GetData ===>> H2,-0.0992972860008081,H1,-0.094098716171742,AX,-0.161573234481291,L1,-0.00698010811470606,L2,-0....
check iteration duration=4.00543212891e-05
GetData ===>> H2,-0.15506308015938,H1,-0.0357342421426264,AX,-0.0510064599213294,L1,-0.0154306931850709,L2,0.00...
testing H1>-5.0
evaluate ot="H1.bs>-5.0" t="H1>-5.0", ctx="{'H1': None}"
check iteration duration=0.000592947006226
GetData ===>> H2,-0.249025336576768,H1,0.0658171104610751,AX,-0.10988972769744,L1,-0.0313474244577809,L2,-0.082...
check iteration duration=5.19752502441e-05
waiting for write to finish
measurement finished
estimated time: 62.915 actual time: :63.163
flush and close file /Users/jan/PychronDev/data/isotopes/d5/01fed9-1bb5-4d83-be3c-575d2ee7390b.h5
activate_detectors ('H1', 'AX', 'CDD') {'peak_center': True}
peak_center () {'detector': 'H1', 'integration_time': 0.262144, 'isotope': 'Ar40'}
peak center: mean=107.958122189 threshold=3
peak center started
setup peak center. detector=['H1', 'AX', 'CDD'], isotope=Ar40
VersionedUnpickler [<apptools.sweet_pickle.versioned_unpickler.VersionedUnpickler object at 0x1aacc8bf0>] using Updater [<apptools.sweet_pickle.updater.Updater object at 0x12e273d10>]
VersionedUnpickler [<apptools.sweet_pickle.versioned_unpickler.VersionedUnpickler object at 0x1aacc8bf0>] using Updater [<apptools.sweet_pickle.updater.Updater object at 0x12e273d10>]
VersionedUnpickler [<apptools.sweet_pickle.versioned_unpickler.VersionedUnpickler object at 0x12d45f470>] using Updater [<apptools.sweet_pickle.updater.Updater object at 0x12e273d10>]
setting integration time = 0.524288
SetIntegrationTime 0.524288 ===>> OK
Mapping mass to dac mass func: "parabolic"
H1 map mass coeffs = [-0.00063987  0.15840543  0.57276999]
H1 map mass to dac 39.9624 >> 5.88116
GetDeflection H1 ===>> 0
GetHighVoltage ===>> 4499.94659342336
do peak center. <pychron.spectrometer.jobs.peak_center.PeakCenter object at 0x16275af50>
doing pc
starting peak center. center dac= 5.8811253664 step_width=0.001
width = 0.001
get scan parameters. half-width=0.015,window=0.015, i=0, scalar=1
Scan parameters center=5.88113 width=0.03000 (5.86613 - 5.89613)
GetData ===>> H2,-0.16776461972516,H1,-0.00317553871267402,AX,-0.0873374738739358,L1,-0.035063055224178,L2,0.04...
Moving to starting dac 5.8661253664
setting magnet DAC
current  : 5.241785
requested: 5.866125
Delta Dac: 0.624340
Checking detector protection. dv=0.62434
Checking detector "CDD". Protection Threshold: 0.1 (V)
ProtectDetector CDD,On ===>> OK
GetDeflection CDD ===>> 2000
Protected = 2000
SetMagnetDAC 5.8661253664 ===>> OK
Magnet settling time: 0.500
GetMagnetMoving ===>> True
GetMagnetMoving ===>> True
GetMagnetMoving ===>> True
GetMagnetMoving ===>> True
GetMagnetMoving ===>> True
GetMagnetMoving ===>> True
GetMagnetMoving ===>> True
GetMagnetMoving ===>> True
GetMagnetMoving ===>> False
ProtectDetector CDD,Off ===>> OK
GetDeflection CDD ===>> 50
Wait until signal near baseline. tol= -0.00238165403451. timeout= 10
GetData ===>> H2,0.532852957739765,H1,0.249606371134514,AX,0.0120775663801175,L1,0.0182878701513454,L2,0.110219...
GetData ===>> H2,6.75107691767338,H1,3.62648508488983,AX,0.322856415573435,L1,0.0177838879400568,L2,-0.08877571...
GetData ===>> H2,6.80698949424685,H1,3.61146487109403,AX,0.3205562363886,L1,-0.0405798717704248,L2,-0.067932205...
GetData ===>> H2,3.43066263885792,H1,1.70411292725607,AX,0.193062527292944,L1,-0.0629825747899278,L2,-0.0943953...
GetData ===>> H2,1.27274277053188,H1,0.882675970548808,AX,-0.03169936550988,L1,-0.063897909753257,L2,0.03530555...
GetData ===>> H2,0.308139604349542,H1,0.536740977589401,AX,0.0289254473121106,L1,-0.0576705508832056,L2,-0.0101...
GetData ===>> H2,0.0267248845638038,H1,0.351038761921418,AX,-0.0510412440220269,L1,-0.0434467016485253,L2,-0.22...
GetData ===>> H2,-0.0483537352041949,H1,0.232205759282223,AX,0.0339618124787481,L1,-0.0237890412167211,L2,0.001...
GetData ===>> H2,-0.150683635505171,H1,0.0627972397588163,AX,-0.111060077109022,L1,-0.0291061600688756,L2,0.053...
GetData ===>> H2,-0.233157089879028,H1,0.0510528377898336,AX,-0.0516209772036213,L1,-0.0155504564392584,L2,0.02...
GetData ===>> H2,-0.195408289419808,H1,0.0302409401477412,AX,-0.141368381395566,L1,-0.00699569937063073,L2,-0.0...
GetData ===>> H2,-0.260658147308816,H1,0.0604100546460763,AX,0.0101748209331251,L1,0.0050047136277214,L2,-0.103...
GetData ===>> H2,-0.22776481455734,H1,0.0726144333351054,AX,0.0708800038935166,L1,-0.0113962654023053,L2,0.0315...
GetData ===>> H2,-0.195842621226425,H1,0.0418635652062573,AX,0.00903783225954528,L1,-0.0254986782472195,L2,-0.1...
GetData ===>> H2,-0.19365694035428,H1,0.0808834681052641,AX,-0.0812987016242695,L1,-0.0260134279917212,L2,-0.03...
GetData ===>> H2,-0.0678540532905271,H1,0.073591430689013,AX,0.0214526113732027,L1,-0.0250222119819314,L2,-0.00...
GetData ===>> H2,-0.0663537979830578,H1,0.143817223402754,AX,-0.0271532342371697,L1,-0.0224144163922432,L2,-0.0...
GetData ===>> H2,-0.107556447939516,H1,0.0144201099177678,AX,-0.0560500247265518,L1,-0.0426013472879794,L2,-0.1...
GetData ===>> H2,-0.161882846327017,H1,0.0324842164956653,AX,-0.0140007301154775,L1,-0.0383926755217057,L2,-0.0...
GetData ===>> H2,-0.161882846327017,H1,0.0324842164956653,AX,-0.0140007301154775,L1,-0.0383926755217057,L2,-0.0...
GetData ===>> H2,-0.204744098472527,H1,0.0944680909802599,AX,-0.126493467073701,L1,-0.02947473497696,L2,0.15236...
Peak center failed to move to a baseline position
_do_sweep sm= 5.8661253664, em= 5.8961253664, stm= 0.001
calculated step values: start=5.8661253664, end=5.8961253664, width=0.001, nsteps=31.0
setting magnet DAC
current  : 5.866125
requested: 5.866125
Delta Dac: 0.000000
Checking detector protection. dv=0.00000
Checking detector "CDD". Protection Threshold: 0.1 (V)
SetMagnetDAC 5.8661253664 ===>> OK
GetData ===>> H2,-0.18012973498006,H1,0.00628397473827498,AX,-0.0724890718571008,L1,-0.0233220730160084,L2,0.01...
setting magnet DAC
current  : 5.866125
requested: 5.867160
Delta Dac: 0.001034
Checking detector protection. dv=0.00103
Checking detector "CDD". Protection Threshold: 0.1 (V)
SetMagnetDAC 5.86715984916 ===>> OK
Magnet settling time: 1.049
GetData ===>> H2,-0.256145185378591,H1,0.273026778251251,AX,0.0166489483045907,L1,-0.0603508206180347,L2,0.0066...
setting magnet DAC
current  : 5.867160
requested: 5.868194
Delta Dac: 0.001034
Checking detector protection. dv=0.00103
Checking detector "CDD". Protection Threshold: 0.1 (V)
SetMagnetDAC 5.86819433192 ===>> OK
Magnet settling time: 1.049
GetData ===>> H2,-0.176675282387786,H1,0.814417158316005,AX,0.0847856370872201,L1,-0.0470548226903691,L2,0.0386...
setting magnet DAC
current  : 5.868194
requested: 5.869229
Delta Dac: 0.001034
Checking detector protection. dv=0.00103
Checking detector "CDD". Protection Threshold: 0.1 (V)
SetMagnetDAC 5.86922881468 ===>> OK
Magnet settling time: 1.049
GetData ===>> H2,-0.0685430735311238,H1,2.76457270995187,AX,0.343862582308516,L1,0.00561916726265278,L2,-0.0485...
setting magnet DAC
current  : 5.869229
requested: 5.870263
Delta Dac: 0.001034
Checking detector protection. dv=0.00103
Checking detector "CDD". Protection Threshold: 0.1 (V)
SetMagnetDAC 5.87026329743 ===>> OK
Magnet settling time: 1.049
GetData ===>> H2,-0.202671038635315,H1,9.34072245355042,AX,1.28151540754199,L1,0.0294130920859695,L2,-0.0566893...
setting magnet DAC
current  : 5.870263
requested: 5.871298
Delta Dac: 0.001034
Checking detector protection. dv=0.00103
Checking detector "CDD". Protection Threshold: 0.1 (V)
SetMagnetDAC 5.87129778019 ===>> OK
Magnet settling time: 1.049
GetData ===>> H2,-0.200972409956347,H1,25.8112024186629,AX,4.04150335093217,L1,-0.00513417262061889,L2,0.124607...
setting magnet DAC
current  : 5.871298
requested: 5.872332
Delta Dac: 0.001034
Checking detector protection. dv=0.00103
Checking detector "CDD". Protection Threshold: 0.1 (V)
SetMagnetDAC 5.87233226295 ===>> OK
Magnet settling time: 1.049
GetData ===>> H2,-0.224503996216891,H1,51.3139664085949,AX,8.92098058324057,L1,-0.0287303912227594,L2,0.0615084...
setting magnet DAC
current  : 5.872332
requested: 5.873367
Delta Dac: 0.001034
Checking detector protection. dv=0.00103
Checking detector "CDD". Protection Threshold: 0.1 (V)
SetMagnetDAC 5.87336674571 ===>> OK
Magnet settling time: 1.049
GetData ===>> H2,-0.200592205747235,H1,76.4186183904945,AX,14.6262933618343,L1,0.0729561071746177,L2,-0.0367722...
setting magnet DAC
current  : 5.873367
requested: 5.874401
Delta Dac: 0.001034
Checking detector protection. dv=0.00103
Checking detector "CDD". Protection Threshold: 0.1 (V)
SetMagnetDAC 5.87440122847 ===>> OK
Magnet settling time: 1.049
GetData ===>> H2,-0.140550216964062,H1,93.3766174802715,AX,19.3038401338185,L1,0.127342055026267,L2,0.021705676...
setting magnet DAC
current  : 5.874401
requested: 5.875436
Delta Dac: 0.001034
Checking detector protection. dv=0.00103
Checking detector "CDD". Protection Threshold: 0.1 (V)
SetMagnetDAC 5.87543571123 ===>> OK
Magnet settling time: 1.049
GetData ===>> H2,-0.284148709602594,H1,100.994125094213,AX,21.9598835916701,L1,0.168603094976047,L2,-0.02609495...
setting magnet DAC
current  : 5.875436
requested: 5.876470
Delta Dac: 0.001034
Checking detector protection. dv=0.00103
Checking detector "CDD". Protection Threshold: 0.1 (V)
SetMagnetDAC 5.87647019399 ===>> OK
Magnet settling time: 1.049
GetData ===>> H2,-0.239012303265175,H1,103.418992493202,AX,22.7952652861279,L1,0.183783401527323,L2,0.066567531...
setting magnet DAC
current  : 5.876470
requested: 5.877505
Delta Dac: 0.001034
Checking detector protection. dv=0.00103
Checking detector "CDD". Protection Threshold: 0.1 (V)
SetMagnetDAC 5.87750467675 ===>> OK
Magnet settling time: 1.049
GetData ===>> H2,-0.27227226512019,H1,104.025670256115,AX,23.076454516834,L1,0.240698368000123,L2,0.04626430962...
setting magnet DAC
current  : 5.877505
requested: 5.878539
Delta Dac: 0.001034
Checking detector protection. dv=0.00103
Checking detector "CDD". Protection Threshold: 0.1 (V)
SetMagnetDAC 5.8785391595 ===>> OK
Magnet settling time: 1.049
GetData ===>> H2,-0.118400124165204,H1,103.920308545869,AX,23.201475588525,L1,0.257622990292301,L2,0.0957652375...
setting magnet DAC
current  : 5.878539
requested: 5.879574
Delta Dac: 0.001034
Checking detector protection. dv=0.00103
Checking detector "CDD". Protection Threshold: 0.1 (V)
SetMagnetDAC 5.87957364226 ===>> OK
Magnet settling time: 1.049
GetData ===>> H2,-0.160861966061441,H1,104.075115416856,AX,23.3103243854714,L1,0.264445294098977,L2,0.128597653...
setting magnet DAC
current  : 5.879574
requested: 5.880608
Delta Dac: 0.001034
Checking detector protection. dv=0.00103
Checking detector "CDD". Protection Threshold: 0.1 (V)
SetMagnetDAC 5.88060812502 ===>> OK
Magnet settling time: 1.049
GetData ===>> H2,-0.124646209106739,H1,103.903033003801,AX,23.1177059795202,L1,0.255706860479847,L2,0.050980835...
setting magnet DAC
current  : 5.880608
requested: 5.881643
Delta Dac: 0.001034
Checking detector protection. dv=0.00103
Checking detector "CDD". Protection Threshold: 0.1 (V)
SetMagnetDAC 5.88164260778 ===>> OK
Magnet settling time: 1.049
GetData ===>> H2,-0.101042322562737,H1,104.074897880955,AX,23.1639541961135,L1,0.276551042764735,L2,0.129920306...
setting magnet DAC
current  : 5.881643
requested: 5.882677
Delta Dac: 0.001034
Checking detector protection. dv=0.00103
Checking detector "CDD". Protection Threshold: 0.1 (V)
SetMagnetDAC 5.88267709054 ===>> OK
Magnet settling time: 1.049
GetData ===>> H2,-0.228068786797972,H1,104.040458619616,AX,23.1874619382193,L1,0.282516423733532,L2,0.215566758...
setting magnet DAC
current  : 5.882677
requested: 5.883712
Delta Dac: 0.001034
Checking detector protection. dv=0.00103
Checking detector "CDD". Protection Threshold: 0.1 (V)
SetMagnetDAC 5.8837115733 ===>> OK
Magnet settling time: 1.049
GetData ===>> H2,-0.158344482063329,H1,103.952619439397,AX,23.1714781972917,L1,0.270425850055469,L2,0.192014332...
setting magnet DAC
current  : 5.883712
requested: 5.884746
Delta Dac: 0.001034
Checking detector protection. dv=0.00103
Checking detector "CDD". Protection Threshold: 0.1 (V)
SetMagnetDAC 5.88474605606 ===>> OK
Magnet settling time: 1.049
GetData ===>> H2,-0.147968961751337,H1,103.889090863407,AX,22.9450454299329,L1,0.280990333551881,L2,0.226295074...
setting magnet DAC
current  : 5.884746
requested: 5.885781
Delta Dac: 0.001034
Checking detector protection. dv=0.00103
Checking detector "CDD". Protection Threshold: 0.1 (V)
SetMagnetDAC 5.88578053881 ===>> OK
Magnet settling time: 1.049
GetData ===>> H2,-0.30699361081445,H1,103.186574072144,AX,22.5404002102831,L1,0.278658491691673,L2,0.1268645501...
setting magnet DAC
current  : 5.885781
requested: 5.886815
Delta Dac: 0.001034
Checking detector protection. dv=0.00103
Checking detector "CDD". Protection Threshold: 0.1 (V)
SetMagnetDAC 5.88681502157 ===>> OK
Magnet settling time: 1.049
GetData ===>> H2,-0.249833688933593,H1,100.441470876012,AX,21.6560926996673,L1,0.276473177697512,L2,0.199088580...
setting magnet DAC
current  : 5.886815
requested: 5.887850
Delta Dac: 0.001034
Checking detector protection. dv=0.00103
Checking detector "CDD". Protection Threshold: 0.1 (V)
SetMagnetDAC 5.88784950433 ===>> OK
Magnet settling time: 1.049
GetData ===>> H2,-0.145377812044642,H1,92.1340330817217,AX,18.7614920992365,L1,0.224630492971502,L2,0.142509226...
setting magnet DAC
current  : 5.887850
requested: 5.888884
Delta Dac: 0.001034
Checking detector protection. dv=0.00103
Checking detector "CDD". Protection Threshold: 0.1 (V)
SetMagnetDAC 5.88888398709 ===>> OK
Magnet settling time: 1.049
GetData ===>> H2,-0.15006843837256,H1,73.5632545989927,AX,13.3351961189827,L1,0.171148494202843,L2,-0.027073944...
setting magnet DAC
current  : 5.888884
requested: 5.889918
Delta Dac: 0.001034
Checking detector protection. dv=0.00103
Checking detector "CDD". Protection Threshold: 0.1 (V)
SetMagnetDAC 5.88991846985 ===>> OK
Magnet settling time: 1.049
GetData ===>> H2,-0.111934012073915,H1,47.8746586591774,AX,7.54652155201069,L1,0.0923960382357559,L2,0.23622554...
setting magnet DAC
current  : 5.889918
requested: 5.890953
Delta Dac: 0.001034
Checking detector protection. dv=0.00103
Checking detector "CDD". Protection Threshold: 0.1 (V)
SetMagnetDAC 5.89095295261 ===>> OK
Magnet settling time: 1.049
GetData ===>> H2,-0.343963396798623,H1,24.6313080454479,AX,3.29055702810912,L1,0.09099213880019,L2,-0.025662371...
setting magnet DAC
current  : 5.890953
requested: 5.891987
Delta Dac: 0.001034
Checking detector protection. dv=0.00103
Checking detector "CDD". Protection Threshold: 0.1 (V)
SetMagnetDAC 5.89198743537 ===>> OK
Magnet settling time: 1.049
GetData ===>> H2,-0.194677561339643,H1,5.28030067219512,AX,0.473123773584209,L1,0.0464971121985015,L2,-0.030056...
setting magnet DAC
current  : 5.891987
requested: 5.893022
Delta Dac: 0.001034
Checking detector protection. dv=0.00103
Checking detector "CDD". Protection Threshold: 0.1 (V)
SetMagnetDAC 5.89302191812 ===>> OK
Magnet settling time: 1.049
GetData ===>> H2,-0.127498950200043,H1,1.48071231606972,AX,0.109612128850245,L1,0.0103470811409844,L2,-0.007127...
setting magnet DAC
current  : 5.893022
requested: 5.894056
Delta Dac: 0.001034
Checking detector protection. dv=0.00103
Checking detector "CDD". Protection Threshold: 0.1 (V)
SetMagnetDAC 5.89405640088 ===>> OK
Magnet settling time: 1.049
GetData ===>> H2,-0.161953062224201,H1,0.381127570526618,AX,-0.144611830098923,L1,0.00708621343974009,L2,-0.070...
setting magnet DAC
current  : 5.894056
requested: 5.895091
Delta Dac: 0.001034
Checking detector protection. dv=0.00103
Checking detector "CDD". Protection Threshold: 0.1 (V)
SetMagnetDAC 5.89509088364 ===>> OK
Magnet settling time: 1.049
GetData ===>> H2,-0.139189047035414,H1,0.0479498722167683,AX,-0.0335084811321456,L1,-0.0146373047124363,L2,-0.0...
setting magnet DAC
current  : 5.895091
requested: 5.896125
Delta Dac: 0.001034
Checking detector protection. dv=0.00103
Checking detector "CDD". Protection Threshold: 0.1 (V)
SetMagnetDAC 5.8961253664 ===>> OK
Magnet settling time: 1.049
GetData ===>> H2,-0.120380632298459,H1,-0.119038668146776,AX,-0.109947666118405,L1,0.0219989149978738,L2,0.0920...
result of _do_sweep=True
result of _calculate_peak_center=([5.8734299756186843, 5.8810652461597659, 5.8887005167008475], [77.455129356903981, 104.07386462518042, 76.856869620483707], 5.8816363884443348, 104.07386462518042)
Failed to find a valid peak. No peak greater than 1.0. max = 0.0208250754716
new center pos Detector(H1) (Ar40) @ 5.88106524616
GetHighVoltage ===>> 4499.94659342336
GetDeflection H1 ===>> 0
dac uncorrected for HV and deflection 5.88109987941
update mftable H1 Ar40 5.88109987941 message=automated run peakcenter
get initial guess parabolic
get initial guess parabolic
get initial guess parabolic
get initial guess parabolic
get initial guess parabolic
get initial guess parabolic
dump mftable to /Users/jan/PychronDev/setupfiles/spectrometer/mftables/mftable.csv
add to repo msg=modified - automated run peakcenter
sweep finished
locally archiving mftable
setting magnet DAC
current  : 5.896125
requested: 5.881065
Delta Dac: 0.015060
Checking detector protection. dv=0.01506
Checking detector "CDD". Protection Threshold: 0.1 (V)
SetMagnetDAC 5.88106524616 ===>> OK
Magnet settling time: 0.500
setting integration time = 1.048576
SetIntegrationTime 1.048576 ===>> OK
Failed to find a valid peak. No peak greater than 1.0. max = 0.0208250754716
flush and close file /Users/jan/PychronDev/data/isotopes/d5/01fed9-1bb5-4d83-be3c-575d2ee7390b.h5
finished measure script
executed snippet estimated_duration=226.132928, duration=272.046898842
jan_unknown120_60.py completed successfully
Measurement Finished
16:40:39 -- ******* Measurement Finished *******
Post Measurement Started jan_pump_ms.py
16:40:39 -- ******* Post Measurement Started jan_pump_ms.py *******
testing...
no interpolation path defined
executed snippet estimated_duration=0, duration=2.69412994385e-05
Pumping spectrometer
open () {'name': 'O'}
opening name=O desc=---
checking ownership. requestor=129.138.12.150
check software interlocks O
interlocks []
actuate state mode=None-script, software_lock=False
doing actuation None-script open_channel True
Open O ===>> OK
GetIndicatorState O ===>> OK
change switch state (True, True)
update switch state O True args=() kw={} ncanvase=6
16:40:39 -- OPEN   VALVE-O (Jan Ion Pump)
---------------------------------------- open O () result=[(True, True)], time=0.09 sec
action=open, ok=True, locked=[False]
executed snippet estimated_duration=0, duration=0.348670005798
jan_pump_ms.py completed successfully
setting _ms_pumptime
Post Measurement Finished
16:40:39 -- ******* Post Measurement Finished *******
$$$$$$$$$$$$$$$$$$$$ state at run end measurement
state changed from measurement to success
post measurement save measured=True aborted=False
Set filtering
setting fod for Ar40= {'filter_outliers': True, 'std_devs': 2, 'iterations': 1}
setting fod for H1= {'filter_outliers': True, 'std_devs': 2, 'iterations': 1}
setting fod for PM41= {'filter_outliers': False, 'std_devs': 2, 'iterations': 1}
setting fod for H2= {'filter_outliers': True, 'std_devs': 2, 'iterations': 1}
setting fod for Ar36= {'filter_outliers': True, 'std_devs': 2, 'iterations': 1}
setting fod for CDD= {'filter_outliers': True, 'std_devs': 10, 'iterations': 1}
setting fod for Ar37= {'filter_outliers': True, 'std_devs': 2, 'iterations': 1}
setting fod for L2= {'filter_outliers': True, 'std_devs': 2, 'iterations': 1}
setting fod for Ar38= {'filter_outliers': True, 'std_devs': 2, 'iterations': 1}
setting fod for L1= {'filter_outliers': True, 'std_devs': 2, 'iterations': 1}
setting fod for Ar39= {'filter_outliers': True, 'std_devs': 2, 'iterations': 1}
setting fod for AX= {'filter_outliers': True, 'std_devs': 2, 'iterations': 1}
persistence save...
persistence save - db
post measurement save
6949056144 connecting to database sqlite:////Users/jan/PychronDev/.appdata/local_lab.db
connected to db sqlite:////Users/jan/PychronDev/.appdata/local_lab.db
create new session 6949056144
close session 6949056144
No database instance. Not saving post measurement to isotopedb database
$$$$$$$$$$$$$$$ auto_save_detector_ic=False
massspec enabled True
create new session 4997822608
MassSpec Database Version: 16.0
close session 4997822608
saving post measurement to secondary database
saving to massspec database 129.138.12.160/massspecdata
setting labnumber to 65476
setting aliquot to 4
setting step to 
setting uuid to d501fed9-1bb5-4d83-be3c-575d2ee7390b
setting irradpos to 65476
setting extract_device to Fusions CO2
setting tray to 
setting position to 4
setting power_requested to 5.0
setting extract_value to 5.0
setting duration to 30.0
setting duration_at_request to 30.0
setting first_stage_delay to 30.0
setting cleanup to 30.0
setting comment to P:9
setting irradiation to NM-288
setting level to P
setting irradiation_level to P
setting sample to F13114
setting material to Sanidine
setting project to IR960
setting mass_spectrometer to Jan
no attribute chron_dosages
no attribute production_ratios
no attribute interference_corrections
no attribute production_name
no attribute j
Reference Isotope=Ar40
Reference Detector=H1
%%%%%%%%%%%%%%%%%%%% Comment: P:9 %%%%%%%%%%%%%%%%%%%
adding isotope PM41 H2
add baseline dbdet= PM41. original det= H2
get baseline data PM41 H2
Get data baseline <pychron.processing.isotope.Baseline object at 0x197a90b50> len t=60
baseline PM41. v=-0.195303633666, e=0.0071540165843
get signal data PM41 H2
Get data signal PM41 0.02+/-0.06 len t=120
adding isotope Ar40 H1
add baseline dbdet= Ar40. original det= H1
get baseline data Ar40 H1
Get data baseline <pychron.processing.isotope.Baseline object at 0x197a90410> len t=60
baseline Ar40. v=-0.036411597092, e=0.0051160249903
get signal data Ar40 H1
Get data signal Ar40 111.923+/-0.019 len t=120
adding isotope Ar39 AX
add baseline dbdet= Ar39. original det= AX
get baseline data Ar39 AX
Get data baseline <pychron.processing.isotope.Baseline object at 0x12a156c50> len t=60
baseline Ar39. v=-0.0862649735463, e=0.00595091500019
get signal data Ar39 AX
Get data signal Ar39 25.470+/-0.014 len t=120
adding isotope Ar38 L1
add baseline dbdet= Ar38. original det= L1
get baseline data Ar38 L1
Get data baseline <pychron.processing.isotope.Baseline object at 0x199efef50> len t=60
baseline Ar38. v=-0.027990966353, e=0.00333020747885
get signal data Ar38 L1
Get data signal Ar38 0.339+/-0.004 len t=120
adding isotope Ar37 L2
add baseline dbdet= Ar37. original det= L2
get baseline data Ar37 L2
Get data baseline <pychron.processing.isotope.Baseline object at 0x1a55aa090> len t=60
baseline Ar37. v=-0.0161702290176, e=0.00659310119696
get signal data Ar37 L2
Get data signal Ar37 0.161+/-0.010 len t=120
adding isotope Ar36 CDD
add baseline dbdet= Ar36. original det= CDD
get baseline data Ar36 CDD
Get data baseline <pychron.processing.isotope.Baseline object at 0x1a55aac90> len t=60
baseline Ar36. v=6.20272548566e-05, e=1.18901188333e-05
get signal data Ar36 CDD
Get data signal Ar36 0.01360+/-0.00031 len t=120
65476-04 added analysis time 0.507920980453s
analysis added to mass spec database
mass spec save time= 0.517
persistence save - dvc
================= post measurement started
create new session 4992585168
close session 4992585168
---------------- Experiment Queue saving disabled
DVC saving peakcenter
Failed to find a valid peak. No peak greater than 1.0. max = 0.0208250754716
Smart pull ahead: 0 behind: 0
Up-to-date with origin
add to repo msg=modified - ad8224ebc6dbfeb9f5997218dfa5fe690569839d.json
add to repo msg=modified - 76-04.json
add to repo msg=modified - 76-04.dat.json
add to repo msg=modified - 76-04.blan.json
add to repo msg=modified - 76-04.inte.json
add to repo msg=modified - 76-04.icfa.json
add to repo msg=modified - 76-04.base.json
not at valid file /Users/jan/PychronDev/data/.dvc/repositories/Load1794/654/tags/76-04.tags.json
add to repo msg=modified - 76-04.peak.json
add to repo msg=modified - 76-04.extr.json
not at valid file /Users/jan/PychronDev/data/.dvc/repositories/Load1794/654/monitor/76-04.moni.json
commit message=<COLLECTION>
add to repo msg=modified - 76-04.inte.json
add to repo msg=modified - 76-04.base.json
commit message=<ISOEVO> default collection fits
add to repo msg=modified - 76-04.blan.json
commit message=<BLANKS> preceding ba-01-J-2329
add to repo msg=modified - 76-04.icfa.json
commit message=<ICFactor> default
push repository <pychron.git_archive.repo_manager.GitRepoManager object at 0x1a77f6ef0>
pushing to remote=origin, url=https://github.com
no changes to meta repo
create new session 4992585168
add association Load1794
get identifier "65476"
setting analysis irradiation position=<pychron.dvc.dvc_orm.IrradiationPositionTbl object at 0x1a539c9d0>
close session 4992585168
================= post measurement finished
16:40:51 -- ******* Post Run Check *******
loading queue conditionals post_run_actions
loading system conditionals post_run_actions
loading conditionals from /Users/jan/PychronDev/setupfiles/spectrometer/default_conditionals.yaml
loading queue conditionals post_run_terminations
loading system conditionals post_run_terminations
loading conditionals from /Users/jan/PychronDev/setupfiles/spectrometer/default_conditionals.yaml
Checking default post run terminations n=1
GetDeflection CDD ===>> 50
testing CDD==2000
evaluate ot="CDD.deflection==2000" t="CDD==2000", ctx="{'CDD': 50.0}"
16:40:51 -- ******* Post Run Check Passed *******
16:40:51 -- Automated run 65476-04 success duration: 361.137 s
----------------- finish -----------------
----------------- stop -----------------
retroactive repository identifiers disabled
finish run. runs completed=18
update duration runid=65476-04, duration=361.136749029, md5=301e91d8
loading script "jan_unknown120_60.py"
loading script "jan_pump_ms.py"
loading script "jan_co2.py"
loading script "jan_pump_extraction_line.py"
testing...
no interpolation path defined
executed snippet estimated_duration=213.652928, duration=0.000201940536499
script duration name:unknown120_60 seconds:214.0
loading script "jan_unknown120_60.py"
loading script "jan_pump_ms.py"
loading script "jan_co2.py"
loading script "jan_pump_extraction_line.py"
testing...
no interpolation path defined
executed snippet estimated_duration=0, duration=2.50339508057e-05
loading script "jan_unknown120_60.py"
loading script "jan_pump_ms.py"
loading script "jan_co2.py"
loading script "jan_pump_extraction_line.py"
testing...
no interpolation path defined
calculate duration
testing...
no interpolation path defined
executed snippet estimated_duration=0, duration=5.19752502441e-05
calculate duration
testing...
no interpolation path defined
executed snippet estimated_duration=0, duration=9.29832458496e-05
executed snippet estimated_duration=0.0, duration=0.00238990783691
script duration name:co2 seconds:0.0
loading script "jan_unknown120_60.py"
loading script "jan_pump_ms.py"
loading script "jan_co2.py"
loading script "jan_pump_extraction_line.py"
testing...
no interpolation path defined
calculate duration
testing...
no interpolation path defined
executed snippet estimated_duration=4.0, duration=0.000177145004272
executed snippet estimated_duration=4.0, duration=0.00183200836182
Script duration 214.0
Run total estimated duration= 215.000
unknown120_60 in script context. using previous estimated duration
script duration name:unknown120_60 seconds:214.0
pump_ms in script context. using previous estimated duration
co2 in script context. using previous estimated duration
script duration name:co2 seconds:0.0
pump_extraction_line in script context. using previous estimated duration
Script duration 214.0
Run total estimated duration= 215.000
script duration name:unknown120_60 seconds:214.0
script duration name:co2 seconds:0.0
Script duration 214.0
Run total estimated duration= 215.000
script duration name:unknown120_60 seconds:214.0
script duration name:co2 seconds:0.0
Script duration 214.0
Run total estimated duration= 215.000
script duration name:unknown120_60 seconds:214.0
script duration name:co2 seconds:0.0
Script duration 214.0
Run total estimated duration= 215.000
script duration name:unknown120_60 seconds:214.0
script duration name:co2 seconds:0.0
Script duration 214.0
Run total estimated duration= 215.000
script duration name:unknown120_60 seconds:214.0
script duration name:co2 seconds:0.0
Script duration 214.0
Run total estimated duration= 215.000
script duration name:unknown120_60 seconds:214.0
script duration name:co2 seconds:0.0
Script duration 214.0
Run total estimated duration= 215.000
script duration name:unknown120_60 seconds:214.0
script duration name:co2 seconds:0.0
Script duration 214.0
Run total estimated duration= 215.000
script duration name:unknown120_60 seconds:214.0
script duration name:co2 seconds:0.0
Script duration 214.0
Run total estimated duration= 215.000
script duration name:unknown120_60 seconds:214.0
script duration name:co2 seconds:0.0
Script duration 214.0
Run total estimated duration= 215.000
script duration name:unknown120_60 seconds:214.0
script duration name:co2 seconds:0.0
Script duration 214.0
Run total estimated duration= 215.000
script duration name:unknown120_60 seconds:214.0
script duration name:co2 seconds:0.0
Script duration 214.0
Run total estimated duration= 215.000
script duration name:unknown120_60 seconds:214.0
script duration name:co2 seconds:0.0
Script duration 214.0
Run total estimated duration= 215.000
script duration name:unknown120_60 seconds:214.0
script duration name:co2 seconds:0.0
Script duration 214.0
Run total estimated duration= 215.000
script duration name:unknown120_60 seconds:214.0
script duration name:co2 seconds:0.0
Script duration 214.0
Run total estimated duration= 215.000
script duration name:unknown120_60 seconds:214.0
script duration name:co2 seconds:0.0
Script duration 214.0
Run total estimated duration= 215.000
script duration name:unknown120_60 seconds:214.0
script duration name:co2 seconds:0.0
Script duration 214.0
Run total estimated duration= 215.000
script duration name:unknown120_60 seconds:214.0
script duration name:co2 seconds:0.0
Script duration 214.0
Run total estimated duration= 215.000
script duration name:unknown120_60 seconds:214.0
script duration name:co2 seconds:0.0
Script duration 214.0
Run total estimated duration= 215.000
script duration name:unknown120_60 seconds:214.0
script duration name:co2 seconds:0.0
Script duration 214.0
Run total estimated duration= 215.000
script duration name:unknown120_60 seconds:214.0
script duration name:co2 seconds:0.0
Script duration 214.0
Run total estimated duration= 215.000
script duration name:unknown120_60 seconds:214.0
script duration name:co2 seconds:0.0
Script duration 214.0
Run total estimated duration= 215.000
script duration name:unknown120_60 seconds:214.0
script duration name:co2 seconds:0.0
Script duration 214.0
Run total estimated duration= 215.000
script duration name:unknown120_60 seconds:214.0
script duration name:co2 seconds:0.0
Script duration 214.0
Run total estimated duration= 215.000
script duration name:unknown120_60 seconds:214.0
script duration name:co2 seconds:0.0
Script duration 214.0
Run total estimated duration= 215.000
nruns=26 before=0.0, run_dur=5590.0, btw=0.0
write rem/ex queues
/Users/jan/PychronDev/experiments/rem/Load1794.rem.txt
/Users/jan/PychronDev/experiments/rem/Load1794.ex.txt
doing event level: 3
