do run
loading script "jan_unknown120_60.py"
loading script "jan_pump_ms.py"
loading script "jan_co2.py"
loading script "jan_pump_extraction_line.py"
testing...
no interpolation path defined
executed snippet estimated_duration=213.652928, duration=0.000229835510254
script duration name:unknown120_60 seconds:214.0
loading script "jan_unknown120_60.py"
loading script "jan_pump_ms.py"
loading script "jan_co2.py"
loading script "jan_pump_extraction_line.py"
testing...
no interpolation path defined
executed snippet estimated_duration=0, duration=3.40938568115e-05
loading script "jan_unknown120_60.py"
loading script "jan_pump_ms.py"
loading script "jan_co2.py"
loading script "jan_pump_extraction_line.py"
testing...
no interpolation path defined
calculate duration
testing...
no interpolation path defined
executed snippet estimated_duration=0, duration=3.91006469727e-05
calculate duration
testing...
no interpolation path defined
executed snippet estimated_duration=0, duration=6.41345977783e-05
executed snippet estimated_duration=0.0, duration=0.00177407264709
script duration name:co2 seconds:0.0
loading script "jan_unknown120_60.py"
loading script "jan_pump_ms.py"
loading script "jan_co2.py"
loading script "jan_pump_extraction_line.py"
testing...
no interpolation path defined
calculate duration
testing...
no interpolation path defined
executed snippet estimated_duration=4.0, duration=0.000108003616333
executed snippet estimated_duration=4.0, duration=0.000921964645386
Script duration 214.0
Run total estimated duration= 215.000
run duration: 0:03:35
doing event level: 2
16:41:27 -- Setting default integration. t=1.048576
setting integration time = 1.048576
SetIntegrationTime 1.048576 ===>> OK
----------------- start -----------------
**************** Experiment Type: Ar/Ar, Ar/Ar
create new session 4419438256
close session 4419438256
$$$$$ Clearing conditionals
adding conditionals 
Add queue conditionals
add default conditionals
adding default conditionals from /Users/jan/PychronDev/setupfiles/spectrometer/default_conditionals.yaml
Start automated run 65476-05
loading script "jan_unknown120_60.py"
loading script "jan_pump_ms.py"
loading script "jan_co2.py"
loading script "jan_pump_extraction_line.py"
%%%%%%%%%%%%%%%%%% setting automated run 65476-05
No value "sensitivity_multiplier" in metadata
$$$$$$$$$$$$$$$ auto_save_detector_ic=False
============================= Pre Extraction Check =============================
loading queue conditionals pre_run_terminations
loading system conditionals pre_run_terminations
loading conditionals from /Users/jan/PychronDev/setupfiles/spectrometer/default_conditionals.yaml
16:41:27 -- ******* Pre Extraction Check *******
Get a measurement from the spectrometer
GetData ===>> H2,-0.222071516957515,H1,-0.032657718908413,AX,-0.0783429279181737,L1,-0.0185668909010335,L2,0.05...
Pre Extraction Termination data. keys=H2,H1,AX,L1,L2,CDD, signals=-0.22207,-0.03266,-0.07834,-0.01857,0.05195,0.00506
16:41:27 -- testing system defined conditionals
Checking default pre extraction terminations n=2
testing CDD
evaluate ot="CDD.inactive" t="CDD", ctx="{'CDD': False}"
GetDeflection CDD ===>> 50
testing CDD==2000
evaluate ot="CDD.deflection==2000" t="CDD==2000", ctx="{'CDD': 50.0}"
16:41:27 -- ******* Pre Extraction Check Passed *******
=================================================================================
16:41:27 -- stopping status monitor
stop 5288834736
Alive clients [5025639504, 4992986192]
16:41:27 -- starting status monitor
start 5288834736
Monitor already running
start extraction
do extraction
Analysis started at 16:41:27.684232
Extraction Started jan_co2.py
16:41:27 -- ******* Extraction Started jan_co2.py *******
state changed from not run to extraction
DO EXTRACTION <pychron.extraction_line.pyscript_runner.RemotePyScriptRunner object at 0x12bfe48f0>
testing...
no interpolation path defined
calculate duration
testing...
no interpolation path defined
executed snippet estimated_duration=0, duration=5.29289245605e-05
calculate duration
testing...
no interpolation path defined
executed snippet estimated_duration=0, duration=0.000130891799927
executed snippet estimated_duration=100.0, duration=0.00295090675354
Jan CO2 laser analysis
doing GOSUB
testing...
no interpolation path defined
executed snippet estimated_duration=0, duration=4.41074371338e-05
Waiting for CO2 access
wait ('FelixCO2Flag', 0) {}
waiting for FelixCO2Flag = 0
Read FelixCO2Flag ===>> 0
finished waiting
CO2 free
wait ('CO2PumpTimeFlag', 0) {}
waiting for CO2PumpTimeFlag = 0
Read CO2PumpTimeFlag ===>> 0
finished waiting
acquire ('JanCO2Flag',) {'clear': True}
acquire JanCO2Flag
Set JanCO2Flag 1 ===>> OK
JanCO2Flag acquired
set extraction state False (0.75, 'red', 1.5)
CO2 acquired
executed snippet estimated_duration=0, duration=0.019434928894
WaitForCO2Access.py completed successfully
gosub finished
doing GOSUB
testing...
no interpolation path defined
executed snippet estimated_duration=0, duration=9.60826873779e-05
Prepare for CO2 analysis
close () {'description': 'Jan Inlet'}
closing name=--- desc=Jan Inlet
checking ownership. requestor=129.138.12.150
check software interlocks R
interlocks []
actuate state mode=None-script, software_lock=False
doing actuation None-script close_channel False
Close R ===>> OK
GetIndicatorState R ===>> False
change switch state (True, True)
update switch state R False args=() kw={} ncanvase=6
16:41:28 -- CLOSE  VALVE-R (Jan Inlet)
---------------------------------------- close None (Jan Inlet) result=[(True, True)]
action=close, ok=True, locked=[False]
open () {'description': 'Jan Ion Pump'}
opening name=--- desc=Jan Ion Pump
checking ownership. requestor=129.138.12.150
check software interlocks O
interlocks []
actuate state mode=None-script, software_lock=False
doing actuation None-script open_channel False
Open O ===>> OK
GetIndicatorState O ===>> OK
change switch state (True, True)
update switch state O True args=() kw={} ncanvase=6
16:41:28 -- OPEN   VALVE-O (Jan Ion Pump)
---------------------------------------- open None (Jan Ion Pump) result=[(True, True)], time=0.10 sec
action=open, ok=True, locked=[False]
close () {'description': 'Microbone to Minibone'}
closing name=--- desc=Microbone to Minibone
checking ownership. requestor=129.138.12.150
check software interlocks L
interlocks []
actuate state mode=None-script, software_lock=False
doing actuation None-script close_channel False
Close L ===>> OK
GetIndicatorState L ===>> False
change switch state (True, True)
update switch state L False args=() kw={} ncanvase=6
16:41:29 -- CLOSE  VALVE-L (Microbone to Minibone)
---------------------------------------- close None (Microbone to Minibone) result=[(True, True)]
action=close, ok=True, locked=[False]
open () {'description': 'Microbone to Turbo'}
opening name=--- desc=Microbone to Turbo
checking ownership. requestor=129.138.12.150
check software interlocks U
interlocks []
actuate state mode=None-script, software_lock=False
doing actuation None-script open_channel False
Open U ===>> OK
GetIndicatorState U ===>> OK
change switch state (True, True)
update switch state U True args=() kw={} ncanvase=6
16:41:29 -- OPEN   VALVE-U (Microbone to Turbo)
---------------------------------------- open None (Microbone to Turbo) result=[(True, True)], time=0.15 sec
action=open, ok=True, locked=[False]
open () {'description': 'Microbone to Inlet Pipette'}
opening name=--- desc=Microbone to Inlet Pipette
checking ownership. requestor=129.138.12.150
check software interlocks S
interlocks []
actuate state mode=None-script, software_lock=False
doing actuation None-script open_channel False
Open S ===>> OK
GetIndicatorState S ===>> OK
change switch state (True, True)
update switch state S True args=() kw={} ncanvase=6
16:41:30 -- OPEN   VALVE-S (Microbone to Inlet Pipette)
---------------------------------------- open None (Microbone to Inlet Pipette) result=[(True, True)], time=0.41 sec
action=open, ok=True, locked=[False]
open () {'description': 'Microbone to Getter D-50'}
opening name=--- desc=Microbone to Getter D-50
checking ownership. requestor=129.138.12.150
check software interlocks K
interlocks []
actuate state mode=None-script, software_lock=False
doing actuation None-script open_channel False
Open K ===>> OK
GetIndicatorState K ===>> OK
change switch state (True, True)
update switch state K True args=() kw={} ncanvase=6
16:41:30 -- OPEN   VALVE-K (Microbone to Getter D-50)
---------------------------------------- open None (Microbone to Getter D-50) result=[(True, True)], time=0.42 sec
action=open, ok=True, locked=[False]
open () {'description': 'Microbone to Getter NP-10'}
opening name=--- desc=Microbone to Getter NP-10
checking ownership. requestor=129.138.12.150
check software interlocks M
interlocks []
actuate state mode=None-script, software_lock=False
doing actuation None-script open_channel False
Open M ===>> OK
GetIndicatorState M ===>> OK
change switch state (True, True)
update switch state M True args=() kw={} ncanvase=6
16:41:31 -- OPEN   VALVE-M (Microbone to Getter NP-10)
---------------------------------------- open None (Microbone to Getter NP-10) result=[(True, True)], time=0.14 sec
action=open, ok=True, locked=[False]
close () {'description': 'CO2 Laser to Felix'}
closing name=--- desc=CO2 Laser to Felix
checking ownership. requestor=129.138.12.150
check software interlocks F
interlocks []
actuate state mode=None-script, software_lock=True
VALVE-F(CO2 Laser to Felix) software locked
change switch state (True, False)
---------------------------------------- close None (CO2 Laser to Felix) result=[(True, False)]
action=close, ok=True, locked=[True]
open () {'description': 'CO2 Laser to Jan'}
opening name=--- desc=CO2 Laser to Jan
checking ownership. requestor=129.138.12.150
check software interlocks A
interlocks []
actuate state mode=None-script, software_lock=False
doing actuation None-script open_channel False
Open A ===>> OK
GetIndicatorState A ===>> OK
change switch state (True, True)
update switch state A True args=() kw={} ncanvase=6
16:41:31 -- OPEN   VALVE-A (CO2 Laser to Jan)
---------------------------------------- open None (CO2 Laser to Jan) result=[(True, True)], time=0.15 sec
action=open, ok=True, locked=[False]
open () {'description': 'Microbone to CO2 Laser'}
opening name=--- desc=Microbone to CO2 Laser
checking ownership. requestor=129.138.12.150
check software interlocks T
interlocks []
actuate state mode=None-script, software_lock=False
doing actuation None-script open_channel False
Open T ===>> OK
GetIndicatorState T ===>> OK
change switch state (True, True)
update switch state T True args=() kw={} ncanvase=6
16:41:32 -- OPEN   VALVE-T (Microbone to CO2 Laser)
---------------------------------------- open None (Microbone to CO2 Laser) result=[(True, True)], time=0.42 sec
action=open, ok=True, locked=[False]
executed snippet estimated_duration=0, duration=4.98547816277
PrepareForCO2Analysis.py completed successfully
gosub finished
set_motor ('beam', '1.25') {}
setting motor "beam" to 1.25
set motor beam to 1.25
SetMotor beam,1.25 ===>> OK
GetMotorMoving beam ===>> False
GetMotorMoving beam ===>> False
Block completed
move_to_position ('5',) {'autocenter': True}
FusionsCO2 move to position 5
sending GoToHole 5,True
GoToHole 5,True ===>> OK
GetDriveMoving ===>> OK
GetDriveMoving ===>> OK
GetDriveMoving ===>> OK
GetDriveMoving ===>> OK
GetDriveMoving ===>> OK
GetDriveMoving ===>> OK
GetDriveMoving ===>> False
GetDriveMoving ===>> OK
GetDriveMoving ===>> OK
GetDriveMoving ===>> OK
GetDriveMoving ===>> OK
GetDriveMoving ===>> OK
GetDriveMoving ===>> OK
GetDriveMoving ===>> OK
GetDriveMoving ===>> OK
GetDriveMoving ===>> OK
GetDriveMoving ===>> OK
GetDriveMoving ===>> OK
GetDriveMoving ===>> OK
GetDriveMoving ===>> OK
GetDriveMoving ===>> OK
GetDriveMoving ===>> OK
GetDriveMoving ===>> OK
GetDriveMoving ===>> OK
GetDriveMoving ===>> OK
GetDriveMoving ===>> OK
GetDriveMoving ===>> OK
GetDriveMoving ===>> False
Block completed
GetAutoCorrecting ===>> False
GetAutoCorrecting ===>> False
Block completed
update position
GetPosition ===>> 3.98780,15.95120,1.00000
got position (3.9878, 15.9512, 1.0)
move to position succeeded
sleep (5,) {}
SLEEP 5.0
block started
WaitControl setup for 5.0  
Join finished
block finished. duration 5.0382130146
close () {'description': 'Microbone to Turbo'}
closing name=--- desc=Microbone to Turbo
checking ownership. requestor=129.138.12.150
check software interlocks U
interlocks []
actuate state mode=None-script, software_lock=False
doing actuation None-script close_channel True
Close U ===>> OK
GetIndicatorState U ===>> False
change switch state (True, True)
update switch state U False args=() kw={} ncanvase=6
16:41:47 -- CLOSE  VALVE-U (Microbone to Turbo)
---------------------------------------- close None (Microbone to Turbo) result=[(True, True)]
action=close, ok=True, locked=[False]
enable laser
enable () {}
set extraction state FusionsCO2 Enabled (False, 'red', 1.5)
enabling laser
Enable ===>> OK
begin interval
BEGIN INTERVAL Interval 1 waiting for 30.0
block started
set extract to 5.0
WaitControl setup for 30.0  
extract (5.0,) {}
GetPosition ===>> 3.98780,15.95120,1.00000
set extraction state FusionsCO2 ON! 5.0(watts) (0.75, 'red', 1.5)
extract sample to 5.0 (watts)
set laser output
SetLaserOutput 5.0,watts ===>> OK
executing pattern triangle.lp
execute_pattern ('triangle.lp',) {}
executing pattern triangle.lp
IsPatterning ===>> OK
IsPatterning ===>> OK
IsPatterning ===>> OK
IsPatterning ===>> OK
IsPatterning ===>> OK
IsPatterning ===>> OK
IsPatterning ===>> OK
IsPatterning ===>> OK
IsPatterning ===>> OK
IsPatterning ===>> OK
IsPatterning ===>> OK
IsPatterning ===>> OK
IsPatterning ===>> OK
IsPatterning ===>> OK
IsPatterning ===>> OK
IsPatterning ===>> OK
IsPatterning ===>> OK
IsPatterning ===>> OK
IsPatterning ===>> OK
IsPatterning ===>> OK
IsPatterning ===>> OK
IsPatterning ===>> OK
IsPatterning ===>> OK
IsPatterning ===>> OK
IsPatterning ===>> OK
IsPatterning ===>> OK
IsPatterning ===>> False
IsPatterning ===>> False
Block completed
COMPLETE INTERVAL waiting for Interval 1 to complete
Join finished
block finished. duration 30.0802109241
Interval 1 finished
end_extract () {}
ending extraction. set laser power to 0
set laser power 0
SetLaserPower 0 ===>> OK
disable () {}
%%%%%%%%%%%%%%%%%%%%%%%%%%%%%%%%%%% disable
set extraction state False (0.75, 'red', 1.5)
disabling laser
Disable ===>> OK
sleep (30.0,) {}
SLEEP 30.0
block started
WaitControl setup for 30.0  
Join finished
block finished. duration 30.0696618557
executed snippet estimated_duration=166.0, duration=81.273914814
jan_co2.py completed successfully
GetAchievedOutput ===>> No Response
Requested Output= 0.000
Achieved Output=  0.000
GetResponseBlob ===>> No Response
GetOutputBlob ===>> No Response
persistence save...
persistence save - db
AutomatedRunPersister post_extraction_save deprecated
persistence save - dvc
no extraction position for 5
create new session 4992585168
close session 4992585168
Extraction Finished
16:42:49 -- ******* Extraction Finished *******
no overlap. not waiting for min ms pumptime
16:42:49 -- Sending spectrometer configuration
======== Sending configuration ========
SetDeflection CDD,50.0 ===>> OK
SetDeflection H2,0.0 ===>> OK
SetDeflection H1,0.0 ===>> OK
SetDeflection L2,825.0 ===>> OK
SetDeflection L1,400.0 ===>> OK
SetDeflection AX,190.0 ===>> OK
SetZFocus 74.64 ===>> OK
SetZSymmetry -50.72 ===>> OK
SetExtractionLens 26.13 ===>> OK
SetIonRepeller -3.81 ===>> OK
SetElectronEnergy 75.08 ===>> OK
SetYSymmetry -2.81 ===>> OK
SetIonCounterVoltage 1590.0 ===>> OK
send trap current 200.0
GetParameter Trap Current Readback ===>> 198.594579747299
SetParameter Trap Current Set,200.0 ===>> OK
updating mftable name mftable
Using mftable located at /Users/jan/PychronDev/setupfiles/spectrometer/mftables/mftable.csv
============ MFtable ===========
Isotope  H2     H1     AX     L1     L2     CDD    
Ar40     5.8230 5.8811 5.9943 6.1629 6.2326 6.3912
Ar39     5.7223 5.7734 5.8867 6.0490 6.1177 6.2777
Ar36     5.3998 5.4424 5.5501 5.7079 5.7727 5.9288
================================
get initial guess parabolic
get initial guess parabolic
get initial guess parabolic
get initial guess parabolic
get initial guess parabolic
get initial guess parabolic
======== Configuration Finished ========
GetYSymmetry ===>> -2.81
GetZSymmetry ===>> -50.72
GetParameter Trap Current Readback ===>> 198.147042666178
GetHighVoltage ===>> 4499.94659342336
start measurement
do measurement
L#=65476 analysis type=unknown
Measurement Started jan_unknown120_60.py
16:42:49 -- ******* Measurement Started jan_unknown120_60.py *******
state changed from extraction to measurement
setting spec, defl, and gains
GetExtractionLens ===>> 26.13
GetYSymmetry ===>> -2.81
GetZSymmetry ===>> -50.72
GetZFocus ===>> 74.64
GetDeflection H2 ===>> 0
GetDeflection H1 ===>> 0
GetDeflection AX ===>> 190
GetDeflection L1 ===>> 400
GetDeflection L2 ===>> 825
GetDeflection CDD ===>> 50
GetGain H2 ===>> 0.0113
GetGain H1 ===>> 0.1
GetGain AX ===>> 0.097049
GetGain L1 ===>> 0.010355
GetGain L2 ===>> 0.095649
GetGain CDD ===>> 0
pre measurement save
New frame /Users/jan/PychronDev/data/isotopes/8b/51d9ee-94db-4511-a34b-6821ebbd104c.h5
flush and close file /Users/jan/PychronDev/data/isotopes/8b/51d9ee-94db-4511-a34b-6821ebbd104c.h5
testing...
no interpolation path defined
executed snippet estimated_duration=226.132928, duration=0.00015115737915
unknown measurement script
activate_detectors ('H2', 'H1', 'AX', 'L1', 'L2', 'CDD') {}
activate detectors
*************** Set Analysis View Ar/Ar
create graphs
clearing graphs
clear isotope group
setting isotope det=H2, iso=PM41
setting isotope det=H1, iso=Ar40
setting isotope det=AX, iso=Ar39
setting isotope det=L1, iso=Ar38
setting isotope det=L2, iso=Ar37
setting isotope det=CDD, iso=Ar36
setting previous blanks
 - setting Ar40 blank 0.060+/-0.007
 - setting Ar36 blank 0.00385+/-0.00015
 - setting Ar37 blank 0.053+/-0.005
 - setting Ar38 blank 0.0037+/-0.0020
 - setting PM41 blank 0.02+/-0.06
 - setting Ar39 blank 0.030+/-0.009
load analysis view
position_magnet ('Ar40',) {'detector': 'H1'}
detector Detector(H1)
POSITION Ar40 H1
setting detector H2 to PM41 (40.9624)
setting detector H1 to Ar40 (39.9624)
setting detector AX to Ar39 (38.9624)
setting detector L1 to Ar38 (37.9624)
setting detector L2 to Ar37 (36.9624)
setting detector CDD to Ar36 (35.9624)
Mapping mass to dac mass func: "parabolic"
H1 map mass coeffs = [-0.00063987  0.15840543  0.57270999]
H1 map mass to dac 39.9624 >> 5.8811
GetDeflection H1 ===>> 0
GetHighVoltage ===>> 4499.94659342336
positioning Ar40 (5.88106536675) on H1
setting magnet DAC
current  : 5.881065
requested: 5.881065
Delta Dac: 0.000000
Checking detector protection. dv=0.00000
Checking detector "CDD". Protection Threshold: 0.1 (V)
SetMagnetDAC 5.88106536675 ===>> OK
Magnet settling time: 0.500
update labels <pychron.experiment.plot_panel.PlotPanel object at 0x13c06c170>
update labels "<pychron.graph.stacked_regression_graph.StackedRegressionGraph object at 0x199fd5fb0>"
setting label 0 H2 PM41
setting label 1 H1 Ar40
setting label 2 AX Ar39
setting label 3 L1 Ar38
setting label 4 L2 Ar37
setting label 5 CDD Ar36
update labels "<pychron.graph.stacked_graph.StackedGraph object at 0x1a673c6b0>"
setting label 0 H2 PM41
setting label 1 H1 Ar40
setting label 2 AX Ar39
setting label 3 L1 Ar38
setting label 4 L2 Ar37
equilibrate () {'delay': 3, 'inlet': 'R', 'outlet': 'O', 'eqtime': 12.0}
setting label 5 CDD Ar36
Equilibration Started
16:42:50 -- ******* Equilibration Started *******
checking ownership. requestor=129.138.12.150
check software interlocks O
interlocks []
actuate state mode=None-script, software_lock=False
doing actuation None-script close_channel True
Close O ===>> OK
set states for children of O. state=False
handle state [('O', False)]
update switch state O False args=() kw={'refresh': False} ncanvase=6
refresh_canvas_needed fired
GetIndicatorState O ===>> False
change switch state (True, True)
update switch state O False args=() kw={} ncanvase=6
16:42:50 -- CLOSE  VALVE-O (Jan Ion Pump)
waiting 3s before opening inlet value ('R',)
checking ownership. requestor=129.138.12.150
check software interlocks R
interlocks []
actuate state mode=None-script, software_lock=False
doing actuation None-script open_channel True
Open R ===>> OK
GetIndicatorState R ===>> OK
change switch state (True, True)
update switch state R True args=() kw={} ncanvase=6
16:42:53 -- OPEN   VALVE-R (Jan Inlet)
equilibrating for 12.0sec
set_time_zero () {}
sniff (12.0,) {}
py_sniff
build tables- sniff [Detector(H2), Detector(H1), Detector(AX), Detector(L1), Detector(L2), Detector(CDD)]
add group /sniff/PM41 (Group) '' table H2
add group /sniff/Ar40 (Group) '' table H1
add group /sniff/Ar39 (Group) '' table AX
add group /sniff/Ar38 (Group) '' table L1
add group /sniff/Ar37 (Group) '' table L2
add group /sniff/Ar36 (Group) '' table CDD
flush and close file /Users/jan/PychronDev/data/isotopes/8b/51d9ee-94db-4511-a34b-6821ebbd104c.h5
measuring sniff. ncounts=12.0
"sniff" increment series count="1" fit count="0" regressing="False"
starting measurement
check iteration duration=1.71661376953e-05
GetData ===>> H2,-0.113085947854019,H1,0.113299243780385,AX,-0.03512042120794,L1,-0.0090499359626657,L2,0.06399...
check iteration duration=4.50611114502e-05
GetData ===>> H2,0.661190928532547,H1,56.6293586273072,AX,14.9038067621395,L1,0.156719938543201,L2,0.3696577948...
check iteration duration=1.69277191162e-05
GetData ===>> H2,0.719397246008839,H1,128.584339452667,AX,31.4595686167554,L1,0.35491086434868,L2,0.30969893298...
check iteration duration=4.41074371338e-05
GetData ===>> H2,0.214225771726855,H1,152.346653234843,AX,35.893150359467,L1,0.410962075188623,L2,0.24961618816...
check iteration duration=1.90734863281e-05
GetData ===>> H2,0.00151739730473482,H1,160.128520949725,AX,37.4099570029588,L1,0.464591380401009,L2,0.15358291...
check iteration duration=1.90734863281e-05
GetData ===>> H2,-0.0893917768964935,H1,163.27036970381,AX,37.8102527035829,L1,0.457534432417183,L2,0.227231006...
check iteration duration=3.91006469727e-05
GetData ===>> H2,-0.0389273952011983,H1,164.775769584733,AX,37.9948019083934,L1,0.467673568413914,L2,0.13496023...
check iteration duration=1.81198120117e-05
GetData ===>> H2,-0.150705046523487,H1,165.347592307411,AX,38.0508019966998,L1,0.473995490199632,L2,0.225187948...
check iteration duration=4.91142272949e-05
GetData ===>> H2,-0.0716092501209227,H1,165.4750000283,AX,38.0323921206415,L1,0.462897858387867,L2,0.1447786013...
check iteration duration=1.90734863281e-05
GetData ===>> H2,-0.113200999651494,H1,165.617955024227,AX,38.1254556064689,L1,0.454858555172685,L2,0.111564431...
check iteration duration=4.41074371338e-05
GetData ===>> H2,-0.200194460717968,H1,165.610302063494,AX,38.125247513891,L1,0.438331406160535,L2,0.1976280475...
check iteration duration=1.50203704834e-05
Equilibration Finished
16:43:06 -- ******* Equilibration Finished *******
GetData ===>> H2,-0.174142926870584,H1,165.576467168827,AX,38.155771733023,L1,0.451845956813971,L2,0.1860244501...
checking ownership. requestor=129.138.12.150
check software interlocks R
interlocks []
actuate state mode=None-script, software_lock=False
doing actuation None-script close_channel True
Close R ===>> OK
GetIndicatorState R ===>> False
change switch state (True, True)
update switch state R False args=() kw={} ncanvase=6
16:43:06 -- CLOSE  VALVE-R (Jan Inlet)
Post Equilibration Started jan_pump_extraction_line.py
16:43:06 -- ******* Post Equilibration Started jan_pump_extraction_line.py *******
testing...
no interpolation path defined
calculate duration
testing...
no interpolation path defined
executed snippet estimated_duration=4.0, duration=0.000211000442505
executed snippet estimated_duration=4.0, duration=0.00820207595825
Pump after analysis
doing GOSUB
testing...
no interpolation path defined
executed snippet estimated_duration=4.0, duration=0.000157833099365
Pump Microbone
close () {'description': 'Jan Inlet'}
closing name=--- desc=Jan Inlet
checking ownership. requestor=129.138.12.150
check software interlocks R
interlocks []
actuate state mode=None-script, software_lock=False
doing actuation None-script close_channel False
Close R ===>> OK
GetIndicatorState R ===>> False
change switch state (True, True)
update switch state R False args=() kw={} ncanvase=6
16:43:07 -- CLOSE  VALVE-R (Jan Inlet)
---------------------------------------- close None (Jan Inlet) result=[(True, True)]
check iteration duration=4.00543212891e-05
waiting for write to finish
measurement finished
estimated time: 12.583 actual time: :12.665
flush and close file /Users/jan/PychronDev/data/isotopes/8b/51d9ee-94db-4511-a34b-6821ebbd104c.h5
set_fits () {}
using default fits file=/Users/jan/PychronDev/scripts/measurement/fits/nominal_linear.yaml
set "Ar40" to "('Linear', 'SEM')"
No fit for "PM41". defaulting to linear. check the measurement script "jan_unknown120_60.py"
set "PM41" to "linear"
set "Ar36" to "('Linear', 'SEM')"
set "Ar37" to "('linear', 'SEM')"
set "Ar38" to "('linear', 'SEM')"
set "Ar39" to "('Linear', 'SEM')"
set_baseline_fits () {}
using default fits file=/Users/jan/PychronDev/scripts/measurement/fits/nominal_linear.yaml
set "H1" to "('average', 'SEM')"
set "H2" to "('average', 'SEM')"
set "CDD" to "('average', 'SEM')"
set "L2" to "('average', 'SEM')"
set "L1" to "('average', 'SEM')"
set "AX" to "('average', 'SEM')"
multicollect () {'integration_time': 1, 'ncounts': 120}
build tables- signal [Detector(H2), Detector(H1), Detector(AX), Detector(L1), Detector(L2), Detector(CDD)]
add group /signal/PM41 (Group) '' table H2
add group /signal/Ar40 (Group) '' table H1
add group /signal/Ar39 (Group) '' table AX
add group /signal/Ar38 (Group) '' table L1
add group /signal/Ar37 (Group) '' table L2
add group /signal/Ar36 (Group) '' table CDD
flush and close file /Users/jan/PychronDev/data/isotopes/8b/51d9ee-94db-4511-a34b-6821ebbd104c.h5
measuring signal. ncounts=120
action=close, ok=True, locked=[False]
is_closed ('F',) {}
is F () closed?
is closed True
open () {'description': 'CO2 Laser to Jan'}
opening name=--- desc=CO2 Laser to Jan
checking ownership. requestor=129.138.12.150
check software interlocks A
interlocks []
actuate state mode=None-script, software_lock=False
doing actuation None-script open_channel False
"signal" increment series count="2" fit count="1" regressing="True"
Open A ===>> OK
GetIndicatorState A ===>> OK
change switch state (True, True)
update switch state A True args=() kw={} ncanvase=6
16:43:07 -- OPEN   VALVE-A (CO2 Laser to Jan)
---------------------------------------- open None (CO2 Laser to Jan) result=[(True, True)], time=0.14 sec
action=open, ok=True, locked=[False]
sleep (1,) {}
SLEEP 1.0
starting measurement
check iteration duration=6.69956207275e-05
GetData ===>> H2,-0.0244620443324152,H1,165.5249856081,AX,38.1323228702424,L1,0.504234379615579,L2,0.3142071010...
set states for children of B. state=False
handle state [('B', False)]
update switch state B False args=() kw={'refresh': False} ncanvase=6
refresh_canvas_needed fired
close () {'description': 'CO2 Laser to Roughing'}
closing name=--- desc=CO2 Laser to Roughing
checking ownership. requestor=129.138.12.150
check software interlocks G
interlocks []
actuate state mode=None-script, software_lock=True
VALVE-G(CO2 Laser to Roughing) software locked
change switch state (True, False)
---------------------------------------- close None (CO2 Laser to Roughing) result=[(True, False)]
action=close, ok=True, locked=[True]
open () {'description': 'Microbone to Turbo'}
opening name=--- desc=Microbone to Turbo
checking ownership. requestor=129.138.12.150
check software interlocks U
interlocks []
actuate state mode=None-script, software_lock=False
doing actuation None-script open_channel True
Open U ===>> OK
GetIndicatorState U ===>> OK
change switch state (True, True)
update switch state U True args=() kw={} ncanvase=6
check iteration duration=3.81469726562e-05
GetData ===>> H2,0.0209859309660116,H1,165.458203234612,AX,38.1064513521655,L1,0.499678257663255,L2,0.196487021...
16:43:08 -- OPEN   VALVE-U (Microbone to Turbo)
---------------------------------------- open None (Microbone to Turbo) result=[(True, True)], time=0.17 sec
action=open, ok=True, locked=[False]
open () {'description': 'Microbone to Getter NP-10'}
opening name=--- desc=Microbone to Getter NP-10
checking ownership. requestor=129.138.12.150
check software interlocks M
interlocks []
actuate state mode=None-script, software_lock=False
doing actuation None-script open_channel False
Open M ===>> OK
GetIndicatorState M ===>> OK
change switch state (True, True)
update switch state M True args=() kw={} ncanvase=6
16:43:09 -- OPEN   VALVE-M (Microbone to Getter NP-10)
---------------------------------------- open None (Microbone to Getter NP-10) result=[(True, True)], time=0.22 sec
action=open, ok=True, locked=[False]
open () {'description': 'Microbone to Getter D-50'}
opening name=--- desc=Microbone to Getter D-50
checking ownership. requestor=129.138.12.150
check software interlocks K
interlocks []
actuate state mode=None-script, software_lock=False
doing actuation None-script open_channel False
check iteration duration=6.41345977783e-05
GetData ===>> H2,-0.0850616347074296,H1,165.562712632055,AX,38.1335853810023,L1,0.501582339233447,L2,0.15975326...
Open K ===>> OK
GetIndicatorState K ===>> OK
change switch state (True, True)
update switch state K True args=() kw={} ncanvase=6
16:43:10 -- OPEN   VALVE-K (Microbone to Getter D-50)
---------------------------------------- open None (Microbone to Getter D-50) result=[(True, True)], time=0.44 sec
action=open, ok=True, locked=[False]
open () {'description': 'Microbone to CO2 Laser'}
opening name=--- desc=Microbone to CO2 Laser
checking ownership. requestor=129.138.12.150
check software interlocks T
interlocks []
actuate state mode=None-script, software_lock=False
doing actuation None-script open_channel False
Open T ===>> OK
GetIndicatorState T ===>> OK
change switch state (True, True)
update switch state T True args=() kw={} ncanvase=6
16:43:10 -- OPEN   VALVE-T (Microbone to CO2 Laser)
---------------------------------------- open None (Microbone to CO2 Laser) result=[(True, True)], time=0.41 sec
set states for children of C. state=False
handle state [('C', False)]
update switch state C False args=() kw={'refresh': False} ncanvase=6
refresh_canvas_needed fired
action=open, ok=True, locked=[False]
open () {'description': 'Microbone to Inlet Pipette'}
opening name=--- desc=Microbone to Inlet Pipette
checking ownership. requestor=129.138.12.150
check software interlocks S
interlocks []
actuate state mode=None-script, software_lock=False
doing actuation None-script open_channel False
check iteration duration=3.09944152832e-05
GetData ===>> H2,-0.188046156475352,H1,165.557982705516,AX,38.1186997241235,L1,0.480265068036833,L2,0.164213037...
Open S ===>> OK
GetIndicatorState S ===>> OK
change switch state (True, True)
update switch state S True args=() kw={} ncanvase=6
16:43:11 -- OPEN   VALVE-S (Microbone to Inlet Pipette)
---------------------------------------- open None (Microbone to Inlet Pipette) result=[(True, True)], time=0.43 sec
action=open, ok=True, locked=[False]
sleep (1,) {}
SLEEP 1.0
testing H1>-5.0
evaluate ot="H1.bs>-5.0" t="H1>-5.0", ctx="{'H1': None}"
check iteration duration=0.000594854354858
GetData ===>> H2,-0.169483891287036,H1,165.378308781966,AX,38.0270970480904,L1,0.459474848858802,L2,0.243108992...
set_resource () {'name': 'CO2PumpTimeFlag', 'value': 30}
Set CO2PumpTimeFlag 30 ===>> OK
release ('JanCO2Flag',) {}
release JanCO2Flag
Set JanCO2Flag 0 ===>> OK
executed snippet estimated_duration=6.0, duration=6.06312394142
PumpMicrobone.py completed successfully
gosub finished
get_resource_value () {'name': 'JanMiniboneFlag'}
Read JanMiniboneFlag ===>> 0
Get Resource Value JanMiniboneFlag=0.0
get resource value 0.0
get_resource_value () {'name': 'JanMiniboneFlag'}
Read JanMiniboneFlag ===>> 0
Get Resource Value JanMiniboneFlag=0.0
executed snippet estimated_duration=4.0, duration=6.09631609917
jan_pump_extraction_line.py completed successfully
Post Equilibration Finished
16:43:12 -- ******* Post Equilibration Finished *******
check iteration duration=4.10079956055e-05
GetData ===>> H2,-0.101881619285239,H1,165.274873662014,AX,37.9882839861625,L1,0.44403203638139,L2,0.1333410448...
check iteration duration=7.48634338379e-05
GetData ===>> H2,-0.109438878653271,H1,165.22192637647,AX,37.922473435604,L1,0.462615631783342,L2,0.19727432814...
check iteration duration=7.41481781006e-05
GetData ===>> H2,-0.108287797388074,H1,165.277878531511,AX,38.0220655663026,L1,0.480204897077396,L2,0.172962102...
check iteration duration=4.19616699219e-05
GetData ===>> H2,-0.213911954599061,H1,165.199124882446,AX,37.9718521222974,L1,0.492162481519651,L2,0.212998989...
testing H1>-5.0
evaluate ot="H1.bs>-5.0" t="H1>-5.0", ctx="{'H1': None}"
check iteration duration=0.000575065612793
GetData ===>> H2,-0.184097130161018,H1,165.056239948077,AX,37.9784523220366,L1,0.482416717597376,L2,0.187302260...
check iteration duration=7.41481781006e-05
GetData ===>> H2,-0.123676654699178,H1,164.830345591025,AX,37.9480612330131,L1,0.463840305849505,L2,0.192961338...
check iteration duration=3.81469726562e-05
GetData ===>> H2,-0.195881737247802,H1,165.149720520454,AX,37.9478117040174,L1,0.403484760382836,L2,0.153423244...
check iteration duration=7.9870223999e-05
GetData ===>> H2,-0.147076052416025,H1,165.111952288276,AX,37.963907420574,L1,0.45447441519466,L2,0.11265884492...
check iteration duration=4.10079956055e-05
GetData ===>> H2,-0.0571874028652941,H1,164.84888208846,AX,38.0163690272367,L1,0.461901510302174,L2,0.246054299...
testing H1>-5.0
evaluate ot="H1.bs>-5.0" t="H1>-5.0", ctx="{'H1': None}"
check iteration duration=0.00059700012207
GetData ===>> H2,-0.0914459187837762,H1,164.934341790531,AX,37.8954917544926,L1,0.457578627051829,L2,0.27861546...
check iteration duration=4.00543212891e-05
GetData ===>> H2,-0.178466576793608,H1,164.808526281651,AX,37.9155299395071,L1,0.468864465419918,L2,0.086008884...
check iteration duration=6.19888305664e-05
GetData ===>> H2,-0.231239442807948,H1,164.699055795096,AX,37.873157266406,L1,0.475867758984509,L2,0.2192872939...
check iteration duration=3.91006469727e-05
GetData ===>> H2,-0.242093457733391,H1,164.69277312967,AX,37.8926512123962,L1,0.479275361768864,L2,0.1601296535...
check iteration duration=8.9168548584e-05
GetData ===>> H2,-0.15143691723204,H1,164.506126968802,AX,37.791726914531,L1,0.467043799142366,L2,0.19289287977...
testing H1>-5.0
evaluate ot="H1.bs>-5.0" t="H1>-5.0", ctx="{'H1': None}"
check iteration duration=0.000808000564575
GetData ===>> H2,-0.241358579801676,H1,164.331855933893,AX,37.7422192146359,L1,0.424726099956779,L2,0.317836615...
check iteration duration=3.91006469727e-05
GetData ===>> H2,-0.204202282056061,H1,164.445153969366,AX,37.8649560995423,L1,0.425214843842882,L2,0.235266695...
check iteration duration=6.19888305664e-05
GetData ===>> H2,-0.157812281334871,H1,164.702099378627,AX,37.8574758098857,L1,0.457048303952386,L2,0.169768087...
check iteration duration=3.91006469727e-05
GetData ===>> H2,-0.0273603877355327,H1,164.610255878495,AX,37.8128856282559,L1,0.478814445391284,L2,0.19397681...
check iteration duration=6.60419464111e-05
GetData ===>> H2,0.0177016194047087,H1,164.522858350963,AX,37.7398925668818,L1,0.474403330805487,L2,0.119282591...
testing H1>-5.0
evaluate ot="H1.bs>-5.0" t="H1>-5.0", ctx="{'H1': None}"
check iteration duration=0.000550031661987
16:43:33 -- collecting point 25
GetData ===>> H2,-0.182099164185938,H1,164.465800696646,AX,37.7327605738426,L1,0.495888235445391,L2,0.235061229...
check iteration duration=4.10079956055e-05
GetData ===>> H2,-0.149536926209518,H1,164.298955127619,AX,37.7273322433853,L1,0.500569407693945,L2,0.163676940...
check iteration duration=6.98566436768e-05
GetData ===>> H2,-0.266911241432978,H1,164.254266210384,AX,37.7342284822671,L1,0.470610544683668,L2,0.107791082...
check iteration duration=7.31945037842e-05
GetData ===>> H2,-0.29502400038696,H1,164.262542015376,AX,37.6489128611983,L1,0.455959508550799,L2,0.2048282333...
check iteration duration=5.81741333008e-05
GetData ===>> H2,-0.186924168886887,H1,164.288783798226,AX,37.7342977236884,L1,0.443447242806303,L2,0.094796396...
testing H1>-5.0
evaluate ot="H1.bs>-5.0" t="H1>-5.0", ctx="{'H1': None}"
check iteration duration=0.000547885894775
GetData ===>> H2,-0.134850211575201,H1,164.063769402916,AX,37.7211841345266,L1,0.445473933565606,L2,0.143832071...
check iteration duration=9.3936920166e-05
GetData ===>> H2,-0.0948406720245169,H1,163.976257972165,AX,37.6154152181483,L1,0.45158584709346,L2,0.313191318...
check iteration duration=5.60283660889e-05
GetData ===>> H2,-0.191608269320252,H1,164.049550275169,AX,37.7621915238668,L1,0.476530014200496,L2,0.268290777...
check iteration duration=5.91278076172e-05
GetData ===>> H2,-0.0752642570582577,H1,163.980142136316,AX,37.607828324767,L1,0.434289609512705,L2,0.223909632...
check iteration duration=7.10487365723e-05
GetData ===>> H2,-0.130373949893837,H1,164.166600514792,AX,37.7011496496686,L1,0.45361045942484,L2,0.2895574317...
testing H1>-5.0
evaluate ot="H1.bs>-5.0" t="H1>-5.0", ctx="{'H1': None}"
check iteration duration=0.000558137893677
GetData ===>> H2,-0.130765688785954,H1,164.121340096283,AX,37.671180522367,L1,0.446400974144566,L2,0.1276398820...
check iteration duration=9.48905944824e-05
GetData ===>> H2,-0.205609333556391,H1,163.730294671062,AX,37.5158144108693,L1,0.434925940011909,L2,0.207190377...
check iteration duration=4.10079956055e-05
GetData ===>> H2,-0.193507514653825,H1,163.678871532092,AX,37.5477736812716,L1,0.426256105021891,L2,0.163175065...
check iteration duration=3.79085540771e-05
GetData ===>> H2,-0.20931076807094,H1,163.545484682101,AX,37.5104610557126,L1,0.455560598801933,L2,0.1080646740...
check iteration duration=6.98566436768e-05
GetData ===>> H2,-0.150440373159396,H1,163.541324013415,AX,37.7086535234175,L1,0.455748391312626,L2,0.183149439...
testing H1>-5.0
evaluate ot="H1.bs>-5.0" t="H1>-5.0", ctx="{'H1': None}"
check iteration duration=0.000687122344971
GetData ===>> H2,-0.245359451844004,H1,163.591149941346,AX,37.6079252345139,L1,0.500517780350969,L2,0.131904319...
check iteration duration=4.2200088501e-05
GetData ===>> H2,-0.327901409432776,H1,163.694139323251,AX,37.470422467891,L1,0.500515321912506,L2,0.2060720603...
check iteration duration=4.10079956055e-05
GetData ===>> H2,-0.175239181646069,H1,163.771862010288,AX,37.5338129005669,L1,0.482264417132544,L2,0.182875633...
check iteration duration=3.88622283936e-05
GetData ===>> H2,-0.174317092662421,H1,163.584040405196,AX,37.443793045226,L1,0.465724232029461,L2,0.1756999141...
check iteration duration=4.10079956055e-05
GetData ===>> H2,-0.137780153706637,H1,163.276846259103,AX,37.6294027574917,L1,0.44261118056558,L2,0.1050780112...
testing H1>-5.0
evaluate ot="H1.bs>-5.0" t="H1>-5.0", ctx="{'H1': None}"
check iteration duration=0.000560998916626
GetData ===>> H2,-0.0623282308547464,H1,163.307672627107,AX,37.4880128512709,L1,0.444699011331338,L2,0.17248299...
check iteration duration=4.31537628174e-05
GetData ===>> H2,-0.133756190540213,H1,163.24097900722,AX,37.5485623978669,L1,0.459430688426552,L2,0.2067225084...
check iteration duration=4.50611114502e-05
GetData ===>> H2,-0.121466788892903,H1,163.23967960199,AX,37.5535992407184,L1,0.461074565496718,L2,0.1145170957...
check iteration duration=3.88622283936e-05
GetData ===>> H2,-0.148682028952345,H1,163.224087463937,AX,37.5685450054367,L1,0.429270231619479,L2,0.121448803...
check iteration duration=8.01086425781e-05
GetData ===>> H2,-0.253494087592737,H1,163.2945442444,AX,37.4357836400344,L1,0.419247451361758,L2,0.18272732264...
testing H1>-5.0
evaluate ot="H1.bs>-5.0" t="H1>-5.0", ctx="{'H1': None}"
check iteration duration=0.000564098358154
16:43:59 -- collecting point 50
GetData ===>> H2,-0.202734395246824,H1,163.144825146561,AX,37.4638820696519,L1,0.467596226254674,L2,0.159331246...
check iteration duration=7.79628753662e-05
GetData ===>> H2,-0.0573121879859286,H1,162.981433612239,AX,37.3362298650016,L1,0.430219987036864,L2,0.11842752...
check iteration duration=8.29696655273e-05
GetData ===>> H2,-0.10232153366483,H1,163.044452254359,AX,37.2798461273392,L1,0.461435272130075,L2,0.2234530953...
check iteration duration=7.20024108887e-05
GetData ===>> H2,-0.0528190617736279,H1,163.030946418609,AX,37.3852285779556,L1,0.450442423808179,L2,0.20473694...
check iteration duration=4.00543212891e-05
GetData ===>> H2,-0.0850575717174225,H1,162.936777486521,AX,37.5059240384025,L1,0.464414652050956,L2,0.21153824...
testing H1>-5.0
evaluate ot="H1.bs>-5.0" t="H1>-5.0", ctx="{'H1': None}"
check iteration duration=0.000560998916626
GetData ===>> H2,-0.178370753550148,H1,162.805233869613,AX,37.437180959969,L1,0.50359251596583,L2,0.20934716849...
check iteration duration=6.48498535156e-05
GetData ===>> H2,-0.225904396640382,H1,162.581769334396,AX,37.3968176422683,L1,0.472471144556799,L2,0.150503594...
check iteration duration=4.00543212891e-05
GetData ===>> H2,-0.24494637663568,H1,162.588426062645,AX,37.3894602500976,L1,0.452928181948326,L2,0.2448442011...
check iteration duration=3.91006469727e-05
GetData ===>> H2,-0.232484328228724,H1,162.641234675505,AX,37.4881373210279,L1,0.484201502769346,L2,0.230278553...
check iteration duration=4.00543212891e-05
GetData ===>> H2,-0.186639608682173,H1,162.580667107513,AX,37.452585886122,L1,0.462803372967995,L2,0.2493307755...
testing H1>-5.0
evaluate ot="H1.bs>-5.0" t="H1>-5.0", ctx="{'H1': None}"
check iteration duration=0.000633001327515
GetData ===>> H2,-0.279429665064248,H1,162.58434122317,AX,37.2558532918091,L1,0.466291318304101,L2,0.1139128752...
check iteration duration=4.00543212891e-05
GetData ===>> H2,-0.167038506746494,H1,162.165634911974,AX,37.2822501684748,L1,0.478476479878636,L2,0.168935379...
check iteration duration=3.981590271e-05
GetData ===>> H2,-0.340251402446644,H1,162.32781145884,AX,37.2353950564915,L1,0.45849816399915,L2,0.20169020943...
check iteration duration=4.00543212891e-05
GetData ===>> H2,-0.307033262722188,H1,162.2784727758,AX,37.3481872920823,L1,0.474607257160072,L2,0.28785729486...
check iteration duration=3.981590271e-05
GetData ===>> H2,-0.212431859115468,H1,162.296400778767,AX,37.447442822846,L1,0.455457498487524,L2,0.1630153788...
testing H1>-5.0
evaluate ot="H1.bs>-5.0" t="H1>-5.0", ctx="{'H1': None}"
check iteration duration=0.000587940216064
GetData ===>> H2,-0.180301907762726,H1,162.465087872278,AX,37.2913003104276,L1,0.391163791236275,L2,0.256477763...
check iteration duration=5.91278076172e-05
GetData ===>> H2,-0.131467736245365,H1,162.311154911364,AX,37.2246282863854,L1,0.400211094144849,L2,0.258727005...
set states for children of V. state=False
handle state [('V', False)]
update switch state V False args=() kw={'refresh': False} ncanvase=6
refresh_canvas_needed fired
check iteration duration=4.00543212891e-05
GetData ===>> H2,-0.089741386620459,H1,162.253765278059,AX,37.2308062722781,L1,0.425506386345023,L2,0.173167435...
check iteration duration=4.19616699219e-05
GetData ===>> H2,-0.0565729518332902,H1,162.203842224218,AX,37.1108988469238,L1,0.459015055923624,L2,0.18466679...
set states for children of H. state=True
handle state [('H', True)]
update switch state H True args=() kw={'refresh': False} ncanvase=6
refresh_canvas_needed fired
check iteration duration=6.38961791992e-05
GetData ===>> H2,-0.0821684182939567,H1,162.09953900959,AX,37.2312485568244,L1,0.435044873199202,L2,0.070166807...
testing H1>-5.0
evaluate ot="H1.bs>-5.0" t="H1>-5.0", ctx="{'H1': None}"
check iteration duration=0.000626087188721
GetData ===>> H2,-0.200861855440092,H1,161.973254082108,AX,37.1597309566292,L1,0.459123103119201,L2,0.137582930...
check iteration duration=7.08103179932e-05
GetData ===>> H2,-0.11181894744019,H1,161.840229671058,AX,37.0690772257077,L1,0.477844821316552,L2,0.2077951869...
check iteration duration=8.98838043213e-05
GetData ===>> H2,-0.134829927843393,H1,161.819696735824,AX,37.260021596068,L1,0.448661292031623,L2,0.1278679220...
check iteration duration=6.31809234619e-05
GetData ===>> H2,-0.0956655008389018,H1,162.022935944389,AX,37.082887673154,L1,0.445011670718146,L2,0.172836621...
check iteration duration=4.00543212891e-05
GetData ===>> H2,-0.191584004365339,H1,161.904517993945,AX,37.0874706054978,L1,0.408362941335579,L2,0.225918422...
testing H1>-5.0
evaluate ot="H1.bs>-5.0" t="H1>-5.0", ctx="{'H1': None}"
check iteration duration=0.00059700012207
16:44:25 -- collecting point 75
GetData ===>> H2,-0.0944397483873762,H1,161.847153591332,AX,37.0195953872416,L1,0.439475807499204,L2,0.13407081...
check iteration duration=4.2200088501e-05
GetData ===>> H2,-0.0646693789691576,H1,161.89808813425,AX,37.1878712392783,L1,0.432678729061202,L2,0.143934706...
check iteration duration=6.41345977783e-05
GetData ===>> H2,-0.124126960142058,H1,161.810023462465,AX,37.1027529577764,L1,0.440175708955055,L2,0.184233263...
check iteration duration=3.91006469727e-05
GetData ===>> H2,-0.130027961215738,H1,161.716036027855,AX,37.1257700228913,L1,0.463258628871635,L2,0.147492798...
check iteration duration=8.9168548584e-05
GetData ===>> H2,-0.0587661050973097,H1,161.553829093723,AX,37.0640355469121,L1,0.448606096589494,L2,0.21505319...
testing H1>-5.0
evaluate ot="H1.bs>-5.0" t="H1>-5.0", ctx="{'H1': None}"
check iteration duration=0.000761985778809
GetData ===>> H2,-0.0630399799844275,H1,161.428838946243,AX,36.9223643336267,L1,0.442025241939688,L2,0.13136840...
check iteration duration=8.39233398438e-05
GetData ===>> H2,-0.0662615516000774,H1,161.214475174211,AX,36.9964291866255,L1,0.494803570229907,L2,0.18984652...
check iteration duration=8.51154327393e-05
GetData ===>> H2,-0.138395250797476,H1,161.256980471124,AX,36.9504970510571,L1,0.533202907820979,L2,0.162559131...
check iteration duration=3.91006469727e-05
GetData ===>> H2,-0.143882333262086,H1,161.382007099575,AX,37.0977828659876,L1,0.509996954530695,L2,0.126385671...
check iteration duration=7.60555267334e-05
GetData ===>> H2,-0.0860434813912378,H1,161.443765758691,AX,37.0952564843741,L1,0.458802648263928,L2,0.17174151...
testing H1>-5.0
evaluate ot="H1.bs>-5.0" t="H1>-5.0", ctx="{'H1': None}"
check iteration duration=0.000560998916626
GetData ===>> H2,-0.248083755029445,H1,161.34070255763,AX,36.9950901617162,L1,0.429550859898059,L2,0.1796128393...
check iteration duration=6.79492950439e-05
GetData ===>> H2,-0.2398375266632,H1,161.409828883192,AX,36.9700242638764,L1,0.408997054668047,L2,0.14020569540...
check iteration duration=8.70227813721e-05
GetData ===>> H2,-0.194111324317221,H1,161.276577483141,AX,36.8593673892407,L1,0.392866690916171,L2,0.159616391...
check iteration duration=3.981590271e-05
GetData ===>> H2,-0.172610029698083,H1,160.966884629324,AX,36.7919367719531,L1,0.467322464228232,L2,0.143558378...
check iteration duration=4.10079956055e-05
GetData ===>> H2,-0.319590052084847,H1,160.847323329036,AX,36.7962672636918,L1,0.443043913979201,L2,0.112111636...
State checksums do not match. Local:-1722284511 Remote:-1401191061
State checksum failed
testing H1>-5.0
evaluate ot="H1.bs>-5.0" t="H1>-5.0", ctx="{'H1': None}"
check iteration duration=0.000669002532959
GetData ===>> H2,-0.185065632279863,H1,160.98197229504,AX,36.9019761794547,L1,0.438244324024437,L2,0.2157151209...
check iteration duration=3.981590271e-05
GetData ===>> H2,-0.23896787680403,H1,160.763095015419,AX,36.8708350534547,L1,0.414460864176891,L2,0.1382557196...
set states for children of C. state=True
set states for children of H. state=False
handle state [('C', True), ('H', False)]
update switch state C True args=() kw={'refresh': True} ncanvase=6
update switch state H False args=() kw={'refresh': False} ncanvase=6
refresh_canvas_needed fired
check iteration duration=4.00543212891e-05
GetData ===>> H2,-0.204283151825752,H1,160.839748702603,AX,37.0897759441981,L1,0.44244569242677,L2,0.3298332543...
State checksums do not match. Local:287999353 Remote:-110011688
State checksum failed
check iteration duration=6.60419464111e-05
GetData ===>> H2,-0.093030985624083,H1,160.945191593221,AX,36.9806103553074,L1,0.441902664856722,L2,0.193383500...
set states for children of B. state=True
handle state [('B', True)]
update switch state B True args=() kw={'refresh': False} ncanvase=6
refresh_canvas_needed fired
check iteration duration=7.39097595215e-05
GetData ===>> H2,-0.145264497251521,H1,160.747436969905,AX,36.8532821226343,L1,0.442785252442488,L2,0.192002922...
testing H1>-5.0
evaluate ot="H1.bs>-5.0" t="H1>-5.0", ctx="{'H1': None}"
check iteration duration=0.000542879104614
GetData ===>> H2,-0.0986582192963731,H1,160.745845431448,AX,36.8488391141323,L1,0.467102723289917,L2,0.23909073...
check iteration duration=4.10079956055e-05
GetData ===>> H2,-0.201637062505818,H1,160.720210691701,AX,36.8940315649959,L1,0.439978396033895,L2,0.286590769...
check iteration duration=4.10079956055e-05
GetData ===>> H2,-0.236679591125142,H1,160.90101730655,AX,36.9109972879822,L1,0.436798377686171,L2,0.1805483145...
check iteration duration=6.41345977783e-05
GetData ===>> H2,-0.23708046797588,H1,160.822169047367,AX,36.8980589750344,L1,0.447456872058914,L2,0.1818032346...
check iteration duration=5.60283660889e-05
GetData ===>> H2,-0.208616925579945,H1,160.669328872693,AX,36.8977417424489,L1,0.432189630356277,L2,0.193132485...
testing H1>-5.0
evaluate ot="H1.bs>-5.0" t="H1>-5.0", ctx="{'H1': None}"
check iteration duration=0.000694036483765
16:44:51 -- collecting point 100
GetData ===>> H2,-0.0976413250900935,H1,160.485688849257,AX,36.8813791309131,L1,0.416798135828124,L2,0.17289365...
check iteration duration=6.19888305664e-05
GetData ===>> H2,-0.238163302435211,H1,160.349695285696,AX,36.6770965382792,L1,0.47984387869492,L2,0.1073920967...
check iteration duration=7.17639923096e-05
GetData ===>> H2,-0.164608794106608,H1,160.351521324002,AX,36.695478013006,L1,0.473954952707876,L2,0.2651878836...
check iteration duration=8.41617584229e-05
GetData ===>> H2,-0.192814711198815,H1,160.375433391268,AX,36.7169649685324,L1,0.489158266003925,L2,0.245449248...
check iteration duration=7.79628753662e-05
GetData ===>> H2,-0.159858551001038,H1,160.216817759062,AX,36.8211638386948,L1,0.476036083271996,L2,0.162981160...
testing H1>-5.0
evaluate ot="H1.bs>-5.0" t="H1>-5.0", ctx="{'H1': None}"
check iteration duration=0.000542163848877
GetData ===>> H2,-0.318962679268523,H1,160.436893144633,AX,36.7138226730793,L1,0.487767084541961,L2,0.149192061...
check iteration duration=4.00543212891e-05
GetData ===>> H2,-0.301838700360579,H1,160.34952342422,AX,36.6617647891401,L1,0.462339548021304,L2,0.1569246614...
check iteration duration=8.29696655273e-05
GetData ===>> H2,-0.0449898414095952,H1,160.018843912517,AX,36.674986923452,L1,0.455556916630073,L2,0.222186216...
check iteration duration=4.00543212891e-05
GetData ===>> H2,-0.102076537296461,H1,160.045893090738,AX,36.7420788345099,L1,0.398270863367861,L2,0.181700558...
check iteration duration=8.01086425781e-05
GetData ===>> H2,-0.162163707305329,H1,159.853555105727,AX,36.6108206237429,L1,0.433869088991933,L2,-0.00380673...
testing H1>-5.0
evaluate ot="H1.bs>-5.0" t="H1>-5.0", ctx="{'H1': None}"
check iteration duration=0.000674962997437
GetData ===>> H2,-0.120214250441348,H1,159.820920972083,AX,36.6121297842798,L1,0.454044882668937,L2,0.138666237...
check iteration duration=7.41481781006e-05
GetData ===>> H2,-0.218363996156704,H1,159.852417853656,AX,36.5890493896619,L1,0.44158887417712,L2,0.0926649802...
check iteration duration=3.81469726562e-05
GetData ===>> H2,-0.13773013335596,H1,160.03760616485,AX,36.6841840227705,L1,0.433518464032039,L2,0.27108574955...
check iteration duration=8.10623168945e-05
GetData ===>> H2,-0.165528096663848,H1,159.717221898475,AX,36.6205776712619,L1,0.410680460395032,L2,0.248166300...
check iteration duration=3.91006469727e-05
GetData ===>> H2,-0.0616191488932109,H1,159.779562865787,AX,36.58457163772,L1,0.408842807282503,L2,0.2140489132...
testing H1>-5.0
evaluate ot="H1.bs>-5.0" t="H1>-5.0", ctx="{'H1': None}"
check iteration duration=0.000554084777832
GetData ===>> H2,-0.22114879206083,H1,159.695771838573,AX,36.4286380608976,L1,0.412858890644675,L2,0.0917075682...
check iteration duration=5.79357147217e-05
GetData ===>> H2,-0.318170370031955,H1,159.675566872257,AX,36.5517584522138,L1,0.484286266252437,L2,0.198552288...
check iteration duration=7.89165496826e-05
GetData ===>> H2,-0.174526358094785,H1,159.549026439325,AX,36.5942162419858,L1,0.458468698257672,L2,0.190816325...
check iteration duration=7.82012939453e-05
GetData ===>> H2,-0.171513213606608,H1,159.536295851648,AX,36.6567052064022,L1,0.44230227152561,L2,0.1150643176...
check iteration duration=4.00543212891e-05
GetData ===>> H2,-0.269236489751315,H1,159.288120383704,AX,36.6426856661311,L1,0.432524274326203,L2,0.125177084...
testing H1>-5.0
evaluate ot="H1.bs>-5.0" t="H1>-5.0", ctx="{'H1': None}"
check iteration duration=0.000631809234619
GetData ===>> H2,-0.191304953644453,H1,159.382438230134,AX,36.6751937467341,L1,0.423524550218315,L2,0.224811299...
check iteration duration=1.8835067749e-05
waiting for write to finish
measurement finished
estimated time: 125.829 actual time: :126.155
flush and close file /Users/jan/PychronDev/data/isotopes/8b/51d9ee-94db-4511-a34b-6821ebbd104c.h5
baselines () {'settling_time': 15.0, 'detector': 'H1', 'mass': 34.2, 'ncounts': 60}
%%%%%%%%%%%%%%%%%%%%%%%%%%%%%%%% Baseline
build tables- baseline [Detector(H2), Detector(H1), Detector(AX), Detector(L1), Detector(L2), Detector(CDD)]
add group baseline table H2
add group baseline table H1
add group baseline table AX
add group baseline table L1
add group baseline table L2
add group baseline table CDD
flush and close file /Users/jan/PychronDev/data/isotopes/8b/51d9ee-94db-4511-a34b-6821ebbd104c.h5
detector Detector(H1)
POSITION 34.2 H1
Mapping mass to dac mass func: "parabolic"
H1 map mass coeffs = [-0.00063987  0.15840543  0.57270999]
H1 map mass to dac 34.2 >> 5.24175599104
GetDeflection H1 ===>> 0
GetHighVoltage ===>> 4499.94659342336
positioning 34.2 (5.24172512283) on H1
setting magnet DAC
current  : 5.881065
requested: 5.241725
Delta Dac: 0.639340
Checking detector protection. dv=0.63934
Checking detector "CDD". Protection Threshold: 0.1 (V)
ProtectDetector CDD,On ===>> OK
GetDeflection CDD ===>> 2000
Protected = 2000
SetMagnetDAC 5.24172512283 ===>> OK
Magnet settling time: 0.500
GetMagnetMoving ===>> True
GetMagnetMoving ===>> True
GetMagnetMoving ===>> True
GetMagnetMoving ===>> True
GetMagnetMoving ===>> True
GetMagnetMoving ===>> True
GetMagnetMoving ===>> True
GetMagnetMoving ===>> True
GetMagnetMoving ===>> False
ProtectDetector CDD,Off ===>> OK
GetDeflection CDD ===>> 50
Delaying 15.0s for detectors to settle
Join finished
measuring baseline. ncounts=60
"baseline" increment series count="2" fit count="1" regressing="True"
starting measurement
check iteration duration=3.38554382324e-05
GetData ===>> H2,-0.224847319667877,H1,-0.0143039352694661,AX,-0.0275707449442434,L1,-0.0397558361864386,L2,0.0...
check iteration duration=3.88622283936e-05
GetData ===>> H2,-0.213478316117546,H1,-0.0311074969505441,AX,-0.0898177822957342,L1,-0.03825251583285,L2,0.023...
check iteration duration=9.29832458496e-05
GetData ===>> H2,-0.185683380043727,H1,-0.0999380583111663,AX,-0.0436087586758931,L1,-0.0269225124585371,L2,-0....
check iteration duration=4.10079956055e-05
GetData ===>> H2,-0.222599524177704,H1,-0.100831805095791,AX,-0.125983694496112,L1,-0.0116396193138694,L2,-0.01...
testing H1>-5.0
evaluate ot="H1.bs>-5.0" t="H1>-5.0", ctx="{'H1': None}"
check iteration duration=0.000589847564697
GetData ===>> H2,-0.221556955576528,H1,0.0401332121324539,AX,-0.0612092630799077,L1,0.00670988759375237,L2,-0.0...
check iteration duration=8.60691070557e-05
GetData ===>> H2,-0.199154864449894,H1,0.0228671199490329,AX,-0.130919107634444,L1,-0.029659862872399,L2,0.0330...
check iteration duration=7.70092010498e-05
GetData ===>> H2,-0.238576108626539,H1,-0.0695339962098583,AX,-0.220943751631734,L1,-0.050214156453713,L2,0.050...
check iteration duration=7.89165496826e-05
GetData ===>> H2,-0.261286997762629,H1,-0.0403130783446002,AX,-0.0870940757154589,L1,-0.0310995179699613,L2,-0....
check iteration duration=6.29425048828e-05
GetData ===>> H2,-0.276851345384075,H1,-0.0320734072977612,AX,-0.12181272760635,L1,-0.0239734865670106,L2,0.002...
testing H1>-5.0
evaluate ot="H1.bs>-5.0" t="H1>-5.0", ctx="{'H1': None}"
check iteration duration=0.000715970993042
GetData ===>> H2,-0.301007042157057,H1,0.0156370080967029,AX,-0.0400256573395517,L1,-0.0139493902890721,L2,0.03...
check iteration duration=8.39233398438e-05
GetData ===>> H2,-0.307916263468349,H1,-0.0339575018896586,AX,-0.0534529113574912,L1,0.0262949669232749,L2,-0.0...
check iteration duration=4.00543212891e-05
GetData ===>> H2,-0.252948196028857,H1,0.0332956267022013,AX,-0.0365931776493065,L1,-9.5981905421527E-06,L2,-0....
check iteration duration=8.39233398438e-05
GetData ===>> H2,-0.226666507988473,H1,-0.0298434520439759,AX,0.0153146395175911,L1,-0.0147133679848248,L2,-0.0...
check iteration duration=3.79085540771e-05
GetData ===>> H2,-0.275251685088209,H1,-0.0625126939881813,AX,-0.183156171186055,L1,0.00217972960590499,L2,0.00...
testing H1>-5.0
evaluate ot="H1.bs>-5.0" t="H1>-5.0", ctx="{'H1': None}"
check iteration duration=0.000579118728638
GetData ===>> H2,-0.175416030542993,H1,-0.0545371368118939,AX,-0.053707988061435,L1,-0.0121323030596336,L2,0.09...
check iteration duration=4.19616699219e-05
GetData ===>> H2,-0.283605945800072,H1,-0.0016129316718015,AX,-0.0900843537369614,L1,-0.0396420468942315,L2,-0....
check iteration duration=5.60283660889e-05
GetData ===>> H2,-0.221454579313942,H1,-0.0728835440653828,AX,-0.115127221521352,L1,-0.102785146942288,L2,0.054...
check iteration duration=4.00543212891e-05
GetData ===>> H2,-0.223930208456293,H1,-0.0532137766036776,AX,-0.139707223816839,L1,-0.0507585624742761,L2,-0.0...
check iteration duration=5.79357147217e-05
GetData ===>> H2,-0.119347131539923,H1,-0.0727524250835774,AX,-0.175031256112477,L1,-0.0701954266135175,L2,-0.0...
testing H1>-5.0
evaluate ot="H1.bs>-5.0" t="H1>-5.0", ctx="{'H1': None}"
check iteration duration=0.000774145126343
GetData ===>> H2,-0.204315499571731,H1,-0.0839326809549455,AX,-0.0724658875685243,L1,-0.0482037862933099,L2,0.0...
check iteration duration=3.981590271e-05
GetData ===>> H2,-0.0987963257385494,H1,-0.0799637139490937,AX,-0.0271416366919822,L1,0.0091889455094375,L2,0.0...
check iteration duration=8.51154327393e-05
GetData ===>> H2,-0.126013180685154,H1,-0.0394784102750954,AX,-0.10054960312193,L1,-0.0232028346676601,L2,-0.04...
check iteration duration=3.981590271e-05
GetData ===>> H2,-0.188929373756805,H1,0.03038412649794,AX,-0.0834893936107685,L1,-0.0259064483948559,L2,-0.012...
check iteration duration=7.79628753662e-05
GetData ===>> H2,-0.136748608337423,H1,-0.0229624747887012,AX,-0.0526876772341025,L1,-0.0316647837457382,L2,-0....
testing H1>-5.0
evaluate ot="H1.bs>-5.0" t="H1>-5.0", ctx="{'H1': None}"
check iteration duration=0.000595092773438
16:45:57 -- collecting point 25
GetData ===>> H2,-0.105270550518848,H1,-0.109316043592611,AX,-0.0407677991929682,L1,-0.0369215003582396,L2,-0.0...
check iteration duration=8.60691070557e-05
GetData ===>> H2,-0.140824220403523,H1,-0.0202791232151831,AX,-0.0407098195644468,L1,-0.02549184559746,L2,-0.00...
check iteration duration=7.79628753662e-05
GetData ===>> H2,-0.130715637501106,H1,-0.0829911084320177,AX,-0.197596213578167,L1,-0.0353111074220876,L2,0.03...
check iteration duration=3.79085540771e-05
GetData ===>> H2,-0.0965755873059861,H1,-0.0818707447723497,AX,-0.151348066194567,L1,-0.0505623404083035,L2,-0....
check iteration duration=6.19888305664e-05
GetData ===>> H2,-0.185715750176084,H1,-0.030320451997423,AX,-0.111210715119457,L1,-0.0436729954939476,L2,0.034...
testing H1>-5.0
evaluate ot="H1.bs>-5.0" t="H1>-5.0", ctx="{'H1': None}"
check iteration duration=0.000561952590942
GetData ===>> H2,-0.201486069817197,H1,-0.172887173398428,AX,-0.106737825602506,L1,-0.0432395604866459,L2,0.045...
check iteration duration=4.00543212891e-05
GetData ===>> H2,-0.180552893139725,H1,-0.082740815511184,AX,-0.0381934704064604,L1,-0.0321809202879648,L2,-0.0...
check iteration duration=7.79628753662e-05
GetData ===>> H2,-0.0965214175323239,H1,-0.00956885237084466,AX,-0.0224097229381246,L1,-0.0152459688415128,L2,-...
check iteration duration=6.103515625e-05
GetData ===>> H2,-0.129281887230907,H1,-0.0430316632239912,AX,-0.0151490354135691,L1,-0.0296371046061145,L2,-0....
check iteration duration=6.41345977783e-05
GetData ===>> H2,-0.278695172594183,H1,-0.0413862127768503,AX,-0.246787514647633,L1,-0.0160184299002444,L2,-0.0...
testing H1>-5.0
evaluate ot="H1.bs>-5.0" t="H1>-5.0", ctx="{'H1': None}"
check iteration duration=0.000640153884888
GetData ===>> H2,-0.219679011892441,H1,-0.0681393115499638,AX,-0.0738917110353921,L1,-0.0274736363424337,L2,0.0...
check iteration duration=4.00543212891e-05
GetData ===>> H2,-0.108980433331696,H1,-0.0879372448571168,AX,-0.0855409493178252,L1,0.00245222859536662,L2,-0....
check iteration duration=8.01086425781e-05
GetData ===>> H2,-0.152102581478454,H1,0.0134418299508667,AX,0.0287397798430885,L1,0.00171037638648609,L2,-0.08...
check iteration duration=7.70092010498e-05
GetData ===>> H2,-0.133802171298192,H1,0.0118193379114341,AX,-0.0573717433097955,L1,-0.026102959357335,L2,0.004...
check iteration duration=7.89165496826e-05
GetData ===>> H2,-0.0706681940197212,H1,-0.064777684017314,AX,-0.0562471242506535,L1,-0.0228792151785882,L2,-0....
testing H1>-5.0
evaluate ot="H1.bs>-5.0" t="H1>-5.0", ctx="{'H1': None}"
check iteration duration=0.000572919845581
GetData ===>> H2,-0.165221670765605,H1,-0.0104753339396744,AX,-0.120851062648376,L1,-0.0291076609270201,L2,-0.0...
check iteration duration=8.29696655273e-05
GetData ===>> H2,-0.193433384014804,H1,-0.0364735475857579,AX,-0.0647104330814264,L1,-0.0702683411412189,L2,-0....
check iteration duration=8.82148742676e-05
GetData ===>> H2,-0.202367730792121,H1,-0.0512585096722028,AX,-0.118950877431792,L1,-0.0619646342425038,L2,-0.0...
check iteration duration=4.10079956055e-05
GetData ===>> H2,-0.223454789653979,H1,-0.144860875024277,AX,-0.0893194076421248,L1,-0.0814625112356918,L2,-0.0...
check iteration duration=4.10079956055e-05
GetData ===>> H2,-0.0629369485799139,H1,-0.0723352271803311,AX,-0.0442117271624323,L1,-0.0496816868600311,L2,-0...
testing H1>-5.0
evaluate ot="H1.bs>-5.0" t="H1>-5.0", ctx="{'H1': None}"
check iteration duration=0.000579118728638
GetData ===>> H2,-0.210839765800142,H1,0.00866986960816902,AX,0.0128665205218289,L1,-0.0145917647929958,L2,-0.0...
check iteration duration=6.91413879395e-05
GetData ===>> H2,-0.166756416848424,H1,0.0190014506343374,AX,0.00936268481118827,L1,-0.00134048646074523,L2,-0....
check iteration duration=4.19616699219e-05
GetData ===>> H2,-0.261320619789152,H1,0.0724209893976592,AX,-0.0255991508645581,L1,-0.0299976374007555,L2,-0.0...
check iteration duration=4.31537628174e-05
GetData ===>> H2,-0.300263863352988,H1,-0.0118231137269163,AX,-0.194339858365417,L1,-0.016537768672115,L2,0.044...
check iteration duration=8.79764556885e-05
GetData ===>> H2,-0.189924427608224,H1,0.00123799440545653,AX,-0.0296118826191896,L1,-0.00719598489535913,L2,0....
testing H1>-5.0
evaluate ot="H1.bs>-5.0" t="H1>-5.0", ctx="{'H1': None}"
check iteration duration=0.000540018081665
16:46:23 -- collecting point 50
GetData ===>> H2,-0.177056138738444,H1,-0.015794784021783,AX,-0.052768838714287,L1,-0.0624646773088018,L2,0.106...
check iteration duration=4.10079956055e-05
GetData ===>> H2,-0.195745505002519,H1,-0.00232863258078349,AX,-0.0393994707486018,L1,-0.0657932765778127,L2,0....
check iteration duration=9.01222229004e-05
GetData ===>> H2,-0.284214538088508,H1,-0.0424116415942642,AX,-0.157214337276023,L1,-0.0545280412145192,L2,0.06...
check iteration duration=4.2200088501e-05
GetData ===>> H2,-0.15030128212916,H1,-0.0149122042421677,AX,-0.139672438335526,L1,-0.0602812918906993,L2,-0.03...
check iteration duration=0.000102996826172
GetData ===>> H2,-0.066619680432575,H1,0.0238693548787029,AX,-0.106401771193203,L1,-0.00506459858241315,L2,0.03...
testing H1>-5.0
evaluate ot="H1.bs>-5.0" t="H1>-5.0", ctx="{'H1': None}"
check iteration duration=0.000546932220459
GetData ===>> H2,-0.205103947271292,H1,-0.0288178944457982,AX,0.0366425646994605,L1,-0.0129414028668854,L2,-0.1...
check iteration duration=4.00543212891e-05
GetData ===>> H2,-0.281632161052859,H1,-0.0538337313124913,AX,-0.0517253288095452,L1,-0.0117834710756732,L2,0.0...
check iteration duration=4.10079956055e-05
GetData ===>> H2,-0.120035691589407,H1,-0.0749099064837776,AX,-0.126458709937354,L1,-0.0425773985365139,L2,-0.0...
check iteration duration=4.00543212891e-05
GetData ===>> H2,-0.120941983986744,H1,0.045718183354171,AX,0.00870137897390632,L1,-0.0144946921715964,L2,-0.03...
check iteration duration=9.48905944824e-05
GetData ===>> H2,-0.202828755499753,H1,-0.0235706911442922,AX,-0.061255637015702,L1,-0.0373995360999214,L2,-0.0...
testing H1>-5.0
evaluate ot="H1.bs>-5.0" t="H1>-5.0", ctx="{'H1': None}"
check iteration duration=0.00055193901062
GetData ===>> H2,-0.139503693212079,H1,0.0393814128747617,AX,0.00356190954912735,L1,-0.0141339573112471,L2,0.03...
check iteration duration=4.19616699219e-05
waiting for write to finish
measurement finished
estimated time: 62.915 actual time: :63.144
flush and close file /Users/jan/PychronDev/data/isotopes/8b/51d9ee-94db-4511-a34b-6821ebbd104c.h5
activate_detectors ('H1', 'AX', 'CDD') {'peak_center': True}
peak_center () {'detector': 'H1', 'integration_time': 0.262144, 'isotope': 'Ar40'}
peak center: mean=159.65140284 threshold=3
peak center started
setup peak center. detector=['H1', 'AX', 'CDD'], isotope=Ar40
VersionedUnpickler [<apptools.sweet_pickle.versioned_unpickler.VersionedUnpickler object at 0x1a90e20b0>] using Updater [<apptools.sweet_pickle.updater.Updater object at 0x12e273d10>]
VersionedUnpickler [<apptools.sweet_pickle.versioned_unpickler.VersionedUnpickler object at 0x1a90e20b0>] using Updater [<apptools.sweet_pickle.updater.Updater object at 0x12e273d10>]
VersionedUnpickler [<apptools.sweet_pickle.versioned_unpickler.VersionedUnpickler object at 0x1aacc8bf0>] using Updater [<apptools.sweet_pickle.updater.Updater object at 0x12e273d10>]
setting integration time = 0.524288
SetIntegrationTime 0.524288 ===>> OK
Mapping mass to dac mass func: "parabolic"
H1 map mass coeffs = [-0.00063987  0.15840543  0.57270999]
H1 map mass to dac 39.9624 >> 5.8811
GetDeflection H1 ===>> 0
GetHighVoltage ===>> 4499.94659342336
do peak center. <pychron.spectrometer.jobs.peak_center.PeakCenter object at 0x16275af50>
doing pc
starting peak center. center dac= 5.88106536675 step_width=0.001
width = 0.001
get scan parameters. half-width=0.015,window=0.015, i=0, scalar=1
Scan parameters center=5.88107 width=0.03000 (5.86607 - 5.89607)
GetData ===>> H2,-0.186309186198756,H1,-0.0482540006670583,AX,-0.0364656169493417,L1,-0.0135347013858802,L2,-0....
Moving to starting dac 5.86606536675
setting magnet DAC
current  : 5.241725
requested: 5.866065
Delta Dac: 0.624340
Checking detector protection. dv=0.62434
Checking detector "CDD". Protection Threshold: 0.1 (V)
ProtectDetector CDD,On ===>> OK
GetDeflection CDD ===>> 2000
Protected = 2000
SetMagnetDAC 5.86606536675 ===>> OK
Magnet settling time: 0.500
GetMagnetMoving ===>> True
GetMagnetMoving ===>> True
GetMagnetMoving ===>> True
GetMagnetMoving ===>> True
GetMagnetMoving ===>> True
GetMagnetMoving ===>> True
GetMagnetMoving ===>> True
GetMagnetMoving ===>> True
GetMagnetMoving ===>> True
GetMagnetMoving ===>> False
ProtectDetector CDD,Off ===>> OK
GetDeflection CDD ===>> 50
Wait until signal near baseline. tol= -0.0361905005003. timeout= 10
GetData ===>> H2,7.42475250539189,H1,3.08386393806706,AX,0.0483992891725985,L1,-0.0101062715322681,L2,0.0665675...
GetData ===>> H2,10.475741272579,H1,6.58243039568445,AX,0.942868675066747,L1,-0.0374630328714316,L2,-0.02757481...
GetData ===>> H2,5.87981099767032,H1,3.10974339535377,AX,0.412745284567384,L1,-0.0414301864940393,L2,-0.0927345...
GetData ===>> H2,2.43089557412888,H1,1.52195331390399,AX,0.179837436747215,L1,-0.0182151393918145,L2,0.00589853...
GetData ===>> H2,0.694458720995478,H1,0.817052835396548,AX,0.0191551777236817,L1,-0.0457764462605568,L2,-0.0854...
GetData ===>> H2,0.0664815737914673,H1,0.49309570052174,AX,0.111675492832657,L1,-0.0385292394924415,L2,0.038814...
GetData ===>> H2,-0.107164462170791,H1,0.286852400488225,AX,0.108823888980656,L1,-0.039324627848814,L2,-0.03540...
GetData ===>> H2,-0.131778069099024,H1,0.211682172218786,AX,-0.0774735656222004,L1,-0.0275144314648131,L2,-0.00...
GetData ===>> H2,-0.131778069099024,H1,0.211682172218786,AX,-0.0774735656222004,L1,-0.0275144314648131,L2,-0.00...
GetData ===>> H2,-0.176532335415546,H1,0.165424060587705,AX,-0.0597368791277873,L1,-0.0302788515221058,L2,0.088...
GetData ===>> H2,-0.18712170770454,H1,0.100379168903397,AX,-0.0456379646744679,L1,-0.0270428484489509,L2,0.0376...
GetData ===>> H2,-0.143131669958853,H1,0.127460179383054,AX,-0.0729063881056834,L1,-0.0364470363908329,L2,-0.08...
GetData ===>> H2,-0.150535235743052,H1,0.14751342692565,AX,-0.0326503150936242,L1,-0.0405487321191854,L2,-0.003...
GetData ===>> H2,-0.190255103413063,H1,0.148181142751214,AX,-0.0822491666389724,L1,-0.0521044946625832,L2,0.082...
GetData ===>> H2,-0.12759628226973,H1,0.141909558815789,AX,-0.135066514715057,L1,-0.0587609164235063,L2,0.06221...
GetData ===>> H2,-0.147750356364809,H1,0.0780952734512621,AX,-0.168169922145078,L1,-0.00844677978396323,L2,0.01...
GetData ===>> H2,-0.199562084745447,H1,0.083838562563643,AX,-0.102531267768927,L1,-0.00232443862481538,L2,0.001...
GetData ===>> H2,-0.283487716554577,H1,0.113322787687431,AX,-0.0807191452293512,L1,-0.027255901382461,L2,0.0336...
GetData ===>> H2,-0.352761764044048,H1,0.0682163611980481,AX,-0.0985678981102949,L1,-0.036626760225518,L2,-0.00...
GetData ===>> H2,-0.361010498448379,H1,0.109174926603673,AX,-0.0893889484447377,L1,-0.0343152149370386,L2,0.013...
GetData ===>> H2,-0.259515966029462,H1,0.060624898975692,AX,-0.0065074154392712,L1,-0.0260301868428902,L2,-0.04...
Peak center failed to move to a baseline position
_do_sweep sm= 5.86606536675, em= 5.89606536675, stm= 0.001
calculated step values: start=5.86606536675, end=5.89606536675, width=0.001, nsteps=31.0
setting magnet DAC
current  : 5.866065
requested: 5.866065
Delta Dac: 0.000000
Checking detector protection. dv=0.00000
Checking detector "CDD". Protection Threshold: 0.1 (V)
SetMagnetDAC 5.86606536675 ===>> OK
GetData ===>> H2,-0.259515966029462,H1,0.060624898975692,AX,-0.0065074154392712,L1,-0.0260301868428902,L2,-0.04...
setting magnet DAC
current  : 5.866065
requested: 5.867100
Delta Dac: 0.001034
Checking detector protection. dv=0.00103
Checking detector "CDD". Protection Threshold: 0.1 (V)
SetMagnetDAC 5.86709984951 ===>> OK
Magnet settling time: 1.049
GetData ===>> H2,-0.247608899116587,H1,0.38860935082321,AX,0.0981369133043566,L1,-0.00494944049715013,L2,-0.053...
setting magnet DAC
current  : 5.867100
requested: 5.868134
Delta Dac: 0.001034
Checking detector protection. dv=0.00103
Checking detector "CDD". Protection Threshold: 0.1 (V)
SetMagnetDAC 5.86813433227 ===>> OK
Magnet settling time: 1.049
GetData ===>> H2,-0.0896952068472977,H1,0.820694975650782,AX,0.177494230722189,L1,-0.0370197451486408,L2,-0.017...
setting magnet DAC
current  : 5.868134
requested: 5.869169
Delta Dac: 0.001034
Checking detector protection. dv=0.00103
Checking detector "CDD". Protection Threshold: 0.1 (V)
SetMagnetDAC 5.86916881503 ===>> OK
Magnet settling time: 1.049
GetData ===>> H2,-0.241758327026107,H1,3.18029282096608,AX,0.401583123643256,L1,-0.0361954176237283,L2,0.058272...
setting magnet DAC
current  : 5.869169
requested: 5.870203
Delta Dac: 0.001034
Checking detector protection. dv=0.00103
Checking detector "CDD". Protection Threshold: 0.1 (V)
SetMagnetDAC 5.87020329779 ===>> OK
Magnet settling time: 1.049
GetData ===>> H2,-0.374918861491309,H1,10.7264828950614,AX,1.53512814554738,L1,0.00356390879065777,L2,0.0274005...
setting magnet DAC
current  : 5.870203
requested: 5.871238
Delta Dac: 0.001034
Checking detector protection. dv=0.00103
Checking detector "CDD". Protection Threshold: 0.1 (V)
SetMagnetDAC 5.87123778055 ===>> OK
Magnet settling time: 1.049
GetData ===>> H2,-0.17692071543338,H1,29.675773445131,AX,4.65869887850952,L1,0.0280653095158519,L2,0.0582497536...
setting magnet DAC
current  : 5.871238
requested: 5.872272
Delta Dac: 0.001034
Checking detector protection. dv=0.00103
Checking detector "CDD". Protection Threshold: 0.1 (V)
SetMagnetDAC 5.87227226331 ===>> OK
Magnet settling time: 1.049
GetData ===>> H2,-0.156891001714708,H1,63.4562419817558,AX,10.8950054731131,L1,0.0419024578077089,L2,0.03701421...
setting magnet DAC
current  : 5.872272
requested: 5.873307
Delta Dac: 0.001034
Checking detector protection. dv=0.00103
Checking detector "CDD". Protection Threshold: 0.1 (V)
SetMagnetDAC 5.87330674606 ===>> OK
Magnet settling time: 1.049
GetData ===>> H2,-0.141908523318535,H1,119.63691748117,AX,23.6781112878367,L1,0.133848909624006,L2,-0.042212884...
setting magnet DAC
current  : 5.873307
requested: 5.874341
Delta Dac: 0.001034
Checking detector protection. dv=0.00103
Checking detector "CDD". Protection Threshold: 0.1 (V)
SetMagnetDAC 5.87434122882 ===>> OK
Magnet settling time: 1.049
GetData ===>> H2,-0.176740012498667,H1,141.014953983637,AX,30.0844099777543,L1,0.259109513840591,L2,0.014393980...
setting magnet DAC
current  : 5.874341
requested: 5.875376
Delta Dac: 0.001034
Checking detector protection. dv=0.00103
Checking detector "CDD". Protection Threshold: 0.1 (V)
SetMagnetDAC 5.87537571158 ===>> OK
Magnet settling time: 1.049
GetData ===>> H2,-0.245706584794731,H1,149.627021636616,AX,33.3685465512903,L1,0.331832730584196,L2,0.093029711...
setting magnet DAC
current  : 5.875376
requested: 5.876410
Delta Dac: 0.001034
Checking detector protection. dv=0.00103
Checking detector "CDD". Protection Threshold: 0.1 (V)
SetMagnetDAC 5.87641019434 ===>> OK
Magnet settling time: 1.049
GetData ===>> H2,-0.299821152311203,H1,152.419096206283,AX,34.6356676568946,L1,0.315757147147552,L2,0.210682349...
setting magnet DAC
current  : 5.876410
requested: 5.877445
Delta Dac: 0.001034
Checking detector protection. dv=0.00103
Checking detector "CDD". Protection Threshold: 0.1 (V)
SetMagnetDAC 5.8774446771 ===>> OK
Magnet settling time: 1.049
GetData ===>> H2,-0.162798319457898,H1,152.961734296805,AX,34.7717839424758,L1,0.354695921561355,L2,0.070122747...
setting magnet DAC
current  : 5.877445
requested: 5.878479
Delta Dac: 0.001034
Checking detector protection. dv=0.00103
Checking detector "CDD". Protection Threshold: 0.1 (V)
SetMagnetDAC 5.87847915986 ===>> OK
Magnet settling time: 1.049
GetData ===>> H2,-0.214462732294119,H1,153.289192387303,AX,34.7396327029506,L1,0.40771784135173,L2,0.0843449334...
setting magnet DAC
current  : 5.878479
requested: 5.879514
Delta Dac: 0.001034
Checking detector protection. dv=0.00103
Checking detector "CDD". Protection Threshold: 0.1 (V)
SetMagnetDAC 5.87951364262 ===>> OK
Magnet settling time: 1.049
GetData ===>> H2,-0.173780928921339,H1,153.528003224719,AX,34.8066519742961,L1,0.451008095797648,L2,0.108668857...
setting magnet DAC
current  : 5.879514
requested: 5.880548
Delta Dac: 0.001034
Checking detector protection. dv=0.00103
Checking detector "CDD". Protection Threshold: 0.1 (V)
SetMagnetDAC 5.88054812537 ===>> OK
Magnet settling time: 1.049
GetData ===>> H2,-0.19306445322703,H1,153.336081858667,AX,34.7525631981805,L1,0.440653915363179,L2,0.2508149304...
setting magnet DAC
current  : 5.880548
requested: 5.881583
Delta Dac: 0.001034
Checking detector protection. dv=0.00103
Checking detector "CDD". Protection Threshold: 0.1 (V)
SetMagnetDAC 5.88158260813 ===>> OK
Magnet settling time: 1.049
GetData ===>> H2,0.332695456788331,H1,153.245515904274,AX,34.7777722860107,L1,0.396405515033432,L2,0.2212731602...
setting magnet DAC
current  : 5.881583
requested: 5.882617
Delta Dac: 0.001034
Checking detector protection. dv=0.00103
Checking detector "CDD". Protection Threshold: 0.1 (V)
SetMagnetDAC 5.88261709089 ===>> OK
Magnet settling time: 1.049
GetData ===>> H2,-0.104852822744755,H1,153.084002513385,AX,34.9695113066153,L1,0.414935294841148,L2,0.282909641...
setting magnet DAC
current  : 5.882617
requested: 5.883652
Delta Dac: 0.001034
Checking detector protection. dv=0.00103
Checking detector "CDD". Protection Threshold: 0.1 (V)
SetMagnetDAC 5.88365157365 ===>> OK
Magnet settling time: 1.049
GetData ===>> H2,-0.0978907306834389,H1,153.095362974541,AX,34.8719262873572,L1,0.465788058363037,L2,0.04068224...
setting magnet DAC
current  : 5.883652
requested: 5.884686
Delta Dac: 0.001034
Checking detector protection. dv=0.00103
Checking detector "CDD". Protection Threshold: 0.1 (V)
SetMagnetDAC 5.88468605641 ===>> OK
Magnet settling time: 1.049
GetData ===>> H2,-0.184790631522534,H1,152.795133689521,AX,34.6963411904785,L1,0.466720949898412,L2,0.279490069...
setting magnet DAC
current  : 5.884686
requested: 5.885721
Delta Dac: 0.001034
Checking detector protection. dv=0.00103
Checking detector "CDD". Protection Threshold: 0.1 (V)
SetMagnetDAC 5.88572053917 ===>> OK
Magnet settling time: 1.049
GetData ===>> H2,-0.181041038582901,H1,152.206316091827,AX,34.3763417789876,L1,0.45570594688655,L2,0.2891335769...
setting magnet DAC
current  : 5.885721
requested: 5.886755
Delta Dac: 0.001034
Checking detector protection. dv=0.00103
Checking detector "CDD". Protection Threshold: 0.1 (V)
SetMagnetDAC 5.88675502193 ===>> OK
Magnet settling time: 1.049
GetData ===>> H2,-0.31789107614313,H1,149.719446818522,AX,33.2835969884887,L1,0.411433585148103,L2,0.1233528312...
setting magnet DAC
current  : 5.886755
requested: 5.887790
Delta Dac: 0.001034
Checking detector protection. dv=0.00103
Checking detector "CDD". Protection Threshold: 0.1 (V)
SetMagnetDAC 5.88778950468 ===>> OK
Magnet settling time: 1.049
GetData ===>> H2,-0.228370060949559,H1,134.937661058917,AX,27.6253465081697,L1,0.355988088728901,L2,-0.02261148...
setting magnet DAC
current  : 5.887790
requested: 5.888824
Delta Dac: 0.001034
Checking detector protection. dv=0.00103
Checking detector "CDD". Protection Threshold: 0.1 (V)
SetMagnetDAC 5.88882398744 ===>> OK
Magnet settling time: 1.049
GetData ===>> H2,-0.242797334425393,H1,105.000263859154,AX,19.1772352094238,L1,0.249642703741545,L2,0.214950487...
setting magnet DAC
current  : 5.888824
requested: 5.889858
Delta Dac: 0.001034
Checking detector protection. dv=0.00103
Checking detector "CDD". Protection Threshold: 0.1 (V)
SetMagnetDAC 5.8898584702 ===>> OK
Magnet settling time: 1.049
GetData ===>> H2,-0.146989252881004,H1,64.2542439857141,AX,10.1451619654086,L1,0.177680494425947,L2,-0.09669323...
setting magnet DAC
current  : 5.889858
requested: 5.890893
Delta Dac: 0.001034
Checking detector protection. dv=0.00103
Checking detector "CDD". Protection Threshold: 0.1 (V)
SetMagnetDAC 5.89089295296 ===>> OK
Magnet settling time: 1.049
GetData ===>> H2,-0.13384001200321,H1,30.0622604706009,AX,4.03224503050057,L1,0.111904618577166,L2,-0.053252555...
setting magnet DAC
current  : 5.890893
requested: 5.891927
Delta Dac: 0.001034
Checking detector protection. dv=0.00103
Checking detector "CDD". Protection Threshold: 0.1 (V)
SetMagnetDAC 5.89192743572 ===>> OK
Magnet settling time: 1.049
GetData ===>> H2,-0.219072591529832,H1,10.9042653588237,AX,1.16210086637241,L1,0.0426843085479862,L2,0.10860045...
setting magnet DAC
current  : 5.891927
requested: 5.892962
Delta Dac: 0.001034
Checking detector protection. dv=0.00103
Checking detector "CDD". Protection Threshold: 0.1 (V)
SetMagnetDAC 5.89296191848 ===>> OK
Magnet settling time: 1.049
GetData ===>> H2,-0.262813195646082,H1,3.13757786247801,AX,0.273379684700814,L1,0.0305159572708453,L2,-0.092120...
setting magnet DAC
current  : 5.892962
requested: 5.893996
Delta Dac: 0.001034
Checking detector protection. dv=0.00103
Checking detector "CDD". Protection Threshold: 0.1 (V)
SetMagnetDAC 5.89399640124 ===>> OK
Magnet settling time: 1.049
GetData ===>> H2,-0.356335889308731,H1,0.825775023262687,AX,-0.106540828330985,L1,0.0460407432299493,L2,-0.0491...
setting magnet DAC
current  : 5.893996
requested: 5.895031
Delta Dac: 0.001034
Checking detector protection. dv=0.00103
Checking detector "CDD". Protection Threshold: 0.1 (V)
SetMagnetDAC 5.89503088399 ===>> OK
Magnet settling time: 1.049
GetData ===>> H2,-0.165331013116393,H1,0.0927282030534606,AX,-0.108348553034395,L1,0.0095125821544323,L2,-0.051...
setting magnet DAC
current  : 5.895031
requested: 5.896065
Delta Dac: 0.001034
Checking detector protection. dv=0.00103
Checking detector "CDD". Protection Threshold: 0.1 (V)
SetMagnetDAC 5.89606536675 ===>> OK
Magnet settling time: 1.049
GetData ===>> H2,-0.215136018210653,H1,0.0358014938544262,AX,-0.0336012553857816,L1,-0.0503003061846805,L2,0.10...
result of _do_sweep=True
result of _calculate_peak_center=([5.8731761400242579, 5.8808673845823396, 5.8885586291404213], [112.54396646621251, 153.5245417171148, 112.67959620699031], 5.8795323006213147, 153.5245417171148)
Failed to find a valid peak. No peak greater than 1.0. max = 0.0210595615213
new center pos Detector(H1) (Ar40) @ 5.88086738458
GetHighVoltage ===>> 4499.94659342336
GetDeflection H1 ===>> 0
dac uncorrected for HV and deflection 5.88090201666
update mftable H1 Ar40 5.88090201666 message=automated run peakcenter
get initial guess parabolic
get initial guess parabolic
get initial guess parabolic
get initial guess parabolic
get initial guess parabolic
get initial guess parabolic
dump mftable to /Users/jan/PychronDev/setupfiles/spectrometer/mftables/mftable.csv
add to repo msg=modified - automated run peakcenter
locally archiving mftable
setting magnet DAC
current  : 5.896065
requested: 5.880867
Delta Dac: 0.015198
Checking detector protection. dv=0.01520
Checking detector "CDD". Protection Threshold: 0.1 (V)
SetMagnetDAC 5.88086738458 ===>> OK
Magnet settling time: 0.500
sweep finished
setting integration time = 1.048576
SetIntegrationTime 1.048576 ===>> OK
Failed to find a valid peak. No peak greater than 1.0. max = 0.0210255521095
flush and close file /Users/jan/PychronDev/data/isotopes/8b/51d9ee-94db-4511-a34b-6821ebbd104c.h5
finished measure script
executed snippet estimated_duration=226.132928, duration=272.076980114
jan_unknown120_60.py completed successfully
Measurement Finished
16:47:21 -- ******* Measurement Finished *******
Post Measurement Started jan_pump_ms.py
16:47:21 -- ******* Post Measurement Started jan_pump_ms.py *******
testing...
no interpolation path defined
executed snippet estimated_duration=0, duration=2.78949737549e-05
Pumping spectrometer
open () {'name': 'O'}
opening name=O desc=---
checking ownership. requestor=129.138.12.150
check software interlocks O
interlocks []
actuate state mode=None-script, software_lock=False
doing actuation None-script open_channel True
Open O ===>> OK
GetIndicatorState O ===>> OK
change switch state (True, True)
update switch state O True args=() kw={} ncanvase=6
16:47:21 -- OPEN   VALVE-O (Jan Ion Pump)
---------------------------------------- open O () result=[(True, True)], time=0.11 sec
action=open, ok=True, locked=[False]
executed snippet estimated_duration=0, duration=0.366230964661
jan_pump_ms.py completed successfully
setting _ms_pumptime
Post Measurement Finished
16:47:21 -- ******* Post Measurement Finished *******
$$$$$$$$$$$$$$$$$$$$ state at run end measurement
state changed from measurement to success
post measurement save measured=True aborted=False
Set filtering
setting fod for Ar40= {'filter_outliers': True, 'std_devs': 2, 'iterations': 1}
setting fod for H1= {'filter_outliers': True, 'std_devs': 2, 'iterations': 1}
setting fod for PM41= {'filter_outliers': False, 'std_devs': 2, 'iterations': 1}
setting fod for H2= {'filter_outliers': True, 'std_devs': 2, 'iterations': 1}
setting fod for Ar36= {'filter_outliers': True, 'std_devs': 2, 'iterations': 1}
setting fod for CDD= {'filter_outliers': True, 'std_devs': 10, 'iterations': 1}
setting fod for Ar37= {'filter_outliers': True, 'std_devs': 2, 'iterations': 1}
setting fod for L2= {'filter_outliers': True, 'std_devs': 2, 'iterations': 1}
setting fod for Ar38= {'filter_outliers': True, 'std_devs': 2, 'iterations': 1}
setting fod for L1= {'filter_outliers': True, 'std_devs': 2, 'iterations': 1}
setting fod for Ar39= {'filter_outliers': True, 'std_devs': 2, 'iterations': 1}
setting fod for AX= {'filter_outliers': True, 'std_devs': 2, 'iterations': 1}
persistence save...
persistence save - db
post measurement save
7139883536 connecting to database sqlite:////Users/jan/PychronDev/.appdata/local_lab.db
connected to db sqlite:////Users/jan/PychronDev/.appdata/local_lab.db
create new session 7139883536
close session 7139883536
No database instance. Not saving post measurement to isotopedb database
$$$$$$$$$$$$$$$ auto_save_detector_ic=False
massspec enabled True
create new session 4997822608
MassSpec Database Version: 16.0
close session 4997822608
saving post measurement to secondary database
saving to massspec database 129.138.12.160/massspecdata
setting labnumber to 65476
setting aliquot to 5
setting step to 
setting uuid to 8b51d9ee-94db-4511-a34b-6821ebbd104c
setting irradpos to 65476
setting extract_device to Fusions CO2
setting tray to 
setting position to 5
setting power_requested to 5.0
setting extract_value to 5.0
setting duration to 30.0
setting duration_at_request to 30.0
setting first_stage_delay to 30.0
setting cleanup to 30.0
setting comment to P:9
setting irradiation to NM-288
setting level to P
setting irradiation_level to P
setting sample to F13114
setting material to Sanidine
setting project to IR960
setting mass_spectrometer to Jan
no attribute chron_dosages
no attribute production_ratios
no attribute interference_corrections
no attribute production_name
no attribute j
Reference Isotope=Ar40
Reference Detector=H1
%%%%%%%%%%%%%%%%%%%% Comment: P:9 %%%%%%%%%%%%%%%%%%%
adding isotope PM41 H2
add baseline dbdet= PM41. original det= H2
get baseline data PM41 H2
Get data baseline <pychron.processing.isotope.Baseline object at 0x1a8252b90> len t=60
baseline PM41. v=-0.188962599379, e=0.00825103160341
get signal data PM41 H2
Get data signal PM41 0.05+/-0.08 len t=120
adding isotope Ar40 H1
add baseline dbdet= Ar40. original det= H1
get baseline data Ar40 H1
Get data baseline <pychron.processing.isotope.Baseline object at 0x1a8252f10> len t=60
baseline Ar40. v=-0.0324842187168, e=0.00535380559124
get signal data Ar40 H1
Get data signal Ar40 166.331+/-0.023 len t=120
adding isotope Ar39 AX
add baseline dbdet= Ar39. original det= AX
get baseline data Ar39 AX
Get data baseline <pychron.processing.isotope.Baseline object at 0x1a82610d0> len t=60
baseline Ar39. v=-0.0726846890226, e=0.00739446784784
get signal data Ar39 AX
Get data signal Ar39 38.329+/-0.014 len t=120
adding isotope Ar38 L1
add baseline dbdet= Ar38. original det= L1
get baseline data Ar38 L1
Get data baseline <pychron.processing.isotope.Baseline object at 0x1a8261210> len t=60
baseline Ar38. v=-0.0285358031909, e=0.00268575958023
get signal data Ar38 L1
Get data signal Ar38 0.504+/-0.005 len t=120
adding isotope Ar37 L2
add baseline dbdet= Ar37. original det= L2
get baseline data Ar37 L2
Get data baseline <pychron.processing.isotope.Baseline object at 0x1a82613d0> len t=60
baseline Ar37. v=-0.0113182692007, e=0.00576058364092
get signal data Ar37 L2
Get data signal Ar37 0.193+/-0.011 len t=120
adding isotope Ar36 CDD
add baseline dbdet= Ar36. original det= CDD
get baseline data Ar36 CDD
Get data baseline <pychron.processing.isotope.Baseline object at 0x1a8261590> len t=60
baseline Ar36. v=4.21785333631e-05, e=1.12405773781e-05
get signal data Ar36 CDD
Get data signal Ar36 0.01281+/-0.00029 len t=120
65476-05 added analysis time 0.500591039658s
analysis added to mass spec database
mass spec save time= 0.509
persistence save - dvc
================= post measurement started
create new session 4992585168
close session 4992585168
---------------- Experiment Queue saving disabled
DVC saving peakcenter
Failed to find a valid peak. No peak greater than 1.0. max = 0.0210255521095
Smart pull ahead: 0 behind: 0
Up-to-date with origin
add to repo msg=modified - ad8224ebc6dbfeb9f5997218dfa5fe690569839d.json
add to repo msg=modified - 76-05.json
add to repo msg=modified - 76-05.dat.json
add to repo msg=modified - 76-05.blan.json
add to repo msg=modified - 76-05.inte.json
add to repo msg=modified - 76-05.icfa.json
add to repo msg=modified - 76-05.base.json
not at valid file /Users/jan/PychronDev/data/.dvc/repositories/Load1794/654/tags/76-05.tags.json
add to repo msg=modified - 76-05.peak.json
add to repo msg=modified - 76-05.extr.json
not at valid file /Users/jan/PychronDev/data/.dvc/repositories/Load1794/654/monitor/76-05.moni.json
commit message=<COLLECTION>
add to repo msg=modified - 76-05.inte.json
add to repo msg=modified - 76-05.base.json
commit message=<ISOEVO> default collection fits
add to repo msg=modified - 76-05.blan.json
commit message=<BLANKS> preceding ba-01-J-2329
add to repo msg=modified - 76-05.icfa.json
commit message=<ICFactor> default
push repository <pychron.git_archive.repo_manager.GitRepoManager object at 0x19e322ef0>
pushing to remote=origin, url=https://github.com
no changes to meta repo
create new session 4992585168
add association Load1794
get identifier "65476"
setting analysis irradiation position=<pychron.dvc.dvc_orm.IrradiationPositionTbl object at 0x1a996d950>
close session 4992585168
================= post measurement finished
16:47:35 -- ******* Post Run Check *******
loading queue conditionals post_run_actions
loading system conditionals post_run_actions
loading conditionals from /Users/jan/PychronDev/setupfiles/spectrometer/default_conditionals.yaml
loading queue conditionals post_run_terminations
loading system conditionals post_run_terminations
loading conditionals from /Users/jan/PychronDev/setupfiles/spectrometer/default_conditionals.yaml
Checking default post run terminations n=1
GetDeflection CDD ===>> 50
testing CDD==2000
evaluate ot="CDD.deflection==2000" t="CDD==2000", ctx="{'CDD': 50.0}"
16:47:35 -- ******* Post Run Check Passed *******
16:47:35 -- Automated run 65476-05 success duration: 367.477 s
----------------- finish -----------------
----------------- stop -----------------
retroactive repository identifiers disabled
finish run. runs completed=19
update duration runid=65476-05, duration=367.477333069, md5=301e91d8
loading script "jan_unknown120_60.py"
loading script "jan_pump_ms.py"
loading script "jan_co2.py"
loading script "jan_pump_extraction_line.py"
testing...
no interpolation path defined
executed snippet estimated_duration=213.652928, duration=0.000275850296021
script duration name:unknown120_60 seconds:214.0
loading script "jan_unknown120_60.py"
loading script "jan_pump_ms.py"
loading script "jan_co2.py"
loading script "jan_pump_extraction_line.py"
testing...
no interpolation path defined
executed snippet estimated_duration=0, duration=2.59876251221e-05
loading script "jan_unknown120_60.py"
loading script "jan_pump_ms.py"
loading script "jan_co2.py"
loading script "jan_pump_extraction_line.py"
testing...
no interpolation path defined
calculate duration
testing...
no interpolation path defined
executed snippet estimated_duration=0, duration=5.00679016113e-05
calculate duration
testing...
no interpolation path defined
executed snippet estimated_duration=0, duration=9.70363616943e-05
executed snippet estimated_duration=0.0, duration=0.00250697135925
script duration name:co2 seconds:0.0
loading script "jan_unknown120_60.py"
loading script "jan_pump_ms.py"
loading script "jan_co2.py"
loading script "jan_pump_extraction_line.py"
testing...
no interpolation path defined
calculate duration
testing...
no interpolation path defined
executed snippet estimated_duration=4.0, duration=0.000148057937622
executed snippet estimated_duration=4.0, duration=0.00141191482544
Script duration 214.0
Run total estimated duration= 215.000
unknown120_60 in script context. using previous estimated duration
script duration name:unknown120_60 seconds:214.0
pump_ms in script context. using previous estimated duration
co2 in script context. using previous estimated duration
script duration name:co2 seconds:0.0
pump_extraction_line in script context. using previous estimated duration
Script duration 214.0
Run total estimated duration= 215.000
script duration name:unknown120_60 seconds:214.0
script duration name:co2 seconds:0.0
Script duration 214.0
Run total estimated duration= 215.000
script duration name:unknown120_60 seconds:214.0
script duration name:co2 seconds:0.0
Script duration 214.0
Run total estimated duration= 215.000
script duration name:unknown120_60 seconds:214.0
script duration name:co2 seconds:0.0
Script duration 214.0
Run total estimated duration= 215.000
script duration name:unknown120_60 seconds:214.0
script duration name:co2 seconds:0.0
Script duration 214.0
Run total estimated duration= 215.000
script duration name:unknown120_60 seconds:214.0
script duration name:co2 seconds:0.0
Script duration 214.0
Run total estimated duration= 215.000
script duration name:unknown120_60 seconds:214.0
script duration name:co2 seconds:0.0
Script duration 214.0
Run total estimated duration= 215.000
script duration name:unknown120_60 seconds:214.0
script duration name:co2 seconds:0.0
Script duration 214.0
Run total estimated duration= 215.000
script duration name:unknown120_60 seconds:214.0
script duration name:co2 seconds:0.0
Script duration 214.0
Run total estimated duration= 215.000
script duration name:unknown120_60 seconds:214.0
script duration name:co2 seconds:0.0
Script duration 214.0
Run total estimated duration= 215.000
script duration name:unknown120_60 seconds:214.0
script duration name:co2 seconds:0.0
Script duration 214.0
Run total estimated duration= 215.000
script duration name:unknown120_60 seconds:214.0
script duration name:co2 seconds:0.0
Script duration 214.0
Run total estimated duration= 215.000
script duration name:unknown120_60 seconds:214.0
script duration name:co2 seconds:0.0
Script duration 214.0
Run total estimated duration= 215.000
script duration name:unknown120_60 seconds:214.0
script duration name:co2 seconds:0.0
Script duration 214.0
Run total estimated duration= 215.000
script duration name:unknown120_60 seconds:214.0
script duration name:co2 seconds:0.0
Script duration 214.0
Run total estimated duration= 215.000
script duration name:unknown120_60 seconds:214.0
script duration name:co2 seconds:0.0
Script duration 214.0
Run total estimated duration= 215.000
script duration name:unknown120_60 seconds:214.0
script duration name:co2 seconds:0.0
Script duration 214.0
Run total estimated duration= 215.000
script duration name:unknown120_60 seconds:214.0
script duration name:co2 seconds:0.0
Script duration 214.0
Run total estimated duration= 215.000
script duration name:unknown120_60 seconds:214.0
script duration name:co2 seconds:0.0
Script duration 214.0
Run total estimated duration= 215.000
script duration name:unknown120_60 seconds:214.0
script duration name:co2 seconds:0.0
Script duration 214.0
Run total estimated duration= 215.000
script duration name:unknown120_60 seconds:214.0
script duration name:co2 seconds:0.0
Script duration 214.0
Run total estimated duration= 215.000
script duration name:unknown120_60 seconds:214.0
script duration name:co2 seconds:0.0
Script duration 214.0
Run total estimated duration= 215.000
script duration name:unknown120_60 seconds:214.0
script duration name:co2 seconds:0.0
Script duration 214.0
Run total estimated duration= 215.000
script duration name:unknown120_60 seconds:214.0
script duration name:co2 seconds:0.0
Script duration 214.0
Run total estimated duration= 215.000
nruns=25 before=0.0, run_dur=5375.0, btw=0.0
write rem/ex queues
/Users/jan/PychronDev/experiments/rem/Load1794.rem.txt
/Users/jan/PychronDev/experiments/rem/Load1794.ex.txt
doing event level: 3
