do run
loading script "jan_unknown120_60.py"
loading script "jan_pump_ms.py"
loading script "jan_co2.py"
loading script "jan_pump_extraction_line.py"
testing...
no interpolation path defined
executed snippet estimated_duration=213.652928, duration=0.000280857086182
script duration name:unknown120_60 seconds:214.0
loading script "jan_unknown120_60.py"
loading script "jan_pump_ms.py"
loading script "jan_co2.py"
loading script "jan_pump_extraction_line.py"
testing...
no interpolation path defined
executed snippet estimated_duration=0, duration=2.19345092773e-05
loading script "jan_unknown120_60.py"
loading script "jan_pump_ms.py"
loading script "jan_co2.py"
loading script "jan_pump_extraction_line.py"
testing...
no interpolation path defined
calculate duration
testing...
no interpolation path defined
executed snippet estimated_duration=0, duration=8.51154327393e-05
calculate duration
testing...
no interpolation path defined
executed snippet estimated_duration=0, duration=7.60555267334e-05
executed snippet estimated_duration=0.0, duration=0.00244688987732
script duration name:co2 seconds:0.0
loading script "jan_unknown120_60.py"
loading script "jan_pump_ms.py"
loading script "jan_co2.py"
loading script "jan_pump_extraction_line.py"
testing...
no interpolation path defined
calculate duration
testing...
no interpolation path defined
executed snippet estimated_duration=4.0, duration=0.000150918960571
executed snippet estimated_duration=4.0, duration=0.00128698348999
Script duration 214.0
Run total estimated duration= 215.000
run duration: 0:03:35
doing event level: 2
16:21:31 -- Setting default integration. t=1.048576
setting integration time = 1.048576
SetIntegrationTime 1.048576 ===>> OK
----------------- start -----------------
**************** Experiment Type: Ar/Ar, Ar/Ar
create new session 4419438256
close session 4419438256
$$$$$ Clearing conditionals
adding conditionals 
Add queue conditionals
add default conditionals
adding default conditionals from /Users/jan/PychronDev/setupfiles/spectrometer/default_conditionals.yaml
Start automated run 65476-02
loading script "jan_unknown120_60.py"
loading script "jan_pump_ms.py"
loading script "jan_co2.py"
loading script "jan_pump_extraction_line.py"
%%%%%%%%%%%%%%%%%% setting automated run 65476-02
No value "sensitivity_multiplier" in metadata
$$$$$$$$$$$$$$$ auto_save_detector_ic=False
============================= Pre Extraction Check =============================
loading queue conditionals pre_run_terminations
loading system conditionals pre_run_terminations
loading conditionals from /Users/jan/PychronDev/setupfiles/spectrometer/default_conditionals.yaml
16:21:31 -- ******* Pre Extraction Check *******
Get a measurement from the spectrometer
GetData ===>> H2,-0.171132743362831,H1,0.024501722556436,AX,-0.068698367300373,L1,0.0183040658840136,L2,-0.0307...
Pre Extraction Termination data. keys=H2,H1,AX,L1,L2,CDD, signals=-0.17113,0.02450,-0.06870,0.01830,-0.03076,0.00342
16:21:31 -- testing system defined conditionals
Checking default pre extraction terminations n=2
testing CDD
evaluate ot="CDD.inactive" t="CDD", ctx="{'CDD': False}"
GetDeflection CDD ===>> 50
testing CDD==2000
evaluate ot="CDD.deflection==2000" t="CDD==2000", ctx="{'CDD': 50.0}"
16:21:31 -- ******* Pre Extraction Check Passed *******
=================================================================================
16:21:31 -- stopping status monitor
stop 5288834736
Alive clients [5025639504, 4992986192]
16:21:31 -- starting status monitor
start 5288834736
Monitor already running
start extraction
do extraction
Analysis started at 16:21:31.631644
Extraction Started jan_co2.py
16:21:31 -- ******* Extraction Started jan_co2.py *******
state changed from not run to extraction
DO EXTRACTION <pychron.extraction_line.pyscript_runner.RemotePyScriptRunner object at 0x12bfe48f0>
testing...
no interpolation path defined
calculate duration
testing...
no interpolation path defined
executed snippet estimated_duration=0, duration=4.48226928711e-05
calculate duration
testing...
no interpolation path defined
executed snippet estimated_duration=0, duration=9.10758972168e-05
executed snippet estimated_duration=100.0, duration=0.00266814231873
Jan CO2 laser analysis
doing GOSUB
testing...
no interpolation path defined
executed snippet estimated_duration=0, duration=4.00543212891e-05
Waiting for CO2 access
wait ('FelixCO2Flag', 0) {}
waiting for FelixCO2Flag = 0
Read FelixCO2Flag ===>> 0
finished waiting
CO2 free
wait ('CO2PumpTimeFlag', 0) {}
waiting for CO2PumpTimeFlag = 0
Read CO2PumpTimeFlag ===>> 0
finished waiting
acquire ('JanCO2Flag',) {'clear': True}
acquire JanCO2Flag
Set JanCO2Flag 1 ===>> OK
JanCO2Flag acquired
set extraction state False (0.75, 'red', 1.5)
CO2 acquired
executed snippet estimated_duration=0, duration=0.0220348834991
WaitForCO2Access.py completed successfully
gosub finished
doing GOSUB
testing...
no interpolation path defined
executed snippet estimated_duration=0, duration=9.51290130615e-05
Prepare for CO2 analysis
close () {'description': 'Jan Inlet'}
closing name=--- desc=Jan Inlet
checking ownership. requestor=129.138.12.150
check software interlocks R
interlocks []
actuate state mode=None-script, software_lock=False
doing actuation None-script close_channel False
Close R ===>> OK
GetIndicatorState R ===>> False
change switch state (True, True)
update switch state R False args=() kw={} ncanvase=6
16:21:32 -- CLOSE  VALVE-R (Jan Inlet)
---------------------------------------- close None (Jan Inlet) result=[(True, True)]
action=close, ok=True, locked=[False]
open () {'description': 'Jan Ion Pump'}
opening name=--- desc=Jan Ion Pump
checking ownership. requestor=129.138.12.150
check software interlocks O
interlocks []
actuate state mode=None-script, software_lock=False
doing actuation None-script open_channel False
Open O ===>> OK
GetIndicatorState O ===>> OK
change switch state (True, True)
update switch state O True args=() kw={} ncanvase=6
16:21:32 -- OPEN   VALVE-O (Jan Ion Pump)
---------------------------------------- open None (Jan Ion Pump) result=[(True, True)], time=0.11 sec
action=open, ok=True, locked=[False]
close () {'description': 'Microbone to Minibone'}
closing name=--- desc=Microbone to Minibone
checking ownership. requestor=129.138.12.150
check software interlocks L
interlocks []
actuate state mode=None-script, software_lock=False
doing actuation None-script close_channel False
Close L ===>> OK
GetIndicatorState L ===>> False
change switch state (True, True)
update switch state L False args=() kw={} ncanvase=6
16:21:33 -- CLOSE  VALVE-L (Microbone to Minibone)
---------------------------------------- close None (Microbone to Minibone) result=[(True, True)]
action=close, ok=True, locked=[False]
open () {'description': 'Microbone to Turbo'}
opening name=--- desc=Microbone to Turbo
checking ownership. requestor=129.138.12.150
check software interlocks U
interlocks []
actuate state mode=None-script, software_lock=False
doing actuation None-script open_channel False
Open U ===>> OK
GetIndicatorState U ===>> OK
change switch state (True, True)
update switch state U True args=() kw={} ncanvase=6
16:21:33 -- OPEN   VALVE-U (Microbone to Turbo)
---------------------------------------- open None (Microbone to Turbo) result=[(True, True)], time=0.16 sec
action=open, ok=True, locked=[False]
open () {'description': 'Microbone to Inlet Pipette'}
opening name=--- desc=Microbone to Inlet Pipette
checking ownership. requestor=129.138.12.150
check software interlocks S
interlocks []
actuate state mode=None-script, software_lock=False
doing actuation None-script open_channel False
Open S ===>> OK
GetIndicatorState S ===>> OK
change switch state (True, True)
update switch state S True args=() kw={} ncanvase=6
16:21:34 -- OPEN   VALVE-S (Microbone to Inlet Pipette)
---------------------------------------- open None (Microbone to Inlet Pipette) result=[(True, True)], time=0.43 sec
action=open, ok=True, locked=[False]
open () {'description': 'Microbone to Getter D-50'}
opening name=--- desc=Microbone to Getter D-50
checking ownership. requestor=129.138.12.150
check software interlocks K
interlocks []
actuate state mode=None-script, software_lock=False
doing actuation None-script open_channel False
Open K ===>> OK
GetIndicatorState K ===>> OK
change switch state (True, True)
update switch state K True args=() kw={} ncanvase=6
16:21:34 -- OPEN   VALVE-K (Microbone to Getter D-50)
---------------------------------------- open None (Microbone to Getter D-50) result=[(True, True)], time=0.44 sec
action=open, ok=True, locked=[False]
open () {'description': 'Microbone to Getter NP-10'}
opening name=--- desc=Microbone to Getter NP-10
checking ownership. requestor=129.138.12.150
check software interlocks M
interlocks []
actuate state mode=None-script, software_lock=False
doing actuation None-script open_channel False
Open M ===>> OK
GetIndicatorState M ===>> OK
change switch state (True, True)
update switch state M True args=() kw={} ncanvase=6
16:21:35 -- OPEN   VALVE-M (Microbone to Getter NP-10)
---------------------------------------- open None (Microbone to Getter NP-10) result=[(True, True)], time=0.15 sec
action=open, ok=True, locked=[False]
close () {'description': 'CO2 Laser to Felix'}
closing name=--- desc=CO2 Laser to Felix
checking ownership. requestor=129.138.12.150
check software interlocks F
interlocks []
actuate state mode=None-script, software_lock=True
VALVE-F(CO2 Laser to Felix) software locked
change switch state (True, False)
---------------------------------------- close None (CO2 Laser to Felix) result=[(True, False)]
action=close, ok=True, locked=[True]
open () {'description': 'CO2 Laser to Jan'}
opening name=--- desc=CO2 Laser to Jan
checking ownership. requestor=129.138.12.150
check software interlocks A
interlocks []
actuate state mode=None-script, software_lock=False
doing actuation None-script open_channel False
Open A ===>> OK
GetIndicatorState A ===>> OK
change switch state (True, True)
update switch state A True args=() kw={} ncanvase=6
16:21:35 -- OPEN   VALVE-A (CO2 Laser to Jan)
---------------------------------------- open None (CO2 Laser to Jan) result=[(True, True)], time=0.14 sec
action=open, ok=True, locked=[False]
open () {'description': 'Microbone to CO2 Laser'}
opening name=--- desc=Microbone to CO2 Laser
checking ownership. requestor=129.138.12.150
check software interlocks T
interlocks []
actuate state mode=None-script, software_lock=False
doing actuation None-script open_channel False
Open T ===>> OK
GetIndicatorState T ===>> OK
change switch state (True, True)
update switch state T True args=() kw={} ncanvase=6
16:21:36 -- OPEN   VALVE-T (Microbone to CO2 Laser)
---------------------------------------- open None (Microbone to CO2 Laser) result=[(True, True)], time=0.43 sec
action=open, ok=True, locked=[False]
executed snippet estimated_duration=0, duration=5.0672750473
PrepareForCO2Analysis.py completed successfully
gosub finished
set_motor ('beam', '1.25') {}
setting motor "beam" to 1.25
set motor beam to 1.25
SetMotor beam,1.25 ===>> OK
GetMotorMoving beam ===>> False
GetMotorMoving beam ===>> False
Block completed
move_to_position ('2',) {'autocenter': True}
FusionsCO2 move to position 2
sending GoToHole 2,True
GoToHole 2,True ===>> OK
GetDriveMoving ===>> OK
GetDriveMoving ===>> OK
GetDriveMoving ===>> OK
GetDriveMoving ===>> False
GetDriveMoving ===>> False
Block completed
GetAutoCorrecting ===>> OK
GetAutoCorrecting ===>> OK
GetAutoCorrecting ===>> OK
GetAutoCorrecting ===>> False
GetAutoCorrecting ===>> False
Block completed
update position
GetPosition ===>> -1.99390,15.95120,1.00000
got position (-1.9939, 15.9512, 1.0)
move to position succeeded
sleep (5,) {}
SLEEP 5.0
block started
WaitControl setup for 5.0  
Join finished
block finished. duration 5.02958106995
close () {'description': 'Microbone to Turbo'}
closing name=--- desc=Microbone to Turbo
checking ownership. requestor=129.138.12.150
check software interlocks U
interlocks []
actuate state mode=None-script, software_lock=False
doing actuation None-script close_channel True
Close U ===>> OK
GetIndicatorState U ===>> False
change switch state (True, True)
update switch state U False args=() kw={} ncanvase=6
16:21:47 -- CLOSE  VALVE-U (Microbone to Turbo)
---------------------------------------- close None (Microbone to Turbo) result=[(True, True)]
action=close, ok=True, locked=[False]
enable laser
enable () {}
set extraction state FusionsCO2 Enabled (False, 'red', 1.5)
enabling laser
Enable ===>> OK
begin interval
BEGIN INTERVAL Interval 1 waiting for 30.0
block started
set extract to 5.0
WaitControl setup for 30.0  
extract (5.0,) {}
GetPosition ===>> -1.99390,15.95120,1.00000
set extraction state FusionsCO2 ON! 5.0(watts) (0.75, 'red', 1.5)
extract sample to 5.0 (watts)
set laser output
SetLaserOutput 5.0,watts ===>> OK
executing pattern triangle.lp
execute_pattern ('triangle.lp',) {}
executing pattern triangle.lp
IsPatterning ===>> OK
IsPatterning ===>> OK
IsPatterning ===>> OK
IsPatterning ===>> OK
IsPatterning ===>> OK
IsPatterning ===>> OK
IsPatterning ===>> OK
IsPatterning ===>> OK
IsPatterning ===>> OK
IsPatterning ===>> OK
IsPatterning ===>> OK
IsPatterning ===>> OK
IsPatterning ===>> OK
IsPatterning ===>> OK
IsPatterning ===>> OK
IsPatterning ===>> OK
IsPatterning ===>> OK
IsPatterning ===>> OK
IsPatterning ===>> OK
IsPatterning ===>> OK
IsPatterning ===>> OK
IsPatterning ===>> OK
IsPatterning ===>> OK
IsPatterning ===>> OK
IsPatterning ===>> OK
IsPatterning ===>> OK
IsPatterning ===>> False
IsPatterning ===>> False
Block completed
COMPLETE INTERVAL waiting for Interval 1 to complete
Join finished
block finished. duration 30.0781738758
Interval 1 finished
end_extract () {}
ending extraction. set laser power to 0
set laser power 0
SetLaserPower 0 ===>> OK
disable () {}
%%%%%%%%%%%%%%%%%%%%%%%%%%%%%%%%%%% disable
set extraction state False (0.75, 'red', 1.5)
disabling laser
Disable ===>> OK
sleep (30.0,) {}
SLEEP 30.0
block started
WaitControl setup for 30.0  
Join finished
block finished. duration 30.0746929646
executed snippet estimated_duration=166.0, duration=77.0001881123
jan_co2.py completed successfully
GetAchievedOutput ===>> No Response
Requested Output= 0.000
Achieved Output=  0.000
GetResponseBlob ===>> No Response
GetOutputBlob ===>> No Response
persistence save...
persistence save - db
AutomatedRunPersister post_extraction_save deprecated
persistence save - dvc
no extraction position for 2
create new session 4992585168
close session 4992585168
Extraction Finished
16:22:48 -- ******* Extraction Finished *******
no overlap. not waiting for min ms pumptime
16:22:48 -- Sending spectrometer configuration
======== Sending configuration ========
SetDeflection CDD,50.0 ===>> OK
SetDeflection H2,0.0 ===>> OK
SetDeflection H1,0.0 ===>> OK
SetDeflection L2,825.0 ===>> OK
SetDeflection L1,400.0 ===>> OK
SetDeflection AX,190.0 ===>> OK
SetZFocus 74.64 ===>> OK
SetZSymmetry -50.72 ===>> OK
SetExtractionLens 26.13 ===>> OK
SetIonRepeller -3.81 ===>> OK
SetElectronEnergy 75.08 ===>> OK
SetYSymmetry -2.81 ===>> OK
SetIonCounterVoltage 1590.0 ===>> OK
send trap current 200.0
GetParameter Trap Current Readback ===>> 198.147042666178
SetParameter Trap Current Set,200.0 ===>> OK
updating mftable name mftable
Using mftable located at /Users/jan/PychronDev/setupfiles/spectrometer/mftables/mftable.csv
============ MFtable ===========
Isotope  H2     H1     AX     L1     L2     CDD    
Ar40     5.8231 5.8812 5.9944 6.1631 6.2327 6.3913
Ar39     5.7224 5.7735 5.8868 6.0491 6.1178 6.2778
Ar36     5.3999 5.4425 5.5502 5.7080 5.7728 5.9289
================================
get initial guess parabolic
get initial guess parabolic
get initial guess parabolic
get initial guess parabolic
get initial guess parabolic
get initial guess parabolic
======== Configuration Finished ========
GetYSymmetry ===>> -2.81
GetZSymmetry ===>> -50.72
GetParameter Trap Current Readback ===>> 198.035158395898
GetHighVoltage ===>> 4499.94659342336
start measurement
do measurement
L#=65476 analysis type=unknown
Measurement Started jan_unknown120_60.py
16:22:48 -- ******* Measurement Started jan_unknown120_60.py *******
state changed from extraction to measurement
setting spec, defl, and gains
GetExtractionLens ===>> 26.13
GetYSymmetry ===>> -2.81
GetZSymmetry ===>> -50.72
GetZFocus ===>> 74.64
GetDeflection H2 ===>> 0
GetDeflection H1 ===>> 0
GetDeflection AX ===>> 190
GetDeflection L1 ===>> 400
GetDeflection L2 ===>> 825
GetDeflection CDD ===>> 50
GetGain H2 ===>> 0.0113
GetGain H1 ===>> 0.1
GetGain AX ===>> 0.097049
GetGain L1 ===>> 0.010355
GetGain L2 ===>> 0.095649
GetGain CDD ===>> 0
pre measurement save
New frame /Users/jan/PychronDev/data/isotopes/d4/5bb11e-c342-45bd-b471-33f387d51b42.h5
flush and close file /Users/jan/PychronDev/data/isotopes/d4/5bb11e-c342-45bd-b471-33f387d51b42.h5
testing...
no interpolation path defined
executed snippet estimated_duration=226.132928, duration=0.000189781188965
unknown measurement script
activate_detectors ('H2', 'H1', 'AX', 'L1', 'L2', 'CDD') {}
activate detectors
*************** Set Analysis View Ar/Ar
create graphs
clearing graphs
clear isotope group
setting isotope det=H2, iso=PM41
setting isotope det=H1, iso=Ar40
setting isotope det=AX, iso=Ar39
setting isotope det=L1, iso=Ar38
setting isotope det=L2, iso=Ar37
setting isotope det=CDD, iso=Ar36
setting previous blanks
 - setting Ar40 blank 0.060+/-0.007
 - setting Ar36 blank 0.00385+/-0.00015
 - setting Ar37 blank 0.053+/-0.005
 - setting Ar38 blank 0.0037+/-0.0020
 - setting PM41 blank 0.02+/-0.06
 - setting Ar39 blank 0.030+/-0.009
load analysis view
position_magnet ('Ar40',) {'detector': 'H1'}
detector Detector(H1)
POSITION Ar40 H1
setting detector H2 to PM41 (40.9624)
setting detector H1 to Ar40 (39.9624)
setting detector AX to Ar39 (38.9624)
setting detector L1 to Ar38 (37.9624)
setting detector L2 to Ar37 (36.9624)
setting detector CDD to Ar36 (35.9624)
Mapping mass to dac mass func: "parabolic"
H1 map mass coeffs = [-0.00063987  0.15840543  0.57282999]
H1 map mass to dac 39.9624 >> 5.88122
GetDeflection H1 ===>> 0
GetHighVoltage ===>> 4499.94659342336
positioning Ar40 (5.88118536605) on H1
setting magnet DAC
current  : 5.881181
requested: 5.881185
Delta Dac: 0.000005
Checking detector protection. dv=0.00000
Checking detector "CDD". Protection Threshold: 0.1 (V)
SetMagnetDAC 5.88118536605 ===>> OK
Magnet settling time: 0.500
equilibrate () {'delay': 3, 'inlet': 'R', 'outlet': 'O', 'eqtime': 12.0}
Equilibration Started
16:22:50 -- ******* Equilibration Started *******
checking ownership. requestor=129.138.12.150
check software interlocks O
interlocks []
actuate state mode=None-script, software_lock=False
doing actuation None-script close_channel True
Close O ===>> OK
set states for children of O. state=False
handle state [('O', False)]
update switch state O False args=() kw={'refresh': False} ncanvase=6
refresh_canvas_needed fired
GetIndicatorState O ===>> False
change switch state (True, True)
update switch state O False args=() kw={} ncanvase=6
16:22:50 -- CLOSE  VALVE-O (Jan Ion Pump)
waiting 3s before opening inlet value ('R',)
update labels <pychron.experiment.plot_panel.PlotPanel object at 0x19e66e0b0>
update labels "<pychron.graph.stacked_regression_graph.StackedRegressionGraph object at 0x197467bf0>"
setting label 0 H2 PM41
setting label 1 H1 Ar40
setting label 2 AX Ar39
setting label 3 L1 Ar38
setting label 4 L2 Ar37
setting label 5 CDD Ar36
update labels "<pychron.graph.stacked_graph.StackedGraph object at 0x1b2843d10>"
setting label 0 H2 PM41
setting label 1 H1 Ar40
setting label 2 AX Ar39
setting label 3 L1 Ar38
setting label 4 L2 Ar37
setting label 5 CDD Ar36
checking ownership. requestor=129.138.12.150
check software interlocks R
interlocks []
actuate state mode=None-script, software_lock=False
doing actuation None-script open_channel True
Open R ===>> OK
GetIndicatorState R ===>> OK
change switch state (True, True)
update switch state R True args=() kw={} ncanvase=6
16:22:54 -- OPEN   VALVE-R (Jan Inlet)
set_time_zero () {}
sniff (12.0,) {}
equilibrating for 12.0sec
py_sniff
build tables- sniff [Detector(H2), Detector(H1), Detector(AX), Detector(L1), Detector(L2), Detector(CDD)]
add group /sniff/PM41 (Group) '' table H2
add group /sniff/Ar40 (Group) '' table H1
add group /sniff/Ar39 (Group) '' table AX
add group /sniff/Ar38 (Group) '' table L1
add group /sniff/Ar37 (Group) '' table L2
add group /sniff/Ar36 (Group) '' table CDD
flush and close file /Users/jan/PychronDev/data/isotopes/d4/5bb11e-c342-45bd-b471-33f387d51b42.h5
measuring sniff. ncounts=12.0
"sniff" increment series count="1" fit count="0" regressing="False"
starting measurement
check iteration duration=1.78813934326e-05
GetData ===>> H2,0.0934506133419748,H1,16.522308578639,AX,4.82089401987793,L1,0.0492882842875698,L2,0.132086759...
check iteration duration=2.00271606445e-05
GetData ===>> H2,0.875268675713066,H1,88.6103159613452,AX,22.5400119582548,L1,0.260362454089978,L2,0.2772463841...
check iteration duration=1.38282775879e-05
GetData ===>> H2,0.311503983514615,H1,120.395017486649,AX,28.94054698141,L1,0.330914618342567,L2,0.138734657407...
check iteration duration=1.71661376953e-05
GetData ===>> H2,0.101887375277433,H1,130.868698364007,AX,30.7438009872785,L1,0.382520305456776,L2,0.2334060998...
check iteration duration=2.88486480713e-05
GetData ===>> H2,-0.0146558039856472,H1,134.602064485623,AX,31.579424164068,L1,0.368042142700567,L2,0.114300488...
check iteration duration=2.59876251221e-05
GetData ===>> H2,-0.0883672771868376,H1,136.09257453985,AX,31.6927016614883,L1,0.392849562645352,L2,0.193497599...
check iteration duration=4.50611114502e-05
GetData ===>> H2,-0.194535858696508,H1,136.931364616307,AX,32.0214270298708,L1,0.36916858166654,L2,0.1600384067...
check iteration duration=3.19480895996e-05
GetData ===>> H2,-0.202408172307778,H1,137.171022244091,AX,31.9371064017414,L1,0.365842156210861,L2,0.180981830...
check iteration duration=2.00271606445e-05
GetData ===>> H2,-0.217040741895517,H1,137.347974989268,AX,31.8364723866007,L1,0.369570562186122,L2,0.211880604...
check iteration duration=2.00271606445e-05
GetData ===>> H2,-0.0702586611505342,H1,137.267890949015,AX,32.0457733835748,L1,0.384187543919068,L2,0.20890211...
check iteration duration=2.09808349609e-05
GetData ===>> H2,-0.183749096628392,H1,137.382578545614,AX,32.0690978246571,L1,0.411254717868562,L2,0.292798044...
check iteration duration=2.69412994385e-05
Equilibration Finished
GetData ===>> H2,-0.232028110469569,H1,137.180573129778,AX,32.0065002480753,L1,0.376306384742988,L2,0.065422027...
16:23:06 -- ******* Equilibration Finished *******
checking ownership. requestor=129.138.12.150
check software interlocks R
interlocks []
actuate state mode=None-script, software_lock=False
doing actuation None-script close_channel True
Close R ===>> OK
set states for children of R. state=False
handle state [('R', False)]
update switch state R False args=() kw={'refresh': False} ncanvase=6
refresh_canvas_needed fired
GetIndicatorState R ===>> False
change switch state (True, True)
update switch state R False args=() kw={} ncanvase=6
16:23:07 -- CLOSE  VALVE-R (Jan Inlet)
Post Equilibration Started jan_pump_extraction_line.py
16:23:07 -- ******* Post Equilibration Started jan_pump_extraction_line.py *******
testing...
no interpolation path defined
calculate duration
testing...
no interpolation path defined
executed snippet estimated_duration=4.0, duration=0.000174999237061
executed snippet estimated_duration=4.0, duration=0.00135517120361
Pump after analysis
doing GOSUB
testing...
no interpolation path defined
executed snippet estimated_duration=4.0, duration=0.000136852264404
Pump Microbone
close () {'description': 'Jan Inlet'}
closing name=--- desc=Jan Inlet
checking ownership. requestor=129.138.12.150
check software interlocks R
interlocks []
actuate state mode=None-script, software_lock=False
doing actuation None-script close_channel False
check iteration duration=1.59740447998e-05
waiting for write to finish
measurement finished
estimated time: 12.583 actual time: :12.680
flush and close file /Users/jan/PychronDev/data/isotopes/d4/5bb11e-c342-45bd-b471-33f387d51b42.h5
set_fits () {}
using default fits file=/Users/jan/PychronDev/scripts/measurement/fits/nominal_linear.yaml
set "Ar40" to "('Linear', 'SEM')"
No fit for "PM41". defaulting to linear. check the measurement script "jan_unknown120_60.py"
set "PM41" to "linear"
set "Ar36" to "('Linear', 'SEM')"
set "Ar37" to "('linear', 'SEM')"
set "Ar38" to "('linear', 'SEM')"
set "Ar39" to "('Linear', 'SEM')"
set_baseline_fits () {}
using default fits file=/Users/jan/PychronDev/scripts/measurement/fits/nominal_linear.yaml
Close R ===>> OK
set "H1" to "('average', 'SEM')"
set "H2" to "('average', 'SEM')"
set "CDD" to "('average', 'SEM')"
set "L2" to "('average', 'SEM')"
set "L1" to "('average', 'SEM')"
set "AX" to "('average', 'SEM')"
multicollect () {'integration_time': 1, 'ncounts': 120}
build tables- signal [Detector(H2), Detector(H1), Detector(AX), Detector(L1), Detector(L2), Detector(CDD)]
add group /signal/PM41 (Group) '' table H2
add group /signal/Ar40 (Group) '' table H1
add group /signal/Ar39 (Group) '' table AX
add group /signal/Ar38 (Group) '' table L1
add group /signal/Ar37 (Group) '' table L2
add group /signal/Ar36 (Group) '' table CDD
flush and close file /Users/jan/PychronDev/data/isotopes/d4/5bb11e-c342-45bd-b471-33f387d51b42.h5
measuring signal. ncounts=120
GetIndicatorState R ===>> False
change switch state (True, True)
update switch state R False args=() kw={} ncanvase=6
16:23:07 -- CLOSE  VALVE-R (Jan Inlet)
---------------------------------------- close None (Jan Inlet) result=[(True, True)]
action=close, ok=True, locked=[False]
is_closed ('F',) {}
is F () closed?
is closed True
open () {'description': 'CO2 Laser to Jan'}
opening name=--- desc=CO2 Laser to Jan
checking ownership. requestor=129.138.12.150
check software interlocks A
interlocks []
actuate state mode=None-script, software_lock=False
doing actuation None-script open_channel False
Open A ===>> OK
GetIndicatorState A ===>> OK
change switch state (True, True)
update switch state A True args=() kw={} ncanvase=6
16:23:07 -- OPEN   VALVE-A (CO2 Laser to Jan)
---------------------------------------- open None (CO2 Laser to Jan) result=[(True, True)], time=0.13 sec
"signal" increment series count="2" fit count="1" regressing="True"
starting measurement
check iteration duration=6.103515625e-05
GetData ===>> H2,-0.181997974894479,H1,137.243442924009,AX,31.9687260371461,L1,0.389146856711728,L2,0.153217953...
action=open, ok=True, locked=[False]
sleep (1,) {}
SLEEP 1.0
check iteration duration=8.01086425781e-05
GetData ===>> H2,-0.0503899732808528,H1,137.318446866915,AX,32.0062436056686,L1,0.390920368165384,L2,0.19741125...
close () {'description': 'CO2 Laser to Roughing'}
closing name=--- desc=CO2 Laser to Roughing
checking ownership. requestor=129.138.12.150
check software interlocks G
interlocks []
actuate state mode=None-script, software_lock=True
VALVE-G(CO2 Laser to Roughing) software locked
change switch state (True, False)
---------------------------------------- close None (CO2 Laser to Roughing) result=[(True, False)]
action=close, ok=True, locked=[True]
open () {'description': 'Microbone to Turbo'}
opening name=--- desc=Microbone to Turbo
checking ownership. requestor=129.138.12.150
check software interlocks U
interlocks []
actuate state mode=None-script, software_lock=False
doing actuation None-script open_channel True
Open U ===>> OK
GetIndicatorState U ===>> OK
change switch state (True, True)
update switch state U True args=() kw={} ncanvase=6
16:23:09 -- OPEN   VALVE-U (Microbone to Turbo)
---------------------------------------- open None (Microbone to Turbo) result=[(True, True)], time=0.18 sec
action=open, ok=True, locked=[False]
open () {'description': 'Microbone to Getter NP-10'}
opening name=--- desc=Microbone to Getter NP-10
checking ownership. requestor=129.138.12.150
check software interlocks M
interlocks []
actuate state mode=None-script, software_lock=False
doing actuation None-script open_channel False
Open M ===>> OK
GetIndicatorState M ===>> OK
change switch state (True, True)
update switch state M True args=() kw={} ncanvase=6
16:23:09 -- OPEN   VALVE-M (Microbone to Getter NP-10)
---------------------------------------- open None (Microbone to Getter NP-10) result=[(True, True)], time=0.28 sec
check iteration duration=9.10758972168e-05
GetData ===>> H2,-0.0487870339359821,H1,137.293287673224,AX,31.8923652503531,L1,0.409943400818812,L2,0.18952705...
action=open, ok=True, locked=[False]
open () {'description': 'Microbone to Getter D-50'}
opening name=--- desc=Microbone to Getter D-50
checking ownership. requestor=129.138.12.150
check software interlocks K
interlocks []
actuate state mode=None-script, software_lock=False
doing actuation None-script open_channel False
Open K ===>> OK
GetIndicatorState K ===>> OK
change switch state (True, True)
update switch state K True args=() kw={} ncanvase=6
16:23:10 -- OPEN   VALVE-K (Microbone to Getter D-50)
---------------------------------------- open None (Microbone to Getter D-50) result=[(True, True)], time=0.43 sec
action=open, ok=True, locked=[False]
open () {'description': 'Microbone to CO2 Laser'}
opening name=--- desc=Microbone to CO2 Laser
checking ownership. requestor=129.138.12.150
check software interlocks T
interlocks []
actuate state mode=None-script, software_lock=False
doing actuation None-script open_channel False
check iteration duration=3.60012054443e-05
GetData ===>> H2,-0.115239253536904,H1,137.163763932615,AX,31.9373088905485,L1,0.372282204097991,L2,0.160620106...
Open T ===>> OK
GetIndicatorState T ===>> OK
change switch state (True, True)
update switch state T True args=() kw={} ncanvase=6
16:23:11 -- OPEN   VALVE-T (Microbone to CO2 Laser)
---------------------------------------- open None (Microbone to CO2 Laser) result=[(True, True)], time=0.44 sec
action=open, ok=True, locked=[False]
open () {'description': 'Microbone to Inlet Pipette'}
opening name=--- desc=Microbone to Inlet Pipette
checking ownership. requestor=129.138.12.150
check software interlocks S
interlocks []
actuate state mode=None-script, software_lock=False
doing actuation None-script open_channel False
Open S ===>> OK
GetIndicatorState S ===>> OK
change switch state (True, True)
update switch state S True args=() kw={} ncanvase=6
16:23:11 -- OPEN   VALVE-S (Microbone to Inlet Pipette)
---------------------------------------- open None (Microbone to Inlet Pipette) result=[(True, True)], time=0.43 sec
action=open, ok=True, locked=[False]
sleep (1,) {}
SLEEP 1.0
testing H1>-5.0
evaluate ot="H1.bs>-5.0" t="H1>-5.0", ctx="{'H1': None}"
check iteration duration=0.00127696990967
GetData ===>> H2,-0.203129355057516,H1,137.204663870855,AX,31.8325444569253,L1,0.401929761156102,L2,0.119772835...
set_resource () {'name': 'CO2PumpTimeFlag', 'value': 30}
Set CO2PumpTimeFlag 30 ===>> OK
release ('JanCO2Flag',) {}
release JanCO2Flag
Set JanCO2Flag 0 ===>> OK
executed snippet estimated_duration=6.0, duration=6.12083697319
PumpMicrobone.py completed successfully
gosub finished
get_resource_value () {'name': 'JanMiniboneFlag'}
Read JanMiniboneFlag ===>> 0
Get Resource Value JanMiniboneFlag=0.0
get resource value 0.0
get_resource_value () {'name': 'JanMiniboneFlag'}
Read JanMiniboneFlag ===>> 0
Get Resource Value JanMiniboneFlag=0.0
executed snippet estimated_duration=4.0, duration=6.13466787338
jan_pump_extraction_line.py completed successfully
Post Equilibration Finished
16:23:13 -- ******* Post Equilibration Finished *******
check iteration duration=8.29696655273e-05
GetData ===>> H2,-0.250102678545366,H1,137.20824359006,AX,31.7559298366597,L1,0.449992205063987,L2,0.1060241576...
check iteration duration=7.00950622559e-05
GetData ===>> H2,-0.251723205314648,H1,137.097810048922,AX,31.8646872936649,L1,0.413196900970783,L2,0.189447194...
check iteration duration=6.69956207275e-05
GetData ===>> H2,-0.154787447787068,H1,137.130974733846,AX,31.7118709042212,L1,0.439554313435006,L2,0.140467975...
check iteration duration=8.70227813721e-05
GetData ===>> H2,-0.0907454384880537,H1,137.131738603419,AX,31.9304919663507,L1,0.406252776485548,L2,0.11453989...
testing H1>-5.0
evaluate ot="H1.bs>-5.0" t="H1>-5.0", ctx="{'H1': None}"
check iteration duration=0.000643014907837
GetData ===>> H2,-0.0718031468220165,H1,137.016544925152,AX,31.7901422892695,L1,0.376726985624258,L2,0.19215124...
check iteration duration=8.10623168945e-05
GetData ===>> H2,-0.151459871822219,H1,137.034252581831,AX,31.7694193169555,L1,0.38924958970415,L2,0.1834802898...
check iteration duration=5.88893890381e-05
GetData ===>> H2,-0.229213687376559,H1,136.832915336505,AX,31.7516540068773,L1,0.396957495547182,L2,0.155498987...
check iteration duration=8.60691070557e-05
GetData ===>> H2,-0.18038691956187,H1,136.833116112901,AX,31.811584303825,L1,0.385295111570115,L2,0.20151904745...
check iteration duration=4.31537628174e-05
GetData ===>> H2,-0.153687553845544,H1,136.822959093052,AX,31.6704147945737,L1,0.385995654806366,L2,0.056788501...
testing H1>-5.0
evaluate ot="H1.bs>-5.0" t="H1>-5.0", ctx="{'H1': None}"
check iteration duration=0.00113201141357
GetData ===>> H2,-0.184067453300316,H1,136.648105178772,AX,31.8112604168924,L1,0.401586004745728,L2,0.080367522...
check iteration duration=7.70092010498e-05
GetData ===>> H2,-0.178432836307413,H1,136.56933964021,AX,31.7173722765732,L1,0.432757183148102,L2,0.1851801921...
check iteration duration=8.79764556885e-05
GetData ===>> H2,-0.175094730498036,H1,136.436920868867,AX,31.8043645441073,L1,0.393544504000809,L2,0.186651944...
check iteration duration=6.29425048828e-05
GetData ===>> H2,-0.116608711341144,H1,136.367150926889,AX,31.8512539613614,L1,0.384575056754215,L2,0.148895543...
check iteration duration=5.10215759277e-05
GetData ===>> H2,-0.100647060890967,H1,136.529346994611,AX,31.8080081036301,L1,0.380028812424179,L2,0.076508755...
testing H1>-5.0
evaluate ot="H1.bs>-5.0" t="H1>-5.0", ctx="{'H1': None}"
check iteration duration=0.00770497322083
GetData ===>> H2,-0.263789547568907,H1,136.487458213447,AX,31.7014179375295,L1,0.387347972974101,L2,0.225062398...
check iteration duration=6.41345977783e-05
GetData ===>> H2,-0.302799055038549,H1,136.602235844288,AX,31.7121810234926,L1,0.408113224045809,L2,0.096129980...
check iteration duration=5.41210174561e-05
GetData ===>> H2,-0.135914380509653,H1,136.416275742608,AX,31.6918786422407,L1,0.380987760669301,L2,0.142520630...
check iteration duration=7.79628753662e-05
GetData ===>> H2,-0.176657945002214,H1,136.245429717129,AX,31.7308976202226,L1,0.394359407126421,L2,0.182202530...
check iteration duration=5.29289245605e-05
GetData ===>> H2,-0.0870157646205077,H1,136.228365426478,AX,31.6485504088945,L1,0.385685111415581,L2,0.14822267...
testing H1>-5.0
evaluate ot="H1.bs>-5.0" t="H1>-5.0", ctx="{'H1': None}"
check iteration duration=0.000600099563599
16:23:33 -- collecting point 25
GetData ===>> H2,-0.14257702669325,H1,136.303143694826,AX,31.5764319392928,L1,0.379348793797498,L2,0.0908869369...
check iteration duration=7.20024108887e-05
GetData ===>> H2,-0.241907723871263,H1,136.16561741307,AX,31.561808916217,L1,0.430587657841833,L2,0.09712163166...
check iteration duration=4.50611114502e-05
GetData ===>> H2,-0.238959799246866,H1,136.003101571345,AX,31.4844604392756,L1,0.442743572992608,L2,0.134412901...
check iteration duration=9.70363616943e-05
GetData ===>> H2,-0.311179276297754,H1,136.381712361845,AX,31.7123158582235,L1,0.406697050117728,L2,0.209563991...
check iteration duration=3.981590271e-05
GetData ===>> H2,-0.138139752978574,H1,136.158401890014,AX,31.591676936985,L1,0.347245323820552,L2,0.1256673587...
testing H1>-5.0
evaluate ot="H1.bs>-5.0" t="H1>-5.0", ctx="{'H1': None}"
check iteration duration=0.000582933425903
GetData ===>> H2,-0.130807623476268,H1,135.914647886602,AX,31.5670649004529,L1,0.403049190051406,L2,0.142611860...
check iteration duration=8.70227813721e-05
GetData ===>> H2,-0.215149483520006,H1,136.076186834878,AX,31.6348350572727,L1,0.456584293640709,L2,0.144835621...
check iteration duration=8.79764556885e-05
GetData ===>> H2,-0.0802703610829482,H1,136.023619220553,AX,31.7149451675774,L1,0.392784720164697,L2,0.20667686...
check iteration duration=3.88622283936e-05
GetData ===>> H2,-0.172171585823133,H1,136.067793262265,AX,31.7279982330152,L1,0.361118849671433,L2,0.169619796...
check iteration duration=3.57627868652e-05
GetData ===>> H2,-0.300761557109654,H1,135.976536539087,AX,31.4428738159213,L1,0.379195918117236,L2,0.148838521...
testing H1>-5.0
evaluate ot="H1.bs>-5.0" t="H1>-5.0", ctx="{'H1': None}"
check iteration duration=0.00113201141357
GetData ===>> H2,-0.200964320638131,H1,135.934413726791,AX,31.5716337620733,L1,0.3855286206691,L2,0.12768548997...
check iteration duration=3.50475311279e-05
GetData ===>> H2,-0.168282857776431,H1,135.800748469318,AX,31.6430209127682,L1,0.363993115708551,L2,0.104781629...
check iteration duration=3.79085540771e-05
GetData ===>> H2,-0.139801061774129,H1,135.882390702928,AX,31.5094386303161,L1,0.343032269093429,L2,0.208285884...
check iteration duration=6.50882720947e-05
GetData ===>> H2,-0.160381202232933,H1,136.098865599012,AX,31.3841045591463,L1,0.377392157101421,L2,0.188226401...
check iteration duration=7.70092010498e-05
GetData ===>> H2,-0.248374308570759,H1,135.957346616443,AX,31.4101381432451,L1,0.321844847997062,L2,0.083376207...
testing H1>-5.0
evaluate ot="H1.bs>-5.0" t="H1>-5.0", ctx="{'H1': None}"
check iteration duration=0.00202703475952
GetData ===>> H2,-0.207375986548924,H1,135.802750760318,AX,31.45877357034,L1,0.344829285538077,L2,0.20455436536...
check iteration duration=7.39097595215e-05
GetData ===>> H2,-0.132185971065573,H1,135.806735390405,AX,31.3177673234019,L1,0.403789425889889,L2,0.202991050...
check iteration duration=9.01222229004e-05
GetData ===>> H2,-0.186543854587679,H1,135.738088821854,AX,31.3409260046491,L1,0.361236051216727,L2,0.218180248...
check iteration duration=3.60012054443e-05
GetData ===>> H2,-0.205676716688196,H1,135.603832211067,AX,31.3912689206818,L1,0.36620247703145,L2,0.0643727333...
check iteration duration=6.38961791992e-05
GetData ===>> H2,-0.132188676195534,H1,135.51388826766,AX,31.3956862721368,L1,0.338633908684192,L2,0.1381758969...
testing H1>-5.0
evaluate ot="H1.bs>-5.0" t="H1>-5.0", ctx="{'H1': None}"
check iteration duration=0.000570058822632
GetData ===>> H2,-0.310917679796315,H1,135.493259330613,AX,31.4275421026797,L1,0.352750650136142,L2,0.136499635...
check iteration duration=7.39097595215e-05
GetData ===>> H2,-0.217680828217052,H1,135.547371551845,AX,31.3717969229968,L1,0.382900421765736,L2,0.184917789...
check iteration duration=7.41481781006e-05
GetData ===>> H2,-0.25258649471111,H1,135.380607182819,AX,31.4926555894712,L1,0.370694725094486,L2,0.1364996351...
check iteration duration=8.20159912109e-05
GetData ===>> H2,-0.265791456651761,H1,135.420962842433,AX,31.3971812076083,L1,0.387023938374748,L2,0.210716584...
check iteration duration=6.79492950439e-05
GetData ===>> H2,-0.202103509331729,H1,135.502748655613,AX,31.3642702654724,L1,0.404064733818824,L2,0.073349135...
testing H1>-5.0
evaluate ot="H1.bs>-5.0" t="H1>-5.0", ctx="{'H1': None}"
check iteration duration=0.00056791305542
16:23:59 -- collecting point 50
GetData ===>> H2,-0.13619291396413,H1,135.44160437402,AX,31.3581846763154,L1,0.378344747979771,L2,0.18844317649...
check iteration duration=5.88893890381e-05
GetData ===>> H2,-0.218004226470948,H1,135.217536673779,AX,31.3884946967396,L1,0.407999384354302,L2,0.173327139...
check iteration duration=4.50611114502e-05
GetData ===>> H2,-0.211412244791475,H1,135.462088403453,AX,31.4706863768499,L1,0.392825093736617,L2,0.075949826...
check iteration duration=7.29560852051e-05
GetData ===>> H2,-0.226609957321811,H1,135.174749167536,AX,31.3652666099567,L1,0.392226847061599,L2,0.101111137...
check iteration duration=8.39233398438e-05
GetData ===>> H2,-0.248510166688528,H1,135.230848792364,AX,31.3330966980842,L1,0.384095863212135,L2,0.241362398...
testing H1>-5.0
evaluate ot="H1.bs>-5.0" t="H1>-5.0", ctx="{'H1': None}"
check iteration duration=0.000716924667358
GetData ===>> H2,-0.229420990661505,H1,135.276929673277,AX,31.3641894811694,L1,0.362378836512327,L2,0.169254773...
check iteration duration=8.10623168945e-05
GetData ===>> H2,-0.261140404556229,H1,134.999844793701,AX,31.2755347437807,L1,0.348840465411082,L2,0.055910365...
check iteration duration=3.2901763916e-05
GetData ===>> H2,-0.240167329915549,H1,134.934546488302,AX,31.2552051705347,L1,0.317905190072989,L2,0.072813036...
check iteration duration=7.31945037842e-05
GetData ===>> H2,-0.253074587064937,H1,135.082632483604,AX,31.4303038131346,L1,0.384944246630662,L2,0.125712965...
check iteration duration=0.00010085105896
GetData ===>> H2,-0.265537372362834,H1,135.046068206509,AX,31.3932620944778,L1,0.386971360140249,L2,0.178186827...
testing H1>-5.0
evaluate ot="H1.bs>-5.0" t="H1>-5.0", ctx="{'H1': None}"
check iteration duration=0.00123500823975
GetData ===>> H2,-0.167308442656331,H1,134.960363235763,AX,31.1730221389557,L1,0.35801216003564,L2,0.2029796395...
check iteration duration=3.19480895996e-05
GetData ===>> H2,-0.239919641842867,H1,134.990617618028,AX,31.14626863653,L1,0.346392324014233,L2,0.19644138111...
check iteration duration=3.31401824951e-05
GetData ===>> H2,-0.209794411733837,H1,134.815840915144,AX,31.1456763924723,L1,0.357198574578364,L2,0.150674665...
check iteration duration=8.9168548584e-05
GetData ===>> H2,-0.188561262563816,H1,134.751435199342,AX,31.3314936169048,L1,0.368104447913775,L2,0.047460149...
check iteration duration=8.20159912109e-05
GetData ===>> H2,-0.171258219004478,H1,134.651862375122,AX,31.251193541261,L1,0.378289717858157,L2,0.1843701678...
testing H1>-5.0
evaluate ot="H1.bs>-5.0" t="H1>-5.0", ctx="{'H1': None}"
check iteration duration=0.000575065612793
GetData ===>> H2,-0.168709306725494,H1,134.726127844007,AX,31.0751004574588,L1,0.39617910145315,L2,0.2104883474...
check iteration duration=8.51154327393e-05
GetData ===>> H2,-0.229194841434772,H1,134.628936747112,AX,31.1077388663793,L1,0.374566698593273,L2,0.192710323...
check iteration duration=5.81741333008e-05
GetData ===>> H2,-0.232632359530774,H1,134.570968269858,AX,31.1672378022026,L1,0.383537239804547,L2,0.185750635...
check iteration duration=8.39233398438e-05
GetData ===>> H2,-0.149882648343689,H1,134.508602666679,AX,31.2567129338062,L1,0.408539216017922,L2,0.211869192...
check iteration duration=8.20159912109e-05
GetData ===>> H2,-0.0687980546967212,H1,134.562053358183,AX,31.289565629154,L1,0.361947835214453,L2,0.181198589...
testing H1>-5.0
evaluate ot="H1.bs>-5.0" t="H1>-5.0", ctx="{'H1': None}"
check iteration duration=0.000555992126465
GetData ===>> H2,-0.207274926885899,H1,134.539917711359,AX,31.2209897398434,L1,0.333340681252742,L2,0.199202685...
check iteration duration=7.79628753662e-05
GetData ===>> H2,-0.219569882186454,H1,134.40689707275,AX,31.2428745762015,L1,0.345391756690082,L2,0.0858379296...
check iteration duration=7.20024108887e-05
GetData ===>> H2,-0.182785878282093,H1,134.418520289018,AX,31.1693362715217,L1,0.35598686732195,L2,0.1061495512...
check iteration duration=4.10079956055e-05
GetData ===>> H2,-0.133368051422631,H1,134.549848477321,AX,30.9610035076439,L1,0.330981696314367,L2,0.183708462...
check iteration duration=5.29289245605e-05
GetData ===>> H2,-0.263019074184931,H1,134.440971531385,AX,31.0546827070361,L1,0.37880212085639,L2,0.1840393148...
testing H1>-5.0
evaluate ot="H1.bs>-5.0" t="H1>-5.0", ctx="{'H1': None}"
check iteration duration=0.000611066818237
16:24:25 -- collecting point 75
GetData ===>> H2,-0.21290324813121,H1,134.327934048028,AX,31.0111022262623,L1,0.392400567453192,L2,0.1792820027...
check iteration duration=6.00814819336e-05
GetData ===>> H2,-0.264518288976556,H1,134.215161933488,AX,30.9825776225553,L1,0.376636506071888,L2,0.092140682...
check iteration duration=9.08374786377e-05
GetData ===>> H2,-0.267141099466939,H1,134.169440939752,AX,31.006786778529,L1,0.352855658498532,L2,0.0843107429...
check iteration duration=6.98566436768e-05
GetData ===>> H2,-0.159599242219259,H1,134.164899406075,AX,31.0522349769957,L1,0.371116317956412,L2,0.136978564...
check iteration duration=5.31673431396e-05
GetData ===>> H2,-0.277980775693855,H1,134.102044066058,AX,31.0095292869466,L1,0.395694470785485,L2,0.212451207...
testing H1>-5.0
evaluate ot="H1.bs>-5.0" t="H1>-5.0", ctx="{'H1': None}"
check iteration duration=0.00100088119507
GetData ===>> H2,-0.263526005875373,H1,134.080150554784,AX,31.0468151922364,L1,0.416691550555042,L2,0.118883557...
check iteration duration=5.3882598877e-05
GetData ===>> H2,-0.238245351498251,H1,133.866089121949,AX,31.1036753679807,L1,0.4126176364505,L2,0.16124743404...
check iteration duration=5.79357147217e-05
GetData ===>> H2,-0.195049321854421,H1,133.908653249639,AX,30.9890024224846,L1,0.34317621398763,L2,0.1202972846...
check iteration duration=4.50611114502e-05
GetData ===>> H2,-0.10566703272468,H1,134.11678744548,AX,31.0251789925874,L1,0.387928815311897,L2,0.22244872118...
check iteration duration=7.89165496826e-05
GetData ===>> H2,-0.230507251532519,H1,133.967560822237,AX,31.0616899639956,L1,0.373275878342222,L2,0.212622388...
testing H1>-5.0
evaluate ot="H1.bs>-5.0" t="H1>-5.0", ctx="{'H1': None}"
check iteration duration=0.00105905532837
GetData ===>> H2,-0.206388258057549,H1,134.042944140744,AX,30.9980353959079,L1,0.365899562408863,L2,0.198860370...
check iteration duration=4.98294830322e-05
GetData ===>> H2,-0.0932450204464116,H1,133.966046383659,AX,31.1013476682319,L1,0.371434051565535,L2,0.13208675...
check iteration duration=7.60555267334e-05
GetData ===>> H2,-0.105725218368655,H1,133.954215651296,AX,31.0209436776415,L1,0.39001889681207,L2,0.0987858053...
check iteration duration=9.89437103271e-05
GetData ===>> H2,-0.036299437210443,H1,133.705336120963,AX,30.9411813120163,L1,0.380036151000493,L2,0.175563021...
check iteration duration=3.91006469727e-05
GetData ===>> H2,-0.0475504041268461,H1,133.672845761316,AX,30.8332155593516,L1,0.395819297709836,L2,0.10986583...
testing H1>-5.0
evaluate ot="H1.bs>-5.0" t="H1>-5.0", ctx="{'H1': None}"
check iteration duration=0.00058388710022
GetData ===>> H2,-0.225332106096557,H1,133.71687739091,AX,30.9691378016683,L1,0.391450034794379,L2,0.2195155523...
check iteration duration=4.10079956055e-05
GetData ===>> H2,-0.289890463025859,H1,133.803138785918,AX,30.9737743589919,L1,0.394984699473785,L2,0.111028629...
check iteration duration=7.00950622559e-05
GetData ===>> H2,-0.209201642267393,H1,133.747405905944,AX,30.9374431878653,L1,0.408349476032787,L2,0.150857141...
check iteration duration=8.51154327393e-05
GetData ===>> H2,-0.252275879495705,H1,133.474038360359,AX,30.9693797042957,L1,0.369471592875676,L2,0.175631467...
check iteration duration=6.00814819336e-05
GetData ===>> H2,-0.269088655862725,H1,133.609932322944,AX,31.0876784463407,L1,0.346702275670825,L2,0.183183665...
testing H1>-5.0
evaluate ot="H1.bs>-5.0" t="H1>-5.0", ctx="{'H1': None}"
check iteration duration=0.000542163848877
GetData ===>> H2,-0.185263908707291,H1,133.531268140678,AX,30.9136995793961,L1,0.379277859198598,L2,0.026537388...
check iteration duration=5.07831573486e-05
GetData ===>> H2,-0.181876546550953,H1,133.499747574018,AX,30.798561561601,L1,0.392104510521615,L2,0.1254165205...
check iteration duration=7.20024108887e-05
GetData ===>> H2,-0.196329538615895,H1,133.517008572654,AX,30.9109437084783,L1,0.354048677896663,L2,0.182031403...
check iteration duration=7.10487365723e-05
GetData ===>> H2,-0.217415365236095,H1,133.340345908657,AX,30.8980659456541,L1,0.350584787431394,L2,0.138985530...
check iteration duration=5.00679016113e-05
GetData ===>> H2,-0.0923238292652564,H1,133.362033431536,AX,30.8002940085406,L1,0.312822299100811,L2,0.12925897...
testing H1>-5.0
evaluate ot="H1.bs>-5.0" t="H1>-5.0", ctx="{'H1': None}"
check iteration duration=0.0010449886322
16:24:52 -- collecting point 100
GetData ===>> H2,-0.215212770259145,H1,133.203706374427,AX,30.7753623797534,L1,0.329859722604645,L2,0.124778026...
check iteration duration=5.00679016113e-05
GetData ===>> H2,-0.19338620971895,H1,133.285235317783,AX,30.742497875825,L1,0.381570687334746,L2,0.17852906853...
check iteration duration=4.50611114502e-05
GetData ===>> H2,-0.149732746681549,H1,133.348217497419,AX,30.6796574269698,L1,0.40632620881841,L2,0.1015442939...
check iteration duration=7.48634338379e-05
GetData ===>> H2,-0.064345415554768,H1,133.262286224536,AX,30.7001213809735,L1,0.406311522309845,L2,0.105340195...
check iteration duration=4.19616699219e-05
GetData ===>> H2,-0.0795603710559671,H1,133.112497329704,AX,30.7655933927367,L1,0.381334824129006,L2,0.18089056...
testing H1>-5.0
evaluate ot="H1.bs>-5.0" t="H1>-5.0", ctx="{'H1': None}"
check iteration duration=0.00120282173157
GetData ===>> H2,-0.0448336909152416,H1,133.032851936094,AX,30.9168722751464,L1,0.351726264546444,L2,0.20011553...
check iteration duration=3.69548797607e-05
GetData ===>> H2,-0.20378174993297,H1,133.154072609876,AX,30.7975543372465,L1,0.345867624083079,L2,0.2268657636...
check iteration duration=8.70227813721e-05
GetData ===>> H2,-0.21169914688908,H1,133.277764097372,AX,30.7948147325275,L1,0.355676634669608,L2,0.2361342254...
check iteration duration=9.3936920166e-05
GetData ===>> H2,-0.156364136604026,H1,133.032454896615,AX,30.7174595674345,L1,0.389815862626996,L2,0.116945416...
check iteration duration=8.60691070557e-05
GetData ===>> H2,-0.259610032386164,H1,133.032971048122,AX,30.6551834441237,L1,0.437243545620903,L2,0.140228502...
testing H1>-5.0
evaluate ot="H1.bs>-5.0" t="H1>-5.0", ctx="{'H1': None}"
check iteration duration=0.000576019287109
GetData ===>> H2,-0.174427801308331,H1,133.104533063207,AX,30.7113083020967,L1,0.410033999976527,L2,0.147846333...
check iteration duration=8.70227813721e-05
GetData ===>> H2,-0.131546189718021,H1,132.946629628656,AX,30.6214548457742,L1,0.38132749168101,L2,0.1385750112...
check iteration duration=4.10079956055e-05
GetData ===>> H2,-0.0850684063542198,H1,132.935115238327,AX,30.7895102949887,L1,0.386671791617724,L2,0.18798680...
check iteration duration=8.51154327393e-05
GetData ===>> H2,-0.198722008263891,H1,132.990073839531,AX,30.8372189166499,L1,0.392521684113227,L2,0.296289813...
check iteration duration=7.10487365723e-05
GetData ===>> H2,-0.286659323816678,H1,132.78557938579,AX,30.7802986244,L1,0.39241769497494,L2,0.20626605322820...
testing H1>-5.0
evaluate ot="H1.bs>-5.0" t="H1>-5.0", ctx="{'H1': None}"
check iteration duration=0.00089693069458
GetData ===>> H2,-0.175455179925472,H1,132.951315022208,AX,30.7209651330227,L1,0.390506929141764,L2,0.154769050...
check iteration duration=3.88622283936e-05
GetData ===>> H2,-0.218653690015809,H1,132.784785577573,AX,30.5937099914787,L1,0.395969826313395,L2,0.152510844...
check iteration duration=8.10623168945e-05
GetData ===>> H2,-0.131869466408566,H1,132.845350143831,AX,30.6840748557886,L1,0.400454503520914,L2,0.134663763...
check iteration duration=8.51154327393e-05
GetData ===>> H2,-0.264808696788045,H1,132.783376577309,AX,30.6536531577262,L1,0.38826999908262,L2,0.1994308958...
check iteration duration=5.00679016113e-05
GetData ===>> H2,-0.126164605587751,H1,132.574735818337,AX,30.6703129202498,L1,0.36264867940992,L2,0.2607390567...
testing H1>-5.0
evaluate ot="H1.bs>-5.0" t="H1>-5.0", ctx="{'H1': None}"
check iteration duration=0.00136208534241
GetData ===>> H2,-0.164052586594692,H1,132.42009067545,AX,30.5065733077676,L1,0.338093234624743,L2,0.1521002671...
check iteration duration=3.21865081787e-05
waiting for write to finish
measurement finished
estimated time: 125.829 actual time: :126.176
flush and close file /Users/jan/PychronDev/data/isotopes/d4/5bb11e-c342-45bd-b471-33f387d51b42.h5
baselines () {'settling_time': 15.0, 'detector': 'H1', 'mass': 34.2, 'ncounts': 60}
%%%%%%%%%%%%%%%%%%%%%%%%%%%%%%%% Baseline
build tables- baseline [Detector(H2), Detector(H1), Detector(AX), Detector(L1), Detector(L2), Detector(CDD)]
add group baseline table H2
add group baseline table H1
add group baseline table AX
add group baseline table L1
add group baseline table L2
add group baseline table CDD
flush and close file /Users/jan/PychronDev/data/isotopes/d4/5bb11e-c342-45bd-b471-33f387d51b42.h5
detector Detector(H1)
POSITION 34.2 H1
Mapping mass to dac mass func: "parabolic"
H1 map mass coeffs = [-0.00063987  0.15840543  0.57282999]
H1 map mass to dac 34.2 >> 5.24187599104
GetDeflection H1 ===>> 0
GetHighVoltage ===>> 4499.94659342336
positioning 34.2 (5.24184512213) on H1
setting magnet DAC
current  : 5.881185
requested: 5.241845
Delta Dac: 0.639340
Checking detector protection. dv=0.63934
Checking detector "CDD". Protection Threshold: 0.1 (V)
ProtectDetector CDD,On ===>> OK
GetDeflection CDD ===>> 2000
Protected = 2000
SetMagnetDAC 5.24184512213 ===>> OK
Magnet settling time: 0.500
GetMagnetMoving ===>> True
GetMagnetMoving ===>> True
GetMagnetMoving ===>> True
GetMagnetMoving ===>> True
GetMagnetMoving ===>> True
GetMagnetMoving ===>> True
GetMagnetMoving ===>> True
GetMagnetMoving ===>> True
GetMagnetMoving ===>> False
ProtectDetector CDD,Off ===>> OK
GetDeflection CDD ===>> 50
Delaying 15.0s for detectors to settle
Join finished
measuring baseline. ncounts=60
"baseline" increment series count="2" fit count="1" regressing="True"
starting measurement
check iteration duration=7.39097595215e-05
GetData ===>> H2,-0.208680248892974,H1,-0.088116016294104,AX,-0.0614179456170152,L1,-0.0120088347019908,L2,0.11...
check iteration duration=3.60012054443e-05
GetData ===>> H2,-0.207584840324161,H1,-0.0457144048537248,AX,-0.0522702742668569,L1,-0.00792633367698665,L2,0....
check iteration duration=6.19888305664e-05
GetData ===>> H2,-0.232773660327763,H1,-0.0229863264801232,AX,-0.124755595043844,L1,-0.0601616406105836,L2,-0.0...
check iteration duration=7.82012939453e-05
GetData ===>> H2,-0.190413832569672,H1,-0.101987705763728,AX,-0.0724079268230987,L1,-0.0168483996063523,L2,-0.0...
testing H1>-5.0
evaluate ot="H1.bs>-5.0" t="H1>-5.0", ctx="{'H1': None}"
check iteration duration=0.00221991539001
GetData ===>> H2,-0.196579058797748,H1,-0.0416604563967525,AX,0.0176467911760474,L1,-0.0134268315295127,L2,0.03...
check iteration duration=4.00543212891e-05
GetData ===>> H2,-0.233157182153391,H1,-0.0318229869917584,AX,-0.0235463310584001,L1,-0.00826570596503202,L2,-0...
check iteration duration=8.79764556885e-05
GetData ===>> H2,-0.166444625105158,H1,-0.0203268278712752,AX,-0.102797804378663,L1,-0.037303691156824,L2,0.032...
check iteration duration=3.81469726562e-05
GetData ===>> H2,-0.17173042670304,H1,0.0163528374649726,AX,-0.0722572287233905,L1,-0.0519059062330284,L2,-0.00...
check iteration duration=3.81469726562e-05
GetData ===>> H2,-0.217442316076858,H1,-0.0503523974085372,AX,-0.122982933588006,L1,-0.0641524378038287,L2,-0.0...
testing H1>-5.0
evaluate ot="H1.bs>-5.0" t="H1>-5.0", ctx="{'H1': None}"
check iteration duration=0.000539064407349
GetData ===>> H2,-0.157319230441705,H1,-0.0446770866177502,AX,-0.0762100785709829,L1,-0.0431892712367114,L2,-0....
check iteration duration=4.41074371338e-05
GetData ===>> H2,-0.200896909428078,H1,0.0124158392809328,AX,-0.0459394430984603,L1,-0.00730032367984056,L2,-0....
check iteration duration=8.51154327393e-05
GetData ===>> H2,-0.157836595618502,H1,-0.00669429731490185,AX,-0.0589485069089606,L1,-0.0158505086274521,L2,0....
check iteration duration=4.31537628174e-05
GetData ===>> H2,-0.247688267359115,H1,0.0413026888652858,AX,-0.0346565562962583,L1,-0.0275598964776129,L2,-0.0...
check iteration duration=3.48091125488e-05
GetData ===>> H2,-0.238761897291569,H1,-0.0102248595901021,AX,-0.07842406800284,L1,-0.0476604386330854,L2,0.011...
testing H1>-5.0
evaluate ot="H1.bs>-5.0" t="H1>-5.0", ctx="{'H1': None}"
check iteration duration=0.00062084197998
GetData ===>> H2,-0.150032548023987,H1,-0.055288225361516,AX,-0.0529659448842935,L1,-0.0352392088642313,L2,-0.0...
check iteration duration=8.20159912109e-05
GetData ===>> H2,-0.198651886699966,H1,-0.0536906651820822,AX,-0.0988808015851852,L1,-0.0104263876650405,L2,-0....
check iteration duration=5.31673431396e-05
GetData ===>> H2,-0.0856358560265721,H1,-0.0880087534702366,AX,0.0536194883846282,L1,-0.0412864763817402,L2,0.0...
check iteration duration=5.98430633545e-05
GetData ===>> H2,-0.0987056089509895,H1,-0.0439736118107213,AX,-0.0581949098467469,L1,-0.0568120226643077,L2,-0...
check iteration duration=7.20024108887e-05
GetData ===>> H2,-0.176590453150771,H1,-0.060140359989602,AX,-0.156275293951792,L1,-0.0241772260340437,L2,-0.02...
testing H1>-5.0
evaluate ot="H1.bs>-5.0" t="H1>-5.0", ctx="{'H1': None}"
check iteration duration=0.000736951828003
GetData ===>> H2,-0.166827952271988,H1,-0.0155085427837818,AX,-0.0919039740666435,L1,-0.016726067332904,L2,-0.0...
check iteration duration=8.48770141602e-05
GetData ===>> H2,-0.135668291864923,H1,-0.10394198167154,AX,-0.0840457519756552,L1,-0.0173245218443081,L2,-0.04...
check iteration duration=5.98430633545e-05
GetData ===>> H2,-0.204641667507734,H1,-0.0763283357608334,AX,-0.00086964982869925,L1,-0.0760637252257981,L2,-0...
check iteration duration=7.08103179932e-05
GetData ===>> H2,-0.303397200302761,H1,-0.100152558267585,AX,-0.0936192537905392,L1,-0.0419415383107253,L2,-0.0...
check iteration duration=3.81469726562e-05
GetData ===>> H2,-0.209996485131856,H1,-0.0818230694447529,AX,-0.0961921166770364,L1,-0.00526612206211271,L2,-0...
testing H1>-5.0
evaluate ot="H1.bs>-5.0" t="H1>-5.0", ctx="{'H1': None}"
check iteration duration=0.000604867935181
16:25:57 -- collecting point 25
GetData ===>> H2,-0.114534161941497,H1,-0.0615351561380926,AX,-0.237636990158653,L1,-0.00227284352202925,L2,0.0...
check iteration duration=3.19480895996e-05
GetData ===>> H2,-0.175318831491058,H1,0.0189298655732586,AX,-0.0686404043106838,L1,-0.0339734207454295,L2,0.05...
check iteration duration=7.39097595215e-05
GetData ===>> H2,-0.330848093083382,H1,-0.010201004857424,AX,-0.0752479627489523,L1,-0.0389520968618659,L2,0.05...
check iteration duration=3.81469726562e-05
GetData ===>> H2,-0.267885753559902,H1,-0.00181571411557151,AX,-0.0388080686020591,L1,-0.014802136751894,L2,-0....
check iteration duration=5.10215759277e-05
GetData ===>> H2,-0.209305379167086,H1,0.0315176923317618,AX,-0.0718051330237828,L1,-0.00473711432420643,L2,-0....
testing H1>-5.0
evaluate ot="H1.bs>-5.0" t="H1>-5.0", ctx="{'H1': None}"
check iteration duration=0.000587940216064
GetData ===>> H2,-0.176092350848954,H1,-0.0217698829708233,AX,-0.069892397205757,L1,-0.0424229277182803,L2,-0.0...
check iteration duration=5.10215759277e-05
GetData ===>> H2,-0.0953350347408733,H1,-0.0617020535201849,AX,-0.0708777506560383,L1,-0.0601221553752295,L2,-0...
check iteration duration=6.48498535156e-05
GetData ===>> H2,-0.105934954844604,H1,-0.0725497863192313,AX,-0.0266081481185308,L1,-0.0185872759865993,L2,-0....
check iteration duration=5.29289245605e-05
GetData ===>> H2,-0.167411016615745,H1,-0.0426024178894256,AX,-0.0814262035679082,L1,-0.00072246734510339,L2,-0...
check iteration duration=3.91006469727e-05
GetData ===>> H2,-0.217345292749398,H1,-0.0404323160719809,AX,-0.12789532788753,L1,-0.0291747413063807,L2,0.150...
testing H1>-5.0
evaluate ot="H1.bs>-5.0" t="H1>-5.0", ctx="{'H1': None}"
check iteration duration=0.000993013381958
GetData ===>> H2,-0.270363995386582,H1,-0.0411715868109617,AX,-0.049058530437346,L1,-0.0117858685876158,L2,-0.0...
check iteration duration=5.98430633545e-05
GetData ===>> H2,-0.178075180972866,H1,-0.014781009286202,AX,0.0690899794640839,L1,-0.00688775941143859,L2,-0.0...
check iteration duration=0.000136137008667
GetData ===>> H2,-0.143329690744309,H1,0.0184884254943675,AX,0.0377334546987549,L1,-0.0407559287529488,L2,-0.06...
check iteration duration=3.2901763916e-05
GetData ===>> H2,-0.164626343899299,H1,-0.0804762320542938,AX,-0.0921010009775897,L1,-0.00480309186312832,L2,-0...
check iteration duration=6.31809234619e-05
GetData ===>> H2,-0.187421794895014,H1,-0.0660055256042956,AX,-0.0934222299541476,L1,-0.00225244538521685,L2,-0...
testing H1>-5.0
evaluate ot="H1.bs>-5.0" t="H1>-5.0", ctx="{'H1': None}"
check iteration duration=0.00109505653381
GetData ===>> H2,-0.171070679628464,H1,-0.0188479729602563,AX,-0.0154738061715772,L1,0.00308008472682305,L2,-0....
check iteration duration=3.48091125488e-05
GetData ===>> H2,-0.166643039025465,H1,-0.0415412201326014,AX,-0.114883892877125,L1,-0.0367897070581749,L2,0.00...
check iteration duration=3.69548797607e-05
GetData ===>> H2,-0.13371291436249,H1,-0.0104037699037328,AX,-0.127455076254269,L1,-0.0305378135069473,L2,-0.01...
check iteration duration=3.91006469727e-05
GetData ===>> H2,-0.101249466338761,H1,0.0140502712453696,AX,-0.16196738044867,L1,-0.0245655180610523,L2,0.0956...
check iteration duration=6.79492950439e-05
GetData ===>> H2,-0.287995672038838,H1,-0.0582329149814374,AX,-0.10830220153848,L1,-0.0125997908825115,L2,-0.05...
testing H1>-5.0
evaluate ot="H1.bs>-5.0" t="H1>-5.0", ctx="{'H1': None}"
check iteration duration=0.00053596496582
GetData ===>> H2,-0.343165394659652,H1,-0.0755654855393971,AX,-0.0771258185289101,L1,0.0028051677605448,L2,0.00...
check iteration duration=3.79085540771e-05
GetData ===>> H2,-0.217985361826909,H1,-0.0339813509609542,AX,-0.0728600197220422,L1,-0.0216445711304378,L2,-0....
check iteration duration=5.10215759277e-05
GetData ===>> H2,-0.130903666860501,H1,-0.0855059216023022,AX,-0.139115868943567,L1,0.00544419541744099,L2,0.00...
check iteration duration=7.41481781006e-05
GetData ===>> H2,-0.210373679146877,H1,0.00105906360248227,AX,-0.158176557450433,L1,0.0232769137527515,L2,0.030...
check iteration duration=3.981590271e-05
GetData ===>> H2,-0.175484879366725,H1,0.0266374844288155,AX,-0.0390747798189411,L1,-0.00302154653724001,L2,-0....
testing H1>-5.0
evaluate ot="H1.bs>-5.0" t="H1>-5.0", ctx="{'H1': None}"
check iteration duration=0.000589847564697
16:26:23 -- collecting point 50
GetData ===>> H2,-0.175514578730101,H1,-0.0311790461848148,AX,-0.19043440598802,L1,0.0240857290409013,L2,0.0014...
check iteration duration=7.70092010498e-05
GetData ===>> H2,-0.197211601521384,H1,-0.0485878394554494,AX,-0.0094189731043944,L1,-0.0185848777433801,L2,0.0...
check iteration duration=6.31809234619e-05
GetData ===>> H2,-0.181263988163101,H1,-0.0369505159411031,AX,-0.0512615430379292,L1,-0.069761514450524,L2,0.02...
check iteration duration=3.88622283936e-05
GetData ===>> H2,-0.195408289419808,H1,-0.0638359312317814,AX,-0.056536975766854,L1,-0.0466263213740005,L2,-0.0...
check iteration duration=8.08238983154e-05
GetData ===>> H2,-0.146851818925042,H1,0.0164005596048568,AX,-0.158663460417385,L1,-0.0406110113251823,L2,-0.04...
testing H1>-5.0
evaluate ot="H1.bs>-5.0" t="H1>-5.0", ctx="{'H1': None}"
check iteration duration=0.000886917114258
GetData ===>> H2,-0.256411336251711,H1,0.00800181331246388,AX,-0.129598387812073,L1,-0.0554725808104081,L2,0.04...
check iteration duration=6.98566436768e-05
GetData ===>> H2,-0.253807358265763,H1,-0.0786049323133529,AX,-0.167925745481594,L1,-0.0634168435583908,L2,-0.1...
check iteration duration=7.20024108887e-05
GetData ===>> H2,-0.17978912464457,H1,0.0127260213977688,AX,-0.0902466142566499,L1,-0.0366099861369087,L2,-0.00...
check iteration duration=9.79900360107e-05
GetData ===>> H2,-0.277681306384908,H1,-0.133962950115784,AX,-0.0300293827792196,L1,-0.0330706247902329,L2,0.04...
check iteration duration=7.10487365723e-05
GetData ===>> H2,-0.203466340579951,H1,-0.0356984691600946,AX,-0.0434580159705335,L1,-0.0458410871754324,L2,-0....
testing H1>-5.0
evaluate ot="H1.bs>-5.0" t="H1>-5.0", ctx="{'H1': None}"
check iteration duration=0.0022988319397
GetData ===>> H2,-0.107735822880811,H1,-0.04979203440294,AX,0.00388674382704275,L1,-0.0387879871906778,L2,0.005...
check iteration duration=1.4066696167e-05
waiting for write to finish
measurement finished
estimated time: 62.915 actual time: :63.118
flush and close file /Users/jan/PychronDev/data/isotopes/d4/5bb11e-c342-45bd-b471-33f387d51b42.h5
activate_detectors ('H1', 'AX', 'CDD') {'peak_center': True}
peak_center () {'detector': 'H1', 'integration_time': 0.262144, 'isotope': 'Ar40'}
peak center: mean=132.801705191 threshold=3
peak center started
setup peak center. detector=['H1', 'AX', 'CDD'], isotope=Ar40
VersionedUnpickler [<apptools.sweet_pickle.versioned_unpickler.VersionedUnpickler object at 0x1a6398b90>] using Updater [<apptools.sweet_pickle.updater.Updater object at 0x12e273d10>]
VersionedUnpickler [<apptools.sweet_pickle.versioned_unpickler.VersionedUnpickler object at 0x1a6398b90>] using Updater [<apptools.sweet_pickle.updater.Updater object at 0x12e273d10>]
VersionedUnpickler [<apptools.sweet_pickle.versioned_unpickler.VersionedUnpickler object at 0x19cc4b2f0>] using Updater [<apptools.sweet_pickle.updater.Updater object at 0x12e273d10>]
setting integration time = 0.524288
SetIntegrationTime 0.524288 ===>> OK
Mapping mass to dac mass func: "parabolic"
H1 map mass coeffs = [-0.00063987  0.15840543  0.57282999]
H1 map mass to dac 39.9624 >> 5.88122
GetDeflection H1 ===>> 0
GetHighVoltage ===>> 4499.94659342336
do peak center. <pychron.spectrometer.jobs.peak_center.PeakCenter object at 0x16275af50>
doing pc
starting peak center. center dac= 5.88118536605 step_width=0.001
width = 0.001
get scan parameters. half-width=0.015,window=0.015, i=0, scalar=1
Scan parameters center=5.88119 width=0.03000 (5.86619 - 5.89619)
GetData ===>> H2,-0.186469678323912,H1,-0.0614993923770733,AX,-0.108047267916442,L1,0.00733259452662383,L2,-0.0...
Moving to starting dac 5.86618536605
setting magnet DAC
current  : 5.241845
requested: 5.866185
Delta Dac: 0.624340
Checking detector protection. dv=0.62434
Checking detector "CDD". Protection Threshold: 0.1 (V)
ProtectDetector CDD,On ===>> OK
GetDeflection CDD ===>> 2000
Protected = 2000
SetMagnetDAC 5.86618536605 ===>> OK
Magnet settling time: 0.500
GetMagnetMoving ===>> True
GetMagnetMoving ===>> True
GetMagnetMoving ===>> True
GetMagnetMoving ===>> True
GetMagnetMoving ===>> True
GetMagnetMoving ===>> True
GetMagnetMoving ===>> True
GetMagnetMoving ===>> True
GetMagnetMoving ===>> False
ProtectDetector CDD,Off ===>> OK
GetDeflection CDD ===>> 50
Wait until signal near baseline. tol= -0.0461245442828. timeout= 10
GetData ===>> H2,0.782552066836059,H1,0.279831898042127,AX,-0.0231404011105868,L1,0.0482819531998877,L2,-0.0309...
GetData ===>> H2,7.59602296223428,H1,4.44244437206487,AX,0.328618718839781,L1,0.0477726527945906,L2,0.010453640...
GetData ===>> H2,7.60124427946292,H1,4.37500863407967,AX,0.603160712121447,L1,0.0117956285450958,L2,-0.17063315...
GetData ===>> H2,3.85149513034978,H1,2.16721527253181,AX,0.168794701382972,L1,-0.0454867540895044,L2,-0.0003871...
GetData ===>> H2,1.4713607400779,H1,1.17503776675851,AX,0.0467975985590803,L1,-0.0640341274041899,L2,0.03710534...
GetData ===>> H2,0.4945906539485,H1,0.625571249552093,AX,0.0264189663567132,L1,-0.0387424672451342,L2,0.0508441...
GetData ===>> H2,0.123940848765148,H1,0.357514621503108,AX,0.025769148494789,L1,-0.0430060725549967,L2,0.098865...
GetData ===>> H2,-0.0422223454595003,H1,0.219700189655758,AX,0.0975805735827231,L1,-0.0508650472348489,L2,0.047...
GetData ===>> H2,-0.156812648966416,H1,0.0864839227021853,AX,-0.0760362029218679,L1,-0.0143352992929885,L2,0.05...
GetData ===>> H2,-0.19677327610386,H1,0.0448947385296663,AX,-0.0650002593895802,L1,-0.0217653557610655,L2,0.106...
GetData ===>> H2,-0.17511895125636,H1,0.190709500022091,AX,-0.0234651452042527,L1,-0.0363991094922144,L2,-0.073...
GetData ===>> H2,-0.152561876210028,H1,0.17205490756187,AX,0.0253978259496504,L1,-0.0497474992373448,L2,-0.0290...
GetData ===>> H2,-0.271923263831482,H1,0.182502959844366,AX,-0.0891339652588782,L1,-0.0339444251967678,L2,-0.11...
GetData ===>> H2,-0.286335621662851,H1,0.150804355154199,AX,0.0558641501428883,L1,-0.00034203671887802,L2,0.096...
GetData ===>> H2,-0.271364839302815,H1,0.143006461514239,AX,-0.0388892416584774,L1,0.0029228168974465,L2,-0.048...
GetData ===>> H2,-0.162347343412097,H1,0.132228721038463,AX,-0.0465655876101449,L1,-0.013570657747728,L2,-0.069...
GetData ===>> H2,-0.0586340370730954,H1,0.138881215897047,AX,-0.122253004776024,L1,-0.0353182972495893,L2,0.065...
GetData ===>> H2,-0.102765183909326,H1,0.0337967951151043,AX,-0.0958328471177622,L1,-0.0312862996501597,L2,0.14...
GetData ===>> H2,-0.102765183909326,H1,0.0337967951151043,AX,-0.0958328471177622,L1,-0.0312862996501597,L2,0.14...
GetData ===>> H2,-0.107791632908112,H1,0.140431143748443,AX,0.0336136682553399,L1,-0.0285365177281525,L2,-0.007...
GetData ===>> H2,-0.0836503355162639,H1,0.0910836792396232,AX,-0.139236913357922,L1,-0.0320184907651067,L2,-0.0...
Peak center failed to move to a baseline position
_do_sweep sm= 5.86618536605, em= 5.89618536605, stm= 0.001
calculated step values: start=5.86618536605, end=5.89618536605, width=0.001, nsteps=31.0
setting magnet DAC
current  : 5.866185
requested: 5.866185
Delta Dac: 0.000000
Checking detector protection. dv=0.00000
Checking detector "CDD". Protection Threshold: 0.1 (V)
SetMagnetDAC 5.86618536605 ===>> OK
GetData ===>> H2,-0.160810649546446,H1,0.106314432836352,AX,-0.0784472508717117,L1,-0.0270787565629856,L2,-0.10...
setting magnet DAC
current  : 5.866185
requested: 5.867220
Delta Dac: 0.001034
Checking detector protection. dv=0.00103
Checking detector "CDD". Protection Threshold: 0.1 (V)
SetMagnetDAC 5.86721984881 ===>> OK
Magnet settling time: 1.049
GetData ===>> H2,-0.213288425707879,H1,0.299581299888119,AX,0.00235539172131535,L1,-0.00191167039978833,L2,0.02...
setting magnet DAC
current  : 5.867220
requested: 5.868254
Delta Dac: 0.001034
Checking detector protection. dv=0.00103
Checking detector "CDD". Protection Threshold: 0.1 (V)
SetMagnetDAC 5.86825433156 ===>> OK
Magnet settling time: 1.049
GetData ===>> H2,-0.232398830616899,H1,1.02444886581392,AX,0.151676296069102,L1,-0.0104635540470168,L2,0.076868...
setting magnet DAC
current  : 5.868254
requested: 5.869289
Delta Dac: 0.001034
Checking detector protection. dv=0.00103
Checking detector "CDD". Protection Threshold: 0.1 (V)
SetMagnetDAC 5.86928881432 ===>> OK
Magnet settling time: 1.049
GetData ===>> H2,-0.320138404346445,H1,3.4913818090532,AX,0.534599544576666,L1,-0.0391856789988528,L2,-0.039025...
setting magnet DAC
current  : 5.869289
requested: 5.870323
Delta Dac: 0.001034
Checking detector protection. dv=0.00103
Checking detector "CDD". Protection Threshold: 0.1 (V)
SetMagnetDAC 5.87032329708 ===>> OK
Magnet settling time: 1.049
GetData ===>> H2,-0.170810278079989,H1,12.0933373670338,AX,1.89071552496297,L1,-0.00827410018757835,L2,-0.06506...
setting magnet DAC
current  : 5.870323
requested: 5.871358
Delta Dac: 0.001034
Checking detector protection. dv=0.00103
Checking detector "CDD". Protection Threshold: 0.1 (V)
SetMagnetDAC 5.87135777984 ===>> OK
Magnet settling time: 1.049
GetData ===>> H2,-0.238087222373262,H1,32.786487093571,AX,5.30186211825346,L1,0.0352267172079098,L2,0.115782551...
setting magnet DAC
current  : 5.871358
requested: 5.872392
Delta Dac: 0.001034
Checking detector protection. dv=0.00103
Checking detector "CDD". Protection Threshold: 0.1 (V)
SetMagnetDAC 5.8723922626 ===>> OK
Magnet settling time: 1.049
GetData ===>> H2,-0.133699498303287,H1,64.5039226789925,AX,11.4471333546775,L1,0.0103710620185664,L2,-0.0462419...
setting magnet DAC
current  : 5.872392
requested: 5.873427
Delta Dac: 0.001034
Checking detector protection. dv=0.00103
Checking detector "CDD". Protection Threshold: 0.1 (V)
SetMagnetDAC 5.87342674536 ===>> OK
Magnet settling time: 1.049
GetData ===>> H2,-0.101164040339016,H1,94.794244944317,AX,18.701788081796,L1,0.0758633396647293,L2,-0.008357535...
setting magnet DAC
current  : 5.873427
requested: 5.874461
Delta Dac: 0.001034
Checking detector protection. dv=0.00103
Checking detector "CDD". Protection Threshold: 0.1 (V)
SetMagnetDAC 5.87446122812 ===>> OK
Magnet settling time: 1.049
GetData ===>> H2,-0.128547929636701,H1,114.843030572833,AX,24.3667530169926,L1,0.200782922373939,L2,0.098318465...
setting magnet DAC
current  : 5.874461
requested: 5.875496
Delta Dac: 0.001034
Checking detector protection. dv=0.00103
Checking detector "CDD". Protection Threshold: 0.1 (V)
SetMagnetDAC 5.87549571087 ===>> OK
Magnet settling time: 1.049
GetData ===>> H2,-0.160578371888057,H1,123.793583021212,AX,27.7146927524323,L1,0.250283420988234,L2,0.215498284...
setting magnet DAC
current  : 5.875496
requested: 5.876530
Delta Dac: 0.001034
Checking detector protection. dv=0.00103
Checking detector "CDD". Protection Threshold: 0.1 (V)
SetMagnetDAC 5.87653019363 ===>> OK
Magnet settling time: 1.049
GetData ===>> H2,-0.0672111109495235,H1,126.70731896184,AX,28.8116622520002,L1,0.295002176891798,L2,0.160414800...
setting magnet DAC
current  : 5.876530
requested: 5.877565
Delta Dac: 0.001034
Checking detector protection. dv=0.00103
Checking detector "CDD". Protection Threshold: 0.1 (V)
SetMagnetDAC 5.87756467639 ===>> OK
Magnet settling time: 1.049
GetData ===>> H2,-0.0180740172228079,H1,127.549952510794,AX,29.1653863162509,L1,0.300502206594958,L2,0.03250340...
setting magnet DAC
current  : 5.877565
requested: 5.878599
Delta Dac: 0.001034
Checking detector protection. dv=0.00103
Checking detector "CDD". Protection Threshold: 0.1 (V)
SetMagnetDAC 5.87859915915 ===>> OK
Magnet settling time: 1.049
GetData ===>> H2,-0.0592762478342941,H1,127.664751024726,AX,29.2613278821637,L1,0.323618262738161,L2,0.08892656...
setting magnet DAC
current  : 5.878599
requested: 5.879634
Delta Dac: 0.001034
Checking detector protection. dv=0.00103
Checking detector "CDD". Protection Threshold: 0.1 (V)
SetMagnetDAC 5.87963364191 ===>> OK
Magnet settling time: 1.049
GetData ===>> H2,-0.136320332747805,H1,128.077902877067,AX,29.1166466403517,L1,0.39835655023674,L2,0.1385408013...
setting magnet DAC
current  : 5.879634
requested: 5.880668
Delta Dac: 0.001034
Checking detector protection. dv=0.00103
Checking detector "CDD". Protection Threshold: 0.1 (V)
SetMagnetDAC 5.88066812467 ===>> OK
Magnet settling time: 1.049
GetData ===>> H2,-0.15621552919616,H1,128.000163027999,AX,29.2033689165418,L1,0.382262421058359,L2,0.1798752277...
setting magnet DAC
current  : 5.880668
requested: 5.881703
Delta Dac: 0.001034
Checking detector protection. dv=0.00103
Checking detector "CDD". Protection Threshold: 0.1 (V)
SetMagnetDAC 5.88170260743 ===>> OK
Magnet settling time: 1.049
GetData ===>> H2,-0.28186731351811,H1,127.864011537489,AX,29.3859943363088,L1,0.386670568906976,L2,0.1199324498...
setting magnet DAC
current  : 5.881703
requested: 5.882737
Delta Dac: 0.001034
Checking detector protection. dv=0.00103
Checking detector "CDD". Protection Threshold: 0.1 (V)
SetMagnetDAC 5.88273709018 ===>> OK
Magnet settling time: 1.049
GetData ===>> H2,-0.293505930487891,H1,127.64924462438,AX,29.3244137341244,L1,0.379991851482092,L2,0.1440829581...
setting magnet DAC
current  : 5.882737
requested: 5.883772
Delta Dac: 0.001034
Checking detector protection. dv=0.00103
Checking detector "CDD". Protection Threshold: 0.1 (V)
SetMagnetDAC 5.88377157294 ===>> OK
Magnet settling time: 1.049
GetData ===>> H2,-0.120946041849708,H1,127.554753694446,AX,29.2098517854351,L1,0.363182304554053,L2,0.192539177...
setting magnet DAC
current  : 5.883772
requested: 5.884806
Delta Dac: 0.001034
Checking detector protection. dv=0.00103
Checking detector "CDD". Protection Threshold: 0.1 (V)
SetMagnetDAC 5.8848060557 ===>> OK
Magnet settling time: 1.049
GetData ===>> H2,-0.209969542220755,H1,127.201562160917,AX,28.9899109267075,L1,0.37778286669048,L2,0.1263856717...
setting magnet DAC
current  : 5.884806
requested: 5.885841
Delta Dac: 0.001034
Checking detector protection. dv=0.00103
Checking detector "CDD". Protection Threshold: 0.1 (V)
SetMagnetDAC 5.88584053846 ===>> OK
Magnet settling time: 1.049
GetData ===>> H2,-0.207153654098217,H1,126.209484941038,AX,28.5650623325724,L1,0.347724938598249,L2,0.069233931...
setting magnet DAC
current  : 5.885841
requested: 5.886875
Delta Dac: 0.001034
Checking detector protection. dv=0.00103
Checking detector "CDD". Protection Threshold: 0.1 (V)
SetMagnetDAC 5.88687502122 ===>> OK
Magnet settling time: 1.049
GetData ===>> H2,-0.194979152031584,H1,122.986127387928,AX,27.2224953426115,L1,0.364241244673521,L2,0.053760732...
setting magnet DAC
current  : 5.886875
requested: 5.887910
Delta Dac: 0.001034
Checking detector protection. dv=0.00103
Checking detector "CDD". Protection Threshold: 0.1 (V)
SetMagnetDAC 5.88790950398 ===>> OK
Magnet settling time: 1.049
GetData ===>> H2,-0.188832654660422,H1,112.362908645628,AX,23.4175743298564,L1,0.297873504517298,L2,0.044509912...
setting magnet DAC
current  : 5.887910
requested: 5.888944
Delta Dac: 0.001034
Checking detector protection. dv=0.00103
Checking detector "CDD". Protection Threshold: 0.1 (V)
SetMagnetDAC 5.88894398674 ===>> OK
Magnet settling time: 1.049
GetData ===>> H2,-0.101810475121432,H1,89.5233047136266,AX,16.5167363205199,L1,0.240350962077609,L2,-0.01145442...
setting magnet DAC
current  : 5.888944
requested: 5.889978
Delta Dac: 0.001034
Checking detector protection. dv=0.00103
Checking detector "CDD". Protection Threshold: 0.1 (V)
SetMagnetDAC 5.8899784695 ===>> OK
Magnet settling time: 1.049
GetData ===>> H2,-0.115304211788461,H1,57.6168306288111,AX,9.16012664911624,L1,0.148245410875112,L2,0.027765012...
setting magnet DAC
current  : 5.889978
requested: 5.891013
Delta Dac: 0.001034
Checking detector protection. dv=0.00103
Checking detector "CDD". Protection Threshold: 0.1 (V)
SetMagnetDAC 5.89101295225 ===>> OK
Magnet settling time: 1.049
GetData ===>> H2,-0.272358171473162,H1,28.452627474733,AX,3.92419250899763,L1,0.0815453340245832,L2,0.014006771...
setting magnet DAC
current  : 5.891013
requested: 5.892047
Delta Dac: 0.001034
Checking detector protection. dv=0.00103
Checking detector "CDD". Protection Threshold: 0.1 (V)
SetMagnetDAC 5.89204743501 ===>> OK
Magnet settling time: 1.049
GetData ===>> H2,-0.29468174784607,H1,10.6113233890494,AX,1.30181513503831,L1,-0.0133429319529463,L2,-0.0734848...
setting magnet DAC
current  : 5.892047
requested: 5.893082
Delta Dac: 0.001034
Checking detector protection. dv=0.00103
Checking detector "CDD". Protection Threshold: 0.1 (V)
SetMagnetDAC 5.89308191777 ===>> OK
Magnet settling time: 1.049
GetData ===>> H2,-0.109391488829576,H1,3.14633720149125,AX,0.124172530126275,L1,-0.012098738995819,L2,-0.064586...
setting magnet DAC
current  : 5.893082
requested: 5.894116
Delta Dac: 0.001034
Checking detector protection. dv=0.00103
Checking detector "CDD". Protection Threshold: 0.1 (V)
SetMagnetDAC 5.89411640053 ===>> OK
Magnet settling time: 1.049
GetData ===>> H2,-0.17286904087426,H1,0.717927099818128,AX,-0.0798150303601183,L1,0.00561916726265278,L2,-0.091...
setting magnet DAC
current  : 5.894116
requested: 5.895151
Delta Dac: 0.001034
Checking detector protection. dv=0.00103
Checking detector "CDD". Protection Threshold: 0.1 (V)
SetMagnetDAC 5.89515088329 ===>> OK
Magnet settling time: 1.049
GetData ===>> H2,-0.332416304187338,H1,-0.023868835066687,AX,-0.0203568358599111,L1,-0.0120340079852185,L2,0.07...
setting magnet DAC
current  : 5.895151
requested: 5.896185
Delta Dac: 0.001034
Checking detector protection. dv=0.00103
Checking detector "CDD". Protection Threshold: 0.1 (V)
SetMagnetDAC 5.89618536605 ===>> OK
Magnet settling time: 1.049
GetData ===>> H2,-0.450023329887858,H1,-0.151083276791675,AX,-0.258180138607981,L1,-0.0383615290930887,L2,-0.09...
result of _do_sweep=True
result of _calculate_peak_center=([5.8734298550248667, 5.8810651255659483, 5.8887003961070299], [94.721105045122513, 128.07650075554071, 94.901367763756241], 5.8796522999146461, 128.07650075554071)
Failed to find a valid peak. No peak greater than 1.0. max = 0.0142075605931
new center pos Detector(H1) (Ar40) @ 5.88106512557
GetHighVoltage ===>> 4499.94659342336
GetDeflection H1 ===>> 0
dac uncorrected for HV and deflection 5.88109975881
update mftable H1 Ar40 5.88109975881 message=automated run peakcenter
get initial guess parabolic
get initial guess parabolic
get initial guess parabolic
get initial guess parabolic
get initial guess parabolic
get initial guess parabolic
dump mftable to /Users/jan/PychronDev/setupfiles/spectrometer/mftables/mftable.csv
add to repo msg=modified - automated run peakcenter
sweep finished
locally archiving mftable
setting magnet DAC
current  : 5.896185
requested: 5.881065
Delta Dac: 0.015120
Checking detector protection. dv=0.01512
Checking detector "CDD". Protection Threshold: 0.1 (V)
SetMagnetDAC 5.88106512557 ===>> OK
Magnet settling time: 0.500
setting integration time = 1.048576
SetIntegrationTime 1.048576 ===>> OK
Failed to find a valid peak. No peak greater than 1.0. max = 0.0142075605931
flush and close file /Users/jan/PychronDev/data/isotopes/d4/5bb11e-c342-45bd-b471-33f387d51b42.h5
finished measure script
executed snippet estimated_duration=226.132928, duration=272.331502914
jan_unknown120_60.py completed successfully
Measurement Finished
16:27:21 -- ******* Measurement Finished *******
Post Measurement Started jan_pump_ms.py
16:27:21 -- ******* Post Measurement Started jan_pump_ms.py *******
testing...
no interpolation path defined
executed snippet estimated_duration=0, duration=4.31537628174e-05
Pumping spectrometer
open () {'name': 'O'}
opening name=O desc=---
checking ownership. requestor=129.138.12.150
check software interlocks O
interlocks []
actuate state mode=None-script, software_lock=False
doing actuation None-script open_channel True
Open O ===>> OK
GetIndicatorState O ===>> OK
change switch state (True, True)
update switch state O True args=() kw={} ncanvase=6
16:27:21 -- OPEN   VALVE-O (Jan Ion Pump)
---------------------------------------- open O () result=[(True, True)], time=0.10 sec
action=open, ok=True, locked=[False]
executed snippet estimated_duration=0, duration=0.359236955643
jan_pump_ms.py completed successfully
setting _ms_pumptime
Post Measurement Finished
16:27:21 -- ******* Post Measurement Finished *******
$$$$$$$$$$$$$$$$$$$$ state at run end measurement
state changed from measurement to success
post measurement save measured=True aborted=False
Set filtering
setting fod for Ar40= {'filter_outliers': True, 'std_devs': 2, 'iterations': 1}
setting fod for H1= {'filter_outliers': True, 'std_devs': 2, 'iterations': 1}
setting fod for PM41= {'filter_outliers': False, 'std_devs': 2, 'iterations': 1}
setting fod for H2= {'filter_outliers': True, 'std_devs': 2, 'iterations': 1}
setting fod for Ar36= {'filter_outliers': True, 'std_devs': 2, 'iterations': 1}
setting fod for CDD= {'filter_outliers': True, 'std_devs': 10, 'iterations': 1}
setting fod for Ar37= {'filter_outliers': True, 'std_devs': 2, 'iterations': 1}
setting fod for L2= {'filter_outliers': True, 'std_devs': 2, 'iterations': 1}
setting fod for Ar38= {'filter_outliers': True, 'std_devs': 2, 'iterations': 1}
setting fod for L1= {'filter_outliers': True, 'std_devs': 2, 'iterations': 1}
setting fod for Ar39= {'filter_outliers': True, 'std_devs': 2, 'iterations': 1}
setting fod for AX= {'filter_outliers': True, 'std_devs': 2, 'iterations': 1}
persistence save...
persistence save - db
post measurement save
7106330800 connecting to database sqlite:////Users/jan/PychronDev/.appdata/local_lab.db
connected to db sqlite:////Users/jan/PychronDev/.appdata/local_lab.db
create new session 7106330800
close session 7106330800
No database instance. Not saving post measurement to isotopedb database
$$$$$$$$$$$$$$$ auto_save_detector_ic=False
massspec enabled True
create new session 4997822608
MassSpec Database Version: 16.0
close session 4997822608
saving post measurement to secondary database
saving to massspec database 129.138.12.160/massspecdata
setting labnumber to 65476
setting aliquot to 2
setting step to 
setting uuid to d45bb11e-c342-45bd-b471-33f387d51b42
setting irradpos to 65476
setting extract_device to Fusions CO2
setting tray to 
setting position to 2
setting power_requested to 5.0
setting extract_value to 5.0
setting duration to 30.0
setting duration_at_request to 30.0
setting first_stage_delay to 30.0
setting cleanup to 30.0
setting comment to P:9
setting irradiation to NM-288
setting level to P
setting irradiation_level to P
setting sample to F13114
setting material to Sanidine
setting project to IR960
setting mass_spectrometer to Jan
no attribute chron_dosages
no attribute production_ratios
no attribute interference_corrections
no attribute production_name
no attribute j
Reference Isotope=Ar40
Reference Detector=H1
%%%%%%%%%%%%%%%%%%%% Comment: P:9 %%%%%%%%%%%%%%%%%%%
adding isotope PM41 H2
add baseline dbdet= PM41. original det= H2
get baseline data PM41 H2
Get data baseline <pychron.processing.isotope.Baseline object at 0x1a4295bd0> len t=60
baseline PM41. v=-0.18622409909, e=0.00656163241948
get signal data PM41 H2
Get data signal PM41 0.00+/-0.07 len t=120
adding isotope Ar40 H1
add baseline dbdet= Ar40. original det= H1
get baseline data Ar40 H1
Get data baseline <pychron.processing.isotope.Baseline object at 0x1a4295dd0> len t=60
baseline Ar40. v=-0.0370794773448, e=0.00470964338618
get signal data Ar40 H1
Get data signal Ar40 137.852+/-0.021 len t=120
adding isotope Ar39 AX
add baseline dbdet= Ar39. original det= AX
get baseline data Ar39 AX
Get data baseline <pychron.processing.isotope.Baseline object at 0x1a4295f90> len t=60
baseline Ar39. v=-0.0753152331634, e=0.00617956088822
get signal data Ar39 AX
Get data signal Ar39 32.127+/-0.016 len t=120
adding isotope Ar38 L1
add baseline dbdet= Ar38. original det= L1
get baseline data Ar38 L1
Get data baseline <pychron.processing.isotope.Baseline object at 0x1a428e190> len t=60
baseline Ar38. v=-0.0270460420853, e=0.00265216856713
get signal data Ar38 L1
Get data signal Ar38 0.419+/-0.005 len t=120
adding isotope Ar37 L2
add baseline dbdet= Ar37. original det= L2
get baseline data Ar37 L2
Get data baseline <pychron.processing.isotope.Baseline object at 0x1a428e350> len t=60
baseline Ar37. v=-0.0130736254859, e=0.00497681234874
get signal data Ar37 L2
Get data signal Ar37 0.158+/-0.010 len t=120
adding isotope Ar36 CDD
add baseline dbdet= Ar36. original det= CDD
get baseline data Ar36 CDD
Get data baseline <pychron.processing.isotope.Baseline object at 0x1a428e510> len t=60
baseline Ar36. v=5.95461646699e-05, e=1.18417580103e-05
get signal data Ar36 CDD
Get data signal Ar36 0.00725+/-0.00021 len t=120
65476-02 added analysis time 0.512904167175s
analysis added to mass spec database
mass spec save time= 0.522
persistence save - dvc
================= post measurement started
create new session 4992585168
close session 4992585168
---------------- Experiment Queue saving disabled
DVC saving peakcenter
Failed to find a valid peak. No peak greater than 1.0. max = 0.0142075605931
Smart pull ahead: 0 behind: 0
Up-to-date with origin
add to repo msg=modified - ad8224ebc6dbfeb9f5997218dfa5fe690569839d.json
add to repo msg=modified - 76-02.json
add to repo msg=modified - 76-02.dat.json
add to repo msg=modified - 76-02.blan.json
add to repo msg=modified - 76-02.inte.json
add to repo msg=modified - 76-02.icfa.json
add to repo msg=modified - 76-02.base.json
not at valid file /Users/jan/PychronDev/data/.dvc/repositories/Load1794/654/tags/76-02.tags.json
add to repo msg=modified - 76-02.peak.json
add to repo msg=modified - 76-02.extr.json
not at valid file /Users/jan/PychronDev/data/.dvc/repositories/Load1794/654/monitor/76-02.moni.json
commit message=<COLLECTION>
add to repo msg=modified - 76-02.inte.json
add to repo msg=modified - 76-02.base.json
commit message=<ISOEVO> default collection fits
add to repo msg=modified - 76-02.blan.json
commit message=<BLANKS> preceding ba-01-J-2329
add to repo msg=modified - 76-02.icfa.json
commit message=<ICFactor> default
push repository <pychron.git_archive.repo_manager.GitRepoManager object at 0x19e6e63b0>
pushing to remote=origin, url=https://github.com
no changes to meta repo
create new session 4992585168
add association Load1794
get identifier "65476"
setting analysis irradiation position=<pychron.dvc.dvc_orm.IrradiationPositionTbl object at 0x1a7955b10>
close session 4992585168
================= post measurement finished
16:27:33 -- ******* Post Run Check *******
loading queue conditionals post_run_actions
loading system conditionals post_run_actions
loading conditionals from /Users/jan/PychronDev/setupfiles/spectrometer/default_conditionals.yaml
loading queue conditionals post_run_terminations
loading system conditionals post_run_terminations
loading conditionals from /Users/jan/PychronDev/setupfiles/spectrometer/default_conditionals.yaml
Checking default post run terminations n=1
GetDeflection CDD ===>> 50
testing CDD==2000
evaluate ot="CDD.deflection==2000" t="CDD==2000", ctx="{'CDD': 50.0}"
16:27:33 -- ******* Post Run Check Passed *******
16:27:33 -- Automated run 65476-02 success duration: 362.297 s
----------------- finish -----------------
----------------- stop -----------------
retroactive repository identifiers disabled
finish run. runs completed=16
update duration runid=65476-02, duration=362.297292948, md5=301e91d8
loading script "jan_unknown120_60.py"
loading script "jan_pump_ms.py"
loading script "jan_co2.py"
loading script "jan_pump_extraction_line.py"
testing...
no interpolation path defined
executed snippet estimated_duration=213.652928, duration=0.000241994857788
script duration name:unknown120_60 seconds:214.0
loading script "jan_unknown120_60.py"
loading script "jan_pump_ms.py"
loading script "jan_co2.py"
loading script "jan_pump_extraction_line.py"
testing...
no interpolation path defined
executed snippet estimated_duration=0, duration=2.59876251221e-05
loading script "jan_unknown120_60.py"
loading script "jan_pump_ms.py"
loading script "jan_co2.py"
loading script "jan_pump_extraction_line.py"
testing...
no interpolation path defined
calculate duration
testing...
no interpolation path defined
executed snippet estimated_duration=0, duration=5.79357147217e-05
calculate duration
testing...
no interpolation path defined
executed snippet estimated_duration=0, duration=9.79900360107e-05
executed snippet estimated_duration=0.0, duration=0.00322914123535
script duration name:co2 seconds:0.0
loading script "jan_unknown120_60.py"
loading script "jan_pump_ms.py"
loading script "jan_co2.py"
loading script "jan_pump_extraction_line.py"
testing...
no interpolation path defined
calculate duration
testing...
no interpolation path defined
executed snippet estimated_duration=4.0, duration=0.000273942947388
executed snippet estimated_duration=4.0, duration=0.0078399181366
Script duration 214.0
Run total estimated duration= 215.000
unknown120_60 in script context. using previous estimated duration
script duration name:unknown120_60 seconds:214.0
pump_ms in script context. using previous estimated duration
co2 in script context. using previous estimated duration
script duration name:co2 seconds:0.0
pump_extraction_line in script context. using previous estimated duration
Script duration 214.0
Run total estimated duration= 215.000
script duration name:unknown120_60 seconds:214.0
script duration name:co2 seconds:0.0
Script duration 214.0
Run total estimated duration= 215.000
script duration name:unknown120_60 seconds:214.0
script duration name:co2 seconds:0.0
Script duration 214.0
Run total estimated duration= 215.000
script duration name:unknown120_60 seconds:214.0
script duration name:co2 seconds:0.0
Script duration 214.0
Run total estimated duration= 215.000
script duration name:unknown120_60 seconds:214.0
script duration name:co2 seconds:0.0
Script duration 214.0
Run total estimated duration= 215.000
script duration name:unknown120_60 seconds:214.0
script duration name:co2 seconds:0.0
Script duration 214.0
Run total estimated duration= 215.000
script duration name:unknown120_60 seconds:214.0
script duration name:co2 seconds:0.0
Script duration 214.0
Run total estimated duration= 215.000
script duration name:unknown120_60 seconds:214.0
script duration name:co2 seconds:0.0
Script duration 214.0
Run total estimated duration= 215.000
script duration name:unknown120_60 seconds:214.0
script duration name:co2 seconds:0.0
Script duration 214.0
Run total estimated duration= 215.000
script duration name:unknown120_60 seconds:214.0
script duration name:co2 seconds:0.0
Script duration 214.0
Run total estimated duration= 215.000
script duration name:unknown120_60 seconds:214.0
script duration name:co2 seconds:0.0
Script duration 214.0
Run total estimated duration= 215.000
script duration name:unknown120_60 seconds:214.0
script duration name:co2 seconds:0.0
Script duration 214.0
Run total estimated duration= 215.000
script duration name:unknown120_60 seconds:214.0
script duration name:co2 seconds:0.0
Script duration 214.0
Run total estimated duration= 215.000
script duration name:unknown120_60 seconds:214.0
script duration name:co2 seconds:0.0
Script duration 214.0
Run total estimated duration= 215.000
script duration name:unknown120_60 seconds:214.0
script duration name:co2 seconds:0.0
Script duration 214.0
Run total estimated duration= 215.000
script duration name:unknown120_60 seconds:214.0
script duration name:co2 seconds:0.0
Script duration 214.0
Run total estimated duration= 215.000
script duration name:unknown120_60 seconds:214.0
script duration name:co2 seconds:0.0
Script duration 214.0
Run total estimated duration= 215.000
script duration name:unknown120_60 seconds:214.0
script duration name:co2 seconds:0.0
Script duration 214.0
Run total estimated duration= 215.000
script duration name:unknown120_60 seconds:214.0
script duration name:co2 seconds:0.0
Script duration 214.0
Run total estimated duration= 215.000
script duration name:unknown120_60 seconds:214.0
script duration name:co2 seconds:0.0
Script duration 214.0
Run total estimated duration= 215.000
script duration name:unknown120_60 seconds:214.0
script duration name:co2 seconds:0.0
Script duration 214.0
Run total estimated duration= 215.000
script duration name:unknown120_60 seconds:214.0
script duration name:co2 seconds:0.0
Script duration 214.0
Run total estimated duration= 215.000
script duration name:unknown120_60 seconds:214.0
script duration name:co2 seconds:0.0
Script duration 214.0
Run total estimated duration= 215.000
script duration name:unknown120_60 seconds:214.0
script duration name:co2 seconds:0.0
Script duration 214.0
Run total estimated duration= 215.000
script duration name:unknown120_60 seconds:214.0
script duration name:co2 seconds:0.0
Script duration 214.0
Run total estimated duration= 215.000
script duration name:unknown120_60 seconds:214.0
script duration name:co2 seconds:0.0
Script duration 214.0
Run total estimated duration= 215.000
script duration name:unknown120_60 seconds:214.0
script duration name:co2 seconds:0.0
Script duration 214.0
Run total estimated duration= 215.000
nruns=28 before=0.0, run_dur=6020.0, btw=0.0
write rem/ex queues
/Users/jan/PychronDev/experiments/rem/Load1794.rem.txt
/Users/jan/PychronDev/experiments/rem/Load1794.ex.txt
doing event level: 3
