do run
loading script "jan_unknown120_60.py"
loading script "jan_pump_ms.py"
loading script "jan_co2.py"
loading script "jan_pump_extraction_line.py"
testing...
no interpolation path defined
executed snippet estimated_duration=213.652928, duration=0.000401020050049
script duration name:unknown120_60 seconds:214.0
loading script "jan_unknown120_60.py"
loading script "jan_pump_ms.py"
loading script "jan_co2.py"
loading script "jan_pump_extraction_line.py"
testing...
no interpolation path defined
executed snippet estimated_duration=0, duration=3.00407409668e-05
loading script "jan_unknown120_60.py"
loading script "jan_pump_ms.py"
loading script "jan_co2.py"
loading script "jan_pump_extraction_line.py"
testing...
no interpolation path defined
calculate duration
testing...
no interpolation path defined
executed snippet estimated_duration=0, duration=5.60283660889e-05
calculate duration
testing...
no interpolation path defined
executed snippet estimated_duration=0, duration=8.89301300049e-05
executed snippet estimated_duration=0.0, duration=0.00302004814148
script duration name:co2 seconds:0.0
loading script "jan_unknown120_60.py"
loading script "jan_pump_ms.py"
loading script "jan_co2.py"
loading script "jan_pump_extraction_line.py"
testing...
no interpolation path defined
calculate duration
testing...
no interpolation path defined
executed snippet estimated_duration=4.0, duration=0.000175952911377
executed snippet estimated_duration=4.0, duration=0.00154614448547
Script duration 214.0
Run total estimated duration= 215.000
run duration: 0:03:35
doing event level: 2
16:28:10 -- Setting default integration. t=1.048576
setting integration time = 1.048576
SetIntegrationTime 1.048576 ===>> OK
----------------- start -----------------
**************** Experiment Type: Ar/Ar, Ar/Ar
create new session 4419438256
close session 4419438256
$$$$$ Clearing conditionals
adding conditionals 
Add queue conditionals
add default conditionals
adding default conditionals from /Users/jan/PychronDev/setupfiles/spectrometer/default_conditionals.yaml
Start automated run 65476-03
loading script "jan_unknown120_60.py"
loading script "jan_pump_ms.py"
loading script "jan_co2.py"
loading script "jan_pump_extraction_line.py"
%%%%%%%%%%%%%%%%%% setting automated run 65476-03
No value "sensitivity_multiplier" in metadata
$$$$$$$$$$$$$$$ auto_save_detector_ic=False
============================= Pre Extraction Check =============================
loading queue conditionals pre_run_terminations
loading system conditionals pre_run_terminations
loading conditionals from /Users/jan/PychronDev/setupfiles/spectrometer/default_conditionals.yaml
16:28:11 -- ******* Pre Extraction Check *******
Get a measurement from the spectrometer
GetData ===>> H2,-0.166902186667936,H1,-0.0238926865420595,AX,-0.137167850992547,L1,-0.0216745400134631,L2,0.06...
Pre Extraction Termination data. keys=H2,H1,AX,L1,L2,CDD, signals=-0.16690,-0.02389,-0.13717,-0.02167,0.06982,0.00268
16:28:11 -- testing system defined conditionals
Checking default pre extraction terminations n=2
testing CDD
evaluate ot="CDD.inactive" t="CDD", ctx="{'CDD': False}"
GetDeflection CDD ===>> 50
testing CDD==2000
evaluate ot="CDD.deflection==2000" t="CDD==2000", ctx="{'CDD': 50.0}"
16:28:11 -- ******* Pre Extraction Check Passed *******
=================================================================================
16:28:11 -- stopping status monitor
stop 5288834736
Alive clients [5025639504, 4992986192]
16:28:11 -- starting status monitor
start 5288834736
Monitor already running
start extraction
do extraction
Analysis started at 16:28:11.116835
Extraction Started jan_co2.py
16:28:11 -- ******* Extraction Started jan_co2.py *******
state changed from not run to extraction
DO EXTRACTION <pychron.extraction_line.pyscript_runner.RemotePyScriptRunner object at 0x12bfe48f0>
testing...
no interpolation path defined
calculate duration
testing...
no interpolation path defined
executed snippet estimated_duration=0, duration=4.00543212891e-05
calculate duration
testing...
no interpolation path defined
executed snippet estimated_duration=0, duration=7.29560852051e-05
executed snippet estimated_duration=100.0, duration=0.00204086303711
Jan CO2 laser analysis
doing GOSUB
testing...
no interpolation path defined
executed snippet estimated_duration=0, duration=3.40938568115e-05
Waiting for CO2 access
wait ('FelixCO2Flag', 0) {}
waiting for FelixCO2Flag = 0
Read FelixCO2Flag ===>> 0
finished waiting
CO2 free
wait ('CO2PumpTimeFlag', 0) {}
waiting for CO2PumpTimeFlag = 0
Read CO2PumpTimeFlag ===>> 0
finished waiting
acquire ('JanCO2Flag',) {'clear': True}
acquire JanCO2Flag
Set JanCO2Flag 1 ===>> OK
JanCO2Flag acquired
set extraction state False (0.75, 'red', 1.5)
CO2 acquired
executed snippet estimated_duration=0, duration=0.01495885849
WaitForCO2Access.py completed successfully
gosub finished
doing GOSUB
testing...
no interpolation path defined
executed snippet estimated_duration=0, duration=7.70092010498e-05
Prepare for CO2 analysis
close () {'description': 'Jan Inlet'}
closing name=--- desc=Jan Inlet
checking ownership. requestor=129.138.12.150
check software interlocks R
interlocks []
actuate state mode=None-script, software_lock=False
doing actuation None-script close_channel False
Close R ===>> OK
GetIndicatorState R ===>> False
change switch state (True, True)
update switch state R False args=() kw={} ncanvase=6
16:28:11 -- CLOSE  VALVE-R (Jan Inlet)
---------------------------------------- close None (Jan Inlet) result=[(True, True)]
action=close, ok=True, locked=[False]
open () {'description': 'Jan Ion Pump'}
opening name=--- desc=Jan Ion Pump
checking ownership. requestor=129.138.12.150
check software interlocks O
interlocks []
actuate state mode=None-script, software_lock=False
doing actuation None-script open_channel False
Open O ===>> OK
GetIndicatorState O ===>> OK
change switch state (True, True)
update switch state O True args=() kw={} ncanvase=6
16:28:11 -- OPEN   VALVE-O (Jan Ion Pump)
---------------------------------------- open None (Jan Ion Pump) result=[(True, True)], time=0.10 sec
action=open, ok=True, locked=[False]
close () {'description': 'Microbone to Minibone'}
closing name=--- desc=Microbone to Minibone
checking ownership. requestor=129.138.12.150
check software interlocks L
interlocks []
actuate state mode=None-script, software_lock=False
doing actuation None-script close_channel False
Close L ===>> OK
GetIndicatorState L ===>> False
change switch state (True, True)
update switch state L False args=() kw={} ncanvase=6
16:28:12 -- CLOSE  VALVE-L (Microbone to Minibone)
---------------------------------------- close None (Microbone to Minibone) result=[(True, True)]
action=close, ok=True, locked=[False]
open () {'description': 'Microbone to Turbo'}
opening name=--- desc=Microbone to Turbo
checking ownership. requestor=129.138.12.150
check software interlocks U
interlocks []
actuate state mode=None-script, software_lock=False
doing actuation None-script open_channel False
Open U ===>> OK
GetIndicatorState U ===>> OK
change switch state (True, True)
update switch state U True args=() kw={} ncanvase=6
16:28:13 -- OPEN   VALVE-U (Microbone to Turbo)
---------------------------------------- open None (Microbone to Turbo) result=[(True, True)], time=0.16 sec
action=open, ok=True, locked=[False]
open () {'description': 'Microbone to Inlet Pipette'}
opening name=--- desc=Microbone to Inlet Pipette
checking ownership. requestor=129.138.12.150
check software interlocks S
interlocks []
actuate state mode=None-script, software_lock=False
doing actuation None-script open_channel False
Open S ===>> OK
GetIndicatorState S ===>> OK
change switch state (True, True)
update switch state S True args=() kw={} ncanvase=6
16:28:13 -- OPEN   VALVE-S (Microbone to Inlet Pipette)
---------------------------------------- open None (Microbone to Inlet Pipette) result=[(True, True)], time=0.44 sec
action=open, ok=True, locked=[False]
open () {'description': 'Microbone to Getter D-50'}
opening name=--- desc=Microbone to Getter D-50
checking ownership. requestor=129.138.12.150
check software interlocks K
interlocks []
actuate state mode=None-script, software_lock=False
doing actuation None-script open_channel False
Open K ===>> OK
GetIndicatorState K ===>> OK
change switch state (True, True)
update switch state K True args=() kw={} ncanvase=6
16:28:14 -- OPEN   VALVE-K (Microbone to Getter D-50)
---------------------------------------- open None (Microbone to Getter D-50) result=[(True, True)], time=0.45 sec
action=open, ok=True, locked=[False]
open () {'description': 'Microbone to Getter NP-10'}
opening name=--- desc=Microbone to Getter NP-10
checking ownership. requestor=129.138.12.150
check software interlocks M
interlocks []
actuate state mode=None-script, software_lock=False
doing actuation None-script open_channel False
Open M ===>> OK
GetIndicatorState M ===>> OK
change switch state (True, True)
update switch state M True args=() kw={} ncanvase=6
16:28:14 -- OPEN   VALVE-M (Microbone to Getter NP-10)
---------------------------------------- open None (Microbone to Getter NP-10) result=[(True, True)], time=0.16 sec
action=open, ok=True, locked=[False]
close () {'description': 'CO2 Laser to Felix'}
closing name=--- desc=CO2 Laser to Felix
checking ownership. requestor=129.138.12.150
check software interlocks F
interlocks []
actuate state mode=None-script, software_lock=True
VALVE-F(CO2 Laser to Felix) software locked
change switch state (True, False)
---------------------------------------- close None (CO2 Laser to Felix) result=[(True, False)]
action=close, ok=True, locked=[True]
open () {'description': 'CO2 Laser to Jan'}
opening name=--- desc=CO2 Laser to Jan
checking ownership. requestor=129.138.12.150
check software interlocks A
interlocks []
actuate state mode=None-script, software_lock=False
doing actuation None-script open_channel False
Open A ===>> OK
GetIndicatorState A ===>> OK
change switch state (True, True)
update switch state A True args=() kw={} ncanvase=6
16:28:15 -- OPEN   VALVE-A (CO2 Laser to Jan)
---------------------------------------- open None (CO2 Laser to Jan) result=[(True, True)], time=0.13 sec
action=open, ok=True, locked=[False]
open () {'description': 'Microbone to CO2 Laser'}
opening name=--- desc=Microbone to CO2 Laser
checking ownership. requestor=129.138.12.150
check software interlocks T
interlocks []
actuate state mode=None-script, software_lock=False
doing actuation None-script open_channel False
Open T ===>> OK
GetIndicatorState T ===>> OK
change switch state (True, True)
update switch state T True args=() kw={} ncanvase=6
16:28:15 -- OPEN   VALVE-T (Microbone to CO2 Laser)
---------------------------------------- open None (Microbone to CO2 Laser) result=[(True, True)], time=0.42 sec
action=open, ok=True, locked=[False]
executed snippet estimated_duration=0, duration=5.03206086159
PrepareForCO2Analysis.py completed successfully
gosub finished
set_motor ('beam', '1.25') {}
setting motor "beam" to 1.25
set motor beam to 1.25
SetMotor beam,1.25 ===>> OK
GetMotorMoving beam ===>> False
GetMotorMoving beam ===>> False
Block completed
move_to_position ('3',) {'autocenter': True}
FusionsCO2 move to position 3
sending GoToHole 3,True
GoToHole 3,True ===>> OK
GetDriveMoving ===>> OK
GetDriveMoving ===>> OK
GetDriveMoving ===>> OK
GetDriveMoving ===>> False
GetDriveMoving ===>> OK
GetDriveMoving ===>> OK
GetDriveMoving ===>> OK
GetDriveMoving ===>> False
Block completed
GetAutoCorrecting ===>> False
GetAutoCorrecting ===>> False
Block completed
update position
GetPosition ===>> 0.00000,15.95120,1.00000
got position (0.0, 15.9512, 1.0)
move to position succeeded
sleep (5,) {}
SLEEP 5.0
block started
WaitControl setup for 5.0  
Join finished
block finished. duration 5.04171609879
close () {'description': 'Microbone to Turbo'}
closing name=--- desc=Microbone to Turbo
checking ownership. requestor=129.138.12.150
check software interlocks U
interlocks []
actuate state mode=None-script, software_lock=False
doing actuation None-script close_channel True
Close U ===>> OK
GetIndicatorState U ===>> False
change switch state (True, True)
update switch state U False args=() kw={} ncanvase=6
16:28:26 -- CLOSE  VALVE-U (Microbone to Turbo)
---------------------------------------- close None (Microbone to Turbo) result=[(True, True)]
action=close, ok=True, locked=[False]
enable laser
enable () {}
set extraction state FusionsCO2 Enabled (False, 'red', 1.5)
enabling laser
Enable ===>> OK
begin interval
BEGIN INTERVAL Interval 1 waiting for 30.0
block started
WaitControl setup for 30.0  
set extract to 5.0
extract (5.0,) {}
GetPosition ===>> 0.00000,15.95120,1.00000
set extraction state FusionsCO2 ON! 5.0(watts) (0.75, 'red', 1.5)
extract sample to 5.0 (watts)
set laser output
SetLaserOutput 5.0,watts ===>> OK
executing pattern triangle.lp
execute_pattern ('triangle.lp',) {}
executing pattern triangle.lp
IsPatterning ===>> OK
IsPatterning ===>> OK
IsPatterning ===>> OK
IsPatterning ===>> OK
IsPatterning ===>> OK
IsPatterning ===>> OK
IsPatterning ===>> OK
IsPatterning ===>> OK
IsPatterning ===>> OK
IsPatterning ===>> OK
IsPatterning ===>> OK
IsPatterning ===>> OK
IsPatterning ===>> OK
IsPatterning ===>> OK
IsPatterning ===>> OK
IsPatterning ===>> OK
IsPatterning ===>> OK
IsPatterning ===>> OK
IsPatterning ===>> OK
IsPatterning ===>> OK
IsPatterning ===>> OK
IsPatterning ===>> OK
IsPatterning ===>> OK
IsPatterning ===>> OK
IsPatterning ===>> OK
IsPatterning ===>> OK
IsPatterning ===>> False
IsPatterning ===>> False
Block completed
COMPLETE INTERVAL waiting for Interval 1 to complete
Join finished
block finished. duration 30.0885879993
Interval 1 finished
end_extract () {}
ending extraction. set laser power to 0
set laser power 0
SetLaserPower 0 ===>> OK
disable () {}
%%%%%%%%%%%%%%%%%%%%%%%%%%%%%%%%%%% disable
set extraction state False (0.75, 'red', 1.5)
disabling laser
Disable ===>> OK
sleep (30.0,) {}
SLEEP 30.0
block started
WaitControl setup for 30.0  
Join finished
block finished. duration 30.0759289265
executed snippet estimated_duration=166.0, duration=76.0993418694
jan_co2.py completed successfully
GetAchievedOutput ===>> No Response
Requested Output= 0.000
Achieved Output=  0.000
GetResponseBlob ===>> No Response
GetOutputBlob ===>> No Response
persistence save...
persistence save - db
AutomatedRunPersister post_extraction_save deprecated
persistence save - dvc
no extraction position for 3
create new session 4992585168
close session 4992585168
Extraction Finished
16:29:27 -- ******* Extraction Finished *******
no overlap. not waiting for min ms pumptime
16:29:27 -- Sending spectrometer configuration
======== Sending configuration ========
SetDeflection CDD,50.0 ===>> OK
SetDeflection H2,0.0 ===>> OK
SetDeflection H1,0.0 ===>> OK
SetDeflection L2,825.0 ===>> OK
SetDeflection L1,400.0 ===>> OK
SetDeflection AX,190.0 ===>> OK
SetZFocus 74.64 ===>> OK
SetZSymmetry -50.72 ===>> OK
SetExtractionLens 26.13 ===>> OK
SetIonRepeller -3.81 ===>> OK
SetElectronEnergy 75.08 ===>> OK
SetYSymmetry -2.81 ===>> OK
SetIonCounterVoltage 1590.0 ===>> OK
send trap current 200.0
GetParameter Trap Current Readback ===>> 198.258926936459
SetParameter Trap Current Set,200.0 ===>> OK
updating mftable name mftable
Using mftable located at /Users/jan/PychronDev/setupfiles/spectrometer/mftables/mftable.csv
============ MFtable ===========
Isotope  H2     H1     AX     L1     L2     CDD    
Ar40     5.8230 5.8811 5.9943 6.1629 6.2326 6.3912
Ar39     5.7223 5.7734 5.8867 6.0490 6.1177 6.2777
Ar36     5.3998 5.4424 5.5501 5.7079 5.7727 5.9288
================================
get initial guess parabolic
get initial guess parabolic
get initial guess parabolic
get initial guess parabolic
get initial guess parabolic
get initial guess parabolic
======== Configuration Finished ========
GetYSymmetry ===>> -2.81
GetZSymmetry ===>> -50.72
GetParameter Trap Current Readback ===>> 198.147042666178
GetHighVoltage ===>> 4499.94659342336
start measurement
do measurement
L#=65476 analysis type=unknown
Measurement Started jan_unknown120_60.py
16:29:27 -- ******* Measurement Started jan_unknown120_60.py *******
state changed from extraction to measurement
setting spec, defl, and gains
GetExtractionLens ===>> 26.13
GetYSymmetry ===>> -2.81
GetZSymmetry ===>> -50.72
GetZFocus ===>> 74.64
GetDeflection H2 ===>> 0
GetDeflection H1 ===>> 0
GetDeflection AX ===>> 190
GetDeflection L1 ===>> 400
GetDeflection L2 ===>> 825
GetDeflection CDD ===>> 50
GetGain H2 ===>> 0.0113
GetGain H1 ===>> 0.1
GetGain AX ===>> 0.097049
GetGain L1 ===>> 0.010355
GetGain L2 ===>> 0.095649
GetGain CDD ===>> 0
pre measurement save
New frame /Users/jan/PychronDev/data/isotopes/f6/947f3b-d75b-4084-83e1-549cefd82114.h5
flush and close file /Users/jan/PychronDev/data/isotopes/f6/947f3b-d75b-4084-83e1-549cefd82114.h5
testing...
no interpolation path defined
executed snippet estimated_duration=226.132928, duration=0.00016713142395
unknown measurement script
activate_detectors ('H2', 'H1', 'AX', 'L1', 'L2', 'CDD') {}
activate detectors
*************** Set Analysis View Ar/Ar
create graphs
clearing graphs
clear isotope group
setting isotope det=H2, iso=PM41
setting isotope det=H1, iso=Ar40
setting isotope det=AX, iso=Ar39
setting isotope det=L1, iso=Ar38
setting isotope det=L2, iso=Ar37
setting isotope det=CDD, iso=Ar36
setting previous blanks
 - setting Ar40 blank 0.060+/-0.007
 - setting Ar36 blank 0.00385+/-0.00015
 - setting Ar37 blank 0.053+/-0.005
 - setting Ar38 blank 0.0037+/-0.0020
 - setting PM41 blank 0.02+/-0.06
 - setting Ar39 blank 0.030+/-0.009
load analysis view
position_magnet ('Ar40',) {'detector': 'H1'}
detector Detector(H1)
POSITION Ar40 H1
setting detector H2 to PM41 (40.9624)
setting detector H1 to Ar40 (39.9624)
setting detector AX to Ar39 (38.9624)
setting detector L1 to Ar38 (37.9624)
setting detector L2 to Ar37 (36.9624)
setting detector CDD to Ar36 (35.9624)
Mapping mass to dac mass func: "parabolic"
H1 map mass coeffs = [-0.00063987  0.15840543  0.57270999]
H1 map mass to dac 39.9624 >> 5.8811
GetDeflection H1 ===>> 0
GetHighVoltage ===>> 4499.94659342336
positioning Ar40 (5.88106536675) on H1
setting magnet DAC
current  : 5.881065
requested: 5.881065
Delta Dac: 0.000000
Checking detector protection. dv=0.00000
Checking detector "CDD". Protection Threshold: 0.1 (V)
SetMagnetDAC 5.88106536675 ===>> OK
Magnet settling time: 0.500
equilibrate () {'delay': 3, 'inlet': 'R', 'outlet': 'O', 'eqtime': 12.0}
Equilibration Started
16:29:30 -- ******* Equilibration Started *******
checking ownership. requestor=129.138.12.150
check software interlocks O
interlocks []
actuate state mode=None-script, software_lock=False
doing actuation None-script close_channel True
Close O ===>> OK
GetIndicatorState O ===>> False
change switch state (True, True)
update switch state O False args=() kw={} ncanvase=6
16:29:30 -- CLOSE  VALVE-O (Jan Ion Pump)
waiting 3s before opening inlet value ('R',)
update labels <pychron.experiment.plot_panel.PlotPanel object at 0x12c868fb0>
update labels "<pychron.graph.stacked_regression_graph.StackedRegressionGraph object at 0x1a7616ef0>"
setting label 0 H2 PM41
setting label 1 H1 Ar40
setting label 2 AX Ar39
setting label 3 L1 Ar38
setting label 4 L2 Ar37
setting label 5 CDD Ar36
update labels "<pychron.graph.stacked_graph.StackedGraph object at 0x1a72f7590>"
setting label 0 H2 PM41
setting label 1 H1 Ar40
setting label 2 AX Ar39
setting label 3 L1 Ar38
setting label 4 L2 Ar37
setting label 5 CDD Ar36
checking ownership. requestor=129.138.12.150
check software interlocks R
interlocks []
actuate state mode=None-script, software_lock=False
doing actuation None-script open_channel True
Open R ===>> OK
GetIndicatorState R ===>> OK
change switch state (True, True)
update switch state R True args=() kw={} ncanvase=6
16:29:34 -- OPEN   VALVE-R (Jan Inlet)
equilibrating for 12.0sec
set_time_zero () {}
sniff (12.0,) {}
py_sniff
build tables- sniff [Detector(H2), Detector(H1), Detector(AX), Detector(L1), Detector(L2), Detector(CDD)]
add group /sniff/PM41 (Group) '' table H2
add group /sniff/Ar40 (Group) '' table H1
add group /sniff/Ar39 (Group) '' table AX
add group /sniff/Ar38 (Group) '' table L1
add group /sniff/Ar37 (Group) '' table L2
add group /sniff/Ar36 (Group) '' table CDD
flush and close file /Users/jan/PychronDev/data/isotopes/f6/947f3b-d75b-4084-83e1-549cefd82114.h5
measuring sniff. ncounts=12.0
"sniff" increment series count="1" fit count="0" regressing="False"
starting measurement
check iteration duration=4.48226928711e-05
GetData ===>> H2,-0.261289687528443,H1,-0.0167727687419681,AX,-0.0809857415997782,L1,-0.0270375321108019,L2,0.0...
check iteration duration=5.19752502441e-05
GetData ===>> H2,0.445050642100877,H1,35.133310885447,AX,9.63849184878379,L1,0.0943460096737413,L2,0.2499586844...
check iteration duration=1.59740447998e-05
GetData ===>> H2,0.679823909737014,H1,99.0781879515868,AX,24.6535841171475,L1,0.301508837748906,L2,0.2157607708...
check iteration duration=1.62124633789e-05
GetData ===>> H2,0.288162205685929,H1,121.199000667854,AX,29.0210999900225,L1,0.407809654338102,L2,0.1878955349...
check iteration duration=2.90870666504e-05
GetData ===>> H2,0.03337091113449,H1,128.893191908426,AX,30.3973482570401,L1,0.384689968735871,L2,0.18099323884...
check iteration duration=4.50611114502e-05
GetData ===>> H2,-0.101767915567794,H1,131.574129983718,AX,30.7676761181364,L1,0.419612631931586,L2,0.105021014...
check iteration duration=2.88486480713e-05
GetData ===>> H2,-0.0803679135011022,H1,132.829656641206,AX,31.0425252741957,L1,0.417593272339377,L2,0.20549008...
check iteration duration=4.07695770264e-05
GetData ===>> H2,-0.195358380659812,H1,133.374498572886,AX,31.0389751205065,L1,0.394996936494535,L2,0.222928080...
check iteration duration=4.10079956055e-05
GetData ===>> H2,-0.21067946648858,H1,133.563669931809,AX,31.1196072719564,L1,0.408837910578028,L2,0.2052390368...
check iteration duration=4.29153442383e-05
GetData ===>> H2,-0.187833095271406,H1,133.492410201883,AX,31.1927180096535,L1,0.380922993083996,L2,0.150229881...
check iteration duration=1.8835067749e-05
GetData ===>> H2,-0.234469132043684,H1,133.623058050848,AX,31.2297108638677,L1,0.38598587376885,L2,0.1438092638...
check iteration duration=3.09944152832e-05
GetData ===>> H2,-0.193533123307179,H1,133.609196517237,AX,31.035317503201,L1,0.418898213623601,L2,0.2260325591...
Equilibration Finished
16:29:46 -- ******* Equilibration Finished *******
checking ownership. requestor=129.138.12.150
check software interlocks R
interlocks []
actuate state mode=None-script, software_lock=False
doing actuation None-script close_channel True
Close R ===>> OK
set states for children of R. state=False
handle state [('R', False)]
update switch state R False args=() kw={'refresh': False} ncanvase=6
refresh_canvas_needed fired
GetIndicatorState R ===>> False
change switch state (True, True)
update switch state R False args=() kw={} ncanvase=6
16:29:47 -- CLOSE  VALVE-R (Jan Inlet)
Post Equilibration Started jan_pump_extraction_line.py
16:29:47 -- ******* Post Equilibration Started jan_pump_extraction_line.py *******
testing...
no interpolation path defined
calculate duration
testing...
no interpolation path defined
executed snippet estimated_duration=4.0, duration=0.000146150588989
executed snippet estimated_duration=4.0, duration=0.001620054245
Pump after analysis
doing GOSUB
testing...
no interpolation path defined
executed snippet estimated_duration=4.0, duration=0.000135898590088
Pump Microbone
close () {'description': 'Jan Inlet'}
closing name=--- desc=Jan Inlet
checking ownership. requestor=129.138.12.150
check software interlocks R
interlocks []
actuate state mode=None-script, software_lock=False
doing actuation None-script close_channel False
check iteration duration=3.50475311279e-05
waiting for write to finish
measurement finished
estimated time: 12.583 actual time: :12.698
flush and close file /Users/jan/PychronDev/data/isotopes/f6/947f3b-d75b-4084-83e1-549cefd82114.h5
set_fits () {}
using default fits file=/Users/jan/PychronDev/scripts/measurement/fits/nominal_linear.yaml
Close R ===>> OK
set "Ar40" to "('Linear', 'SEM')"
No fit for "PM41". defaulting to linear. check the measurement script "jan_unknown120_60.py"
set "PM41" to "linear"
set "Ar36" to "('Linear', 'SEM')"
set "Ar37" to "('linear', 'SEM')"
set "Ar38" to "('linear', 'SEM')"
set "Ar39" to "('Linear', 'SEM')"
set_baseline_fits () {}
using default fits file=/Users/jan/PychronDev/scripts/measurement/fits/nominal_linear.yaml
set "H1" to "('average', 'SEM')"
set "H2" to "('average', 'SEM')"
set "CDD" to "('average', 'SEM')"
set "L2" to "('average', 'SEM')"
set "L1" to "('average', 'SEM')"
set "AX" to "('average', 'SEM')"
multicollect () {'integration_time': 1, 'ncounts': 120}
build tables- signal [Detector(H2), Detector(H1), Detector(AX), Detector(L1), Detector(L2), Detector(CDD)]
add group /signal/PM41 (Group) '' table H2
add group /signal/Ar40 (Group) '' table H1
add group /signal/Ar39 (Group) '' table AX
add group /signal/Ar38 (Group) '' table L1
add group /signal/Ar37 (Group) '' table L2
add group /signal/Ar36 (Group) '' table CDD
flush and close file /Users/jan/PychronDev/data/isotopes/f6/947f3b-d75b-4084-83e1-549cefd82114.h5
measuring signal. ncounts=120
GetIndicatorState R ===>> False
change switch state (True, True)
update switch state R False args=() kw={} ncanvase=6
16:29:47 -- CLOSE  VALVE-R (Jan Inlet)
---------------------------------------- close None (Jan Inlet) result=[(True, True)]
action=close, ok=True, locked=[False]
is_closed ('F',) {}
is F () closed?
is closed True
open () {'description': 'CO2 Laser to Jan'}
opening name=--- desc=CO2 Laser to Jan
checking ownership. requestor=129.138.12.150
check software interlocks A
interlocks []
actuate state mode=None-script, software_lock=False
doing actuation None-script open_channel False
Open A ===>> OK
GetIndicatorState A ===>> OK
change switch state (True, True)
update switch state A True args=() kw={} ncanvase=6
16:29:48 -- OPEN   VALVE-A (CO2 Laser to Jan)
---------------------------------------- open None (CO2 Laser to Jan) result=[(True, True)], time=0.15 sec
"signal" increment series count="2" fit count="1" regressing="True"
starting measurement
check iteration duration=5.31673431396e-05
GetData ===>> H2,-0.205483999863446,H1,133.834740351801,AX,31.0821493395576,L1,0.402033746678368,L2,0.146101477...
action=open, ok=True, locked=[False]
sleep (1,) {}
SLEEP 1.0
check iteration duration=5.10215759277e-05
GetData ===>> H2,-0.121480314471853,H1,133.830202731619,AX,31.0557317504465,L1,0.364554876103141,L2,0.144139977...
close () {'description': 'CO2 Laser to Roughing'}
closing name=--- desc=CO2 Laser to Roughing
checking ownership. requestor=129.138.12.150
check software interlocks G
interlocks []
actuate state mode=None-script, software_lock=True
VALVE-G(CO2 Laser to Roughing) software locked
change switch state (True, False)
---------------------------------------- close None (CO2 Laser to Roughing) result=[(True, False)]
action=close, ok=True, locked=[True]
open () {'description': 'Microbone to Turbo'}
opening name=--- desc=Microbone to Turbo
checking ownership. requestor=129.138.12.150
check software interlocks U
interlocks []
actuate state mode=None-script, software_lock=False
doing actuation None-script open_channel True
Open U ===>> OK
GetIndicatorState U ===>> OK
change switch state (True, True)
update switch state U True args=() kw={} ncanvase=6
16:29:49 -- OPEN   VALVE-U (Microbone to Turbo)
---------------------------------------- open None (Microbone to Turbo) result=[(True, True)], time=0.19 sec
action=open, ok=True, locked=[False]
open () {'description': 'Microbone to Getter NP-10'}
opening name=--- desc=Microbone to Getter NP-10
checking ownership. requestor=129.138.12.150
check software interlocks M
interlocks []
actuate state mode=None-script, software_lock=False
doing actuation None-script open_channel False
Open M ===>> OK
GetIndicatorState M ===>> OK
change switch state (True, True)
update switch state M True args=() kw={} ncanvase=6
16:29:49 -- OPEN   VALVE-M (Microbone to Getter NP-10)
---------------------------------------- open None (Microbone to Getter NP-10) result=[(True, True)], time=0.15 sec
action=open, ok=True, locked=[False]
open () {'description': 'Microbone to Getter D-50'}
opening name=--- desc=Microbone to Getter D-50
checking ownership. requestor=129.138.12.150
check software interlocks K
interlocks []
actuate state mode=None-script, software_lock=False
doing actuation None-script open_channel False
check iteration duration=6.19888305664e-05
GetData ===>> H2,-0.208298956349885,H1,133.552510593662,AX,30.958824778468,L1,0.374900431392326,L2,0.2735613643...
Open K ===>> OK
GetIndicatorState K ===>> OK
change switch state (True, True)
update switch state K True args=() kw={} ncanvase=6
16:29:50 -- OPEN   VALVE-K (Microbone to Getter D-50)
---------------------------------------- open None (Microbone to Getter D-50) result=[(True, True)], time=0.42 sec
action=open, ok=True, locked=[False]
open () {'description': 'Microbone to CO2 Laser'}
opening name=--- desc=Microbone to CO2 Laser
checking ownership. requestor=129.138.12.150
check software interlocks T
interlocks []
actuate state mode=None-script, software_lock=False
doing actuation None-script open_channel False
Open T ===>> OK
GetIndicatorState T ===>> OK
change switch state (True, True)
update switch state T True args=() kw={} ncanvase=6
16:29:51 -- OPEN   VALVE-T (Microbone to CO2 Laser)
---------------------------------------- open None (Microbone to CO2 Laser) result=[(True, True)], time=0.47 sec
check iteration duration=5.41210174561e-05
GetData ===>> H2,-0.134015844140286,H1,133.626458975992,AX,31.0385985956047,L1,0.368549147095607,L2,0.214665178...
action=open, ok=True, locked=[False]
open () {'description': 'Microbone to Inlet Pipette'}
opening name=--- desc=Microbone to Inlet Pipette
checking ownership. requestor=129.138.12.150
check software interlocks S
interlocks []
actuate state mode=None-script, software_lock=False
doing actuation None-script open_channel False
Open S ===>> OK
GetIndicatorState S ===>> OK
change switch state (True, True)
update switch state S True args=() kw={} ncanvase=6
16:29:52 -- OPEN   VALVE-S (Microbone to Inlet Pipette)
---------------------------------------- open None (Microbone to Inlet Pipette) result=[(True, True)], time=0.42 sec
action=open, ok=True, locked=[False]
sleep (1,) {}
SLEEP 1.0
testing H1>-5.0
evaluate ot="H1.bs>-5.0" t="H1>-5.0", ctx="{'H1': None}"
check iteration duration=0.00294804573059
GetData ===>> H2,-0.157093635621017,H1,133.41984923719,AX,31.0321037387732,L1,0.354480983282345,L2,0.1702699972...
set_resource () {'name': 'CO2PumpTimeFlag', 'value': 30}
Set CO2PumpTimeFlag 30 ===>> OK
release ('JanCO2Flag',) {}
release JanCO2Flag
Set JanCO2Flag 0 ===>> OK
executed snippet estimated_duration=6.0, duration=6.03792595863
PumpMicrobone.py completed successfully
gosub finished
get_resource_value () {'name': 'JanMiniboneFlag'}
Read JanMiniboneFlag ===>> 0
Get Resource Value JanMiniboneFlag=0.0
get resource value 0.0
get_resource_value () {'name': 'JanMiniboneFlag'}
Read JanMiniboneFlag ===>> 0
Get Resource Value JanMiniboneFlag=0.0
executed snippet estimated_duration=4.0, duration=6.05022406578
jan_pump_extraction_line.py completed successfully
Post Equilibration Finished
16:29:53 -- ******* Post Equilibration Finished *******
check iteration duration=4.48226928711e-05
GetData ===>> H2,-0.190265530270699,H1,133.303576993902,AX,31.05608143375,L1,0.367439878489532,L2,0.08606587009...
check iteration duration=4.41074371338e-05
GetData ===>> H2,-0.193426644841726,H1,133.339809222953,AX,30.999594732365,L1,0.37822245922148,L2,0.17617903926...
check iteration duration=0.000102996826172
GetData ===>> H2,-0.166842799190091,H1,133.414999711661,AX,30.9879539991919,L1,0.366879181538161,L2,0.260727649...
check iteration duration=4.00543212891e-05
GetData ===>> H2,-0.13056586094028,H1,133.594679932829,AX,30.9621197864237,L1,0.392948662322119,L2,0.1566395250...
testing H1>-5.0
evaluate ot="H1.bs>-5.0" t="H1>-5.0", ctx="{'H1': None}"
check iteration duration=0.00058913230896
GetData ===>> H2,-0.169141137404056,H1,133.401505257649,AX,30.8798272047835,L1,0.398831513274774,L2,0.119510611...
check iteration duration=8.20159912109e-05
GetData ===>> H2,-0.096582358509538,H1,133.466205095083,AX,30.9381155032171,L1,0.397627010623586,L2,0.101076941...
check iteration duration=3.79085540771e-05
GetData ===>> H2,-0.0871917958698983,H1,133.371516396875,AX,30.9118309571319,L1,0.387689137437643,L2,0.10523760...
check iteration duration=4.91142272949e-05
GetData ===>> H2,-0.104135154618069,H1,133.332236175483,AX,30.9040879314752,L1,0.381381263088017,L2,0.218294376...
check iteration duration=3.88622283936e-05
GetData ===>> H2,-0.199971987060828,H1,133.015422793875,AX,31.0703252244694,L1,0.353311114200509,L2,0.183799732...
testing H1>-5.0
evaluate ot="H1.bs>-5.0" t="H1>-5.0", ctx="{'H1': None}"
check iteration duration=0.00156593322754
GetData ===>> H2,-0.224740933196646,H1,132.977722458738,AX,31.0452686512627,L1,0.372889641737563,L2,0.096141378...
check iteration duration=7.39097595215e-05
GetData ===>> H2,-0.231785863462749,H1,132.982786016955,AX,31.0362184494016,L1,0.406430238855127,L2,0.111815233...
check iteration duration=8.82148742676e-05
GetData ===>> H2,-0.224968518224795,H1,133.066087494502,AX,31.0242781345122,L1,0.361161579246274,L2,0.102786779...
check iteration duration=5.19752502441e-05
GetData ===>> H2,-0.218978407795503,H1,133.099428982809,AX,30.8665632967067,L1,0.328219667130263,L2,0.171650262...
check iteration duration=6.98566436768e-05
GetData ===>> H2,-0.126649962865218,H1,132.909171072748,AX,30.8705006466288,L1,0.360863696774731,L2,0.087422126...
testing H1>-5.0
evaluate ot="H1.bs>-5.0" t="H1>-5.0", ctx="{'H1': None}"
check iteration duration=0.000578880310059
GetData ===>> H2,-0.18936219248292,H1,132.968529018988,AX,30.9729142296155,L1,0.37381981214821,L2,0.12306779483...
check iteration duration=3.50475311279e-05
GetData ===>> H2,-0.0859324353979821,H1,132.798122057949,AX,30.9300345380524,L1,0.387407889926361,L2,0.16035777...
check iteration duration=3.50475311279e-05
GetData ===>> H2,-0.253483331363717,H1,132.952327561013,AX,30.8724088998011,L1,0.389532110734922,L2,0.162924129...
check iteration duration=4.38690185547e-05
GetData ===>> H2,-0.157778511409961,H1,132.857076596038,AX,30.9003779200437,L1,0.402342039355093,L2,0.104838626...
check iteration duration=8.51154327393e-05
GetData ===>> H2,-0.247607553887328,H1,132.922966434274,AX,30.9559871140487,L1,0.402527998142087,L2,0.119601819...
testing H1>-5.0
evaluate ot="H1.bs>-5.0" t="H1>-5.0", ctx="{'H1': None}"
check iteration duration=0.000591993331909
16:30:13 -- collecting point 25
GetData ===>> H2,-0.16363946334504,H1,132.946867865826,AX,30.8901088146552,L1,0.398543839739353,L2,0.1113478307...
check iteration duration=3.88622283936e-05
GetData ===>> H2,-0.140810705039005,H1,132.799035010851,AX,30.821098880942,L1,0.379606853113679,L2,0.0673723775...
check iteration duration=8.39233398438e-05
GetData ===>> H2,-0.248284183966802,H1,132.620612372046,AX,30.8159006608623,L1,0.393917687344522,L2,0.124903444...
check iteration duration=8.39233398438e-05
GetData ===>> H2,-0.0974368520182201,H1,132.567140532081,AX,30.6547404643448,L1,0.395366501392129,L2,0.26703591...
check iteration duration=4.00543212891e-05
GetData ===>> H2,-0.139930820158147,H1,132.709728266724,AX,30.8717638528626,L1,0.395453387786033,L2,0.141847811...
testing H1>-5.0
evaluate ot="H1.bs>-5.0" t="H1>-5.0", ctx="{'H1': None}"
check iteration duration=0.00054407119751
GetData ===>> H2,-0.197972224405817,H1,132.663734444897,AX,30.9028512474388,L1,0.35580610069766,L2,0.1236150655...
check iteration duration=8.79764556885e-05
GetData ===>> H2,-0.218967628931758,H1,132.725221069748,AX,30.6968984645031,L1,0.308520271561325,L2,0.200126941...
check iteration duration=5.19752502441e-05
GetData ===>> H2,-0.201740868810164,H1,132.621822430737,AX,30.6998125141516,L1,0.336564123729901,L2,0.098318465...
check iteration duration=8.60691070557e-05
GetData ===>> H2,-0.236254484692632,H1,132.608313914052,AX,30.8420553767867,L1,0.35081917663439,L2,0.1350628627...
check iteration duration=4.10079956055e-05
GetData ===>> H2,-0.0873921973592927,H1,132.586654969073,AX,30.6591434922518,L1,0.367739173726653,L2,0.20902764...
testing H1>-5.0
evaluate ot="H1.bs>-5.0" t="H1>-5.0", ctx="{'H1': None}"
check iteration duration=0.00113105773926
GetData ===>> H2,-0.15679913981714,H1,132.612935647305,AX,30.6665135794958,L1,0.377612260101469,L2,0.1051578063...
check iteration duration=6.69956207275e-05
GetData ===>> H2,-0.157862260639084,H1,132.292628866959,AX,30.776289604079,L1,0.341406320240318,L2,0.1677034420...
check iteration duration=9.3936920166e-05
GetData ===>> H2,-0.230200363135546,H1,132.393547894949,AX,30.7639944232198,L1,0.362814740108149,L2,0.098899790...
check iteration duration=7.20024108887e-05
GetData ===>> H2,-0.178148062598958,H1,132.498005658964,AX,30.6694671195265,L1,0.387030052140424,L2,0.209495520...
check iteration duration=3.50475311279e-05
GetData ===>> H2,-0.0824054838416628,H1,132.353176896445,AX,30.7328660656256,L1,0.382864976241326,L2,0.06534218...
testing H1>-5.0
evaluate ot="H1.bs>-5.0" t="H1>-5.0", ctx="{'H1': None}"
check iteration duration=0.000869035720825
GetData ===>> H2,-0.166840099751882,H1,132.27422711121,AX,30.62425958499,L1,0.33646162166973,L2,0.1184275206934...
check iteration duration=8.79764556885e-05
GetData ===>> H2,-0.302679685799605,H1,132.113462585809,AX,30.549999000261,L1,0.334857110089994,L2,0.1673840533...
check iteration duration=8.51154327393e-05
GetData ===>> H2,-0.241723332884773,H1,132.124847538469,AX,30.418203574972,L1,0.350937594051818,L2,0.1195676163...
check iteration duration=3.60012054443e-05
GetData ===>> H2,-0.226784994181861,H1,131.970502193962,AX,30.5809547246093,L1,0.374055729486295,L2,0.210488347...
check iteration duration=7.79628753662e-05
GetData ===>> H2,-0.206898977011123,H1,131.863894643622,AX,30.6023737369621,L1,0.339947267506418,L2,0.153103903...
testing H1>-5.0
evaluate ot="H1.bs>-5.0" t="H1>-5.0", ctx="{'H1': None}"
check iteration duration=0.000586986541748
GetData ===>> H2,-0.166607945659851,H1,131.937509600254,AX,30.6513711903021,L1,0.396948927995438,L2,0.065193919...
check iteration duration=9.29832458496e-05
GetData ===>> H2,-0.166113927516138,H1,132.006193824293,AX,30.6256821109951,L1,0.403432148378922,L2,0.156856228...
check iteration duration=9.10758972168e-05
GetData ===>> H2,-0.140105180649267,H1,131.98835694826,AX,30.6822085045529,L1,0.381246835098838,L2,0.1151099196...
check iteration duration=5.69820404053e-05
GetData ===>> H2,-0.168064228989511,H1,131.712691567546,AX,30.5767390908505,L1,0.344377866826117,L2,0.209643873...
check iteration duration=5.00679016113e-05
GetData ===>> H2,-0.214627017755957,H1,131.729678476488,AX,30.4750075991935,L1,0.360488740263505,L2,0.160209494...
testing H1>-5.0
evaluate ot="H1.bs>-5.0" t="H1>-5.0", ctx="{'H1': None}"
check iteration duration=0.000648975372314
16:30:39 -- collecting point 50
GetData ===>> H2,-0.259576437348794,H1,131.842065257304,AX,30.5206351719412,L1,0.362212782874957,L2,0.090351250...
check iteration duration=3.69548797607e-05
GetData ===>> H2,-0.213109306299193,H1,131.846300290082,AX,30.4891594254956,L1,0.370447887463005,L2,0.086225428...
check iteration duration=8.48770141602e-05
GetData ===>> H2,-0.221177081096722,H1,131.776574533514,AX,30.6731591534413,L1,0.393354858647234,L2,0.199487948...
check iteration duration=3.79085540771e-05
GetData ===>> H2,-0.302807102357447,H1,131.692621966011,AX,30.6181134055191,L1,0.380857003889244,L2,0.141391664...
check iteration duration=7.60555267334e-05
GetData ===>> H2,-0.342212002402808,H1,131.605368024474,AX,30.6076737207593,L1,0.391368075353304,L2,0.179601431...
testing H1>-5.0
evaluate ot="H1.bs>-5.0" t="H1>-5.0", ctx="{'H1': None}"
check iteration duration=0.00124597549438
GetData ===>> H2,-0.277360341657316,H1,131.574782363668,AX,30.4613940139102,L1,0.406925925850643,L2,0.230963408...
check iteration duration=7.9870223999e-05
GetData ===>> H2,-0.231563799143119,H1,131.653403044004,AX,30.209503735585,L1,0.380064282258337,L2,0.1711711596...
check iteration duration=4.91142272949e-05
GetData ===>> H2,-0.280733372044669,H1,131.541099189099,AX,30.509686088183,L1,0.346364257988712,L2,0.2151787358...
check iteration duration=6.19888305664e-05
GetData ===>> H2,-0.3265149409153,H1,131.648596938411,AX,30.4901118871752,L1,0.344896390018123,L2,0.22910289641...
check iteration duration=4.29153442383e-05
GetData ===>> H2,-0.217501607700371,H1,131.617845113652,AX,30.4606697904696,L1,0.368947438008364,L2,0.170828945...
testing H1>-5.0
evaluate ot="H1.bs>-5.0" t="H1>-5.0", ctx="{'H1': None}"
check iteration duration=0.000708103179932
GetData ===>> H2,-0.341630821951097,H1,131.370139048771,AX,30.577396934136,L1,0.381717340766117,L2,0.2329381028...
check iteration duration=3.71932983398e-05
GetData ===>> H2,-0.361904546797419,H1,131.389422125824,AX,30.3196754945243,L1,0.358119665647471,L2,0.064578029...
check iteration duration=0.0001380443573
GetData ===>> H2,-0.194418607936119,H1,131.465983841296,AX,30.4940023072852,L1,0.363051625465434,L2,0.158384573...
check iteration duration=7.70092010498e-05
GetData ===>> H2,-0.265545438618695,H1,131.346670460674,AX,30.4447782823102,L1,0.381868884847191,L2,0.164429758...
check iteration duration=7.20024108887e-05
GetData ===>> H2,-0.0804600455721381,H1,131.118807435777,AX,30.3926128680014,L1,0.396597664528543,L2,0.19879190...
testing H1>-5.0
evaluate ot="H1.bs>-5.0" t="H1>-5.0", ctx="{'H1': None}"
check iteration duration=0.000584125518799
GetData ===>> H2,-0.0916735317155911,H1,131.175523017538,AX,30.3574323504752,L1,0.368042142700567,L2,0.18181464...
check iteration duration=6.31809234619e-05
GetData ===>> H2,-0.18296665659956,H1,131.189561788905,AX,30.4785085015154,L1,0.363507095681666,L2,0.2101916396...
check iteration duration=7.00950622559e-05
GetData ===>> H2,-0.232260931864028,H1,131.271843816303,AX,30.4089669146644,L1,0.36774528188368,L2,0.0545076465...
check iteration duration=4.10079956055e-05
GetData ===>> H2,-0.199264087225922,H1,131.272120397044,AX,30.3181070356537,L1,0.351256229156493,L2,0.055944578...
check iteration duration=8.29696655273e-05
GetData ===>> H2,-0.0775656580911225,H1,131.093483983339,AX,30.4276555142742,L1,0.370494321811279,L2,0.16364272...
testing H1>-5.0
evaluate ot="H1.bs>-5.0" t="H1>-5.0", ctx="{'H1': None}"
check iteration duration=0.000656843185425
GetData ===>> H2,-0.130684524428983,H1,131.076246746926,AX,30.4835387241748,L1,0.383807379931118,L2,0.204885289...
check iteration duration=3.91006469727e-05
GetData ===>> H2,-0.133066456809141,H1,131.139612080765,AX,30.3293950648697,L1,0.361022403571523,L2,0.135610202...
check iteration duration=3.69548797607e-05
GetData ===>> H2,-0.151580045094588,H1,131.021348331412,AX,30.2907362572419,L1,0.31063999097066,L2,0.1613843060...
check iteration duration=8.10623168945e-05
GetData ===>> H2,-0.089626206309847,H1,131.005204040317,AX,30.1550981934032,L1,0.376821134113803,L2,0.125416520...
check iteration duration=0.000121831893921
GetData ===>> H2,-0.125254673760291,H1,130.843622887252,AX,30.2976118352564,L1,0.366821769855281,L2,0.131197367...
testing H1>-5.0
evaluate ot="H1.bs>-5.0" t="H1>-5.0", ctx="{'H1': None}"
check iteration duration=0.00104093551636
16:31:05 -- collecting point 75
GetData ===>> H2,-0.142645944150537,H1,130.821312655148,AX,30.2344339850136,L1,0.352462493181718,L2,0.141745177...
check iteration duration=3.50475311279e-05
GetData ===>> H2,-0.0839835371093957,H1,130.731372367969,AX,30.1488686968309,L1,0.384315898284796,L2,0.14118639...
check iteration duration=6.103515625e-05
GetData ===>> H2,-0.259966133632707,H1,130.751462219602,AX,30.23178169359,L1,0.366294086038626,L2,0.09991426834...
check iteration duration=4.6968460083e-05
GetData ===>> H2,-0.316967723027489,H1,130.724908894322,AX,30.3405367363537,L1,0.34330064256031,L2,0.2039495762...
check iteration duration=4.00543212891e-05
GetData ===>> H2,-0.290730998250544,H1,130.527767381938,AX,30.2191011388309,L1,0.387456801983429,L2,0.107905078...
testing H1>-5.0
evaluate ot="H1.bs>-5.0" t="H1>-5.0", ctx="{'H1': None}"
check iteration duration=0.0024881362915
GetData ===>> H2,-0.134215989734831,H1,130.335538977785,AX,30.3022359983504,L1,0.381144182183931,L2,0.066072140...
check iteration duration=5.60283660889e-05
GetData ===>> H2,-0.111710650249382,H1,130.660244382482,AX,30.2755659031892,L1,0.379390376376591,L2,0.116911214...
check iteration duration=7.60555267334e-05
GetData ===>> H2,-0.173581291069819,H1,130.643702689261,AX,30.1750215029379,L1,0.370453997233658,L2,0.130513225...
check iteration duration=3.38554382324e-05
GetData ===>> H2,-0.157662342099877,H1,130.624954808012,AX,30.2191011388309,L1,0.330475573382082,L2,0.087570290...
check iteration duration=3.91006469727e-05
GetData ===>> H2,-0.0993663355483621,H1,130.411130098054,AX,30.2793582998914,L1,0.316321543792632,L2,0.13099212...
testing H1>-5.0
evaluate ot="H1.bs>-5.0" t="H1>-5.0", ctx="{'H1': None}"
check iteration duration=0.0024049282074
GetData ===>> H2,-0.130196902317861,H1,130.449468063616,AX,30.1118471564478,L1,0.316842084071731,L2,0.178734413...
check iteration duration=4.00543212891e-05
GetData ===>> H2,-0.23620605383066,H1,130.466945718549,AX,30.132084266216,L1,0.325786284739441,L2,0.10902224975...
check iteration duration=4.48226928711e-05
GetData ===>> H2,-0.190334288850937,H1,130.442493280845,AX,30.27978713018,L1,0.341860047441433,L2,0.08685226867...
check iteration duration=4.10079956055e-05
GetData ===>> H2,-0.193584340440027,H1,130.398621945688,AX,30.2917548348742,L1,0.364256895017033,L2,0.107973476...
check iteration duration=9.48905944824e-05
GetData ===>> H2,-0.179548918249776,H1,130.297421981845,AX,30.103624778939,L1,0.366434554772644,L2,0.1262032425...
testing H1>-5.0
evaluate ot="H1.bs>-5.0" t="H1>-5.0", ctx="{'H1': None}"
check iteration duration=0.000590085983276
GetData ===>> H2,-0.130155005159062,H1,130.253229093423,AX,30.1232844928197,L1,0.359850905609916,L2,0.115588741...
check iteration duration=8.48770141602e-05
GetData ===>> H2,-0.149254668681951,H1,130.081499069445,AX,30.2539932168205,L1,0.334832708813297,L2,0.111233830...
check iteration duration=7.89165496826e-05
GetData ===>> H2,-0.219385302384412,H1,130.011839259807,AX,30.1486677510759,L1,0.379345124754496,L2,0.209643873...
check iteration duration=4.10079956055e-05
GetData ===>> H2,-0.172255228733901,H1,130.141855303663,AX,30.1152085947371,L1,0.37335654984895,L2,0.1420872885...
check iteration duration=5.29289245605e-05
GetData ===>> H2,-0.175985708213451,H1,130.039483209529,AX,30.117230863016,L1,0.387707479934334,L2,0.1303992024...
testing H1>-5.0
evaluate ot="H1.bs>-5.0" t="H1>-5.0", ctx="{'H1': None}"
check iteration duration=0.000631093978882
GetData ===>> H2,-0.0708349862950388,H1,129.992107655591,AX,30.1026606307516,L1,0.364656240495885,L2,0.10148729...
check iteration duration=6.31809234619e-05
GetData ===>> H2,-0.0260981430942785,H1,129.970844229764,AX,30.0844371075226,L1,0.359600425843106,L2,0.06853576...
check iteration duration=6.31809234619e-05
GetData ===>> H2,0.00164383263047523,H1,130.01644298431,AX,29.9047833880276,L1,0.353607842880956,L2,0.100643786...
check iteration duration=6.19888305664e-05
GetData ===>> H2,0.00360307941384075,H1,130.17422733114,AX,30.1515078177503,L1,0.37207321475736,L2,0.0398886601...
check iteration duration=0.000801086425781
GetData ===>> H2,-0.205043299399517,H1,129.964097942646,AX,30.0276369125665,L1,0.328481814484779,L2,0.133500682...
testing H1>-5.0
evaluate ot="H1.bs>-5.0" t="H1>-5.0", ctx="{'H1': None}"
check iteration duration=0.00115299224854
16:31:32 -- collecting point 100
GetData ===>> H2,-0.213454074966238,H1,129.81776455027,AX,30.0310253864436,L1,0.347533334072456,L2,0.1790880645...
check iteration duration=8.41617584229e-05
GetData ===>> H2,-0.133055637122484,H1,129.707857617347,AX,30.1297804537955,L1,0.389890471107815,L2,0.157415098...
check iteration duration=8.41617584229e-05
GetData ===>> H2,-0.095572050334792,H1,129.703237521154,AX,29.9440690500577,L1,0.382335752455338,L2,0.193155304...
check iteration duration=7.70092010498e-05
GetData ===>> H2,-0.18206003776715,H1,129.838489594868,AX,29.9189786985044,L1,0.362237202358816,L2,0.1914780798...
check iteration duration=4.29153442383e-05
GetData ===>> H2,-0.154332099235748,H1,129.556678097214,AX,29.8458050117894,L1,0.356135880044908,L2,0.145223359...
testing H1>-5.0
evaluate ot="H1.bs>-5.0" t="H1>-5.0", ctx="{'H1': None}"
check iteration duration=0.00279188156128
GetData ===>> H2,-0.141226970875668,H1,129.700072338457,AX,29.9018803268881,L1,0.367290844935663,L2,0.166311827...
check iteration duration=4.31537628174e-05
GetData ===>> H2,-0.159187307216026,H1,129.585557179728,AX,30.0105219936379,L1,0.356124887229029,L2,0.015205661...
check iteration duration=4.00543212891e-05
GetData ===>> H2,-0.152982160287706,H1,129.532761394473,AX,29.9735824769399,L1,0.354211095577884,L2,0.136647874...
check iteration duration=6.60419464111e-05
GetData ===>> H2,-0.287878831832941,H1,129.508160485542,AX,29.8200469769826,L1,0.390524053504494,L2,0.139327631...
check iteration duration=0.000113964080811
GetData ===>> H2,-0.330610831848233,H1,129.423735768638,AX,29.8865769503357,L1,0.386813627052797,L2,0.180457048...
testing H1>-5.0
evaluate ot="H1.bs>-5.0" t="H1>-5.0", ctx="{'H1': None}"
check iteration duration=0.000585079193115
GetData ===>> H2,-0.31902300509765,H1,129.424167799958,AX,29.9452066121531,L1,0.387368760448526,L2,0.1964071505...
check iteration duration=7.67707824707e-05
GetData ===>> H2,-0.263308175950699,H1,129.478946762523,AX,29.8668220913064,L1,0.360069622216953,L2,0.166346047...
check iteration duration=5.69820404053e-05
GetData ===>> H2,-0.177336890651528,H1,129.478141346524,AX,29.8825374209073,L1,0.359532003166326,L2,0.288142550...
check iteration duration=8.39233398438e-05
GetData ===>> H2,-0.206524362196381,H1,129.139766853142,AX,30.0260967309497,L1,0.377048561302414,L2,0.024633473...
check iteration duration=6.41345977783e-05
GetData ===>> H2,-0.170819722800357,H1,129.125714776066,AX,29.8285163694765,L1,0.340164549423966,L2,0.146922582...
testing H1>-5.0
evaluate ot="H1.bs>-5.0" t="H1>-5.0", ctx="{'H1': None}"
check iteration duration=0.00102090835571
GetData ===>> H2,-0.130906372296167,H1,129.243003250461,AX,29.8504353943408,L1,0.360420311656793,L2,0.139954819...
check iteration duration=7.5101852417e-05
GetData ===>> H2,-0.0913199168081237,H1,129.265831713243,AX,29.8857743832517,L1,0.349325037327651,L2,0.08900635...
check iteration duration=5.10215759277e-05
GetData ===>> H2,-0.0856791923077391,H1,129.209718230066,AX,29.9357183587198,L1,0.331093900449834,L2,0.18439298...
check iteration duration=8.48770141602e-05
GetData ===>> H2,-0.127813924572083,H1,129.01851885146,AX,29.876358024644,L1,0.353642034392111,L2,0.12721800946...
check iteration duration=3.19480895996e-05
GetData ===>> H2,-0.247151511930498,H1,128.870996447854,AX,29.8967834287549,L1,0.336337156261973,L2,0.201758674...
testing H1>-5.0
evaluate ot="H1.bs>-5.0" t="H1>-5.0", ctx="{'H1': None}"
check iteration duration=0.0184400081635
GetData ===>> H2,-0.384747097070531,H1,128.880799727355,AX,29.8456979531801,L1,0.367103945261667,L2,0.181449573...
check iteration duration=2.88486480713e-05
waiting for write to finish
measurement finished
estimated time: 125.829 actual time: :126.167
flush and close file /Users/jan/PychronDev/data/isotopes/f6/947f3b-d75b-4084-83e1-549cefd82114.h5
baselines () {'settling_time': 15.0, 'detector': 'H1', 'mass': 34.2, 'ncounts': 60}
%%%%%%%%%%%%%%%%%%%%%%%%%%%%%%%% Baseline
build tables- baseline [Detector(H2), Detector(H1), Detector(AX), Detector(L1), Detector(L2), Detector(CDD)]
add group baseline table H2
add group baseline table H1
add group baseline table AX
add group baseline table L1
add group baseline table L2
add group baseline table CDD
flush and close file /Users/jan/PychronDev/data/isotopes/f6/947f3b-d75b-4084-83e1-549cefd82114.h5
detector Detector(H1)
POSITION 34.2 H1
Mapping mass to dac mass func: "parabolic"
H1 map mass coeffs = [-0.00063987  0.15840543  0.57270999]
H1 map mass to dac 34.2 >> 5.24175599104
GetDeflection H1 ===>> 0
GetHighVoltage ===>> 4499.94659342336
positioning 34.2 (5.24172512283) on H1
setting magnet DAC
current  : 5.881065
requested: 5.241725
Delta Dac: 0.639340
Checking detector protection. dv=0.63934
Checking detector "CDD". Protection Threshold: 0.1 (V)
ProtectDetector CDD,On ===>> OK
GetDeflection CDD ===>> 2000
Protected = 2000
SetMagnetDAC 5.24172512283 ===>> OK
Magnet settling time: 0.500
GetMagnetMoving ===>> True
GetMagnetMoving ===>> True
GetMagnetMoving ===>> True
GetMagnetMoving ===>> True
GetMagnetMoving ===>> True
GetMagnetMoving ===>> True
GetMagnetMoving ===>> True
GetMagnetMoving ===>> True
GetMagnetMoving ===>> False
ProtectDetector CDD,Off ===>> OK
GetDeflection CDD ===>> 50
Delaying 15.0s for detectors to settle
Join finished
measuring baseline. ncounts=60
"baseline" increment series count="2" fit count="1" regressing="True"
starting measurement
check iteration duration=4.88758087158e-05
GetData ===>> H2,-0.124460958946412,H1,-0.068330038804709,AX,-0.0649886663537797,L1,-0.0258728973589825,L2,-0.0...
check iteration duration=3.31401824951e-05
GetData ===>> H2,-0.245806148090046,H1,-0.0272318370021506,AX,-0.10348152538622,L1,-0.0270626924843791,L2,-0.01...
check iteration duration=3.2901763916e-05
GetData ===>> H2,-0.174800422458227,H1,-0.0463344060219527,AX,-0.108788891143718,L1,-0.0396576181366153,L2,-0.0...
check iteration duration=3.91006469727e-05
GetData ===>> H2,-0.205935464183764,H1,-0.0450467069923242,AX,-0.0762912204342348,L1,-0.0538724763816461,L2,-0....
testing H1>-5.0
evaluate ot="H1.bs>-5.0" t="H1>-5.0", ctx="{'H1': None}"
check iteration duration=0.000557899475098
GetData ===>> H2,-0.225951525158179,H1,-0.00958077981316736,AX,-0.0909651933053614,L1,-0.0428935174602126,L2,0....
check iteration duration=4.41074371338e-05
GetData ===>> H2,-0.236128025894015,H1,-0.0244770459144615,AX,-0.131116055545266,L1,-0.0304180430382311,L2,0.06...
check iteration duration=8.29696655273e-05
GetData ===>> H2,-0.247432672718767,H1,-0.043270132058759,AX,-0.119344821319199,L1,-0.044350649226605,L2,-0.020...
check iteration duration=7.41481781006e-05
GetData ===>> H2,-0.204370760090434,H1,-0.0702134509254602,AX,-0.0324995554135665,L1,-0.0250940025672056,L2,-0....
check iteration duration=4.10079956055e-05
GetData ===>> H2,-0.081493770434934,H1,-0.00251948529228478,AX,-0.112844543171248,L1,-0.00623050001417527,L2,0....
testing H1>-5.0
evaluate ot="H1.bs>-5.0" t="H1>-5.0", ctx="{'H1': None}"
check iteration duration=0.00221800804138
GetData ===>> H2,-0.124550203926615,H1,-0.0484209202004536,AX,-0.0692779952979616,L1,-0.0143077348549141,L2,-0....
check iteration duration=4.10079956055e-05
GetData ===>> H2,-0.124250013476553,H1,-0.00389122844917085,AX,-0.0291363941444116,L1,-0.0414122228423903,L2,-0...
check iteration duration=6.91413879395e-05
GetData ===>> H2,-0.159823436617498,H1,-0.0281500838487545,AX,-0.0107877231064131,L1,-0.0710404854302725,L2,-0....
check iteration duration=4.10079956055e-05
GetData ===>> H2,-0.200201202275638,H1,0.00120220821926438,AX,-0.0887398990209361,L1,-0.020945671459278,L2,-0.0...
check iteration duration=4.19616699219e-05
GetData ===>> H2,-0.198258119076107,H1,-0.0162479976411721,AX,-0.108197910591978,L1,0.00229497056958646,L2,-0.1...
testing H1>-5.0
evaluate ot="H1.bs>-5.0" t="H1>-5.0", ctx="{'H1': None}"
check iteration duration=0.000610828399658
GetData ===>> H2,-0.271205183617478,H1,0.0405866810808454,AX,-0.0526065156862107,L1,-0.0467388346621749,L2,-0.0...
check iteration duration=7.89165496826e-05
GetData ===>> H2,-0.224961785005731,H1,-0.101630212138182,AX,-0.0596325361126273,L1,-0.0662536678391361,L2,0.10...
check iteration duration=8.9168548584e-05
GetData ===>> H2,-0.24590974680305,H1,-0.0318706861459848,AX,0.0185402173092748,L1,-0.0196760193646753,L2,0.132...
check iteration duration=6.79492950439e-05
GetData ===>> H2,-0.174227984917478,H1,-0.0329796850729423,AX,-0.0980348009834011,L1,-0.0284272489335824,L2,-0....
check iteration duration=7.89165496826e-05
GetData ===>> H2,-0.15844173431819,H1,0.00933793036221888,AX,-0.100398948603079,L1,-0.0279516519473224,L2,-0.11...
testing H1>-5.0
evaluate ot="H1.bs>-5.0" t="H1>-5.0", ctx="{'H1': None}"
check iteration duration=0.000598907470703
GetData ===>> H2,-0.138723739537668,H1,-0.0106184618579917,AX,-0.0715732882604783,L1,-0.0275598964776129,L2,0.0...
check iteration duration=4.19616699219e-05
GetData ===>> H2,-0.201429447039357,H1,-0.00460691306864978,AX,-0.0532094284255119,L1,-0.0726586879861265,L2,-0...
check iteration duration=3.60012054443e-05
GetData ===>> H2,-0.216171453697996,H1,-0.0125029603619485,AX,-0.0951954301186945,L1,-0.0436370761762025,L2,-0....
check iteration duration=7.79628753662e-05
GetData ===>> H2,-0.243331605413281,H1,0.00281259926351325,AX,-0.0331953673732421,L1,-0.0131379743316115,L2,-0....
check iteration duration=3.50475311279e-05
GetData ===>> H2,-0.307415725953969,H1,-0.0944562367090949,AX,-0.156449191547697,L1,-0.016167157830248,L2,0.065...
testing H1>-5.0
evaluate ot="H1.bs>-5.0" t="H1>-5.0", ctx="{'H1': None}"
check iteration duration=0.000568866729736
16:32:37 -- collecting point 25
GetData ===>> H2,-0.286987045986048,H1,-0.0240954238537093,AX,-0.0972815065850127,L1,-0.0386118957312205,L2,-0....
check iteration duration=6.79492950439e-05
GetData ===>> H2,-0.238786130370377,H1,-0.0449751676715458,AX,-0.14746407545172,L1,-0.0438226579358288,L2,-0.03...
check iteration duration=4.19616699219e-05
GetData ===>> H2,-0.203566086368979,H1,-0.0275180447151911,AX,-0.0142559102413918,L1,-0.0014316860699976,L2,0.0...
check iteration duration=4.19616699219e-05
GetData ===>> H2,-0.0282027122130646,H1,-0.000396228382437536,AX,-0.120793130720834,L1,-0.00116048480800451,L2,...
check iteration duration=4.10079956055e-05
GetData ===>> H2,-0.106378771523647,H1,-0.0150314722347165,AX,-0.123886647386073,L1,0.0164088059018261,L2,0.032...
testing H1>-5.0
evaluate ot="H1.bs>-5.0" t="H1>-5.0", ctx="{'H1': None}"
check iteration duration=0.000550985336304
GetData ===>> H2,-0.136241589011516,H1,-0.0250733274714364,AX,-0.0895164397870717,L1,-0.0260406514190941,L2,0.0...
check iteration duration=3.91006469727e-05
GetData ===>> H2,-0.117286613029509,H1,-0.0780566467793563,AX,0.033834159452284,L1,-0.0399798176609791,L2,-0.00...
check iteration duration=4.10079956055e-05
GetData ===>> H2,-0.127928827209781,H1,-0.0858396361352874,AX,-0.156228921207022,L1,-0.0267703490222851,L2,0.03...
check iteration duration=4.00543212891e-05
GetData ===>> H2,-0.205376184822788,H1,-0.0441047685056926,AX,-0.081681206953865,L1,-0.0261413025120808,L2,0.01...
check iteration duration=7.48634338379e-05
GetData ===>> H2,-0.248644678065614,H1,-0.00812562135445989,AX,-0.122925002930014,L1,-0.0283350064400592,L2,0.1...
testing H1>-5.0
evaluate ot="H1.bs>-5.0" t="H1>-5.0", ctx="{'H1': None}"
check iteration duration=0.00058388710022
GetData ===>> H2,-0.32979311353764,H1,-0.0465132517989407,AX,-0.0626932180644075,L1,-0.0256739853475151,L2,-0.0...
check iteration duration=7.9870223999e-05
GetData ===>> H2,-0.25551742083007,H1,-0.0502808618804139,AX,-0.114292949350155,L1,-0.0261580775963116,L2,0.006...
check iteration duration=8.70227813721e-05
GetData ===>> H2,-0.108843803413416,H1,-0.0953142807865291,AX,0.0239937753785157,L1,-0.0539119473879194,L2,0.03...
check iteration duration=4.19616699219e-05
GetData ===>> H2,-0.142049996997432,H1,-0.0136360278258916,AX,-0.0809046036513277,L1,-0.0305078710235158,L2,-0....
check iteration duration=8.79764556885e-05
GetData ===>> H2,-0.175394430825767,H1,-0.0697962424362818,AX,-0.0653944217832726,L1,-0.0202862876328602,L2,-0....
testing H1>-5.0
evaluate ot="H1.bs>-5.0" t="H1>-5.0", ctx="{'H1': None}"
check iteration duration=0.000545978546143
GetData ===>> H2,-0.148224166475981,H1,-0.0120378026368549,AX,-0.15040896623152,L1,-0.0370089622307536,L2,-0.12...
check iteration duration=4.19616699219e-05
GetData ===>> H2,-0.179681167344773,H1,-0.0441405384836056,AX,0.0342635384794233,L1,0.0265375599457409,L2,-0.03...
check iteration duration=3.91006469727e-05
GetData ===>> H2,-0.243596712866751,H1,-0.0176672585946889,AX,0.00636944161106362,L1,-0.0259675589226009,L2,0.0...
check iteration duration=5.00679016113e-05
GetData ===>> H2,-0.12009791696268,H1,-0.0428408877470197,AX,-0.0938046876250862,L1,-0.0302132322310622,L2,-0.0...
check iteration duration=7.89165496826e-05
GetData ===>> H2,-0.145607647739513,H1,-0.0503762425732244,AX,-0.152066877324012,L1,-0.0619526711846622,L2,0.01...
testing H1>-5.0
evaluate ot="H1.bs>-5.0" t="H1>-5.0", ctx="{'H1': None}"
check iteration duration=0.000591993331909
GetData ===>> H2,-0.23183296745424,H1,0.00872951770853905,AX,-0.0762332619673792,L1,-0.070251606706294,L2,-0.03...
check iteration duration=4.50611114502e-05
GetData ===>> H2,-0.184670417884597,H1,0.0418158309272389,AX,-0.0670869833256089,L1,-0.0410685121226434,L2,-0.0...
check iteration duration=3.71932983398e-05
GetData ===>> H2,-0.183552142679472,H1,-0.0175837732133253,AX,-0.0613715717585396,L1,-0.0312108970032812,L2,-0....
check iteration duration=7.70092010498e-05
GetData ===>> H2,-0.213977941605619,H1,-0.0283766629436187,AX,-0.16072697450778,L1,-0.046283985960942,L2,0.0643...
check iteration duration=3.91006469727e-05
GetData ===>> H2,-0.122832790990985,H1,-0.0518784764939049,AX,-0.0216210482787223,L1,-0.0362661111516372,L2,0.0...
testing H1>-5.0
evaluate ot="H1.bs>-5.0" t="H1>-5.0", ctx="{'H1': None}"
check iteration duration=0.000540018081665
16:33:04 -- collecting point 50
GetData ===>> H2,-0.21674366279242,H1,-0.0317872126111894,AX,-0.0759202856498774,L1,0.0204567832137619,L2,-0.03...
check iteration duration=8.58306884766e-05
GetData ===>> H2,-0.177282900439568,H1,-0.0542390842378502,AX,0.0154306656426849,L1,-0.00923459285466423,L2,-0....
check iteration duration=8.20159912109e-05
GetData ===>> H2,-0.186313232246676,H1,-0.0128011372539259,AX,-0.0710980047686948,L1,-0.0177874301767046,L2,-0....
check iteration duration=4.10079956055e-05
GetData ===>> H2,-0.182213844289649,H1,0.00331361509446921,AX,-0.0526528937218709,L1,-0.0366543175960352,L2,0.0...
check iteration duration=6.31809234619e-05
GetData ===>> H2,-0.183129894241959,H1,-0.0186213722934035,AX,-0.124871454145087,L1,-0.04594642703451,L2,-0.114...
testing H1>-5.0
evaluate ot="H1.bs>-5.0" t="H1>-5.0", ctx="{'H1': None}"
check iteration duration=0.00112199783325
GetData ===>> H2,-0.185696867610127,H1,-0.105300419263865,AX,-0.0834198485914931,L1,-0.0458973483739414,L2,-0.0...
check iteration duration=7.91549682617e-05
GetData ===>> H2,-0.209912961898491,H1,-0.0662200983157167,AX,0.0240053790192842,L1,-0.0130289016149838,L2,-0.0...
check iteration duration=7.31945037842e-05
GetData ===>> H2,-0.199433987226071,H1,-0.101606379184438,AX,-0.0845557443488196,L1,0.0265219473477814,L2,0.052...
check iteration duration=6.00814819336e-05
GetData ===>> H2,-0.18797064157075,H1,-0.0391922367630525,AX,-0.137944743780751,L1,0.0295440359997294,L2,0.0488...
check iteration duration=7.70092010498e-05
GetData ===>> H2,-0.159942284861207,H1,-0.000384299845612568,AX,-0.0291595887580319,L1,-0.00209045871406167,L2,...
testing H1>-5.0
evaluate ot="H1.bs>-5.0" t="H1>-5.0", ctx="{'H1': None}"
check iteration duration=0.000602006912231
GetData ===>> H2,-0.179216939226618,H1,-0.151060477497622,AX,-0.0522238960488904,L1,-0.0341362506432551,L2,0.05...
check iteration duration=2.8133392334e-05
waiting for write to finish
measurement finished
estimated time: 62.915 actual time: :63.112
flush and close file /Users/jan/PychronDev/data/isotopes/f6/947f3b-d75b-4084-83e1-549cefd82114.h5
activate_detectors ('H1', 'AX', 'CDD') {'peak_center': True}
peak_center () {'detector': 'H1', 'integration_time': 0.262144, 'isotope': 'Ar40'}
peak center: mean=129.171143796 threshold=3
peak center started
setup peak center. detector=['H1', 'AX', 'CDD'], isotope=Ar40
VersionedUnpickler [<apptools.sweet_pickle.versioned_unpickler.VersionedUnpickler object at 0x12d45f470>] using Updater [<apptools.sweet_pickle.updater.Updater object at 0x12e273d10>]
VersionedUnpickler [<apptools.sweet_pickle.versioned_unpickler.VersionedUnpickler object at 0x12d45f470>] using Updater [<apptools.sweet_pickle.updater.Updater object at 0x12e273d10>]
VersionedUnpickler [<apptools.sweet_pickle.versioned_unpickler.VersionedUnpickler object at 0x1a6398b90>] using Updater [<apptools.sweet_pickle.updater.Updater object at 0x12e273d10>]
setting integration time = 0.524288
SetIntegrationTime 0.524288 ===>> OK
Mapping mass to dac mass func: "parabolic"
H1 map mass coeffs = [-0.00063987  0.15840543  0.57270999]
H1 map mass to dac 39.9624 >> 5.8811
GetDeflection H1 ===>> 0
GetHighVoltage ===>> 4499.94659342336
do peak center. <pychron.spectrometer.jobs.peak_center.PeakCenter object at 0x16275af50>
doing pc
starting peak center. center dac= 5.88106536675 step_width=0.001
width = 0.001
get scan parameters. half-width=0.015,window=0.015, i=0, scalar=1
Scan parameters center=5.88107 width=0.03000 (5.86607 - 5.89607)
GetData ===>> H2,-0.29873979097131,H1,-0.0537979647990071,AX,-0.0604093092083904,L1,-0.00674383766546626,L2,-0....
Moving to starting dac 5.86606536675
setting magnet DAC
current  : 5.241725
requested: 5.866065
Delta Dac: 0.624340
Checking detector protection. dv=0.62434
Checking detector "CDD". Protection Threshold: 0.1 (V)
ProtectDetector CDD,On ===>> OK
GetDeflection CDD ===>> 2000
Protected = 2000
SetMagnetDAC 5.86606536675 ===>> OK
Magnet settling time: 0.500
GetMagnetMoving ===>> True
GetMagnetMoving ===>> True
GetMagnetMoving ===>> True
GetMagnetMoving ===>> True
GetMagnetMoving ===>> True
GetMagnetMoving ===>> True
GetMagnetMoving ===>> True
GetMagnetMoving ===>> True
GetMagnetMoving ===>> False
ProtectDetector CDD,Off ===>> OK
GetDeflection CDD ===>> 50
Wait until signal near baseline. tol= -0.0403484735993. timeout= 10
GetData ===>> H2,0.369246948981914,H1,0.211324239971167,AX,-0.111940726789044,L1,-0.0403091931146656,L2,-0.0568...
GetData ===>> H2,6.21495466390284,H1,3.56704808319124,AX,0.218404031130988,L1,-0.0140212999210013,L2,-0.0699120...
GetData ===>> H2,7.0647153356694,H1,4.38572521675027,AX,0.627909423843292,L1,-0.0603675551127108,L2,0.033961423...
GetData ===>> H2,3.79299434526476,H1,2.15123754358555,AX,0.292307956404076,L1,-0.0601452231213368,L2,0.01876726...
GetData ===>> H2,1.53131462300988,H1,1.13263712151526,AX,0.122758128184036,L1,-0.0451659282191401,L2,-0.1001967...
GetData ===>> H2,0.372046389094174,H1,0.631311106683641,AX,0.0150941902610925,L1,-0.0292593356972253,L2,-0.1630...
GetData ===>> H2,0.022004112435122,H1,0.31816409609815,AX,-0.039353086396395,L1,-0.000946878672028929,L2,-0.018...
GetData ===>> H2,0.0599804751821697,H1,0.214664990670488,AX,-0.0799541255022109,L1,0.00214731832245909,L2,-0.07...
GetData ===>> H2,-0.0842788051581814,H1,0.215070660838701,AX,-0.11849899865525,L1,-0.0306210601876178,L2,0.0028...
GetData ===>> H2,-0.145132161920771,H1,0.207482514351898,AX,-0.0511340015632187,L1,-0.0507908669591251,L2,-0.02...
GetData ===>> H2,-0.122796276241501,H1,0.0722808266657495,AX,-0.173635881076658,L1,-0.047796876711744,L2,-0.085...
GetData ===>> H2,-0.148913504480423,H1,0.0566861595095115,AX,-0.0993791272639122,L1,-0.053049530373638,L2,-0.16...
GetData ===>> H2,-0.149669082015515,H1,0.0710095911932164,AX,-0.00922177872120114,L1,-0.0733928703761744,L2,-0....
GetData ===>> H2,-0.159927428898903,H1,0.0677150204720036,AX,-0.0658581402023254,L1,-0.0686023224827332,L2,0.07...
GetData ===>> H2,-0.174142426346055,H1,0.135614523427541,AX,-0.157121262058665,L1,-0.0745545103621485,L2,-0.051...
GetData ===>> H2,-0.17281238268558,H1,0.0865315874897245,AX,-0.0659740694618811,L1,-0.0672191816180633,L2,0.165...
GetData ===>> H2,-0.246328168295052,H1,0.112941368002218,AX,-0.0033521629875199,L1,-0.053420342880731,L2,0.0711...
GetData ===>> H2,-0.177408868646895,H1,0.113418142835653,AX,-0.0928659252034722,L1,-0.0276676313404149,L2,-0.01...
GetData ===>> H2,-0.154969852312946,H1,0.125624351369624,AX,0.0097339461976521,L1,-0.0011484845834146,L2,0.1712...
GetData ===>> H2,-0.218900294163807,H1,0.124623004816971,AX,-0.00460499605699111,L1,-0.013532304290522,L2,0.043...
GetData ===>> H2,-0.218900294163807,H1,0.124623004816971,AX,-0.00460499605699111,L1,-0.013532304290522,L2,0.043...
Peak center failed to move to a baseline position
_do_sweep sm= 5.86606536675, em= 5.89606536675, stm= 0.001
calculated step values: start=5.86606536675, end=5.89606536675, width=0.001, nsteps=31.0
setting magnet DAC
current  : 5.866065
requested: 5.866065
Delta Dac: 0.000000
Checking detector protection. dv=0.00000
Checking detector "CDD". Protection Threshold: 0.1 (V)
SetMagnetDAC 5.86606536675 ===>> OK
GetData ===>> H2,-0.120432034330394,H1,0.0180469873619639,AX,-0.00984815949847583,L1,-0.0261834093301432,L2,0.0...
setting magnet DAC
current  : 5.866065
requested: 5.867100
Delta Dac: 0.001034
Checking detector protection. dv=0.00103
Checking detector "CDD". Protection Threshold: 0.1 (V)
SetMagnetDAC 5.86709984951 ===>> OK
Magnet settling time: 1.049
GetData ===>> H2,-0.171582020690382,H1,0.305265645652697,AX,-0.0127248194508284,L1,0.0286490862696756,L2,-0.085...
setting magnet DAC
current  : 5.867100
requested: 5.868134
Delta Dac: 0.001034
Checking detector protection. dv=0.00103
Checking detector "CDD". Protection Threshold: 0.1 (V)
SetMagnetDAC 5.86813433227 ===>> OK
Magnet settling time: 1.049
GetData ===>> H2,-0.291008925017931,H1,0.73786892426273,AX,0.170952112224197,L1,-0.0114633981035588,L2,-0.02359...
setting magnet DAC
current  : 5.868134
requested: 5.869169
Delta Dac: 0.001034
Checking detector protection. dv=0.00103
Checking detector "CDD". Protection Threshold: 0.1 (V)
SetMagnetDAC 5.86916881503 ===>> OK
Magnet settling time: 1.049
GetData ===>> H2,-0.166494566351106,H1,2.76867872935613,AX,0.534390377669373,L1,-0.0599993897865456,L2,-0.01354...
setting magnet DAC
current  : 5.869169
requested: 5.870203
Delta Dac: 0.001034
Checking detector protection. dv=0.00103
Checking detector "CDD". Protection Threshold: 0.1 (V)
SetMagnetDAC 5.87020329779 ===>> OK
Magnet settling time: 1.049
GetData ===>> H2,-0.126920347889477,H1,9.59466942737384,AX,1.33451353714837,L1,-0.0238441180880235,L2,0.0305442...
setting magnet DAC
current  : 5.870203
requested: 5.871238
Delta Dac: 0.001034
Checking detector protection. dv=0.00103
Checking detector "CDD". Protection Threshold: 0.1 (V)
SetMagnetDAC 5.87123778055 ===>> OK
Magnet settling time: 1.049
GetData ===>> H2,-0.216921378310599,H1,27.1538972263111,AX,4.23256174755859,L1,-0.00198366607591372,L2,-0.02374...
setting magnet DAC
current  : 5.871238
requested: 5.872272
Delta Dac: 0.001034
Checking detector protection. dv=0.00103
Checking detector "CDD". Protection Threshold: 0.1 (V)
SetMagnetDAC 5.87227226331 ===>> OK
Magnet settling time: 1.049
GetData ===>> H2,-0.322931537134797,H1,54.7716068963817,AX,9.71691838514124,L1,0.0391748745006034,L2,-0.2077969...
setting magnet DAC
current  : 5.872272
requested: 5.873307
Delta Dac: 0.001034
Checking detector protection. dv=0.00103
Checking detector "CDD". Protection Threshold: 0.1 (V)
SetMagnetDAC 5.87330674606 ===>> OK
Magnet settling time: 1.049
GetData ===>> H2,-0.256588766679889,H1,84.9469937756328,AX,16.2860623143719,L1,0.0858020517802856,L2,0.11368486...
setting magnet DAC
current  : 5.873307
requested: 5.874341
Delta Dac: 0.001034
Checking detector protection. dv=0.00103
Checking detector "CDD". Protection Threshold: 0.1 (V)
SetMagnetDAC 5.87434122882 ===>> OK
Magnet settling time: 1.049
GetData ===>> H2,-0.241233403518973,H1,114.66551923566,AX,24.8172606714161,L1,0.146287967396518,L2,0.0982728720...
setting magnet DAC
current  : 5.874341
requested: 5.875376
Delta Dac: 0.001034
Checking detector protection. dv=0.00103
Checking detector "CDD". Protection Threshold: 0.1 (V)
SetMagnetDAC 5.87537571158 ===>> OK
Magnet settling time: 1.049
GetData ===>> H2,-0.0715672161344982,H1,121.593196399653,AX,27.2127709605024,L1,0.237086410935554,L2,0.02951910...
setting magnet DAC
current  : 5.875376
requested: 5.876410
Delta Dac: 0.001034
Checking detector protection. dv=0.00103
Checking detector "CDD". Protection Threshold: 0.1 (V)
SetMagnetDAC 5.87641019434 ===>> OK
Magnet settling time: 1.049
GetData ===>> H2,-0.198591204226548,H1,123.785054283577,AX,27.964265948315,L1,0.307176791916384,L2,0.1274118425...
setting magnet DAC
current  : 5.876410
requested: 5.877445
Delta Dac: 0.001034
Checking detector protection. dv=0.00103
Checking detector "CDD". Protection Threshold: 0.1 (V)
SetMagnetDAC 5.8774446771 ===>> OK
Magnet settling time: 1.049
GetData ===>> H2,-0.173470679393896,H1,124.32504605939,AX,28.3197931681359,L1,0.306662832793378,L2,0.2743381439...
setting magnet DAC
current  : 5.877445
requested: 5.878479
Delta Dac: 0.001034
Checking detector protection. dv=0.00103
Checking detector "CDD". Protection Threshold: 0.1 (V)
SetMagnetDAC 5.87847915986 ===>> OK
Magnet settling time: 1.049
GetData ===>> H2,-0.089757480460856,H1,124.361674286294,AX,28.3683203146218,L1,0.321261353227752,L2,0.111176830...
setting magnet DAC
current  : 5.878479
requested: 5.879514
Delta Dac: 0.001034
Checking detector protection. dv=0.00103
Checking detector "CDD". Protection Threshold: 0.1 (V)
SetMagnetDAC 5.87951364262 ===>> OK
Magnet settling time: 1.049
GetData ===>> H2,-0.0911788506224511,H1,124.568841631592,AX,28.571518959905,L1,0.343651978455059,L2,0.174376628...
setting magnet DAC
current  : 5.879514
requested: 5.880548
Delta Dac: 0.001034
Checking detector protection. dv=0.00103
Checking detector "CDD". Protection Threshold: 0.1 (V)
SetMagnetDAC 5.88054812537 ===>> OK
Magnet settling time: 1.049
GetData ===>> H2,-0.109637913753653,H1,124.413091520103,AX,28.5372275725016,L1,0.369144538054111,L2,0.209586814...
setting magnet DAC
current  : 5.880548
requested: 5.881583
Delta Dac: 0.001034
Checking detector protection. dv=0.00103
Checking detector "CDD". Protection Threshold: 0.1 (V)
SetMagnetDAC 5.88158260813 ===>> OK
Magnet settling time: 1.049
GetData ===>> H2,-0.163862227752805,H1,124.369913875507,AX,28.472005925785,L1,0.372198993301935,L2,0.0904994190...
setting magnet DAC
current  : 5.881583
requested: 5.882617
Delta Dac: 0.001034
Checking detector protection. dv=0.00103
Checking detector "CDD". Protection Threshold: 0.1 (V)
SetMagnetDAC 5.88261709089 ===>> OK
Magnet settling time: 1.049
GetData ===>> H2,-0.0290993118135785,H1,124.330808558642,AX,28.6089109721693,L1,0.382765973873445,L2,0.09772574...
setting magnet DAC
current  : 5.882617
requested: 5.883652
Delta Dac: 0.001034
Checking detector protection. dv=0.00103
Checking detector "CDD". Protection Threshold: 0.1 (V)
SetMagnetDAC 5.88365157365 ===>> OK
Magnet settling time: 1.049
GetData ===>> H2,-0.0325627841190039,H1,124.348948231153,AX,28.4463214021029,L1,0.355145352531292,L2,0.03275400...
setting magnet DAC
current  : 5.883652
requested: 5.884686
Delta Dac: 0.001034
Checking detector protection. dv=0.00103
Checking detector "CDD". Protection Threshold: 0.1 (V)
SetMagnetDAC 5.88468605641 ===>> OK
Magnet settling time: 1.049
GetData ===>> H2,-0.208775906842386,H1,124.098150897959,AX,28.2679957524441,L1,0.370462896356125,L2,0.208765172...
setting magnet DAC
current  : 5.884686
requested: 5.885721
Delta Dac: 0.001034
Checking detector protection. dv=0.00103
Checking detector "CDD". Protection Threshold: 0.1 (V)
SetMagnetDAC 5.88572053917 ===>> OK
Magnet settling time: 1.049
GetData ===>> H2,-0.267444350271082,H1,123.30394014415,AX,28.1767451842003,L1,0.333767938876158,L2,0.1757227295...
setting magnet DAC
current  : 5.885721
requested: 5.886755
Delta Dac: 0.001034
Checking detector protection. dv=0.00103
Checking detector "CDD". Protection Threshold: 0.1 (V)
SetMagnetDAC 5.88675502193 ===>> OK
Magnet settling time: 1.049
GetData ===>> H2,-0.217782989698516,H1,120.492673294935,AX,26.8821300485365,L1,0.299049034926334,L2,0.202009712...
setting magnet DAC
current  : 5.886755
requested: 5.887790
Delta Dac: 0.001034
Checking detector protection. dv=0.00103
Checking detector "CDD". Protection Threshold: 0.1 (V)
SetMagnetDAC 5.88778950468 ===>> OK
Magnet settling time: 1.049
GetData ===>> H2,-0.263350550061509,H1,111.062710758244,AX,23.1706998282405,L1,0.256471812098977,L2,0.107574490...
setting magnet DAC
current  : 5.887790
requested: 5.888824
Delta Dac: 0.001034
Checking detector protection. dv=0.00103
Checking detector "CDD". Protection Threshold: 0.1 (V)
SetMagnetDAC 5.88882398744 ===>> OK
Magnet settling time: 1.049
GetData ===>> H2,-0.304478137665372,H1,89.2668187575166,AX,16.537062306382,L1,0.184516868235765,L2,0.0707380871...
setting magnet DAC
current  : 5.888824
requested: 5.889858
Delta Dac: 0.001034
Checking detector protection. dv=0.00103
Checking detector "CDD". Protection Threshold: 0.1 (V)
SetMagnetDAC 5.8898584702 ===>> OK
Magnet settling time: 1.049
GetData ===>> H2,-0.201959263379157,H1,57.4375994635726,AX,9.20411119614713,L1,0.173592967986106,L2,-0.00296051...
setting magnet DAC
current  : 5.889858
requested: 5.890893
Delta Dac: 0.001034
Checking detector protection. dv=0.00103
Checking detector "CDD". Protection Threshold: 0.1 (V)
SetMagnetDAC 5.89089295296 ===>> OK
Magnet settling time: 1.049
GetData ===>> H2,-0.251296915014724,H1,28.5122772154804,AX,3.86229159782011,L1,0.132832918549695,L2,0.010499192...
setting magnet DAC
current  : 5.890893
requested: 5.891927
Delta Dac: 0.001034
Checking detector protection. dv=0.00103
Checking detector "CDD". Protection Threshold: 0.1 (V)
SetMagnetDAC 5.89192743572 ===>> OK
Magnet settling time: 1.049
GetData ===>> H2,-0.305116445250831,H1,10.8147359179385,AX,1.15325304601471,L1,0.12391298098002,L2,0.0071739440...
setting magnet DAC
current  : 5.891927
requested: 5.892962
Delta Dac: 0.001034
Checking detector protection. dv=0.00103
Checking detector "CDD". Protection Threshold: 0.1 (V)
SetMagnetDAC 5.89296191848 ===>> OK
Magnet settling time: 1.049
GetData ===>> H2,-0.19770385443893,H1,3.20532510570224,AX,0.236393071790181,L1,0.0111360819665271,L2,0.03063535...
setting magnet DAC
current  : 5.892962
requested: 5.893996
Delta Dac: 0.001034
Checking detector protection. dv=0.00103
Checking detector "CDD". Protection Threshold: 0.1 (V)
SetMagnetDAC 5.89399640124 ===>> OK
Magnet settling time: 1.049
GetData ===>> H2,-0.273952689337685,H1,0.709740846210782,AX,-0.0161349432947743,L1,-0.032250579433287,L2,0.0363...
setting magnet DAC
current  : 5.893996
requested: 5.895031
Delta Dac: 0.001034
Checking detector protection. dv=0.00103
Checking detector "CDD". Protection Threshold: 0.1 (V)
SetMagnetDAC 5.89503088399 ===>> OK
Magnet settling time: 1.049
GetData ===>> H2,-0.273085664661943,H1,0.211491274860953,AX,-0.15830262526397,L1,-0.0294101156775118,L2,-0.0200...
setting magnet DAC
current  : 5.895031
requested: 5.896065
Delta Dac: 0.001034
Checking detector protection. dv=0.00103
Checking detector "CDD". Protection Threshold: 0.1 (V)
SetMagnetDAC 5.89606536675 ===>> OK
Magnet settling time: 1.049
GetData ===>> H2,-0.297972310260217,H1,0.0332717616022606,AX,-0.0777981284546697,L1,0.0151899781891421,L2,0.060...
result of _do_sweep=True
result of _calculate_peak_center=([5.8735503366934587, 5.8811254869940601, 5.8887006372946615], [91.944842957113949, 124.56603251134467, 91.865727723538313], 5.8795323006213147, 124.56603251134467)
Failed to find a valid peak. No peak greater than 1.0. max = 0.0154676982277
new center pos Detector(H1) (Ar40) @ 5.88112548699
GetHighVoltage ===>> 4499.94659342336
GetDeflection H1 ===>> 0
dac uncorrected for HV and deflection 5.88116012059
update mftable H1 Ar40 5.88116012059 message=automated run peakcenter
get initial guess parabolic
get initial guess parabolic
get initial guess parabolic
get initial guess parabolic
get initial guess parabolic
get initial guess parabolic
dump mftable to /Users/jan/PychronDev/setupfiles/spectrometer/mftables/mftable.csv
add to repo msg=modified - automated run peakcenter
sweep finished
locally archiving mftable
setting magnet DAC
current  : 5.896065
requested: 5.881125
Delta Dac: 0.014940
Checking detector protection. dv=0.01494
Checking detector "CDD". Protection Threshold: 0.1 (V)
SetMagnetDAC 5.88112548699 ===>> OK
Magnet settling time: 0.500
setting integration time = 1.048576
SetIntegrationTime 1.048576 ===>> OK
Failed to find a valid peak. No peak greater than 1.0. max = 0.0154676982277
flush and close file /Users/jan/PychronDev/data/isotopes/f6/947f3b-d75b-4084-83e1-549cefd82114.h5
finished measure script
executed snippet estimated_duration=226.132928, duration=274.585824013
jan_unknown120_60.py completed successfully
Measurement Finished
16:34:02 -- ******* Measurement Finished *******
Post Measurement Started jan_pump_ms.py
16:34:02 -- ******* Post Measurement Started jan_pump_ms.py *******
testing...
no interpolation path defined
executed snippet estimated_duration=0, duration=2.69412994385e-05
Pumping spectrometer
open () {'name': 'O'}
opening name=O desc=---
checking ownership. requestor=129.138.12.150
check software interlocks O
interlocks []
actuate state mode=None-script, software_lock=False
doing actuation None-script open_channel True
Open O ===>> OK
GetIndicatorState O ===>> OK
change switch state (True, True)
update switch state O True args=() kw={} ncanvase=6
16:34:02 -- OPEN   VALVE-O (Jan Ion Pump)
---------------------------------------- open O () result=[(True, True)], time=0.08 sec
action=open, ok=True, locked=[False]
executed snippet estimated_duration=0, duration=0.338639974594
jan_pump_ms.py completed successfully
setting _ms_pumptime
Post Measurement Finished
16:34:02 -- ******* Post Measurement Finished *******
$$$$$$$$$$$$$$$$$$$$ state at run end measurement
state changed from measurement to success
post measurement save measured=True aborted=False
Set filtering
setting fod for Ar40= {'filter_outliers': True, 'std_devs': 2, 'iterations': 1}
setting fod for H1= {'filter_outliers': True, 'std_devs': 2, 'iterations': 1}
setting fod for PM41= {'filter_outliers': False, 'std_devs': 2, 'iterations': 1}
setting fod for H2= {'filter_outliers': True, 'std_devs': 2, 'iterations': 1}
setting fod for Ar36= {'filter_outliers': True, 'std_devs': 2, 'iterations': 1}
setting fod for CDD= {'filter_outliers': True, 'std_devs': 10, 'iterations': 1}
setting fod for Ar37= {'filter_outliers': True, 'std_devs': 2, 'iterations': 1}
setting fod for L2= {'filter_outliers': True, 'std_devs': 2, 'iterations': 1}
setting fod for Ar38= {'filter_outliers': True, 'std_devs': 2, 'iterations': 1}
setting fod for L1= {'filter_outliers': True, 'std_devs': 2, 'iterations': 1}
setting fod for Ar39= {'filter_outliers': True, 'std_devs': 2, 'iterations': 1}
setting fod for AX= {'filter_outliers': True, 'std_devs': 2, 'iterations': 1}
persistence save...
persistence save - db
post measurement save
7161950384 connecting to database sqlite:////Users/jan/PychronDev/.appdata/local_lab.db
connected to db sqlite:////Users/jan/PychronDev/.appdata/local_lab.db
create new session 7161950384
close session 7161950384
No database instance. Not saving post measurement to isotopedb database
$$$$$$$$$$$$$$$ auto_save_detector_ic=False
massspec enabled True
create new session 4997822608
MassSpec Database Version: 16.0
close session 4997822608
saving post measurement to secondary database
saving to massspec database 129.138.12.160/massspecdata
setting labnumber to 65476
setting aliquot to 3
setting step to 
setting uuid to f6947f3b-d75b-4084-83e1-549cefd82114
setting irradpos to 65476
setting extract_device to Fusions CO2
setting tray to 
setting position to 3
setting power_requested to 5.0
setting extract_value to 5.0
setting duration to 30.0
setting duration_at_request to 30.0
setting first_stage_delay to 30.0
setting cleanup to 30.0
setting comment to P:9
setting irradiation to NM-288
setting level to P
setting irradiation_level to P
setting sample to F13114
setting material to Sanidine
setting project to IR960
setting mass_spectrometer to Jan
no attribute chron_dosages
no attribute production_ratios
no attribute interference_corrections
no attribute production_name
no attribute j
Reference Isotope=Ar40
Reference Detector=H1
%%%%%%%%%%%%%%%%%%%% Comment: P:9 %%%%%%%%%%%%%%%%%%%
adding isotope PM41 H2
add baseline dbdet= PM41. original det= H2
get baseline data PM41 H2
Get data baseline <pychron.processing.isotope.Baseline object at 0x1addc05d0> len t=60
baseline PM41. v=-0.186364878431, e=0.00620959041578
get signal data PM41 H2
Get data signal PM41 0.00+/-0.08 len t=120
adding isotope Ar40 H1
add baseline dbdet= Ar40. original det= H1
get baseline data Ar40 H1
Get data baseline <pychron.processing.isotope.Baseline object at 0x1addc0dd0> len t=60
baseline Ar40. v=-0.0354525312624, e=0.00402025548933
get signal data Ar40 H1
Get data signal Ar40 134.326+/-0.022 len t=120
adding isotope Ar39 AX
add baseline dbdet= Ar39. original det= AX
get baseline data Ar39 AX
Get data baseline <pychron.processing.isotope.Baseline object at 0x1aabd2650> len t=60
baseline Ar39. v=-0.0784638152988, e=0.0062448896223
get signal data Ar39 AX
Get data signal Ar39 31.310+/-0.015 len t=120
adding isotope Ar38 L1
add baseline dbdet= Ar38. original det= L1
get baseline data Ar38 L1
Get data baseline <pychron.processing.isotope.Baseline object at 0x1aabd2c50> len t=60
baseline Ar38. v=-0.0314373970615, e=0.00249520688065
get signal data Ar38 L1
Get data signal Ar38 0.414+/-0.004 len t=120
adding isotope Ar37 L2
add baseline dbdet= Ar37. original det= L2
get baseline data Ar37 L2
Get data baseline <pychron.processing.isotope.Baseline object at 0x1aabd24d0> len t=60
baseline Ar37. v=-0.00564918420776, e=0.00722357022696
get signal data Ar37 L2
Get data signal Ar37 0.145+/-0.010 len t=120
adding isotope Ar36 CDD
add baseline dbdet= Ar36. original det= CDD
get baseline data Ar36 CDD
Get data baseline <pychron.processing.isotope.Baseline object at 0x1aabd2f90> len t=60
baseline Ar36. v=4.21785332211e-05, e=9.42282935489e-06
get signal data Ar36 CDD
Get data signal Ar36 0.00581+/-0.00020 len t=120
65476-03 added analysis time 0.490832090378s
analysis added to mass spec database
mass spec save time= 0.505
persistence save - dvc
================= post measurement started
create new session 4992585168
close session 4992585168
---------------- Experiment Queue saving disabled
DVC saving peakcenter
Failed to find a valid peak. No peak greater than 1.0. max = 0.0154676982277
Smart pull ahead: 0 behind: 0
Up-to-date with origin
add to repo msg=modified - ad8224ebc6dbfeb9f5997218dfa5fe690569839d.json
add to repo msg=modified - 76-03.json
add to repo msg=modified - 76-03.dat.json
add to repo msg=modified - 76-03.blan.json
add to repo msg=modified - 76-03.inte.json
add to repo msg=modified - 76-03.icfa.json
add to repo msg=modified - 76-03.base.json
not at valid file /Users/jan/PychronDev/data/.dvc/repositories/Load1794/654/tags/76-03.tags.json
add to repo msg=modified - 76-03.peak.json
add to repo msg=modified - 76-03.extr.json
not at valid file /Users/jan/PychronDev/data/.dvc/repositories/Load1794/654/monitor/76-03.moni.json
commit message=<COLLECTION>
add to repo msg=modified - 76-03.inte.json
add to repo msg=modified - 76-03.base.json
commit message=<ISOEVO> default collection fits
add to repo msg=modified - 76-03.blan.json
commit message=<BLANKS> preceding ba-01-J-2329
add to repo msg=modified - 76-03.icfa.json
commit message=<ICFactor> default
push repository <pychron.git_archive.repo_manager.GitRepoManager object at 0x19e66ead0>
pushing to remote=origin, url=https://github.com
no changes to meta repo
create new session 4992585168
add association Load1794
get identifier "65476"
setting analysis irradiation position=<pychron.dvc.dvc_orm.IrradiationPositionTbl object at 0x12f9742d0>
close session 4992585168
================= post measurement finished
16:34:14 -- ******* Post Run Check *******
loading queue conditionals post_run_actions
loading system conditionals post_run_actions
loading conditionals from /Users/jan/PychronDev/setupfiles/spectrometer/default_conditionals.yaml
loading queue conditionals post_run_terminations
loading system conditionals post_run_terminations
loading conditionals from /Users/jan/PychronDev/setupfiles/spectrometer/default_conditionals.yaml
Checking default post run terminations n=1
GetDeflection CDD ===>> 50
testing CDD==2000
evaluate ot="CDD.deflection==2000" t="CDD==2000", ctx="{'CDD': 50.0}"
16:34:14 -- ******* Post Run Check Passed *******
16:34:14 -- Automated run 65476-03 success duration: 363.392 s
----------------- finish -----------------
----------------- stop -----------------
retroactive repository identifiers disabled
finish run. runs completed=17
update duration runid=65476-03, duration=363.39242816, md5=301e91d8
loading script "jan_unknown120_60.py"
loading script "jan_pump_ms.py"
loading script "jan_co2.py"
loading script "jan_pump_extraction_line.py"
testing...
no interpolation path defined
executed snippet estimated_duration=213.652928, duration=0.000342845916748
script duration name:unknown120_60 seconds:214.0
loading script "jan_unknown120_60.py"
loading script "jan_pump_ms.py"
loading script "jan_co2.py"
loading script "jan_pump_extraction_line.py"
testing...
no interpolation path defined
executed snippet estimated_duration=0, duration=4.10079956055e-05
loading script "jan_unknown120_60.py"
loading script "jan_pump_ms.py"
loading script "jan_co2.py"
loading script "jan_pump_extraction_line.py"
testing...
no interpolation path defined
calculate duration
testing...
no interpolation path defined
executed snippet estimated_duration=0, duration=5.19752502441e-05
calculate duration
testing...
no interpolation path defined
executed snippet estimated_duration=0, duration=9.48905944824e-05
executed snippet estimated_duration=0.0, duration=0.00301289558411
script duration name:co2 seconds:0.0
loading script "jan_unknown120_60.py"
loading script "jan_pump_ms.py"
loading script "jan_co2.py"
loading script "jan_pump_extraction_line.py"
testing...
no interpolation path defined
calculate duration
testing...
no interpolation path defined
executed snippet estimated_duration=4.0, duration=0.000154972076416
executed snippet estimated_duration=4.0, duration=0.00158286094666
Script duration 214.0
Run total estimated duration= 215.000
unknown120_60 in script context. using previous estimated duration
script duration name:unknown120_60 seconds:214.0
pump_ms in script context. using previous estimated duration
co2 in script context. using previous estimated duration
script duration name:co2 seconds:0.0
pump_extraction_line in script context. using previous estimated duration
Script duration 214.0
Run total estimated duration= 215.000
script duration name:unknown120_60 seconds:214.0
script duration name:co2 seconds:0.0
Script duration 214.0
Run total estimated duration= 215.000
script duration name:unknown120_60 seconds:214.0
script duration name:co2 seconds:0.0
Script duration 214.0
Run total estimated duration= 215.000
script duration name:unknown120_60 seconds:214.0
script duration name:co2 seconds:0.0
Script duration 214.0
Run total estimated duration= 215.000
script duration name:unknown120_60 seconds:214.0
script duration name:co2 seconds:0.0
Script duration 214.0
Run total estimated duration= 215.000
script duration name:unknown120_60 seconds:214.0
script duration name:co2 seconds:0.0
Script duration 214.0
Run total estimated duration= 215.000
script duration name:unknown120_60 seconds:214.0
script duration name:co2 seconds:0.0
Script duration 214.0
Run total estimated duration= 215.000
script duration name:unknown120_60 seconds:214.0
script duration name:co2 seconds:0.0
Script duration 214.0
Run total estimated duration= 215.000
script duration name:unknown120_60 seconds:214.0
script duration name:co2 seconds:0.0
Script duration 214.0
Run total estimated duration= 215.000
script duration name:unknown120_60 seconds:214.0
script duration name:co2 seconds:0.0
Script duration 214.0
Run total estimated duration= 215.000
script duration name:unknown120_60 seconds:214.0
script duration name:co2 seconds:0.0
Script duration 214.0
Run total estimated duration= 215.000
script duration name:unknown120_60 seconds:214.0
script duration name:co2 seconds:0.0
Script duration 214.0
Run total estimated duration= 215.000
script duration name:unknown120_60 seconds:214.0
script duration name:co2 seconds:0.0
Script duration 214.0
Run total estimated duration= 215.000
script duration name:unknown120_60 seconds:214.0
script duration name:co2 seconds:0.0
Script duration 214.0
Run total estimated duration= 215.000
script duration name:unknown120_60 seconds:214.0
script duration name:co2 seconds:0.0
Script duration 214.0
Run total estimated duration= 215.000
script duration name:unknown120_60 seconds:214.0
script duration name:co2 seconds:0.0
Script duration 214.0
Run total estimated duration= 215.000
script duration name:unknown120_60 seconds:214.0
script duration name:co2 seconds:0.0
Script duration 214.0
Run total estimated duration= 215.000
script duration name:unknown120_60 seconds:214.0
script duration name:co2 seconds:0.0
Script duration 214.0
Run total estimated duration= 215.000
script duration name:unknown120_60 seconds:214.0
script duration name:co2 seconds:0.0
Script duration 214.0
Run total estimated duration= 215.000
script duration name:unknown120_60 seconds:214.0
script duration name:co2 seconds:0.0
Script duration 214.0
Run total estimated duration= 215.000
script duration name:unknown120_60 seconds:214.0
script duration name:co2 seconds:0.0
Script duration 214.0
Run total estimated duration= 215.000
script duration name:unknown120_60 seconds:214.0
script duration name:co2 seconds:0.0
Script duration 214.0
Run total estimated duration= 215.000
script duration name:unknown120_60 seconds:214.0
script duration name:co2 seconds:0.0
Script duration 214.0
Run total estimated duration= 215.000
script duration name:unknown120_60 seconds:214.0
script duration name:co2 seconds:0.0
Script duration 214.0
Run total estimated duration= 215.000
script duration name:unknown120_60 seconds:214.0
script duration name:co2 seconds:0.0
Script duration 214.0
Run total estimated duration= 215.000
script duration name:unknown120_60 seconds:214.0
script duration name:co2 seconds:0.0
Script duration 214.0
Run total estimated duration= 215.000
nruns=27 before=0.0, run_dur=5805.0, btw=0.0
write rem/ex queues
/Users/jan/PychronDev/experiments/rem/Load1794.rem.txt
/Users/jan/PychronDev/experiments/rem/Load1794.ex.txt
doing event level: 3
